Started at: 
Sat Dec  9 09:59:42 CET 2023
Instance 2
Computing answer sets
Answer set generation time: 3.1699304580688477 s
number of sums: 2943
number of prods: 38272
Starting optimization
     fun: 0.1000000000000002
     jac: array([1., 1.])
 message: 'Optimization terminated successfully'
    nfev: 2
     nit: 2
    njev: 2
  status: 0
 success: True
       x: array([0.05, 0.05])
Optimization time: 12.795008420944214 s
Target equation: 0.0125928
Sum of optimizable facts = 0.1000000000000002
Optimal probabilities
[0.05 0.05]

real	0m17.442s
user	0m16.846s
sys	0m0.399s
Ended at: 
Sat Dec  9 10:00:00 CET 2023
