Started at: 
Sat Dec  9 09:59:43 CET 2023
Instance 2
Computing answer sets
Answer set generation time: 2.508139133453369 s
number of sums: 2943
number of prods: 38272
Starting optimization
     fun: 0.09999999999999998
   maxcv: 1.3877787807814457e-17
 message: 'Optimization terminated successfully.'
    nfev: 14
  status: 1
 success: True
       x: array([0.05, 0.05])
Optimization time: 9.131713390350342 s
Target equation: 0.012592799999999996
Sum of optimizable facts = 0.09999999999999998
Optimal probabilities
[0.05 0.05]

real	0m13.037s
user	0m12.708s
sys	0m0.203s
Ended at: 
Sat Dec  9 09:59:56 CET 2023
