Started at: 
Sat Dec  9 09:59:43 CET 2023
Instance 1
Computing answer sets
Answer set generation time: 0.1265869140625 s
number of sums: 183
number of prods: 1656
Starting optimization
     fun: 0.1000000000000002
     jac: array([1., 1.])
 message: 'Optimization terminated successfully'
    nfev: 2
     nit: 2
    njev: 2
  status: 0
 success: True
       x: array([0.05, 0.05])
Optimization time: 1.6727025508880615 s
Target equation: 0.012592800000000003
Sum of optimizable facts = 0.1000000000000002
Optimal probabilities
[0.05 0.05]

real	0m3.014s
user	0m2.739s
sys	0m0.157s
Ended at: 
Sat Dec  9 09:59:46 CET 2023
