Started at: 
Sat Dec  9 09:59:42 CET 2023
Computing answer sets
Answer set generation time: 2.4518799781799316 s
number of sums: 2943
number of prods: 38272
Starting optimization
     fun: 0.09999999999999998
   maxcv: 1.3877787807814457e-17
 message: 'Optimization terminated successfully.'
    nfev: 14
  status: 1
 success: True
       x: array([0.05, 0.05])
Optimization time: 9.237115383148193 s
Target equation: 0.012592799999999996
Sum of optimizable facts = 0.09999999999999998
Optimal probabilities
[0.05 0.05]

real	0m13.046s
user	0m12.752s
sys	0m0.198s
Ended at: 
Sat Dec  9 09:59:55 CET 2023
