Started at: 
Sat Dec  9 09:59:44 CET 2023
Computing answer sets
Instance 1
Answer set generation time: 0.1309661865234375 s
number of sums: 183
number of prods: 1656
Starting optimization
     fun: 0.09999999999999998
   maxcv: 1.3877787807814457e-17
 message: 'Optimization terminated successfully.'
    nfev: 14
  status: 1
 success: True
       x: array([0.05, 0.05])
Optimization time: 1.055469036102295 s
Target equation: 0.012592799999999998
Sum of optimizable facts = 0.09999999999999998
Optimal probabilities
[0.05 0.05]

real	0m2.406s
user	0m2.119s
sys	0m0.159s
Ended at: 
Sat Dec  9 09:59:46 CET 2023
