Started at: 
Sat Dec  9 09:59:42 CET 2023
Instance 1
Computing answer sets
Answer set generation time: 0.11368727684020996 s
number of sums: 183
number of prods: 1656
Starting optimization
     fun: 0.1000000000000002
     jac: array([1., 1.])
 message: 'Optimization terminated successfully'
    nfev: 2
     nit: 2
    njev: 2
  status: 0
 success: True
       x: array([0.05, 0.05])
Optimization time: 1.709557294845581 s
Target equation: 0.012592800000000003
Sum of optimizable facts = 0.1000000000000002
Optimal probabilities
[0.05 0.05]

real	0m3.005s
user	0m2.771s
sys	0m0.146s
Ended at: 
Sat Dec  9 09:59:45 CET 2023
