Started at: 
Sat Dec  9 09:59:43 CET 2023
Computing answer sets
Answer set generation time: 2.4918816089630127 s
number of sums: 2943
number of prods: 38272
Starting optimization
     fun: 0.1000000000000002
     jac: array([1., 1.])
 message: 'Optimization terminated successfully'
    nfev: 2
     nit: 2
    njev: 2
  status: 0
 success: True
       x: array([0.05, 0.05])
Optimization time: 11.21431016921997 s
Target equation: 0.0125928
Sum of optimizable facts = 0.1000000000000002
Optimal probabilities
[0.05 0.05]

real	0m15.043s
user	0m14.712s
sys	0m0.216s
Ended at: 
Sat Dec  9 09:59:58 CET 2023
