Started at: 
Sat Dec  9 09:59:41 CET 2023
Computing answer sets
Answer set generation time: 0.11790037155151367 s
number of sums: 183
number of prods: 1656
Starting optimization
     fun: 0.09999999999999998
   maxcv: 1.3877787807814457e-17
 message: 'Optimization terminated successfully.'
    nfev: 14
  status: 1
 success: True
       x: array([0.05, 0.05])
Optimization time: 1.0230896472930908 s
Target equation: 0.012592799999999998
Sum of optimizable facts = 0.09999999999999998
Optimal probabilities
[0.05 0.05]

real	0m2.554s
user	0m2.084s
sys	0m0.210s
Ended at: 
Sat Dec  9 09:59:44 CET 2023
