Started at: 
Wed Dec 13 12:28:22 CET 2023
Instance 3
[INFO] aspmc: Tree Decomposition #bags: 67 unfolded treewidth: 6 #vertices: 76
[INFO] aspmc: Preprocessing disabled
[INFO] aspmc:    Stats Compilation
[INFO] aspmc: ------------------------------------------------------------
[INFO] aspmc: X/D-Constrained Tree Decomposition #bags: 67 treewidth: 12 #vertices: 84
[INFO] aspmc: Dtree time:               1.035184383392334
[INFO] aspmc: Compilation time:         0.0182497501373291
[INFO] aspmc: Preparation time:         0.00012636184692382812
[INFO] aspmc: Counting time:            0.18793725967407227
[INFO] aspmc: ------------------------------------------------------------
[0.1::asthma_f(1)., 0.1::asthma_f(2)., 0.3::stress(1)., 0.3::stress(2)., 0.4::stress_fact(1)., 0.4::stress_fact(2)., smokes(X):-influences(Y,X),smokes(Y)., 0.4::asthma_fact(1)., 0.4::asthma_fact(2)., asthma_rule(X):-smokes(X),asthma_fact(X)., asthma(X):-asthma_f(X)., asthma(X):-asthma_rule(X)., asthma_and_stress(X):-stress(X),stress_fact(X),asthma(X)., smokes(X):-asthma_and_stress(X),not no_smokes(X)., no_smokes(X):-asthma_and_stress(X),not smokes(X)., 0.5::influences(1,2)., 0.5::influences(2,1)., qr:-smokes(1)., query(qr).]
tracc
nnf_construction_time: 2.363551616668701
Pre simplification
number of sums: 181
number of prods: 213
0.011856*v_19 + 0.012
Post simplification
symp_time: 0.30907487869262695
number of sums: 1
number of subs: 0
number of prods: 1
opt_time: 0.0019118785858154297
     fun: 0.09999999999999998
   maxcv: 1.3877787807814457e-17
 message: 'Optimization terminated successfully.'
    nfev: 14
  status: 1
 success: True
       x: array([0.05, 0.05])

real	0m4.156s
user	0m3.470s
sys	0m0.304s
Ended at: 
Wed Dec 13 12:28:27 CET 2023
