Started at: 
Sat Dec  9 10:36:47 CET 2023
Instance 3
[INFO] aspmc: Tree Decomposition #bags: 67 unfolded treewidth: 6 #vertices: 76
[INFO] aspmc: Preprocessing disabled
[INFO] aspmc:    Stats Compilation
[INFO] aspmc: ------------------------------------------------------------
[INFO] aspmc: X/D-Constrained Tree Decomposition #bags: 67 treewidth: 12 #vertices: 84
[INFO] aspmc: Dtree time:               1.0421741008758545
[INFO] aspmc: Compilation time:         0.018998146057128906
[INFO] aspmc: Preparation time:         0.00013518333435058594
[INFO] aspmc: Counting time:            0.19279026985168457
[INFO] aspmc: ------------------------------------------------------------
[0.1::asthma_f(1)., 0.1::asthma_f(2)., 0.3::stress(1)., 0.3::stress(2)., 0.4::stress_fact(1)., 0.4::stress_fact(2)., smokes(X):-influences(Y,X),smokes(Y)., 0.4::asthma_fact(1)., 0.4::asthma_fact(2)., asthma_rule(X):-smokes(X),asthma_fact(X)., asthma(X):-asthma_f(X)., asthma(X):-asthma_rule(X)., asthma_and_stress(X):-stress(X),stress_fact(X),asthma(X)., smokes(X):-asthma_and_stress(X),not no_smokes(X)., no_smokes(X):-asthma_and_stress(X),not smokes(X)., 0.5::influences(1,2)., 0.5::influences(2,1)., qr:-smokes(1)., query(qr).]
tracc
nnf_construction_time: 2.4203858375549316
Pre simplification
number of sums: 181
number of prods: 213
0.011856*v_19 + 0.012
Post simplification
symp_time: 0.31949591636657715
number of sums: 1
number of prods: 1
opt_time: 0.0027506351470947266
     fun: 0.09999999999999998
   maxcv: 1.3877787807814457e-17
 message: 'Optimization terminated successfully.'
    nfev: 14
  status: 1
 success: True
       x: array([0.05, 0.05])

real	0m4.250s
user	0m3.567s
sys	0m0.299s
Ended at: 
Sat Dec  9 10:36:51 CET 2023
