Started at: 
Sat Dec  9 10:36:48 CET 2023
Instance 3
[INFO] aspmc: Tree Decomposition #bags: 89 unfolded treewidth: 6 #vertices: 100
[INFO] aspmc: Preprocessing disabled
[INFO] aspmc:    Stats Compilation
[INFO] aspmc: ------------------------------------------------------------
[INFO] aspmc: X/D-Constrained Tree Decomposition #bags: 85 treewidth: 14 #vertices: 110
[INFO] aspmc: Dtree time:               1.0645227432250977
[INFO] aspmc: Compilation time:         0.023385047912597656
[INFO] aspmc: Preparation time:         0.0001583099365234375
[INFO] aspmc: Counting time:            0.24607443809509277
[INFO] aspmc: ------------------------------------------------------------
[0.1::asthma_f(1)., 0.1::asthma_f(2)., 0.1::asthma_f(3)., 0.3::stress(1)., 0.3::stress(2)., 0.3::stress(3)., 0.4::stress_fact(1)., 0.4::stress_fact(2)., 0.4::stress_fact(3)., smokes(X):-influences(Y,X),smokes(Y)., 0.4::asthma_fact(1)., 0.4::asthma_fact(2)., 0.4::asthma_fact(3)., asthma_rule(X):-smokes(X),asthma_fact(X)., asthma(X):-asthma_f(X)., asthma(X):-asthma_rule(X)., asthma_and_stress(X):-stress(X),stress_fact(X),asthma(X)., smokes(X):-asthma_and_stress(X),not no_smokes(X)., no_smokes(X):-asthma_and_stress(X),not smokes(X)., 0.5::influences(1,2)., 0.5::influences(2,1)., person(3)., qr:-smokes(1)., query(qr).]
tracc
nnf_construction_time: 2.4755823612213135
Pre simplification
number of sums: 1207
number of prods: 1419
0.011856*v_29 + 0.012
Post simplification
symp_time: 0.5622055530548096
number of sums: 1
number of prods: 1
opt_time: 0.002389192581176758
     fun: 0.09999999999999998
   maxcv: 1.3877787807814457e-17
 message: 'Optimization terminated successfully.'
    nfev: 14
  status: 1
 success: True
       x: array([0.05, 0.05])

real	0m4.288s
user	0m3.866s
sys	0m0.252s
Ended at: 
Sat Dec  9 10:36:52 CET 2023
