Started at: 
Wed Dec 13 12:28:26 CET 2023
Instance 3
[INFO] aspmc: Tree Decomposition #bags: 89 unfolded treewidth: 6 #vertices: 100
[INFO] aspmc: Preprocessing disabled
[INFO] aspmc:    Stats Compilation
[INFO] aspmc: ------------------------------------------------------------
[INFO] aspmc: X/D-Constrained Tree Decomposition #bags: 85 treewidth: 14 #vertices: 110
[INFO] aspmc: Dtree time:               1.0634269714355469
[INFO] aspmc: Compilation time:         0.021710872650146484
[INFO] aspmc: Preparation time:         0.0001590251922607422
[INFO] aspmc: Counting time:            0.3081512451171875
[INFO] aspmc: ------------------------------------------------------------
[0.1::asthma_f(1)., 0.1::asthma_f(2)., 0.1::asthma_f(3)., 0.3::stress(1)., 0.3::stress(2)., 0.3::stress(3)., 0.4::stress_fact(1)., 0.4::stress_fact(2)., 0.4::stress_fact(3)., smokes(X):-influences(Y,X),smokes(Y)., 0.4::asthma_fact(1)., 0.4::asthma_fact(2)., 0.4::asthma_fact(3)., asthma_rule(X):-smokes(X),asthma_fact(X)., asthma(X):-asthma_f(X)., asthma(X):-asthma_rule(X)., asthma_and_stress(X):-stress(X),stress_fact(X),asthma(X)., smokes(X):-asthma_and_stress(X),not no_smokes(X)., no_smokes(X):-asthma_and_stress(X),not smokes(X)., 0.5::influences(1,2)., 0.5::influences(2,1)., person(3)., qr:-smokes(1)., query(qr).]
tracc
nnf_construction_time: 2.5319130420684814
Pre simplification
number of sums: 1207
number of prods: 1419
0.011856*v_29 + 0.012
Post simplification
symp_time: 0.5821187496185303
number of sums: 1
number of subs: 0
number of prods: 1
opt_time: 0.02074885368347168
     fun: 0.1000000000000002
     jac: array([1., 1.])
 message: 'Optimization terminated successfully'
    nfev: 2
     nit: 2
    njev: 2
  status: 0
 success: True
       x: array([0.05, 0.05])

real	0m4.431s
user	0m3.870s
sys	0m0.347s
Ended at: 
Wed Dec 13 12:28:31 CET 2023
