Started at: 
Wed Dec 13 12:28:25 CET 2023
Instance 3
[INFO] aspmc: Tree Decomposition #bags: 108 unfolded treewidth: 6 #vertices: 124
[INFO] aspmc: Preprocessing disabled
[INFO] aspmc:    Stats Compilation
[INFO] aspmc: ------------------------------------------------------------
[INFO] aspmc: X/D-Constrained Tree Decomposition #bags: 108 treewidth: 17 #vertices: 135
[INFO] aspmc: Dtree time:               2.7362477779388428
[INFO] aspmc: Compilation time:         0.05942535400390625
[INFO] aspmc: Preparation time:         0.0001850128173828125
[INFO] aspmc: Counting time:            0.6678073406219482
[INFO] aspmc: ------------------------------------------------------------
[0.1::asthma_f(1)., 0.1::asthma_f(2)., 0.1::asthma_f(3)., 0.1::asthma_f(4)., 0.3::stress(1)., 0.3::stress(2)., 0.3::stress(3)., 0.3::stress(4)., 0.4::stress_fact(1)., 0.4::stress_fact(2)., 0.4::stress_fact(3)., 0.4::stress_fact(4)., smokes(X):-influences(Y,X),smokes(Y)., 0.4::asthma_fact(1)., 0.4::asthma_fact(2)., 0.4::asthma_fact(3)., 0.4::asthma_fact(4)., asthma_rule(X):-smokes(X),asthma_fact(X)., asthma(X):-asthma_f(X)., asthma(X):-asthma_rule(X)., asthma_and_stress(X):-stress(X),stress_fact(X),asthma(X)., smokes(X):-asthma_and_stress(X),not no_smokes(X)., no_smokes(X):-asthma_and_stress(X),not smokes(X)., 0.5::influences(1,2)., 0.5::influences(2,1)., person(3)., person(4)., qr:-smokes(1)., query(qr).]
tracc
nnf_construction_time: 4.59409499168396
Pre simplification
number of sums: 23420
number of prods: 32067
0.011856*v_39 + 0.012
Post simplification
symp_time: 7.338838577270508
number of sums: 1
number of subs: 0
number of prods: 1
opt_time: 0.0017733573913574219
     fun: 0.09999999999999998
   maxcv: 1.3877787807814457e-17
 message: 'Optimization terminated successfully.'
    nfev: 14
  status: 1
 success: True
       x: array([0.05, 0.05])

real	0m13.145s
user	0m12.344s
sys	0m0.657s
Ended at: 
Wed Dec 13 12:28:38 CET 2023
