Started at: 
Wed Dec 13 12:28:25 CET 2023
Instance 6
[INFO] aspmc: Tree Decomposition #bags: 225 unfolded treewidth: 11 #vertices: 260
[INFO] aspmc: Preprocessing disabled
[INFO] aspmc:    Stats Compilation
[INFO] aspmc: ------------------------------------------------------------
[INFO] aspmc: X/D-Constrained Tree Decomposition #bags: 242 treewidth: 27 #vertices: 285
[INFO] aspmc: Dtree time:               1.096862554550171
[INFO] aspmc: Compilation time:         1.142209529876709
[INFO] aspmc: Preparation time:         0.00029659271240234375
[INFO] aspmc: Counting time:            17.49120330810547
[INFO] aspmc: ------------------------------------------------------------
[0.1::asthma_f(1)., 0.1::asthma_f(2)., 0.1::asthma_f(3)., 0.1::asthma_f(4)., 0.3::stress(1)., 0.3::stress(2)., 0.3::stress(3)., 0.3::stress(4)., 0.4::stress_fact(1)., 0.4::stress_fact(2)., 0.4::stress_fact(3)., 0.4::stress_fact(4)., smokes(X):-influences(Y,X),smokes(Y)., 0.4::asthma_fact(1)., 0.4::asthma_fact(2)., 0.4::asthma_fact(3)., 0.4::asthma_fact(4)., asthma_rule(X):-smokes(X),asthma_fact(X)., asthma(X):-asthma_f(X)., asthma(X):-asthma_rule(X)., asthma_and_stress(X):-stress(X),stress_fact(X),asthma(X)., smokes(X):-asthma_and_stress(X),not no_smokes(X)., no_smokes(X):-asthma_and_stress(X),not smokes(X)., 0.5::influences(1,2)., 0.5::influences(2,1)., person(3)., person(4)., qr:-smokes(1)., 0.5::influences(2,3)., 0.5::influences(3,4)., 0.5::influences(4,1)., query(qr).]
tracc
nnf_construction_time: 20.877811908721924
Pre simplification
number of sums: 211052
number of prods: 227924
-0.011573163264*v_39*v_40*v_41*v_42 - 0.000140564736*v_39*v_40*v_41 + 0.011573163264*v_39*v_40*v_42 + 0.011713728*v_39*v_40 - 0.000142272000000001*v_39*v_41 + 0.011856*v_39 + 0.011856*v_41 + 0.012
Post simplification
symp_time: 60.74270820617676
number of sums: 5
number of subs: 3
number of prods: 16
opt_time: 0.026633024215698242
     fun: 0.24999999999999994
   maxcv: 6.938893903907228e-17
 message: 'Optimization terminated successfully.'
    nfev: 34
  status: 1
 success: True
       x: array([0.05, 0.05, 0.05, 0.05, 0.05])

real	1m23.512s
user	1m19.623s
sys	0m3.567s
Ended at: 
Wed Dec 13 12:29:48 CET 2023
