Started at: 
Wed Dec 13 12:28:26 CET 2023
Instance 6
[INFO] aspmc: Tree Decomposition #bags: 225 unfolded treewidth: 11 #vertices: 260
[INFO] aspmc: Preprocessing disabled
[INFO] aspmc:    Stats Compilation
[INFO] aspmc: ------------------------------------------------------------
[INFO] aspmc: X/D-Constrained Tree Decomposition #bags: 242 treewidth: 27 #vertices: 285
[INFO] aspmc: Dtree time:               1.0961132049560547
[INFO] aspmc: Compilation time:         1.1307497024536133
[INFO] aspmc: Preparation time:         0.0002942085266113281
[INFO] aspmc: Counting time:            15.124934434890747
[INFO] aspmc: ------------------------------------------------------------
/home/dazzolin/anaconda3/lib/python3.9/site-packages/scipy/optimize/optimize.py:282: RuntimeWarning: Values in x were outside bounds during a minimize step, clipping to bounds
  warnings.warn("Values in x were outside bounds during a "
[0.1::asthma_f(1)., 0.1::asthma_f(2)., 0.1::asthma_f(3)., 0.1::asthma_f(4)., 0.3::stress(1)., 0.3::stress(2)., 0.3::stress(3)., 0.3::stress(4)., 0.4::stress_fact(1)., 0.4::stress_fact(2)., 0.4::stress_fact(3)., 0.4::stress_fact(4)., smokes(X):-influences(Y,X),smokes(Y)., 0.4::asthma_fact(1)., 0.4::asthma_fact(2)., 0.4::asthma_fact(3)., 0.4::asthma_fact(4)., asthma_rule(X):-smokes(X),asthma_fact(X)., asthma(X):-asthma_f(X)., asthma(X):-asthma_rule(X)., asthma_and_stress(X):-stress(X),stress_fact(X),asthma(X)., smokes(X):-asthma_and_stress(X),not no_smokes(X)., no_smokes(X):-asthma_and_stress(X),not smokes(X)., 0.5::influences(1,2)., 0.5::influences(2,1)., person(3)., person(4)., qr:-smokes(1)., 0.5::influences(2,3)., 0.5::influences(3,4)., 0.5::influences(4,1)., query(qr).]
tracc
nnf_construction_time: 18.478521585464478
Pre simplification
number of sums: 211052
number of prods: 227924
-0.011573163264*v_39*v_40*v_41*v_42 - 0.000140564736*v_39*v_40*v_41 + 0.011573163264*v_39*v_40*v_42 + 0.011713728*v_39*v_40 - 0.000142272000000001*v_39*v_41 + 0.011856*v_39 + 0.011856*v_41 + 0.012
Post simplification
symp_time: 59.18936824798584
number of sums: 5
number of subs: 3
number of prods: 16
opt_time: 0.5622060298919678
     fun: 0.25000000000000033
     jac: array([1., 1., 1., 1., 1.])
 message: 'Optimization terminated successfully'
    nfev: 2
     nit: 2
    njev: 2
  status: 0
 success: True
       x: array([0.05, 0.05, 0.05, 0.05, 0.05])

real	1m19.935s
user	1m16.444s
sys	0m3.273s
Ended at: 
Wed Dec 13 12:29:46 CET 2023
