Started at: 
Mon Dec 11 16:27:41 CET 2023
instance 2
Computing answer sets
Answer set generation time: 0.10248208045959473 s
number of sums: 1022
number of prods: 9207
Starting optimization
     fun: 1.0
     jac: array([1., 1.])
 message: 'Positive directional derivative for linesearch'
    nfev: 56
     nit: 10
    njev: 6
  status: 8
 success: False
       x: array([0.85, 0.15])
Optimization time: 11.254102230072021 s
Target equation: 0.4337454228062686
[93mWarning: Unable to solve the optimization problem.[0m

real	0m12.633s
user	0m12.344s
sys	0m0.185s
instance 3
Computing answer sets
Answer set generation time: 0.10790491104125977 s
number of sums: 1022
number of prods: 9207
Starting optimization
     fun: 1.8499999999999999
     jac: array([1., 1., 1.])
 message: 'Positive directional derivative for linesearch'
    nfev: 56
     nit: 10
    njev: 6
  status: 8
 success: False
       x: array([0.85, 0.15, 0.85])
Optimization time: 25.35737156867981 s
Target equation: 0.5037975354487922
[93mWarning: Unable to solve the optimization problem.[0m

real	0m26.764s
user	0m26.335s
sys	0m0.230s
instance 4
Computing answer sets
Answer set generation time: 0.10467839241027832 s
number of sums: 1022
number of prods: 9207
Starting optimization
     fun: 1.999999999999996
     jac: array([1., 1., 1., 1.])
 message: 'Positive directional derivative for linesearch'
    nfev: 68
     nit: 12
    njev: 8
  status: 8
 success: False
       x: array([0.85, 0.15, 0.85, 0.15])
Optimization time: 56.47811985015869 s
Target equation: 0.5651834073520245
[93mWarning: Unable to solve the optimization problem.[0m

real	0m57.928s
user	0m57.452s
sys	0m0.245s
instance 5
Computing answer sets
Answer set generation time: 0.10226655006408691 s
number of sums: 1022
number of prods: 9207
Starting optimization
     fun: 2.849999999999998
     jac: array([1., 1., 1., 1., 1.])
 message: 'Positive directional derivative for linesearch'
    nfev: 123
     nit: 18
    njev: 14
  status: 8
 success: False
       x: array([0.85, 0.15, 0.85, 0.15, 0.85])
Optimization time: 184.18459010124207 s
Target equation: 0.6189751507723976
[93mWarning: Unable to solve the optimization problem.[0m

real	3m5.856s
user	3m5.145s
sys	0m0.330s
instance 6
Computing answer sets
Answer set generation time: 0.10357165336608887 s
number of sums: 1022
number of prods: 9207
Starting optimization
     fun: 2.9999999999999942
     jac: array([1., 1., 1., 1., 1., 1.])
 message: 'Positive directional derivative for linesearch'
    nfev: 133
     nit: 18
    njev: 14
  status: 8
 success: False
       x: array([0.85, 0.15, 0.85, 0.15, 0.85, 0.15])
Optimization time: 314.7331533432007 s
Target equation: 0.6661122455222097
[93mWarning: Unable to solve the optimization problem.[0m

real	5m16.448s
user	5m15.310s
sys	0m0.427s
instance 7
Computing answer sets
Answer set generation time: 0.11024689674377441 s
number of sums: 1022
number of prods: 9207
Starting optimization
     fun: 3.85
     jac: array([1., 1., 1., 1., 1., 1., 1.])
 message: 'Positive directional derivative for linesearch'
    nfev: 58
     nit: 11
    njev: 7
  status: 8
 success: False
       x: array([0.85, 0.15, 0.85, 0.15, 0.85, 0.15, 0.85])
Optimization time: 289.90046548843384 s
Target equation: 0.7074179471070927
[93mWarning: Unable to solve the optimization problem.[0m

real	4m51.811s
user	4m50.430s
sys	0m0.556s
instance 8
Computing answer sets
Answer set generation time: 0.10520219802856445 s
number of sums: 1022
number of prods: 9207
Starting optimization
     fun: 4.0
     jac: array([1., 1., 1., 1., 1., 1., 1., 1.])
 message: 'Positive directional derivative for linesearch'
    nfev: 53
     nit: 10
    njev: 6
  status: 8
 success: False
       x: array([0.85, 0.15, 0.85, 0.15, 0.85, 0.15, 0.85, 0.15])
Optimization time: 402.3913824558258 s
Target equation: 0.7436136649907491
[93mWarning: Unable to solve the optimization problem.[0m

real	6m44.326s
user	6m42.911s
sys	0m0.513s
instance 9
Computing answer sets
Answer set generation time: 0.1013498306274414 s
number of sums: 1022
number of prods: 9207
Starting optimization
     fun: 4.8499999999999845
     jac: array([1., 1., 1., 1., 1., 1., 1., 1., 1.])
 message: 'Positive directional derivative for linesearch'
    nfev: 12
     nit: 6
    njev: 2
  status: 8
 success: False
       x: array([0.85, 0.15, 0.85, 0.15, 0.85, 0.15, 0.85, 0.15, 0.85])
Optimization time: 245.4296374320984 s
Target equation: 0.7753315621052871
[93mWarning: Unable to solve the optimization problem.[0m

real	4m6.956s
user	4m5.949s
sys	0m0.368s
Ended at: 
Mon Dec 11 16:53:24 CET 2023
