Started at: 
Mon Dec 11 08:18:59 CET 2023
instance 2
Computing answer sets
Answer set generation time: 0.10585904121398926 s
number of sums: 1022
number of prods: 9207
Starting optimization
     fun: 0.632631377376426
   maxcv: 0.06634064220740077
 message: 'Did not converge to a solution satisfying the constraints. See `maxcv` for magnitude of violation.'
    nfev: 15
  status: 4
 success: False
       x: array([0.31631569, 0.31631569])
Optimization time: 2.9347472190856934 s
Target equation: 0.6336593577926136
[93mWarning: Unable to solve the optimization problem.[0m

real	0m4.233s
user	0m3.975s
sys	0m0.153s
instance 3
Computing answer sets
Answer set generation time: 0.10477614402770996 s
number of sums: 1022
number of prods: 9207
Starting optimization
     fun: 0.802577049497349
   maxcv: 0.017526037690814178
 message: 'Did not converge to a solution satisfying the constraints. See `maxcv` for magnitude of violation.'
    nfev: 24
  status: 4
 success: False
       x: array([0.26752568, 0.26752568, 0.26752568])
Optimization time: 5.446356296539307 s
Target equation: 0.682473962309185
[93mWarning: Unable to solve the optimization problem.[0m

real	0m6.912s
user	0m6.410s
sys	0m0.193s
instance 4
Computing answer sets
Answer set generation time: 0.10446524620056152 s
number of sums: 1022
number of prods: 9207
Starting optimization
     fun: 0.8995398659494531
   maxcv: 2.8100854976287337e-12
 message: 'Optimization terminated successfully.'
    nfev: 52
  status: 1
 success: True
       x: array([0.25      , 0.19004781, 0.20958324, 0.24990881])
Optimization time: 11.150811910629272 s
Target equation: 0.6999999999971891
Sum of optimizable facts = 0.8995398659494531
Optimal probabilities
[0.25       0.19004781 0.20958324 0.24990881]

real	0m12.472s
user	0m12.148s
sys	0m0.168s
instance 5
Computing answer sets
Answer set generation time: 0.11610889434814453 s
number of sums: 1022
number of prods: 9207
Starting optimization
     fun: 0.9466010393633528
   maxcv: 2.0549012983428483e-06
 message: 'Optimization terminated successfully.'
    nfev: 40
  status: 1
 success: True
       x: array([0.17732021, 0.23732021, 0.17732021, 0.17732021, 0.17732021])
Optimization time: 13.813745737075806 s
Target equation: 0.6999979450987065
Sum of optimizable facts = 0.9466010393633528
Optimal probabilities
[0.17732021 0.23732021 0.17732021 0.17732021 0.17732021]

real	0m15.178s
user	0m14.816s
sys	0m0.190s
instance 6
Computing answer sets
Answer set generation time: 0.10681915283203125 s
number of sums: 1022
number of prods: 9207
Starting optimization
     fun: 0.9869303808569024
   maxcv: 0.0
 message: 'Optimization terminated successfully.'
    nfev: 51
  status: 1
 success: True
       x: array([0.1944884, 0.1344884, 0.1944884, 0.1944884, 0.1344884, 0.1344884])
Optimization time: 20.811471223831177 s
Target equation: 0.7000001603479187
Sum of optimizable facts = 0.9869303808569024
Optimal probabilities
[0.1944884 0.1344884 0.1944884 0.1944884 0.1344884 0.1344884]

real	0m22.094s
user	0m21.762s
sys	0m0.160s
instance 7
Computing answer sets
Answer set generation time: 0.1065819263458252 s
number of sums: 1022
number of prods: 9207
Starting optimization
     fun: 1.0250883615324462
   maxcv: 1.3877787807814457e-17
 message: 'Optimization terminated successfully.'
    nfev: 61
  status: 1
 success: True
       x: array([0.11215571, 0.17215571, 0.17215571, 0.17215408, 0.11215571,
       0.11215571, 0.17215571])
Optimization time: 35.507343769073486 s
Target equation: 0.7000001101654725
Sum of optimizable facts = 1.0250883615324462
Optimal probabilities
[0.11215571 0.17215571 0.17215571 0.17215408 0.11215571 0.11215571
 0.17215571]

real	0m36.816s
user	0m36.332s
sys	0m0.269s
instance 8
Computing answer sets
Answer set generation time: 0.10459327697753906 s
number of sums: 1022
number of prods: 9207
Starting optimization
     fun: 1.0612109365877602
   maxcv: 1.3877787807814457e-17
 message: 'Optimization terminated successfully.'
    nfev: 83
  status: 1
 success: True
       x: array([0.17014836, 0.17014836, 0.11014836, 0.17014836, 0.11014836,
       0.11014836, 0.11014836, 0.1101724 ])
Optimization time: 57.262463092803955 s
Target equation: 0.7000000910444986
Sum of optimizable facts = 1.0612109365877602
Optimal probabilities
[0.17014836 0.17014836 0.11014836 0.17014836 0.11014836 0.11014836
 0.11014836 0.1101724 ]

real	0m58.536s
user	0m58.050s
sys	0m0.269s
instance 9
Computing answer sets
Answer set generation time: 0.10376834869384766 s
number of sums: 1022
number of prods: 9207
Starting optimization
     fun: 1.0956694368543207
   maxcv: 1.3877787807814457e-17
 message: 'Optimization terminated successfully.'
    nfev: 87
  status: 1
 success: True
       x: array([0.15499134, 0.15499134, 0.15499134, 0.15499134, 0.09499134,
       0.09499134, 0.09573869, 0.09499134, 0.09499134])
Optimization time: 93.54414582252502 s
Target equation: 0.7000000036991056
Sum of optimizable facts = 1.0956694368543207
Optimal probabilities
[0.15499134 0.15499134 0.15499134 0.15499134 0.09499134 0.09499134
 0.09573869 0.09499134 0.09499134]

real	1m34.797s
user	1m34.214s
sys	0m0.275s
Ended at: 
Mon Dec 11 08:23:10 CET 2023
