Started at: 
Mon Dec 11 08:19:00 CET 2023
instance 2
Computing answer sets
Answer set generation time: 4.254958868026733 s
number of sums: 32766
number of prods: 458738
Starting optimization
     fun: 0.5792557863472141
   maxcv: 0.03962867126607639
 message: 'Did not converge to a solution satisfying the constraints. See `maxcv` for magnitude of violation.'
    nfev: 16
  status: 4
 success: False
       x: array([0.28962789, 0.28962789])
Optimization time: 53.344303369522095 s
Target equation: 0.660371328733368
[93mWarning: Unable to solve the optimization problem.[0m

real	1m23.354s
user	1m10.914s
sys	0m12.288s
instance 3
Computing answer sets
Answer set generation time: 4.449710130691528 s
number of sums: 32766
number of prods: 458738
Starting optimization
     fun: 0.7313313334677622
   maxcv: 8.713555941231022e-07
 message: 'Optimization terminated successfully.'
    nfev: 23
  status: 1
 success: True
       x: array([0.23133133, 0.25      , 0.25      ])
Optimization time: 74.73169231414795 s
Target equation: 0.699999128644685
Sum of optimizable facts = 0.7313313334677622
Optimal probabilities
[0.23133133 0.25       0.25      ]

real	1m45.088s
user	1m32.774s
sys	0m12.151s
instance 4
Computing answer sets
Answer set generation time: 4.181673288345337 s
number of sums: 32766
number of prods: 458738
Starting optimization
     fun: 0.7651225309651134
   maxcv: 1.0925874505463007e-05
 message: 'Optimization terminated successfully.'
    nfev: 31
  status: 1
 success: True
       x: array([0.05      , 0.25      , 0.21512253, 0.25      ])
Optimization time: 80.94039344787598 s
Target equation: 0.6999890741257553
Sum of optimizable facts = 0.7651225309651134
Optimal probabilities
[0.05       0.25       0.21512253 0.25      ]

real	1m50.997s
user	1m39.095s
sys	0m11.694s
instance 5
Computing answer sets
Answer set generation time: 4.208112001419067 s
number of sums: 32766
number of prods: 458738
Starting optimization
     fun: 0.7986301572006289
   maxcv: 0.0
 message: 'Optimization terminated successfully.'
    nfev: 43
  status: 1
 success: True
       x: array([0.05      , 0.05      , 0.19863016, 0.25      , 0.25      ])
Optimization time: 130.14452457427979 s
Target equation: 0.7000008148993194
Sum of optimizable facts = 0.7986301572006289
Optimal probabilities
[0.05       0.05       0.19863016 0.25       0.25      ]

real	2m40.064s
user	2m28.433s
sys	0m11.262s
instance 6
Computing answer sets
Answer set generation time: 4.330222845077515 s
number of sums: 32766
number of prods: 458738
Starting optimization
     fun: 0.8317569905225006
   maxcv: 0.0
 message: 'Optimization terminated successfully.'
    nfev: 49
  status: 1
 success: True
       x: array([0.05      , 0.25      , 0.18175699, 0.05      , 0.05      ,
       0.25      ])
Optimization time: 149.3991219997406 s
Target equation: 0.7000000000000783
Sum of optimizable facts = 0.8317569905225006
Optimal probabilities
[0.05       0.25       0.18175699 0.05       0.05       0.25      ]

real	2m59.551s
user	2m48.094s
sys	0m11.238s
instance 7
