Started at: 
Mon Dec 11 08:19:00 CET 2023
instance 2
Computing answer sets
Answer set generation time: 5.171522855758667 s
number of sums: 32766
number of prods: 458738
Starting optimization
     fun: 0.5
     jac: array([1., 1.])
 message: 'Positive directional derivative for linesearch'
    nfev: 1
     nit: 5
    njev: 1
  status: 8
 success: False
       x: array([0.25, 0.25])
Optimization time: 56.51413083076477 s
Target equation: 0.6214222617816292
[93mWarning: Unable to solve the optimization problem.[0m

real	1m26.330s
user	1m14.232s
sys	0m11.602s
instance 3
Computing answer sets
Answer set generation time: 4.917238235473633 s
number of sums: 32766
number of prods: 458738
Starting optimization
     fun: 0.731486309764845
     jac: array([1., 1., 1.])
 message: 'Optimization terminated successfully'
    nfev: 3
     nit: 3
    njev: 3
  status: 0
 success: True
       x: array([0.24382877, 0.24382877, 0.24382877])
Optimization time: 95.3416519165039 s
Target equation: 0.6999999959192518
Sum of optimizable facts = 0.731486309764845
Optimal probabilities
[0.24382877 0.24382877 0.24382877]

real	2m5.633s
user	1m53.430s
sys	0m11.752s
instance 4
Computing answer sets
Answer set generation time: 5.27311897277832 s
number of sums: 32766
number of prods: 458738
Starting optimization
     fun: 0.7810217584862743
     jac: array([1., 1., 1., 1.])
 message: 'Optimization terminated successfully'
    nfev: 4
     nit: 4
    njev: 4
  status: 0
 success: True
       x: array([0.19525544, 0.19525544, 0.19525544, 0.19525544])
Optimization time: 144.119966506958 s
Target equation: 0.6999999852648005
Sum of optimizable facts = 0.7810217584862743
Optimal probabilities
[0.19525544 0.19525544 0.19525544 0.19525544]

real	3m8.459s
user	2m48.828s
sys	0m19.028s
instance 5
