Started at: 
Thu Dec  7 17:56:09 CET 2023
Instance: 2
[INFO] aspmc: Tree Decomposition #bags: 20 unfolded treewidth: 4 #vertices: 27
[INFO] aspmc: Preprocessing disabled
[INFO] aspmc:    Stats Compilation
[INFO] aspmc: ------------------------------------------------------------
[INFO] aspmc: X/D-Constrained Tree Decomposition #bags: 28 treewidth: 10 #vertices: 38
[INFO] aspmc: Dtree time:               2.0220680236816406
[INFO] aspmc: Compilation time:         0.01736927032470703
[INFO] aspmc: Preparation time:         9.179115295410156e-05
[INFO] aspmc: Counting time:            0.17874693870544434
[INFO] aspmc: ------------------------------------------------------------
[0.97::a0., 0.03::a1., 0.97::a2., 0.03::a3., 0.97::a4., 0.03::a5., 0.97::a6., 0.03::a7., 0.97::a8., 0.03::a9., qr:-not a0., qr:-a1,not nqr., nqr:-a1,not qr., qr:-not a2., qr:-a3,not nqr., nqr:-a3,not qr., qr:-not a4., qr:-a5,not nqr., nqr:-a5,not qr., qr:-not a6., qr:-a7,not nqr., nqr:-a7,not qr., qr:-not a8., qr:-a9,not nqr., nqr:-a9,not qr., query(qr).]
tracc
nnf_construction_time: 3.3233094215393066
Pre simplification
number of sums: 767
number of prods: 1087
len(eq): 55
0.783743359437696*v_1*v_7 - 0.783743359437696*v_1 + 1.0
Post simplification
symp_time: 0.45510220527648926
number of sums: 1
number of subs: 1
number of prods: 3
opt_time: 0.09380817413330078
     fun: 1.0
     jac: array([1., 1.])
 message: 'Positive directional derivative for linesearch'
    nfev: 86
     nit: 15
    njev: 11
  status: 8
 success: False
       x: array([0.15, 0.85])

real	0m5.015s
user	0m4.248s
sys	0m0.646s
Instance: 3
[INFO] aspmc: Tree Decomposition #bags: 20 unfolded treewidth: 4 #vertices: 27
[INFO] aspmc: Preprocessing disabled
[INFO] aspmc:    Stats Compilation
[INFO] aspmc: ------------------------------------------------------------
[INFO] aspmc: X/D-Constrained Tree Decomposition #bags: 28 treewidth: 10 #vertices: 38
[INFO] aspmc: Dtree time:               2.026421070098877
[INFO] aspmc: Compilation time:         0.01736760139465332
[INFO] aspmc: Preparation time:         9.751319885253906e-05
[INFO] aspmc: Counting time:            0.18043994903564453
[INFO] aspmc: ------------------------------------------------------------
[0.97::a0., 0.03::a1., 0.97::a2., 0.03::a3., 0.97::a4., 0.03::a5., 0.97::a6., 0.03::a7., 0.97::a8., 0.03::a9., qr:-not a0., qr:-a1,not nqr., nqr:-a1,not qr., qr:-not a2., qr:-a3,not nqr., nqr:-a3,not qr., qr:-not a4., qr:-a5,not nqr., nqr:-a5,not qr., qr:-not a6., qr:-a7,not nqr., nqr:-a7,not qr., qr:-not a8., qr:-a9,not nqr., nqr:-a9,not qr., query(qr).]
tracc
nnf_construction_time: 3.4117913246154785
Pre simplification
number of sums: 767
number of prods: 1087
len(eq): 88
0.80798284478113*v_1*v_3*v_7 - 0.80798284478113*v_1*v_3 + 2.77555756156289e-17*v_7 + 1.0
Post simplification
symp_time: 0.5714418888092041
number of sums: 2
number of subs: 2
number of prods: 6
opt_time: 0.04287362098693848
     fun: 0.9500000000000007
     jac: array([1., 1., 1.])
 message: 'Optimization terminated successfully'
    nfev: 2
     nit: 2
    njev: 2
  status: 0
 success: True
       x: array([0.05, 0.85, 0.05])

real	0m5.082s
user	0m4.279s
sys	0m0.589s
Instance: 4
[INFO] aspmc: Tree Decomposition #bags: 20 unfolded treewidth: 4 #vertices: 27
[INFO] aspmc: Preprocessing disabled
[INFO] aspmc:    Stats Compilation
[INFO] aspmc: ------------------------------------------------------------
[INFO] aspmc: X/D-Constrained Tree Decomposition #bags: 28 treewidth: 10 #vertices: 38
[INFO] aspmc: Dtree time:               2.022559881210327
[INFO] aspmc: Compilation time:         0.01718759536743164
[INFO] aspmc: Preparation time:         9.512901306152344e-05
[INFO] aspmc: Counting time:            0.18329572677612305
[INFO] aspmc: ------------------------------------------------------------
[0.97::a0., 0.03::a1., 0.97::a2., 0.03::a3., 0.97::a4., 0.03::a5., 0.97::a6., 0.03::a7., 0.97::a8., 0.03::a9., qr:-not a0., qr:-a1,not nqr., nqr:-a1,not qr., qr:-not a2., qr:-a3,not nqr., nqr:-a3,not qr., qr:-not a4., qr:-a5,not nqr., nqr:-a5,not qr., qr:-not a6., qr:-a7,not nqr., nqr:-a7,not qr., qr:-not a8., qr:-a9,not nqr., nqr:-a9,not qr., query(qr).]
tracc
nnf_construction_time: 3.331530809402466
Pre simplification
number of sums: 767
number of prods: 1087
len(eq): 240
-0.832972004929*v_1*v_3*v_7*v_9 + 0.832972004929*v_1*v_3*v_7 + 0.832972004929*v_1*v_3*v_9 - 0.832972004929*v_1*v_3 - 1.0769163338864e-16*v_3*v_7*v_9 + 1.0769163338864e-16*v_3*v_7 + 1.0769163338864e-16*v_3*v_9 - 1.0769163338864e-16*v_3 + 1.0
Post simplification
symp_time: 0.7101602554321289
number of sums: 5
number of subs: 8
number of prods: 20
opt_time: 0.3062937259674072
     fun: 2.0
     jac: array([1., 1., 1., 1.])
 message: 'Positive directional derivative for linesearch'
    nfev: 101
     nit: 15
    njev: 11
  status: 8
 success: False
       x: array([0.15, 0.85, 0.15, 0.85])

real	0m5.416s
user	0m4.656s
sys	0m0.628s
Instance: 5
[INFO] aspmc: Tree Decomposition #bags: 20 unfolded treewidth: 4 #vertices: 27
[INFO] aspmc: Preprocessing disabled
[INFO] aspmc:    Stats Compilation
[INFO] aspmc: ------------------------------------------------------------
[INFO] aspmc: X/D-Constrained Tree Decomposition #bags: 28 treewidth: 10 #vertices: 38
[INFO] aspmc: Dtree time:               2.0221545696258545
[INFO] aspmc: Compilation time:         0.017523765563964844
[INFO] aspmc: Preparation time:         9.179115295410156e-05
[INFO] aspmc: Counting time:            0.17952489852905273
[INFO] aspmc: ------------------------------------------------------------
[0.97::a0., 0.03::a1., 0.97::a2., 0.03::a3., 0.97::a4., 0.03::a5., 0.97::a6., 0.03::a7., 0.97::a8., 0.03::a9., qr:-not a0., qr:-a1,not nqr., nqr:-a1,not qr., qr:-not a2., qr:-a3,not nqr., nqr:-a3,not qr., qr:-not a4., qr:-a5,not nqr., nqr:-a5,not qr., qr:-not a6., qr:-a7,not nqr., nqr:-a7,not qr., qr:-not a8., qr:-a9,not nqr., nqr:-a9,not qr., query(qr).]
tracc
nnf_construction_time: 3.3223464488983154
Pre simplification
number of sums: 767
number of prods: 1087
len(eq): 128
-0.8587340257*v_1*v_3*v_4*v_7*v_9 + 0.8587340257*v_1*v_3*v_4*v_7 + 0.8587340257*v_1*v_3*v_4*v_9 - 0.8587340257*v_1*v_3*v_4 + 1.0
Post simplification
symp_time: 0.7535951137542725
number of sums: 3
number of subs: 2
number of prods: 16
opt_time: 0.11182355880737305
     fun: 1.850000000000001
     jac: array([1., 1., 1., 1., 1.])
 message: 'Optimization terminated successfully'
    nfev: 2
     nit: 2
    njev: 2
  status: 0
 success: True
       x: array([0.05, 0.85, 0.05, 0.85, 0.05])

real	0m5.297s
user	0m4.515s
sys	0m0.627s
Instance: 6
[INFO] aspmc: Tree Decomposition #bags: 20 unfolded treewidth: 4 #vertices: 27
[INFO] aspmc: Preprocessing disabled
[INFO] aspmc:    Stats Compilation
[INFO] aspmc: ------------------------------------------------------------
[INFO] aspmc: X/D-Constrained Tree Decomposition #bags: 28 treewidth: 10 #vertices: 38
[INFO] aspmc: Dtree time:               2.0217530727386475
[INFO] aspmc: Compilation time:         0.017121076583862305
[INFO] aspmc: Preparation time:         8.988380432128906e-05
[INFO] aspmc: Counting time:            0.17780852317810059
[INFO] aspmc: ------------------------------------------------------------
[0.97::a0., 0.03::a1., 0.97::a2., 0.03::a3., 0.97::a4., 0.03::a5., 0.97::a6., 0.03::a7., 0.97::a8., 0.03::a9., qr:-not a0., qr:-a1,not nqr., nqr:-a1,not qr., qr:-not a2., qr:-a3,not nqr., nqr:-a3,not qr., qr:-not a4., qr:-a5,not nqr., nqr:-a5,not qr., qr:-not a6., qr:-a7,not nqr., nqr:-a7,not qr., qr:-not a8., qr:-a9,not nqr., nqr:-a9,not qr., query(qr).]
tracc
nnf_construction_time: 3.3229963779449463
Pre simplification
number of sums: 767
number of prods: 1087
len(eq): 255
0.88529281*v_1*v_10*v_3*v_4*v_7*v_9 - 0.88529281*v_1*v_10*v_3*v_4*v_7 - 0.88529281*v_1*v_10*v_3*v_4*v_9 + 0.88529281*v_1*v_10*v_3*v_4 - 0.88529281*v_1*v_3*v_4*v_7*v_9 + 0.88529281*v_1*v_3*v_4*v_7 + 0.88529281*v_1*v_3*v_4*v_9 - 0.88529281*v_1*v_3*v_4 + 1.0
Post simplification
symp_time: 0.9489319324493408
number of sums: 4
number of subs: 4
number of prods: 36
opt_time: 0.36911511421203613
     fun: 3.0
     jac: array([1., 1., 1., 1., 1., 1.])
 message: 'Positive directional derivative for linesearch'
    nfev: 51
     nit: 10
    njev: 6
  status: 8
 success: False
       x: array([0.15, 0.85, 0.15, 0.85, 0.15, 0.85])

real	0m5.711s
user	0m4.951s
sys	0m0.632s
Instance: 7
[INFO] aspmc: Tree Decomposition #bags: 20 unfolded treewidth: 4 #vertices: 27
[INFO] aspmc: Preprocessing disabled
[INFO] aspmc:    Stats Compilation
[INFO] aspmc: ------------------------------------------------------------
[INFO] aspmc: X/D-Constrained Tree Decomposition #bags: 28 treewidth: 10 #vertices: 38
[INFO] aspmc: Dtree time:               2.0222909450531006
[INFO] aspmc: Compilation time:         0.017710447311401367
[INFO] aspmc: Preparation time:         8.916854858398438e-05
[INFO] aspmc: Counting time:            0.18278241157531738
[INFO] aspmc: ------------------------------------------------------------
[0.97::a0., 0.03::a1., 0.97::a2., 0.03::a3., 0.97::a4., 0.03::a5., 0.97::a6., 0.03::a7., 0.97::a8., 0.03::a9., qr:-not a0., qr:-a1,not nqr., nqr:-a1,not qr., qr:-not a2., qr:-a3,not nqr., nqr:-a3,not qr., qr:-not a4., qr:-a5,not nqr., nqr:-a5,not qr., qr:-not a6., qr:-a7,not nqr., nqr:-a7,not qr., qr:-not a8., qr:-a9,not nqr., nqr:-a9,not qr., query(qr).]
tracc
nnf_construction_time: 3.328151226043701
Pre simplification
number of sums: 767
number of prods: 1087
len(eq): 271
0.912673*v_1*v_10*v_3*v_4*v_5*v_7*v_9 - 0.912673*v_1*v_10*v_3*v_4*v_5*v_7 - 0.912673*v_1*v_10*v_3*v_4*v_5*v_9 + 0.912673*v_1*v_10*v_3*v_4*v_5 - 0.912673*v_1*v_3*v_4*v_5*v_7*v_9 + 0.912673*v_1*v_3*v_4*v_5*v_7 + 0.912673*v_1*v_3*v_4*v_5*v_9 - 0.912673*v_1*v_3*v_4*v_5 + 1.0
Post simplification
symp_time: 0.9317889213562012
number of sums: 4
number of subs: 4
number of prods: 44
opt_time: 0.29003095626831055
     fun: 2.7500000000000004
     jac: array([1., 1., 1., 1., 1., 1., 1.])
 message: 'Optimization terminated successfully'
    nfev: 2
     nit: 2
    njev: 2
  status: 0
 success: True
       x: array([0.05, 0.85, 0.05, 0.85, 0.05, 0.85, 0.05])

real	0m5.641s
user	0m4.884s
sys	0m0.618s
Instance: 8
[INFO] aspmc: Tree Decomposition #bags: 20 unfolded treewidth: 4 #vertices: 27
[INFO] aspmc: Preprocessing disabled
[INFO] aspmc:    Stats Compilation
[INFO] aspmc: ------------------------------------------------------------
[INFO] aspmc: X/D-Constrained Tree Decomposition #bags: 28 treewidth: 10 #vertices: 38
[INFO] aspmc: Dtree time:               2.021928548812866
[INFO] aspmc: Compilation time:         0.017308712005615234
[INFO] aspmc: Preparation time:         8.988380432128906e-05
[INFO] aspmc: Counting time:            0.1826789379119873
[INFO] aspmc: ------------------------------------------------------------
[0.97::a0., 0.03::a1., 0.97::a2., 0.03::a3., 0.97::a4., 0.03::a5., 0.97::a6., 0.03::a7., 0.97::a8., 0.03::a9., qr:-not a0., qr:-a1,not nqr., nqr:-a1,not qr., qr:-not a2., qr:-a3,not nqr., nqr:-a3,not qr., qr:-not a4., qr:-a5,not nqr., nqr:-a5,not qr., qr:-not a6., qr:-a7,not nqr., nqr:-a7,not qr., qr:-not a8., qr:-a9,not nqr., nqr:-a9,not qr., query(qr).]
tracc
nnf_construction_time: 3.3288626670837402
Pre simplification
number of sums: 767
number of prods: 1087
len(eq): 548
-0.9409*v_1*v_10*v_11*v_3*v_4*v_5*v_7*v_9 + 0.9409*v_1*v_10*v_11*v_3*v_4*v_5*v_7 + 0.9409*v_1*v_10*v_11*v_3*v_4*v_5*v_9 - 0.9409*v_1*v_10*v_11*v_3*v_4*v_5 + 0.9409*v_1*v_10*v_3*v_4*v_5*v_7*v_9 - 0.9409*v_1*v_10*v_3*v_4*v_5*v_7 - 0.9409*v_1*v_10*v_3*v_4*v_5*v_9 + 0.9409*v_1*v_10*v_3*v_4*v_5 + 0.9409*v_1*v_11*v_3*v_4*v_5*v_7*v_9 - 0.9409*v_1*v_11*v_3*v_4*v_5*v_7 - 0.9409*v_1*v_11*v_3*v_4*v_5*v_9 + 0.9409*v_1*v_11*v_3*v_4*v_5 - 0.9409*v_1*v_3*v_4*v_5*v_7*v_9 + 0.9409*v_1*v_3*v_4*v_5*v_7 + 0.9409*v_1*v_3*v_4*v_5*v_9 - 0.9409*v_1*v_3*v_4*v_5 + 1.0
Post simplification
symp_time: 1.2587065696716309
number of sums: 9
number of subs: 8
number of prods: 96
opt_time: 0.7665615081787109
     fun: 3.863810647045624
     jac: array([1., 1., 1., 1., 1., 1., 1., 1.])
 message: 'Optimization terminated successfully'
    nfev: 4
     nit: 4
    njev: 4
  status: 0
 success: True
       x: array([0.11595266, 0.85      , 0.11595266, 0.85      , 0.11595266,
       0.85      , 0.11595266, 0.85      ])

real	0m6.418s
user	0m5.657s
sys	0m0.602s
Instance: 9
[INFO] aspmc: Tree Decomposition #bags: 20 unfolded treewidth: 4 #vertices: 27
[INFO] aspmc: Preprocessing disabled
[INFO] aspmc:    Stats Compilation
[INFO] aspmc: ------------------------------------------------------------
[INFO] aspmc: X/D-Constrained Tree Decomposition #bags: 28 treewidth: 10 #vertices: 38
[INFO] aspmc: Dtree time:               2.0228376388549805
[INFO] aspmc: Compilation time:         0.017498254776000977
[INFO] aspmc: Preparation time:         9.322166442871094e-05
[INFO] aspmc: Counting time:            0.19265484809875488
[INFO] aspmc: ------------------------------------------------------------
[0.97::a0., 0.03::a1., 0.97::a2., 0.03::a3., 0.97::a4., 0.03::a5., 0.97::a6., 0.03::a7., 0.97::a8., 0.03::a9., qr:-not a0., qr:-a1,not nqr., nqr:-a1,not qr., qr:-not a2., qr:-a3,not nqr., nqr:-a3,not qr., qr:-not a4., qr:-a5,not nqr., nqr:-a5,not qr., qr:-not a6., qr:-a7,not nqr., nqr:-a7,not qr., qr:-not a8., qr:-a9,not nqr., nqr:-a9,not qr., query(qr).]
tracc
nnf_construction_time: 3.3402903079986572
Pre simplification
number of sums: 767
number of prods: 1087
len(eq): 580
-0.97*v_1*v_10*v_11*v_3*v_4*v_5*v_6*v_7*v_9 + 0.97*v_1*v_10*v_11*v_3*v_4*v_5*v_6*v_7 + 0.97*v_1*v_10*v_11*v_3*v_4*v_5*v_6*v_9 - 0.97*v_1*v_10*v_11*v_3*v_4*v_5*v_6 + 0.97*v_1*v_10*v_3*v_4*v_5*v_6*v_7*v_9 - 0.97*v_1*v_10*v_3*v_4*v_5*v_6*v_7 - 0.97*v_1*v_10*v_3*v_4*v_5*v_6*v_9 + 0.97*v_1*v_10*v_3*v_4*v_5*v_6 + 0.97*v_1*v_11*v_3*v_4*v_5*v_6*v_7*v_9 - 0.97*v_1*v_11*v_3*v_4*v_5*v_6*v_7 - 0.97*v_1*v_11*v_3*v_4*v_5*v_6*v_9 + 0.97*v_1*v_11*v_3*v_4*v_5*v_6 - 0.97*v_1*v_3*v_4*v_5*v_6*v_7*v_9 + 0.97*v_1*v_3*v_4*v_5*v_6*v_7 + 0.97*v_1*v_3*v_4*v_5*v_6*v_9 - 0.97*v_1*v_3*v_4*v_5*v_6 + 1.0
Post simplification
symp_time: 1.5734260082244873
number of sums: 9
number of subs: 8
number of prods: 112
opt_time: 0.77406907081604
     fun: 3.6500000000000044
     jac: array([1., 1., 1., 1., 1., 1., 1., 1., 1.])
 message: 'Optimization terminated successfully'
    nfev: 2
     nit: 2
    njev: 2
  status: 0
 success: True
       x: array([0.05, 0.85, 0.05, 0.85, 0.05, 0.85, 0.05, 0.85, 0.05])

real	0m6.733s
user	0m5.987s
sys	0m0.608s
Instance: 10
[INFO] aspmc: Tree Decomposition #bags: 20 unfolded treewidth: 4 #vertices: 27
[INFO] aspmc: Preprocessing disabled
[INFO] aspmc:    Stats Compilation
[INFO] aspmc: ------------------------------------------------------------
[INFO] aspmc: X/D-Constrained Tree Decomposition #bags: 28 treewidth: 10 #vertices: 38
[INFO] aspmc: Dtree time:               2.0221681594848633
[INFO] aspmc: Compilation time:         0.018737316131591797
[INFO] aspmc: Preparation time:         9.512901306152344e-05
[INFO] aspmc: Counting time:            0.17719578742980957
[INFO] aspmc: ------------------------------------------------------------
[0.97::a0., 0.03::a1., 0.97::a2., 0.03::a3., 0.97::a4., 0.03::a5., 0.97::a6., 0.03::a7., 0.97::a8., 0.03::a9., qr:-not a0., qr:-a1,not nqr., nqr:-a1,not qr., qr:-not a2., qr:-a3,not nqr., nqr:-a3,not qr., qr:-not a4., qr:-a5,not nqr., nqr:-a5,not qr., qr:-not a6., qr:-a7,not nqr., nqr:-a7,not qr., qr:-not a8., qr:-a9,not nqr., nqr:-a9,not qr., query(qr).]
tracc
nnf_construction_time: 3.3214828968048096
Pre simplification
number of sums: 767
number of prods: 1087
len(eq): 995
v_6*(v_7*(-v_1*(v_4*v_5*(v_3 - 1) + v_5*(v_4 - 1) + v_5 - 1) + v_3*v_4*v_5 + (v_1 - 1)*(v_4*v_5*(v_3 - 1) + v_5*(v_4 - 1) + v_5 - 1)) - (v_7 - 1)*(v_9*(-v_1*(v_4*v_5*(v_3 - 1) + v_5*(v_4 - 1) + v_5 - 1) + v_3*v_4*v_5 + (v_1 - 1)*(v_4*v_5*(v_3 - 1) + v_5*(v_4 - 1) + v_5 - 1)) - (v_9 - 1)*(v_10*(-v_1*(v_4*v_5*(v_3 - 1) + v_5*(v_4 - 1) + v_5 - 1) + v_3*v_4*v_5 + (v_1 - 1)*(v_4*v_5*(v_3 - 1) + v_5*(v_4 - 1) + v_5 - 1)) - (v_10 - 1)*(v_11*(-v_1*(v_4*v_5*(v_3 - 1) + v_5*(v_4 - 1) + v_5 - 1) + v_3*v_4*v_5 + (v_1 - 1)*(v_4*v_5*(v_3 - 1) + v_5*(v_4 - 1) + v_5 - 1)) - (v_11 - 1)*(v_12*(-v_1*(v_4*v_5*(v_3 - 1) + v_5*(v_4 - 1) + v_5 - 1) + v_3*v_4*v_5 + (v_1 - 1)*(v_4*v_5*(v_3 - 1) + v_5*(v_4 - 1) + v_5 - 1)) + (v_12 - 1)*(v_1*(v_4*v_5*(v_3 - 1) + v_5*(v_4 - 1) + v_5 - 1) + v_3*v_4*v_5*(v_1 - 1) - (v_1 - 1)*(v_4*v_5*(v_3 - 1) + v_5*(v_4 - 1) + v_5 - 1))))))) - (v_6 - 1)*(-v_1*(v_4*v_5*(v_3 - 1) + v_5*(v_4 - 1) + v_5 - 1) + v_3*v_4*v_5 + (v_1 - 1)*(v_4*v_5*(v_3 - 1) + v_5*(v_4 - 1) + v_5 - 1))
Post simplification
symp_time: 2.7854058742523193
number of sums: 42
number of subs: 68
number of prods: 83
opt_time: 1.0544297695159912
     fun: 4.626452437665116
     jac: array([1., 1., 1., 1., 1., 1., 1., 1., 1., 1.])
 message: 'Optimization terminated successfully'
    nfev: 5
     nit: 5
    njev: 5
  status: 0
 success: True
       x: array([0.07529049, 0.85      , 0.07529049, 0.85      , 0.07529049,
       0.85      , 0.07529049, 0.85      , 0.07529049, 0.85      ])

real	0m8.252s
user	0m7.439s
sys	0m0.636s
Ended at: 
Thu Dec  7 17:57:03 CET 2023
