Started at: 
Thu Dec  7 17:56:10 CET 2023
Instance: 2
[INFO] aspmc: Tree Decomposition #bags: 30 unfolded treewidth: 4 #vertices: 39
[INFO] aspmc: Preprocessing disabled
[INFO] aspmc:    Stats Compilation
[INFO] aspmc: ------------------------------------------------------------
[INFO] aspmc: X/D-Constrained Tree Decomposition #bags: 45 treewidth: 11 #vertices: 57
[INFO] aspmc: Dtree time:               2.0278160572052
[INFO] aspmc: Compilation time:         0.028549671173095703
[INFO] aspmc: Preparation time:         0.00011348724365234375
[INFO] aspmc: Counting time:            0.7812759876251221
[INFO] aspmc: ------------------------------------------------------------
[0.97::a0., 0.03::a1., 0.97::a2., 0.03::a3., 0.97::a4., 0.03::a5., 0.97::a6., 0.03::a7., 0.97::a8., 0.03::a9., 0.97::a10., 0.03::a11., 0.97::a12., 0.03::a13., 0.97::a14., qr:-not a0., qr:-a1,not nqr., nqr:-a1,not qr., qr:-not a2., qr:-a3,not nqr., nqr:-a3,not qr., qr:-not a4., qr:-a5,not nqr., nqr:-a5,not qr., qr:-not a6., qr:-a7,not nqr., nqr:-a7,not qr., qr:-not a8., qr:-a9,not nqr., nqr:-a9,not qr., qr:-not a10., qr:-a11,not nqr., nqr:-a11,not qr., qr:-not a12., qr:-a13,not nqr., nqr:-a13,not qr., qr:-not a14., query(qr).]
tracc
nnf_construction_time: 3.947599172592163
Pre simplification
number of sums: 3839
number of prods: 7807
len(eq): 56
0.673027090165575*v_1*v_11 - 0.673027090165575*v_1 + 1.0
Post simplification
symp_time: 1.3625178337097168
number of sums: 1
number of subs: 1
number of prods: 3
opt_time: 0.0020933151245117188
     fun: 0.8999999999999999
   maxcv: 1.3877787807814457e-17
 message: 'Optimization terminated successfully.'
    nfev: 14
  status: 1
 success: True
       x: array([0.85, 0.05])

real	0m6.457s
user	0m5.718s
sys	0m0.613s
Instance: 3
[INFO] aspmc: Tree Decomposition #bags: 30 unfolded treewidth: 4 #vertices: 39
[INFO] aspmc: Preprocessing disabled
[INFO] aspmc:    Stats Compilation
[INFO] aspmc: ------------------------------------------------------------
[INFO] aspmc: X/D-Constrained Tree Decomposition #bags: 45 treewidth: 11 #vertices: 57
[INFO] aspmc: Dtree time:               2.0292136669158936
[INFO] aspmc: Compilation time:         0.02835869789123535
[INFO] aspmc: Preparation time:         0.00011038780212402344
[INFO] aspmc: Counting time:            0.8060357570648193
[INFO] aspmc: ------------------------------------------------------------
[0.97::a0., 0.03::a1., 0.97::a2., 0.03::a3., 0.97::a4., 0.03::a5., 0.97::a6., 0.03::a7., 0.97::a8., 0.03::a9., 0.97::a10., 0.03::a11., 0.97::a12., 0.03::a13., 0.97::a14., qr:-not a0., qr:-a1,not nqr., nqr:-a1,not qr., qr:-not a2., qr:-a3,not nqr., nqr:-a3,not qr., qr:-not a4., qr:-a5,not nqr., nqr:-a5,not qr., qr:-not a6., qr:-a7,not nqr., nqr:-a7,not qr., qr:-not a8., qr:-a9,not nqr., nqr:-a9,not qr., qr:-not a10., qr:-a11,not nqr., nqr:-a11,not qr., qr:-not a12., qr:-a13,not nqr., nqr:-a13,not qr., qr:-not a14., query(qr).]
tracc
nnf_construction_time: 3.9742727279663086
Pre simplification
number of sums: 3839
number of prods: 7807
len(eq): 123
0.693842360995438*v_1*v_11*v_3 - 0.693842360995438*v_1*v_3 + 1.11022302462516e-16*v_11*v_3 - 1.11022302462516e-16*v_3 + 1.0
Post simplification
symp_time: 1.517211675643921
number of sums: 2
number of subs: 4
number of prods: 8
opt_time: 0.0047533512115478516
     fun: 0.95
   maxcv: 1.3877787807814457e-17
 message: 'Optimization terminated successfully.'
    nfev: 20
  status: 1
 success: True
       x: array([0.05, 0.85, 0.05])

real	0m6.560s
user	0m5.793s
sys	0m0.618s
Instance: 4
[INFO] aspmc: Tree Decomposition #bags: 30 unfolded treewidth: 4 #vertices: 39
[INFO] aspmc: Preprocessing disabled
[INFO] aspmc:    Stats Compilation
[INFO] aspmc: ------------------------------------------------------------
[INFO] aspmc: X/D-Constrained Tree Decomposition #bags: 45 treewidth: 11 #vertices: 57
[INFO] aspmc: Dtree time:               2.0294721126556396
[INFO] aspmc: Compilation time:         0.028673171997070312
[INFO] aspmc: Preparation time:         0.00010704994201660156
[INFO] aspmc: Counting time:            0.8224573135375977
[INFO] aspmc: ------------------------------------------------------------
[0.97::a0., 0.03::a1., 0.97::a2., 0.03::a3., 0.97::a4., 0.03::a5., 0.97::a6., 0.03::a7., 0.97::a8., 0.03::a9., 0.97::a10., 0.03::a11., 0.97::a12., 0.03::a13., 0.97::a14., qr:-not a0., qr:-a1,not nqr., nqr:-a1,not qr., qr:-not a2., qr:-a3,not nqr., nqr:-a3,not qr., qr:-not a4., qr:-a5,not nqr., nqr:-a5,not qr., qr:-not a6., qr:-a7,not nqr., nqr:-a7,not qr., qr:-not a8., qr:-a9,not nqr., nqr:-a9,not qr., qr:-not a10., qr:-a11,not nqr., nqr:-a11,not qr., qr:-not a12., qr:-a13,not nqr., nqr:-a13,not qr., qr:-not a14., query(qr).]
tracc
nnf_construction_time: 3.9954872131347656
Pre simplification
number of sums: 3839
number of prods: 7807
len(eq): 260
-0.71530140308808*v_1*v_11*v_12*v_3 + 0.71530140308808*v_1*v_11*v_3 + 0.71530140308808*v_1*v_12*v_3 - 0.71530140308808*v_1*v_3 - 1.11022302462516e-16*v_11*v_12*v_3 + 1.11022302462516e-16*v_11*v_3 + 1.11022302462516e-16*v_12*v_3 - 1.11022302462516e-16*v_3 + 1.0
Post simplification
symp_time: 1.6119482517242432
number of sums: 5
number of subs: 8
number of prods: 20
opt_time: 0.00931692123413086
     fun: 1.7999999999999998
   maxcv: 4.163336342344337e-17
 message: 'Optimization terminated successfully.'
    nfev: 26
  status: 1
 success: True
       x: array([0.85, 0.05, 0.85, 0.05])

real	0m6.703s
user	0m5.988s
sys	0m0.577s
Instance: 5
[INFO] aspmc: Tree Decomposition #bags: 30 unfolded treewidth: 4 #vertices: 39
[INFO] aspmc: Preprocessing disabled
[INFO] aspmc:    Stats Compilation
[INFO] aspmc: ------------------------------------------------------------
[INFO] aspmc: X/D-Constrained Tree Decomposition #bags: 45 treewidth: 11 #vertices: 57
[INFO] aspmc: Dtree time:               2.0281238555908203
[INFO] aspmc: Compilation time:         0.028646469116210938
[INFO] aspmc: Preparation time:         0.0001010894775390625
[INFO] aspmc: Counting time:            0.8016629219055176
[INFO] aspmc: ------------------------------------------------------------
[0.97::a0., 0.03::a1., 0.97::a2., 0.03::a3., 0.97::a4., 0.03::a5., 0.97::a6., 0.03::a7., 0.97::a8., 0.03::a9., 0.97::a10., 0.03::a11., 0.97::a12., 0.03::a13., 0.97::a14., qr:-not a0., qr:-a1,not nqr., nqr:-a1,not qr., qr:-not a2., qr:-a3,not nqr., nqr:-a3,not qr., qr:-not a4., qr:-a5,not nqr., nqr:-a5,not qr., qr:-not a6., qr:-a7,not nqr., nqr:-a7,not qr., qr:-not a8., qr:-a9,not nqr., nqr:-a9,not qr., qr:-not a10., qr:-a11,not nqr., nqr:-a11,not qr., qr:-not a12., qr:-a13,not nqr., nqr:-a13,not qr., qr:-not a14., query(qr).]
tracc
nnf_construction_time: 3.972672462463379
Pre simplification
number of sums: 3839
number of prods: 7807
len(eq): 296
-0.737424126894928*v_1*v_11*v_12*v_3*v_4 + 0.737424126894928*v_1*v_11*v_3*v_4 + 0.737424126894928*v_1*v_12*v_3*v_4 - 0.737424126894928*v_1*v_3*v_4 - 1.11022302462516e-16*v_11*v_12*v_3*v_4 + 1.11022302462516e-16*v_11*v_3*v_4 + 1.11022302462516e-16*v_12*v_3*v_4 - 2.22044604925031e-16*v_3*v_4 + 1.0
Post simplification
symp_time: 1.6211624145507812
number of sums: 5
number of subs: 8
number of prods: 28
opt_time: 0.01659846305847168
     fun: 1.8499999999999999
   maxcv: 1.3877787807814457e-17
 message: 'Optimization terminated successfully.'
    nfev: 32
  status: 1
 success: True
       x: array([0.05, 0.85, 0.05, 0.85, 0.05])

real	0m6.695s
user	0m5.962s
sys	0m0.603s
Instance: 6
[INFO] aspmc: Tree Decomposition #bags: 30 unfolded treewidth: 4 #vertices: 39
[INFO] aspmc: Preprocessing disabled
[INFO] aspmc:    Stats Compilation
[INFO] aspmc: ------------------------------------------------------------
[INFO] aspmc: X/D-Constrained Tree Decomposition #bags: 45 treewidth: 11 #vertices: 57
[INFO] aspmc: Dtree time:               2.0283591747283936
[INFO] aspmc: Compilation time:         0.028525114059448242
[INFO] aspmc: Preparation time:         0.00010323524475097656
[INFO] aspmc: Counting time:            0.7841966152191162
[INFO] aspmc: ------------------------------------------------------------
[0.97::a0., 0.03::a1., 0.97::a2., 0.03::a3., 0.97::a4., 0.03::a5., 0.97::a6., 0.03::a7., 0.97::a8., 0.03::a9., 0.97::a10., 0.03::a11., 0.97::a12., 0.03::a13., 0.97::a14., qr:-not a0., qr:-a1,not nqr., nqr:-a1,not qr., qr:-not a2., qr:-a3,not nqr., nqr:-a3,not qr., qr:-not a4., qr:-a5,not nqr., nqr:-a5,not qr., qr:-not a6., qr:-a7,not nqr., nqr:-a7,not qr., qr:-not a8., qr:-a9,not nqr., nqr:-a9,not qr., qr:-not a10., qr:-a11,not nqr., nqr:-a11,not qr., qr:-not a12., qr:-a13,not nqr., nqr:-a13,not qr., qr:-not a14., query(qr).]
tracc
nnf_construction_time: 3.949650287628174
Pre simplification
number of sums: 3839
number of prods: 7807
len(eq): 627
0.760231058654565*v_1*v_11*v_12*v_13*v_3*v_4 - 0.760231058654565*v_1*v_11*v_12*v_3*v_4 - 0.760231058654565*v_1*v_11*v_13*v_3*v_4 + 0.760231058654565*v_1*v_11*v_3*v_4 - 0.760231058654565*v_1*v_12*v_13*v_3*v_4 + 0.760231058654565*v_1*v_12*v_3*v_4 + 0.760231058654565*v_1*v_13*v_3*v_4 - 0.760231058654565*v_1*v_3*v_4 + 1.11022302462516e-16*v_11*v_12*v_13*v_3*v_4 - 1.11022302462516e-16*v_11*v_12*v_3*v_4 - 1.11022302462516e-16*v_11*v_13*v_3*v_4 + 1.11022302462516e-16*v_11*v_3*v_4 - 1.11022302462516e-16*v_12*v_13*v_3*v_4 + 1.11022302462516e-16*v_12*v_3*v_4 + 1.11022302462516e-16*v_13*v_3*v_4 - 2.22044604925031e-16*v_3*v_4 + 1.0
Post simplification
symp_time: 1.8234622478485107
number of sums: 8
number of subs: 16
number of prods: 64
opt_time: 0.027407169342041016
     fun: 2.6999999999999997
   maxcv: 5.551115123125783e-17
 message: 'Optimization terminated successfully.'
    nfev: 38
  status: 1
 success: True
       x: array([0.85, 0.05, 0.85, 0.05, 0.85, 0.05])

real	0m6.903s
user	0m6.180s
sys	0m0.574s
Instance: 7
[INFO] aspmc: Tree Decomposition #bags: 30 unfolded treewidth: 4 #vertices: 39
[INFO] aspmc: Preprocessing disabled
[INFO] aspmc:    Stats Compilation
[INFO] aspmc: ------------------------------------------------------------
[INFO] aspmc: X/D-Constrained Tree Decomposition #bags: 45 treewidth: 11 #vertices: 57
[INFO] aspmc: Dtree time:               2.0278329849243164
[INFO] aspmc: Compilation time:         0.02818608283996582
[INFO] aspmc: Preparation time:         0.00010800361633300781
[INFO] aspmc: Counting time:            0.793442964553833
[INFO] aspmc: ------------------------------------------------------------
[0.97::a0., 0.03::a1., 0.97::a2., 0.03::a3., 0.97::a4., 0.03::a5., 0.97::a6., 0.03::a7., 0.97::a8., 0.03::a9., 0.97::a10., 0.03::a11., 0.97::a12., 0.03::a13., 0.97::a14., qr:-not a0., qr:-a1,not nqr., nqr:-a1,not qr., qr:-not a2., qr:-a3,not nqr., nqr:-a3,not qr., qr:-not a4., qr:-a5,not nqr., nqr:-a5,not qr., qr:-not a6., qr:-a7,not nqr., nqr:-a7,not qr., qr:-not a8., qr:-a9,not nqr., nqr:-a9,not qr., qr:-not a10., qr:-a11,not nqr., nqr:-a11,not qr., qr:-not a12., qr:-a13,not nqr., nqr:-a13,not qr., qr:-not a14., query(qr).]
tracc
nnf_construction_time: 3.958408832550049
Pre simplification
number of sums: 3839
number of prods: 7807
len(eq): 351
0.783743359437696*v_1*v_11*v_12*v_13*v_3*v_4*v_5 - 0.783743359437696*v_1*v_11*v_12*v_3*v_4*v_5 - 0.783743359437696*v_1*v_11*v_13*v_3*v_4*v_5 + 0.783743359437696*v_1*v_11*v_3*v_4*v_5 - 0.783743359437696*v_1*v_12*v_13*v_3*v_4*v_5 + 0.783743359437696*v_1*v_12*v_3*v_4*v_5 + 0.783743359437696*v_1*v_13*v_3*v_4*v_5 - 0.783743359437696*v_1*v_3*v_4*v_5 + 1.0
Post simplification
symp_time: 1.885448932647705
number of sums: 4
number of subs: 4
number of prods: 44
opt_time: 0.03827714920043945
     fun: 2.7499999999999996
   maxcv: 1.1102230246251565e-16
 message: 'Optimization terminated successfully.'
    nfev: 44
  status: 1
 success: True
       x: array([0.05, 0.85, 0.05, 0.85, 0.05, 0.85, 0.05])

real	0m6.938s
user	0m6.221s
sys	0m0.576s
Instance: 8
[INFO] aspmc: Tree Decomposition #bags: 30 unfolded treewidth: 4 #vertices: 39
[INFO] aspmc: Preprocessing disabled
[INFO] aspmc:    Stats Compilation
[INFO] aspmc: ------------------------------------------------------------
[INFO] aspmc: X/D-Constrained Tree Decomposition #bags: 45 treewidth: 11 #vertices: 57
[INFO] aspmc: Dtree time:               2.0283381938934326
[INFO] aspmc: Compilation time:         0.028618812561035156
[INFO] aspmc: Preparation time:         0.00010561943054199219
[INFO] aspmc: Counting time:            0.7960302829742432
[INFO] aspmc: ------------------------------------------------------------
[0.97::a0., 0.03::a1., 0.97::a2., 0.03::a3., 0.97::a4., 0.03::a5., 0.97::a6., 0.03::a7., 0.97::a8., 0.03::a9., 0.97::a10., 0.03::a11., 0.97::a12., 0.03::a13., 0.97::a14., qr:-not a0., qr:-a1,not nqr., nqr:-a1,not qr., qr:-not a2., qr:-a3,not nqr., nqr:-a3,not qr., qr:-not a4., qr:-a5,not nqr., nqr:-a5,not qr., qr:-not a6., qr:-a7,not nqr., nqr:-a7,not qr., qr:-not a8., qr:-a9,not nqr., nqr:-a9,not qr., qr:-not a10., qr:-a11,not nqr., nqr:-a11,not qr., qr:-not a12., qr:-a13,not nqr., nqr:-a13,not qr., qr:-not a14., query(qr).]
tracc
nnf_construction_time: 3.9610702991485596
Pre simplification
number of sums: 3839
number of prods: 7807
len(eq): 724
-0.80798284478113*v_1*v_11*v_12*v_13*v_14*v_3*v_4*v_5 + 0.80798284478113*v_1*v_11*v_12*v_13*v_3*v_4*v_5 + 0.80798284478113*v_1*v_11*v_12*v_14*v_3*v_4*v_5 - 0.80798284478113*v_1*v_11*v_12*v_3*v_4*v_5 + 0.80798284478113*v_1*v_11*v_13*v_14*v_3*v_4*v_5 - 0.80798284478113*v_1*v_11*v_13*v_3*v_4*v_5 - 0.80798284478113*v_1*v_11*v_14*v_3*v_4*v_5 + 0.80798284478113*v_1*v_11*v_3*v_4*v_5 + 0.80798284478113*v_1*v_12*v_13*v_14*v_3*v_4*v_5 - 0.80798284478113*v_1*v_12*v_13*v_3*v_4*v_5 - 0.80798284478113*v_1*v_12*v_14*v_3*v_4*v_5 + 0.80798284478113*v_1*v_12*v_3*v_4*v_5 - 0.80798284478113*v_1*v_13*v_14*v_3*v_4*v_5 + 0.80798284478113*v_1*v_13*v_3*v_4*v_5 + 0.80798284478113*v_1*v_14*v_3*v_4*v_5 - 0.80798284478113*v_1*v_3*v_4*v_5 + 1.0
Post simplification
symp_time: 2.263709545135498
number of sums: 9
number of subs: 8
number of prods: 96
opt_time: 0.0637826919555664
     fun: 3.5999999999999996
   maxcv: 1.1102230246251565e-16
 message: 'Optimization terminated successfully.'
    nfev: 55
  status: 1
 success: True
       x: array([0.85, 0.05, 0.85, 0.05, 0.85, 0.05, 0.85, 0.05])

real	0m7.367s
user	0m6.635s
sys	0m0.590s
Instance: 9
[INFO] aspmc: Tree Decomposition #bags: 30 unfolded treewidth: 4 #vertices: 39
[INFO] aspmc: Preprocessing disabled
[INFO] aspmc:    Stats Compilation
[INFO] aspmc: ------------------------------------------------------------
[INFO] aspmc: X/D-Constrained Tree Decomposition #bags: 45 treewidth: 11 #vertices: 57
[INFO] aspmc: Dtree time:               2.0286362171173096
[INFO] aspmc: Compilation time:         0.028049707412719727
[INFO] aspmc: Preparation time:         0.00010514259338378906
[INFO] aspmc: Counting time:            0.7621273994445801
[INFO] aspmc: ------------------------------------------------------------
[0.97::a0., 0.03::a1., 0.97::a2., 0.03::a3., 0.97::a4., 0.03::a5., 0.97::a6., 0.03::a7., 0.97::a8., 0.03::a9., 0.97::a10., 0.03::a11., 0.97::a12., 0.03::a13., 0.97::a14., qr:-not a0., qr:-a1,not nqr., nqr:-a1,not qr., qr:-not a2., qr:-a3,not nqr., nqr:-a3,not qr., qr:-not a4., qr:-a5,not nqr., nqr:-a5,not qr., qr:-not a6., qr:-a7,not nqr., nqr:-a7,not qr., qr:-not a8., qr:-a9,not nqr., nqr:-a9,not qr., qr:-not a10., qr:-a11,not nqr., nqr:-a11,not qr., qr:-not a12., qr:-a13,not nqr., nqr:-a13,not qr., qr:-not a14., query(qr).]
tracc
nnf_construction_time: 3.935012102127075
Pre simplification
number of sums: 3839
number of prods: 7807
len(eq): 756
-0.832972004929*v_1*v_11*v_12*v_13*v_14*v_3*v_4*v_5*v_6 + 0.832972004929*v_1*v_11*v_12*v_13*v_3*v_4*v_5*v_6 + 0.832972004929*v_1*v_11*v_12*v_14*v_3*v_4*v_5*v_6 - 0.832972004929*v_1*v_11*v_12*v_3*v_4*v_5*v_6 + 0.832972004929*v_1*v_11*v_13*v_14*v_3*v_4*v_5*v_6 - 0.832972004929*v_1*v_11*v_13*v_3*v_4*v_5*v_6 - 0.832972004929*v_1*v_11*v_14*v_3*v_4*v_5*v_6 + 0.832972004929*v_1*v_11*v_3*v_4*v_5*v_6 + 0.832972004929*v_1*v_12*v_13*v_14*v_3*v_4*v_5*v_6 - 0.832972004929*v_1*v_12*v_13*v_3*v_4*v_5*v_6 - 0.832972004929*v_1*v_12*v_14*v_3*v_4*v_5*v_6 + 0.832972004929*v_1*v_12*v_3*v_4*v_5*v_6 - 0.832972004929*v_1*v_13*v_14*v_3*v_4*v_5*v_6 + 0.832972004929*v_1*v_13*v_3*v_4*v_5*v_6 + 0.832972004929*v_1*v_14*v_3*v_4*v_5*v_6 - 0.832972004929*v_1*v_3*v_4*v_5*v_6 + 1.0
Post simplification
symp_time: 2.232677698135376
number of sums: 9
number of subs: 8
number of prods: 112
opt_time: 0.08536624908447266
     fun: 3.65
   maxcv: 4.163336342344337e-17
 message: 'Optimization terminated successfully.'
    nfev: 57
  status: 1
 success: True
       x: array([0.05, 0.85, 0.05, 0.85, 0.05, 0.85, 0.05, 0.85, 0.05])

real	0m7.321s
user	0m6.574s
sys	0m0.609s
Instance: 10
[INFO] aspmc: Tree Decomposition #bags: 30 unfolded treewidth: 4 #vertices: 39
[INFO] aspmc: Preprocessing disabled
[INFO] aspmc:    Stats Compilation
[INFO] aspmc: ------------------------------------------------------------
[INFO] aspmc: X/D-Constrained Tree Decomposition #bags: 45 treewidth: 11 #vertices: 57
[INFO] aspmc: Dtree time:               2.0270819664001465
[INFO] aspmc: Compilation time:         0.0277862548828125
[INFO] aspmc: Preparation time:         0.0001087188720703125
[INFO] aspmc: Counting time:            0.7657642364501953
[INFO] aspmc: ------------------------------------------------------------
[0.97::a0., 0.03::a1., 0.97::a2., 0.03::a3., 0.97::a4., 0.03::a5., 0.97::a6., 0.03::a7., 0.97::a8., 0.03::a9., 0.97::a10., 0.03::a11., 0.97::a12., 0.03::a13., 0.97::a14., qr:-not a0., qr:-a1,not nqr., nqr:-a1,not qr., qr:-not a2., qr:-a3,not nqr., nqr:-a3,not qr., qr:-not a4., qr:-a5,not nqr., nqr:-a5,not qr., qr:-not a6., qr:-a7,not nqr., nqr:-a7,not qr., qr:-not a8., qr:-a9,not nqr., nqr:-a9,not qr., qr:-not a10., qr:-a11,not nqr., nqr:-a11,not qr., qr:-not a12., qr:-a13,not nqr., nqr:-a13,not qr., qr:-not a14., query(qr).]
tracc
nnf_construction_time: 3.9240243434906006
Pre simplification
number of sums: 3839
number of prods: 7807
len(eq): 1761
v_11*(-1.0*v_1*(0.912673*v_3*v_4*v_5*(v_6 - 1) + 0.912673*v_3*v_4*(v_5 - 1) + 0.912673*v_3*(v_4 - 1) + 0.912673*v_3 - 1.0) + 0.912673*v_3*v_4*v_5*v_6 + 1.0*(v_1 - 1)*(0.912673*v_3*v_4*v_5*(v_6 - 1) + 0.912673*v_3*v_4*(v_5 - 1) + 0.912673*v_3*(v_4 - 1) + 0.912673*v_3 - 1.0)) - (v_11 - 1)*(v_12*(-1.0*v_1*(0.912673*v_3*v_4*v_5*(v_6 - 1) + 0.912673*v_3*v_4*(v_5 - 1) + 0.912673*v_3*(v_4 - 1) + 0.912673*v_3 - 1.0) + 0.912673*v_3*v_4*v_5*v_6 + 1.0*(v_1 - 1)*(0.912673*v_3*v_4*v_5*(v_6 - 1) + 0.912673*v_3*v_4*(v_5 - 1) + 0.912673*v_3*(v_4 - 1) + 0.912673*v_3 - 1.0)) - (v_12 - 1)*(v_13*(-1.0*v_1*(0.912673*v_3*v_4*v_5*(v_6 - 1) + 0.912673*v_3*v_4*(v_5 - 1) + 0.912673*v_3*(v_4 - 1) + 0.912673*v_3 - 1.0) + 0.912673*v_3*v_4*v_5*v_6 + 1.0*(v_1 - 1)*(0.912673*v_3*v_4*v_5*(v_6 - 1) + 0.912673*v_3*v_4*(v_5 - 1) + 0.912673*v_3*(v_4 - 1) + 0.912673*v_3 - 1.0)) - (v_13 - 1)*(v_14*(-1.0*v_1*(0.912673*v_3*v_4*v_5*(v_6 - 1) + 0.912673*v_3*v_4*(v_5 - 1) + 0.912673*v_3*(v_4 - 1) + 0.912673*v_3 - 1.0) + 0.912673*v_3*v_4*v_5*v_6 + 1.0*(v_1 - 1)*(0.912673*v_3*v_4*v_5*(v_6 - 1) + 0.912673*v_3*v_4*(v_5 - 1) + 0.912673*v_3*(v_4 - 1) + 0.912673*v_3 - 1.0)) - (v_14 - 1)*(v_15*(-1.0*v_1*(0.912673*v_3*v_4*v_5*(v_6 - 1) + 0.912673*v_3*v_4*(v_5 - 1) + 0.912673*v_3*(v_4 - 1) + 0.912673*v_3 - 1.0) + 0.912673*v_3*v_4*v_5*v_6 + 1.0*(v_1 - 1)*(0.912673*v_3*v_4*v_5*(v_6 - 1) + 0.912673*v_3*v_4*(v_5 - 1) + 0.912673*v_3*(v_4 - 1) + 0.912673*v_3 - 1.0)) + (v_15 - 1)*(1.0*v_1*(0.912673*v_3*v_4*v_5*(v_6 - 1) + 0.912673*v_3*v_4*(v_5 - 1) + 0.912673*v_3*(v_4 - 1) + 0.912673*v_3 - 1.0) + 0.8587340257*v_3*v_4*v_5*v_6*(v_1 - 1) - 0.0539389743*v_3*v_4*v_5*v_6 - 1.0*(v_1 - 1)*(0.912673*v_3*v_4*v_5*(v_6 - 1) + 0.912673*v_3*v_4*(v_5 - 1) + 0.912673*v_3*(v_4 - 1) + 0.912673*v_3 - 1.0))))))
Post simplification
symp_time: 4.013822793960571
number of sums: 48
number of subs: 71
number of prods: 183
opt_time: 0.11795377731323242
     fun: 4.499999999999999
   maxcv: 1.3877787807814457e-17
 message: 'Optimization terminated successfully.'
    nfev: 62
  status: 1
 success: True
       x: array([0.85, 0.05, 0.85, 0.05, 0.85, 0.05, 0.85, 0.05, 0.85, 0.05])

real	0m9.092s
user	0m8.360s
sys	0m0.573s
Instance: 11
[INFO] aspmc: Tree Decomposition #bags: 30 unfolded treewidth: 4 #vertices: 39
[INFO] aspmc: Preprocessing disabled
[INFO] aspmc:    Stats Compilation
[INFO] aspmc: ------------------------------------------------------------
[INFO] aspmc: X/D-Constrained Tree Decomposition #bags: 45 treewidth: 11 #vertices: 57
[INFO] aspmc: Dtree time:               2.0259814262390137
[INFO] aspmc: Compilation time:         0.026790618896484375
[INFO] aspmc: Preparation time:         9.369850158691406e-05
[INFO] aspmc: Counting time:            0.7578577995300293
[INFO] aspmc: ------------------------------------------------------------
[0.97::a0., 0.03::a1., 0.97::a2., 0.03::a3., 0.97::a4., 0.03::a5., 0.97::a6., 0.03::a7., 0.97::a8., 0.03::a9., 0.97::a10., 0.03::a11., 0.97::a12., 0.03::a13., 0.97::a14., qr:-not a0., qr:-a1,not nqr., nqr:-a1,not qr., qr:-not a2., qr:-a3,not nqr., nqr:-a3,not qr., qr:-not a4., qr:-a5,not nqr., nqr:-a5,not qr., qr:-not a6., qr:-a7,not nqr., nqr:-a7,not qr., qr:-not a8., qr:-a9,not nqr., nqr:-a9,not qr., qr:-not a10., qr:-a11,not nqr., nqr:-a11,not qr., qr:-not a12., qr:-a13,not nqr., nqr:-a13,not qr., qr:-not a14., query(qr).]
tracc
nnf_construction_time: 3.910005569458008
Pre simplification
number of sums: 3839
number of prods: 7807
len(eq): 1587
0.88529281*v_1*v_11*v_12*v_13*v_14*v_15*v_3*v_4*v_5*v_6*v_7 - 0.88529281*v_1*v_11*v_12*v_13*v_14*v_3*v_4*v_5*v_6*v_7 - 0.88529281*v_1*v_11*v_12*v_13*v_15*v_3*v_4*v_5*v_6*v_7 + 0.88529281*v_1*v_11*v_12*v_13*v_3*v_4*v_5*v_6*v_7 - 0.88529281*v_1*v_11*v_12*v_14*v_15*v_3*v_4*v_5*v_6*v_7 + 0.88529281*v_1*v_11*v_12*v_14*v_3*v_4*v_5*v_6*v_7 + 0.88529281*v_1*v_11*v_12*v_15*v_3*v_4*v_5*v_6*v_7 - 0.88529281*v_1*v_11*v_12*v_3*v_4*v_5*v_6*v_7 - 0.88529281*v_1*v_11*v_13*v_14*v_15*v_3*v_4*v_5*v_6*v_7 + 0.88529281*v_1*v_11*v_13*v_14*v_3*v_4*v_5*v_6*v_7 + 0.88529281*v_1*v_11*v_13*v_15*v_3*v_4*v_5*v_6*v_7 - 0.88529281*v_1*v_11*v_13*v_3*v_4*v_5*v_6*v_7 + 0.88529281*v_1*v_11*v_14*v_15*v_3*v_4*v_5*v_6*v_7 - 0.88529281*v_1*v_11*v_14*v_3*v_4*v_5*v_6*v_7 - 0.88529281*v_1*v_11*v_15*v_3*v_4*v_5*v_6*v_7 + 0.88529281*v_1*v_11*v_3*v_4*v_5*v_6*v_7 - 0.88529281*v_1*v_12*v_13*v_14*v_15*v_3*v_4*v_5*v_6*v_7 + 0.88529281*v_1*v_12*v_13*v_14*v_3*v_4*v_5*v_6*v_7 + 0.88529281*v_1*v_12*v_13*v_15*v_3*v_4*v_5*v_6*v_7 - 0.88529281*v_1*v_12*v_13*v_3*v_4*v_5*v_6*v_7 + 0.88529281*v_1*v_12*v_14*v_15*v_3*v_4*v_5*v_6*v_7 - 0.88529281*v_1*v_12*v_14*v_3*v_4*v_5*v_6*v_7 - 0.88529281*v_1*v_12*v_15*v_3*v_4*v_5*v_6*v_7 + 0.88529281*v_1*v_12*v_3*v_4*v_5*v_6*v_7 + 0.88529281*v_1*v_13*v_14*v_15*v_3*v_4*v_5*v_6*v_7 - 0.88529281*v_1*v_13*v_14*v_3*v_4*v_5*v_6*v_7 - 0.88529281*v_1*v_13*v_15*v_3*v_4*v_5*v_6*v_7 + 0.88529281*v_1*v_13*v_3*v_4*v_5*v_6*v_7 - 0.88529281*v_1*v_14*v_15*v_3*v_4*v_5*v_6*v_7 + 0.88529281*v_1*v_14*v_3*v_4*v_5*v_6*v_7 + 0.88529281*v_1*v_15*v_3*v_4*v_5*v_6*v_7 - 0.88529281*v_1*v_3*v_4*v_5*v_6*v_7 + 1.0
Post simplification
symp_time: 3.1536335945129395
number of sums: 16
number of subs: 16
number of prods: 272
opt_time: 0.17133522033691406
     fun: 4.549999999999999
   maxcv: 6.938893903907228e-17
 message: 'Optimization terminated successfully.'
    nfev: 72
  status: 1
 success: True
       x: array([0.85, 0.05, 0.85, 0.05, 0.85, 0.05, 0.85, 0.05, 0.05, 0.85, 0.05])

real	0m8.243s
user	0m7.489s
sys	0m0.594s
Instance: 12
[INFO] aspmc: Tree Decomposition #bags: 30 unfolded treewidth: 4 #vertices: 39
[INFO] aspmc: Preprocessing disabled
[INFO] aspmc:    Stats Compilation
[INFO] aspmc: ------------------------------------------------------------
[INFO] aspmc: X/D-Constrained Tree Decomposition #bags: 45 treewidth: 11 #vertices: 57
[INFO] aspmc: Dtree time:               2.0260064601898193
[INFO] aspmc: Compilation time:         0.026862621307373047
[INFO] aspmc: Preparation time:         0.00011324882507324219
[INFO] aspmc: Counting time:            0.7065012454986572
[INFO] aspmc: ------------------------------------------------------------
[0.97::a0., 0.03::a1., 0.97::a2., 0.03::a3., 0.97::a4., 0.03::a5., 0.97::a6., 0.03::a7., 0.97::a8., 0.03::a9., 0.97::a10., 0.03::a11., 0.97::a12., 0.03::a13., 0.97::a14., qr:-not a0., qr:-a1,not nqr., nqr:-a1,not qr., qr:-not a2., qr:-a3,not nqr., nqr:-a3,not qr., qr:-not a4., qr:-a5,not nqr., nqr:-a5,not qr., qr:-not a6., qr:-a7,not nqr., nqr:-a7,not qr., qr:-not a8., qr:-a9,not nqr., nqr:-a9,not qr., qr:-not a10., qr:-a11,not nqr., nqr:-a11,not qr., qr:-not a12., qr:-a13,not nqr., nqr:-a13,not qr., qr:-not a14., query(qr).]
tracc
nnf_construction_time: 3.859066963195801
Pre simplification
number of sums: 3839
number of prods: 7807
len(eq): 2287
v_11*(-1.0*v_1*(0.9409*v_3*v_4*v_5*v_7*(v_6 - 1) + 0.9409*v_3*v_4*v_7*(v_5 - 1) + 0.9409*v_7*(v_3*(v_4 - 1) + v_3 - 1) + 0.9409*v_7 - 1.0) + 0.9409*v_3*v_4*v_5*v_6*v_7 + 1.0*(v_1 - 1)*(0.9409*v_3*v_4*v_5*v_7*(v_6 - 1) + 0.9409*v_3*v_4*v_7*(v_5 - 1) + 0.9409*v_7*(v_3*(v_4 - 1) + v_3 - 1) + 0.9409*v_7 - 1.0)) - (v_11 - 1)*(v_12*(-1.0*v_1*(0.9409*v_3*v_4*v_5*v_7*(v_6 - 1) + 0.9409*v_3*v_4*v_7*(v_5 - 1) + 0.9409*v_7*(v_3*(v_4 - 1) + v_3 - 1) + 0.9409*v_7 - 1.0) + 0.9409*v_3*v_4*v_5*v_6*v_7 + 1.0*(v_1 - 1)*(0.9409*v_3*v_4*v_5*v_7*(v_6 - 1) + 0.9409*v_3*v_4*v_7*(v_5 - 1) + 0.9409*v_7*(v_3*(v_4 - 1) + v_3 - 1) + 0.9409*v_7 - 1.0)) - (v_12 - 1)*(v_13*(-1.0*v_1*(0.9409*v_3*v_4*v_5*v_7*(v_6 - 1) + 0.9409*v_3*v_4*v_7*(v_5 - 1) + 0.9409*v_7*(v_3*(v_4 - 1) + v_3 - 1) + 0.9409*v_7 - 1.0) + 0.9409*v_3*v_4*v_5*v_6*v_7 + 1.0*(v_1 - 1)*(0.9409*v_3*v_4*v_5*v_7*(v_6 - 1) + 0.9409*v_3*v_4*v_7*(v_5 - 1) + 0.9409*v_7*(v_3*(v_4 - 1) + v_3 - 1) + 0.9409*v_7 - 1.0)) - (v_13 - 1)*(v_14*(-1.0*v_1*(0.9409*v_3*v_4*v_5*v_7*(v_6 - 1) + 0.9409*v_3*v_4*v_7*(v_5 - 1) + 0.9409*v_7*(v_3*(v_4 - 1) + v_3 - 1) + 0.9409*v_7 - 1.0) + 0.9409*v_3*v_4*v_5*v_6*v_7 + 1.0*(v_1 - 1)*(0.9409*v_3*v_4*v_5*v_7*(v_6 - 1) + 0.9409*v_3*v_4*v_7*(v_5 - 1) + 0.9409*v_7*(v_3*(v_4 - 1) + v_3 - 1) + 0.9409*v_7 - 1.0)) - (v_14 - 1)*(v_15*(-1.0*v_1*(0.9409*v_3*v_4*v_5*v_7*(v_6 - 1) + 0.9409*v_3*v_4*v_7*(v_5 - 1) + 0.9409*v_7*(v_3*(v_4 - 1) + v_3 - 1) + 0.9409*v_7 - 1.0) + 0.9409*v_3*v_4*v_5*v_6*v_7 + 1.0*(v_1 - 1)*(0.9409*v_3*v_4*v_5*v_7*(v_6 - 1) + 0.9409*v_3*v_4*v_7*(v_5 - 1) + 0.9409*v_7*(v_3*(v_4 - 1) + v_3 - 1) + 0.9409*v_7 - 1.0)) - (v_15 - 1)*(v_16*(-1.0*v_1*(0.9409*v_3*v_4*v_5*v_7*(v_6 - 1) + 0.9409*v_3*v_4*v_7*(v_5 - 1) + 0.9409*v_7*(v_3*(v_4 - 1) + v_3 - 1) + 0.9409*v_7 - 1.0) + 0.9409*v_3*v_4*v_5*v_6*v_7 + 1.0*(v_1 - 1)*(0.9409*v_3*v_4*v_5*v_7*(v_6 - 1) + 0.9409*v_3*v_4*v_7*(v_5 - 1) + 0.9409*v_7*(v_3*(v_4 - 1) + v_3 - 1) + 0.9409*v_7 - 1.0)) + (v_16 - 1)*(1.0*v_1*(0.9409*v_3*v_4*v_5*v_7*(v_6 - 1) + 0.9409*v_3*v_4*v_7*(v_5 - 1) + 0.9409*v_7*(v_3*(v_4 - 1) + v_3 - 1) + 0.9409*v_7 - 1.0) + 0.912673*v_3*v_4*v_5*v_6*v_7*(v_1 - 1) - 0.028227*v_3*v_4*v_5*v_6*v_7 - 1.0*(v_1 - 1)*(0.9409*v_3*v_4*v_5*v_7*(v_6 - 1) + 0.9409*v_3*v_4*v_7*(v_5 - 1) + 0.9409*v_7*(v_3*(v_4 - 1) + v_3 - 1) + 0.9409*v_7 - 1.0)))))))
Post simplification
symp_time: 7.1721272468566895
number of sums: 70
number of subs: 97
number of prods: 263
opt_time: 0.21924591064453125
     fun: 5.399999999999999
   maxcv: 4.163336342344337e-17
 message: 'Optimization terminated successfully.'
    nfev: 75
  status: 1
 success: True
       x: array([0.85, 0.05, 0.85, 0.05, 0.85, 0.05, 0.85, 0.05, 0.85, 0.05, 0.85,
       0.05])

real	0m12.284s
user	0m11.545s
sys	0m0.580s
Instance: 13
[INFO] aspmc: Tree Decomposition #bags: 30 unfolded treewidth: 4 #vertices: 39
[INFO] aspmc: Preprocessing disabled
[INFO] aspmc:    Stats Compilation
[INFO] aspmc: ------------------------------------------------------------
[INFO] aspmc: X/D-Constrained Tree Decomposition #bags: 45 treewidth: 11 #vertices: 57
[INFO] aspmc: Dtree time:               2.0264480113983154
[INFO] aspmc: Compilation time:         0.027368783950805664
[INFO] aspmc: Preparation time:         9.870529174804688e-05
[INFO] aspmc: Counting time:            0.7439405918121338
[INFO] aspmc: ------------------------------------------------------------
[0.97::a0., 0.03::a1., 0.97::a2., 0.03::a3., 0.97::a4., 0.03::a5., 0.97::a6., 0.03::a7., 0.97::a8., 0.03::a9., 0.97::a10., 0.03::a11., 0.97::a12., 0.03::a13., 0.97::a14., qr:-not a0., qr:-a1,not nqr., nqr:-a1,not qr., qr:-not a2., qr:-a3,not nqr., nqr:-a3,not qr., qr:-not a4., qr:-a5,not nqr., nqr:-a5,not qr., qr:-not a6., qr:-a7,not nqr., nqr:-a7,not qr., qr:-not a8., qr:-a9,not nqr., nqr:-a9,not qr., qr:-not a10., qr:-a11,not nqr., nqr:-a11,not qr., qr:-not a12., qr:-a13,not nqr., nqr:-a13,not qr., qr:-not a14., query(qr).]
tracc
nnf_construction_time: 3.897789239883423
Pre simplification
number of sums: 3839
number of prods: 7807
len(eq): 2835
v_11*(-1.0*v_1*(0.97*v_3*v_4*v_5*v_7*v_8*(v_6 - 1) + 0.97*v_3*v_4*v_7*v_8*(v_5 - 1) + 0.97*v_7*v_8*(v_3*(v_4 - 1) + v_3 - 1) - 0.03*v_7*v_8 + 1.0*v_8*(v_7 - 1) + 1.0*v_8 - 1.0) + 0.97*v_3*v_4*v_5*v_6*v_7*v_8 + 1.0*(v_1 - 1)*(0.97*v_3*v_4*v_5*v_7*v_8*(v_6 - 1) + 0.97*v_3*v_4*v_7*v_8*(v_5 - 1) + 0.97*v_7*v_8*(v_3*(v_4 - 1) + v_3 - 1) - 0.03*v_7*v_8 + 1.0*v_8*(v_7 - 1) + 1.0*v_8 - 1.0)) - (v_11 - 1)*(v_12*(-1.0*v_1*(0.97*v_3*v_4*v_5*v_7*v_8*(v_6 - 1) + 0.97*v_3*v_4*v_7*v_8*(v_5 - 1) + 0.97*v_7*v_8*(v_3*(v_4 - 1) + v_3 - 1) - 0.03*v_7*v_8 + 1.0*v_8*(v_7 - 1) + 1.0*v_8 - 1.0) + 0.97*v_3*v_4*v_5*v_6*v_7*v_8 + 1.0*(v_1 - 1)*(0.97*v_3*v_4*v_5*v_7*v_8*(v_6 - 1) + 0.97*v_3*v_4*v_7*v_8*(v_5 - 1) + 0.97*v_7*v_8*(v_3*(v_4 - 1) + v_3 - 1) - 0.03*v_7*v_8 + 1.0*v_8*(v_7 - 1) + 1.0*v_8 - 1.0)) - (v_12 - 1)*(v_13*(-1.0*v_1*(0.97*v_3*v_4*v_5*v_7*v_8*(v_6 - 1) + 0.97*v_3*v_4*v_7*v_8*(v_5 - 1) + 0.97*v_7*v_8*(v_3*(v_4 - 1) + v_3 - 1) - 0.03*v_7*v_8 + 1.0*v_8*(v_7 - 1) + 1.0*v_8 - 1.0) + 0.97*v_3*v_4*v_5*v_6*v_7*v_8 + 1.0*(v_1 - 1)*(0.97*v_3*v_4*v_5*v_7*v_8*(v_6 - 1) + 0.97*v_3*v_4*v_7*v_8*(v_5 - 1) + 0.97*v_7*v_8*(v_3*(v_4 - 1) + v_3 - 1) - 0.03*v_7*v_8 + 1.0*v_8*(v_7 - 1) + 1.0*v_8 - 1.0)) - (v_13 - 1)*(v_14*(-1.0*v_1*(0.97*v_3*v_4*v_5*v_7*v_8*(v_6 - 1) + 0.97*v_3*v_4*v_7*v_8*(v_5 - 1) + 0.97*v_7*v_8*(v_3*(v_4 - 1) + v_3 - 1) - 0.03*v_7*v_8 + 1.0*v_8*(v_7 - 1) + 1.0*v_8 - 1.0) + 0.97*v_3*v_4*v_5*v_6*v_7*v_8 + 1.0*(v_1 - 1)*(0.97*v_3*v_4*v_5*v_7*v_8*(v_6 - 1) + 0.97*v_3*v_4*v_7*v_8*(v_5 - 1) + 0.97*v_7*v_8*(v_3*(v_4 - 1) + v_3 - 1) - 0.03*v_7*v_8 + 1.0*v_8*(v_7 - 1) + 1.0*v_8 - 1.0)) - (v_14 - 1)*(v_15*(-1.0*v_1*(0.97*v_3*v_4*v_5*v_7*v_8*(v_6 - 1) + 0.97*v_3*v_4*v_7*v_8*(v_5 - 1) + 0.97*v_7*v_8*(v_3*(v_4 - 1) + v_3 - 1) - 0.03*v_7*v_8 + 1.0*v_8*(v_7 - 1) + 1.0*v_8 - 1.0) + 0.97*v_3*v_4*v_5*v_6*v_7*v_8 + 1.0*(v_1 - 1)*(0.97*v_3*v_4*v_5*v_7*v_8*(v_6 - 1) + 0.97*v_3*v_4*v_7*v_8*(v_5 - 1) + 0.97*v_7*v_8*(v_3*(v_4 - 1) + v_3 - 1) - 0.03*v_7*v_8 + 1.0*v_8*(v_7 - 1) + 1.0*v_8 - 1.0)) - (v_15 - 1)*(v_16*(-1.0*v_1*(0.97*v_3*v_4*v_5*v_7*v_8*(v_6 - 1) + 0.97*v_3*v_4*v_7*v_8*(v_5 - 1) + 0.97*v_7*v_8*(v_3*(v_4 - 1) + v_3 - 1) - 0.03*v_7*v_8 + 1.0*v_8*(v_7 - 1) + 1.0*v_8 - 1.0) + 0.97*v_3*v_4*v_5*v_6*v_7*v_8 + 1.0*(v_1 - 1)*(0.97*v_3*v_4*v_5*v_7*v_8*(v_6 - 1) + 0.97*v_3*v_4*v_7*v_8*(v_5 - 1) + 0.97*v_7*v_8*(v_3*(v_4 - 1) + v_3 - 1) - 0.03*v_7*v_8 + 1.0*v_8*(v_7 - 1) + 1.0*v_8 - 1.0)) + (v_16 - 1)*(1.0*v_1*(0.97*v_3*v_4*v_5*v_7*v_8*(v_6 - 1) + 0.97*v_3*v_4*v_7*v_8*(v_5 - 1) + 0.97*v_7*v_8*(v_3*(v_4 - 1) + v_3 - 1) - 0.03*v_7*v_8 + 1.0*v_8*(v_7 - 1) + 1.0*v_8 - 1.0) + 0.9409*v_3*v_4*v_5*v_6*v_7*v_8*(v_1 - 1) - 0.0291*v_3*v_4*v_5*v_6*v_7*v_8 - 1.0*(v_1 - 1)*(0.97*v_3*v_4*v_5*v_7*v_8*(v_6 - 1) + 0.97*v_3*v_4*v_7*v_8*(v_5 - 1) + 0.97*v_7*v_8*(v_3*(v_4 - 1) + v_3 - 1) - 0.03*v_7*v_8 + 1.0*v_8*(v_7 - 1) + 1.0*v_8 - 1.0)))))))
Post simplification
symp_time: 8.614912271499634
number of sums: 84
number of subs: 125
number of prods: 369
opt_time: 0.3090035915374756
     fun: 5.45
   maxcv: 1.1102230246251565e-16
 message: 'Optimization terminated successfully.'
    nfev: 85
  status: 1
 success: True
       x: array([0.85, 0.05, 0.85, 0.05, 0.85, 0.05, 0.85, 0.05, 0.05, 0.85, 0.05,
       0.85, 0.05])

real	0m13.859s
user	0m13.090s
sys	0m0.595s
Instance: 14
[INFO] aspmc: Tree Decomposition #bags: 30 unfolded treewidth: 4 #vertices: 39
[INFO] aspmc: Preprocessing disabled
[INFO] aspmc:    Stats Compilation
[INFO] aspmc: ------------------------------------------------------------
[INFO] aspmc: X/D-Constrained Tree Decomposition #bags: 45 treewidth: 11 #vertices: 57
[INFO] aspmc: Dtree time:               2.0286247730255127
[INFO] aspmc: Compilation time:         0.026239871978759766
[INFO] aspmc: Preparation time:         0.0001087188720703125
[INFO] aspmc: Counting time:            0.7241811752319336
[INFO] aspmc: ------------------------------------------------------------
[0.97::a0., 0.03::a1., 0.97::a2., 0.03::a3., 0.97::a4., 0.03::a5., 0.97::a6., 0.03::a7., 0.97::a8., 0.03::a9., 0.97::a10., 0.03::a11., 0.97::a12., 0.03::a13., 0.97::a14., qr:-not a0., qr:-a1,not nqr., nqr:-a1,not qr., qr:-not a2., qr:-a3,not nqr., nqr:-a3,not qr., qr:-not a4., qr:-a5,not nqr., nqr:-a5,not qr., qr:-not a6., qr:-a7,not nqr., nqr:-a7,not qr., qr:-not a8., qr:-a9,not nqr., nqr:-a9,not qr., qr:-not a10., qr:-a11,not nqr., nqr:-a11,not qr., qr:-not a12., qr:-a13,not nqr., nqr:-a13,not qr., qr:-not a14., query(qr).]
tracc
nnf_construction_time: 3.8795082569122314
Pre simplification
number of sums: 3839
number of prods: 7807
len(eq): 3138
v_11*(-v_1*(0.97*v_3*v_4*v_5*v_7*v_8*(v_6 - 1) + 0.97*v_3*v_4*v_7*v_8*(v_5 - 1) + 0.97*v_7*v_8*(v_3*(v_4 - 1) + v_3 - 1) - 0.03*v_7*v_8 + 1.0*v_8*(v_7 - 1) + 1.0*v_8 - 1.0) + 0.97*v_3*v_4*v_5*v_6*v_7*v_8 + (v_1 - 1)*(0.97*v_3*v_4*v_5*v_7*v_8*(v_6 - 1) + 0.97*v_3*v_4*v_7*v_8*(v_5 - 1) + 0.97*v_7*v_8*(v_3*(v_4 - 1) + v_3 - 1) - 0.03*v_7*v_8 + 1.0*v_8*(v_7 - 1) + 1.0*v_8 - 1.0)) - (v_11 - 1)*(v_12*(-v_1*(0.97*v_3*v_4*v_5*v_7*v_8*(v_6 - 1) + 0.97*v_3*v_4*v_7*v_8*(v_5 - 1) + 0.97*v_7*v_8*(v_3*(v_4 - 1) + v_3 - 1) - 0.03*v_7*v_8 + 1.0*v_8*(v_7 - 1) + 1.0*v_8 - 1.0) + 0.97*v_3*v_4*v_5*v_6*v_7*v_8 + (v_1 - 1)*(0.97*v_3*v_4*v_5*v_7*v_8*(v_6 - 1) + 0.97*v_3*v_4*v_7*v_8*(v_5 - 1) + 0.97*v_7*v_8*(v_3*(v_4 - 1) + v_3 - 1) - 0.03*v_7*v_8 + 1.0*v_8*(v_7 - 1) + 1.0*v_8 - 1.0)) - (v_12 - 1)*(v_13*(-v_1*(0.97*v_3*v_4*v_5*v_7*v_8*(v_6 - 1) + 0.97*v_3*v_4*v_7*v_8*(v_5 - 1) + 0.97*v_7*v_8*(v_3*(v_4 - 1) + v_3 - 1) - 0.03*v_7*v_8 + 1.0*v_8*(v_7 - 1) + 1.0*v_8 - 1.0) + 0.97*v_3*v_4*v_5*v_6*v_7*v_8 + (v_1 - 1)*(0.97*v_3*v_4*v_5*v_7*v_8*(v_6 - 1) + 0.97*v_3*v_4*v_7*v_8*(v_5 - 1) + 0.97*v_7*v_8*(v_3*(v_4 - 1) + v_3 - 1) - 0.03*v_7*v_8 + 1.0*v_8*(v_7 - 1) + 1.0*v_8 - 1.0)) - (v_13 - 1)*(v_14*(-v_1*(0.97*v_3*v_4*v_5*v_7*v_8*(v_6 - 1) + 0.97*v_3*v_4*v_7*v_8*(v_5 - 1) + 0.97*v_7*v_8*(v_3*(v_4 - 1) + v_3 - 1) - 0.03*v_7*v_8 + 1.0*v_8*(v_7 - 1) + 1.0*v_8 - 1.0) + 0.97*v_3*v_4*v_5*v_6*v_7*v_8 + (v_1 - 1)*(0.97*v_3*v_4*v_5*v_7*v_8*(v_6 - 1) + 0.97*v_3*v_4*v_7*v_8*(v_5 - 1) + 0.97*v_7*v_8*(v_3*(v_4 - 1) + v_3 - 1) - 0.03*v_7*v_8 + 1.0*v_8*(v_7 - 1) + 1.0*v_8 - 1.0)) - (v_14 - 1)*(v_15*(-v_1*(0.97*v_3*v_4*v_5*v_7*v_8*(v_6 - 1) + 0.97*v_3*v_4*v_7*v_8*(v_5 - 1) + 0.97*v_7*v_8*(v_3*(v_4 - 1) + v_3 - 1) - 0.03*v_7*v_8 + 1.0*v_8*(v_7 - 1) + 1.0*v_8 - 1.0) + 0.97*v_3*v_4*v_5*v_6*v_7*v_8 + (v_1 - 1)*(0.97*v_3*v_4*v_5*v_7*v_8*(v_6 - 1) + 0.97*v_3*v_4*v_7*v_8*(v_5 - 1) + 0.97*v_7*v_8*(v_3*(v_4 - 1) + v_3 - 1) - 0.03*v_7*v_8 + 1.0*v_8*(v_7 - 1) + 1.0*v_8 - 1.0)) - (v_15 - 1)*(v_16*(-v_1*(0.97*v_3*v_4*v_5*v_7*v_8*(v_6 - 1) + 0.97*v_3*v_4*v_7*v_8*(v_5 - 1) + 0.97*v_7*v_8*(v_3*(v_4 - 1) + v_3 - 1) - 0.03*v_7*v_8 + 1.0*v_8*(v_7 - 1) + 1.0*v_8 - 1.0) + 0.97*v_3*v_4*v_5*v_6*v_7*v_8 + (v_1 - 1)*(0.97*v_3*v_4*v_5*v_7*v_8*(v_6 - 1) + 0.97*v_3*v_4*v_7*v_8*(v_5 - 1) + 0.97*v_7*v_8*(v_3*(v_4 - 1) + v_3 - 1) - 0.03*v_7*v_8 + 1.0*v_8*(v_7 - 1) + 1.0*v_8 - 1.0)) - (v_16 - 1)*(v_17*(-v_1*(0.97*v_3*v_4*v_5*v_7*v_8*(v_6 - 1) + 0.97*v_3*v_4*v_7*v_8*(v_5 - 1) + 0.97*v_7*v_8*(v_3*(v_4 - 1) + v_3 - 1) - 0.03*v_7*v_8 + 1.0*v_8*(v_7 - 1) + 1.0*v_8 - 1.0) + 0.97*v_3*v_4*v_5*v_6*v_7*v_8 + (v_1 - 1)*(0.97*v_3*v_4*v_5*v_7*v_8*(v_6 - 1) + 0.97*v_3*v_4*v_7*v_8*(v_5 - 1) + 0.97*v_7*v_8*(v_3*(v_4 - 1) + v_3 - 1) - 0.03*v_7*v_8 + 1.0*v_8*(v_7 - 1) + 1.0*v_8 - 1.0)) + (v_17 - 1)*(v_1*(0.97*v_3*v_4*v_5*v_7*v_8*(v_6 - 1) + 0.97*v_3*v_4*v_7*v_8*(v_5 - 1) + 0.97*v_7*v_8*(v_3*(v_4 - 1) + v_3 - 1) - 0.03*v_7*v_8 + 1.0*v_8*(v_7 - 1) + 1.0*v_8 - 1.0) + 0.97*v_3*v_4*v_5*v_6*v_7*v_8*(v_1 - 1) - (v_1 - 1)*(0.97*v_3*v_4*v_5*v_7*v_8*(v_6 - 1) + 0.97*v_3*v_4*v_7*v_8*(v_5 - 1) + 0.97*v_7*v_8*(v_3*(v_4 - 1) + v_3 - 1) - 0.03*v_7*v_8 + 1.0*v_8*(v_7 - 1) + 1.0*v_8 - 1.0))))))))
Post simplification
symp_time: 15.592681169509888
number of sums: 96
number of subs: 142
number of prods: 399
opt_time: 0.36117124557495117
     fun: 6.299999999999997
   maxcv: 1.249000902703301e-16
 message: 'Optimization terminated successfully.'
    nfev: 88
  status: 1
 success: True
       x: array([0.85, 0.05, 0.85, 0.05, 0.85, 0.05, 0.85, 0.05, 0.85, 0.05, 0.85,
       0.05, 0.85, 0.05])

real	0m20.869s
user	0m20.064s
sys	0m0.616s
Instance: 15
[INFO] aspmc: Tree Decomposition #bags: 30 unfolded treewidth: 4 #vertices: 39
[INFO] aspmc: Preprocessing disabled
[INFO] aspmc:    Stats Compilation
[INFO] aspmc: ------------------------------------------------------------
[INFO] aspmc: X/D-Constrained Tree Decomposition #bags: 45 treewidth: 11 #vertices: 57
[INFO] aspmc: Dtree time:               2.025158405303955
[INFO] aspmc: Compilation time:         0.025936603546142578
[INFO] aspmc: Preparation time:         0.00010251998901367188
[INFO] aspmc: Counting time:            0.7246880531311035
[INFO] aspmc: ------------------------------------------------------------
[0.97::a0., 0.03::a1., 0.97::a2., 0.03::a3., 0.97::a4., 0.03::a5., 0.97::a6., 0.03::a7., 0.97::a8., 0.03::a9., 0.97::a10., 0.03::a11., 0.97::a12., 0.03::a13., 0.97::a14., qr:-not a0., qr:-a1,not nqr., nqr:-a1,not qr., qr:-not a2., qr:-a3,not nqr., nqr:-a3,not qr., qr:-not a4., qr:-a5,not nqr., nqr:-a5,not qr., qr:-not a6., qr:-a7,not nqr., nqr:-a7,not qr., qr:-not a8., qr:-a9,not nqr., nqr:-a9,not qr., qr:-not a10., qr:-a11,not nqr., nqr:-a11,not qr., qr:-not a12., qr:-a13,not nqr., nqr:-a13,not qr., qr:-not a14., query(qr).]
tracc
nnf_construction_time: 3.875555992126465
Pre simplification
number of sums: 3839
number of prods: 7807
len(eq): 3002
v_11*(-v_1*(v_3*v_4*v_5*v_7*v_8*v_9*(v_6 - 1) + v_3*v_4*v_7*v_8*v_9*(v_5 - 1) + v_7*v_8*v_9*(v_3*(v_4 - 1) + v_3 - 1) + v_7*v_8*(v_9 - 1) + v_8*(v_7 - 1) + v_8 - 1) + v_3*v_4*v_5*v_6*v_7*v_8*v_9 + (v_1 - 1)*(v_3*v_4*v_5*v_7*v_8*v_9*(v_6 - 1) + v_3*v_4*v_7*v_8*v_9*(v_5 - 1) + v_7*v_8*v_9*(v_3*(v_4 - 1) + v_3 - 1) + v_7*v_8*(v_9 - 1) + v_8*(v_7 - 1) + v_8 - 1)) - (v_11 - 1)*(v_12*(-v_1*(v_3*v_4*v_5*v_7*v_8*v_9*(v_6 - 1) + v_3*v_4*v_7*v_8*v_9*(v_5 - 1) + v_7*v_8*v_9*(v_3*(v_4 - 1) + v_3 - 1) + v_7*v_8*(v_9 - 1) + v_8*(v_7 - 1) + v_8 - 1) + v_3*v_4*v_5*v_6*v_7*v_8*v_9 + (v_1 - 1)*(v_3*v_4*v_5*v_7*v_8*v_9*(v_6 - 1) + v_3*v_4*v_7*v_8*v_9*(v_5 - 1) + v_7*v_8*v_9*(v_3*(v_4 - 1) + v_3 - 1) + v_7*v_8*(v_9 - 1) + v_8*(v_7 - 1) + v_8 - 1)) - (v_12 - 1)*(v_13*(-v_1*(v_3*v_4*v_5*v_7*v_8*v_9*(v_6 - 1) + v_3*v_4*v_7*v_8*v_9*(v_5 - 1) + v_7*v_8*v_9*(v_3*(v_4 - 1) + v_3 - 1) + v_7*v_8*(v_9 - 1) + v_8*(v_7 - 1) + v_8 - 1) + v_3*v_4*v_5*v_6*v_7*v_8*v_9 + (v_1 - 1)*(v_3*v_4*v_5*v_7*v_8*v_9*(v_6 - 1) + v_3*v_4*v_7*v_8*v_9*(v_5 - 1) + v_7*v_8*v_9*(v_3*(v_4 - 1) + v_3 - 1) + v_7*v_8*(v_9 - 1) + v_8*(v_7 - 1) + v_8 - 1)) - (v_13 - 1)*(v_14*(-v_1*(v_3*v_4*v_5*v_7*v_8*v_9*(v_6 - 1) + v_3*v_4*v_7*v_8*v_9*(v_5 - 1) + v_7*v_8*v_9*(v_3*(v_4 - 1) + v_3 - 1) + v_7*v_8*(v_9 - 1) + v_8*(v_7 - 1) + v_8 - 1) + v_3*v_4*v_5*v_6*v_7*v_8*v_9 + (v_1 - 1)*(v_3*v_4*v_5*v_7*v_8*v_9*(v_6 - 1) + v_3*v_4*v_7*v_8*v_9*(v_5 - 1) + v_7*v_8*v_9*(v_3*(v_4 - 1) + v_3 - 1) + v_7*v_8*(v_9 - 1) + v_8*(v_7 - 1) + v_8 - 1)) - (v_14 - 1)*(v_15*(-v_1*(v_3*v_4*v_5*v_7*v_8*v_9*(v_6 - 1) + v_3*v_4*v_7*v_8*v_9*(v_5 - 1) + v_7*v_8*v_9*(v_3*(v_4 - 1) + v_3 - 1) + v_7*v_8*(v_9 - 1) + v_8*(v_7 - 1) + v_8 - 1) + v_3*v_4*v_5*v_6*v_7*v_8*v_9 + (v_1 - 1)*(v_3*v_4*v_5*v_7*v_8*v_9*(v_6 - 1) + v_3*v_4*v_7*v_8*v_9*(v_5 - 1) + v_7*v_8*v_9*(v_3*(v_4 - 1) + v_3 - 1) + v_7*v_8*(v_9 - 1) + v_8*(v_7 - 1) + v_8 - 1)) - (v_15 - 1)*(v_16*(-v_1*(v_3*v_4*v_5*v_7*v_8*v_9*(v_6 - 1) + v_3*v_4*v_7*v_8*v_9*(v_5 - 1) + v_7*v_8*v_9*(v_3*(v_4 - 1) + v_3 - 1) + v_7*v_8*(v_9 - 1) + v_8*(v_7 - 1) + v_8 - 1) + v_3*v_4*v_5*v_6*v_7*v_8*v_9 + (v_1 - 1)*(v_3*v_4*v_5*v_7*v_8*v_9*(v_6 - 1) + v_3*v_4*v_7*v_8*v_9*(v_5 - 1) + v_7*v_8*v_9*(v_3*(v_4 - 1) + v_3 - 1) + v_7*v_8*(v_9 - 1) + v_8*(v_7 - 1) + v_8 - 1)) - (v_16 - 1)*(v_17*(-v_1*(v_3*v_4*v_5*v_7*v_8*v_9*(v_6 - 1) + v_3*v_4*v_7*v_8*v_9*(v_5 - 1) + v_7*v_8*v_9*(v_3*(v_4 - 1) + v_3 - 1) + v_7*v_8*(v_9 - 1) + v_8*(v_7 - 1) + v_8 - 1) + v_3*v_4*v_5*v_6*v_7*v_8*v_9 + (v_1 - 1)*(v_3*v_4*v_5*v_7*v_8*v_9*(v_6 - 1) + v_3*v_4*v_7*v_8*v_9*(v_5 - 1) + v_7*v_8*v_9*(v_3*(v_4 - 1) + v_3 - 1) + v_7*v_8*(v_9 - 1) + v_8*(v_7 - 1) + v_8 - 1)) + (v_17 - 1)*(v_1*(v_3*v_4*v_5*v_7*v_8*v_9*(v_6 - 1) + v_3*v_4*v_7*v_8*v_9*(v_5 - 1) + v_7*v_8*v_9*(v_3*(v_4 - 1) + v_3 - 1) + v_7*v_8*(v_9 - 1) + v_8*(v_7 - 1) + v_8 - 1) + v_3*v_4*v_5*v_6*v_7*v_8*v_9*(v_1 - 1) - (v_1 - 1)*(v_3*v_4*v_5*v_7*v_8*v_9*(v_6 - 1) + v_3*v_4*v_7*v_8*v_9*(v_5 - 1) + v_7*v_8*v_9*(v_3*(v_4 - 1) + v_3 - 1) + v_7*v_8*(v_9 - 1) + v_8*(v_7 - 1) + v_8 - 1))))))))
Post simplification
symp_time: 12.31891679763794
number of sums: 112
number of subs: 142
number of prods: 367
opt_time: 0.4682333469390869
     fun: 6.349999999999999
   maxcv: 0.0
 message: 'Optimization terminated successfully.'
    nfev: 105
  status: 1
 success: True
       x: array([0.85, 0.05, 0.85, 0.05, 0.85, 0.05, 0.85, 0.05, 0.05, 0.85, 0.05,
       0.85, 0.05, 0.85, 0.05])

real	0m17.646s
user	0m16.876s
sys	0m0.596s
Ended at: 
Thu Dec  7 17:58:27 CET 2023
