Started at: 
Thu Dec  7 17:56:09 CET 2023
Instance: 2
[INFO] aspmc: Tree Decomposition #bags: 30 unfolded treewidth: 4 #vertices: 39
[INFO] aspmc: Preprocessing disabled
[INFO] aspmc:    Stats Compilation
[INFO] aspmc: ------------------------------------------------------------
[INFO] aspmc: X/D-Constrained Tree Decomposition #bags: 45 treewidth: 11 #vertices: 57
[INFO] aspmc: Dtree time:               2.0279390811920166
[INFO] aspmc: Compilation time:         0.028247833251953125
[INFO] aspmc: Preparation time:         0.00011014938354492188
[INFO] aspmc: Counting time:            0.8091464042663574
[INFO] aspmc: ------------------------------------------------------------
[0.97::a0., 0.03::a1., 0.97::a2., 0.03::a3., 0.97::a4., 0.03::a5., 0.97::a6., 0.03::a7., 0.97::a8., 0.03::a9., 0.97::a10., 0.03::a11., 0.97::a12., 0.03::a13., 0.97::a14., qr:-not a0., qr:-a1,not nqr., nqr:-a1,not qr., qr:-not a2., qr:-a3,not nqr., nqr:-a3,not qr., qr:-not a4., qr:-a5,not nqr., nqr:-a5,not qr., qr:-not a6., qr:-a7,not nqr., nqr:-a7,not qr., qr:-not a8., qr:-a9,not nqr., nqr:-a9,not qr., qr:-not a10., qr:-a11,not nqr., nqr:-a11,not qr., qr:-not a12., qr:-a13,not nqr., nqr:-a13,not qr., qr:-not a14., query(qr).]
tracc
nnf_construction_time: 3.973729372024536
Pre simplification
number of sums: 3839
number of prods: 7807
len(eq): 56
0.673027090165575*v_1*v_11 - 0.673027090165575*v_1 + 1.0
Post simplification
symp_time: 1.3525216579437256
number of sums: 1
number of subs: 1
number of prods: 3
opt_time: 0.0020546913146972656
     fun: 0.8999999999999999
   maxcv: 1.3877787807814457e-17
 message: 'Optimization terminated successfully.'
    nfev: 14
  status: 1
 success: True
       x: array([0.85, 0.05])

real	0m6.488s
user	0m5.737s
sys	0m0.635s
Instance: 3
[INFO] aspmc: Tree Decomposition #bags: 30 unfolded treewidth: 4 #vertices: 39
[INFO] aspmc: Preprocessing disabled
[INFO] aspmc:    Stats Compilation
[INFO] aspmc: ------------------------------------------------------------
[INFO] aspmc: X/D-Constrained Tree Decomposition #bags: 45 treewidth: 11 #vertices: 57
[INFO] aspmc: Dtree time:               2.0280535221099854
[INFO] aspmc: Compilation time:         0.028347253799438477
[INFO] aspmc: Preparation time:         0.00011205673217773438
[INFO] aspmc: Counting time:            0.8035016059875488
[INFO] aspmc: ------------------------------------------------------------
[0.97::a0., 0.03::a1., 0.97::a2., 0.03::a3., 0.97::a4., 0.03::a5., 0.97::a6., 0.03::a7., 0.97::a8., 0.03::a9., 0.97::a10., 0.03::a11., 0.97::a12., 0.03::a13., 0.97::a14., qr:-not a0., qr:-a1,not nqr., nqr:-a1,not qr., qr:-not a2., qr:-a3,not nqr., nqr:-a3,not qr., qr:-not a4., qr:-a5,not nqr., nqr:-a5,not qr., qr:-not a6., qr:-a7,not nqr., nqr:-a7,not qr., qr:-not a8., qr:-a9,not nqr., nqr:-a9,not qr., qr:-not a10., qr:-a11,not nqr., nqr:-a11,not qr., qr:-not a12., qr:-a13,not nqr., nqr:-a13,not qr., qr:-not a14., query(qr).]
tracc
nnf_construction_time: 3.9755144119262695
Pre simplification
number of sums: 3839
number of prods: 7807
len(eq): 123
0.693842360995438*v_1*v_11*v_3 - 0.693842360995438*v_1*v_3 + 1.11022302462516e-16*v_11*v_3 - 1.11022302462516e-16*v_3 + 1.0
Post simplification
symp_time: 1.5281550884246826
number of sums: 2
number of subs: 4
number of prods: 8
opt_time: 0.003835916519165039
     fun: 0.95
   maxcv: 1.3877787807814457e-17
 message: 'Optimization terminated successfully.'
    nfev: 20
  status: 1
 success: True
       x: array([0.05, 0.85, 0.05])

real	0m6.593s
user	0m5.888s
sys	0m0.550s
Instance: 4
[INFO] aspmc: Tree Decomposition #bags: 30 unfolded treewidth: 4 #vertices: 39
[INFO] aspmc: Preprocessing disabled
[INFO] aspmc:    Stats Compilation
[INFO] aspmc: ------------------------------------------------------------
[INFO] aspmc: X/D-Constrained Tree Decomposition #bags: 45 treewidth: 11 #vertices: 57
[INFO] aspmc: Dtree time:               2.029029607772827
[INFO] aspmc: Compilation time:         0.028182506561279297
[INFO] aspmc: Preparation time:         0.00011444091796875
[INFO] aspmc: Counting time:            0.7953433990478516
[INFO] aspmc: ------------------------------------------------------------
[0.97::a0., 0.03::a1., 0.97::a2., 0.03::a3., 0.97::a4., 0.03::a5., 0.97::a6., 0.03::a7., 0.97::a8., 0.03::a9., 0.97::a10., 0.03::a11., 0.97::a12., 0.03::a13., 0.97::a14., qr:-not a0., qr:-a1,not nqr., nqr:-a1,not qr., qr:-not a2., qr:-a3,not nqr., nqr:-a3,not qr., qr:-not a4., qr:-a5,not nqr., nqr:-a5,not qr., qr:-not a6., qr:-a7,not nqr., nqr:-a7,not qr., qr:-not a8., qr:-a9,not nqr., nqr:-a9,not qr., qr:-not a10., qr:-a11,not nqr., nqr:-a11,not qr., qr:-not a12., qr:-a13,not nqr., nqr:-a13,not qr., qr:-not a14., query(qr).]
tracc
nnf_construction_time: 3.9681992530822754
Pre simplification
number of sums: 3839
number of prods: 7807
len(eq): 260
-0.71530140308808*v_1*v_11*v_12*v_3 + 0.71530140308808*v_1*v_11*v_3 + 0.71530140308808*v_1*v_12*v_3 - 0.71530140308808*v_1*v_3 - 1.11022302462516e-16*v_11*v_12*v_3 + 1.11022302462516e-16*v_11*v_3 + 1.11022302462516e-16*v_12*v_3 - 1.11022302462516e-16*v_3 + 1.0
Post simplification
symp_time: 1.6166110038757324
number of sums: 5
number of subs: 8
number of prods: 20
opt_time: 0.006524085998535156
     fun: 1.7999999999999998
   maxcv: 4.163336342344337e-17
 message: 'Optimization terminated successfully.'
    nfev: 26
  status: 1
 success: True
       x: array([0.85, 0.05, 0.85, 0.05])

real	0m6.666s
user	0m5.961s
sys	0m0.567s
Instance: 5
[INFO] aspmc: Tree Decomposition #bags: 30 unfolded treewidth: 4 #vertices: 39
[INFO] aspmc: Preprocessing disabled
[INFO] aspmc:    Stats Compilation
[INFO] aspmc: ------------------------------------------------------------
[INFO] aspmc: X/D-Constrained Tree Decomposition #bags: 45 treewidth: 11 #vertices: 57
[INFO] aspmc: Dtree time:               2.028123140335083
[INFO] aspmc: Compilation time:         0.0281524658203125
[INFO] aspmc: Preparation time:         0.00010251998901367188
[INFO] aspmc: Counting time:            0.7913594245910645
[INFO] aspmc: ------------------------------------------------------------
[0.97::a0., 0.03::a1., 0.97::a2., 0.03::a3., 0.97::a4., 0.03::a5., 0.97::a6., 0.03::a7., 0.97::a8., 0.03::a9., 0.97::a10., 0.03::a11., 0.97::a12., 0.03::a13., 0.97::a14., qr:-not a0., qr:-a1,not nqr., nqr:-a1,not qr., qr:-not a2., qr:-a3,not nqr., nqr:-a3,not qr., qr:-not a4., qr:-a5,not nqr., nqr:-a5,not qr., qr:-not a6., qr:-a7,not nqr., nqr:-a7,not qr., qr:-not a8., qr:-a9,not nqr., nqr:-a9,not qr., qr:-not a10., qr:-a11,not nqr., nqr:-a11,not qr., qr:-not a12., qr:-a13,not nqr., nqr:-a13,not qr., qr:-not a14., query(qr).]
tracc
nnf_construction_time: 3.9581656455993652
Pre simplification
number of sums: 3839
number of prods: 7807
len(eq): 296
-0.737424126894928*v_1*v_11*v_12*v_3*v_4 + 0.737424126894928*v_1*v_11*v_3*v_4 + 0.737424126894928*v_1*v_12*v_3*v_4 - 0.737424126894928*v_1*v_3*v_4 - 1.11022302462516e-16*v_11*v_12*v_3*v_4 + 1.11022302462516e-16*v_11*v_3*v_4 + 1.11022302462516e-16*v_12*v_3*v_4 - 2.22044604925031e-16*v_3*v_4 + 1.0
Post simplification
symp_time: 1.623641014099121
number of sums: 5
number of subs: 8
number of prods: 28
opt_time: 0.010470390319824219
     fun: 1.8499999999999999
   maxcv: 1.3877787807814457e-17
 message: 'Optimization terminated successfully.'
    nfev: 32
  status: 1
 success: True
       x: array([0.05, 0.85, 0.05, 0.85, 0.05])

real	0m6.696s
user	0m5.951s
sys	0m0.606s
Instance: 6
[INFO] aspmc: Tree Decomposition #bags: 30 unfolded treewidth: 4 #vertices: 39
[INFO] aspmc: Preprocessing disabled
[INFO] aspmc:    Stats Compilation
[INFO] aspmc: ------------------------------------------------------------
[INFO] aspmc: X/D-Constrained Tree Decomposition #bags: 45 treewidth: 11 #vertices: 57
[INFO] aspmc: Dtree time:               2.0280885696411133
[INFO] aspmc: Compilation time:         0.02863788604736328
[INFO] aspmc: Preparation time:         0.0001049041748046875
[INFO] aspmc: Counting time:            0.8022191524505615
[INFO] aspmc: ------------------------------------------------------------
[0.97::a0., 0.03::a1., 0.97::a2., 0.03::a3., 0.97::a4., 0.03::a5., 0.97::a6., 0.03::a7., 0.97::a8., 0.03::a9., 0.97::a10., 0.03::a11., 0.97::a12., 0.03::a13., 0.97::a14., qr:-not a0., qr:-a1,not nqr., nqr:-a1,not qr., qr:-not a2., qr:-a3,not nqr., nqr:-a3,not qr., qr:-not a4., qr:-a5,not nqr., nqr:-a5,not qr., qr:-not a6., qr:-a7,not nqr., nqr:-a7,not qr., qr:-not a8., qr:-a9,not nqr., nqr:-a9,not qr., qr:-not a10., qr:-a11,not nqr., nqr:-a11,not qr., qr:-not a12., qr:-a13,not nqr., nqr:-a13,not qr., qr:-not a14., query(qr).]
tracc
nnf_construction_time: 3.96881365776062
Pre simplification
number of sums: 3839
number of prods: 7807
len(eq): 627
0.760231058654565*v_1*v_11*v_12*v_13*v_3*v_4 - 0.760231058654565*v_1*v_11*v_12*v_3*v_4 - 0.760231058654565*v_1*v_11*v_13*v_3*v_4 + 0.760231058654565*v_1*v_11*v_3*v_4 - 0.760231058654565*v_1*v_12*v_13*v_3*v_4 + 0.760231058654565*v_1*v_12*v_3*v_4 + 0.760231058654565*v_1*v_13*v_3*v_4 - 0.760231058654565*v_1*v_3*v_4 + 1.11022302462516e-16*v_11*v_12*v_13*v_3*v_4 - 1.11022302462516e-16*v_11*v_12*v_3*v_4 - 1.11022302462516e-16*v_11*v_13*v_3*v_4 + 1.11022302462516e-16*v_11*v_3*v_4 - 1.11022302462516e-16*v_12*v_13*v_3*v_4 + 1.11022302462516e-16*v_12*v_3*v_4 + 1.11022302462516e-16*v_13*v_3*v_4 - 2.22044604925031e-16*v_3*v_4 + 1.0
Post simplification
symp_time: 1.868849277496338
number of sums: 8
number of subs: 16
number of prods: 64
opt_time: 0.01741170883178711
     fun: 2.6999999999999997
   maxcv: 5.551115123125783e-17
 message: 'Optimization terminated successfully.'
    nfev: 38
  status: 1
 success: True
       x: array([0.85, 0.05, 0.85, 0.05, 0.85, 0.05])

real	0m6.937s
user	0m6.258s
sys	0m0.541s
Instance: 7
[INFO] aspmc: Tree Decomposition #bags: 30 unfolded treewidth: 4 #vertices: 39
[INFO] aspmc: Preprocessing disabled
[INFO] aspmc:    Stats Compilation
[INFO] aspmc: ------------------------------------------------------------
[INFO] aspmc: X/D-Constrained Tree Decomposition #bags: 45 treewidth: 11 #vertices: 57
[INFO] aspmc: Dtree time:               2.02821946144104
[INFO] aspmc: Compilation time:         0.028438329696655273
[INFO] aspmc: Preparation time:         0.0001125335693359375
[INFO] aspmc: Counting time:            0.8377015590667725
[INFO] aspmc: ------------------------------------------------------------
[0.97::a0., 0.03::a1., 0.97::a2., 0.03::a3., 0.97::a4., 0.03::a5., 0.97::a6., 0.03::a7., 0.97::a8., 0.03::a9., 0.97::a10., 0.03::a11., 0.97::a12., 0.03::a13., 0.97::a14., qr:-not a0., qr:-a1,not nqr., nqr:-a1,not qr., qr:-not a2., qr:-a3,not nqr., nqr:-a3,not qr., qr:-not a4., qr:-a5,not nqr., nqr:-a5,not qr., qr:-not a6., qr:-a7,not nqr., nqr:-a7,not qr., qr:-not a8., qr:-a9,not nqr., nqr:-a9,not qr., qr:-not a10., qr:-a11,not nqr., nqr:-a11,not qr., qr:-not a12., qr:-a13,not nqr., nqr:-a13,not qr., qr:-not a14., query(qr).]
tracc
nnf_construction_time: 4.0028181076049805
Pre simplification
number of sums: 3839
number of prods: 7807
len(eq): 351
0.783743359437696*v_1*v_11*v_12*v_13*v_3*v_4*v_5 - 0.783743359437696*v_1*v_11*v_12*v_3*v_4*v_5 - 0.783743359437696*v_1*v_11*v_13*v_3*v_4*v_5 + 0.783743359437696*v_1*v_11*v_3*v_4*v_5 - 0.783743359437696*v_1*v_12*v_13*v_3*v_4*v_5 + 0.783743359437696*v_1*v_12*v_3*v_4*v_5 + 0.783743359437696*v_1*v_13*v_3*v_4*v_5 - 0.783743359437696*v_1*v_3*v_4*v_5 + 1.0
Post simplification
symp_time: 1.9071846008300781
number of sums: 4
number of subs: 4
number of prods: 44
opt_time: 0.01993083953857422
     fun: 2.75
   maxcv: 0.0
 message: 'Optimization terminated successfully.'
    nfev: 48
  status: 1
 success: True
       x: array([0.05, 0.85, 0.05, 0.85, 0.05, 0.85, 0.05])

real	0m6.989s
user	0m6.262s
sys	0m0.590s
Instance: 8
[INFO] aspmc: Tree Decomposition #bags: 30 unfolded treewidth: 4 #vertices: 39
[INFO] aspmc: Preprocessing disabled
[INFO] aspmc:    Stats Compilation
[INFO] aspmc: ------------------------------------------------------------
[INFO] aspmc: X/D-Constrained Tree Decomposition #bags: 45 treewidth: 11 #vertices: 57
[INFO] aspmc: Dtree time:               2.0280563831329346
[INFO] aspmc: Compilation time:         0.02825450897216797
[INFO] aspmc: Preparation time:         0.00010728836059570312
[INFO] aspmc: Counting time:            0.8268654346466064
[INFO] aspmc: ------------------------------------------------------------
[0.97::a0., 0.03::a1., 0.97::a2., 0.03::a3., 0.97::a4., 0.03::a5., 0.97::a6., 0.03::a7., 0.97::a8., 0.03::a9., 0.97::a10., 0.03::a11., 0.97::a12., 0.03::a13., 0.97::a14., qr:-not a0., qr:-a1,not nqr., nqr:-a1,not qr., qr:-not a2., qr:-a3,not nqr., nqr:-a3,not qr., qr:-not a4., qr:-a5,not nqr., nqr:-a5,not qr., qr:-not a6., qr:-a7,not nqr., nqr:-a7,not qr., qr:-not a8., qr:-a9,not nqr., nqr:-a9,not qr., qr:-not a10., qr:-a11,not nqr., nqr:-a11,not qr., qr:-not a12., qr:-a13,not nqr., nqr:-a13,not qr., qr:-not a14., query(qr).]
tracc
nnf_construction_time: 3.9914956092834473
Pre simplification
number of sums: 3839
number of prods: 7807
len(eq): 724
-0.80798284478113*v_1*v_11*v_12*v_13*v_14*v_3*v_4*v_5 + 0.80798284478113*v_1*v_11*v_12*v_13*v_3*v_4*v_5 + 0.80798284478113*v_1*v_11*v_12*v_14*v_3*v_4*v_5 - 0.80798284478113*v_1*v_11*v_12*v_3*v_4*v_5 + 0.80798284478113*v_1*v_11*v_13*v_14*v_3*v_4*v_5 - 0.80798284478113*v_1*v_11*v_13*v_3*v_4*v_5 - 0.80798284478113*v_1*v_11*v_14*v_3*v_4*v_5 + 0.80798284478113*v_1*v_11*v_3*v_4*v_5 + 0.80798284478113*v_1*v_12*v_13*v_14*v_3*v_4*v_5 - 0.80798284478113*v_1*v_12*v_13*v_3*v_4*v_5 - 0.80798284478113*v_1*v_12*v_14*v_3*v_4*v_5 + 0.80798284478113*v_1*v_12*v_3*v_4*v_5 - 0.80798284478113*v_1*v_13*v_14*v_3*v_4*v_5 + 0.80798284478113*v_1*v_13*v_3*v_4*v_5 + 0.80798284478113*v_1*v_14*v_3*v_4*v_5 - 0.80798284478113*v_1*v_3*v_4*v_5 + 1.0
Post simplification
symp_time: 2.271040439605713
number of sums: 9
number of subs: 8
number of prods: 96
opt_time: 0.03356170654296875
     fun: 3.5999999999999996
   maxcv: 1.1102230246251565e-16
 message: 'Optimization terminated successfully.'
    nfev: 55
  status: 1
 success: True
       x: array([0.85, 0.05, 0.85, 0.05, 0.85, 0.05, 0.85, 0.05])

real	0m7.402s
user	0m6.653s
sys	0m0.586s
Instance: 9
[INFO] aspmc: Tree Decomposition #bags: 30 unfolded treewidth: 4 #vertices: 39
[INFO] aspmc: Preprocessing disabled
[INFO] aspmc:    Stats Compilation
[INFO] aspmc: ------------------------------------------------------------
[INFO] aspmc: X/D-Constrained Tree Decomposition #bags: 45 treewidth: 11 #vertices: 57
[INFO] aspmc: Dtree time:               2.0286788940429688
[INFO] aspmc: Compilation time:         0.0288546085357666
[INFO] aspmc: Preparation time:         0.00010657310485839844
[INFO] aspmc: Counting time:            0.832890510559082
[INFO] aspmc: ------------------------------------------------------------
[0.97::a0., 0.03::a1., 0.97::a2., 0.03::a3., 0.97::a4., 0.03::a5., 0.97::a6., 0.03::a7., 0.97::a8., 0.03::a9., 0.97::a10., 0.03::a11., 0.97::a12., 0.03::a13., 0.97::a14., qr:-not a0., qr:-a1,not nqr., nqr:-a1,not qr., qr:-not a2., qr:-a3,not nqr., nqr:-a3,not qr., qr:-not a4., qr:-a5,not nqr., nqr:-a5,not qr., qr:-not a6., qr:-a7,not nqr., nqr:-a7,not qr., qr:-not a8., qr:-a9,not nqr., nqr:-a9,not qr., qr:-not a10., qr:-a11,not nqr., nqr:-a11,not qr., qr:-not a12., qr:-a13,not nqr., nqr:-a13,not qr., qr:-not a14., query(qr).]
tracc
nnf_construction_time: 3.9988973140716553
Pre simplification
number of sums: 3839
number of prods: 7807
len(eq): 756
-0.832972004929*v_1*v_11*v_12*v_13*v_14*v_3*v_4*v_5*v_6 + 0.832972004929*v_1*v_11*v_12*v_13*v_3*v_4*v_5*v_6 + 0.832972004929*v_1*v_11*v_12*v_14*v_3*v_4*v_5*v_6 - 0.832972004929*v_1*v_11*v_12*v_3*v_4*v_5*v_6 + 0.832972004929*v_1*v_11*v_13*v_14*v_3*v_4*v_5*v_6 - 0.832972004929*v_1*v_11*v_13*v_3*v_4*v_5*v_6 - 0.832972004929*v_1*v_11*v_14*v_3*v_4*v_5*v_6 + 0.832972004929*v_1*v_11*v_3*v_4*v_5*v_6 + 0.832972004929*v_1*v_12*v_13*v_14*v_3*v_4*v_5*v_6 - 0.832972004929*v_1*v_12*v_13*v_3*v_4*v_5*v_6 - 0.832972004929*v_1*v_12*v_14*v_3*v_4*v_5*v_6 + 0.832972004929*v_1*v_12*v_3*v_4*v_5*v_6 - 0.832972004929*v_1*v_13*v_14*v_3*v_4*v_5*v_6 + 0.832972004929*v_1*v_13*v_3*v_4*v_5*v_6 + 0.832972004929*v_1*v_14*v_3*v_4*v_5*v_6 - 0.832972004929*v_1*v_3*v_4*v_5*v_6 + 1.0
Post simplification
symp_time: 2.2134242057800293
number of sums: 9
number of subs: 8
number of prods: 112
opt_time: 0.03826260566711426
     fun: 3.65
   maxcv: 6.938893903907228e-17
 message: 'Optimization terminated successfully.'
    nfev: 58
  status: 1
 success: True
       x: array([0.05, 0.85, 0.05, 0.85, 0.05, 0.85, 0.05, 0.85, 0.05])

real	0m7.572s
user	0m6.609s
sys	0m0.620s
Instance: 10
[INFO] aspmc: Tree Decomposition #bags: 30 unfolded treewidth: 4 #vertices: 39
[INFO] aspmc: Preprocessing disabled
[INFO] aspmc:    Stats Compilation
[INFO] aspmc: ------------------------------------------------------------
[INFO] aspmc: X/D-Constrained Tree Decomposition #bags: 45 treewidth: 11 #vertices: 57
[INFO] aspmc: Dtree time:               2.0273489952087402
[INFO] aspmc: Compilation time:         0.027385473251342773
[INFO] aspmc: Preparation time:         0.00011301040649414062
[INFO] aspmc: Counting time:            0.7561311721801758
[INFO] aspmc: ------------------------------------------------------------
[0.97::a0., 0.03::a1., 0.97::a2., 0.03::a3., 0.97::a4., 0.03::a5., 0.97::a6., 0.03::a7., 0.97::a8., 0.03::a9., 0.97::a10., 0.03::a11., 0.97::a12., 0.03::a13., 0.97::a14., qr:-not a0., qr:-a1,not nqr., nqr:-a1,not qr., qr:-not a2., qr:-a3,not nqr., nqr:-a3,not qr., qr:-not a4., qr:-a5,not nqr., nqr:-a5,not qr., qr:-not a6., qr:-a7,not nqr., nqr:-a7,not qr., qr:-not a8., qr:-a9,not nqr., nqr:-a9,not qr., qr:-not a10., qr:-a11,not nqr., nqr:-a11,not qr., qr:-not a12., qr:-a13,not nqr., nqr:-a13,not qr., qr:-not a14., query(qr).]
tracc
nnf_construction_time: 3.9152672290802
Pre simplification
number of sums: 3839
number of prods: 7807
len(eq): 1761
v_11*(-1.0*v_1*(0.912673*v_3*v_4*v_5*(v_6 - 1) + 0.912673*v_3*v_4*(v_5 - 1) + 0.912673*v_3*(v_4 - 1) + 0.912673*v_3 - 1.0) + 0.912673*v_3*v_4*v_5*v_6 + 1.0*(v_1 - 1)*(0.912673*v_3*v_4*v_5*(v_6 - 1) + 0.912673*v_3*v_4*(v_5 - 1) + 0.912673*v_3*(v_4 - 1) + 0.912673*v_3 - 1.0)) - (v_11 - 1)*(v_12*(-1.0*v_1*(0.912673*v_3*v_4*v_5*(v_6 - 1) + 0.912673*v_3*v_4*(v_5 - 1) + 0.912673*v_3*(v_4 - 1) + 0.912673*v_3 - 1.0) + 0.912673*v_3*v_4*v_5*v_6 + 1.0*(v_1 - 1)*(0.912673*v_3*v_4*v_5*(v_6 - 1) + 0.912673*v_3*v_4*(v_5 - 1) + 0.912673*v_3*(v_4 - 1) + 0.912673*v_3 - 1.0)) - (v_12 - 1)*(v_13*(-1.0*v_1*(0.912673*v_3*v_4*v_5*(v_6 - 1) + 0.912673*v_3*v_4*(v_5 - 1) + 0.912673*v_3*(v_4 - 1) + 0.912673*v_3 - 1.0) + 0.912673*v_3*v_4*v_5*v_6 + 1.0*(v_1 - 1)*(0.912673*v_3*v_4*v_5*(v_6 - 1) + 0.912673*v_3*v_4*(v_5 - 1) + 0.912673*v_3*(v_4 - 1) + 0.912673*v_3 - 1.0)) - (v_13 - 1)*(v_14*(-1.0*v_1*(0.912673*v_3*v_4*v_5*(v_6 - 1) + 0.912673*v_3*v_4*(v_5 - 1) + 0.912673*v_3*(v_4 - 1) + 0.912673*v_3 - 1.0) + 0.912673*v_3*v_4*v_5*v_6 + 1.0*(v_1 - 1)*(0.912673*v_3*v_4*v_5*(v_6 - 1) + 0.912673*v_3*v_4*(v_5 - 1) + 0.912673*v_3*(v_4 - 1) + 0.912673*v_3 - 1.0)) - (v_14 - 1)*(v_15*(-1.0*v_1*(0.912673*v_3*v_4*v_5*(v_6 - 1) + 0.912673*v_3*v_4*(v_5 - 1) + 0.912673*v_3*(v_4 - 1) + 0.912673*v_3 - 1.0) + 0.912673*v_3*v_4*v_5*v_6 + 1.0*(v_1 - 1)*(0.912673*v_3*v_4*v_5*(v_6 - 1) + 0.912673*v_3*v_4*(v_5 - 1) + 0.912673*v_3*(v_4 - 1) + 0.912673*v_3 - 1.0)) + (v_15 - 1)*(1.0*v_1*(0.912673*v_3*v_4*v_5*(v_6 - 1) + 0.912673*v_3*v_4*(v_5 - 1) + 0.912673*v_3*(v_4 - 1) + 0.912673*v_3 - 1.0) + 0.8587340257*v_3*v_4*v_5*v_6*(v_1 - 1) - 0.0539389743*v_3*v_4*v_5*v_6 - 1.0*(v_1 - 1)*(0.912673*v_3*v_4*v_5*(v_6 - 1) + 0.912673*v_3*v_4*(v_5 - 1) + 0.912673*v_3*(v_4 - 1) + 0.912673*v_3 - 1.0))))))
Post simplification
symp_time: 4.0199878215789795
number of sums: 48
number of subs: 71
number of prods: 183
opt_time: 0.05625438690185547
     fun: 4.499999999999999
   maxcv: 1.3877787807814457e-17
 message: 'Optimization terminated successfully.'
    nfev: 62
  status: 1
 success: True
       x: array([0.85, 0.05, 0.85, 0.05, 0.85, 0.05, 0.85, 0.05, 0.85, 0.05])

real	0m9.023s
user	0m8.292s
sys	0m0.572s
Instance: 11
[INFO] aspmc: Tree Decomposition #bags: 30 unfolded treewidth: 4 #vertices: 39
[INFO] aspmc: Preprocessing disabled
[INFO] aspmc:    Stats Compilation
[INFO] aspmc: ------------------------------------------------------------
[INFO] aspmc: X/D-Constrained Tree Decomposition #bags: 45 treewidth: 11 #vertices: 57
[INFO] aspmc: Dtree time:               2.026350498199463
[INFO] aspmc: Compilation time:         0.026970863342285156
[INFO] aspmc: Preparation time:         0.0001308917999267578
[INFO] aspmc: Counting time:            0.792701005935669
[INFO] aspmc: ------------------------------------------------------------
[0.97::a0., 0.03::a1., 0.97::a2., 0.03::a3., 0.97::a4., 0.03::a5., 0.97::a6., 0.03::a7., 0.97::a8., 0.03::a9., 0.97::a10., 0.03::a11., 0.97::a12., 0.03::a13., 0.97::a14., qr:-not a0., qr:-a1,not nqr., nqr:-a1,not qr., qr:-not a2., qr:-a3,not nqr., nqr:-a3,not qr., qr:-not a4., qr:-a5,not nqr., nqr:-a5,not qr., qr:-not a6., qr:-a7,not nqr., nqr:-a7,not qr., qr:-not a8., qr:-a9,not nqr., nqr:-a9,not qr., qr:-not a10., qr:-a11,not nqr., nqr:-a11,not qr., qr:-not a12., qr:-a13,not nqr., nqr:-a13,not qr., qr:-not a14., query(qr).]
tracc
nnf_construction_time: 3.9518086910247803
Pre simplification
number of sums: 3839
number of prods: 7807
len(eq): 1587
0.88529281*v_1*v_11*v_12*v_13*v_14*v_15*v_3*v_4*v_5*v_6*v_7 - 0.88529281*v_1*v_11*v_12*v_13*v_14*v_3*v_4*v_5*v_6*v_7 - 0.88529281*v_1*v_11*v_12*v_13*v_15*v_3*v_4*v_5*v_6*v_7 + 0.88529281*v_1*v_11*v_12*v_13*v_3*v_4*v_5*v_6*v_7 - 0.88529281*v_1*v_11*v_12*v_14*v_15*v_3*v_4*v_5*v_6*v_7 + 0.88529281*v_1*v_11*v_12*v_14*v_3*v_4*v_5*v_6*v_7 + 0.88529281*v_1*v_11*v_12*v_15*v_3*v_4*v_5*v_6*v_7 - 0.88529281*v_1*v_11*v_12*v_3*v_4*v_5*v_6*v_7 - 0.88529281*v_1*v_11*v_13*v_14*v_15*v_3*v_4*v_5*v_6*v_7 + 0.88529281*v_1*v_11*v_13*v_14*v_3*v_4*v_5*v_6*v_7 + 0.88529281*v_1*v_11*v_13*v_15*v_3*v_4*v_5*v_6*v_7 - 0.88529281*v_1*v_11*v_13*v_3*v_4*v_5*v_6*v_7 + 0.88529281*v_1*v_11*v_14*v_15*v_3*v_4*v_5*v_6*v_7 - 0.88529281*v_1*v_11*v_14*v_3*v_4*v_5*v_6*v_7 - 0.88529281*v_1*v_11*v_15*v_3*v_4*v_5*v_6*v_7 + 0.88529281*v_1*v_11*v_3*v_4*v_5*v_6*v_7 - 0.88529281*v_1*v_12*v_13*v_14*v_15*v_3*v_4*v_5*v_6*v_7 + 0.88529281*v_1*v_12*v_13*v_14*v_3*v_4*v_5*v_6*v_7 + 0.88529281*v_1*v_12*v_13*v_15*v_3*v_4*v_5*v_6*v_7 - 0.88529281*v_1*v_12*v_13*v_3*v_4*v_5*v_6*v_7 + 0.88529281*v_1*v_12*v_14*v_15*v_3*v_4*v_5*v_6*v_7 - 0.88529281*v_1*v_12*v_14*v_3*v_4*v_5*v_6*v_7 - 0.88529281*v_1*v_12*v_15*v_3*v_4*v_5*v_6*v_7 + 0.88529281*v_1*v_12*v_3*v_4*v_5*v_6*v_7 + 0.88529281*v_1*v_13*v_14*v_15*v_3*v_4*v_5*v_6*v_7 - 0.88529281*v_1*v_13*v_14*v_3*v_4*v_5*v_6*v_7 - 0.88529281*v_1*v_13*v_15*v_3*v_4*v_5*v_6*v_7 + 0.88529281*v_1*v_13*v_3*v_4*v_5*v_6*v_7 - 0.88529281*v_1*v_14*v_15*v_3*v_4*v_5*v_6*v_7 + 0.88529281*v_1*v_14*v_3*v_4*v_5*v_6*v_7 + 0.88529281*v_1*v_15*v_3*v_4*v_5*v_6*v_7 - 0.88529281*v_1*v_3*v_4*v_5*v_6*v_7 + 1.0
Post simplification
symp_time: 3.138366937637329
number of sums: 16
number of subs: 16
number of prods: 272
opt_time: 0.07342696189880371
     fun: 4.549999999999998
   maxcv: 2.220446049250313e-16
 message: 'Optimization terminated successfully.'
    nfev: 71
  status: 1
 success: True
       x: array([0.85, 0.05, 0.85, 0.05, 0.85, 0.05, 0.85, 0.05, 0.05, 0.85, 0.05])

real	0m8.183s
user	0m7.421s
sys	0m0.601s
Instance: 12
[INFO] aspmc: Tree Decomposition #bags: 30 unfolded treewidth: 4 #vertices: 39
[INFO] aspmc: Preprocessing disabled
[INFO] aspmc:    Stats Compilation
[INFO] aspmc: ------------------------------------------------------------
[INFO] aspmc: X/D-Constrained Tree Decomposition #bags: 45 treewidth: 11 #vertices: 57
[INFO] aspmc: Dtree time:               2.0260274410247803
[INFO] aspmc: Compilation time:         0.026218891143798828
[INFO] aspmc: Preparation time:         0.00010824203491210938
[INFO] aspmc: Counting time:            0.7222616672515869
[INFO] aspmc: ------------------------------------------------------------
[0.97::a0., 0.03::a1., 0.97::a2., 0.03::a3., 0.97::a4., 0.03::a5., 0.97::a6., 0.03::a7., 0.97::a8., 0.03::a9., 0.97::a10., 0.03::a11., 0.97::a12., 0.03::a13., 0.97::a14., qr:-not a0., qr:-a1,not nqr., nqr:-a1,not qr., qr:-not a2., qr:-a3,not nqr., nqr:-a3,not qr., qr:-not a4., qr:-a5,not nqr., nqr:-a5,not qr., qr:-not a6., qr:-a7,not nqr., nqr:-a7,not qr., qr:-not a8., qr:-a9,not nqr., nqr:-a9,not qr., qr:-not a10., qr:-a11,not nqr., nqr:-a11,not qr., qr:-not a12., qr:-a13,not nqr., nqr:-a13,not qr., qr:-not a14., query(qr).]
tracc
nnf_construction_time: 3.87835431098938
Pre simplification
number of sums: 3839
number of prods: 7807
len(eq): 2287
v_11*(-1.0*v_1*(0.9409*v_3*v_4*v_5*v_7*(v_6 - 1) + 0.9409*v_3*v_4*v_7*(v_5 - 1) + 0.9409*v_7*(v_3*(v_4 - 1) + v_3 - 1) + 0.9409*v_7 - 1.0) + 0.9409*v_3*v_4*v_5*v_6*v_7 + 1.0*(v_1 - 1)*(0.9409*v_3*v_4*v_5*v_7*(v_6 - 1) + 0.9409*v_3*v_4*v_7*(v_5 - 1) + 0.9409*v_7*(v_3*(v_4 - 1) + v_3 - 1) + 0.9409*v_7 - 1.0)) - (v_11 - 1)*(v_12*(-1.0*v_1*(0.9409*v_3*v_4*v_5*v_7*(v_6 - 1) + 0.9409*v_3*v_4*v_7*(v_5 - 1) + 0.9409*v_7*(v_3*(v_4 - 1) + v_3 - 1) + 0.9409*v_7 - 1.0) + 0.9409*v_3*v_4*v_5*v_6*v_7 + 1.0*(v_1 - 1)*(0.9409*v_3*v_4*v_5*v_7*(v_6 - 1) + 0.9409*v_3*v_4*v_7*(v_5 - 1) + 0.9409*v_7*(v_3*(v_4 - 1) + v_3 - 1) + 0.9409*v_7 - 1.0)) - (v_12 - 1)*(v_13*(-1.0*v_1*(0.9409*v_3*v_4*v_5*v_7*(v_6 - 1) + 0.9409*v_3*v_4*v_7*(v_5 - 1) + 0.9409*v_7*(v_3*(v_4 - 1) + v_3 - 1) + 0.9409*v_7 - 1.0) + 0.9409*v_3*v_4*v_5*v_6*v_7 + 1.0*(v_1 - 1)*(0.9409*v_3*v_4*v_5*v_7*(v_6 - 1) + 0.9409*v_3*v_4*v_7*(v_5 - 1) + 0.9409*v_7*(v_3*(v_4 - 1) + v_3 - 1) + 0.9409*v_7 - 1.0)) - (v_13 - 1)*(v_14*(-1.0*v_1*(0.9409*v_3*v_4*v_5*v_7*(v_6 - 1) + 0.9409*v_3*v_4*v_7*(v_5 - 1) + 0.9409*v_7*(v_3*(v_4 - 1) + v_3 - 1) + 0.9409*v_7 - 1.0) + 0.9409*v_3*v_4*v_5*v_6*v_7 + 1.0*(v_1 - 1)*(0.9409*v_3*v_4*v_5*v_7*(v_6 - 1) + 0.9409*v_3*v_4*v_7*(v_5 - 1) + 0.9409*v_7*(v_3*(v_4 - 1) + v_3 - 1) + 0.9409*v_7 - 1.0)) - (v_14 - 1)*(v_15*(-1.0*v_1*(0.9409*v_3*v_4*v_5*v_7*(v_6 - 1) + 0.9409*v_3*v_4*v_7*(v_5 - 1) + 0.9409*v_7*(v_3*(v_4 - 1) + v_3 - 1) + 0.9409*v_7 - 1.0) + 0.9409*v_3*v_4*v_5*v_6*v_7 + 1.0*(v_1 - 1)*(0.9409*v_3*v_4*v_5*v_7*(v_6 - 1) + 0.9409*v_3*v_4*v_7*(v_5 - 1) + 0.9409*v_7*(v_3*(v_4 - 1) + v_3 - 1) + 0.9409*v_7 - 1.0)) - (v_15 - 1)*(v_16*(-1.0*v_1*(0.9409*v_3*v_4*v_5*v_7*(v_6 - 1) + 0.9409*v_3*v_4*v_7*(v_5 - 1) + 0.9409*v_7*(v_3*(v_4 - 1) + v_3 - 1) + 0.9409*v_7 - 1.0) + 0.9409*v_3*v_4*v_5*v_6*v_7 + 1.0*(v_1 - 1)*(0.9409*v_3*v_4*v_5*v_7*(v_6 - 1) + 0.9409*v_3*v_4*v_7*(v_5 - 1) + 0.9409*v_7*(v_3*(v_4 - 1) + v_3 - 1) + 0.9409*v_7 - 1.0)) + (v_16 - 1)*(1.0*v_1*(0.9409*v_3*v_4*v_5*v_7*(v_6 - 1) + 0.9409*v_3*v_4*v_7*(v_5 - 1) + 0.9409*v_7*(v_3*(v_4 - 1) + v_3 - 1) + 0.9409*v_7 - 1.0) + 0.912673*v_3*v_4*v_5*v_6*v_7*(v_1 - 1) - 0.028227*v_3*v_4*v_5*v_6*v_7 - 1.0*(v_1 - 1)*(0.9409*v_3*v_4*v_5*v_7*(v_6 - 1) + 0.9409*v_3*v_4*v_7*(v_5 - 1) + 0.9409*v_7*(v_3*(v_4 - 1) + v_3 - 1) + 0.9409*v_7 - 1.0)))))))
Post simplification
symp_time: 7.008789300918579
number of sums: 70
number of subs: 97
number of prods: 263
opt_time: 0.09832286834716797
     fun: 5.399999999999999
   maxcv: 4.163336342344337e-17
 message: 'Optimization terminated successfully.'
    nfev: 75
  status: 1
 success: True
       x: array([0.85, 0.05, 0.85, 0.05, 0.85, 0.05, 0.85, 0.05, 0.85, 0.05, 0.85,
       0.05])

real	0m12.005s
user	0m11.240s
sys	0m0.603s
Instance: 13
[INFO] aspmc: Tree Decomposition #bags: 30 unfolded treewidth: 4 #vertices: 39
[INFO] aspmc: Preprocessing disabled
[INFO] aspmc:    Stats Compilation
[INFO] aspmc: ------------------------------------------------------------
[INFO] aspmc: X/D-Constrained Tree Decomposition #bags: 45 treewidth: 11 #vertices: 57
[INFO] aspmc: Dtree time:               2.026264190673828
[INFO] aspmc: Compilation time:         0.026662111282348633
[INFO] aspmc: Preparation time:         0.00011730194091796875
[INFO] aspmc: Counting time:            0.7541446685791016
[INFO] aspmc: ------------------------------------------------------------
[0.97::a0., 0.03::a1., 0.97::a2., 0.03::a3., 0.97::a4., 0.03::a5., 0.97::a6., 0.03::a7., 0.97::a8., 0.03::a9., 0.97::a10., 0.03::a11., 0.97::a12., 0.03::a13., 0.97::a14., qr:-not a0., qr:-a1,not nqr., nqr:-a1,not qr., qr:-not a2., qr:-a3,not nqr., nqr:-a3,not qr., qr:-not a4., qr:-a5,not nqr., nqr:-a5,not qr., qr:-not a6., qr:-a7,not nqr., nqr:-a7,not qr., qr:-not a8., qr:-a9,not nqr., nqr:-a9,not qr., qr:-not a10., qr:-a11,not nqr., nqr:-a11,not qr., qr:-not a12., qr:-a13,not nqr., nqr:-a13,not qr., qr:-not a14., query(qr).]
tracc
nnf_construction_time: 3.908750057220459
Pre simplification
number of sums: 3839
number of prods: 7807
len(eq): 2835
v_11*(-1.0*v_1*(0.97*v_3*v_4*v_5*v_7*v_8*(v_6 - 1) + 0.97*v_3*v_4*v_7*v_8*(v_5 - 1) + 0.97*v_7*v_8*(v_3*(v_4 - 1) + v_3 - 1) - 0.03*v_7*v_8 + 1.0*v_8*(v_7 - 1) + 1.0*v_8 - 1.0) + 0.97*v_3*v_4*v_5*v_6*v_7*v_8 + 1.0*(v_1 - 1)*(0.97*v_3*v_4*v_5*v_7*v_8*(v_6 - 1) + 0.97*v_3*v_4*v_7*v_8*(v_5 - 1) + 0.97*v_7*v_8*(v_3*(v_4 - 1) + v_3 - 1) - 0.03*v_7*v_8 + 1.0*v_8*(v_7 - 1) + 1.0*v_8 - 1.0)) - (v_11 - 1)*(v_12*(-1.0*v_1*(0.97*v_3*v_4*v_5*v_7*v_8*(v_6 - 1) + 0.97*v_3*v_4*v_7*v_8*(v_5 - 1) + 0.97*v_7*v_8*(v_3*(v_4 - 1) + v_3 - 1) - 0.03*v_7*v_8 + 1.0*v_8*(v_7 - 1) + 1.0*v_8 - 1.0) + 0.97*v_3*v_4*v_5*v_6*v_7*v_8 + 1.0*(v_1 - 1)*(0.97*v_3*v_4*v_5*v_7*v_8*(v_6 - 1) + 0.97*v_3*v_4*v_7*v_8*(v_5 - 1) + 0.97*v_7*v_8*(v_3*(v_4 - 1) + v_3 - 1) - 0.03*v_7*v_8 + 1.0*v_8*(v_7 - 1) + 1.0*v_8 - 1.0)) - (v_12 - 1)*(v_13*(-1.0*v_1*(0.97*v_3*v_4*v_5*v_7*v_8*(v_6 - 1) + 0.97*v_3*v_4*v_7*v_8*(v_5 - 1) + 0.97*v_7*v_8*(v_3*(v_4 - 1) + v_3 - 1) - 0.03*v_7*v_8 + 1.0*v_8*(v_7 - 1) + 1.0*v_8 - 1.0) + 0.97*v_3*v_4*v_5*v_6*v_7*v_8 + 1.0*(v_1 - 1)*(0.97*v_3*v_4*v_5*v_7*v_8*(v_6 - 1) + 0.97*v_3*v_4*v_7*v_8*(v_5 - 1) + 0.97*v_7*v_8*(v_3*(v_4 - 1) + v_3 - 1) - 0.03*v_7*v_8 + 1.0*v_8*(v_7 - 1) + 1.0*v_8 - 1.0)) - (v_13 - 1)*(v_14*(-1.0*v_1*(0.97*v_3*v_4*v_5*v_7*v_8*(v_6 - 1) + 0.97*v_3*v_4*v_7*v_8*(v_5 - 1) + 0.97*v_7*v_8*(v_3*(v_4 - 1) + v_3 - 1) - 0.03*v_7*v_8 + 1.0*v_8*(v_7 - 1) + 1.0*v_8 - 1.0) + 0.97*v_3*v_4*v_5*v_6*v_7*v_8 + 1.0*(v_1 - 1)*(0.97*v_3*v_4*v_5*v_7*v_8*(v_6 - 1) + 0.97*v_3*v_4*v_7*v_8*(v_5 - 1) + 0.97*v_7*v_8*(v_3*(v_4 - 1) + v_3 - 1) - 0.03*v_7*v_8 + 1.0*v_8*(v_7 - 1) + 1.0*v_8 - 1.0)) - (v_14 - 1)*(v_15*(-1.0*v_1*(0.97*v_3*v_4*v_5*v_7*v_8*(v_6 - 1) + 0.97*v_3*v_4*v_7*v_8*(v_5 - 1) + 0.97*v_7*v_8*(v_3*(v_4 - 1) + v_3 - 1) - 0.03*v_7*v_8 + 1.0*v_8*(v_7 - 1) + 1.0*v_8 - 1.0) + 0.97*v_3*v_4*v_5*v_6*v_7*v_8 + 1.0*(v_1 - 1)*(0.97*v_3*v_4*v_5*v_7*v_8*(v_6 - 1) + 0.97*v_3*v_4*v_7*v_8*(v_5 - 1) + 0.97*v_7*v_8*(v_3*(v_4 - 1) + v_3 - 1) - 0.03*v_7*v_8 + 1.0*v_8*(v_7 - 1) + 1.0*v_8 - 1.0)) - (v_15 - 1)*(v_16*(-1.0*v_1*(0.97*v_3*v_4*v_5*v_7*v_8*(v_6 - 1) + 0.97*v_3*v_4*v_7*v_8*(v_5 - 1) + 0.97*v_7*v_8*(v_3*(v_4 - 1) + v_3 - 1) - 0.03*v_7*v_8 + 1.0*v_8*(v_7 - 1) + 1.0*v_8 - 1.0) + 0.97*v_3*v_4*v_5*v_6*v_7*v_8 + 1.0*(v_1 - 1)*(0.97*v_3*v_4*v_5*v_7*v_8*(v_6 - 1) + 0.97*v_3*v_4*v_7*v_8*(v_5 - 1) + 0.97*v_7*v_8*(v_3*(v_4 - 1) + v_3 - 1) - 0.03*v_7*v_8 + 1.0*v_8*(v_7 - 1) + 1.0*v_8 - 1.0)) + (v_16 - 1)*(1.0*v_1*(0.97*v_3*v_4*v_5*v_7*v_8*(v_6 - 1) + 0.97*v_3*v_4*v_7*v_8*(v_5 - 1) + 0.97*v_7*v_8*(v_3*(v_4 - 1) + v_3 - 1) - 0.03*v_7*v_8 + 1.0*v_8*(v_7 - 1) + 1.0*v_8 - 1.0) + 0.9409*v_3*v_4*v_5*v_6*v_7*v_8*(v_1 - 1) - 0.0291*v_3*v_4*v_5*v_6*v_7*v_8 - 1.0*(v_1 - 1)*(0.97*v_3*v_4*v_5*v_7*v_8*(v_6 - 1) + 0.97*v_3*v_4*v_7*v_8*(v_5 - 1) + 0.97*v_7*v_8*(v_3*(v_4 - 1) + v_3 - 1) - 0.03*v_7*v_8 + 1.0*v_8*(v_7 - 1) + 1.0*v_8 - 1.0)))))))
Post simplification
symp_time: 8.574922323226929
number of sums: 84
number of subs: 125
number of prods: 369
opt_time: 0.12845420837402344
     fun: 5.449999999999996
   maxcv: 3.677613769070831e-16
 message: 'Optimization terminated successfully.'
    nfev: 82
  status: 1
 success: True
       x: array([0.85, 0.05, 0.85, 0.05, 0.85, 0.05, 0.85, 0.05, 0.05, 0.85, 0.05,
       0.85, 0.05])

real	0m13.642s
user	0m12.864s
sys	0m0.602s
Instance: 14
[INFO] aspmc: Tree Decomposition #bags: 30 unfolded treewidth: 4 #vertices: 39
[INFO] aspmc: Preprocessing disabled
[INFO] aspmc:    Stats Compilation
[INFO] aspmc: ------------------------------------------------------------
[INFO] aspmc: X/D-Constrained Tree Decomposition #bags: 45 treewidth: 11 #vertices: 57
[INFO] aspmc: Dtree time:               2.0264463424682617
[INFO] aspmc: Compilation time:         0.026831626892089844
[INFO] aspmc: Preparation time:         0.00011587142944335938
[INFO] aspmc: Counting time:            0.7280182838439941
[INFO] aspmc: ------------------------------------------------------------
[0.97::a0., 0.03::a1., 0.97::a2., 0.03::a3., 0.97::a4., 0.03::a5., 0.97::a6., 0.03::a7., 0.97::a8., 0.03::a9., 0.97::a10., 0.03::a11., 0.97::a12., 0.03::a13., 0.97::a14., qr:-not a0., qr:-a1,not nqr., nqr:-a1,not qr., qr:-not a2., qr:-a3,not nqr., nqr:-a3,not qr., qr:-not a4., qr:-a5,not nqr., nqr:-a5,not qr., qr:-not a6., qr:-a7,not nqr., nqr:-a7,not qr., qr:-not a8., qr:-a9,not nqr., nqr:-a9,not qr., qr:-not a10., qr:-a11,not nqr., nqr:-a11,not qr., qr:-not a12., qr:-a13,not nqr., nqr:-a13,not qr., qr:-not a14., query(qr).]
tracc
nnf_construction_time: 3.889866590499878
Pre simplification
number of sums: 3839
number of prods: 7807
len(eq): 3138
v_11*(-v_1*(0.97*v_3*v_4*v_5*v_7*v_8*(v_6 - 1) + 0.97*v_3*v_4*v_7*v_8*(v_5 - 1) + 0.97*v_7*v_8*(v_3*(v_4 - 1) + v_3 - 1) - 0.03*v_7*v_8 + 1.0*v_8*(v_7 - 1) + 1.0*v_8 - 1.0) + 0.97*v_3*v_4*v_5*v_6*v_7*v_8 + (v_1 - 1)*(0.97*v_3*v_4*v_5*v_7*v_8*(v_6 - 1) + 0.97*v_3*v_4*v_7*v_8*(v_5 - 1) + 0.97*v_7*v_8*(v_3*(v_4 - 1) + v_3 - 1) - 0.03*v_7*v_8 + 1.0*v_8*(v_7 - 1) + 1.0*v_8 - 1.0)) - (v_11 - 1)*(v_12*(-v_1*(0.97*v_3*v_4*v_5*v_7*v_8*(v_6 - 1) + 0.97*v_3*v_4*v_7*v_8*(v_5 - 1) + 0.97*v_7*v_8*(v_3*(v_4 - 1) + v_3 - 1) - 0.03*v_7*v_8 + 1.0*v_8*(v_7 - 1) + 1.0*v_8 - 1.0) + 0.97*v_3*v_4*v_5*v_6*v_7*v_8 + (v_1 - 1)*(0.97*v_3*v_4*v_5*v_7*v_8*(v_6 - 1) + 0.97*v_3*v_4*v_7*v_8*(v_5 - 1) + 0.97*v_7*v_8*(v_3*(v_4 - 1) + v_3 - 1) - 0.03*v_7*v_8 + 1.0*v_8*(v_7 - 1) + 1.0*v_8 - 1.0)) - (v_12 - 1)*(v_13*(-v_1*(0.97*v_3*v_4*v_5*v_7*v_8*(v_6 - 1) + 0.97*v_3*v_4*v_7*v_8*(v_5 - 1) + 0.97*v_7*v_8*(v_3*(v_4 - 1) + v_3 - 1) - 0.03*v_7*v_8 + 1.0*v_8*(v_7 - 1) + 1.0*v_8 - 1.0) + 0.97*v_3*v_4*v_5*v_6*v_7*v_8 + (v_1 - 1)*(0.97*v_3*v_4*v_5*v_7*v_8*(v_6 - 1) + 0.97*v_3*v_4*v_7*v_8*(v_5 - 1) + 0.97*v_7*v_8*(v_3*(v_4 - 1) + v_3 - 1) - 0.03*v_7*v_8 + 1.0*v_8*(v_7 - 1) + 1.0*v_8 - 1.0)) - (v_13 - 1)*(v_14*(-v_1*(0.97*v_3*v_4*v_5*v_7*v_8*(v_6 - 1) + 0.97*v_3*v_4*v_7*v_8*(v_5 - 1) + 0.97*v_7*v_8*(v_3*(v_4 - 1) + v_3 - 1) - 0.03*v_7*v_8 + 1.0*v_8*(v_7 - 1) + 1.0*v_8 - 1.0) + 0.97*v_3*v_4*v_5*v_6*v_7*v_8 + (v_1 - 1)*(0.97*v_3*v_4*v_5*v_7*v_8*(v_6 - 1) + 0.97*v_3*v_4*v_7*v_8*(v_5 - 1) + 0.97*v_7*v_8*(v_3*(v_4 - 1) + v_3 - 1) - 0.03*v_7*v_8 + 1.0*v_8*(v_7 - 1) + 1.0*v_8 - 1.0)) - (v_14 - 1)*(v_15*(-v_1*(0.97*v_3*v_4*v_5*v_7*v_8*(v_6 - 1) + 0.97*v_3*v_4*v_7*v_8*(v_5 - 1) + 0.97*v_7*v_8*(v_3*(v_4 - 1) + v_3 - 1) - 0.03*v_7*v_8 + 1.0*v_8*(v_7 - 1) + 1.0*v_8 - 1.0) + 0.97*v_3*v_4*v_5*v_6*v_7*v_8 + (v_1 - 1)*(0.97*v_3*v_4*v_5*v_7*v_8*(v_6 - 1) + 0.97*v_3*v_4*v_7*v_8*(v_5 - 1) + 0.97*v_7*v_8*(v_3*(v_4 - 1) + v_3 - 1) - 0.03*v_7*v_8 + 1.0*v_8*(v_7 - 1) + 1.0*v_8 - 1.0)) - (v_15 - 1)*(v_16*(-v_1*(0.97*v_3*v_4*v_5*v_7*v_8*(v_6 - 1) + 0.97*v_3*v_4*v_7*v_8*(v_5 - 1) + 0.97*v_7*v_8*(v_3*(v_4 - 1) + v_3 - 1) - 0.03*v_7*v_8 + 1.0*v_8*(v_7 - 1) + 1.0*v_8 - 1.0) + 0.97*v_3*v_4*v_5*v_6*v_7*v_8 + (v_1 - 1)*(0.97*v_3*v_4*v_5*v_7*v_8*(v_6 - 1) + 0.97*v_3*v_4*v_7*v_8*(v_5 - 1) + 0.97*v_7*v_8*(v_3*(v_4 - 1) + v_3 - 1) - 0.03*v_7*v_8 + 1.0*v_8*(v_7 - 1) + 1.0*v_8 - 1.0)) - (v_16 - 1)*(v_17*(-v_1*(0.97*v_3*v_4*v_5*v_7*v_8*(v_6 - 1) + 0.97*v_3*v_4*v_7*v_8*(v_5 - 1) + 0.97*v_7*v_8*(v_3*(v_4 - 1) + v_3 - 1) - 0.03*v_7*v_8 + 1.0*v_8*(v_7 - 1) + 1.0*v_8 - 1.0) + 0.97*v_3*v_4*v_5*v_6*v_7*v_8 + (v_1 - 1)*(0.97*v_3*v_4*v_5*v_7*v_8*(v_6 - 1) + 0.97*v_3*v_4*v_7*v_8*(v_5 - 1) + 0.97*v_7*v_8*(v_3*(v_4 - 1) + v_3 - 1) - 0.03*v_7*v_8 + 1.0*v_8*(v_7 - 1) + 1.0*v_8 - 1.0)) + (v_17 - 1)*(v_1*(0.97*v_3*v_4*v_5*v_7*v_8*(v_6 - 1) + 0.97*v_3*v_4*v_7*v_8*(v_5 - 1) + 0.97*v_7*v_8*(v_3*(v_4 - 1) + v_3 - 1) - 0.03*v_7*v_8 + 1.0*v_8*(v_7 - 1) + 1.0*v_8 - 1.0) + 0.97*v_3*v_4*v_5*v_6*v_7*v_8*(v_1 - 1) - (v_1 - 1)*(0.97*v_3*v_4*v_5*v_7*v_8*(v_6 - 1) + 0.97*v_3*v_4*v_7*v_8*(v_5 - 1) + 0.97*v_7*v_8*(v_3*(v_4 - 1) + v_3 - 1) - 0.03*v_7*v_8 + 1.0*v_8*(v_7 - 1) + 1.0*v_8 - 1.0))))))))
Post simplification
symp_time: 15.704523086547852
number of sums: 96
number of subs: 142
number of prods: 399
opt_time: 0.15121030807495117
     fun: 6.299999999999998
   maxcv: 1.1102230246251565e-16
 message: 'Optimization terminated successfully.'
    nfev: 89
  status: 1
 success: True
       x: array([0.85, 0.05, 0.85, 0.05, 0.85, 0.05, 0.85, 0.05, 0.85, 0.05, 0.85,
       0.05, 0.85, 0.05])

real	0m20.777s
user	0m19.986s
sys	0m0.607s
Instance: 15
[INFO] aspmc: Tree Decomposition #bags: 30 unfolded treewidth: 4 #vertices: 39
[INFO] aspmc: Preprocessing disabled
[INFO] aspmc:    Stats Compilation
[INFO] aspmc: ------------------------------------------------------------
[INFO] aspmc: X/D-Constrained Tree Decomposition #bags: 45 treewidth: 11 #vertices: 57
[INFO] aspmc: Dtree time:               2.0252881050109863
[INFO] aspmc: Compilation time:         0.02561044692993164
[INFO] aspmc: Preparation time:         0.00010418891906738281
[INFO] aspmc: Counting time:            0.7040243148803711
[INFO] aspmc: ------------------------------------------------------------
[0.97::a0., 0.03::a1., 0.97::a2., 0.03::a3., 0.97::a4., 0.03::a5., 0.97::a6., 0.03::a7., 0.97::a8., 0.03::a9., 0.97::a10., 0.03::a11., 0.97::a12., 0.03::a13., 0.97::a14., qr:-not a0., qr:-a1,not nqr., nqr:-a1,not qr., qr:-not a2., qr:-a3,not nqr., nqr:-a3,not qr., qr:-not a4., qr:-a5,not nqr., nqr:-a5,not qr., qr:-not a6., qr:-a7,not nqr., nqr:-a7,not qr., qr:-not a8., qr:-a9,not nqr., nqr:-a9,not qr., qr:-not a10., qr:-a11,not nqr., nqr:-a11,not qr., qr:-not a12., qr:-a13,not nqr., nqr:-a13,not qr., qr:-not a14., query(qr).]
tracc
nnf_construction_time: 3.8503148555755615
Pre simplification
number of sums: 3839
number of prods: 7807
len(eq): 3002
v_11*(-v_1*(v_3*v_4*v_5*v_7*v_8*v_9*(v_6 - 1) + v_3*v_4*v_7*v_8*v_9*(v_5 - 1) + v_7*v_8*v_9*(v_3*(v_4 - 1) + v_3 - 1) + v_7*v_8*(v_9 - 1) + v_8*(v_7 - 1) + v_8 - 1) + v_3*v_4*v_5*v_6*v_7*v_8*v_9 + (v_1 - 1)*(v_3*v_4*v_5*v_7*v_8*v_9*(v_6 - 1) + v_3*v_4*v_7*v_8*v_9*(v_5 - 1) + v_7*v_8*v_9*(v_3*(v_4 - 1) + v_3 - 1) + v_7*v_8*(v_9 - 1) + v_8*(v_7 - 1) + v_8 - 1)) - (v_11 - 1)*(v_12*(-v_1*(v_3*v_4*v_5*v_7*v_8*v_9*(v_6 - 1) + v_3*v_4*v_7*v_8*v_9*(v_5 - 1) + v_7*v_8*v_9*(v_3*(v_4 - 1) + v_3 - 1) + v_7*v_8*(v_9 - 1) + v_8*(v_7 - 1) + v_8 - 1) + v_3*v_4*v_5*v_6*v_7*v_8*v_9 + (v_1 - 1)*(v_3*v_4*v_5*v_7*v_8*v_9*(v_6 - 1) + v_3*v_4*v_7*v_8*v_9*(v_5 - 1) + v_7*v_8*v_9*(v_3*(v_4 - 1) + v_3 - 1) + v_7*v_8*(v_9 - 1) + v_8*(v_7 - 1) + v_8 - 1)) - (v_12 - 1)*(v_13*(-v_1*(v_3*v_4*v_5*v_7*v_8*v_9*(v_6 - 1) + v_3*v_4*v_7*v_8*v_9*(v_5 - 1) + v_7*v_8*v_9*(v_3*(v_4 - 1) + v_3 - 1) + v_7*v_8*(v_9 - 1) + v_8*(v_7 - 1) + v_8 - 1) + v_3*v_4*v_5*v_6*v_7*v_8*v_9 + (v_1 - 1)*(v_3*v_4*v_5*v_7*v_8*v_9*(v_6 - 1) + v_3*v_4*v_7*v_8*v_9*(v_5 - 1) + v_7*v_8*v_9*(v_3*(v_4 - 1) + v_3 - 1) + v_7*v_8*(v_9 - 1) + v_8*(v_7 - 1) + v_8 - 1)) - (v_13 - 1)*(v_14*(-v_1*(v_3*v_4*v_5*v_7*v_8*v_9*(v_6 - 1) + v_3*v_4*v_7*v_8*v_9*(v_5 - 1) + v_7*v_8*v_9*(v_3*(v_4 - 1) + v_3 - 1) + v_7*v_8*(v_9 - 1) + v_8*(v_7 - 1) + v_8 - 1) + v_3*v_4*v_5*v_6*v_7*v_8*v_9 + (v_1 - 1)*(v_3*v_4*v_5*v_7*v_8*v_9*(v_6 - 1) + v_3*v_4*v_7*v_8*v_9*(v_5 - 1) + v_7*v_8*v_9*(v_3*(v_4 - 1) + v_3 - 1) + v_7*v_8*(v_9 - 1) + v_8*(v_7 - 1) + v_8 - 1)) - (v_14 - 1)*(v_15*(-v_1*(v_3*v_4*v_5*v_7*v_8*v_9*(v_6 - 1) + v_3*v_4*v_7*v_8*v_9*(v_5 - 1) + v_7*v_8*v_9*(v_3*(v_4 - 1) + v_3 - 1) + v_7*v_8*(v_9 - 1) + v_8*(v_7 - 1) + v_8 - 1) + v_3*v_4*v_5*v_6*v_7*v_8*v_9 + (v_1 - 1)*(v_3*v_4*v_5*v_7*v_8*v_9*(v_6 - 1) + v_3*v_4*v_7*v_8*v_9*(v_5 - 1) + v_7*v_8*v_9*(v_3*(v_4 - 1) + v_3 - 1) + v_7*v_8*(v_9 - 1) + v_8*(v_7 - 1) + v_8 - 1)) - (v_15 - 1)*(v_16*(-v_1*(v_3*v_4*v_5*v_7*v_8*v_9*(v_6 - 1) + v_3*v_4*v_7*v_8*v_9*(v_5 - 1) + v_7*v_8*v_9*(v_3*(v_4 - 1) + v_3 - 1) + v_7*v_8*(v_9 - 1) + v_8*(v_7 - 1) + v_8 - 1) + v_3*v_4*v_5*v_6*v_7*v_8*v_9 + (v_1 - 1)*(v_3*v_4*v_5*v_7*v_8*v_9*(v_6 - 1) + v_3*v_4*v_7*v_8*v_9*(v_5 - 1) + v_7*v_8*v_9*(v_3*(v_4 - 1) + v_3 - 1) + v_7*v_8*(v_9 - 1) + v_8*(v_7 - 1) + v_8 - 1)) - (v_16 - 1)*(v_17*(-v_1*(v_3*v_4*v_5*v_7*v_8*v_9*(v_6 - 1) + v_3*v_4*v_7*v_8*v_9*(v_5 - 1) + v_7*v_8*v_9*(v_3*(v_4 - 1) + v_3 - 1) + v_7*v_8*(v_9 - 1) + v_8*(v_7 - 1) + v_8 - 1) + v_3*v_4*v_5*v_6*v_7*v_8*v_9 + (v_1 - 1)*(v_3*v_4*v_5*v_7*v_8*v_9*(v_6 - 1) + v_3*v_4*v_7*v_8*v_9*(v_5 - 1) + v_7*v_8*v_9*(v_3*(v_4 - 1) + v_3 - 1) + v_7*v_8*(v_9 - 1) + v_8*(v_7 - 1) + v_8 - 1)) + (v_17 - 1)*(v_1*(v_3*v_4*v_5*v_7*v_8*v_9*(v_6 - 1) + v_3*v_4*v_7*v_8*v_9*(v_5 - 1) + v_7*v_8*v_9*(v_3*(v_4 - 1) + v_3 - 1) + v_7*v_8*(v_9 - 1) + v_8*(v_7 - 1) + v_8 - 1) + v_3*v_4*v_5*v_6*v_7*v_8*v_9*(v_1 - 1) - (v_1 - 1)*(v_3*v_4*v_5*v_7*v_8*v_9*(v_6 - 1) + v_3*v_4*v_7*v_8*v_9*(v_5 - 1) + v_7*v_8*v_9*(v_3*(v_4 - 1) + v_3 - 1) + v_7*v_8*(v_9 - 1) + v_8*(v_7 - 1) + v_8 - 1))))))))
Post simplification
symp_time: 12.268713235855103
number of sums: 112
number of subs: 142
number of prods: 367
opt_time: 0.16663312911987305
     fun: 6.349999999999995
   maxcv: 4.440892098500626e-16
 message: 'Optimization terminated successfully.'
    nfev: 94
  status: 1
 success: True
       x: array([0.85, 0.05, 0.85, 0.05, 0.85, 0.05, 0.85, 0.05, 0.05, 0.85, 0.05,
       0.85, 0.05, 0.85, 0.05])

real	0m17.257s
user	0m16.490s
sys	0m0.612s
Ended at: 
Thu Dec  7 17:58:26 CET 2023
