Started at: 
Thu Dec  7 17:56:10 CET 2023
Instance: 2
[INFO] aspmc: Tree Decomposition #bags: 40 unfolded treewidth: 4 #vertices: 52
[INFO] aspmc: Preprocessing disabled
[INFO] aspmc:    Stats Compilation
[INFO] aspmc: ------------------------------------------------------------
[INFO] aspmc: X/D-Constrained Tree Decomposition #bags: 34 treewidth: 15 #vertices: 78
[INFO] aspmc: Dtree time:               2.0327656269073486
[INFO] aspmc: Compilation time:         0.1850733757019043
[INFO] aspmc: Preparation time:         0.00012874603271484375
[INFO] aspmc: Counting time:            15.308083772659302
[INFO] aspmc: ------------------------------------------------------------
[0.97::a0., 0.03::a1., 0.97::a2., 0.03::a3., 0.97::a4., 0.03::a5., 0.97::a6., 0.03::a7., 0.97::a8., 0.03::a9., 0.97::a10., 0.03::a11., 0.97::a12., 0.03::a13., 0.97::a14., 0.03::a15., 0.97::a16., 0.03::a17., 0.97::a18., 0.03::a19., qr:-not a0., qr:-a1,not nqr., nqr:-a1,not qr., qr:-not a2., qr:-a3,not nqr., nqr:-a3,not qr., qr:-not a4., qr:-a5,not nqr., nqr:-a5,not qr., qr:-not a6., qr:-a7,not nqr., nqr:-a7,not qr., qr:-not a8., qr:-a9,not nqr., nqr:-a9,not qr., qr:-not a10., qr:-a11,not nqr., nqr:-a11,not qr., qr:-not a12., qr:-a13,not nqr., nqr:-a13,not qr., qr:-not a14., qr:-a15,not nqr., nqr:-a15,not qr., qr:-not a16., qr:-a17,not nqr., nqr:-a17,not qr., qr:-not a18., qr:-a19,not nqr., nqr:-a19,not qr., query(qr).]
tracc
nnf_construction_time: 18.64819312095642
Pre simplification
number of sums: 73727
number of prods: 129023
len(eq): 56
0.577951262543041*v_1*v_12 - 0.577951262543041*v_1 + 1.0
Post simplification
symp_time: 18.88815999031067
number of sums: 1
number of subs: 1
number of prods: 3
opt_time: 0.001909494400024414
     fun: 0.8999999999999999
   maxcv: 1.3877787807814457e-17
 message: 'Optimization terminated successfully.'
    nfev: 14
  status: 1
 success: True
       x: array([0.85, 0.05])

real	0m38.819s
user	0m37.374s
sys	0m1.279s
Instance: 3
[INFO] aspmc: Tree Decomposition #bags: 40 unfolded treewidth: 4 #vertices: 52
[INFO] aspmc: Preprocessing disabled
[INFO] aspmc:    Stats Compilation
[INFO] aspmc: ------------------------------------------------------------
[INFO] aspmc: X/D-Constrained Tree Decomposition #bags: 34 treewidth: 15 #vertices: 78
[INFO] aspmc: Dtree time:               2.032630443572998
[INFO] aspmc: Compilation time:         0.18050670623779297
[INFO] aspmc: Preparation time:         0.00013375282287597656
[INFO] aspmc: Counting time:            16.04354476928711
[INFO] aspmc: ------------------------------------------------------------
[0.97::a0., 0.03::a1., 0.97::a2., 0.03::a3., 0.97::a4., 0.03::a5., 0.97::a6., 0.03::a7., 0.97::a8., 0.03::a9., 0.97::a10., 0.03::a11., 0.97::a12., 0.03::a13., 0.97::a14., 0.03::a15., 0.97::a16., 0.03::a17., 0.97::a18., 0.03::a19., qr:-not a0., qr:-a1,not nqr., nqr:-a1,not qr., qr:-not a2., qr:-a3,not nqr., nqr:-a3,not qr., qr:-not a4., qr:-a5,not nqr., nqr:-a5,not qr., qr:-not a6., qr:-a7,not nqr., nqr:-a7,not qr., qr:-not a8., qr:-a9,not nqr., nqr:-a9,not qr., qr:-not a10., qr:-a11,not nqr., nqr:-a11,not qr., qr:-not a12., qr:-a13,not nqr., nqr:-a13,not qr., qr:-not a14., qr:-a15,not nqr., nqr:-a15,not qr., qr:-not a16., qr:-a17,not nqr., nqr:-a17,not qr., qr:-not a18., qr:-a19,not nqr., nqr:-a19,not qr., query(qr).]
tracc
nnf_construction_time: 19.367681741714478
Pre simplification
number of sums: 73727
number of prods: 129023
len(eq): 123
0.595826043858805*v_1*v_12*v_3 - 0.595826043858805*v_1*v_3 + 1.11022302462516e-16*v_12*v_3 - 1.11022302462516e-16*v_3 + 1.0
Post simplification
symp_time: 20.008663654327393
number of sums: 2
number of subs: 4
number of prods: 8
opt_time: 0.004064321517944336
     fun: 0.95
   maxcv: 1.3877787807814457e-17
 message: 'Optimization terminated successfully.'
    nfev: 20
  status: 1
 success: True
       x: array([0.05, 0.85, 0.05])

real	0m40.582s
user	0m39.189s
sys	0m1.230s
Instance: 4
[INFO] aspmc: Tree Decomposition #bags: 40 unfolded treewidth: 4 #vertices: 52
[INFO] aspmc: Preprocessing disabled
[INFO] aspmc:    Stats Compilation
[INFO] aspmc: ------------------------------------------------------------
[INFO] aspmc: X/D-Constrained Tree Decomposition #bags: 34 treewidth: 15 #vertices: 78
[INFO] aspmc: Dtree time:               2.03292179107666
[INFO] aspmc: Compilation time:         0.182542085647583
[INFO] aspmc: Preparation time:         0.00012946128845214844
[INFO] aspmc: Counting time:            15.266467094421387
[INFO] aspmc: ------------------------------------------------------------
[0.97::a0., 0.03::a1., 0.97::a2., 0.03::a3., 0.97::a4., 0.03::a5., 0.97::a6., 0.03::a7., 0.97::a8., 0.03::a9., 0.97::a10., 0.03::a11., 0.97::a12., 0.03::a13., 0.97::a14., 0.03::a15., 0.97::a16., 0.03::a17., 0.97::a18., 0.03::a19., qr:-not a0., qr:-a1,not nqr., nqr:-a1,not qr., qr:-not a2., qr:-a3,not nqr., nqr:-a3,not qr., qr:-not a4., qr:-a5,not nqr., nqr:-a5,not qr., qr:-not a6., qr:-a7,not nqr., nqr:-a7,not qr., qr:-not a8., qr:-a9,not nqr., nqr:-a9,not qr., qr:-not a10., qr:-a11,not nqr., nqr:-a11,not qr., qr:-not a12., qr:-a13,not nqr., nqr:-a13,not qr., qr:-not a14., qr:-a15,not nqr., nqr:-a15,not qr., qr:-not a16., qr:-a17,not nqr., nqr:-a17,not qr., qr:-not a18., qr:-a19,not nqr., nqr:-a19,not qr., query(qr).]
tracc
nnf_construction_time: 18.595093250274658
Pre simplification
number of sums: 73727
number of prods: 129023
len(eq): 264
-0.614253653462685*v_1*v_12*v_14*v_3 + 0.614253653462685*v_1*v_12*v_3 + 0.614253653462685*v_1*v_14*v_3 - 0.614253653462685*v_1*v_3 - 1.11022302462516e-16*v_12*v_14*v_3 + 1.11022302462516e-16*v_12*v_3 + 1.11022302462516e-16*v_14*v_3 - 1.11022302462516e-16*v_3 + 1.0
Post simplification
symp_time: 19.71630883216858
number of sums: 5
number of subs: 8
number of prods: 20
opt_time: 0.006421804428100586
     fun: 1.7999999999999998
   maxcv: 4.163336342344337e-17
 message: 'Optimization terminated successfully.'
    nfev: 26
  status: 1
 success: True
       x: array([0.85, 0.05, 0.85, 0.05])

real	0m39.511s
user	0m38.089s
sys	0m1.261s
Instance: 5
[INFO] aspmc: Tree Decomposition #bags: 40 unfolded treewidth: 4 #vertices: 52
[INFO] aspmc: Preprocessing disabled
[INFO] aspmc:    Stats Compilation
[INFO] aspmc: ------------------------------------------------------------
[INFO] aspmc: X/D-Constrained Tree Decomposition #bags: 34 treewidth: 15 #vertices: 78
[INFO] aspmc: Dtree time:               2.0346808433532715
[INFO] aspmc: Compilation time:         0.18390512466430664
[INFO] aspmc: Preparation time:         0.0001354217529296875
[INFO] aspmc: Counting time:            15.756253004074097
[INFO] aspmc: ------------------------------------------------------------
[0.97::a0., 0.03::a1., 0.97::a2., 0.03::a3., 0.97::a4., 0.03::a5., 0.97::a6., 0.03::a7., 0.97::a8., 0.03::a9., 0.97::a10., 0.03::a11., 0.97::a12., 0.03::a13., 0.97::a14., 0.03::a15., 0.97::a16., 0.03::a17., 0.97::a18., 0.03::a19., qr:-not a0., qr:-a1,not nqr., nqr:-a1,not qr., qr:-not a2., qr:-a3,not nqr., nqr:-a3,not qr., qr:-not a4., qr:-a5,not nqr., nqr:-a5,not qr., qr:-not a6., qr:-a7,not nqr., nqr:-a7,not qr., qr:-not a8., qr:-a9,not nqr., nqr:-a9,not qr., qr:-not a10., qr:-a11,not nqr., nqr:-a11,not qr., qr:-not a12., qr:-a13,not nqr., nqr:-a13,not qr., qr:-not a14., qr:-a15,not nqr., nqr:-a15,not qr., qr:-not a16., qr:-a17,not nqr., nqr:-a17,not qr., qr:-not a18., qr:-a19,not nqr., nqr:-a19,not qr., query(qr).]
tracc
nnf_construction_time: 19.09566617012024
Pre simplification
number of sums: 73727
number of prods: 129023
len(eq): 296
-0.633251189136789*v_1*v_12*v_14*v_3*v_4 + 0.633251189136789*v_1*v_12*v_3*v_4 + 0.633251189136789*v_1*v_14*v_3*v_4 - 0.633251189136789*v_1*v_3*v_4 - 1.11022302462516e-16*v_12*v_14*v_3*v_4 + 1.11022302462516e-16*v_12*v_3*v_4 + 1.11022302462516e-16*v_14*v_3*v_4 - 1.11022302462516e-16*v_3*v_4 + 1.0
Post simplification
symp_time: 20.255395650863647
number of sums: 5
number of subs: 8
number of prods: 28
opt_time: 0.010279178619384766
     fun: 1.8499999999999999
   maxcv: 1.3877787807814457e-17
 message: 'Optimization terminated successfully.'
    nfev: 32
  status: 1
 success: True
       x: array([0.05, 0.85, 0.05, 0.85, 0.05])

real	0m40.545s
user	0m39.116s
sys	0m1.269s
Instance: 6
[INFO] aspmc: Tree Decomposition #bags: 40 unfolded treewidth: 4 #vertices: 52
[INFO] aspmc: Preprocessing disabled
[INFO] aspmc:    Stats Compilation
[INFO] aspmc: ------------------------------------------------------------
[INFO] aspmc: X/D-Constrained Tree Decomposition #bags: 34 treewidth: 15 #vertices: 78
[INFO] aspmc: Dtree time:               2.032639741897583
[INFO] aspmc: Compilation time:         0.1808772087097168
[INFO] aspmc: Preparation time:         0.00013494491577148438
[INFO] aspmc: Counting time:            15.457457304000854
[INFO] aspmc: ------------------------------------------------------------
[0.97::a0., 0.03::a1., 0.97::a2., 0.03::a3., 0.97::a4., 0.03::a5., 0.97::a6., 0.03::a7., 0.97::a8., 0.03::a9., 0.97::a10., 0.03::a11., 0.97::a12., 0.03::a13., 0.97::a14., 0.03::a15., 0.97::a16., 0.03::a17., 0.97::a18., 0.03::a19., qr:-not a0., qr:-a1,not nqr., nqr:-a1,not qr., qr:-not a2., qr:-a3,not nqr., nqr:-a3,not qr., qr:-not a4., qr:-a5,not nqr., nqr:-a5,not qr., qr:-not a6., qr:-a7,not nqr., nqr:-a7,not qr., qr:-not a8., qr:-a9,not nqr., nqr:-a9,not qr., qr:-not a10., qr:-a11,not nqr., nqr:-a11,not qr., qr:-not a12., qr:-a13,not nqr., nqr:-a13,not qr., qr:-not a14., qr:-a15,not nqr., nqr:-a15,not qr., qr:-not a16., qr:-a17,not nqr., nqr:-a17,not qr., qr:-not a18., qr:-a19,not nqr., nqr:-a19,not qr., query(qr).]
tracc
nnf_construction_time: 18.785991430282593
Pre simplification
number of sums: 73727
number of prods: 129023
len(eq): 627
0.652836277460607*v_1*v_12*v_14*v_15*v_3*v_4 - 0.652836277460607*v_1*v_12*v_14*v_3*v_4 - 0.652836277460607*v_1*v_12*v_15*v_3*v_4 + 0.652836277460607*v_1*v_12*v_3*v_4 - 0.652836277460607*v_1*v_14*v_15*v_3*v_4 + 0.652836277460607*v_1*v_14*v_3*v_4 + 0.652836277460607*v_1*v_15*v_3*v_4 - 0.652836277460607*v_1*v_3*v_4 + 1.11022302462516e-16*v_12*v_14*v_15*v_3*v_4 - 1.11022302462516e-16*v_12*v_14*v_3*v_4 - 1.11022302462516e-16*v_12*v_15*v_3*v_4 + 1.11022302462516e-16*v_12*v_3*v_4 - 1.11022302462516e-16*v_14*v_15*v_3*v_4 + 1.11022302462516e-16*v_14*v_3*v_4 + 1.11022302462516e-16*v_15*v_3*v_4 - 1.11022302462516e-16*v_3*v_4 + 1.0
Post simplification
symp_time: 20.48668670654297
number of sums: 8
number of subs: 16
number of prods: 64
opt_time: 0.01624608039855957
     fun: 2.6999999999999997
   maxcv: 5.551115123125783e-17
 message: 'Optimization terminated successfully.'
    nfev: 38
  status: 1
 success: True
       x: array([0.85, 0.05, 0.85, 0.05, 0.85, 0.05])

real	0m40.466s
user	0m39.002s
sys	0m1.303s
Instance: 7
[INFO] aspmc: Tree Decomposition #bags: 40 unfolded treewidth: 4 #vertices: 52
[INFO] aspmc: Preprocessing disabled
[INFO] aspmc:    Stats Compilation
[INFO] aspmc: ------------------------------------------------------------
[INFO] aspmc: X/D-Constrained Tree Decomposition #bags: 34 treewidth: 15 #vertices: 78
[INFO] aspmc: Dtree time:               2.032731533050537
[INFO] aspmc: Compilation time:         0.18086910247802734
[INFO] aspmc: Preparation time:         0.00013899803161621094
[INFO] aspmc: Counting time:            15.345572233200073
[INFO] aspmc: ------------------------------------------------------------
[0.97::a0., 0.03::a1., 0.97::a2., 0.03::a3., 0.97::a4., 0.03::a5., 0.97::a6., 0.03::a7., 0.97::a8., 0.03::a9., 0.97::a10., 0.03::a11., 0.97::a12., 0.03::a13., 0.97::a14., 0.03::a15., 0.97::a16., 0.03::a17., 0.97::a18., 0.03::a19., qr:-not a0., qr:-a1,not nqr., nqr:-a1,not qr., qr:-not a2., qr:-a3,not nqr., nqr:-a3,not qr., qr:-not a4., qr:-a5,not nqr., nqr:-a5,not qr., qr:-not a6., qr:-a7,not nqr., nqr:-a7,not qr., qr:-not a8., qr:-a9,not nqr., nqr:-a9,not qr., qr:-not a10., qr:-a11,not nqr., nqr:-a11,not qr., qr:-not a12., qr:-a13,not nqr., nqr:-a13,not qr., qr:-not a14., qr:-a15,not nqr., nqr:-a15,not qr., qr:-not a16., qr:-a17,not nqr., nqr:-a17,not qr., qr:-not a18., qr:-a19,not nqr., nqr:-a19,not qr., query(qr).]
tracc
nnf_construction_time: 18.670809030532837
Pre simplification
number of sums: 73727
number of prods: 129023
len(eq): 691
0.673027090165575*v_1*v_12*v_14*v_15*v_3*v_4*v_5 - 0.673027090165575*v_1*v_12*v_14*v_3*v_4*v_5 - 0.673027090165575*v_1*v_12*v_15*v_3*v_4*v_5 + 0.673027090165575*v_1*v_12*v_3*v_4*v_5 - 0.673027090165575*v_1*v_14*v_15*v_3*v_4*v_5 + 0.673027090165575*v_1*v_14*v_3*v_4*v_5 + 0.673027090165575*v_1*v_15*v_3*v_4*v_5 - 0.673027090165575*v_1*v_3*v_4*v_5 + 1.11022302462516e-16*v_12*v_14*v_15*v_3*v_4*v_5 - 1.11022302462516e-16*v_12*v_14*v_3*v_4*v_5 - 1.11022302462516e-16*v_12*v_15*v_3*v_4*v_5 + 1.11022302462516e-16*v_12*v_3*v_4*v_5 - 1.11022302462516e-16*v_14*v_15*v_3*v_4*v_5 + 1.11022302462516e-16*v_14*v_3*v_4*v_5 + 1.11022302462516e-16*v_15*v_3*v_4*v_5 - 1.11022302462516e-16*v_3*v_4*v_5 + 1.0
Post simplification
symp_time: 20.32929563522339
number of sums: 8
number of subs: 16
number of prods: 80
opt_time: 0.0227968692779541
     fun: 2.75
   maxcv: 0.0
 message: 'Optimization terminated successfully.'
    nfev: 48
  status: 1
 success: True
       x: array([0.05, 0.85, 0.05, 0.85, 0.05, 0.85, 0.05])

real	0m40.199s
user	0m38.725s
sys	0m1.307s
Instance: 8
[INFO] aspmc: Tree Decomposition #bags: 40 unfolded treewidth: 4 #vertices: 52
[INFO] aspmc: Preprocessing disabled
[INFO] aspmc:    Stats Compilation
[INFO] aspmc: ------------------------------------------------------------
[INFO] aspmc: X/D-Constrained Tree Decomposition #bags: 34 treewidth: 15 #vertices: 78
[INFO] aspmc: Dtree time:               2.0330772399902344
[INFO] aspmc: Compilation time:         0.18872952461242676
[INFO] aspmc: Preparation time:         0.0001327991485595703
[INFO] aspmc: Counting time:            15.488749265670776
[INFO] aspmc: ------------------------------------------------------------
[0.97::a0., 0.03::a1., 0.97::a2., 0.03::a3., 0.97::a4., 0.03::a5., 0.97::a6., 0.03::a7., 0.97::a8., 0.03::a9., 0.97::a10., 0.03::a11., 0.97::a12., 0.03::a13., 0.97::a14., 0.03::a15., 0.97::a16., 0.03::a17., 0.97::a18., 0.03::a19., qr:-not a0., qr:-a1,not nqr., nqr:-a1,not qr., qr:-not a2., qr:-a3,not nqr., nqr:-a3,not qr., qr:-not a4., qr:-a5,not nqr., nqr:-a5,not qr., qr:-not a6., qr:-a7,not nqr., nqr:-a7,not qr., qr:-not a8., qr:-a9,not nqr., nqr:-a9,not qr., qr:-not a10., qr:-a11,not nqr., nqr:-a11,not qr., qr:-not a12., qr:-a13,not nqr., nqr:-a13,not qr., qr:-not a14., qr:-a15,not nqr., nqr:-a15,not qr., qr:-not a16., qr:-a17,not nqr., nqr:-a17,not qr., qr:-not a18., qr:-a19,not nqr., nqr:-a19,not qr., query(qr).]
tracc
nnf_construction_time: 18.81980323791504
Pre simplification
number of sums: 73727
number of prods: 129023
len(eq): 1098
v_12*(-1.0*v_1*(0.8587340257*v_3*(v_4*(v_5 - 1) + v_4 - 1) + 0.8587340257*v_3 - 1.0) + 0.8587340257*v_3*v_4*v_5 + 1.0*(v_1 - 1)*(0.8587340257*v_3*(v_4*(v_5 - 1) + v_4 - 1) + 0.8587340257*v_3 - 1.0)) - (v_12 - 1)*(v_14*(-1.0*v_1*(0.8587340257*v_3*(v_4*(v_5 - 1) + v_4 - 1) + 0.8587340257*v_3 - 1.0) + 0.8587340257*v_3*v_4*v_5 + 1.0*(v_1 - 1)*(0.8587340257*v_3*(v_4*(v_5 - 1) + v_4 - 1) + 0.8587340257*v_3 - 1.0)) - (v_14 - 1)*(v_15*(-1.0*v_1*(0.8587340257*v_3*(v_4*(v_5 - 1) + v_4 - 1) + 0.8587340257*v_3 - 1.0) + 0.8587340257*v_3*v_4*v_5 + 1.0*(v_1 - 1)*(0.8587340257*v_3*(v_4*(v_5 - 1) + v_4 - 1) + 0.8587340257*v_3 - 1.0)) - (v_15 - 1)*(v_16*(-1.0*v_1*(0.8587340257*v_3*(v_4*(v_5 - 1) + v_4 - 1) + 0.8587340257*v_3 - 1.0) + 0.8587340257*v_3*v_4*v_5 + 1.0*(v_1 - 1)*(0.8587340257*v_3*(v_4*(v_5 - 1) + v_4 - 1) + 0.8587340257*v_3 - 1.0)) + (v_16 - 1)*(1.0*v_1*(0.8587340257*v_3*(v_4*(v_5 - 1) + v_4 - 1) + 0.8587340257*v_3 - 1.0) + 0.71530140308808*v_3*v_4*v_5*(0.97*v_1 - 1.0) - 0.14343262261192*v_3*v_4*v_5 - 1.0*(v_1 - 1)*(0.8587340257*v_3*(v_4*(v_5 - 1) + v_4 - 1) + 0.8587340257*v_3 - 1.0)))))
Post simplification
symp_time: 21.405412673950195
number of sums: 30
number of subs: 49
number of prods: 88
opt_time: 0.03678011894226074
     fun: 3.5999999999999996
   maxcv: 1.1102230246251565e-16
 message: 'Optimization terminated successfully.'
    nfev: 55
  status: 1
 success: True
       x: array([0.85, 0.05, 0.85, 0.05, 0.85, 0.05, 0.85, 0.05])

real	0m41.423s
user	0m39.987s
sys	0m1.270s
Instance: 9
[INFO] aspmc: Tree Decomposition #bags: 40 unfolded treewidth: 4 #vertices: 52
[INFO] aspmc: Preprocessing disabled
[INFO] aspmc:    Stats Compilation
[INFO] aspmc: ------------------------------------------------------------
[INFO] aspmc: X/D-Constrained Tree Decomposition #bags: 34 treewidth: 15 #vertices: 78
[INFO] aspmc: Dtree time:               2.0321993827819824
[INFO] aspmc: Compilation time:         0.18062043190002441
[INFO] aspmc: Preparation time:         0.00013256072998046875
[INFO] aspmc: Counting time:            15.02805471420288
[INFO] aspmc: ------------------------------------------------------------
[0.97::a0., 0.03::a1., 0.97::a2., 0.03::a3., 0.97::a4., 0.03::a5., 0.97::a6., 0.03::a7., 0.97::a8., 0.03::a9., 0.97::a10., 0.03::a11., 0.97::a12., 0.03::a13., 0.97::a14., 0.03::a15., 0.97::a16., 0.03::a17., 0.97::a18., 0.03::a19., qr:-not a0., qr:-a1,not nqr., nqr:-a1,not qr., qr:-not a2., qr:-a3,not nqr., nqr:-a3,not qr., qr:-not a4., qr:-a5,not nqr., nqr:-a5,not qr., qr:-not a6., qr:-a7,not nqr., nqr:-a7,not qr., qr:-not a8., qr:-a9,not nqr., nqr:-a9,not qr., qr:-not a10., qr:-a11,not nqr., nqr:-a11,not qr., qr:-not a12., qr:-a13,not nqr., nqr:-a13,not qr., qr:-not a14., qr:-a15,not nqr., nqr:-a15,not qr., qr:-not a16., qr:-a17,not nqr., nqr:-a17,not qr., qr:-not a18., qr:-a19,not nqr., nqr:-a19,not qr., query(qr).]
tracc
nnf_construction_time: 18.350104570388794
Pre simplification
number of sums: 73727
number of prods: 129023
len(eq): 1416
v_12*(-1.0*v_1*(0.88529281*v_3*v_6*(v_4*(v_5 - 1) + v_4 - 1) + 0.912673*v_6*(0.97*v_3 - 1.0) + 0.912673*v_6 - 1.0) + 0.88529281*v_3*v_4*v_5*v_6 + 1.0*(v_1 - 1)*(0.88529281*v_3*v_6*(v_4*(v_5 - 1) + v_4 - 1) + 0.912673*v_6*(0.97*v_3 - 1.0) + 0.912673*v_6 - 1.0)) - (v_12 - 1)*(v_14*(-1.0*v_1*(0.88529281*v_3*v_6*(v_4*(v_5 - 1) + v_4 - 1) + 0.912673*v_6*(0.97*v_3 - 1.0) + 0.912673*v_6 - 1.0) + 0.88529281*v_3*v_4*v_5*v_6 + 1.0*(v_1 - 1)*(0.88529281*v_3*v_6*(v_4*(v_5 - 1) + v_4 - 1) + 0.912673*v_6*(0.97*v_3 - 1.0) + 0.912673*v_6 - 1.0)) - (v_14 - 1)*(v_15*(-1.0*v_1*(0.88529281*v_3*v_6*(v_4*(v_5 - 1) + v_4 - 1) + 0.912673*v_6*(0.97*v_3 - 1.0) + 0.912673*v_6 - 1.0) + 0.88529281*v_3*v_4*v_5*v_6 + 1.0*(v_1 - 1)*(0.88529281*v_3*v_6*(v_4*(v_5 - 1) + v_4 - 1) + 0.912673*v_6*(0.97*v_3 - 1.0) + 0.912673*v_6 - 1.0)) - (v_15 - 1)*(v_16*(-1.0*v_1*(0.88529281*v_3*v_6*(v_4*(v_5 - 1) + v_4 - 1) + 0.912673*v_6*(0.97*v_3 - 1.0) + 0.912673*v_6 - 1.0) + 0.88529281*v_3*v_4*v_5*v_6 + 1.0*(v_1 - 1)*(0.88529281*v_3*v_6*(v_4*(v_5 - 1) + v_4 - 1) + 0.912673*v_6*(0.97*v_3 - 1.0) + 0.912673*v_6 - 1.0)) + (v_16 - 1)*(1.0*v_1*(0.88529281*v_3*v_6*(v_4*(v_5 - 1) + v_4 - 1) + 0.912673*v_6*(0.97*v_3 - 1.0) + 0.912673*v_6 - 1.0) + 0.737424126894928*v_3*v_4*v_5*v_6*(0.97*v_1 - 1.0) - 0.147868683105072*v_3*v_4*v_5*v_6 - 1.0*(v_1 - 1)*(0.88529281*v_3*v_6*(v_4*(v_5 - 1) + v_4 - 1) + 0.912673*v_6*(0.97*v_3 - 1.0) + 0.912673*v_6 - 1.0)))))
Post simplification
symp_time: 21.941128730773926
number of sums: 40
number of subs: 59
number of prods: 134
opt_time: 0.05136704444885254
     fun: 3.65
   maxcv: 6.938893903907228e-17
 message: 'Optimization terminated successfully.'
    nfev: 58
  status: 1
 success: True
       x: array([0.05, 0.85, 0.05, 0.85, 0.05, 0.85, 0.05, 0.85, 0.05])

real	0m41.509s
user	0m40.011s
sys	0m1.331s
Instance: 10
[INFO] aspmc: Tree Decomposition #bags: 40 unfolded treewidth: 4 #vertices: 52
[INFO] aspmc: Preprocessing disabled
[INFO] aspmc:    Stats Compilation
[INFO] aspmc: ------------------------------------------------------------
[INFO] aspmc: X/D-Constrained Tree Decomposition #bags: 34 treewidth: 15 #vertices: 78
[INFO] aspmc: Dtree time:               2.0343821048736572
[INFO] aspmc: Compilation time:         0.18359375
[INFO] aspmc: Preparation time:         0.00013494491577148438
[INFO] aspmc: Counting time:            14.972750425338745
[INFO] aspmc: ------------------------------------------------------------
[0.97::a0., 0.03::a1., 0.97::a2., 0.03::a3., 0.97::a4., 0.03::a5., 0.97::a6., 0.03::a7., 0.97::a8., 0.03::a9., 0.97::a10., 0.03::a11., 0.97::a12., 0.03::a13., 0.97::a14., 0.03::a15., 0.97::a16., 0.03::a17., 0.97::a18., 0.03::a19., qr:-not a0., qr:-a1,not nqr., nqr:-a1,not qr., qr:-not a2., qr:-a3,not nqr., nqr:-a3,not qr., qr:-not a4., qr:-a5,not nqr., nqr:-a5,not qr., qr:-not a6., qr:-a7,not nqr., nqr:-a7,not qr., qr:-not a8., qr:-a9,not nqr., nqr:-a9,not qr., qr:-not a10., qr:-a11,not nqr., nqr:-a11,not qr., qr:-not a12., qr:-a13,not nqr., nqr:-a13,not qr., qr:-not a14., qr:-a15,not nqr., nqr:-a15,not qr., qr:-not a16., qr:-a17,not nqr., nqr:-a17,not qr., qr:-not a18., qr:-a19,not nqr., nqr:-a19,not qr., query(qr).]
tracc
nnf_construction_time: 18.304227590560913
Pre simplification
number of sums: 73727
number of prods: 129023
len(eq): 1692
v_12*(-1.0*v_1*(0.88529281*v_3*v_6*(v_4*(v_5 - 1) + v_4 - 1) + 0.912673*v_6*(0.97*v_3 - 1.0) + 0.912673*v_6 - 1.0) + 0.88529281*v_3*v_4*v_5*v_6 + 1.0*(v_1 - 1)*(0.88529281*v_3*v_6*(v_4*(v_5 - 1) + v_4 - 1) + 0.912673*v_6*(0.97*v_3 - 1.0) + 0.912673*v_6 - 1.0)) - (v_12 - 1)*(v_14*(-1.0*v_1*(0.88529281*v_3*v_6*(v_4*(v_5 - 1) + v_4 - 1) + 0.912673*v_6*(0.97*v_3 - 1.0) + 0.912673*v_6 - 1.0) + 0.88529281*v_3*v_4*v_5*v_6 + 1.0*(v_1 - 1)*(0.88529281*v_3*v_6*(v_4*(v_5 - 1) + v_4 - 1) + 0.912673*v_6*(0.97*v_3 - 1.0) + 0.912673*v_6 - 1.0)) - (v_14 - 1)*(v_15*(-1.0*v_1*(0.88529281*v_3*v_6*(v_4*(v_5 - 1) + v_4 - 1) + 0.912673*v_6*(0.97*v_3 - 1.0) + 0.912673*v_6 - 1.0) + 0.88529281*v_3*v_4*v_5*v_6 + 1.0*(v_1 - 1)*(0.88529281*v_3*v_6*(v_4*(v_5 - 1) + v_4 - 1) + 0.912673*v_6*(0.97*v_3 - 1.0) + 0.912673*v_6 - 1.0)) - (v_15 - 1)*(v_16*(-1.0*v_1*(0.88529281*v_3*v_6*(v_4*(v_5 - 1) + v_4 - 1) + 0.912673*v_6*(0.97*v_3 - 1.0) + 0.912673*v_6 - 1.0) + 0.88529281*v_3*v_4*v_5*v_6 + 1.0*(v_1 - 1)*(0.88529281*v_3*v_6*(v_4*(v_5 - 1) + v_4 - 1) + 0.912673*v_6*(0.97*v_3 - 1.0) + 0.912673*v_6 - 1.0)) - (v_16 - 1)*(v_17*(-1.0*v_1*(0.88529281*v_3*v_6*(v_4*(v_5 - 1) + v_4 - 1) + 0.912673*v_6*(0.97*v_3 - 1.0) + 0.912673*v_6 - 1.0) + 0.88529281*v_3*v_4*v_5*v_6 + 1.0*(v_1 - 1)*(0.88529281*v_3*v_6*(v_4*(v_5 - 1) + v_4 - 1) + 0.912673*v_6*(0.97*v_3 - 1.0) + 0.912673*v_6 - 1.0)) + (v_17 - 1)*(1.0*v_1*(0.88529281*v_3*v_6*(v_4*(v_5 - 1) + v_4 - 1) + 0.912673*v_6*(0.97*v_3 - 1.0) + 0.912673*v_6 - 1.0) + 0.760231058654565*v_3*v_4*v_5*v_6*(0.97*v_1 - 1.0) - 0.125061751345435*v_3*v_4*v_5*v_6 - 1.0*(v_1 - 1)*(0.88529281*v_3*v_6*(v_4*(v_5 - 1) + v_4 - 1) + 0.912673*v_6*(0.97*v_3 - 1.0) + 0.912673*v_6 - 1.0))))))
Post simplification
symp_time: 23.400765657424927
number of sums: 48
number of subs: 71
number of prods: 160
opt_time: 0.06100320816040039
     fun: 4.499999999999999
   maxcv: 1.3877787807814457e-17
 message: 'Optimization terminated successfully.'
    nfev: 62
  status: 1
 success: True
       x: array([0.85, 0.05, 0.85, 0.05, 0.85, 0.05, 0.85, 0.05, 0.85, 0.05])

real	0m43.147s
user	0m41.472s
sys	0m1.351s
Instance: 11
[INFO] aspmc: Tree Decomposition #bags: 40 unfolded treewidth: 4 #vertices: 52
[INFO] aspmc: Preprocessing disabled
[INFO] aspmc:    Stats Compilation
[INFO] aspmc: ------------------------------------------------------------
[INFO] aspmc: X/D-Constrained Tree Decomposition #bags: 34 treewidth: 15 #vertices: 78
[INFO] aspmc: Dtree time:               2.0324196815490723
[INFO] aspmc: Compilation time:         0.1807253360748291
[INFO] aspmc: Preparation time:         0.00014352798461914062
[INFO] aspmc: Counting time:            15.440396547317505
[INFO] aspmc: ------------------------------------------------------------
[0.97::a0., 0.03::a1., 0.97::a2., 0.03::a3., 0.97::a4., 0.03::a5., 0.97::a6., 0.03::a7., 0.97::a8., 0.03::a9., 0.97::a10., 0.03::a11., 0.97::a12., 0.03::a13., 0.97::a14., 0.03::a15., 0.97::a16., 0.03::a17., 0.97::a18., 0.03::a19., qr:-not a0., qr:-a1,not nqr., nqr:-a1,not qr., qr:-not a2., qr:-a3,not nqr., nqr:-a3,not qr., qr:-not a4., qr:-a5,not nqr., nqr:-a5,not qr., qr:-not a6., qr:-a7,not nqr., nqr:-a7,not qr., qr:-not a8., qr:-a9,not nqr., nqr:-a9,not qr., qr:-not a10., qr:-a11,not nqr., nqr:-a11,not qr., qr:-not a12., qr:-a13,not nqr., nqr:-a13,not qr., qr:-not a14., qr:-a15,not nqr., nqr:-a15,not qr., qr:-not a16., qr:-a17,not nqr., nqr:-a17,not qr., qr:-not a18., qr:-a19,not nqr., nqr:-a19,not qr., query(qr).]
tracc
nnf_construction_time: 18.763591527938843
Pre simplification
number of sums: 73727
number of prods: 129023
len(eq): 2010
v_12*(-1.0*v_1*(0.912673*v_3*v_6*v_7*(v_4*(v_5 - 1) + v_4 - 1) + 0.9409*v_6*v_7*(0.97*v_3 - 1.0) + 0.9409*v_6*(v_7 - 1) + 0.9409*v_6 - 1.0) + 0.912673*v_3*v_4*v_5*v_6*v_7 + 1.0*(v_1 - 1)*(0.912673*v_3*v_6*v_7*(v_4*(v_5 - 1) + v_4 - 1) + 0.9409*v_6*v_7*(0.97*v_3 - 1.0) + 0.9409*v_6*(v_7 - 1) + 0.9409*v_6 - 1.0)) - (v_12 - 1)*(v_14*(-1.0*v_1*(0.912673*v_3*v_6*v_7*(v_4*(v_5 - 1) + v_4 - 1) + 0.9409*v_6*v_7*(0.97*v_3 - 1.0) + 0.9409*v_6*(v_7 - 1) + 0.9409*v_6 - 1.0) + 0.912673*v_3*v_4*v_5*v_6*v_7 + 1.0*(v_1 - 1)*(0.912673*v_3*v_6*v_7*(v_4*(v_5 - 1) + v_4 - 1) + 0.9409*v_6*v_7*(0.97*v_3 - 1.0) + 0.9409*v_6*(v_7 - 1) + 0.9409*v_6 - 1.0)) - (v_14 - 1)*(v_15*(-1.0*v_1*(0.912673*v_3*v_6*v_7*(v_4*(v_5 - 1) + v_4 - 1) + 0.9409*v_6*v_7*(0.97*v_3 - 1.0) + 0.9409*v_6*(v_7 - 1) + 0.9409*v_6 - 1.0) + 0.912673*v_3*v_4*v_5*v_6*v_7 + 1.0*(v_1 - 1)*(0.912673*v_3*v_6*v_7*(v_4*(v_5 - 1) + v_4 - 1) + 0.9409*v_6*v_7*(0.97*v_3 - 1.0) + 0.9409*v_6*(v_7 - 1) + 0.9409*v_6 - 1.0)) - (v_15 - 1)*(v_16*(-1.0*v_1*(0.912673*v_3*v_6*v_7*(v_4*(v_5 - 1) + v_4 - 1) + 0.9409*v_6*v_7*(0.97*v_3 - 1.0) + 0.9409*v_6*(v_7 - 1) + 0.9409*v_6 - 1.0) + 0.912673*v_3*v_4*v_5*v_6*v_7 + 1.0*(v_1 - 1)*(0.912673*v_3*v_6*v_7*(v_4*(v_5 - 1) + v_4 - 1) + 0.9409*v_6*v_7*(0.97*v_3 - 1.0) + 0.9409*v_6*(v_7 - 1) + 0.9409*v_6 - 1.0)) - (v_16 - 1)*(v_17*(-1.0*v_1*(0.912673*v_3*v_6*v_7*(v_4*(v_5 - 1) + v_4 - 1) + 0.9409*v_6*v_7*(0.97*v_3 - 1.0) + 0.9409*v_6*(v_7 - 1) + 0.9409*v_6 - 1.0) + 0.912673*v_3*v_4*v_5*v_6*v_7 + 1.0*(v_1 - 1)*(0.912673*v_3*v_6*v_7*(v_4*(v_5 - 1) + v_4 - 1) + 0.9409*v_6*v_7*(0.97*v_3 - 1.0) + 0.9409*v_6*(v_7 - 1) + 0.9409*v_6 - 1.0)) + (v_17 - 1)*(1.0*v_1*(0.912673*v_3*v_6*v_7*(v_4*(v_5 - 1) + v_4 - 1) + 0.9409*v_6*v_7*(0.97*v_3 - 1.0) + 0.9409*v_6*(v_7 - 1) + 0.9409*v_6 - 1.0) + 0.783743359437696*v_3*v_4*v_5*v_6*v_7*(0.97*v_1 - 1.0) - 0.128929640562304*v_3*v_4*v_5*v_6*v_7 - 1.0*(v_1 - 1)*(0.912673*v_3*v_6*v_7*(v_4*(v_5 - 1) + v_4 - 1) + 0.9409*v_6*v_7*(0.97*v_3 - 1.0) + 0.9409*v_6*(v_7 - 1) + 0.9409*v_6 - 1.0))))))
Post simplification
symp_time: 23.86043119430542
number of sums: 60
number of subs: 83
number of prods: 215
opt_time: 0.08630537986755371
     fun: 4.549999999999998
   maxcv: 2.220446049250313e-16
 message: 'Optimization terminated successfully.'
    nfev: 71
  status: 1
 success: True
       x: array([0.85, 0.05, 0.85, 0.05, 0.85, 0.05, 0.85, 0.05, 0.05, 0.85, 0.05])

real	0m43.909s
user	0m42.365s
sys	0m1.366s
Instance: 12
[INFO] aspmc: Tree Decomposition #bags: 40 unfolded treewidth: 4 #vertices: 52
[INFO] aspmc: Preprocessing disabled
[INFO] aspmc:    Stats Compilation
[INFO] aspmc: ------------------------------------------------------------
[INFO] aspmc: X/D-Constrained Tree Decomposition #bags: 34 treewidth: 15 #vertices: 78
[INFO] aspmc: Dtree time:               2.0330824851989746
[INFO] aspmc: Compilation time:         0.18222808837890625
[INFO] aspmc: Preparation time:         0.00013780593872070312
[INFO] aspmc: Counting time:            14.976525783538818
[INFO] aspmc: ------------------------------------------------------------
[0.97::a0., 0.03::a1., 0.97::a2., 0.03::a3., 0.97::a4., 0.03::a5., 0.97::a6., 0.03::a7., 0.97::a8., 0.03::a9., 0.97::a10., 0.03::a11., 0.97::a12., 0.03::a13., 0.97::a14., 0.03::a15., 0.97::a16., 0.03::a17., 0.97::a18., 0.03::a19., qr:-not a0., qr:-a1,not nqr., nqr:-a1,not qr., qr:-not a2., qr:-a3,not nqr., nqr:-a3,not qr., qr:-not a4., qr:-a5,not nqr., nqr:-a5,not qr., qr:-not a6., qr:-a7,not nqr., nqr:-a7,not qr., qr:-not a8., qr:-a9,not nqr., nqr:-a9,not qr., qr:-not a10., qr:-a11,not nqr., nqr:-a11,not qr., qr:-not a12., qr:-a13,not nqr., nqr:-a13,not qr., qr:-not a14., qr:-a15,not nqr., nqr:-a15,not qr., qr:-not a16., qr:-a17,not nqr., nqr:-a17,not qr., qr:-not a18., qr:-a19,not nqr., nqr:-a19,not qr., query(qr).]
tracc
nnf_construction_time: 18.304777145385742
Pre simplification
number of sums: 73727
number of prods: 129023
len(eq): 2336
v_12*(-1.0*v_1*(0.912673*v_3*v_6*v_7*(v_4*(v_5 - 1) + v_4 - 1) + 0.9409*v_6*v_7*(0.97*v_3 - 1.0) + 0.9409*v_6*(v_7 - 1) + 0.9409*v_6 - 1.0) + 0.912673*v_3*v_4*v_5*v_6*v_7 + 1.0*(v_1 - 1)*(0.912673*v_3*v_6*v_7*(v_4*(v_5 - 1) + v_4 - 1) + 0.9409*v_6*v_7*(0.97*v_3 - 1.0) + 0.9409*v_6*(v_7 - 1) + 0.9409*v_6 - 1.0)) - (v_12 - 1)*(v_14*(-1.0*v_1*(0.912673*v_3*v_6*v_7*(v_4*(v_5 - 1) + v_4 - 1) + 0.9409*v_6*v_7*(0.97*v_3 - 1.0) + 0.9409*v_6*(v_7 - 1) + 0.9409*v_6 - 1.0) + 0.912673*v_3*v_4*v_5*v_6*v_7 + 1.0*(v_1 - 1)*(0.912673*v_3*v_6*v_7*(v_4*(v_5 - 1) + v_4 - 1) + 0.9409*v_6*v_7*(0.97*v_3 - 1.0) + 0.9409*v_6*(v_7 - 1) + 0.9409*v_6 - 1.0)) - (v_14 - 1)*(v_15*(-1.0*v_1*(0.912673*v_3*v_6*v_7*(v_4*(v_5 - 1) + v_4 - 1) + 0.9409*v_6*v_7*(0.97*v_3 - 1.0) + 0.9409*v_6*(v_7 - 1) + 0.9409*v_6 - 1.0) + 0.912673*v_3*v_4*v_5*v_6*v_7 + 1.0*(v_1 - 1)*(0.912673*v_3*v_6*v_7*(v_4*(v_5 - 1) + v_4 - 1) + 0.9409*v_6*v_7*(0.97*v_3 - 1.0) + 0.9409*v_6*(v_7 - 1) + 0.9409*v_6 - 1.0)) - (v_15 - 1)*(v_16*(-1.0*v_1*(0.912673*v_3*v_6*v_7*(v_4*(v_5 - 1) + v_4 - 1) + 0.9409*v_6*v_7*(0.97*v_3 - 1.0) + 0.9409*v_6*(v_7 - 1) + 0.9409*v_6 - 1.0) + 0.912673*v_3*v_4*v_5*v_6*v_7 + 1.0*(v_1 - 1)*(0.912673*v_3*v_6*v_7*(v_4*(v_5 - 1) + v_4 - 1) + 0.9409*v_6*v_7*(0.97*v_3 - 1.0) + 0.9409*v_6*(v_7 - 1) + 0.9409*v_6 - 1.0)) - (v_16 - 1)*(v_17*(-1.0*v_1*(0.912673*v_3*v_6*v_7*(v_4*(v_5 - 1) + v_4 - 1) + 0.9409*v_6*v_7*(0.97*v_3 - 1.0) + 0.9409*v_6*(v_7 - 1) + 0.9409*v_6 - 1.0) + 0.912673*v_3*v_4*v_5*v_6*v_7 + 1.0*(v_1 - 1)*(0.912673*v_3*v_6*v_7*(v_4*(v_5 - 1) + v_4 - 1) + 0.9409*v_6*v_7*(0.97*v_3 - 1.0) + 0.9409*v_6*(v_7 - 1) + 0.9409*v_6 - 1.0)) - (v_17 - 1)*(v_18*(-1.0*v_1*(0.912673*v_3*v_6*v_7*(v_4*(v_5 - 1) + v_4 - 1) + 0.9409*v_6*v_7*(0.97*v_3 - 1.0) + 0.9409*v_6*(v_7 - 1) + 0.9409*v_6 - 1.0) + 0.912673*v_3*v_4*v_5*v_6*v_7 + 1.0*(v_1 - 1)*(0.912673*v_3*v_6*v_7*(v_4*(v_5 - 1) + v_4 - 1) + 0.9409*v_6*v_7*(0.97*v_3 - 1.0) + 0.9409*v_6*(v_7 - 1) + 0.9409*v_6 - 1.0)) + (v_18 - 1)*(1.0*v_1*(0.912673*v_3*v_6*v_7*(v_4*(v_5 - 1) + v_4 - 1) + 0.9409*v_6*v_7*(0.97*v_3 - 1.0) + 0.9409*v_6*(v_7 - 1) + 0.9409*v_6 - 1.0) + 0.80798284478113*v_3*v_4*v_5*v_6*v_7*(0.97*v_1 - 1.0) - 0.10469015521887*v_3*v_4*v_5*v_6*v_7 - 1.0*(v_1 - 1)*(0.912673*v_3*v_6*v_7*(v_4*(v_5 - 1) + v_4 - 1) + 0.9409*v_6*v_7*(0.97*v_3 - 1.0) + 0.9409*v_6*(v_7 - 1) + 0.9409*v_6 - 1.0)))))))
Post simplification
symp_time: 27.181493997573853
number of sums: 70
number of subs: 97
number of prods: 250
opt_time: 0.10482311248779297
     fun: 5.399999999999999
   maxcv: 4.163336342344337e-17
 message: 'Optimization terminated successfully.'
    nfev: 75
  status: 1
 success: True
       x: array([0.85, 0.05, 0.85, 0.05, 0.85, 0.05, 0.85, 0.05, 0.85, 0.05, 0.85,
       0.05])

real	0m46.777s
user	0m45.202s
sys	0m1.400s
Instance: 13
[INFO] aspmc: Tree Decomposition #bags: 40 unfolded treewidth: 4 #vertices: 52
[INFO] aspmc: Preprocessing disabled
[INFO] aspmc:    Stats Compilation
[INFO] aspmc: ------------------------------------------------------------
[INFO] aspmc: X/D-Constrained Tree Decomposition #bags: 34 treewidth: 15 #vertices: 78
[INFO] aspmc: Dtree time:               2.033325672149658
[INFO] aspmc: Compilation time:         0.18195796012878418
[INFO] aspmc: Preparation time:         0.00013136863708496094
[INFO] aspmc: Counting time:            15.561204671859741
[INFO] aspmc: ------------------------------------------------------------
[0.97::a0., 0.03::a1., 0.97::a2., 0.03::a3., 0.97::a4., 0.03::a5., 0.97::a6., 0.03::a7., 0.97::a8., 0.03::a9., 0.97::a10., 0.03::a11., 0.97::a12., 0.03::a13., 0.97::a14., 0.03::a15., 0.97::a16., 0.03::a17., 0.97::a18., 0.03::a19., qr:-not a0., qr:-a1,not nqr., nqr:-a1,not qr., qr:-not a2., qr:-a3,not nqr., nqr:-a3,not qr., qr:-not a4., qr:-a5,not nqr., nqr:-a5,not qr., qr:-not a6., qr:-a7,not nqr., nqr:-a7,not qr., qr:-not a8., qr:-a9,not nqr., nqr:-a9,not qr., qr:-not a10., qr:-a11,not nqr., nqr:-a11,not qr., qr:-not a12., qr:-a13,not nqr., nqr:-a13,not qr., qr:-not a14., qr:-a15,not nqr., nqr:-a15,not qr., qr:-not a16., qr:-a17,not nqr., nqr:-a17,not qr., qr:-not a18., qr:-a19,not nqr., nqr:-a19,not qr., query(qr).]
tracc
nnf_construction_time: 18.886854887008667
Pre simplification
number of sums: 73727
number of prods: 129023
len(eq): 2884
v_12*(-1.0*v_1*(0.9409*v_3*v_6*v_7*v_8*(v_4*(v_5 - 1) + v_4 - 1) + 0.97*v_6*v_7*v_8*(0.97*v_3 - 1.0) + 0.97*v_6*v_8*(v_7 - 1) - 0.03*v_6*v_8 + 1.0*v_8*(v_6 - 1) + 1.0*v_8 - 1.0) + 0.9409*v_3*v_4*v_5*v_6*v_7*v_8 + 1.0*(v_1 - 1)*(0.9409*v_3*v_6*v_7*v_8*(v_4*(v_5 - 1) + v_4 - 1) + 0.97*v_6*v_7*v_8*(0.97*v_3 - 1.0) + 0.97*v_6*v_8*(v_7 - 1) - 0.03*v_6*v_8 + 1.0*v_8*(v_6 - 1) + 1.0*v_8 - 1.0)) - (v_12 - 1)*(v_14*(-1.0*v_1*(0.9409*v_3*v_6*v_7*v_8*(v_4*(v_5 - 1) + v_4 - 1) + 0.97*v_6*v_7*v_8*(0.97*v_3 - 1.0) + 0.97*v_6*v_8*(v_7 - 1) - 0.03*v_6*v_8 + 1.0*v_8*(v_6 - 1) + 1.0*v_8 - 1.0) + 0.9409*v_3*v_4*v_5*v_6*v_7*v_8 + 1.0*(v_1 - 1)*(0.9409*v_3*v_6*v_7*v_8*(v_4*(v_5 - 1) + v_4 - 1) + 0.97*v_6*v_7*v_8*(0.97*v_3 - 1.0) + 0.97*v_6*v_8*(v_7 - 1) - 0.03*v_6*v_8 + 1.0*v_8*(v_6 - 1) + 1.0*v_8 - 1.0)) - (v_14 - 1)*(v_15*(-1.0*v_1*(0.9409*v_3*v_6*v_7*v_8*(v_4*(v_5 - 1) + v_4 - 1) + 0.97*v_6*v_7*v_8*(0.97*v_3 - 1.0) + 0.97*v_6*v_8*(v_7 - 1) - 0.03*v_6*v_8 + 1.0*v_8*(v_6 - 1) + 1.0*v_8 - 1.0) + 0.9409*v_3*v_4*v_5*v_6*v_7*v_8 + 1.0*(v_1 - 1)*(0.9409*v_3*v_6*v_7*v_8*(v_4*(v_5 - 1) + v_4 - 1) + 0.97*v_6*v_7*v_8*(0.97*v_3 - 1.0) + 0.97*v_6*v_8*(v_7 - 1) - 0.03*v_6*v_8 + 1.0*v_8*(v_6 - 1) + 1.0*v_8 - 1.0)) - (v_15 - 1)*(v_16*(-1.0*v_1*(0.9409*v_3*v_6*v_7*v_8*(v_4*(v_5 - 1) + v_4 - 1) + 0.97*v_6*v_7*v_8*(0.97*v_3 - 1.0) + 0.97*v_6*v_8*(v_7 - 1) - 0.03*v_6*v_8 + 1.0*v_8*(v_6 - 1) + 1.0*v_8 - 1.0) + 0.9409*v_3*v_4*v_5*v_6*v_7*v_8 + 1.0*(v_1 - 1)*(0.9409*v_3*v_6*v_7*v_8*(v_4*(v_5 - 1) + v_4 - 1) + 0.97*v_6*v_7*v_8*(0.97*v_3 - 1.0) + 0.97*v_6*v_8*(v_7 - 1) - 0.03*v_6*v_8 + 1.0*v_8*(v_6 - 1) + 1.0*v_8 - 1.0)) - (v_16 - 1)*(v_17*(-1.0*v_1*(0.9409*v_3*v_6*v_7*v_8*(v_4*(v_5 - 1) + v_4 - 1) + 0.97*v_6*v_7*v_8*(0.97*v_3 - 1.0) + 0.97*v_6*v_8*(v_7 - 1) - 0.03*v_6*v_8 + 1.0*v_8*(v_6 - 1) + 1.0*v_8 - 1.0) + 0.9409*v_3*v_4*v_5*v_6*v_7*v_8 + 1.0*(v_1 - 1)*(0.9409*v_3*v_6*v_7*v_8*(v_4*(v_5 - 1) + v_4 - 1) + 0.97*v_6*v_7*v_8*(0.97*v_3 - 1.0) + 0.97*v_6*v_8*(v_7 - 1) - 0.03*v_6*v_8 + 1.0*v_8*(v_6 - 1) + 1.0*v_8 - 1.0)) - (v_17 - 1)*(v_18*(-1.0*v_1*(0.9409*v_3*v_6*v_7*v_8*(v_4*(v_5 - 1) + v_4 - 1) + 0.97*v_6*v_7*v_8*(0.97*v_3 - 1.0) + 0.97*v_6*v_8*(v_7 - 1) - 0.03*v_6*v_8 + 1.0*v_8*(v_6 - 1) + 1.0*v_8 - 1.0) + 0.9409*v_3*v_4*v_5*v_6*v_7*v_8 + 1.0*(v_1 - 1)*(0.9409*v_3*v_6*v_7*v_8*(v_4*(v_5 - 1) + v_4 - 1) + 0.97*v_6*v_7*v_8*(0.97*v_3 - 1.0) + 0.97*v_6*v_8*(v_7 - 1) - 0.03*v_6*v_8 + 1.0*v_8*(v_6 - 1) + 1.0*v_8 - 1.0)) + (v_18 - 1)*(1.0*v_1*(0.9409*v_3*v_6*v_7*v_8*(v_4*(v_5 - 1) + v_4 - 1) + 0.97*v_6*v_7*v_8*(0.97*v_3 - 1.0) + 0.97*v_6*v_8*(v_7 - 1) - 0.03*v_6*v_8 + 1.0*v_8*(v_6 - 1) + 1.0*v_8 - 1.0) + 0.832972004929*v_3*v_4*v_5*v_6*v_7*v_8*(0.97*v_1 - 1.0) - 0.107927995071*v_3*v_4*v_5*v_6*v_7*v_8 - 1.0*(v_1 - 1)*(0.9409*v_3*v_6*v_7*v_8*(v_4*(v_5 - 1) + v_4 - 1) + 0.97*v_6*v_7*v_8*(0.97*v_3 - 1.0) + 0.97*v_6*v_8*(v_7 - 1) - 0.03*v_6*v_8 + 1.0*v_8*(v_6 - 1) + 1.0*v_8 - 1.0)))))))
Post simplification
symp_time: 28.502620220184326
number of sums: 84
number of subs: 125
number of prods: 356
opt_time: 0.13753676414489746
     fun: 5.449999999999996
   maxcv: 3.677613769070831e-16
 message: 'Optimization terminated successfully.'
    nfev: 82
  status: 1
 success: True
       x: array([0.85, 0.05, 0.85, 0.05, 0.85, 0.05, 0.85, 0.05, 0.05, 0.85, 0.05,
       0.85, 0.05])

real	0m48.937s
user	0m47.283s
sys	0m1.307s
Instance: 14
[INFO] aspmc: Tree Decomposition #bags: 40 unfolded treewidth: 4 #vertices: 52
[INFO] aspmc: Preprocessing disabled
[INFO] aspmc:    Stats Compilation
[INFO] aspmc: ------------------------------------------------------------
[INFO] aspmc: X/D-Constrained Tree Decomposition #bags: 34 treewidth: 15 #vertices: 78
[INFO] aspmc: Dtree time:               2.032965898513794
[INFO] aspmc: Compilation time:         0.1827375888824463
[INFO] aspmc: Preparation time:         0.0001327991485595703
[INFO] aspmc: Counting time:            15.094951629638672
[INFO] aspmc: ------------------------------------------------------------
[0.97::a0., 0.03::a1., 0.97::a2., 0.03::a3., 0.97::a4., 0.03::a5., 0.97::a6., 0.03::a7., 0.97::a8., 0.03::a9., 0.97::a10., 0.03::a11., 0.97::a12., 0.03::a13., 0.97::a14., 0.03::a15., 0.97::a16., 0.03::a17., 0.97::a18., 0.03::a19., qr:-not a0., qr:-a1,not nqr., nqr:-a1,not qr., qr:-not a2., qr:-a3,not nqr., nqr:-a3,not qr., qr:-not a4., qr:-a5,not nqr., nqr:-a5,not qr., qr:-not a6., qr:-a7,not nqr., nqr:-a7,not qr., qr:-not a8., qr:-a9,not nqr., nqr:-a9,not qr., qr:-not a10., qr:-a11,not nqr., nqr:-a11,not qr., qr:-not a12., qr:-a13,not nqr., nqr:-a13,not qr., qr:-not a14., qr:-a15,not nqr., nqr:-a15,not qr., qr:-not a16., qr:-a17,not nqr., nqr:-a17,not qr., qr:-not a18., qr:-a19,not nqr., nqr:-a19,not qr., query(qr).]
tracc
nnf_construction_time: 18.42213249206543
Pre simplification
number of sums: 73727
number of prods: 129023
len(eq): 3286
v_12*(-1.0*v_1*(0.9409*v_3*v_6*v_7*v_8*(v_4*(v_5 - 1) + v_4 - 1) + 0.97*v_6*v_7*v_8*(0.97*v_3 - 1.0) + 0.97*v_6*v_8*(v_7 - 1) - 0.03*v_6*v_8 + 1.0*v_8*(v_6 - 1) + 1.0*v_8 - 1.0) + 0.9409*v_3*v_4*v_5*v_6*v_7*v_8 + 1.0*(v_1 - 1)*(0.9409*v_3*v_6*v_7*v_8*(v_4*(v_5 - 1) + v_4 - 1) + 0.97*v_6*v_7*v_8*(0.97*v_3 - 1.0) + 0.97*v_6*v_8*(v_7 - 1) - 0.03*v_6*v_8 + 1.0*v_8*(v_6 - 1) + 1.0*v_8 - 1.0)) - (v_12 - 1)*(v_14*(-1.0*v_1*(0.9409*v_3*v_6*v_7*v_8*(v_4*(v_5 - 1) + v_4 - 1) + 0.97*v_6*v_7*v_8*(0.97*v_3 - 1.0) + 0.97*v_6*v_8*(v_7 - 1) - 0.03*v_6*v_8 + 1.0*v_8*(v_6 - 1) + 1.0*v_8 - 1.0) + 0.9409*v_3*v_4*v_5*v_6*v_7*v_8 + 1.0*(v_1 - 1)*(0.9409*v_3*v_6*v_7*v_8*(v_4*(v_5 - 1) + v_4 - 1) + 0.97*v_6*v_7*v_8*(0.97*v_3 - 1.0) + 0.97*v_6*v_8*(v_7 - 1) - 0.03*v_6*v_8 + 1.0*v_8*(v_6 - 1) + 1.0*v_8 - 1.0)) - (v_14 - 1)*(v_15*(-1.0*v_1*(0.9409*v_3*v_6*v_7*v_8*(v_4*(v_5 - 1) + v_4 - 1) + 0.97*v_6*v_7*v_8*(0.97*v_3 - 1.0) + 0.97*v_6*v_8*(v_7 - 1) - 0.03*v_6*v_8 + 1.0*v_8*(v_6 - 1) + 1.0*v_8 - 1.0) + 0.9409*v_3*v_4*v_5*v_6*v_7*v_8 + 1.0*(v_1 - 1)*(0.9409*v_3*v_6*v_7*v_8*(v_4*(v_5 - 1) + v_4 - 1) + 0.97*v_6*v_7*v_8*(0.97*v_3 - 1.0) + 0.97*v_6*v_8*(v_7 - 1) - 0.03*v_6*v_8 + 1.0*v_8*(v_6 - 1) + 1.0*v_8 - 1.0)) - (v_15 - 1)*(v_16*(-1.0*v_1*(0.9409*v_3*v_6*v_7*v_8*(v_4*(v_5 - 1) + v_4 - 1) + 0.97*v_6*v_7*v_8*(0.97*v_3 - 1.0) + 0.97*v_6*v_8*(v_7 - 1) - 0.03*v_6*v_8 + 1.0*v_8*(v_6 - 1) + 1.0*v_8 - 1.0) + 0.9409*v_3*v_4*v_5*v_6*v_7*v_8 + 1.0*(v_1 - 1)*(0.9409*v_3*v_6*v_7*v_8*(v_4*(v_5 - 1) + v_4 - 1) + 0.97*v_6*v_7*v_8*(0.97*v_3 - 1.0) + 0.97*v_6*v_8*(v_7 - 1) - 0.03*v_6*v_8 + 1.0*v_8*(v_6 - 1) + 1.0*v_8 - 1.0)) - (v_16 - 1)*(v_17*(-1.0*v_1*(0.9409*v_3*v_6*v_7*v_8*(v_4*(v_5 - 1) + v_4 - 1) + 0.97*v_6*v_7*v_8*(0.97*v_3 - 1.0) + 0.97*v_6*v_8*(v_7 - 1) - 0.03*v_6*v_8 + 1.0*v_8*(v_6 - 1) + 1.0*v_8 - 1.0) + 0.9409*v_3*v_4*v_5*v_6*v_7*v_8 + 1.0*(v_1 - 1)*(0.9409*v_3*v_6*v_7*v_8*(v_4*(v_5 - 1) + v_4 - 1) + 0.97*v_6*v_7*v_8*(0.97*v_3 - 1.0) + 0.97*v_6*v_8*(v_7 - 1) - 0.03*v_6*v_8 + 1.0*v_8*(v_6 - 1) + 1.0*v_8 - 1.0)) - (v_17 - 1)*(v_18*(-1.0*v_1*(0.9409*v_3*v_6*v_7*v_8*(v_4*(v_5 - 1) + v_4 - 1) + 0.97*v_6*v_7*v_8*(0.97*v_3 - 1.0) + 0.97*v_6*v_8*(v_7 - 1) - 0.03*v_6*v_8 + 1.0*v_8*(v_6 - 1) + 1.0*v_8 - 1.0) + 0.9409*v_3*v_4*v_5*v_6*v_7*v_8 + 1.0*(v_1 - 1)*(0.9409*v_3*v_6*v_7*v_8*(v_4*(v_5 - 1) + v_4 - 1) + 0.97*v_6*v_7*v_8*(0.97*v_3 - 1.0) + 0.97*v_6*v_8*(v_7 - 1) - 0.03*v_6*v_8 + 1.0*v_8*(v_6 - 1) + 1.0*v_8 - 1.0)) - (v_18 - 1)*(v_19*(-1.0*v_1*(0.9409*v_3*v_6*v_7*v_8*(v_4*(v_5 - 1) + v_4 - 1) + 0.97*v_6*v_7*v_8*(0.97*v_3 - 1.0) + 0.97*v_6*v_8*(v_7 - 1) - 0.03*v_6*v_8 + 1.0*v_8*(v_6 - 1) + 1.0*v_8 - 1.0) + 0.9409*v_3*v_4*v_5*v_6*v_7*v_8 + 1.0*(v_1 - 1)*(0.9409*v_3*v_6*v_7*v_8*(v_4*(v_5 - 1) + v_4 - 1) + 0.97*v_6*v_7*v_8*(0.97*v_3 - 1.0) + 0.97*v_6*v_8*(v_7 - 1) - 0.03*v_6*v_8 + 1.0*v_8*(v_6 - 1) + 1.0*v_8 - 1.0)) + (v_19 - 1)*(1.0*v_1*(0.9409*v_3*v_6*v_7*v_8*(v_4*(v_5 - 1) + v_4 - 1) + 0.97*v_6*v_7*v_8*(0.97*v_3 - 1.0) + 0.97*v_6*v_8*(v_7 - 1) - 0.03*v_6*v_8 + 1.0*v_8*(v_6 - 1) + 1.0*v_8 - 1.0) + 0.8587340257*v_3*v_4*v_5*v_6*v_7*v_8*(0.97*v_1 - 1.0) - 0.0821659743*v_3*v_4*v_5*v_6*v_7*v_8 - 1.0*(v_1 - 1)*(0.9409*v_3*v_6*v_7*v_8*(v_4*(v_5 - 1) + v_4 - 1) + 0.97*v_6*v_7*v_8*(0.97*v_3 - 1.0) + 0.97*v_6*v_8*(v_7 - 1) - 0.03*v_6*v_8 + 1.0*v_8*(v_6 - 1) + 1.0*v_8 - 1.0))))))))
Post simplification
symp_time: 39.907973766326904
number of sums: 96
number of subs: 143
number of prods: 406
opt_time: 0.16872501373291016
     fun: 6.299999999999998
   maxcv: 1.1102230246251565e-16
 message: 'Optimization terminated successfully.'
    nfev: 89
  status: 1
 success: True
       x: array([0.85, 0.05, 0.85, 0.05, 0.85, 0.05, 0.85, 0.05, 0.85, 0.05, 0.85,
       0.05, 0.85, 0.05])

real	0m59.706s
user	0m58.242s
sys	0m1.277s
Instance: 15
[INFO] aspmc: Tree Decomposition #bags: 40 unfolded treewidth: 4 #vertices: 52
[INFO] aspmc: Preprocessing disabled
[INFO] aspmc:    Stats Compilation
[INFO] aspmc: ------------------------------------------------------------
[INFO] aspmc: X/D-Constrained Tree Decomposition #bags: 34 treewidth: 15 #vertices: 78
[INFO] aspmc: Dtree time:               2.0325474739074707
[INFO] aspmc: Compilation time:         0.1809678077697754
[INFO] aspmc: Preparation time:         0.00012612342834472656
[INFO] aspmc: Counting time:            15.440186500549316
[INFO] aspmc: ------------------------------------------------------------
[0.97::a0., 0.03::a1., 0.97::a2., 0.03::a3., 0.97::a4., 0.03::a5., 0.97::a6., 0.03::a7., 0.97::a8., 0.03::a9., 0.97::a10., 0.03::a11., 0.97::a12., 0.03::a13., 0.97::a14., 0.03::a15., 0.97::a16., 0.03::a17., 0.97::a18., 0.03::a19., qr:-not a0., qr:-a1,not nqr., nqr:-a1,not qr., qr:-not a2., qr:-a3,not nqr., nqr:-a3,not qr., qr:-not a4., qr:-a5,not nqr., nqr:-a5,not qr., qr:-not a6., qr:-a7,not nqr., nqr:-a7,not qr., qr:-not a8., qr:-a9,not nqr., nqr:-a9,not qr., qr:-not a10., qr:-a11,not nqr., nqr:-a11,not qr., qr:-not a12., qr:-a13,not nqr., nqr:-a13,not qr., qr:-not a14., qr:-a15,not nqr., nqr:-a15,not qr., qr:-not a16., qr:-a17,not nqr., nqr:-a17,not qr., qr:-not a18., qr:-a19,not nqr., nqr:-a19,not qr., query(qr).]
tracc
nnf_construction_time: 18.76318049430847
Pre simplification
number of sums: 73727
number of prods: 129023
len(eq): 3576
v_12*(-1.0*v_1*(0.97*v_3*v_6*v_7*v_8*v_9*(v_4*(v_5 - 1) + v_4 - 1) + 1.0*v_6*v_7*v_8*v_9*(0.97*v_3 - 1.0) + 1.0*v_6*v_8*v_9*(v_7 - 1) + 1.0*v_6*v_8*(v_9 - 1) + 1.0*v_8*(v_6 - 1) + 1.0*v_8 - 1.0) + 0.97*v_3*v_4*v_5*v_6*v_7*v_8*v_9 + 1.0*(v_1 - 1)*(0.97*v_3*v_6*v_7*v_8*v_9*(v_4*(v_5 - 1) + v_4 - 1) + 1.0*v_6*v_7*v_8*v_9*(0.97*v_3 - 1.0) + 1.0*v_6*v_8*v_9*(v_7 - 1) + 1.0*v_6*v_8*(v_9 - 1) + 1.0*v_8*(v_6 - 1) + 1.0*v_8 - 1.0)) - (v_12 - 1)*(v_14*(-1.0*v_1*(0.97*v_3*v_6*v_7*v_8*v_9*(v_4*(v_5 - 1) + v_4 - 1) + 1.0*v_6*v_7*v_8*v_9*(0.97*v_3 - 1.0) + 1.0*v_6*v_8*v_9*(v_7 - 1) + 1.0*v_6*v_8*(v_9 - 1) + 1.0*v_8*(v_6 - 1) + 1.0*v_8 - 1.0) + 0.97*v_3*v_4*v_5*v_6*v_7*v_8*v_9 + 1.0*(v_1 - 1)*(0.97*v_3*v_6*v_7*v_8*v_9*(v_4*(v_5 - 1) + v_4 - 1) + 1.0*v_6*v_7*v_8*v_9*(0.97*v_3 - 1.0) + 1.0*v_6*v_8*v_9*(v_7 - 1) + 1.0*v_6*v_8*(v_9 - 1) + 1.0*v_8*(v_6 - 1) + 1.0*v_8 - 1.0)) - (v_14 - 1)*(v_15*(-1.0*v_1*(0.97*v_3*v_6*v_7*v_8*v_9*(v_4*(v_5 - 1) + v_4 - 1) + 1.0*v_6*v_7*v_8*v_9*(0.97*v_3 - 1.0) + 1.0*v_6*v_8*v_9*(v_7 - 1) + 1.0*v_6*v_8*(v_9 - 1) + 1.0*v_8*(v_6 - 1) + 1.0*v_8 - 1.0) + 0.97*v_3*v_4*v_5*v_6*v_7*v_8*v_9 + 1.0*(v_1 - 1)*(0.97*v_3*v_6*v_7*v_8*v_9*(v_4*(v_5 - 1) + v_4 - 1) + 1.0*v_6*v_7*v_8*v_9*(0.97*v_3 - 1.0) + 1.0*v_6*v_8*v_9*(v_7 - 1) + 1.0*v_6*v_8*(v_9 - 1) + 1.0*v_8*(v_6 - 1) + 1.0*v_8 - 1.0)) - (v_15 - 1)*(v_16*(-1.0*v_1*(0.97*v_3*v_6*v_7*v_8*v_9*(v_4*(v_5 - 1) + v_4 - 1) + 1.0*v_6*v_7*v_8*v_9*(0.97*v_3 - 1.0) + 1.0*v_6*v_8*v_9*(v_7 - 1) + 1.0*v_6*v_8*(v_9 - 1) + 1.0*v_8*(v_6 - 1) + 1.0*v_8 - 1.0) + 0.97*v_3*v_4*v_5*v_6*v_7*v_8*v_9 + 1.0*(v_1 - 1)*(0.97*v_3*v_6*v_7*v_8*v_9*(v_4*(v_5 - 1) + v_4 - 1) + 1.0*v_6*v_7*v_8*v_9*(0.97*v_3 - 1.0) + 1.0*v_6*v_8*v_9*(v_7 - 1) + 1.0*v_6*v_8*(v_9 - 1) + 1.0*v_8*(v_6 - 1) + 1.0*v_8 - 1.0)) - (v_16 - 1)*(v_17*(-1.0*v_1*(0.97*v_3*v_6*v_7*v_8*v_9*(v_4*(v_5 - 1) + v_4 - 1) + 1.0*v_6*v_7*v_8*v_9*(0.97*v_3 - 1.0) + 1.0*v_6*v_8*v_9*(v_7 - 1) + 1.0*v_6*v_8*(v_9 - 1) + 1.0*v_8*(v_6 - 1) + 1.0*v_8 - 1.0) + 0.97*v_3*v_4*v_5*v_6*v_7*v_8*v_9 + 1.0*(v_1 - 1)*(0.97*v_3*v_6*v_7*v_8*v_9*(v_4*(v_5 - 1) + v_4 - 1) + 1.0*v_6*v_7*v_8*v_9*(0.97*v_3 - 1.0) + 1.0*v_6*v_8*v_9*(v_7 - 1) + 1.0*v_6*v_8*(v_9 - 1) + 1.0*v_8*(v_6 - 1) + 1.0*v_8 - 1.0)) - (v_17 - 1)*(v_18*(-1.0*v_1*(0.97*v_3*v_6*v_7*v_8*v_9*(v_4*(v_5 - 1) + v_4 - 1) + 1.0*v_6*v_7*v_8*v_9*(0.97*v_3 - 1.0) + 1.0*v_6*v_8*v_9*(v_7 - 1) + 1.0*v_6*v_8*(v_9 - 1) + 1.0*v_8*(v_6 - 1) + 1.0*v_8 - 1.0) + 0.97*v_3*v_4*v_5*v_6*v_7*v_8*v_9 + 1.0*(v_1 - 1)*(0.97*v_3*v_6*v_7*v_8*v_9*(v_4*(v_5 - 1) + v_4 - 1) + 1.0*v_6*v_7*v_8*v_9*(0.97*v_3 - 1.0) + 1.0*v_6*v_8*v_9*(v_7 - 1) + 1.0*v_6*v_8*(v_9 - 1) + 1.0*v_8*(v_6 - 1) + 1.0*v_8 - 1.0)) - (v_18 - 1)*(v_19*(-1.0*v_1*(0.97*v_3*v_6*v_7*v_8*v_9*(v_4*(v_5 - 1) + v_4 - 1) + 1.0*v_6*v_7*v_8*v_9*(0.97*v_3 - 1.0) + 1.0*v_6*v_8*v_9*(v_7 - 1) + 1.0*v_6*v_8*(v_9 - 1) + 1.0*v_8*(v_6 - 1) + 1.0*v_8 - 1.0) + 0.97*v_3*v_4*v_5*v_6*v_7*v_8*v_9 + 1.0*(v_1 - 1)*(0.97*v_3*v_6*v_7*v_8*v_9*(v_4*(v_5 - 1) + v_4 - 1) + 1.0*v_6*v_7*v_8*v_9*(0.97*v_3 - 1.0) + 1.0*v_6*v_8*v_9*(v_7 - 1) + 1.0*v_6*v_8*(v_9 - 1) + 1.0*v_8*(v_6 - 1) + 1.0*v_8 - 1.0)) + (v_19 - 1)*(1.0*v_1*(0.97*v_3*v_6*v_7*v_8*v_9*(v_4*(v_5 - 1) + v_4 - 1) + 1.0*v_6*v_7*v_8*v_9*(0.97*v_3 - 1.0) + 1.0*v_6*v_8*v_9*(v_7 - 1) + 1.0*v_6*v_8*(v_9 - 1) + 1.0*v_8*(v_6 - 1) + 1.0*v_8 - 1.0) + 0.88529281*v_3*v_4*v_5*v_6*v_7*v_8*v_9*(0.97*v_1 - 1.0) - 0.08470719*v_3*v_4*v_5*v_6*v_7*v_8*v_9 - 1.0*(v_1 - 1)*(0.97*v_3*v_6*v_7*v_8*v_9*(v_4*(v_5 - 1) + v_4 - 1) + 1.0*v_6*v_7*v_8*v_9*(0.97*v_3 - 1.0) + 1.0*v_6*v_8*v_9*(v_7 - 1) + 1.0*v_6*v_8*(v_9 - 1) + 1.0*v_8*(v_6 - 1) + 1.0*v_8 - 1.0))))))))
Post simplification
symp_time: 39.14832329750061
number of sums: 112
number of subs: 143
number of prods: 479
opt_time: 0.19687867164611816
     fun: 6.349999999999995
   maxcv: 4.440892098500626e-16
 message: 'Optimization terminated successfully.'
    nfev: 94
  status: 1
 success: True
       x: array([0.85, 0.05, 0.85, 0.05, 0.85, 0.05, 0.85, 0.05, 0.05, 0.85, 0.05,
       0.85, 0.05, 0.85, 0.05])

real	0m59.277s
user	0m57.712s
sys	0m1.398s
Instance: 16
[INFO] aspmc: Tree Decomposition #bags: 40 unfolded treewidth: 4 #vertices: 52
[INFO] aspmc: Preprocessing disabled
[INFO] aspmc:    Stats Compilation
[INFO] aspmc: ------------------------------------------------------------
[INFO] aspmc: X/D-Constrained Tree Decomposition #bags: 34 treewidth: 15 #vertices: 78
[INFO] aspmc: Dtree time:               2.0328357219696045
[INFO] aspmc: Compilation time:         0.18056774139404297
[INFO] aspmc: Preparation time:         0.00013518333435058594
[INFO] aspmc: Counting time:            15.13962197303772
[INFO] aspmc: ------------------------------------------------------------
[0.97::a0., 0.03::a1., 0.97::a2., 0.03::a3., 0.97::a4., 0.03::a5., 0.97::a6., 0.03::a7., 0.97::a8., 0.03::a9., 0.97::a10., 0.03::a11., 0.97::a12., 0.03::a13., 0.97::a14., 0.03::a15., 0.97::a16., 0.03::a17., 0.97::a18., 0.03::a19., qr:-not a0., qr:-a1,not nqr., nqr:-a1,not qr., qr:-not a2., qr:-a3,not nqr., nqr:-a3,not qr., qr:-not a4., qr:-a5,not nqr., nqr:-a5,not qr., qr:-not a6., qr:-a7,not nqr., nqr:-a7,not qr., qr:-not a8., qr:-a9,not nqr., nqr:-a9,not qr., qr:-not a10., qr:-a11,not nqr., nqr:-a11,not qr., qr:-not a12., qr:-a13,not nqr., nqr:-a13,not qr., qr:-not a14., qr:-a15,not nqr., nqr:-a15,not qr., qr:-not a16., qr:-a17,not nqr., nqr:-a17,not qr., qr:-not a18., qr:-a19,not nqr., nqr:-a19,not qr., query(qr).]
tracc
nnf_construction_time: 18.462979316711426
Pre simplification
number of sums: 73727
number of prods: 129023
len(eq): 4014
v_12*(-1.0*v_1*(0.97*v_3*v_6*v_7*v_8*v_9*(v_4*(v_5 - 1) + v_4 - 1) + 1.0*v_6*v_7*v_8*v_9*(0.97*v_3 - 1.0) + 1.0*v_6*v_8*v_9*(v_7 - 1) + 1.0*v_6*v_8*(v_9 - 1) + 1.0*v_8*(v_6 - 1) + 1.0*v_8 - 1.0) + 0.97*v_3*v_4*v_5*v_6*v_7*v_8*v_9 + 1.0*(v_1 - 1)*(0.97*v_3*v_6*v_7*v_8*v_9*(v_4*(v_5 - 1) + v_4 - 1) + 1.0*v_6*v_7*v_8*v_9*(0.97*v_3 - 1.0) + 1.0*v_6*v_8*v_9*(v_7 - 1) + 1.0*v_6*v_8*(v_9 - 1) + 1.0*v_8*(v_6 - 1) + 1.0*v_8 - 1.0)) - (v_12 - 1)*(v_14*(-1.0*v_1*(0.97*v_3*v_6*v_7*v_8*v_9*(v_4*(v_5 - 1) + v_4 - 1) + 1.0*v_6*v_7*v_8*v_9*(0.97*v_3 - 1.0) + 1.0*v_6*v_8*v_9*(v_7 - 1) + 1.0*v_6*v_8*(v_9 - 1) + 1.0*v_8*(v_6 - 1) + 1.0*v_8 - 1.0) + 0.97*v_3*v_4*v_5*v_6*v_7*v_8*v_9 + 1.0*(v_1 - 1)*(0.97*v_3*v_6*v_7*v_8*v_9*(v_4*(v_5 - 1) + v_4 - 1) + 1.0*v_6*v_7*v_8*v_9*(0.97*v_3 - 1.0) + 1.0*v_6*v_8*v_9*(v_7 - 1) + 1.0*v_6*v_8*(v_9 - 1) + 1.0*v_8*(v_6 - 1) + 1.0*v_8 - 1.0)) - (v_14 - 1)*(v_15*(-1.0*v_1*(0.97*v_3*v_6*v_7*v_8*v_9*(v_4*(v_5 - 1) + v_4 - 1) + 1.0*v_6*v_7*v_8*v_9*(0.97*v_3 - 1.0) + 1.0*v_6*v_8*v_9*(v_7 - 1) + 1.0*v_6*v_8*(v_9 - 1) + 1.0*v_8*(v_6 - 1) + 1.0*v_8 - 1.0) + 0.97*v_3*v_4*v_5*v_6*v_7*v_8*v_9 + 1.0*(v_1 - 1)*(0.97*v_3*v_6*v_7*v_8*v_9*(v_4*(v_5 - 1) + v_4 - 1) + 1.0*v_6*v_7*v_8*v_9*(0.97*v_3 - 1.0) + 1.0*v_6*v_8*v_9*(v_7 - 1) + 1.0*v_6*v_8*(v_9 - 1) + 1.0*v_8*(v_6 - 1) + 1.0*v_8 - 1.0)) - (v_15 - 1)*(v_16*(-1.0*v_1*(0.97*v_3*v_6*v_7*v_8*v_9*(v_4*(v_5 - 1) + v_4 - 1) + 1.0*v_6*v_7*v_8*v_9*(0.97*v_3 - 1.0) + 1.0*v_6*v_8*v_9*(v_7 - 1) + 1.0*v_6*v_8*(v_9 - 1) + 1.0*v_8*(v_6 - 1) + 1.0*v_8 - 1.0) + 0.97*v_3*v_4*v_5*v_6*v_7*v_8*v_9 + 1.0*(v_1 - 1)*(0.97*v_3*v_6*v_7*v_8*v_9*(v_4*(v_5 - 1) + v_4 - 1) + 1.0*v_6*v_7*v_8*v_9*(0.97*v_3 - 1.0) + 1.0*v_6*v_8*v_9*(v_7 - 1) + 1.0*v_6*v_8*(v_9 - 1) + 1.0*v_8*(v_6 - 1) + 1.0*v_8 - 1.0)) - (v_16 - 1)*(v_17*(-1.0*v_1*(0.97*v_3*v_6*v_7*v_8*v_9*(v_4*(v_5 - 1) + v_4 - 1) + 1.0*v_6*v_7*v_8*v_9*(0.97*v_3 - 1.0) + 1.0*v_6*v_8*v_9*(v_7 - 1) + 1.0*v_6*v_8*(v_9 - 1) + 1.0*v_8*(v_6 - 1) + 1.0*v_8 - 1.0) + 0.97*v_3*v_4*v_5*v_6*v_7*v_8*v_9 + 1.0*(v_1 - 1)*(0.97*v_3*v_6*v_7*v_8*v_9*(v_4*(v_5 - 1) + v_4 - 1) + 1.0*v_6*v_7*v_8*v_9*(0.97*v_3 - 1.0) + 1.0*v_6*v_8*v_9*(v_7 - 1) + 1.0*v_6*v_8*(v_9 - 1) + 1.0*v_8*(v_6 - 1) + 1.0*v_8 - 1.0)) - (v_17 - 1)*(v_18*(-1.0*v_1*(0.97*v_3*v_6*v_7*v_8*v_9*(v_4*(v_5 - 1) + v_4 - 1) + 1.0*v_6*v_7*v_8*v_9*(0.97*v_3 - 1.0) + 1.0*v_6*v_8*v_9*(v_7 - 1) + 1.0*v_6*v_8*(v_9 - 1) + 1.0*v_8*(v_6 - 1) + 1.0*v_8 - 1.0) + 0.97*v_3*v_4*v_5*v_6*v_7*v_8*v_9 + 1.0*(v_1 - 1)*(0.97*v_3*v_6*v_7*v_8*v_9*(v_4*(v_5 - 1) + v_4 - 1) + 1.0*v_6*v_7*v_8*v_9*(0.97*v_3 - 1.0) + 1.0*v_6*v_8*v_9*(v_7 - 1) + 1.0*v_6*v_8*(v_9 - 1) + 1.0*v_8*(v_6 - 1) + 1.0*v_8 - 1.0)) - (v_18 - 1)*(v_19*(-1.0*v_1*(0.97*v_3*v_6*v_7*v_8*v_9*(v_4*(v_5 - 1) + v_4 - 1) + 1.0*v_6*v_7*v_8*v_9*(0.97*v_3 - 1.0) + 1.0*v_6*v_8*v_9*(v_7 - 1) + 1.0*v_6*v_8*(v_9 - 1) + 1.0*v_8*(v_6 - 1) + 1.0*v_8 - 1.0) + 0.97*v_3*v_4*v_5*v_6*v_7*v_8*v_9 + 1.0*(v_1 - 1)*(0.97*v_3*v_6*v_7*v_8*v_9*(v_4*(v_5 - 1) + v_4 - 1) + 1.0*v_6*v_7*v_8*v_9*(0.97*v_3 - 1.0) + 1.0*v_6*v_8*v_9*(v_7 - 1) + 1.0*v_6*v_8*(v_9 - 1) + 1.0*v_8*(v_6 - 1) + 1.0*v_8 - 1.0)) - (v_19 - 1)*(v_20*(-1.0*v_1*(0.97*v_3*v_6*v_7*v_8*v_9*(v_4*(v_5 - 1) + v_4 - 1) + 1.0*v_6*v_7*v_8*v_9*(0.97*v_3 - 1.0) + 1.0*v_6*v_8*v_9*(v_7 - 1) + 1.0*v_6*v_8*(v_9 - 1) + 1.0*v_8*(v_6 - 1) + 1.0*v_8 - 1.0) + 0.97*v_3*v_4*v_5*v_6*v_7*v_8*v_9 + 1.0*(v_1 - 1)*(0.97*v_3*v_6*v_7*v_8*v_9*(v_4*(v_5 - 1) + v_4 - 1) + 1.0*v_6*v_7*v_8*v_9*(0.97*v_3 - 1.0) + 1.0*v_6*v_8*v_9*(v_7 - 1) + 1.0*v_6*v_8*(v_9 - 1) + 1.0*v_8*(v_6 - 1) + 1.0*v_8 - 1.0)) + (v_20 - 1)*(1.0*v_1*(0.97*v_3*v_6*v_7*v_8*v_9*(v_4*(v_5 - 1) + v_4 - 1) + 1.0*v_6*v_7*v_8*v_9*(0.97*v_3 - 1.0) + 1.0*v_6*v_8*v_9*(v_7 - 1) + 1.0*v_6*v_8*(v_9 - 1) + 1.0*v_8*(v_6 - 1) + 1.0*v_8 - 1.0) + 0.912673*v_3*v_4*v_5*v_6*v_7*v_8*v_9*(0.97*v_1 - 1.0) - 0.057327*v_3*v_4*v_5*v_6*v_7*v_8*v_9 - 1.0*(v_1 - 1)*(0.97*v_3*v_6*v_7*v_8*v_9*(v_4*(v_5 - 1) + v_4 - 1) + 1.0*v_6*v_7*v_8*v_9*(0.97*v_3 - 1.0) + 1.0*v_6*v_8*v_9*(v_7 - 1) + 1.0*v_6*v_8*(v_9 - 1) + 1.0*v_8*(v_6 - 1) + 1.0*v_8 - 1.0)))))))))
Post simplification
symp_time: 60.530733823776245
number of sums: 126
number of subs: 161
number of prods: 538
opt_time: 0.2385540008544922
     fun: 7.199999999999997
   maxcv: 2.8449465006019636e-16
 message: 'Optimization terminated successfully.'
    nfev: 101
  status: 1
 success: True
       x: array([0.85, 0.05, 0.85, 0.05, 0.85, 0.05, 0.85, 0.05, 0.85, 0.05, 0.85,
       0.05, 0.85, 0.05, 0.85, 0.05])

real	1m20.403s
user	1m18.882s
sys	0m1.326s
Instance: 17
[INFO] aspmc: Tree Decomposition #bags: 40 unfolded treewidth: 4 #vertices: 52
[INFO] aspmc: Preprocessing disabled
[INFO] aspmc:    Stats Compilation
[INFO] aspmc: ------------------------------------------------------------
[INFO] aspmc: X/D-Constrained Tree Decomposition #bags: 34 treewidth: 15 #vertices: 78
[INFO] aspmc: Dtree time:               2.03398060798645
[INFO] aspmc: Compilation time:         0.18346858024597168
[INFO] aspmc: Preparation time:         0.00013017654418945312
[INFO] aspmc: Counting time:            14.957090854644775
[INFO] aspmc: ------------------------------------------------------------
[0.97::a0., 0.03::a1., 0.97::a2., 0.03::a3., 0.97::a4., 0.03::a5., 0.97::a6., 0.03::a7., 0.97::a8., 0.03::a9., 0.97::a10., 0.03::a11., 0.97::a12., 0.03::a13., 0.97::a14., 0.03::a15., 0.97::a16., 0.03::a17., 0.97::a18., 0.03::a19., qr:-not a0., qr:-a1,not nqr., nqr:-a1,not qr., qr:-not a2., qr:-a3,not nqr., nqr:-a3,not qr., qr:-not a4., qr:-a5,not nqr., nqr:-a5,not qr., qr:-not a6., qr:-a7,not nqr., nqr:-a7,not qr., qr:-not a8., qr:-a9,not nqr., nqr:-a9,not qr., qr:-not a10., qr:-a11,not nqr., nqr:-a11,not qr., qr:-not a12., qr:-a13,not nqr., nqr:-a13,not qr., qr:-not a14., qr:-a15,not nqr., nqr:-a15,not qr., qr:-not a16., qr:-a17,not nqr., nqr:-a17,not qr., qr:-not a18., qr:-a19,not nqr., nqr:-a19,not qr., query(qr).]
tracc
nnf_construction_time: 18.29291009902954
Pre simplification
number of sums: 73727
number of prods: 129023
len(eq): 3790
1.0*v_12*(-v_1*(v_10*v_3*v_6*v_7*v_8*v_9*(v_4*(v_5 - 1) + v_4 - 1) + v_6*v_7*v_8*v_9*(v_10*(v_3 - 1) + v_10 - 1) + v_6*v_8*v_9*(v_7 - 1) + v_6*v_8*(v_9 - 1) + v_8*(v_6 - 1) + v_8 - 1) + v_10*v_3*v_4*v_5*v_6*v_7*v_8*v_9 + (v_1 - 1)*(v_10*v_3*v_6*v_7*v_8*v_9*(v_4*(v_5 - 1) + v_4 - 1) + v_6*v_7*v_8*v_9*(v_10*(v_3 - 1) + v_10 - 1) + v_6*v_8*v_9*(v_7 - 1) + v_6*v_8*(v_9 - 1) + v_8*(v_6 - 1) + v_8 - 1)) - (v_12 - 1)*(1.0*v_14*(-v_1*(v_10*v_3*v_6*v_7*v_8*v_9*(v_4*(v_5 - 1) + v_4 - 1) + v_6*v_7*v_8*v_9*(v_10*(v_3 - 1) + v_10 - 1) + v_6*v_8*v_9*(v_7 - 1) + v_6*v_8*(v_9 - 1) + v_8*(v_6 - 1) + v_8 - 1) + v_10*v_3*v_4*v_5*v_6*v_7*v_8*v_9 + (v_1 - 1)*(v_10*v_3*v_6*v_7*v_8*v_9*(v_4*(v_5 - 1) + v_4 - 1) + v_6*v_7*v_8*v_9*(v_10*(v_3 - 1) + v_10 - 1) + v_6*v_8*v_9*(v_7 - 1) + v_6*v_8*(v_9 - 1) + v_8*(v_6 - 1) + v_8 - 1)) - (v_14 - 1)*(1.0*v_15*(-v_1*(v_10*v_3*v_6*v_7*v_8*v_9*(v_4*(v_5 - 1) + v_4 - 1) + v_6*v_7*v_8*v_9*(v_10*(v_3 - 1) + v_10 - 1) + v_6*v_8*v_9*(v_7 - 1) + v_6*v_8*(v_9 - 1) + v_8*(v_6 - 1) + v_8 - 1) + v_10*v_3*v_4*v_5*v_6*v_7*v_8*v_9 + (v_1 - 1)*(v_10*v_3*v_6*v_7*v_8*v_9*(v_4*(v_5 - 1) + v_4 - 1) + v_6*v_7*v_8*v_9*(v_10*(v_3 - 1) + v_10 - 1) + v_6*v_8*v_9*(v_7 - 1) + v_6*v_8*(v_9 - 1) + v_8*(v_6 - 1) + v_8 - 1)) - (v_15 - 1)*(1.0*v_16*(-v_1*(v_10*v_3*v_6*v_7*v_8*v_9*(v_4*(v_5 - 1) + v_4 - 1) + v_6*v_7*v_8*v_9*(v_10*(v_3 - 1) + v_10 - 1) + v_6*v_8*v_9*(v_7 - 1) + v_6*v_8*(v_9 - 1) + v_8*(v_6 - 1) + v_8 - 1) + v_10*v_3*v_4*v_5*v_6*v_7*v_8*v_9 + (v_1 - 1)*(v_10*v_3*v_6*v_7*v_8*v_9*(v_4*(v_5 - 1) + v_4 - 1) + v_6*v_7*v_8*v_9*(v_10*(v_3 - 1) + v_10 - 1) + v_6*v_8*v_9*(v_7 - 1) + v_6*v_8*(v_9 - 1) + v_8*(v_6 - 1) + v_8 - 1)) - (v_16 - 1)*(1.0*v_17*(-v_1*(v_10*v_3*v_6*v_7*v_8*v_9*(v_4*(v_5 - 1) + v_4 - 1) + v_6*v_7*v_8*v_9*(v_10*(v_3 - 1) + v_10 - 1) + v_6*v_8*v_9*(v_7 - 1) + v_6*v_8*(v_9 - 1) + v_8*(v_6 - 1) + v_8 - 1) + v_10*v_3*v_4*v_5*v_6*v_7*v_8*v_9 + (v_1 - 1)*(v_10*v_3*v_6*v_7*v_8*v_9*(v_4*(v_5 - 1) + v_4 - 1) + v_6*v_7*v_8*v_9*(v_10*(v_3 - 1) + v_10 - 1) + v_6*v_8*v_9*(v_7 - 1) + v_6*v_8*(v_9 - 1) + v_8*(v_6 - 1) + v_8 - 1)) - (v_17 - 1)*(1.0*v_18*(-v_1*(v_10*v_3*v_6*v_7*v_8*v_9*(v_4*(v_5 - 1) + v_4 - 1) + v_6*v_7*v_8*v_9*(v_10*(v_3 - 1) + v_10 - 1) + v_6*v_8*v_9*(v_7 - 1) + v_6*v_8*(v_9 - 1) + v_8*(v_6 - 1) + v_8 - 1) + v_10*v_3*v_4*v_5*v_6*v_7*v_8*v_9 + (v_1 - 1)*(v_10*v_3*v_6*v_7*v_8*v_9*(v_4*(v_5 - 1) + v_4 - 1) + v_6*v_7*v_8*v_9*(v_10*(v_3 - 1) + v_10 - 1) + v_6*v_8*v_9*(v_7 - 1) + v_6*v_8*(v_9 - 1) + v_8*(v_6 - 1) + v_8 - 1)) - (v_18 - 1)*(1.0*v_19*(-v_1*(v_10*v_3*v_6*v_7*v_8*v_9*(v_4*(v_5 - 1) + v_4 - 1) + v_6*v_7*v_8*v_9*(v_10*(v_3 - 1) + v_10 - 1) + v_6*v_8*v_9*(v_7 - 1) + v_6*v_8*(v_9 - 1) + v_8*(v_6 - 1) + v_8 - 1) + v_10*v_3*v_4*v_5*v_6*v_7*v_8*v_9 + (v_1 - 1)*(v_10*v_3*v_6*v_7*v_8*v_9*(v_4*(v_5 - 1) + v_4 - 1) + v_6*v_7*v_8*v_9*(v_10*(v_3 - 1) + v_10 - 1) + v_6*v_8*v_9*(v_7 - 1) + v_6*v_8*(v_9 - 1) + v_8*(v_6 - 1) + v_8 - 1)) - (v_19 - 1)*(1.0*v_20*(-v_1*(v_10*v_3*v_6*v_7*v_8*v_9*(v_4*(v_5 - 1) + v_4 - 1) + v_6*v_7*v_8*v_9*(v_10*(v_3 - 1) + v_10 - 1) + v_6*v_8*v_9*(v_7 - 1) + v_6*v_8*(v_9 - 1) + v_8*(v_6 - 1) + v_8 - 1) + v_10*v_3*v_4*v_5*v_6*v_7*v_8*v_9 + (v_1 - 1)*(v_10*v_3*v_6*v_7*v_8*v_9*(v_4*(v_5 - 1) + v_4 - 1) + v_6*v_7*v_8*v_9*(v_10*(v_3 - 1) + v_10 - 1) + v_6*v_8*v_9*(v_7 - 1) + v_6*v_8*(v_9 - 1) + v_8*(v_6 - 1) + v_8 - 1)) + (v_20 - 1)*(1.0*v_1*(v_10*v_3*v_6*v_7*v_8*v_9*(v_4*(v_5 - 1) + v_4 - 1) + v_6*v_7*v_8*v_9*(v_10*(v_3 - 1) + v_10 - 1) + v_6*v_8*v_9*(v_7 - 1) + v_6*v_8*(v_9 - 1) + v_8*(v_6 - 1) + v_8 - 1) + 0.9409*v_10*v_3*v_4*v_5*v_6*v_7*v_8*v_9*(0.97*v_1 - 1.0) - 0.0591*v_10*v_3*v_4*v_5*v_6*v_7*v_8*v_9 - 1.0*(v_1 - 1)*(v_10*v_3*v_6*v_7*v_8*v_9*(v_4*(v_5 - 1) + v_4 - 1) + v_6*v_7*v_8*v_9*(v_10*(v_3 - 1) + v_10 - 1) + v_6*v_8*v_9*(v_7 - 1) + v_6*v_8*(v_9 - 1) + v_8*(v_6 - 1) + v_8 - 1)))))))))
Post simplification
symp_time: 56.94914722442627
number of sums: 144
number of subs: 179
number of prods: 442
opt_time: 0.2646608352661133
     fun: 7.249999999999997
   maxcv: 1.5265566588595902e-16
 message: 'Optimization terminated successfully.'
    nfev: 106
  status: 1
 success: True
       x: array([0.85, 0.05, 0.85, 0.05, 0.85, 0.05, 0.85, 0.05, 0.05, 0.85, 0.05,
       0.85, 0.05, 0.85, 0.05, 0.85, 0.05])

real	1m16.931s
user	1m15.162s
sys	0m1.416s
Instance: 18
[INFO] aspmc: Tree Decomposition #bags: 40 unfolded treewidth: 4 #vertices: 52
[INFO] aspmc: Preprocessing disabled
[INFO] aspmc:    Stats Compilation
[INFO] aspmc: ------------------------------------------------------------
[INFO] aspmc: X/D-Constrained Tree Decomposition #bags: 34 treewidth: 15 #vertices: 78
[INFO] aspmc: Dtree time:               2.033390760421753
[INFO] aspmc: Compilation time:         0.18335890769958496
[INFO] aspmc: Preparation time:         0.00013184547424316406
[INFO] aspmc: Counting time:            14.98060417175293
[INFO] aspmc: ------------------------------------------------------------
[0.97::a0., 0.03::a1., 0.97::a2., 0.03::a3., 0.97::a4., 0.03::a5., 0.97::a6., 0.03::a7., 0.97::a8., 0.03::a9., 0.97::a10., 0.03::a11., 0.97::a12., 0.03::a13., 0.97::a14., 0.03::a15., 0.97::a16., 0.03::a17., 0.97::a18., 0.03::a19., qr:-not a0., qr:-a1,not nqr., nqr:-a1,not qr., qr:-not a2., qr:-a3,not nqr., nqr:-a3,not qr., qr:-not a4., qr:-a5,not nqr., nqr:-a5,not qr., qr:-not a6., qr:-a7,not nqr., nqr:-a7,not qr., qr:-not a8., qr:-a9,not nqr., nqr:-a9,not qr., qr:-not a10., qr:-a11,not nqr., nqr:-a11,not qr., qr:-not a12., qr:-a13,not nqr., nqr:-a13,not qr., qr:-not a14., qr:-a15,not nqr., nqr:-a15,not qr., qr:-not a16., qr:-a17,not nqr., nqr:-a17,not qr., qr:-not a18., qr:-a19,not nqr., nqr:-a19,not qr., query(qr).]
tracc
nnf_construction_time: 18.314305543899536
Pre simplification
number of sums: 73727
number of prods: 129023
len(eq): 4202
1.0*v_12*(-v_1*(v_10*v_3*v_6*v_7*v_8*v_9*(v_4*(v_5 - 1) + v_4 - 1) + v_6*v_7*v_8*v_9*(v_10*(v_3 - 1) + v_10 - 1) + v_6*v_8*v_9*(v_7 - 1) + v_6*v_8*(v_9 - 1) + v_8*(v_6 - 1) + v_8 - 1) + v_10*v_3*v_4*v_5*v_6*v_7*v_8*v_9 + (v_1 - 1)*(v_10*v_3*v_6*v_7*v_8*v_9*(v_4*(v_5 - 1) + v_4 - 1) + v_6*v_7*v_8*v_9*(v_10*(v_3 - 1) + v_10 - 1) + v_6*v_8*v_9*(v_7 - 1) + v_6*v_8*(v_9 - 1) + v_8*(v_6 - 1) + v_8 - 1)) - (v_12 - 1)*(1.0*v_14*(-v_1*(v_10*v_3*v_6*v_7*v_8*v_9*(v_4*(v_5 - 1) + v_4 - 1) + v_6*v_7*v_8*v_9*(v_10*(v_3 - 1) + v_10 - 1) + v_6*v_8*v_9*(v_7 - 1) + v_6*v_8*(v_9 - 1) + v_8*(v_6 - 1) + v_8 - 1) + v_10*v_3*v_4*v_5*v_6*v_7*v_8*v_9 + (v_1 - 1)*(v_10*v_3*v_6*v_7*v_8*v_9*(v_4*(v_5 - 1) + v_4 - 1) + v_6*v_7*v_8*v_9*(v_10*(v_3 - 1) + v_10 - 1) + v_6*v_8*v_9*(v_7 - 1) + v_6*v_8*(v_9 - 1) + v_8*(v_6 - 1) + v_8 - 1)) - (v_14 - 1)*(1.0*v_15*(-v_1*(v_10*v_3*v_6*v_7*v_8*v_9*(v_4*(v_5 - 1) + v_4 - 1) + v_6*v_7*v_8*v_9*(v_10*(v_3 - 1) + v_10 - 1) + v_6*v_8*v_9*(v_7 - 1) + v_6*v_8*(v_9 - 1) + v_8*(v_6 - 1) + v_8 - 1) + v_10*v_3*v_4*v_5*v_6*v_7*v_8*v_9 + (v_1 - 1)*(v_10*v_3*v_6*v_7*v_8*v_9*(v_4*(v_5 - 1) + v_4 - 1) + v_6*v_7*v_8*v_9*(v_10*(v_3 - 1) + v_10 - 1) + v_6*v_8*v_9*(v_7 - 1) + v_6*v_8*(v_9 - 1) + v_8*(v_6 - 1) + v_8 - 1)) - (v_15 - 1)*(1.0*v_16*(-v_1*(v_10*v_3*v_6*v_7*v_8*v_9*(v_4*(v_5 - 1) + v_4 - 1) + v_6*v_7*v_8*v_9*(v_10*(v_3 - 1) + v_10 - 1) + v_6*v_8*v_9*(v_7 - 1) + v_6*v_8*(v_9 - 1) + v_8*(v_6 - 1) + v_8 - 1) + v_10*v_3*v_4*v_5*v_6*v_7*v_8*v_9 + (v_1 - 1)*(v_10*v_3*v_6*v_7*v_8*v_9*(v_4*(v_5 - 1) + v_4 - 1) + v_6*v_7*v_8*v_9*(v_10*(v_3 - 1) + v_10 - 1) + v_6*v_8*v_9*(v_7 - 1) + v_6*v_8*(v_9 - 1) + v_8*(v_6 - 1) + v_8 - 1)) - (v_16 - 1)*(1.0*v_17*(-v_1*(v_10*v_3*v_6*v_7*v_8*v_9*(v_4*(v_5 - 1) + v_4 - 1) + v_6*v_7*v_8*v_9*(v_10*(v_3 - 1) + v_10 - 1) + v_6*v_8*v_9*(v_7 - 1) + v_6*v_8*(v_9 - 1) + v_8*(v_6 - 1) + v_8 - 1) + v_10*v_3*v_4*v_5*v_6*v_7*v_8*v_9 + (v_1 - 1)*(v_10*v_3*v_6*v_7*v_8*v_9*(v_4*(v_5 - 1) + v_4 - 1) + v_6*v_7*v_8*v_9*(v_10*(v_3 - 1) + v_10 - 1) + v_6*v_8*v_9*(v_7 - 1) + v_6*v_8*(v_9 - 1) + v_8*(v_6 - 1) + v_8 - 1)) - (v_17 - 1)*(1.0*v_18*(-v_1*(v_10*v_3*v_6*v_7*v_8*v_9*(v_4*(v_5 - 1) + v_4 - 1) + v_6*v_7*v_8*v_9*(v_10*(v_3 - 1) + v_10 - 1) + v_6*v_8*v_9*(v_7 - 1) + v_6*v_8*(v_9 - 1) + v_8*(v_6 - 1) + v_8 - 1) + v_10*v_3*v_4*v_5*v_6*v_7*v_8*v_9 + (v_1 - 1)*(v_10*v_3*v_6*v_7*v_8*v_9*(v_4*(v_5 - 1) + v_4 - 1) + v_6*v_7*v_8*v_9*(v_10*(v_3 - 1) + v_10 - 1) + v_6*v_8*v_9*(v_7 - 1) + v_6*v_8*(v_9 - 1) + v_8*(v_6 - 1) + v_8 - 1)) - (v_18 - 1)*(1.0*v_19*(-v_1*(v_10*v_3*v_6*v_7*v_8*v_9*(v_4*(v_5 - 1) + v_4 - 1) + v_6*v_7*v_8*v_9*(v_10*(v_3 - 1) + v_10 - 1) + v_6*v_8*v_9*(v_7 - 1) + v_6*v_8*(v_9 - 1) + v_8*(v_6 - 1) + v_8 - 1) + v_10*v_3*v_4*v_5*v_6*v_7*v_8*v_9 + (v_1 - 1)*(v_10*v_3*v_6*v_7*v_8*v_9*(v_4*(v_5 - 1) + v_4 - 1) + v_6*v_7*v_8*v_9*(v_10*(v_3 - 1) + v_10 - 1) + v_6*v_8*v_9*(v_7 - 1) + v_6*v_8*(v_9 - 1) + v_8*(v_6 - 1) + v_8 - 1)) - (v_19 - 1)*(1.0*v_20*(-v_1*(v_10*v_3*v_6*v_7*v_8*v_9*(v_4*(v_5 - 1) + v_4 - 1) + v_6*v_7*v_8*v_9*(v_10*(v_3 - 1) + v_10 - 1) + v_6*v_8*v_9*(v_7 - 1) + v_6*v_8*(v_9 - 1) + v_8*(v_6 - 1) + v_8 - 1) + v_10*v_3*v_4*v_5*v_6*v_7*v_8*v_9 + (v_1 - 1)*(v_10*v_3*v_6*v_7*v_8*v_9*(v_4*(v_5 - 1) + v_4 - 1) + v_6*v_7*v_8*v_9*(v_10*(v_3 - 1) + v_10 - 1) + v_6*v_8*v_9*(v_7 - 1) + v_6*v_8*(v_9 - 1) + v_8*(v_6 - 1) + v_8 - 1)) - (v_20 - 1)*(1.0*v_21*(-v_1*(v_10*v_3*v_6*v_7*v_8*v_9*(v_4*(v_5 - 1) + v_4 - 1) + v_6*v_7*v_8*v_9*(v_10*(v_3 - 1) + v_10 - 1) + v_6*v_8*v_9*(v_7 - 1) + v_6*v_8*(v_9 - 1) + v_8*(v_6 - 1) + v_8 - 1) + v_10*v_3*v_4*v_5*v_6*v_7*v_8*v_9 + (v_1 - 1)*(v_10*v_3*v_6*v_7*v_8*v_9*(v_4*(v_5 - 1) + v_4 - 1) + v_6*v_7*v_8*v_9*(v_10*(v_3 - 1) + v_10 - 1) + v_6*v_8*v_9*(v_7 - 1) + v_6*v_8*(v_9 - 1) + v_8*(v_6 - 1) + v_8 - 1)) + (v_21 - 1)*(1.0*v_1*(v_10*v_3*v_6*v_7*v_8*v_9*(v_4*(v_5 - 1) + v_4 - 1) + v_6*v_7*v_8*v_9*(v_10*(v_3 - 1) + v_10 - 1) + v_6*v_8*v_9*(v_7 - 1) + v_6*v_8*(v_9 - 1) + v_8*(v_6 - 1) + v_8 - 1) + 0.97*v_10*v_3*v_4*v_5*v_6*v_7*v_8*v_9*(0.97*v_1 - 1.0) - 0.03*v_10*v_3*v_4*v_5*v_6*v_7*v_8*v_9 - 1.0*(v_1 - 1)*(v_10*v_3*v_6*v_7*v_8*v_9*(v_4*(v_5 - 1) + v_4 - 1) + v_6*v_7*v_8*v_9*(v_10*(v_3 - 1) + v_10 - 1) + v_6*v_8*v_9*(v_7 - 1) + v_6*v_8*(v_9 - 1) + v_8*(v_6 - 1) + v_8 - 1))))))))))
Post simplification
symp_time: 99.22363257408142
number of sums: 160
number of subs: 199
number of prods: 490
opt_time: 0.315061092376709
     fun: 8.099999999999998
   maxcv: 1.1102230246251565e-16
 message: 'Optimization terminated successfully.'
    nfev: 114
  status: 1
 success: True
       x: array([0.85, 0.05, 0.85, 0.05, 0.85, 0.05, 0.85, 0.05, 0.85, 0.05, 0.85,
       0.05, 0.85, 0.05, 0.85, 0.05, 0.85, 0.05])

real	1m59.073s
user	1m57.475s
sys	0m1.397s
Instance: 19
[INFO] aspmc: Tree Decomposition #bags: 40 unfolded treewidth: 4 #vertices: 52
[INFO] aspmc: Preprocessing disabled
[INFO] aspmc:    Stats Compilation
[INFO] aspmc: ------------------------------------------------------------
[INFO] aspmc: X/D-Constrained Tree Decomposition #bags: 34 treewidth: 15 #vertices: 78
[INFO] aspmc: Dtree time:               2.033689498901367
[INFO] aspmc: Compilation time:         0.18248414993286133
[INFO] aspmc: Preparation time:         0.00012969970703125
[INFO] aspmc: Counting time:            14.982163667678833
[INFO] aspmc: ------------------------------------------------------------
[0.97::a0., 0.03::a1., 0.97::a2., 0.03::a3., 0.97::a4., 0.03::a5., 0.97::a6., 0.03::a7., 0.97::a8., 0.03::a9., 0.97::a10., 0.03::a11., 0.97::a12., 0.03::a13., 0.97::a14., 0.03::a15., 0.97::a16., 0.03::a17., 0.97::a18., 0.03::a19., qr:-not a0., qr:-a1,not nqr., nqr:-a1,not qr., qr:-not a2., qr:-a3,not nqr., nqr:-a3,not qr., qr:-not a4., qr:-a5,not nqr., nqr:-a5,not qr., qr:-not a6., qr:-a7,not nqr., nqr:-a7,not qr., qr:-not a8., qr:-a9,not nqr., nqr:-a9,not qr., qr:-not a10., qr:-a11,not nqr., nqr:-a11,not qr., qr:-not a12., qr:-a13,not nqr., nqr:-a13,not qr., qr:-not a14., qr:-a15,not nqr., nqr:-a15,not qr., qr:-not a16., qr:-a17,not nqr., nqr:-a17,not qr., qr:-not a18., qr:-a19,not nqr., nqr:-a19,not qr., query(qr).]
tracc
nnf_construction_time: 18.308411598205566
Pre simplification
number of sums: 73727
number of prods: 129023
len(eq): 4218
1.0*v_12*(-v_1*(v_10*v_3*v_6*v_7*v_8*v_9*(v_4*(v_5 - 1) + v_4 - 1) + v_6*v_7*v_8*v_9*(v_10*(v_3 - 1) + v_10 - 1) + v_6*v_8*v_9*(v_7 - 1) + v_6*v_8*(v_9 - 1) + v_8*(v_6 - 1) + v_8 - 1) + v_10*v_3*v_4*v_5*v_6*v_7*v_8*v_9 + (v_1 - 1)*(v_10*v_3*v_6*v_7*v_8*v_9*(v_4*(v_5 - 1) + v_4 - 1) + v_6*v_7*v_8*v_9*(v_10*(v_3 - 1) + v_10 - 1) + v_6*v_8*v_9*(v_7 - 1) + v_6*v_8*(v_9 - 1) + v_8*(v_6 - 1) + v_8 - 1)) - (v_12 - 1)*(1.0*v_14*(-v_1*(v_10*v_3*v_6*v_7*v_8*v_9*(v_4*(v_5 - 1) + v_4 - 1) + v_6*v_7*v_8*v_9*(v_10*(v_3 - 1) + v_10 - 1) + v_6*v_8*v_9*(v_7 - 1) + v_6*v_8*(v_9 - 1) + v_8*(v_6 - 1) + v_8 - 1) + v_10*v_3*v_4*v_5*v_6*v_7*v_8*v_9 + (v_1 - 1)*(v_10*v_3*v_6*v_7*v_8*v_9*(v_4*(v_5 - 1) + v_4 - 1) + v_6*v_7*v_8*v_9*(v_10*(v_3 - 1) + v_10 - 1) + v_6*v_8*v_9*(v_7 - 1) + v_6*v_8*(v_9 - 1) + v_8*(v_6 - 1) + v_8 - 1)) - (v_14 - 1)*(1.0*v_15*(-v_1*(v_10*v_3*v_6*v_7*v_8*v_9*(v_4*(v_5 - 1) + v_4 - 1) + v_6*v_7*v_8*v_9*(v_10*(v_3 - 1) + v_10 - 1) + v_6*v_8*v_9*(v_7 - 1) + v_6*v_8*(v_9 - 1) + v_8*(v_6 - 1) + v_8 - 1) + v_10*v_3*v_4*v_5*v_6*v_7*v_8*v_9 + (v_1 - 1)*(v_10*v_3*v_6*v_7*v_8*v_9*(v_4*(v_5 - 1) + v_4 - 1) + v_6*v_7*v_8*v_9*(v_10*(v_3 - 1) + v_10 - 1) + v_6*v_8*v_9*(v_7 - 1) + v_6*v_8*(v_9 - 1) + v_8*(v_6 - 1) + v_8 - 1)) - (v_15 - 1)*(1.0*v_16*(-v_1*(v_10*v_3*v_6*v_7*v_8*v_9*(v_4*(v_5 - 1) + v_4 - 1) + v_6*v_7*v_8*v_9*(v_10*(v_3 - 1) + v_10 - 1) + v_6*v_8*v_9*(v_7 - 1) + v_6*v_8*(v_9 - 1) + v_8*(v_6 - 1) + v_8 - 1) + v_10*v_3*v_4*v_5*v_6*v_7*v_8*v_9 + (v_1 - 1)*(v_10*v_3*v_6*v_7*v_8*v_9*(v_4*(v_5 - 1) + v_4 - 1) + v_6*v_7*v_8*v_9*(v_10*(v_3 - 1) + v_10 - 1) + v_6*v_8*v_9*(v_7 - 1) + v_6*v_8*(v_9 - 1) + v_8*(v_6 - 1) + v_8 - 1)) - (v_16 - 1)*(1.0*v_17*(-v_1*(v_10*v_3*v_6*v_7*v_8*v_9*(v_4*(v_5 - 1) + v_4 - 1) + v_6*v_7*v_8*v_9*(v_10*(v_3 - 1) + v_10 - 1) + v_6*v_8*v_9*(v_7 - 1) + v_6*v_8*(v_9 - 1) + v_8*(v_6 - 1) + v_8 - 1) + v_10*v_3*v_4*v_5*v_6*v_7*v_8*v_9 + (v_1 - 1)*(v_10*v_3*v_6*v_7*v_8*v_9*(v_4*(v_5 - 1) + v_4 - 1) + v_6*v_7*v_8*v_9*(v_10*(v_3 - 1) + v_10 - 1) + v_6*v_8*v_9*(v_7 - 1) + v_6*v_8*(v_9 - 1) + v_8*(v_6 - 1) + v_8 - 1)) - (v_17 - 1)*(1.0*v_18*(-v_1*(v_10*v_3*v_6*v_7*v_8*v_9*(v_4*(v_5 - 1) + v_4 - 1) + v_6*v_7*v_8*v_9*(v_10*(v_3 - 1) + v_10 - 1) + v_6*v_8*v_9*(v_7 - 1) + v_6*v_8*(v_9 - 1) + v_8*(v_6 - 1) + v_8 - 1) + v_10*v_3*v_4*v_5*v_6*v_7*v_8*v_9 + (v_1 - 1)*(v_10*v_3*v_6*v_7*v_8*v_9*(v_4*(v_5 - 1) + v_4 - 1) + v_6*v_7*v_8*v_9*(v_10*(v_3 - 1) + v_10 - 1) + v_6*v_8*v_9*(v_7 - 1) + v_6*v_8*(v_9 - 1) + v_8*(v_6 - 1) + v_8 - 1)) - (v_18 - 1)*(1.0*v_19*(-v_1*(v_10*v_3*v_6*v_7*v_8*v_9*(v_4*(v_5 - 1) + v_4 - 1) + v_6*v_7*v_8*v_9*(v_10*(v_3 - 1) + v_10 - 1) + v_6*v_8*v_9*(v_7 - 1) + v_6*v_8*(v_9 - 1) + v_8*(v_6 - 1) + v_8 - 1) + v_10*v_3*v_4*v_5*v_6*v_7*v_8*v_9 + (v_1 - 1)*(v_10*v_3*v_6*v_7*v_8*v_9*(v_4*(v_5 - 1) + v_4 - 1) + v_6*v_7*v_8*v_9*(v_10*(v_3 - 1) + v_10 - 1) + v_6*v_8*v_9*(v_7 - 1) + v_6*v_8*(v_9 - 1) + v_8*(v_6 - 1) + v_8 - 1)) - (v_19 - 1)*(1.0*v_20*(-v_1*(v_10*v_3*v_6*v_7*v_8*v_9*(v_4*(v_5 - 1) + v_4 - 1) + v_6*v_7*v_8*v_9*(v_10*(v_3 - 1) + v_10 - 1) + v_6*v_8*v_9*(v_7 - 1) + v_6*v_8*(v_9 - 1) + v_8*(v_6 - 1) + v_8 - 1) + v_10*v_3*v_4*v_5*v_6*v_7*v_8*v_9 + (v_1 - 1)*(v_10*v_3*v_6*v_7*v_8*v_9*(v_4*(v_5 - 1) + v_4 - 1) + v_6*v_7*v_8*v_9*(v_10*(v_3 - 1) + v_10 - 1) + v_6*v_8*v_9*(v_7 - 1) + v_6*v_8*(v_9 - 1) + v_8*(v_6 - 1) + v_8 - 1)) - (v_20 - 1)*(1.0*v_21*(-v_1*(v_10*v_3*v_6*v_7*v_8*v_9*(v_4*(v_5 - 1) + v_4 - 1) + v_6*v_7*v_8*v_9*(v_10*(v_3 - 1) + v_10 - 1) + v_6*v_8*v_9*(v_7 - 1) + v_6*v_8*(v_9 - 1) + v_8*(v_6 - 1) + v_8 - 1) + v_10*v_3*v_4*v_5*v_6*v_7*v_8*v_9 + (v_1 - 1)*(v_10*v_3*v_6*v_7*v_8*v_9*(v_4*(v_5 - 1) + v_4 - 1) + v_6*v_7*v_8*v_9*(v_10*(v_3 - 1) + v_10 - 1) + v_6*v_8*v_9*(v_7 - 1) + v_6*v_8*(v_9 - 1) + v_8*(v_6 - 1) + v_8 - 1)) + (v_21 - 1)*(1.0*v_1*(-v_10*v_3*v_6*v_7*v_8*v_9*(-v_4*(v_5 - 1) - v_4 + 1) - v_6*v_7*v_8*v_9*(-v_10*(v_3 - 1) - v_10 + 1) + v_6*v_8*v_9*(v_7 - 1) + v_6*v_8*(v_9 - 1) + v_8*(v_6 - 1) + v_8 - 1) + 0.97*v_10*v_3*v_4*v_5*v_6*v_7*v_8*v_9*(v_1*(v_11 - 1) + v_1 - 1) - 0.03*v_10*v_3*v_4*v_5*v_6*v_7*v_8*v_9 - 1.0*(v_1 - 1)*(-v_10*v_3*v_6*v_7*v_8*v_9*(-v_4*(v_5 - 1) - v_4 + 1) - v_6*v_7*v_8*v_9*(-v_10*(v_3 - 1) - v_10 + 1) + v_6*v_8*v_9*(v_7 - 1) + v_6*v_8*(v_9 - 1) + v_8*(v_6 - 1) + v_8 - 1))))))))))
Post simplification
symp_time: 131.46491408348083
number of sums: 159
number of subs: 208
number of prods: 490
opt_time: 0.3455965518951416
     fun: 8.149999999999995
   maxcv: 9.228728892196614e-16
 message: 'Optimization terminated successfully.'
    nfev: 119
  status: 1
 success: True
       x: array([0.85, 0.05, 0.85, 0.05, 0.85, 0.05, 0.85, 0.05, 0.05, 0.85, 0.05,
       0.85, 0.05, 0.85, 0.05, 0.85, 0.05, 0.85, 0.05])

real	2m31.587s
user	2m29.770s
sys	0m1.429s
Instance: 20
[INFO] aspmc: Tree Decomposition #bags: 40 unfolded treewidth: 4 #vertices: 52
[INFO] aspmc: Preprocessing disabled
[INFO] aspmc:    Stats Compilation
[INFO] aspmc: ------------------------------------------------------------
[INFO] aspmc: X/D-Constrained Tree Decomposition #bags: 34 treewidth: 15 #vertices: 78
[INFO] aspmc: Dtree time:               2.0332534313201904
[INFO] aspmc: Compilation time:         0.1817638874053955
[INFO] aspmc: Preparation time:         0.0001342296600341797
[INFO] aspmc: Counting time:            15.821028470993042
[INFO] aspmc: ------------------------------------------------------------
[0.97::a0., 0.03::a1., 0.97::a2., 0.03::a3., 0.97::a4., 0.03::a5., 0.97::a6., 0.03::a7., 0.97::a8., 0.03::a9., 0.97::a10., 0.03::a11., 0.97::a12., 0.03::a13., 0.97::a14., 0.03::a15., 0.97::a16., 0.03::a17., 0.97::a18., 0.03::a19., qr:-not a0., qr:-a1,not nqr., nqr:-a1,not qr., qr:-not a2., qr:-a3,not nqr., nqr:-a3,not qr., qr:-not a4., qr:-a5,not nqr., nqr:-a5,not qr., qr:-not a6., qr:-a7,not nqr., nqr:-a7,not qr., qr:-not a8., qr:-a9,not nqr., nqr:-a9,not qr., qr:-not a10., qr:-a11,not nqr., nqr:-a11,not qr., qr:-not a12., qr:-a13,not nqr., nqr:-a13,not qr., qr:-not a14., qr:-a15,not nqr., nqr:-a15,not qr., qr:-not a16., qr:-a17,not nqr., nqr:-a17,not qr., qr:-not a18., qr:-a19,not nqr., nqr:-a19,not qr., query(qr).]
tracc
nnf_construction_time: 19.146990060806274
Pre simplification
number of sums: 73727
number of prods: 129023
len(eq): 4541
v_12*(-v_1*(v_10*v_3*v_6*v_7*v_8*v_9*(v_4*(v_5 - 1) + v_4 - 1) + v_6*v_7*v_8*v_9*(v_10*(v_3 - 1) + v_10 - 1) + v_6*v_8*v_9*(v_7 - 1) + v_6*v_8*(v_9 - 1) + v_8*(v_6 - 1) + v_8 - 1) + v_10*v_3*v_4*v_5*v_6*v_7*v_8*v_9 + (v_1 - 1)*(v_10*v_3*v_6*v_7*v_8*v_9*(v_4*(v_5 - 1) + v_4 - 1) + v_6*v_7*v_8*v_9*(v_10*(v_3 - 1) + v_10 - 1) + v_6*v_8*v_9*(v_7 - 1) + v_6*v_8*(v_9 - 1) + v_8*(v_6 - 1) + v_8 - 1)) - (v_12 - 1)*(v_14*(-v_1*(v_10*v_3*v_6*v_7*v_8*v_9*(v_4*(v_5 - 1) + v_4 - 1) + v_6*v_7*v_8*v_9*(v_10*(v_3 - 1) + v_10 - 1) + v_6*v_8*v_9*(v_7 - 1) + v_6*v_8*(v_9 - 1) + v_8*(v_6 - 1) + v_8 - 1) + v_10*v_3*v_4*v_5*v_6*v_7*v_8*v_9 + (v_1 - 1)*(v_10*v_3*v_6*v_7*v_8*v_9*(v_4*(v_5 - 1) + v_4 - 1) + v_6*v_7*v_8*v_9*(v_10*(v_3 - 1) + v_10 - 1) + v_6*v_8*v_9*(v_7 - 1) + v_6*v_8*(v_9 - 1) + v_8*(v_6 - 1) + v_8 - 1)) - (v_14 - 1)*(v_15*(-v_1*(v_10*v_3*v_6*v_7*v_8*v_9*(v_4*(v_5 - 1) + v_4 - 1) + v_6*v_7*v_8*v_9*(v_10*(v_3 - 1) + v_10 - 1) + v_6*v_8*v_9*(v_7 - 1) + v_6*v_8*(v_9 - 1) + v_8*(v_6 - 1) + v_8 - 1) + v_10*v_3*v_4*v_5*v_6*v_7*v_8*v_9 + (v_1 - 1)*(v_10*v_3*v_6*v_7*v_8*v_9*(v_4*(v_5 - 1) + v_4 - 1) + v_6*v_7*v_8*v_9*(v_10*(v_3 - 1) + v_10 - 1) + v_6*v_8*v_9*(v_7 - 1) + v_6*v_8*(v_9 - 1) + v_8*(v_6 - 1) + v_8 - 1)) - (v_15 - 1)*(v_16*(-v_1*(v_10*v_3*v_6*v_7*v_8*v_9*(v_4*(v_5 - 1) + v_4 - 1) + v_6*v_7*v_8*v_9*(v_10*(v_3 - 1) + v_10 - 1) + v_6*v_8*v_9*(v_7 - 1) + v_6*v_8*(v_9 - 1) + v_8*(v_6 - 1) + v_8 - 1) + v_10*v_3*v_4*v_5*v_6*v_7*v_8*v_9 + (v_1 - 1)*(v_10*v_3*v_6*v_7*v_8*v_9*(v_4*(v_5 - 1) + v_4 - 1) + v_6*v_7*v_8*v_9*(v_10*(v_3 - 1) + v_10 - 1) + v_6*v_8*v_9*(v_7 - 1) + v_6*v_8*(v_9 - 1) + v_8*(v_6 - 1) + v_8 - 1)) - (v_16 - 1)*(v_17*(-v_1*(v_10*v_3*v_6*v_7*v_8*v_9*(v_4*(v_5 - 1) + v_4 - 1) + v_6*v_7*v_8*v_9*(v_10*(v_3 - 1) + v_10 - 1) + v_6*v_8*v_9*(v_7 - 1) + v_6*v_8*(v_9 - 1) + v_8*(v_6 - 1) + v_8 - 1) + v_10*v_3*v_4*v_5*v_6*v_7*v_8*v_9 + (v_1 - 1)*(v_10*v_3*v_6*v_7*v_8*v_9*(v_4*(v_5 - 1) + v_4 - 1) + v_6*v_7*v_8*v_9*(v_10*(v_3 - 1) + v_10 - 1) + v_6*v_8*v_9*(v_7 - 1) + v_6*v_8*(v_9 - 1) + v_8*(v_6 - 1) + v_8 - 1)) - (v_17 - 1)*(v_18*(-v_1*(v_10*v_3*v_6*v_7*v_8*v_9*(v_4*(v_5 - 1) + v_4 - 1) + v_6*v_7*v_8*v_9*(v_10*(v_3 - 1) + v_10 - 1) + v_6*v_8*v_9*(v_7 - 1) + v_6*v_8*(v_9 - 1) + v_8*(v_6 - 1) + v_8 - 1) + v_10*v_3*v_4*v_5*v_6*v_7*v_8*v_9 + (v_1 - 1)*(v_10*v_3*v_6*v_7*v_8*v_9*(v_4*(v_5 - 1) + v_4 - 1) + v_6*v_7*v_8*v_9*(v_10*(v_3 - 1) + v_10 - 1) + v_6*v_8*v_9*(v_7 - 1) + v_6*v_8*(v_9 - 1) + v_8*(v_6 - 1) + v_8 - 1)) - (v_18 - 1)*(v_19*(-v_1*(v_10*v_3*v_6*v_7*v_8*v_9*(v_4*(v_5 - 1) + v_4 - 1) + v_6*v_7*v_8*v_9*(v_10*(v_3 - 1) + v_10 - 1) + v_6*v_8*v_9*(v_7 - 1) + v_6*v_8*(v_9 - 1) + v_8*(v_6 - 1) + v_8 - 1) + v_10*v_3*v_4*v_5*v_6*v_7*v_8*v_9 + (v_1 - 1)*(v_10*v_3*v_6*v_7*v_8*v_9*(v_4*(v_5 - 1) + v_4 - 1) + v_6*v_7*v_8*v_9*(v_10*(v_3 - 1) + v_10 - 1) + v_6*v_8*v_9*(v_7 - 1) + v_6*v_8*(v_9 - 1) + v_8*(v_6 - 1) + v_8 - 1)) - (v_19 - 1)*(v_20*(-v_1*(v_10*v_3*v_6*v_7*v_8*v_9*(v_4*(v_5 - 1) + v_4 - 1) + v_6*v_7*v_8*v_9*(v_10*(v_3 - 1) + v_10 - 1) + v_6*v_8*v_9*(v_7 - 1) + v_6*v_8*(v_9 - 1) + v_8*(v_6 - 1) + v_8 - 1) + v_10*v_3*v_4*v_5*v_6*v_7*v_8*v_9 + (v_1 - 1)*(v_10*v_3*v_6*v_7*v_8*v_9*(v_4*(v_5 - 1) + v_4 - 1) + v_6*v_7*v_8*v_9*(v_10*(v_3 - 1) + v_10 - 1) + v_6*v_8*v_9*(v_7 - 1) + v_6*v_8*(v_9 - 1) + v_8*(v_6 - 1) + v_8 - 1)) - (v_20 - 1)*(v_21*(-v_1*(v_10*v_3*v_6*v_7*v_8*v_9*(v_4*(v_5 - 1) + v_4 - 1) + v_6*v_7*v_8*v_9*(v_10*(v_3 - 1) + v_10 - 1) + v_6*v_8*v_9*(v_7 - 1) + v_6*v_8*(v_9 - 1) + v_8*(v_6 - 1) + v_8 - 1) + v_10*v_3*v_4*v_5*v_6*v_7*v_8*v_9 + (v_1 - 1)*(v_10*v_3*v_6*v_7*v_8*v_9*(v_4*(v_5 - 1) + v_4 - 1) + v_6*v_7*v_8*v_9*(v_10*(v_3 - 1) + v_10 - 1) + v_6*v_8*v_9*(v_7 - 1) + v_6*v_8*(v_9 - 1) + v_8*(v_6 - 1) + v_8 - 1)) - (v_21 - 1)*(v_22*(-v_1*(v_10*v_3*v_6*v_7*v_8*v_9*(v_4*(v_5 - 1) + v_4 - 1) + v_6*v_7*v_8*v_9*(v_10*(v_3 - 1) + v_10 - 1) + v_6*v_8*v_9*(v_7 - 1) + v_6*v_8*(v_9 - 1) + v_8*(v_6 - 1) + v_8 - 1) + v_10*v_3*v_4*v_5*v_6*v_7*v_8*v_9 + (v_1 - 1)*(v_10*v_3*v_6*v_7*v_8*v_9*(v_4*(v_5 - 1) + v_4 - 1) + v_6*v_7*v_8*v_9*(v_10*(v_3 - 1) + v_10 - 1) + v_6*v_8*v_9*(v_7 - 1) + v_6*v_8*(v_9 - 1) + v_8*(v_6 - 1) + v_8 - 1)) + (v_22 - 1)*(v_1*(-v_10*v_3*v_6*v_7*v_8*v_9*(-v_4*(v_5 - 1) - v_4 + 1) - v_6*v_7*v_8*v_9*(-v_10*(v_3 - 1) - v_10 + 1) + v_6*v_8*v_9*(v_7 - 1) + v_6*v_8*(v_9 - 1) + v_8*(v_6 - 1) + v_8 - 1) + v_10*v_3*v_4*v_5*v_6*v_7*v_8*v_9*(v_1*(v_11 - 1) + v_1 - 1) - (v_1 - 1)*(-v_10*v_3*v_6*v_7*v_8*v_9*(-v_4*(v_5 - 1) - v_4 + 1) - v_6*v_7*v_8*v_9*(-v_10*(v_3 - 1) - v_10 + 1) + v_6*v_8*v_9*(v_7 - 1) + v_6*v_8*(v_9 - 1) + v_8*(v_6 - 1) + v_8 - 1)))))))))))
Post simplification
symp_time: 238.20435881614685
number of sums: 175
number of subs: 227
number of prods: 517
opt_time: 0.3836209774017334
     fun: 8.999999999999996
   maxcv: 1.304512053934559e-15
 message: 'Optimization terminated successfully.'
    nfev: 124
  status: 1
 success: True
       x: array([0.85, 0.05, 0.85, 0.05, 0.85, 0.05, 0.85, 0.05, 0.85, 0.05, 0.85,
       0.05, 0.85, 0.05, 0.85, 0.05, 0.85, 0.05, 0.85, 0.05])

real	4m18.962s
user	4m17.218s
sys	0m1.477s
Ended at: 
Thu Dec  7 18:18:02 CET 2023
