Started at: 
Thu Dec  7 17:56:10 CET 2023
Instance: 2
[INFO] aspmc: Tree Decomposition #bags: 20 unfolded treewidth: 4 #vertices: 27
[INFO] aspmc: Preprocessing disabled
[INFO] aspmc:    Stats Compilation
[INFO] aspmc: ------------------------------------------------------------
[INFO] aspmc: X/D-Constrained Tree Decomposition #bags: 28 treewidth: 10 #vertices: 38
[INFO] aspmc: Dtree time:               2.0229058265686035
[INFO] aspmc: Compilation time:         0.017171859741210938
[INFO] aspmc: Preparation time:         0.00010085105895996094
[INFO] aspmc: Counting time:            0.1807870864868164
[INFO] aspmc: ------------------------------------------------------------
[0.97::a0., 0.03::a1., 0.97::a2., 0.03::a3., 0.97::a4., 0.03::a5., 0.97::a6., 0.03::a7., 0.97::a8., 0.03::a9., qr:-not a0., qr:-a1,not nqr., nqr:-a1,not qr., qr:-not a2., qr:-a3,not nqr., nqr:-a3,not qr., qr:-not a4., qr:-a5,not nqr., nqr:-a5,not qr., qr:-not a6., qr:-a7,not nqr., nqr:-a7,not qr., qr:-not a8., qr:-a9,not nqr., nqr:-a9,not qr., query(qr).]
tracc
nnf_construction_time: 3.325396776199341
Pre simplification
number of sums: 767
number of prods: 1087
len(eq): 55
0.783743359437696*v_1*v_7 - 0.783743359437696*v_1 + 1.0
Post simplification
symp_time: 0.460890531539917
number of sums: 1
number of subs: 1
number of prods: 3
opt_time: 0.09441065788269043
     fun: 1.0
     jac: array([1., 1.])
 message: 'Positive directional derivative for linesearch'
    nfev: 86
     nit: 15
    njev: 11
  status: 8
 success: False
       x: array([0.15, 0.85])

real	0m5.025s
user	0m4.288s
sys	0m0.625s
Instance: 3
[INFO] aspmc: Tree Decomposition #bags: 20 unfolded treewidth: 4 #vertices: 27
[INFO] aspmc: Preprocessing disabled
[INFO] aspmc:    Stats Compilation
[INFO] aspmc: ------------------------------------------------------------
[INFO] aspmc: X/D-Constrained Tree Decomposition #bags: 28 treewidth: 10 #vertices: 38
[INFO] aspmc: Dtree time:               2.0219762325286865
[INFO] aspmc: Compilation time:         0.017143726348876953
[INFO] aspmc: Preparation time:         8.845329284667969e-05
[INFO] aspmc: Counting time:            0.18244290351867676
[INFO] aspmc: ------------------------------------------------------------
[0.97::a0., 0.03::a1., 0.97::a2., 0.03::a3., 0.97::a4., 0.03::a5., 0.97::a6., 0.03::a7., 0.97::a8., 0.03::a9., qr:-not a0., qr:-a1,not nqr., nqr:-a1,not qr., qr:-not a2., qr:-a3,not nqr., nqr:-a3,not qr., qr:-not a4., qr:-a5,not nqr., nqr:-a5,not qr., qr:-not a6., qr:-a7,not nqr., nqr:-a7,not qr., qr:-not a8., qr:-a9,not nqr., nqr:-a9,not qr., query(qr).]
tracc
nnf_construction_time: 3.3267295360565186
Pre simplification
number of sums: 767
number of prods: 1087
len(eq): 88
0.80798284478113*v_1*v_3*v_7 - 0.80798284478113*v_1*v_3 + 2.77555756156289e-17*v_7 + 1.0
Post simplification
symp_time: 0.569000244140625
number of sums: 2
number of subs: 2
number of prods: 6
opt_time: 0.06244611740112305
     fun: 0.9500000000000007
     jac: array([1., 1., 1.])
 message: 'Optimization terminated successfully'
    nfev: 2
     nit: 2
    njev: 2
  status: 0
 success: True
       x: array([0.05, 0.85, 0.05])

real	0m5.006s
user	0m4.250s
sys	0m0.622s
Instance: 4
[INFO] aspmc: Tree Decomposition #bags: 20 unfolded treewidth: 4 #vertices: 27
[INFO] aspmc: Preprocessing disabled
[INFO] aspmc:    Stats Compilation
[INFO] aspmc: ------------------------------------------------------------
[INFO] aspmc: X/D-Constrained Tree Decomposition #bags: 28 treewidth: 10 #vertices: 38
[INFO] aspmc: Dtree time:               2.021909236907959
[INFO] aspmc: Compilation time:         0.017682313919067383
[INFO] aspmc: Preparation time:         8.797645568847656e-05
[INFO] aspmc: Counting time:            0.1799156665802002
[INFO] aspmc: ------------------------------------------------------------
[0.97::a0., 0.03::a1., 0.97::a2., 0.03::a3., 0.97::a4., 0.03::a5., 0.97::a6., 0.03::a7., 0.97::a8., 0.03::a9., qr:-not a0., qr:-a1,not nqr., nqr:-a1,not qr., qr:-not a2., qr:-a3,not nqr., nqr:-a3,not qr., qr:-not a4., qr:-a5,not nqr., nqr:-a5,not qr., qr:-not a6., qr:-a7,not nqr., nqr:-a7,not qr., qr:-not a8., qr:-a9,not nqr., nqr:-a9,not qr., query(qr).]
tracc
nnf_construction_time: 3.3226027488708496
Pre simplification
number of sums: 767
number of prods: 1087
len(eq): 240
-0.832972004929*v_1*v_3*v_7*v_9 + 0.832972004929*v_1*v_3*v_7 + 0.832972004929*v_1*v_3*v_9 - 0.832972004929*v_1*v_3 - 1.0769163338864e-16*v_3*v_7*v_9 + 1.0769163338864e-16*v_3*v_7 + 1.0769163338864e-16*v_3*v_9 - 1.0769163338864e-16*v_3 + 1.0
Post simplification
symp_time: 0.7046046257019043
number of sums: 5
number of subs: 8
number of prods: 20
opt_time: 0.5749189853668213
     fun: 2.0
     jac: array([1., 1., 1., 1.])
 message: 'Positive directional derivative for linesearch'
    nfev: 101
     nit: 15
    njev: 11
  status: 8
 success: False
       x: array([0.15, 0.85, 0.15, 0.85])

real	0m5.659s
user	0m4.883s
sys	0m0.639s
Instance: 5
[INFO] aspmc: Tree Decomposition #bags: 20 unfolded treewidth: 4 #vertices: 27
[INFO] aspmc: Preprocessing disabled
[INFO] aspmc:    Stats Compilation
[INFO] aspmc: ------------------------------------------------------------
[INFO] aspmc: X/D-Constrained Tree Decomposition #bags: 28 treewidth: 10 #vertices: 38
[INFO] aspmc: Dtree time:               2.022144317626953
[INFO] aspmc: Compilation time:         0.017590045928955078
[INFO] aspmc: Preparation time:         0.00012636184692382812
[INFO] aspmc: Counting time:            0.1756300926208496
[INFO] aspmc: ------------------------------------------------------------
[0.97::a0., 0.03::a1., 0.97::a2., 0.03::a3., 0.97::a4., 0.03::a5., 0.97::a6., 0.03::a7., 0.97::a8., 0.03::a9., qr:-not a0., qr:-a1,not nqr., nqr:-a1,not qr., qr:-not a2., qr:-a3,not nqr., nqr:-a3,not qr., qr:-not a4., qr:-a5,not nqr., nqr:-a5,not qr., qr:-not a6., qr:-a7,not nqr., nqr:-a7,not qr., qr:-not a8., qr:-a9,not nqr., nqr:-a9,not qr., query(qr).]
tracc
nnf_construction_time: 3.3172338008880615
Pre simplification
number of sums: 767
number of prods: 1087
len(eq): 128
-0.8587340257*v_1*v_3*v_4*v_7*v_9 + 0.8587340257*v_1*v_3*v_4*v_7 + 0.8587340257*v_1*v_3*v_4*v_9 - 0.8587340257*v_1*v_3*v_4 + 1.0
Post simplification
symp_time: 0.7566189765930176
number of sums: 3
number of subs: 2
number of prods: 16
opt_time: 0.24105453491210938
     fun: 1.850000000000001
     jac: array([1., 1., 1., 1., 1.])
 message: 'Optimization terminated successfully'
    nfev: 2
     nit: 2
    njev: 2
  status: 0
 success: True
       x: array([0.05, 0.85, 0.05, 0.85, 0.05])

real	0m5.386s
user	0m4.631s
sys	0m0.601s
Instance: 6
[INFO] aspmc: Tree Decomposition #bags: 20 unfolded treewidth: 4 #vertices: 27
[INFO] aspmc: Preprocessing disabled
[INFO] aspmc:    Stats Compilation
[INFO] aspmc: ------------------------------------------------------------
[INFO] aspmc: X/D-Constrained Tree Decomposition #bags: 28 treewidth: 10 #vertices: 38
[INFO] aspmc: Dtree time:               2.0217411518096924
[INFO] aspmc: Compilation time:         0.017324209213256836
[INFO] aspmc: Preparation time:         9.202957153320312e-05
[INFO] aspmc: Counting time:            0.17486262321472168
[INFO] aspmc: ------------------------------------------------------------
[0.97::a0., 0.03::a1., 0.97::a2., 0.03::a3., 0.97::a4., 0.03::a5., 0.97::a6., 0.03::a7., 0.97::a8., 0.03::a9., qr:-not a0., qr:-a1,not nqr., nqr:-a1,not qr., qr:-not a2., qr:-a3,not nqr., nqr:-a3,not qr., qr:-not a4., qr:-a5,not nqr., nqr:-a5,not qr., qr:-not a6., qr:-a7,not nqr., nqr:-a7,not qr., qr:-not a8., qr:-a9,not nqr., nqr:-a9,not qr., query(qr).]
tracc
nnf_construction_time: 3.31662917137146
Pre simplification
number of sums: 767
number of prods: 1087
len(eq): 255
0.88529281*v_1*v_10*v_3*v_4*v_7*v_9 - 0.88529281*v_1*v_10*v_3*v_4*v_7 - 0.88529281*v_1*v_10*v_3*v_4*v_9 + 0.88529281*v_1*v_10*v_3*v_4 - 0.88529281*v_1*v_3*v_4*v_7*v_9 + 0.88529281*v_1*v_3*v_4*v_7 + 0.88529281*v_1*v_3*v_4*v_9 - 0.88529281*v_1*v_3*v_4 + 1.0
Post simplification
symp_time: 0.9605319499969482
number of sums: 4
number of subs: 4
number of prods: 36
opt_time: 1.022554636001587
     fun: 3.0
     jac: array([1., 1., 1., 1., 1., 1.])
 message: 'Positive directional derivative for linesearch'
    nfev: 51
     nit: 10
    njev: 6
  status: 8
 success: False
       x: array([0.15, 0.85, 0.15, 0.85, 0.15, 0.85])

real	0m6.394s
user	0m5.627s
sys	0m0.611s
Instance: 7
[INFO] aspmc: Tree Decomposition #bags: 20 unfolded treewidth: 4 #vertices: 27
[INFO] aspmc: Preprocessing disabled
[INFO] aspmc:    Stats Compilation
[INFO] aspmc: ------------------------------------------------------------
[INFO] aspmc: X/D-Constrained Tree Decomposition #bags: 28 treewidth: 10 #vertices: 38
[INFO] aspmc: Dtree time:               2.0220022201538086
[INFO] aspmc: Compilation time:         0.017754077911376953
[INFO] aspmc: Preparation time:         9.226799011230469e-05
[INFO] aspmc: Counting time:            0.17480826377868652
[INFO] aspmc: ------------------------------------------------------------
[0.97::a0., 0.03::a1., 0.97::a2., 0.03::a3., 0.97::a4., 0.03::a5., 0.97::a6., 0.03::a7., 0.97::a8., 0.03::a9., qr:-not a0., qr:-a1,not nqr., nqr:-a1,not qr., qr:-not a2., qr:-a3,not nqr., nqr:-a3,not qr., qr:-not a4., qr:-a5,not nqr., nqr:-a5,not qr., qr:-not a6., qr:-a7,not nqr., nqr:-a7,not qr., qr:-not a8., qr:-a9,not nqr., nqr:-a9,not qr., query(qr).]
tracc
nnf_construction_time: 3.318694591522217
Pre simplification
number of sums: 767
number of prods: 1087
len(eq): 271
0.912673*v_1*v_10*v_3*v_4*v_5*v_7*v_9 - 0.912673*v_1*v_10*v_3*v_4*v_5*v_7 - 0.912673*v_1*v_10*v_3*v_4*v_5*v_9 + 0.912673*v_1*v_10*v_3*v_4*v_5 - 0.912673*v_1*v_3*v_4*v_5*v_7*v_9 + 0.912673*v_1*v_3*v_4*v_5*v_7 + 0.912673*v_1*v_3*v_4*v_5*v_9 - 0.912673*v_1*v_3*v_4*v_5 + 1.0
Post simplification
symp_time: 0.9257256984710693
number of sums: 4
number of subs: 4
number of prods: 44
opt_time: 0.6730289459228516
     fun: 2.7500000000000004
     jac: array([1., 1., 1., 1., 1., 1., 1.])
 message: 'Optimization terminated successfully'
    nfev: 2
     nit: 2
    njev: 2
  status: 0
 success: True
       x: array([0.05, 0.85, 0.05, 0.85, 0.05, 0.85, 0.05])

real	0m5.976s
user	0m5.233s
sys	0m0.606s
Instance: 8
[INFO] aspmc: Tree Decomposition #bags: 20 unfolded treewidth: 4 #vertices: 27
[INFO] aspmc: Preprocessing disabled
[INFO] aspmc:    Stats Compilation
[INFO] aspmc: ------------------------------------------------------------
[INFO] aspmc: X/D-Constrained Tree Decomposition #bags: 28 treewidth: 10 #vertices: 38
[INFO] aspmc: Dtree time:               2.021836042404175
[INFO] aspmc: Compilation time:         0.01725292205810547
[INFO] aspmc: Preparation time:         8.845329284667969e-05
[INFO] aspmc: Counting time:            0.17992019653320312
[INFO] aspmc: ------------------------------------------------------------
[0.97::a0., 0.03::a1., 0.97::a2., 0.03::a3., 0.97::a4., 0.03::a5., 0.97::a6., 0.03::a7., 0.97::a8., 0.03::a9., qr:-not a0., qr:-a1,not nqr., nqr:-a1,not qr., qr:-not a2., qr:-a3,not nqr., nqr:-a3,not qr., qr:-not a4., qr:-a5,not nqr., nqr:-a5,not qr., qr:-not a6., qr:-a7,not nqr., nqr:-a7,not qr., qr:-not a8., qr:-a9,not nqr., nqr:-a9,not qr., query(qr).]
tracc
nnf_construction_time: 3.3226444721221924
Pre simplification
number of sums: 767
number of prods: 1087
len(eq): 548
-0.9409*v_1*v_10*v_11*v_3*v_4*v_5*v_7*v_9 + 0.9409*v_1*v_10*v_11*v_3*v_4*v_5*v_7 + 0.9409*v_1*v_10*v_11*v_3*v_4*v_5*v_9 - 0.9409*v_1*v_10*v_11*v_3*v_4*v_5 + 0.9409*v_1*v_10*v_3*v_4*v_5*v_7*v_9 - 0.9409*v_1*v_10*v_3*v_4*v_5*v_7 - 0.9409*v_1*v_10*v_3*v_4*v_5*v_9 + 0.9409*v_1*v_10*v_3*v_4*v_5 + 0.9409*v_1*v_11*v_3*v_4*v_5*v_7*v_9 - 0.9409*v_1*v_11*v_3*v_4*v_5*v_7 - 0.9409*v_1*v_11*v_3*v_4*v_5*v_9 + 0.9409*v_1*v_11*v_3*v_4*v_5 - 0.9409*v_1*v_3*v_4*v_5*v_7*v_9 + 0.9409*v_1*v_3*v_4*v_5*v_7 + 0.9409*v_1*v_3*v_4*v_5*v_9 - 0.9409*v_1*v_3*v_4*v_5 + 1.0
Post simplification
symp_time: 1.2523794174194336
number of sums: 9
number of subs: 8
number of prods: 96
opt_time: 1.9106662273406982
     fun: 3.863810647045624
     jac: array([1., 1., 1., 1., 1., 1., 1., 1.])
 message: 'Optimization terminated successfully'
    nfev: 4
     nit: 4
    njev: 4
  status: 0
 success: True
       x: array([0.11595266, 0.85      , 0.11595266, 0.85      , 0.11595266,
       0.85      , 0.11595266, 0.85      ])

real	0m7.565s
user	0m6.799s
sys	0m0.627s
Instance: 9
[INFO] aspmc: Tree Decomposition #bags: 20 unfolded treewidth: 4 #vertices: 27
[INFO] aspmc: Preprocessing disabled
[INFO] aspmc:    Stats Compilation
[INFO] aspmc: ------------------------------------------------------------
[INFO] aspmc: X/D-Constrained Tree Decomposition #bags: 28 treewidth: 10 #vertices: 38
[INFO] aspmc: Dtree time:               2.021604299545288
[INFO] aspmc: Compilation time:         0.016905784606933594
[INFO] aspmc: Preparation time:         8.606910705566406e-05
[INFO] aspmc: Counting time:            0.1845560073852539
[INFO] aspmc: ------------------------------------------------------------
[0.97::a0., 0.03::a1., 0.97::a2., 0.03::a3., 0.97::a4., 0.03::a5., 0.97::a6., 0.03::a7., 0.97::a8., 0.03::a9., qr:-not a0., qr:-a1,not nqr., nqr:-a1,not qr., qr:-not a2., qr:-a3,not nqr., nqr:-a3,not qr., qr:-not a4., qr:-a5,not nqr., nqr:-a5,not qr., qr:-not a6., qr:-a7,not nqr., nqr:-a7,not qr., qr:-not a8., qr:-a9,not nqr., nqr:-a9,not qr., query(qr).]
tracc
nnf_construction_time: 3.3337645530700684
Pre simplification
number of sums: 767
number of prods: 1087
len(eq): 580
-0.97*v_1*v_10*v_11*v_3*v_4*v_5*v_6*v_7*v_9 + 0.97*v_1*v_10*v_11*v_3*v_4*v_5*v_6*v_7 + 0.97*v_1*v_10*v_11*v_3*v_4*v_5*v_6*v_9 - 0.97*v_1*v_10*v_11*v_3*v_4*v_5*v_6 + 0.97*v_1*v_10*v_3*v_4*v_5*v_6*v_7*v_9 - 0.97*v_1*v_10*v_3*v_4*v_5*v_6*v_7 - 0.97*v_1*v_10*v_3*v_4*v_5*v_6*v_9 + 0.97*v_1*v_10*v_3*v_4*v_5*v_6 + 0.97*v_1*v_11*v_3*v_4*v_5*v_6*v_7*v_9 - 0.97*v_1*v_11*v_3*v_4*v_5*v_6*v_7 - 0.97*v_1*v_11*v_3*v_4*v_5*v_6*v_9 + 0.97*v_1*v_11*v_3*v_4*v_5*v_6 - 0.97*v_1*v_3*v_4*v_5*v_6*v_7*v_9 + 0.97*v_1*v_3*v_4*v_5*v_6*v_7 + 0.97*v_1*v_3*v_4*v_5*v_6*v_9 - 0.97*v_1*v_3*v_4*v_5*v_6 + 1.0
Post simplification
symp_time: 1.5594775676727295
number of sums: 9
number of subs: 8
number of prods: 112
opt_time: 1.6282916069030762
     fun: 3.65
     jac: array([1., 1., 1., 1., 1., 1., 1., 1., 1.])
 message: 'Optimization terminated successfully'
    nfev: 2
     nit: 2
    njev: 2
  status: 0
 success: True
       x: array([0.05, 0.85, 0.05, 0.85, 0.05, 0.85, 0.05, 0.85, 0.05])

real	0m7.601s
user	0m6.804s
sys	0m0.644s
Instance: 10
[INFO] aspmc: Tree Decomposition #bags: 20 unfolded treewidth: 4 #vertices: 27
[INFO] aspmc: Preprocessing disabled
[INFO] aspmc:    Stats Compilation
[INFO] aspmc: ------------------------------------------------------------
[INFO] aspmc: X/D-Constrained Tree Decomposition #bags: 28 treewidth: 10 #vertices: 38
[INFO] aspmc: Dtree time:               2.021759510040283
[INFO] aspmc: Compilation time:         0.017154216766357422
[INFO] aspmc: Preparation time:         9.465217590332031e-05
[INFO] aspmc: Counting time:            0.17011189460754395
[INFO] aspmc: ------------------------------------------------------------
[0.97::a0., 0.03::a1., 0.97::a2., 0.03::a3., 0.97::a4., 0.03::a5., 0.97::a6., 0.03::a7., 0.97::a8., 0.03::a9., qr:-not a0., qr:-a1,not nqr., nqr:-a1,not qr., qr:-not a2., qr:-a3,not nqr., nqr:-a3,not qr., qr:-not a4., qr:-a5,not nqr., nqr:-a5,not qr., qr:-not a6., qr:-a7,not nqr., nqr:-a7,not qr., qr:-not a8., qr:-a9,not nqr., nqr:-a9,not qr., query(qr).]
tracc
nnf_construction_time: 3.313107967376709
Pre simplification
number of sums: 767
number of prods: 1087
len(eq): 995
v_6*(v_7*(-v_1*(v_4*v_5*(v_3 - 1) + v_5*(v_4 - 1) + v_5 - 1) + v_3*v_4*v_5 + (v_1 - 1)*(v_4*v_5*(v_3 - 1) + v_5*(v_4 - 1) + v_5 - 1)) - (v_7 - 1)*(v_9*(-v_1*(v_4*v_5*(v_3 - 1) + v_5*(v_4 - 1) + v_5 - 1) + v_3*v_4*v_5 + (v_1 - 1)*(v_4*v_5*(v_3 - 1) + v_5*(v_4 - 1) + v_5 - 1)) - (v_9 - 1)*(v_10*(-v_1*(v_4*v_5*(v_3 - 1) + v_5*(v_4 - 1) + v_5 - 1) + v_3*v_4*v_5 + (v_1 - 1)*(v_4*v_5*(v_3 - 1) + v_5*(v_4 - 1) + v_5 - 1)) - (v_10 - 1)*(v_11*(-v_1*(v_4*v_5*(v_3 - 1) + v_5*(v_4 - 1) + v_5 - 1) + v_3*v_4*v_5 + (v_1 - 1)*(v_4*v_5*(v_3 - 1) + v_5*(v_4 - 1) + v_5 - 1)) - (v_11 - 1)*(v_12*(-v_1*(v_4*v_5*(v_3 - 1) + v_5*(v_4 - 1) + v_5 - 1) + v_3*v_4*v_5 + (v_1 - 1)*(v_4*v_5*(v_3 - 1) + v_5*(v_4 - 1) + v_5 - 1)) + (v_12 - 1)*(v_1*(v_4*v_5*(v_3 - 1) + v_5*(v_4 - 1) + v_5 - 1) + v_3*v_4*v_5*(v_1 - 1) - (v_1 - 1)*(v_4*v_5*(v_3 - 1) + v_5*(v_4 - 1) + v_5 - 1))))))) - (v_6 - 1)*(-v_1*(v_4*v_5*(v_3 - 1) + v_5*(v_4 - 1) + v_5 - 1) + v_3*v_4*v_5 + (v_1 - 1)*(v_4*v_5*(v_3 - 1) + v_5*(v_4 - 1) + v_5 - 1))
Post simplification
symp_time: 2.70515775680542
number of sums: 42
number of subs: 68
number of prods: 83
opt_time: 3.8210344314575195
     fun: 4.626452437665116
     jac: array([1., 1., 1., 1., 1., 1., 1., 1., 1., 1.])
 message: 'Optimization terminated successfully'
    nfev: 5
     nit: 5
    njev: 5
  status: 0
 success: True
       x: array([0.07529049, 0.85      , 0.07529049, 0.85      , 0.07529049,
       0.85      , 0.07529049, 0.85      , 0.07529049, 0.85      ])

real	0m10.934s
user	0m10.143s
sys	0m0.620s
Ended at: 
Thu Dec  7 17:57:09 CET 2023
