Started at: 
Thu Dec  7 17:56:11 CET 2023
Instance: 2
[INFO] aspmc: Tree Decomposition #bags: 40 unfolded treewidth: 4 #vertices: 52
[INFO] aspmc: Preprocessing disabled
[INFO] aspmc:    Stats Compilation
[INFO] aspmc: ------------------------------------------------------------
[INFO] aspmc: X/D-Constrained Tree Decomposition #bags: 34 treewidth: 15 #vertices: 78
[INFO] aspmc: Dtree time:               2.032369613647461
[INFO] aspmc: Compilation time:         0.18087124824523926
[INFO] aspmc: Preparation time:         0.00013875961303710938
[INFO] aspmc: Counting time:            16.073193311691284
[INFO] aspmc: ------------------------------------------------------------
[0.97::a0., 0.03::a1., 0.97::a2., 0.03::a3., 0.97::a4., 0.03::a5., 0.97::a6., 0.03::a7., 0.97::a8., 0.03::a9., 0.97::a10., 0.03::a11., 0.97::a12., 0.03::a13., 0.97::a14., 0.03::a15., 0.97::a16., 0.03::a17., 0.97::a18., 0.03::a19., qr:-not a0., qr:-a1,not nqr., nqr:-a1,not qr., qr:-not a2., qr:-a3,not nqr., nqr:-a3,not qr., qr:-not a4., qr:-a5,not nqr., nqr:-a5,not qr., qr:-not a6., qr:-a7,not nqr., nqr:-a7,not qr., qr:-not a8., qr:-a9,not nqr., nqr:-a9,not qr., qr:-not a10., qr:-a11,not nqr., nqr:-a11,not qr., qr:-not a12., qr:-a13,not nqr., nqr:-a13,not qr., qr:-not a14., qr:-a15,not nqr., nqr:-a15,not qr., qr:-not a16., qr:-a17,not nqr., nqr:-a17,not qr., qr:-not a18., qr:-a19,not nqr., nqr:-a19,not qr., query(qr).]
tracc
nnf_construction_time: 19.39760708808899
Pre simplification
number of sums: 73727
number of prods: 129023
len(eq): 56
0.577951262543041*v_1*v_12 - 0.577951262543041*v_1 + 1.0
Post simplification
symp_time: 18.91715955734253
number of sums: 1
number of subs: 1
number of prods: 3
opt_time: 0.05468392372131348
     fun: 1.0
     jac: array([1., 1.])
 message: 'Positive directional derivative for linesearch'
    nfev: 41
     nit: 10
    njev: 6
  status: 8
 success: False
       x: array([0.15, 0.85])

real	0m39.634s
user	0m38.236s
sys	0m1.237s
Instance: 3
[INFO] aspmc: Tree Decomposition #bags: 40 unfolded treewidth: 4 #vertices: 52
[INFO] aspmc: Preprocessing disabled
[INFO] aspmc:    Stats Compilation
[INFO] aspmc: ------------------------------------------------------------
[INFO] aspmc: X/D-Constrained Tree Decomposition #bags: 34 treewidth: 15 #vertices: 78
[INFO] aspmc: Dtree time:               2.0328147411346436
[INFO] aspmc: Compilation time:         0.1832733154296875
[INFO] aspmc: Preparation time:         0.00013184547424316406
[INFO] aspmc: Counting time:            15.993566274642944
[INFO] aspmc: ------------------------------------------------------------
[0.97::a0., 0.03::a1., 0.97::a2., 0.03::a3., 0.97::a4., 0.03::a5., 0.97::a6., 0.03::a7., 0.97::a8., 0.03::a9., 0.97::a10., 0.03::a11., 0.97::a12., 0.03::a13., 0.97::a14., 0.03::a15., 0.97::a16., 0.03::a17., 0.97::a18., 0.03::a19., qr:-not a0., qr:-a1,not nqr., nqr:-a1,not qr., qr:-not a2., qr:-a3,not nqr., nqr:-a3,not qr., qr:-not a4., qr:-a5,not nqr., nqr:-a5,not qr., qr:-not a6., qr:-a7,not nqr., nqr:-a7,not qr., qr:-not a8., qr:-a9,not nqr., nqr:-a9,not qr., qr:-not a10., qr:-a11,not nqr., nqr:-a11,not qr., qr:-not a12., qr:-a13,not nqr., nqr:-a13,not qr., qr:-not a14., qr:-a15,not nqr., nqr:-a15,not qr., qr:-not a16., qr:-a17,not nqr., nqr:-a17,not qr., qr:-not a18., qr:-a19,not nqr., nqr:-a19,not qr., query(qr).]
tracc
nnf_construction_time: 19.31906223297119
Pre simplification
number of sums: 73727
number of prods: 129023
len(eq): 123
0.595826043858805*v_1*v_12*v_3 - 0.595826043858805*v_1*v_3 + 1.11022302462516e-16*v_12*v_3 - 1.11022302462516e-16*v_3 + 1.0
Post simplification
symp_time: 20.036545515060425
number of sums: 2
number of subs: 4
number of prods: 8
opt_time: 0.1074528694152832
     fun: 0.9500000000000007
     jac: array([1., 1., 1.])
 message: 'Optimization terminated successfully'
    nfev: 2
     nit: 2
    njev: 2
  status: 0
 success: True
       x: array([0.05, 0.85, 0.05])

real	0m40.672s
user	0m39.281s
sys	0m1.202s
Instance: 4
[INFO] aspmc: Tree Decomposition #bags: 40 unfolded treewidth: 4 #vertices: 52
[INFO] aspmc: Preprocessing disabled
[INFO] aspmc:    Stats Compilation
[INFO] aspmc: ------------------------------------------------------------
[INFO] aspmc: X/D-Constrained Tree Decomposition #bags: 34 treewidth: 15 #vertices: 78
[INFO] aspmc: Dtree time:               2.0348238945007324
[INFO] aspmc: Compilation time:         0.18263697624206543
[INFO] aspmc: Preparation time:         0.0001327991485595703
[INFO] aspmc: Counting time:            17.23493766784668
[INFO] aspmc: ------------------------------------------------------------
[0.97::a0., 0.03::a1., 0.97::a2., 0.03::a3., 0.97::a4., 0.03::a5., 0.97::a6., 0.03::a7., 0.97::a8., 0.03::a9., 0.97::a10., 0.03::a11., 0.97::a12., 0.03::a13., 0.97::a14., 0.03::a15., 0.97::a16., 0.03::a17., 0.97::a18., 0.03::a19., qr:-not a0., qr:-a1,not nqr., nqr:-a1,not qr., qr:-not a2., qr:-a3,not nqr., nqr:-a3,not qr., qr:-not a4., qr:-a5,not nqr., nqr:-a5,not qr., qr:-not a6., qr:-a7,not nqr., nqr:-a7,not qr., qr:-not a8., qr:-a9,not nqr., nqr:-a9,not qr., qr:-not a10., qr:-a11,not nqr., nqr:-a11,not qr., qr:-not a12., qr:-a13,not nqr., nqr:-a13,not qr., qr:-not a14., qr:-a15,not nqr., nqr:-a15,not qr., qr:-not a16., qr:-a17,not nqr., nqr:-a17,not qr., qr:-not a18., qr:-a19,not nqr., nqr:-a19,not qr., query(qr).]
tracc
nnf_construction_time: 20.569161415100098
Pre simplification
number of sums: 73727
number of prods: 129023
len(eq): 264
-0.614253653462685*v_1*v_12*v_14*v_3 + 0.614253653462685*v_1*v_12*v_3 + 0.614253653462685*v_1*v_14*v_3 - 0.614253653462685*v_1*v_3 - 1.11022302462516e-16*v_12*v_14*v_3 + 1.11022302462516e-16*v_12*v_3 + 1.11022302462516e-16*v_14*v_3 - 1.11022302462516e-16*v_3 + 1.0
Post simplification
symp_time: 19.740264654159546
number of sums: 5
number of subs: 8
number of prods: 20
opt_time: 0.30301618576049805
     fun: 2.0
     jac: array([1., 1., 1., 1.])
 message: 'Positive directional derivative for linesearch'
    nfev: 96
     nit: 15
    njev: 11
  status: 8
 success: False
       x: array([0.15, 0.85, 0.15, 0.85])

real	0m41.799s
user	0m40.353s
sys	0m1.219s
Instance: 5
[INFO] aspmc: Tree Decomposition #bags: 40 unfolded treewidth: 4 #vertices: 52
[INFO] aspmc: Preprocessing disabled
[INFO] aspmc:    Stats Compilation
[INFO] aspmc: ------------------------------------------------------------
[INFO] aspmc: X/D-Constrained Tree Decomposition #bags: 34 treewidth: 15 #vertices: 78
[INFO] aspmc: Dtree time:               2.0331151485443115
[INFO] aspmc: Compilation time:         0.18282794952392578
[INFO] aspmc: Preparation time:         0.00013113021850585938
[INFO] aspmc: Counting time:            15.245357751846313
[INFO] aspmc: ------------------------------------------------------------
[0.97::a0., 0.03::a1., 0.97::a2., 0.03::a3., 0.97::a4., 0.03::a5., 0.97::a6., 0.03::a7., 0.97::a8., 0.03::a9., 0.97::a10., 0.03::a11., 0.97::a12., 0.03::a13., 0.97::a14., 0.03::a15., 0.97::a16., 0.03::a17., 0.97::a18., 0.03::a19., qr:-not a0., qr:-a1,not nqr., nqr:-a1,not qr., qr:-not a2., qr:-a3,not nqr., nqr:-a3,not qr., qr:-not a4., qr:-a5,not nqr., nqr:-a5,not qr., qr:-not a6., qr:-a7,not nqr., nqr:-a7,not qr., qr:-not a8., qr:-a9,not nqr., nqr:-a9,not qr., qr:-not a10., qr:-a11,not nqr., nqr:-a11,not qr., qr:-not a12., qr:-a13,not nqr., nqr:-a13,not qr., qr:-not a14., qr:-a15,not nqr., nqr:-a15,not qr., qr:-not a16., qr:-a17,not nqr., nqr:-a17,not qr., qr:-not a18., qr:-a19,not nqr., nqr:-a19,not qr., query(qr).]
tracc
nnf_construction_time: 18.571609020233154
Pre simplification
number of sums: 73727
number of prods: 129023
len(eq): 296
-0.633251189136789*v_1*v_12*v_14*v_3*v_4 + 0.633251189136789*v_1*v_12*v_3*v_4 + 0.633251189136789*v_1*v_14*v_3*v_4 - 0.633251189136789*v_1*v_3*v_4 - 1.11022302462516e-16*v_12*v_14*v_3*v_4 + 1.11022302462516e-16*v_12*v_3*v_4 + 1.11022302462516e-16*v_14*v_3*v_4 - 1.11022302462516e-16*v_3*v_4 + 1.0
Post simplification
symp_time: 20.250603675842285
number of sums: 5
number of subs: 8
number of prods: 28
opt_time: 0.15717363357543945
     fun: 1.850000000000001
     jac: array([1., 1., 1., 1., 1.])
 message: 'Optimization terminated successfully'
    nfev: 2
     nit: 2
    njev: 2
  status: 0
 success: True
       x: array([0.05, 0.85, 0.05, 0.85, 0.05])

real	0m40.353s
user	0m38.724s
sys	0m1.233s
Instance: 6
[INFO] aspmc: Tree Decomposition #bags: 40 unfolded treewidth: 4 #vertices: 52
[INFO] aspmc: Preprocessing disabled
[INFO] aspmc:    Stats Compilation
[INFO] aspmc: ------------------------------------------------------------
[INFO] aspmc: X/D-Constrained Tree Decomposition #bags: 34 treewidth: 15 #vertices: 78
[INFO] aspmc: Dtree time:               2.032487630844116
[INFO] aspmc: Compilation time:         0.1812763214111328
[INFO] aspmc: Preparation time:         0.0001327991485595703
[INFO] aspmc: Counting time:            15.580149412155151
[INFO] aspmc: ------------------------------------------------------------
[0.97::a0., 0.03::a1., 0.97::a2., 0.03::a3., 0.97::a4., 0.03::a5., 0.97::a6., 0.03::a7., 0.97::a8., 0.03::a9., 0.97::a10., 0.03::a11., 0.97::a12., 0.03::a13., 0.97::a14., 0.03::a15., 0.97::a16., 0.03::a17., 0.97::a18., 0.03::a19., qr:-not a0., qr:-a1,not nqr., nqr:-a1,not qr., qr:-not a2., qr:-a3,not nqr., nqr:-a3,not qr., qr:-not a4., qr:-a5,not nqr., nqr:-a5,not qr., qr:-not a6., qr:-a7,not nqr., nqr:-a7,not qr., qr:-not a8., qr:-a9,not nqr., nqr:-a9,not qr., qr:-not a10., qr:-a11,not nqr., nqr:-a11,not qr., qr:-not a12., qr:-a13,not nqr., nqr:-a13,not qr., qr:-not a14., qr:-a15,not nqr., nqr:-a15,not qr., qr:-not a16., qr:-a17,not nqr., nqr:-a17,not qr., qr:-not a18., qr:-a19,not nqr., nqr:-a19,not qr., query(qr).]
tracc
nnf_construction_time: 18.90582776069641
Pre simplification
number of sums: 73727
number of prods: 129023
len(eq): 627
0.652836277460607*v_1*v_12*v_14*v_15*v_3*v_4 - 0.652836277460607*v_1*v_12*v_14*v_3*v_4 - 0.652836277460607*v_1*v_12*v_15*v_3*v_4 + 0.652836277460607*v_1*v_12*v_3*v_4 - 0.652836277460607*v_1*v_14*v_15*v_3*v_4 + 0.652836277460607*v_1*v_14*v_3*v_4 + 0.652836277460607*v_1*v_15*v_3*v_4 - 0.652836277460607*v_1*v_3*v_4 + 1.11022302462516e-16*v_12*v_14*v_15*v_3*v_4 - 1.11022302462516e-16*v_12*v_14*v_3*v_4 - 1.11022302462516e-16*v_12*v_15*v_3*v_4 + 1.11022302462516e-16*v_12*v_3*v_4 - 1.11022302462516e-16*v_14*v_15*v_3*v_4 + 1.11022302462516e-16*v_14*v_3*v_4 + 1.11022302462516e-16*v_15*v_3*v_4 - 1.11022302462516e-16*v_3*v_4 + 1.0
Post simplification
symp_time: 20.38712453842163
number of sums: 8
number of subs: 16
number of prods: 64
opt_time: 0.4259927272796631
     fun: 2.8264125729459697
     jac: array([1., 1., 1., 1., 1., 1.])
 message: 'Optimization terminated successfully'
    nfev: 5
     nit: 4
    njev: 4
  status: 0
 success: True
       x: array([0.09213752, 0.85      , 0.09213752, 0.85      , 0.09213752,
       0.85      ])

real	0m40.892s
user	0m39.438s
sys	0m1.223s
Instance: 7
[INFO] aspmc: Tree Decomposition #bags: 40 unfolded treewidth: 4 #vertices: 52
[INFO] aspmc: Preprocessing disabled
[INFO] aspmc:    Stats Compilation
[INFO] aspmc: ------------------------------------------------------------
[INFO] aspmc: X/D-Constrained Tree Decomposition #bags: 34 treewidth: 15 #vertices: 78
[INFO] aspmc: Dtree time:               2.033963441848755
[INFO] aspmc: Compilation time:         0.1890096664428711
[INFO] aspmc: Preparation time:         0.00013184547424316406
[INFO] aspmc: Counting time:            15.581562757492065
[INFO] aspmc: ------------------------------------------------------------
[0.97::a0., 0.03::a1., 0.97::a2., 0.03::a3., 0.97::a4., 0.03::a5., 0.97::a6., 0.03::a7., 0.97::a8., 0.03::a9., 0.97::a10., 0.03::a11., 0.97::a12., 0.03::a13., 0.97::a14., 0.03::a15., 0.97::a16., 0.03::a17., 0.97::a18., 0.03::a19., qr:-not a0., qr:-a1,not nqr., nqr:-a1,not qr., qr:-not a2., qr:-a3,not nqr., nqr:-a3,not qr., qr:-not a4., qr:-a5,not nqr., nqr:-a5,not qr., qr:-not a6., qr:-a7,not nqr., nqr:-a7,not qr., qr:-not a8., qr:-a9,not nqr., nqr:-a9,not qr., qr:-not a10., qr:-a11,not nqr., nqr:-a11,not qr., qr:-not a12., qr:-a13,not nqr., nqr:-a13,not qr., qr:-not a14., qr:-a15,not nqr., nqr:-a15,not qr., qr:-not a16., qr:-a17,not nqr., nqr:-a17,not qr., qr:-not a18., qr:-a19,not nqr., nqr:-a19,not qr., query(qr).]
tracc
nnf_construction_time: 18.931090116500854
Pre simplification
number of sums: 73727
number of prods: 129023
len(eq): 691
0.673027090165575*v_1*v_12*v_14*v_15*v_3*v_4*v_5 - 0.673027090165575*v_1*v_12*v_14*v_3*v_4*v_5 - 0.673027090165575*v_1*v_12*v_15*v_3*v_4*v_5 + 0.673027090165575*v_1*v_12*v_3*v_4*v_5 - 0.673027090165575*v_1*v_14*v_15*v_3*v_4*v_5 + 0.673027090165575*v_1*v_14*v_3*v_4*v_5 + 0.673027090165575*v_1*v_15*v_3*v_4*v_5 - 0.673027090165575*v_1*v_3*v_4*v_5 + 1.11022302462516e-16*v_12*v_14*v_15*v_3*v_4*v_5 - 1.11022302462516e-16*v_12*v_14*v_3*v_4*v_5 - 1.11022302462516e-16*v_12*v_15*v_3*v_4*v_5 + 1.11022302462516e-16*v_12*v_3*v_4*v_5 - 1.11022302462516e-16*v_14*v_15*v_3*v_4*v_5 + 1.11022302462516e-16*v_14*v_3*v_4*v_5 + 1.11022302462516e-16*v_15*v_3*v_4*v_5 - 1.11022302462516e-16*v_3*v_4*v_5 + 1.0
Post simplification
symp_time: 20.70993161201477
number of sums: 8
number of subs: 16
number of prods: 80
opt_time: 0.46489834785461426
     fun: 2.7500000000000004
     jac: array([1., 1., 1., 1., 1., 1., 1.])
 message: 'Optimization terminated successfully'
    nfev: 2
     nit: 2
    njev: 2
  status: 0
 success: True
       x: array([0.05, 0.85, 0.05, 0.85, 0.05, 0.85, 0.05])

real	0m41.292s
user	0m39.761s
sys	0m1.301s
Instance: 8
[INFO] aspmc: Tree Decomposition #bags: 40 unfolded treewidth: 4 #vertices: 52
[INFO] aspmc: Preprocessing disabled
[INFO] aspmc:    Stats Compilation
[INFO] aspmc: ------------------------------------------------------------
[INFO] aspmc: X/D-Constrained Tree Decomposition #bags: 34 treewidth: 15 #vertices: 78
[INFO] aspmc: Dtree time:               2.0326366424560547
[INFO] aspmc: Compilation time:         0.1804792881011963
[INFO] aspmc: Preparation time:         0.00013327598571777344
[INFO] aspmc: Counting time:            15.192522525787354
[INFO] aspmc: ------------------------------------------------------------
[0.97::a0., 0.03::a1., 0.97::a2., 0.03::a3., 0.97::a4., 0.03::a5., 0.97::a6., 0.03::a7., 0.97::a8., 0.03::a9., 0.97::a10., 0.03::a11., 0.97::a12., 0.03::a13., 0.97::a14., 0.03::a15., 0.97::a16., 0.03::a17., 0.97::a18., 0.03::a19., qr:-not a0., qr:-a1,not nqr., nqr:-a1,not qr., qr:-not a2., qr:-a3,not nqr., nqr:-a3,not qr., qr:-not a4., qr:-a5,not nqr., nqr:-a5,not qr., qr:-not a6., qr:-a7,not nqr., nqr:-a7,not qr., qr:-not a8., qr:-a9,not nqr., nqr:-a9,not qr., qr:-not a10., qr:-a11,not nqr., nqr:-a11,not qr., qr:-not a12., qr:-a13,not nqr., nqr:-a13,not qr., qr:-not a14., qr:-a15,not nqr., nqr:-a15,not qr., qr:-not a16., qr:-a17,not nqr., nqr:-a17,not qr., qr:-not a18., qr:-a19,not nqr., nqr:-a19,not qr., query(qr).]
tracc
nnf_construction_time: 18.516130685806274
Pre simplification
number of sums: 73727
number of prods: 129023
len(eq): 1098
v_12*(-1.0*v_1*(0.8587340257*v_3*(v_4*(v_5 - 1) + v_4 - 1) + 0.8587340257*v_3 - 1.0) + 0.8587340257*v_3*v_4*v_5 + 1.0*(v_1 - 1)*(0.8587340257*v_3*(v_4*(v_5 - 1) + v_4 - 1) + 0.8587340257*v_3 - 1.0)) - (v_12 - 1)*(v_14*(-1.0*v_1*(0.8587340257*v_3*(v_4*(v_5 - 1) + v_4 - 1) + 0.8587340257*v_3 - 1.0) + 0.8587340257*v_3*v_4*v_5 + 1.0*(v_1 - 1)*(0.8587340257*v_3*(v_4*(v_5 - 1) + v_4 - 1) + 0.8587340257*v_3 - 1.0)) - (v_14 - 1)*(v_15*(-1.0*v_1*(0.8587340257*v_3*(v_4*(v_5 - 1) + v_4 - 1) + 0.8587340257*v_3 - 1.0) + 0.8587340257*v_3*v_4*v_5 + 1.0*(v_1 - 1)*(0.8587340257*v_3*(v_4*(v_5 - 1) + v_4 - 1) + 0.8587340257*v_3 - 1.0)) - (v_15 - 1)*(v_16*(-1.0*v_1*(0.8587340257*v_3*(v_4*(v_5 - 1) + v_4 - 1) + 0.8587340257*v_3 - 1.0) + 0.8587340257*v_3*v_4*v_5 + 1.0*(v_1 - 1)*(0.8587340257*v_3*(v_4*(v_5 - 1) + v_4 - 1) + 0.8587340257*v_3 - 1.0)) + (v_16 - 1)*(1.0*v_1*(0.8587340257*v_3*(v_4*(v_5 - 1) + v_4 - 1) + 0.8587340257*v_3 - 1.0) + 0.71530140308808*v_3*v_4*v_5*(0.97*v_1 - 1.0) - 0.14343262261192*v_3*v_4*v_5 - 1.0*(v_1 - 1)*(0.8587340257*v_3*(v_4*(v_5 - 1) + v_4 - 1) + 0.8587340257*v_3 - 1.0)))))
Post simplification
symp_time: 21.618747234344482
number of sums: 30
number of subs: 49
number of prods: 88
opt_time: 0.49779748916625977
     fun: 3.600000000000003
     jac: array([1., 1., 1., 1., 1., 1., 1., 1.])
 message: 'Optimization terminated successfully'
    nfev: 2
     nit: 2
    njev: 2
  status: 0
 success: True
       x: array([0.05, 0.85, 0.05, 0.85, 0.05, 0.85, 0.05, 0.85])

real	0m41.825s
user	0m40.219s
sys	0m1.372s
Instance: 9
[INFO] aspmc: Tree Decomposition #bags: 40 unfolded treewidth: 4 #vertices: 52
[INFO] aspmc: Preprocessing disabled
[INFO] aspmc:    Stats Compilation
[INFO] aspmc: ------------------------------------------------------------
[INFO] aspmc: X/D-Constrained Tree Decomposition #bags: 34 treewidth: 15 #vertices: 78
[INFO] aspmc: Dtree time:               2.032682418823242
[INFO] aspmc: Compilation time:         0.18087172508239746
[INFO] aspmc: Preparation time:         0.00013875961303710938
[INFO] aspmc: Counting time:            15.525284051895142
[INFO] aspmc: ------------------------------------------------------------
[0.97::a0., 0.03::a1., 0.97::a2., 0.03::a3., 0.97::a4., 0.03::a5., 0.97::a6., 0.03::a7., 0.97::a8., 0.03::a9., 0.97::a10., 0.03::a11., 0.97::a12., 0.03::a13., 0.97::a14., 0.03::a15., 0.97::a16., 0.03::a17., 0.97::a18., 0.03::a19., qr:-not a0., qr:-a1,not nqr., nqr:-a1,not qr., qr:-not a2., qr:-a3,not nqr., nqr:-a3,not qr., qr:-not a4., qr:-a5,not nqr., nqr:-a5,not qr., qr:-not a6., qr:-a7,not nqr., nqr:-a7,not qr., qr:-not a8., qr:-a9,not nqr., nqr:-a9,not qr., qr:-not a10., qr:-a11,not nqr., nqr:-a11,not qr., qr:-not a12., qr:-a13,not nqr., nqr:-a13,not qr., qr:-not a14., qr:-a15,not nqr., nqr:-a15,not qr., qr:-not a16., qr:-a17,not nqr., nqr:-a17,not qr., qr:-not a18., qr:-a19,not nqr., nqr:-a19,not qr., query(qr).]
tracc
nnf_construction_time: 18.84923791885376
Pre simplification
number of sums: 73727
number of prods: 129023
len(eq): 1416
v_12*(-1.0*v_1*(0.88529281*v_3*v_6*(v_4*(v_5 - 1) + v_4 - 1) + 0.912673*v_6*(0.97*v_3 - 1.0) + 0.912673*v_6 - 1.0) + 0.88529281*v_3*v_4*v_5*v_6 + 1.0*(v_1 - 1)*(0.88529281*v_3*v_6*(v_4*(v_5 - 1) + v_4 - 1) + 0.912673*v_6*(0.97*v_3 - 1.0) + 0.912673*v_6 - 1.0)) - (v_12 - 1)*(v_14*(-1.0*v_1*(0.88529281*v_3*v_6*(v_4*(v_5 - 1) + v_4 - 1) + 0.912673*v_6*(0.97*v_3 - 1.0) + 0.912673*v_6 - 1.0) + 0.88529281*v_3*v_4*v_5*v_6 + 1.0*(v_1 - 1)*(0.88529281*v_3*v_6*(v_4*(v_5 - 1) + v_4 - 1) + 0.912673*v_6*(0.97*v_3 - 1.0) + 0.912673*v_6 - 1.0)) - (v_14 - 1)*(v_15*(-1.0*v_1*(0.88529281*v_3*v_6*(v_4*(v_5 - 1) + v_4 - 1) + 0.912673*v_6*(0.97*v_3 - 1.0) + 0.912673*v_6 - 1.0) + 0.88529281*v_3*v_4*v_5*v_6 + 1.0*(v_1 - 1)*(0.88529281*v_3*v_6*(v_4*(v_5 - 1) + v_4 - 1) + 0.912673*v_6*(0.97*v_3 - 1.0) + 0.912673*v_6 - 1.0)) - (v_15 - 1)*(v_16*(-1.0*v_1*(0.88529281*v_3*v_6*(v_4*(v_5 - 1) + v_4 - 1) + 0.912673*v_6*(0.97*v_3 - 1.0) + 0.912673*v_6 - 1.0) + 0.88529281*v_3*v_4*v_5*v_6 + 1.0*(v_1 - 1)*(0.88529281*v_3*v_6*(v_4*(v_5 - 1) + v_4 - 1) + 0.912673*v_6*(0.97*v_3 - 1.0) + 0.912673*v_6 - 1.0)) + (v_16 - 1)*(1.0*v_1*(0.88529281*v_3*v_6*(v_4*(v_5 - 1) + v_4 - 1) + 0.912673*v_6*(0.97*v_3 - 1.0) + 0.912673*v_6 - 1.0) + 0.737424126894928*v_3*v_4*v_5*v_6*(0.97*v_1 - 1.0) - 0.147868683105072*v_3*v_4*v_5*v_6 - 1.0*(v_1 - 1)*(0.88529281*v_3*v_6*(v_4*(v_5 - 1) + v_4 - 1) + 0.912673*v_6*(0.97*v_3 - 1.0) + 0.912673*v_6 - 1.0)))))
Post simplification
symp_time: 21.99639320373535
number of sums: 40
number of subs: 59
number of prods: 134
opt_time: 0.6926164627075195
     fun: 3.6500000000000044
     jac: array([1., 1., 1., 1., 1., 1., 1., 1., 1.])
 message: 'Optimization terminated successfully'
    nfev: 2
     nit: 2
    njev: 2
  status: 0
 success: True
       x: array([0.05, 0.85, 0.05, 0.85, 0.05, 0.85, 0.05, 0.85, 0.05])

real	0m42.721s
user	0m41.188s
sys	0m1.309s
Instance: 10
[INFO] aspmc: Tree Decomposition #bags: 40 unfolded treewidth: 4 #vertices: 52
[INFO] aspmc: Preprocessing disabled
[INFO] aspmc:    Stats Compilation
[INFO] aspmc: ------------------------------------------------------------
[INFO] aspmc: X/D-Constrained Tree Decomposition #bags: 34 treewidth: 15 #vertices: 78
[INFO] aspmc: Dtree time:               2.0326483249664307
[INFO] aspmc: Compilation time:         0.18282628059387207
[INFO] aspmc: Preparation time:         0.0001361370086669922
[INFO] aspmc: Counting time:            16.263111114501953
[INFO] aspmc: ------------------------------------------------------------
[0.97::a0., 0.03::a1., 0.97::a2., 0.03::a3., 0.97::a4., 0.03::a5., 0.97::a6., 0.03::a7., 0.97::a8., 0.03::a9., 0.97::a10., 0.03::a11., 0.97::a12., 0.03::a13., 0.97::a14., 0.03::a15., 0.97::a16., 0.03::a17., 0.97::a18., 0.03::a19., qr:-not a0., qr:-a1,not nqr., nqr:-a1,not qr., qr:-not a2., qr:-a3,not nqr., nqr:-a3,not qr., qr:-not a4., qr:-a5,not nqr., nqr:-a5,not qr., qr:-not a6., qr:-a7,not nqr., nqr:-a7,not qr., qr:-not a8., qr:-a9,not nqr., nqr:-a9,not qr., qr:-not a10., qr:-a11,not nqr., nqr:-a11,not qr., qr:-not a12., qr:-a13,not nqr., nqr:-a13,not qr., qr:-not a14., qr:-a15,not nqr., nqr:-a15,not qr., qr:-not a16., qr:-a17,not nqr., nqr:-a17,not qr., qr:-not a18., qr:-a19,not nqr., nqr:-a19,not qr., query(qr).]
tracc
nnf_construction_time: 19.58851432800293
Pre simplification
number of sums: 73727
number of prods: 129023
len(eq): 1692
v_12*(-1.0*v_1*(0.88529281*v_3*v_6*(v_4*(v_5 - 1) + v_4 - 1) + 0.912673*v_6*(0.97*v_3 - 1.0) + 0.912673*v_6 - 1.0) + 0.88529281*v_3*v_4*v_5*v_6 + 1.0*(v_1 - 1)*(0.88529281*v_3*v_6*(v_4*(v_5 - 1) + v_4 - 1) + 0.912673*v_6*(0.97*v_3 - 1.0) + 0.912673*v_6 - 1.0)) - (v_12 - 1)*(v_14*(-1.0*v_1*(0.88529281*v_3*v_6*(v_4*(v_5 - 1) + v_4 - 1) + 0.912673*v_6*(0.97*v_3 - 1.0) + 0.912673*v_6 - 1.0) + 0.88529281*v_3*v_4*v_5*v_6 + 1.0*(v_1 - 1)*(0.88529281*v_3*v_6*(v_4*(v_5 - 1) + v_4 - 1) + 0.912673*v_6*(0.97*v_3 - 1.0) + 0.912673*v_6 - 1.0)) - (v_14 - 1)*(v_15*(-1.0*v_1*(0.88529281*v_3*v_6*(v_4*(v_5 - 1) + v_4 - 1) + 0.912673*v_6*(0.97*v_3 - 1.0) + 0.912673*v_6 - 1.0) + 0.88529281*v_3*v_4*v_5*v_6 + 1.0*(v_1 - 1)*(0.88529281*v_3*v_6*(v_4*(v_5 - 1) + v_4 - 1) + 0.912673*v_6*(0.97*v_3 - 1.0) + 0.912673*v_6 - 1.0)) - (v_15 - 1)*(v_16*(-1.0*v_1*(0.88529281*v_3*v_6*(v_4*(v_5 - 1) + v_4 - 1) + 0.912673*v_6*(0.97*v_3 - 1.0) + 0.912673*v_6 - 1.0) + 0.88529281*v_3*v_4*v_5*v_6 + 1.0*(v_1 - 1)*(0.88529281*v_3*v_6*(v_4*(v_5 - 1) + v_4 - 1) + 0.912673*v_6*(0.97*v_3 - 1.0) + 0.912673*v_6 - 1.0)) - (v_16 - 1)*(v_17*(-1.0*v_1*(0.88529281*v_3*v_6*(v_4*(v_5 - 1) + v_4 - 1) + 0.912673*v_6*(0.97*v_3 - 1.0) + 0.912673*v_6 - 1.0) + 0.88529281*v_3*v_4*v_5*v_6 + 1.0*(v_1 - 1)*(0.88529281*v_3*v_6*(v_4*(v_5 - 1) + v_4 - 1) + 0.912673*v_6*(0.97*v_3 - 1.0) + 0.912673*v_6 - 1.0)) + (v_17 - 1)*(1.0*v_1*(0.88529281*v_3*v_6*(v_4*(v_5 - 1) + v_4 - 1) + 0.912673*v_6*(0.97*v_3 - 1.0) + 0.912673*v_6 - 1.0) + 0.760231058654565*v_3*v_4*v_5*v_6*(0.97*v_1 - 1.0) - 0.125061751345435*v_3*v_4*v_5*v_6 - 1.0*(v_1 - 1)*(0.88529281*v_3*v_6*(v_4*(v_5 - 1) + v_4 - 1) + 0.912673*v_6*(0.97*v_3 - 1.0) + 0.912673*v_6 - 1.0))))))
Post simplification
symp_time: 23.525252103805542
number of sums: 48
number of subs: 71
number of prods: 160
opt_time: 0.8558239936828613
     fun: 4.499999999999999
     jac: array([1., 1., 1., 1., 1., 1., 1., 1., 1., 1.])
 message: 'Optimization terminated successfully'
    nfev: 2
     nit: 2
    njev: 2
  status: 0
 success: True
       x: array([0.05, 0.85, 0.05, 0.85, 0.05, 0.85, 0.05, 0.85, 0.05, 0.85])

real	0m45.159s
user	0m43.626s
sys	0m1.313s
Instance: 11
[INFO] aspmc: Tree Decomposition #bags: 40 unfolded treewidth: 4 #vertices: 52
[INFO] aspmc: Preprocessing disabled
[INFO] aspmc:    Stats Compilation
[INFO] aspmc: ------------------------------------------------------------
[INFO] aspmc: X/D-Constrained Tree Decomposition #bags: 34 treewidth: 15 #vertices: 78
[INFO] aspmc: Dtree time:               2.032630681991577
[INFO] aspmc: Compilation time:         0.18113398551940918
[INFO] aspmc: Preparation time:         0.00013947486877441406
[INFO] aspmc: Counting time:            15.537502765655518
[INFO] aspmc: ------------------------------------------------------------
[0.97::a0., 0.03::a1., 0.97::a2., 0.03::a3., 0.97::a4., 0.03::a5., 0.97::a6., 0.03::a7., 0.97::a8., 0.03::a9., 0.97::a10., 0.03::a11., 0.97::a12., 0.03::a13., 0.97::a14., 0.03::a15., 0.97::a16., 0.03::a17., 0.97::a18., 0.03::a19., qr:-not a0., qr:-a1,not nqr., nqr:-a1,not qr., qr:-not a2., qr:-a3,not nqr., nqr:-a3,not qr., qr:-not a4., qr:-a5,not nqr., nqr:-a5,not qr., qr:-not a6., qr:-a7,not nqr., nqr:-a7,not qr., qr:-not a8., qr:-a9,not nqr., nqr:-a9,not qr., qr:-not a10., qr:-a11,not nqr., nqr:-a11,not qr., qr:-not a12., qr:-a13,not nqr., nqr:-a13,not qr., qr:-not a14., qr:-a15,not nqr., nqr:-a15,not qr., qr:-not a16., qr:-a17,not nqr., nqr:-a17,not qr., qr:-not a18., qr:-a19,not nqr., nqr:-a19,not qr., query(qr).]
tracc
nnf_construction_time: 18.86790657043457
Pre simplification
number of sums: 73727
number of prods: 129023
len(eq): 2010
v_12*(-1.0*v_1*(0.912673*v_3*v_6*v_7*(v_4*(v_5 - 1) + v_4 - 1) + 0.9409*v_6*v_7*(0.97*v_3 - 1.0) + 0.9409*v_6*(v_7 - 1) + 0.9409*v_6 - 1.0) + 0.912673*v_3*v_4*v_5*v_6*v_7 + 1.0*(v_1 - 1)*(0.912673*v_3*v_6*v_7*(v_4*(v_5 - 1) + v_4 - 1) + 0.9409*v_6*v_7*(0.97*v_3 - 1.0) + 0.9409*v_6*(v_7 - 1) + 0.9409*v_6 - 1.0)) - (v_12 - 1)*(v_14*(-1.0*v_1*(0.912673*v_3*v_6*v_7*(v_4*(v_5 - 1) + v_4 - 1) + 0.9409*v_6*v_7*(0.97*v_3 - 1.0) + 0.9409*v_6*(v_7 - 1) + 0.9409*v_6 - 1.0) + 0.912673*v_3*v_4*v_5*v_6*v_7 + 1.0*(v_1 - 1)*(0.912673*v_3*v_6*v_7*(v_4*(v_5 - 1) + v_4 - 1) + 0.9409*v_6*v_7*(0.97*v_3 - 1.0) + 0.9409*v_6*(v_7 - 1) + 0.9409*v_6 - 1.0)) - (v_14 - 1)*(v_15*(-1.0*v_1*(0.912673*v_3*v_6*v_7*(v_4*(v_5 - 1) + v_4 - 1) + 0.9409*v_6*v_7*(0.97*v_3 - 1.0) + 0.9409*v_6*(v_7 - 1) + 0.9409*v_6 - 1.0) + 0.912673*v_3*v_4*v_5*v_6*v_7 + 1.0*(v_1 - 1)*(0.912673*v_3*v_6*v_7*(v_4*(v_5 - 1) + v_4 - 1) + 0.9409*v_6*v_7*(0.97*v_3 - 1.0) + 0.9409*v_6*(v_7 - 1) + 0.9409*v_6 - 1.0)) - (v_15 - 1)*(v_16*(-1.0*v_1*(0.912673*v_3*v_6*v_7*(v_4*(v_5 - 1) + v_4 - 1) + 0.9409*v_6*v_7*(0.97*v_3 - 1.0) + 0.9409*v_6*(v_7 - 1) + 0.9409*v_6 - 1.0) + 0.912673*v_3*v_4*v_5*v_6*v_7 + 1.0*(v_1 - 1)*(0.912673*v_3*v_6*v_7*(v_4*(v_5 - 1) + v_4 - 1) + 0.9409*v_6*v_7*(0.97*v_3 - 1.0) + 0.9409*v_6*(v_7 - 1) + 0.9409*v_6 - 1.0)) - (v_16 - 1)*(v_17*(-1.0*v_1*(0.912673*v_3*v_6*v_7*(v_4*(v_5 - 1) + v_4 - 1) + 0.9409*v_6*v_7*(0.97*v_3 - 1.0) + 0.9409*v_6*(v_7 - 1) + 0.9409*v_6 - 1.0) + 0.912673*v_3*v_4*v_5*v_6*v_7 + 1.0*(v_1 - 1)*(0.912673*v_3*v_6*v_7*(v_4*(v_5 - 1) + v_4 - 1) + 0.9409*v_6*v_7*(0.97*v_3 - 1.0) + 0.9409*v_6*(v_7 - 1) + 0.9409*v_6 - 1.0)) + (v_17 - 1)*(1.0*v_1*(0.912673*v_3*v_6*v_7*(v_4*(v_5 - 1) + v_4 - 1) + 0.9409*v_6*v_7*(0.97*v_3 - 1.0) + 0.9409*v_6*(v_7 - 1) + 0.9409*v_6 - 1.0) + 0.783743359437696*v_3*v_4*v_5*v_6*v_7*(0.97*v_1 - 1.0) - 0.128929640562304*v_3*v_4*v_5*v_6*v_7 - 1.0*(v_1 - 1)*(0.912673*v_3*v_6*v_7*(v_4*(v_5 - 1) + v_4 - 1) + 0.9409*v_6*v_7*(0.97*v_3 - 1.0) + 0.9409*v_6*(v_7 - 1) + 0.9409*v_6 - 1.0))))))
Post simplification
symp_time: 23.969243049621582
number of sums: 60
number of subs: 83
number of prods: 215
opt_time: 1.1261413097381592
     fun: 4.550000000000002
     jac: array([1., 1., 1., 1., 1., 1., 1., 1., 1., 1., 1.])
 message: 'Optimization terminated successfully'
    nfev: 2
     nit: 2
    njev: 2
  status: 0
 success: True
       x: array([0.05, 0.85, 0.05, 0.85, 0.05, 0.85, 0.05, 0.85, 0.05, 0.85, 0.05])

real	0m45.111s
user	0m43.558s
sys	0m1.355s
Instance: 12
[INFO] aspmc: Tree Decomposition #bags: 40 unfolded treewidth: 4 #vertices: 52
[INFO] aspmc: Preprocessing disabled
[INFO] aspmc:    Stats Compilation
[INFO] aspmc: ------------------------------------------------------------
[INFO] aspmc: X/D-Constrained Tree Decomposition #bags: 34 treewidth: 15 #vertices: 78
[INFO] aspmc: Dtree time:               2.032548189163208
[INFO] aspmc: Compilation time:         0.18175745010375977
[INFO] aspmc: Preparation time:         0.0001392364501953125
[INFO] aspmc: Counting time:            14.90619969367981
[INFO] aspmc: ------------------------------------------------------------
[0.97::a0., 0.03::a1., 0.97::a2., 0.03::a3., 0.97::a4., 0.03::a5., 0.97::a6., 0.03::a7., 0.97::a8., 0.03::a9., 0.97::a10., 0.03::a11., 0.97::a12., 0.03::a13., 0.97::a14., 0.03::a15., 0.97::a16., 0.03::a17., 0.97::a18., 0.03::a19., qr:-not a0., qr:-a1,not nqr., nqr:-a1,not qr., qr:-not a2., qr:-a3,not nqr., nqr:-a3,not qr., qr:-not a4., qr:-a5,not nqr., nqr:-a5,not qr., qr:-not a6., qr:-a7,not nqr., nqr:-a7,not qr., qr:-not a8., qr:-a9,not nqr., nqr:-a9,not qr., qr:-not a10., qr:-a11,not nqr., nqr:-a11,not qr., qr:-not a12., qr:-a13,not nqr., nqr:-a13,not qr., qr:-not a14., qr:-a15,not nqr., nqr:-a15,not qr., qr:-not a16., qr:-a17,not nqr., nqr:-a17,not qr., qr:-not a18., qr:-a19,not nqr., nqr:-a19,not qr., query(qr).]
tracc
nnf_construction_time: 18.231794118881226
Pre simplification
number of sums: 73727
number of prods: 129023
len(eq): 2336
v_12*(-1.0*v_1*(0.912673*v_3*v_6*v_7*(v_4*(v_5 - 1) + v_4 - 1) + 0.9409*v_6*v_7*(0.97*v_3 - 1.0) + 0.9409*v_6*(v_7 - 1) + 0.9409*v_6 - 1.0) + 0.912673*v_3*v_4*v_5*v_6*v_7 + 1.0*(v_1 - 1)*(0.912673*v_3*v_6*v_7*(v_4*(v_5 - 1) + v_4 - 1) + 0.9409*v_6*v_7*(0.97*v_3 - 1.0) + 0.9409*v_6*(v_7 - 1) + 0.9409*v_6 - 1.0)) - (v_12 - 1)*(v_14*(-1.0*v_1*(0.912673*v_3*v_6*v_7*(v_4*(v_5 - 1) + v_4 - 1) + 0.9409*v_6*v_7*(0.97*v_3 - 1.0) + 0.9409*v_6*(v_7 - 1) + 0.9409*v_6 - 1.0) + 0.912673*v_3*v_4*v_5*v_6*v_7 + 1.0*(v_1 - 1)*(0.912673*v_3*v_6*v_7*(v_4*(v_5 - 1) + v_4 - 1) + 0.9409*v_6*v_7*(0.97*v_3 - 1.0) + 0.9409*v_6*(v_7 - 1) + 0.9409*v_6 - 1.0)) - (v_14 - 1)*(v_15*(-1.0*v_1*(0.912673*v_3*v_6*v_7*(v_4*(v_5 - 1) + v_4 - 1) + 0.9409*v_6*v_7*(0.97*v_3 - 1.0) + 0.9409*v_6*(v_7 - 1) + 0.9409*v_6 - 1.0) + 0.912673*v_3*v_4*v_5*v_6*v_7 + 1.0*(v_1 - 1)*(0.912673*v_3*v_6*v_7*(v_4*(v_5 - 1) + v_4 - 1) + 0.9409*v_6*v_7*(0.97*v_3 - 1.0) + 0.9409*v_6*(v_7 - 1) + 0.9409*v_6 - 1.0)) - (v_15 - 1)*(v_16*(-1.0*v_1*(0.912673*v_3*v_6*v_7*(v_4*(v_5 - 1) + v_4 - 1) + 0.9409*v_6*v_7*(0.97*v_3 - 1.0) + 0.9409*v_6*(v_7 - 1) + 0.9409*v_6 - 1.0) + 0.912673*v_3*v_4*v_5*v_6*v_7 + 1.0*(v_1 - 1)*(0.912673*v_3*v_6*v_7*(v_4*(v_5 - 1) + v_4 - 1) + 0.9409*v_6*v_7*(0.97*v_3 - 1.0) + 0.9409*v_6*(v_7 - 1) + 0.9409*v_6 - 1.0)) - (v_16 - 1)*(v_17*(-1.0*v_1*(0.912673*v_3*v_6*v_7*(v_4*(v_5 - 1) + v_4 - 1) + 0.9409*v_6*v_7*(0.97*v_3 - 1.0) + 0.9409*v_6*(v_7 - 1) + 0.9409*v_6 - 1.0) + 0.912673*v_3*v_4*v_5*v_6*v_7 + 1.0*(v_1 - 1)*(0.912673*v_3*v_6*v_7*(v_4*(v_5 - 1) + v_4 - 1) + 0.9409*v_6*v_7*(0.97*v_3 - 1.0) + 0.9409*v_6*(v_7 - 1) + 0.9409*v_6 - 1.0)) - (v_17 - 1)*(v_18*(-1.0*v_1*(0.912673*v_3*v_6*v_7*(v_4*(v_5 - 1) + v_4 - 1) + 0.9409*v_6*v_7*(0.97*v_3 - 1.0) + 0.9409*v_6*(v_7 - 1) + 0.9409*v_6 - 1.0) + 0.912673*v_3*v_4*v_5*v_6*v_7 + 1.0*(v_1 - 1)*(0.912673*v_3*v_6*v_7*(v_4*(v_5 - 1) + v_4 - 1) + 0.9409*v_6*v_7*(0.97*v_3 - 1.0) + 0.9409*v_6*(v_7 - 1) + 0.9409*v_6 - 1.0)) + (v_18 - 1)*(1.0*v_1*(0.912673*v_3*v_6*v_7*(v_4*(v_5 - 1) + v_4 - 1) + 0.9409*v_6*v_7*(0.97*v_3 - 1.0) + 0.9409*v_6*(v_7 - 1) + 0.9409*v_6 - 1.0) + 0.80798284478113*v_3*v_4*v_5*v_6*v_7*(0.97*v_1 - 1.0) - 0.10469015521887*v_3*v_4*v_5*v_6*v_7 - 1.0*(v_1 - 1)*(0.912673*v_3*v_6*v_7*(v_4*(v_5 - 1) + v_4 - 1) + 0.9409*v_6*v_7*(0.97*v_3 - 1.0) + 0.9409*v_6*(v_7 - 1) + 0.9409*v_6 - 1.0)))))))
Post simplification
symp_time: 27.107596397399902
number of sums: 70
number of subs: 97
number of prods: 250
opt_time: 1.40324068069458
     fun: 5.400000000000019
     jac: array([1., 1., 1., 1., 1., 1., 1., 1., 1., 1., 1., 1.])
 message: 'Optimization terminated successfully'
    nfev: 2
     nit: 2
    njev: 2
  status: 0
 success: True
       x: array([0.05, 0.85, 0.05, 0.85, 0.05, 0.85, 0.05, 0.85, 0.05, 0.85, 0.05,
       0.85])

real	0m47.962s
user	0m46.423s
sys	0m1.322s
Instance: 13
[INFO] aspmc: Tree Decomposition #bags: 40 unfolded treewidth: 4 #vertices: 52
[INFO] aspmc: Preprocessing disabled
[INFO] aspmc:    Stats Compilation
[INFO] aspmc: ------------------------------------------------------------
[INFO] aspmc: X/D-Constrained Tree Decomposition #bags: 34 treewidth: 15 #vertices: 78
[INFO] aspmc: Dtree time:               2.0365138053894043
[INFO] aspmc: Compilation time:         0.18354344367980957
[INFO] aspmc: Preparation time:         0.00013065338134765625
[INFO] aspmc: Counting time:            15.639026641845703
[INFO] aspmc: ------------------------------------------------------------
[0.97::a0., 0.03::a1., 0.97::a2., 0.03::a3., 0.97::a4., 0.03::a5., 0.97::a6., 0.03::a7., 0.97::a8., 0.03::a9., 0.97::a10., 0.03::a11., 0.97::a12., 0.03::a13., 0.97::a14., 0.03::a15., 0.97::a16., 0.03::a17., 0.97::a18., 0.03::a19., qr:-not a0., qr:-a1,not nqr., nqr:-a1,not qr., qr:-not a2., qr:-a3,not nqr., nqr:-a3,not qr., qr:-not a4., qr:-a5,not nqr., nqr:-a5,not qr., qr:-not a6., qr:-a7,not nqr., nqr:-a7,not qr., qr:-not a8., qr:-a9,not nqr., nqr:-a9,not qr., qr:-not a10., qr:-a11,not nqr., nqr:-a11,not qr., qr:-not a12., qr:-a13,not nqr., nqr:-a13,not qr., qr:-not a14., qr:-a15,not nqr., nqr:-a15,not qr., qr:-not a16., qr:-a17,not nqr., nqr:-a17,not qr., qr:-not a18., qr:-a19,not nqr., nqr:-a19,not qr., query(qr).]
tracc
nnf_construction_time: 18.98450231552124
Pre simplification
number of sums: 73727
number of prods: 129023
len(eq): 2884
v_12*(-1.0*v_1*(0.9409*v_3*v_6*v_7*v_8*(v_4*(v_5 - 1) + v_4 - 1) + 0.97*v_6*v_7*v_8*(0.97*v_3 - 1.0) + 0.97*v_6*v_8*(v_7 - 1) - 0.03*v_6*v_8 + 1.0*v_8*(v_6 - 1) + 1.0*v_8 - 1.0) + 0.9409*v_3*v_4*v_5*v_6*v_7*v_8 + 1.0*(v_1 - 1)*(0.9409*v_3*v_6*v_7*v_8*(v_4*(v_5 - 1) + v_4 - 1) + 0.97*v_6*v_7*v_8*(0.97*v_3 - 1.0) + 0.97*v_6*v_8*(v_7 - 1) - 0.03*v_6*v_8 + 1.0*v_8*(v_6 - 1) + 1.0*v_8 - 1.0)) - (v_12 - 1)*(v_14*(-1.0*v_1*(0.9409*v_3*v_6*v_7*v_8*(v_4*(v_5 - 1) + v_4 - 1) + 0.97*v_6*v_7*v_8*(0.97*v_3 - 1.0) + 0.97*v_6*v_8*(v_7 - 1) - 0.03*v_6*v_8 + 1.0*v_8*(v_6 - 1) + 1.0*v_8 - 1.0) + 0.9409*v_3*v_4*v_5*v_6*v_7*v_8 + 1.0*(v_1 - 1)*(0.9409*v_3*v_6*v_7*v_8*(v_4*(v_5 - 1) + v_4 - 1) + 0.97*v_6*v_7*v_8*(0.97*v_3 - 1.0) + 0.97*v_6*v_8*(v_7 - 1) - 0.03*v_6*v_8 + 1.0*v_8*(v_6 - 1) + 1.0*v_8 - 1.0)) - (v_14 - 1)*(v_15*(-1.0*v_1*(0.9409*v_3*v_6*v_7*v_8*(v_4*(v_5 - 1) + v_4 - 1) + 0.97*v_6*v_7*v_8*(0.97*v_3 - 1.0) + 0.97*v_6*v_8*(v_7 - 1) - 0.03*v_6*v_8 + 1.0*v_8*(v_6 - 1) + 1.0*v_8 - 1.0) + 0.9409*v_3*v_4*v_5*v_6*v_7*v_8 + 1.0*(v_1 - 1)*(0.9409*v_3*v_6*v_7*v_8*(v_4*(v_5 - 1) + v_4 - 1) + 0.97*v_6*v_7*v_8*(0.97*v_3 - 1.0) + 0.97*v_6*v_8*(v_7 - 1) - 0.03*v_6*v_8 + 1.0*v_8*(v_6 - 1) + 1.0*v_8 - 1.0)) - (v_15 - 1)*(v_16*(-1.0*v_1*(0.9409*v_3*v_6*v_7*v_8*(v_4*(v_5 - 1) + v_4 - 1) + 0.97*v_6*v_7*v_8*(0.97*v_3 - 1.0) + 0.97*v_6*v_8*(v_7 - 1) - 0.03*v_6*v_8 + 1.0*v_8*(v_6 - 1) + 1.0*v_8 - 1.0) + 0.9409*v_3*v_4*v_5*v_6*v_7*v_8 + 1.0*(v_1 - 1)*(0.9409*v_3*v_6*v_7*v_8*(v_4*(v_5 - 1) + v_4 - 1) + 0.97*v_6*v_7*v_8*(0.97*v_3 - 1.0) + 0.97*v_6*v_8*(v_7 - 1) - 0.03*v_6*v_8 + 1.0*v_8*(v_6 - 1) + 1.0*v_8 - 1.0)) - (v_16 - 1)*(v_17*(-1.0*v_1*(0.9409*v_3*v_6*v_7*v_8*(v_4*(v_5 - 1) + v_4 - 1) + 0.97*v_6*v_7*v_8*(0.97*v_3 - 1.0) + 0.97*v_6*v_8*(v_7 - 1) - 0.03*v_6*v_8 + 1.0*v_8*(v_6 - 1) + 1.0*v_8 - 1.0) + 0.9409*v_3*v_4*v_5*v_6*v_7*v_8 + 1.0*(v_1 - 1)*(0.9409*v_3*v_6*v_7*v_8*(v_4*(v_5 - 1) + v_4 - 1) + 0.97*v_6*v_7*v_8*(0.97*v_3 - 1.0) + 0.97*v_6*v_8*(v_7 - 1) - 0.03*v_6*v_8 + 1.0*v_8*(v_6 - 1) + 1.0*v_8 - 1.0)) - (v_17 - 1)*(v_18*(-1.0*v_1*(0.9409*v_3*v_6*v_7*v_8*(v_4*(v_5 - 1) + v_4 - 1) + 0.97*v_6*v_7*v_8*(0.97*v_3 - 1.0) + 0.97*v_6*v_8*(v_7 - 1) - 0.03*v_6*v_8 + 1.0*v_8*(v_6 - 1) + 1.0*v_8 - 1.0) + 0.9409*v_3*v_4*v_5*v_6*v_7*v_8 + 1.0*(v_1 - 1)*(0.9409*v_3*v_6*v_7*v_8*(v_4*(v_5 - 1) + v_4 - 1) + 0.97*v_6*v_7*v_8*(0.97*v_3 - 1.0) + 0.97*v_6*v_8*(v_7 - 1) - 0.03*v_6*v_8 + 1.0*v_8*(v_6 - 1) + 1.0*v_8 - 1.0)) + (v_18 - 1)*(1.0*v_1*(0.9409*v_3*v_6*v_7*v_8*(v_4*(v_5 - 1) + v_4 - 1) + 0.97*v_6*v_7*v_8*(0.97*v_3 - 1.0) + 0.97*v_6*v_8*(v_7 - 1) - 0.03*v_6*v_8 + 1.0*v_8*(v_6 - 1) + 1.0*v_8 - 1.0) + 0.832972004929*v_3*v_4*v_5*v_6*v_7*v_8*(0.97*v_1 - 1.0) - 0.107927995071*v_3*v_4*v_5*v_6*v_7*v_8 - 1.0*(v_1 - 1)*(0.9409*v_3*v_6*v_7*v_8*(v_4*(v_5 - 1) + v_4 - 1) + 0.97*v_6*v_7*v_8*(0.97*v_3 - 1.0) + 0.97*v_6*v_8*(v_7 - 1) - 0.03*v_6*v_8 + 1.0*v_8*(v_6 - 1) + 1.0*v_8 - 1.0)))))))
Post simplification
symp_time: 28.86308717727661
number of sums: 84
number of subs: 125
number of prods: 356
opt_time: 1.8590693473815918
     fun: 5.449999999999998
     jac: array([1., 1., 1., 1., 1., 1., 1., 1., 1., 1., 1., 1., 1.])
 message: 'Optimization terminated successfully'
    nfev: 2
     nit: 2
    njev: 2
  status: 0
 success: True
       x: array([0.05, 0.85, 0.05, 0.85, 0.05, 0.85, 0.05, 0.85, 0.05, 0.85, 0.05,
       0.85, 0.05])

real	0m50.976s
user	0m49.319s
sys	0m1.433s
Instance: 14
[INFO] aspmc: Tree Decomposition #bags: 40 unfolded treewidth: 4 #vertices: 52
[INFO] aspmc: Preprocessing disabled
[INFO] aspmc:    Stats Compilation
[INFO] aspmc: ------------------------------------------------------------
[INFO] aspmc: X/D-Constrained Tree Decomposition #bags: 34 treewidth: 15 #vertices: 78
[INFO] aspmc: Dtree time:               2.033775806427002
[INFO] aspmc: Compilation time:         0.18347573280334473
[INFO] aspmc: Preparation time:         0.00013971328735351562
[INFO] aspmc: Counting time:            15.65727949142456
[INFO] aspmc: ------------------------------------------------------------
[0.97::a0., 0.03::a1., 0.97::a2., 0.03::a3., 0.97::a4., 0.03::a5., 0.97::a6., 0.03::a7., 0.97::a8., 0.03::a9., 0.97::a10., 0.03::a11., 0.97::a12., 0.03::a13., 0.97::a14., 0.03::a15., 0.97::a16., 0.03::a17., 0.97::a18., 0.03::a19., qr:-not a0., qr:-a1,not nqr., nqr:-a1,not qr., qr:-not a2., qr:-a3,not nqr., nqr:-a3,not qr., qr:-not a4., qr:-a5,not nqr., nqr:-a5,not qr., qr:-not a6., qr:-a7,not nqr., nqr:-a7,not qr., qr:-not a8., qr:-a9,not nqr., nqr:-a9,not qr., qr:-not a10., qr:-a11,not nqr., nqr:-a11,not qr., qr:-not a12., qr:-a13,not nqr., nqr:-a13,not qr., qr:-not a14., qr:-a15,not nqr., nqr:-a15,not qr., qr:-not a16., qr:-a17,not nqr., nqr:-a17,not qr., qr:-not a18., qr:-a19,not nqr., nqr:-a19,not qr., query(qr).]
tracc
nnf_construction_time: 18.99041438102722
Pre simplification
number of sums: 73727
number of prods: 129023
len(eq): 3286
v_12*(-1.0*v_1*(0.9409*v_3*v_6*v_7*v_8*(v_4*(v_5 - 1) + v_4 - 1) + 0.97*v_6*v_7*v_8*(0.97*v_3 - 1.0) + 0.97*v_6*v_8*(v_7 - 1) - 0.03*v_6*v_8 + 1.0*v_8*(v_6 - 1) + 1.0*v_8 - 1.0) + 0.9409*v_3*v_4*v_5*v_6*v_7*v_8 + 1.0*(v_1 - 1)*(0.9409*v_3*v_6*v_7*v_8*(v_4*(v_5 - 1) + v_4 - 1) + 0.97*v_6*v_7*v_8*(0.97*v_3 - 1.0) + 0.97*v_6*v_8*(v_7 - 1) - 0.03*v_6*v_8 + 1.0*v_8*(v_6 - 1) + 1.0*v_8 - 1.0)) - (v_12 - 1)*(v_14*(-1.0*v_1*(0.9409*v_3*v_6*v_7*v_8*(v_4*(v_5 - 1) + v_4 - 1) + 0.97*v_6*v_7*v_8*(0.97*v_3 - 1.0) + 0.97*v_6*v_8*(v_7 - 1) - 0.03*v_6*v_8 + 1.0*v_8*(v_6 - 1) + 1.0*v_8 - 1.0) + 0.9409*v_3*v_4*v_5*v_6*v_7*v_8 + 1.0*(v_1 - 1)*(0.9409*v_3*v_6*v_7*v_8*(v_4*(v_5 - 1) + v_4 - 1) + 0.97*v_6*v_7*v_8*(0.97*v_3 - 1.0) + 0.97*v_6*v_8*(v_7 - 1) - 0.03*v_6*v_8 + 1.0*v_8*(v_6 - 1) + 1.0*v_8 - 1.0)) - (v_14 - 1)*(v_15*(-1.0*v_1*(0.9409*v_3*v_6*v_7*v_8*(v_4*(v_5 - 1) + v_4 - 1) + 0.97*v_6*v_7*v_8*(0.97*v_3 - 1.0) + 0.97*v_6*v_8*(v_7 - 1) - 0.03*v_6*v_8 + 1.0*v_8*(v_6 - 1) + 1.0*v_8 - 1.0) + 0.9409*v_3*v_4*v_5*v_6*v_7*v_8 + 1.0*(v_1 - 1)*(0.9409*v_3*v_6*v_7*v_8*(v_4*(v_5 - 1) + v_4 - 1) + 0.97*v_6*v_7*v_8*(0.97*v_3 - 1.0) + 0.97*v_6*v_8*(v_7 - 1) - 0.03*v_6*v_8 + 1.0*v_8*(v_6 - 1) + 1.0*v_8 - 1.0)) - (v_15 - 1)*(v_16*(-1.0*v_1*(0.9409*v_3*v_6*v_7*v_8*(v_4*(v_5 - 1) + v_4 - 1) + 0.97*v_6*v_7*v_8*(0.97*v_3 - 1.0) + 0.97*v_6*v_8*(v_7 - 1) - 0.03*v_6*v_8 + 1.0*v_8*(v_6 - 1) + 1.0*v_8 - 1.0) + 0.9409*v_3*v_4*v_5*v_6*v_7*v_8 + 1.0*(v_1 - 1)*(0.9409*v_3*v_6*v_7*v_8*(v_4*(v_5 - 1) + v_4 - 1) + 0.97*v_6*v_7*v_8*(0.97*v_3 - 1.0) + 0.97*v_6*v_8*(v_7 - 1) - 0.03*v_6*v_8 + 1.0*v_8*(v_6 - 1) + 1.0*v_8 - 1.0)) - (v_16 - 1)*(v_17*(-1.0*v_1*(0.9409*v_3*v_6*v_7*v_8*(v_4*(v_5 - 1) + v_4 - 1) + 0.97*v_6*v_7*v_8*(0.97*v_3 - 1.0) + 0.97*v_6*v_8*(v_7 - 1) - 0.03*v_6*v_8 + 1.0*v_8*(v_6 - 1) + 1.0*v_8 - 1.0) + 0.9409*v_3*v_4*v_5*v_6*v_7*v_8 + 1.0*(v_1 - 1)*(0.9409*v_3*v_6*v_7*v_8*(v_4*(v_5 - 1) + v_4 - 1) + 0.97*v_6*v_7*v_8*(0.97*v_3 - 1.0) + 0.97*v_6*v_8*(v_7 - 1) - 0.03*v_6*v_8 + 1.0*v_8*(v_6 - 1) + 1.0*v_8 - 1.0)) - (v_17 - 1)*(v_18*(-1.0*v_1*(0.9409*v_3*v_6*v_7*v_8*(v_4*(v_5 - 1) + v_4 - 1) + 0.97*v_6*v_7*v_8*(0.97*v_3 - 1.0) + 0.97*v_6*v_8*(v_7 - 1) - 0.03*v_6*v_8 + 1.0*v_8*(v_6 - 1) + 1.0*v_8 - 1.0) + 0.9409*v_3*v_4*v_5*v_6*v_7*v_8 + 1.0*(v_1 - 1)*(0.9409*v_3*v_6*v_7*v_8*(v_4*(v_5 - 1) + v_4 - 1) + 0.97*v_6*v_7*v_8*(0.97*v_3 - 1.0) + 0.97*v_6*v_8*(v_7 - 1) - 0.03*v_6*v_8 + 1.0*v_8*(v_6 - 1) + 1.0*v_8 - 1.0)) - (v_18 - 1)*(v_19*(-1.0*v_1*(0.9409*v_3*v_6*v_7*v_8*(v_4*(v_5 - 1) + v_4 - 1) + 0.97*v_6*v_7*v_8*(0.97*v_3 - 1.0) + 0.97*v_6*v_8*(v_7 - 1) - 0.03*v_6*v_8 + 1.0*v_8*(v_6 - 1) + 1.0*v_8 - 1.0) + 0.9409*v_3*v_4*v_5*v_6*v_7*v_8 + 1.0*(v_1 - 1)*(0.9409*v_3*v_6*v_7*v_8*(v_4*(v_5 - 1) + v_4 - 1) + 0.97*v_6*v_7*v_8*(0.97*v_3 - 1.0) + 0.97*v_6*v_8*(v_7 - 1) - 0.03*v_6*v_8 + 1.0*v_8*(v_6 - 1) + 1.0*v_8 - 1.0)) + (v_19 - 1)*(1.0*v_1*(0.9409*v_3*v_6*v_7*v_8*(v_4*(v_5 - 1) + v_4 - 1) + 0.97*v_6*v_7*v_8*(0.97*v_3 - 1.0) + 0.97*v_6*v_8*(v_7 - 1) - 0.03*v_6*v_8 + 1.0*v_8*(v_6 - 1) + 1.0*v_8 - 1.0) + 0.8587340257*v_3*v_4*v_5*v_6*v_7*v_8*(0.97*v_1 - 1.0) - 0.0821659743*v_3*v_4*v_5*v_6*v_7*v_8 - 1.0*(v_1 - 1)*(0.9409*v_3*v_6*v_7*v_8*(v_4*(v_5 - 1) + v_4 - 1) + 0.97*v_6*v_7*v_8*(0.97*v_3 - 1.0) + 0.97*v_6*v_8*(v_7 - 1) - 0.03*v_6*v_8 + 1.0*v_8*(v_6 - 1) + 1.0*v_8 - 1.0))))))))
Post simplification
symp_time: 40.09566903114319
number of sums: 96
number of subs: 143
number of prods: 406
opt_time: 2.2466211318969727
     fun: 6.299999999999998
     jac: array([1., 1., 1., 1., 1., 1., 1., 1., 1., 1., 1., 1., 1., 1.])
 message: 'Optimization terminated successfully'
    nfev: 2
     nit: 2
    njev: 2
  status: 0
 success: True
       x: array([0.05, 0.85, 0.05, 0.85, 0.05, 0.85, 0.05, 0.85, 0.05, 0.85, 0.05,
       0.85, 0.05, 0.85])

real	1m2.734s
user	1m1.013s
sys	0m1.326s
Instance: 15
[INFO] aspmc: Tree Decomposition #bags: 40 unfolded treewidth: 4 #vertices: 52
[INFO] aspmc: Preprocessing disabled
[INFO] aspmc:    Stats Compilation
[INFO] aspmc: ------------------------------------------------------------
[INFO] aspmc: X/D-Constrained Tree Decomposition #bags: 34 treewidth: 15 #vertices: 78
[INFO] aspmc: Dtree time:               2.0338821411132812
[INFO] aspmc: Compilation time:         0.18248462677001953
[INFO] aspmc: Preparation time:         0.00013709068298339844
[INFO] aspmc: Counting time:            16.251713752746582
[INFO] aspmc: ------------------------------------------------------------
[0.97::a0., 0.03::a1., 0.97::a2., 0.03::a3., 0.97::a4., 0.03::a5., 0.97::a6., 0.03::a7., 0.97::a8., 0.03::a9., 0.97::a10., 0.03::a11., 0.97::a12., 0.03::a13., 0.97::a14., 0.03::a15., 0.97::a16., 0.03::a17., 0.97::a18., 0.03::a19., qr:-not a0., qr:-a1,not nqr., nqr:-a1,not qr., qr:-not a2., qr:-a3,not nqr., nqr:-a3,not qr., qr:-not a4., qr:-a5,not nqr., nqr:-a5,not qr., qr:-not a6., qr:-a7,not nqr., nqr:-a7,not qr., qr:-not a8., qr:-a9,not nqr., nqr:-a9,not qr., qr:-not a10., qr:-a11,not nqr., nqr:-a11,not qr., qr:-not a12., qr:-a13,not nqr., nqr:-a13,not qr., qr:-not a14., qr:-a15,not nqr., nqr:-a15,not qr., qr:-not a16., qr:-a17,not nqr., nqr:-a17,not qr., qr:-not a18., qr:-a19,not nqr., nqr:-a19,not qr., query(qr).]
tracc
nnf_construction_time: 19.57951307296753
Pre simplification
number of sums: 73727
number of prods: 129023
len(eq): 3576
v_12*(-1.0*v_1*(0.97*v_3*v_6*v_7*v_8*v_9*(v_4*(v_5 - 1) + v_4 - 1) + 1.0*v_6*v_7*v_8*v_9*(0.97*v_3 - 1.0) + 1.0*v_6*v_8*v_9*(v_7 - 1) + 1.0*v_6*v_8*(v_9 - 1) + 1.0*v_8*(v_6 - 1) + 1.0*v_8 - 1.0) + 0.97*v_3*v_4*v_5*v_6*v_7*v_8*v_9 + 1.0*(v_1 - 1)*(0.97*v_3*v_6*v_7*v_8*v_9*(v_4*(v_5 - 1) + v_4 - 1) + 1.0*v_6*v_7*v_8*v_9*(0.97*v_3 - 1.0) + 1.0*v_6*v_8*v_9*(v_7 - 1) + 1.0*v_6*v_8*(v_9 - 1) + 1.0*v_8*(v_6 - 1) + 1.0*v_8 - 1.0)) - (v_12 - 1)*(v_14*(-1.0*v_1*(0.97*v_3*v_6*v_7*v_8*v_9*(v_4*(v_5 - 1) + v_4 - 1) + 1.0*v_6*v_7*v_8*v_9*(0.97*v_3 - 1.0) + 1.0*v_6*v_8*v_9*(v_7 - 1) + 1.0*v_6*v_8*(v_9 - 1) + 1.0*v_8*(v_6 - 1) + 1.0*v_8 - 1.0) + 0.97*v_3*v_4*v_5*v_6*v_7*v_8*v_9 + 1.0*(v_1 - 1)*(0.97*v_3*v_6*v_7*v_8*v_9*(v_4*(v_5 - 1) + v_4 - 1) + 1.0*v_6*v_7*v_8*v_9*(0.97*v_3 - 1.0) + 1.0*v_6*v_8*v_9*(v_7 - 1) + 1.0*v_6*v_8*(v_9 - 1) + 1.0*v_8*(v_6 - 1) + 1.0*v_8 - 1.0)) - (v_14 - 1)*(v_15*(-1.0*v_1*(0.97*v_3*v_6*v_7*v_8*v_9*(v_4*(v_5 - 1) + v_4 - 1) + 1.0*v_6*v_7*v_8*v_9*(0.97*v_3 - 1.0) + 1.0*v_6*v_8*v_9*(v_7 - 1) + 1.0*v_6*v_8*(v_9 - 1) + 1.0*v_8*(v_6 - 1) + 1.0*v_8 - 1.0) + 0.97*v_3*v_4*v_5*v_6*v_7*v_8*v_9 + 1.0*(v_1 - 1)*(0.97*v_3*v_6*v_7*v_8*v_9*(v_4*(v_5 - 1) + v_4 - 1) + 1.0*v_6*v_7*v_8*v_9*(0.97*v_3 - 1.0) + 1.0*v_6*v_8*v_9*(v_7 - 1) + 1.0*v_6*v_8*(v_9 - 1) + 1.0*v_8*(v_6 - 1) + 1.0*v_8 - 1.0)) - (v_15 - 1)*(v_16*(-1.0*v_1*(0.97*v_3*v_6*v_7*v_8*v_9*(v_4*(v_5 - 1) + v_4 - 1) + 1.0*v_6*v_7*v_8*v_9*(0.97*v_3 - 1.0) + 1.0*v_6*v_8*v_9*(v_7 - 1) + 1.0*v_6*v_8*(v_9 - 1) + 1.0*v_8*(v_6 - 1) + 1.0*v_8 - 1.0) + 0.97*v_3*v_4*v_5*v_6*v_7*v_8*v_9 + 1.0*(v_1 - 1)*(0.97*v_3*v_6*v_7*v_8*v_9*(v_4*(v_5 - 1) + v_4 - 1) + 1.0*v_6*v_7*v_8*v_9*(0.97*v_3 - 1.0) + 1.0*v_6*v_8*v_9*(v_7 - 1) + 1.0*v_6*v_8*(v_9 - 1) + 1.0*v_8*(v_6 - 1) + 1.0*v_8 - 1.0)) - (v_16 - 1)*(v_17*(-1.0*v_1*(0.97*v_3*v_6*v_7*v_8*v_9*(v_4*(v_5 - 1) + v_4 - 1) + 1.0*v_6*v_7*v_8*v_9*(0.97*v_3 - 1.0) + 1.0*v_6*v_8*v_9*(v_7 - 1) + 1.0*v_6*v_8*(v_9 - 1) + 1.0*v_8*(v_6 - 1) + 1.0*v_8 - 1.0) + 0.97*v_3*v_4*v_5*v_6*v_7*v_8*v_9 + 1.0*(v_1 - 1)*(0.97*v_3*v_6*v_7*v_8*v_9*(v_4*(v_5 - 1) + v_4 - 1) + 1.0*v_6*v_7*v_8*v_9*(0.97*v_3 - 1.0) + 1.0*v_6*v_8*v_9*(v_7 - 1) + 1.0*v_6*v_8*(v_9 - 1) + 1.0*v_8*(v_6 - 1) + 1.0*v_8 - 1.0)) - (v_17 - 1)*(v_18*(-1.0*v_1*(0.97*v_3*v_6*v_7*v_8*v_9*(v_4*(v_5 - 1) + v_4 - 1) + 1.0*v_6*v_7*v_8*v_9*(0.97*v_3 - 1.0) + 1.0*v_6*v_8*v_9*(v_7 - 1) + 1.0*v_6*v_8*(v_9 - 1) + 1.0*v_8*(v_6 - 1) + 1.0*v_8 - 1.0) + 0.97*v_3*v_4*v_5*v_6*v_7*v_8*v_9 + 1.0*(v_1 - 1)*(0.97*v_3*v_6*v_7*v_8*v_9*(v_4*(v_5 - 1) + v_4 - 1) + 1.0*v_6*v_7*v_8*v_9*(0.97*v_3 - 1.0) + 1.0*v_6*v_8*v_9*(v_7 - 1) + 1.0*v_6*v_8*(v_9 - 1) + 1.0*v_8*(v_6 - 1) + 1.0*v_8 - 1.0)) - (v_18 - 1)*(v_19*(-1.0*v_1*(0.97*v_3*v_6*v_7*v_8*v_9*(v_4*(v_5 - 1) + v_4 - 1) + 1.0*v_6*v_7*v_8*v_9*(0.97*v_3 - 1.0) + 1.0*v_6*v_8*v_9*(v_7 - 1) + 1.0*v_6*v_8*(v_9 - 1) + 1.0*v_8*(v_6 - 1) + 1.0*v_8 - 1.0) + 0.97*v_3*v_4*v_5*v_6*v_7*v_8*v_9 + 1.0*(v_1 - 1)*(0.97*v_3*v_6*v_7*v_8*v_9*(v_4*(v_5 - 1) + v_4 - 1) + 1.0*v_6*v_7*v_8*v_9*(0.97*v_3 - 1.0) + 1.0*v_6*v_8*v_9*(v_7 - 1) + 1.0*v_6*v_8*(v_9 - 1) + 1.0*v_8*(v_6 - 1) + 1.0*v_8 - 1.0)) + (v_19 - 1)*(1.0*v_1*(0.97*v_3*v_6*v_7*v_8*v_9*(v_4*(v_5 - 1) + v_4 - 1) + 1.0*v_6*v_7*v_8*v_9*(0.97*v_3 - 1.0) + 1.0*v_6*v_8*v_9*(v_7 - 1) + 1.0*v_6*v_8*(v_9 - 1) + 1.0*v_8*(v_6 - 1) + 1.0*v_8 - 1.0) + 0.88529281*v_3*v_4*v_5*v_6*v_7*v_8*v_9*(0.97*v_1 - 1.0) - 0.08470719*v_3*v_4*v_5*v_6*v_7*v_8*v_9 - 1.0*(v_1 - 1)*(0.97*v_3*v_6*v_7*v_8*v_9*(v_4*(v_5 - 1) + v_4 - 1) + 1.0*v_6*v_7*v_8*v_9*(0.97*v_3 - 1.0) + 1.0*v_6*v_8*v_9*(v_7 - 1) + 1.0*v_6*v_8*(v_9 - 1) + 1.0*v_8*(v_6 - 1) + 1.0*v_8 - 1.0))))))))
Post simplification
symp_time: 40.0797336101532
number of sums: 112
number of subs: 143
number of prods: 479
opt_time: 2.631211519241333
     fun: 6.350000000000047
     jac: array([1., 1., 1., 1., 1., 1., 1., 1., 1., 1., 1., 1., 1., 1., 1.])
 message: 'Optimization terminated successfully'
    nfev: 2
     nit: 2
    njev: 2
  status: 0
 success: True
       x: array([0.05, 0.85, 0.05, 0.85, 0.05, 0.85, 0.05, 0.85, 0.05, 0.85, 0.05,
       0.85, 0.05, 0.85, 0.05])

real	1m3.667s
user	1m1.882s
sys	0m1.391s
Instance: 16
[INFO] aspmc: Tree Decomposition #bags: 40 unfolded treewidth: 4 #vertices: 52
[INFO] aspmc: Preprocessing disabled
[INFO] aspmc:    Stats Compilation
[INFO] aspmc: ------------------------------------------------------------
[INFO] aspmc: X/D-Constrained Tree Decomposition #bags: 34 treewidth: 15 #vertices: 78
[INFO] aspmc: Dtree time:               2.034599542617798
[INFO] aspmc: Compilation time:         0.18108367919921875
[INFO] aspmc: Preparation time:         0.00012731552124023438
[INFO] aspmc: Counting time:            15.556191682815552
[INFO] aspmc: ------------------------------------------------------------
[0.97::a0., 0.03::a1., 0.97::a2., 0.03::a3., 0.97::a4., 0.03::a5., 0.97::a6., 0.03::a7., 0.97::a8., 0.03::a9., 0.97::a10., 0.03::a11., 0.97::a12., 0.03::a13., 0.97::a14., 0.03::a15., 0.97::a16., 0.03::a17., 0.97::a18., 0.03::a19., qr:-not a0., qr:-a1,not nqr., nqr:-a1,not qr., qr:-not a2., qr:-a3,not nqr., nqr:-a3,not qr., qr:-not a4., qr:-a5,not nqr., nqr:-a5,not qr., qr:-not a6., qr:-a7,not nqr., nqr:-a7,not qr., qr:-not a8., qr:-a9,not nqr., nqr:-a9,not qr., qr:-not a10., qr:-a11,not nqr., nqr:-a11,not qr., qr:-not a12., qr:-a13,not nqr., nqr:-a13,not qr., qr:-not a14., qr:-a15,not nqr., nqr:-a15,not qr., qr:-not a16., qr:-a17,not nqr., nqr:-a17,not qr., qr:-not a18., qr:-a19,not nqr., nqr:-a19,not qr., query(qr).]
tracc
nnf_construction_time: 18.882015228271484
Pre simplification
number of sums: 73727
number of prods: 129023
len(eq): 4014
v_12*(-1.0*v_1*(0.97*v_3*v_6*v_7*v_8*v_9*(v_4*(v_5 - 1) + v_4 - 1) + 1.0*v_6*v_7*v_8*v_9*(0.97*v_3 - 1.0) + 1.0*v_6*v_8*v_9*(v_7 - 1) + 1.0*v_6*v_8*(v_9 - 1) + 1.0*v_8*(v_6 - 1) + 1.0*v_8 - 1.0) + 0.97*v_3*v_4*v_5*v_6*v_7*v_8*v_9 + 1.0*(v_1 - 1)*(0.97*v_3*v_6*v_7*v_8*v_9*(v_4*(v_5 - 1) + v_4 - 1) + 1.0*v_6*v_7*v_8*v_9*(0.97*v_3 - 1.0) + 1.0*v_6*v_8*v_9*(v_7 - 1) + 1.0*v_6*v_8*(v_9 - 1) + 1.0*v_8*(v_6 - 1) + 1.0*v_8 - 1.0)) - (v_12 - 1)*(v_14*(-1.0*v_1*(0.97*v_3*v_6*v_7*v_8*v_9*(v_4*(v_5 - 1) + v_4 - 1) + 1.0*v_6*v_7*v_8*v_9*(0.97*v_3 - 1.0) + 1.0*v_6*v_8*v_9*(v_7 - 1) + 1.0*v_6*v_8*(v_9 - 1) + 1.0*v_8*(v_6 - 1) + 1.0*v_8 - 1.0) + 0.97*v_3*v_4*v_5*v_6*v_7*v_8*v_9 + 1.0*(v_1 - 1)*(0.97*v_3*v_6*v_7*v_8*v_9*(v_4*(v_5 - 1) + v_4 - 1) + 1.0*v_6*v_7*v_8*v_9*(0.97*v_3 - 1.0) + 1.0*v_6*v_8*v_9*(v_7 - 1) + 1.0*v_6*v_8*(v_9 - 1) + 1.0*v_8*(v_6 - 1) + 1.0*v_8 - 1.0)) - (v_14 - 1)*(v_15*(-1.0*v_1*(0.97*v_3*v_6*v_7*v_8*v_9*(v_4*(v_5 - 1) + v_4 - 1) + 1.0*v_6*v_7*v_8*v_9*(0.97*v_3 - 1.0) + 1.0*v_6*v_8*v_9*(v_7 - 1) + 1.0*v_6*v_8*(v_9 - 1) + 1.0*v_8*(v_6 - 1) + 1.0*v_8 - 1.0) + 0.97*v_3*v_4*v_5*v_6*v_7*v_8*v_9 + 1.0*(v_1 - 1)*(0.97*v_3*v_6*v_7*v_8*v_9*(v_4*(v_5 - 1) + v_4 - 1) + 1.0*v_6*v_7*v_8*v_9*(0.97*v_3 - 1.0) + 1.0*v_6*v_8*v_9*(v_7 - 1) + 1.0*v_6*v_8*(v_9 - 1) + 1.0*v_8*(v_6 - 1) + 1.0*v_8 - 1.0)) - (v_15 - 1)*(v_16*(-1.0*v_1*(0.97*v_3*v_6*v_7*v_8*v_9*(v_4*(v_5 - 1) + v_4 - 1) + 1.0*v_6*v_7*v_8*v_9*(0.97*v_3 - 1.0) + 1.0*v_6*v_8*v_9*(v_7 - 1) + 1.0*v_6*v_8*(v_9 - 1) + 1.0*v_8*(v_6 - 1) + 1.0*v_8 - 1.0) + 0.97*v_3*v_4*v_5*v_6*v_7*v_8*v_9 + 1.0*(v_1 - 1)*(0.97*v_3*v_6*v_7*v_8*v_9*(v_4*(v_5 - 1) + v_4 - 1) + 1.0*v_6*v_7*v_8*v_9*(0.97*v_3 - 1.0) + 1.0*v_6*v_8*v_9*(v_7 - 1) + 1.0*v_6*v_8*(v_9 - 1) + 1.0*v_8*(v_6 - 1) + 1.0*v_8 - 1.0)) - (v_16 - 1)*(v_17*(-1.0*v_1*(0.97*v_3*v_6*v_7*v_8*v_9*(v_4*(v_5 - 1) + v_4 - 1) + 1.0*v_6*v_7*v_8*v_9*(0.97*v_3 - 1.0) + 1.0*v_6*v_8*v_9*(v_7 - 1) + 1.0*v_6*v_8*(v_9 - 1) + 1.0*v_8*(v_6 - 1) + 1.0*v_8 - 1.0) + 0.97*v_3*v_4*v_5*v_6*v_7*v_8*v_9 + 1.0*(v_1 - 1)*(0.97*v_3*v_6*v_7*v_8*v_9*(v_4*(v_5 - 1) + v_4 - 1) + 1.0*v_6*v_7*v_8*v_9*(0.97*v_3 - 1.0) + 1.0*v_6*v_8*v_9*(v_7 - 1) + 1.0*v_6*v_8*(v_9 - 1) + 1.0*v_8*(v_6 - 1) + 1.0*v_8 - 1.0)) - (v_17 - 1)*(v_18*(-1.0*v_1*(0.97*v_3*v_6*v_7*v_8*v_9*(v_4*(v_5 - 1) + v_4 - 1) + 1.0*v_6*v_7*v_8*v_9*(0.97*v_3 - 1.0) + 1.0*v_6*v_8*v_9*(v_7 - 1) + 1.0*v_6*v_8*(v_9 - 1) + 1.0*v_8*(v_6 - 1) + 1.0*v_8 - 1.0) + 0.97*v_3*v_4*v_5*v_6*v_7*v_8*v_9 + 1.0*(v_1 - 1)*(0.97*v_3*v_6*v_7*v_8*v_9*(v_4*(v_5 - 1) + v_4 - 1) + 1.0*v_6*v_7*v_8*v_9*(0.97*v_3 - 1.0) + 1.0*v_6*v_8*v_9*(v_7 - 1) + 1.0*v_6*v_8*(v_9 - 1) + 1.0*v_8*(v_6 - 1) + 1.0*v_8 - 1.0)) - (v_18 - 1)*(v_19*(-1.0*v_1*(0.97*v_3*v_6*v_7*v_8*v_9*(v_4*(v_5 - 1) + v_4 - 1) + 1.0*v_6*v_7*v_8*v_9*(0.97*v_3 - 1.0) + 1.0*v_6*v_8*v_9*(v_7 - 1) + 1.0*v_6*v_8*(v_9 - 1) + 1.0*v_8*(v_6 - 1) + 1.0*v_8 - 1.0) + 0.97*v_3*v_4*v_5*v_6*v_7*v_8*v_9 + 1.0*(v_1 - 1)*(0.97*v_3*v_6*v_7*v_8*v_9*(v_4*(v_5 - 1) + v_4 - 1) + 1.0*v_6*v_7*v_8*v_9*(0.97*v_3 - 1.0) + 1.0*v_6*v_8*v_9*(v_7 - 1) + 1.0*v_6*v_8*(v_9 - 1) + 1.0*v_8*(v_6 - 1) + 1.0*v_8 - 1.0)) - (v_19 - 1)*(v_20*(-1.0*v_1*(0.97*v_3*v_6*v_7*v_8*v_9*(v_4*(v_5 - 1) + v_4 - 1) + 1.0*v_6*v_7*v_8*v_9*(0.97*v_3 - 1.0) + 1.0*v_6*v_8*v_9*(v_7 - 1) + 1.0*v_6*v_8*(v_9 - 1) + 1.0*v_8*(v_6 - 1) + 1.0*v_8 - 1.0) + 0.97*v_3*v_4*v_5*v_6*v_7*v_8*v_9 + 1.0*(v_1 - 1)*(0.97*v_3*v_6*v_7*v_8*v_9*(v_4*(v_5 - 1) + v_4 - 1) + 1.0*v_6*v_7*v_8*v_9*(0.97*v_3 - 1.0) + 1.0*v_6*v_8*v_9*(v_7 - 1) + 1.0*v_6*v_8*(v_9 - 1) + 1.0*v_8*(v_6 - 1) + 1.0*v_8 - 1.0)) + (v_20 - 1)*(1.0*v_1*(0.97*v_3*v_6*v_7*v_8*v_9*(v_4*(v_5 - 1) + v_4 - 1) + 1.0*v_6*v_7*v_8*v_9*(0.97*v_3 - 1.0) + 1.0*v_6*v_8*v_9*(v_7 - 1) + 1.0*v_6*v_8*(v_9 - 1) + 1.0*v_8*(v_6 - 1) + 1.0*v_8 - 1.0) + 0.912673*v_3*v_4*v_5*v_6*v_7*v_8*v_9*(0.97*v_1 - 1.0) - 0.057327*v_3*v_4*v_5*v_6*v_7*v_8*v_9 - 1.0*(v_1 - 1)*(0.97*v_3*v_6*v_7*v_8*v_9*(v_4*(v_5 - 1) + v_4 - 1) + 1.0*v_6*v_7*v_8*v_9*(0.97*v_3 - 1.0) + 1.0*v_6*v_8*v_9*(v_7 - 1) + 1.0*v_6*v_8*(v_9 - 1) + 1.0*v_8*(v_6 - 1) + 1.0*v_8 - 1.0)))))))))
Post simplification
symp_time: 60.38255715370178
number of sums: 126
number of subs: 161
number of prods: 538
opt_time: 3.0334458351135254
     fun: 7.200000000000008
     jac: array([1., 1., 1., 1., 1., 1., 1., 1., 1., 1., 1., 1., 1., 1., 1., 1.])
 message: 'Optimization terminated successfully'
    nfev: 2
     nit: 2
    njev: 2
  status: 0
 success: True
       x: array([0.05, 0.85, 0.05, 0.85, 0.05, 0.85, 0.05, 0.85, 0.05, 0.85, 0.05,
       0.85, 0.05, 0.85, 0.05, 0.85])

real	1m23.498s
user	1m21.920s
sys	0m1.308s
Instance: 17
[INFO] aspmc: Tree Decomposition #bags: 40 unfolded treewidth: 4 #vertices: 52
[INFO] aspmc: Preprocessing disabled
[INFO] aspmc:    Stats Compilation
[INFO] aspmc: ------------------------------------------------------------
[INFO] aspmc: X/D-Constrained Tree Decomposition #bags: 34 treewidth: 15 #vertices: 78
[INFO] aspmc: Dtree time:               2.0341405868530273
[INFO] aspmc: Compilation time:         0.1871645450592041
[INFO] aspmc: Preparation time:         0.00013113021850585938
[INFO] aspmc: Counting time:            17.385377645492554
[INFO] aspmc: ------------------------------------------------------------
[0.97::a0., 0.03::a1., 0.97::a2., 0.03::a3., 0.97::a4., 0.03::a5., 0.97::a6., 0.03::a7., 0.97::a8., 0.03::a9., 0.97::a10., 0.03::a11., 0.97::a12., 0.03::a13., 0.97::a14., 0.03::a15., 0.97::a16., 0.03::a17., 0.97::a18., 0.03::a19., qr:-not a0., qr:-a1,not nqr., nqr:-a1,not qr., qr:-not a2., qr:-a3,not nqr., nqr:-a3,not qr., qr:-not a4., qr:-a5,not nqr., nqr:-a5,not qr., qr:-not a6., qr:-a7,not nqr., nqr:-a7,not qr., qr:-not a8., qr:-a9,not nqr., nqr:-a9,not qr., qr:-not a10., qr:-a11,not nqr., nqr:-a11,not qr., qr:-not a12., qr:-a13,not nqr., nqr:-a13,not qr., qr:-not a14., qr:-a15,not nqr., nqr:-a15,not qr., qr:-not a16., qr:-a17,not nqr., nqr:-a17,not qr., qr:-not a18., qr:-a19,not nqr., nqr:-a19,not qr., query(qr).]
tracc
nnf_construction_time: 20.73555827140808
Pre simplification
number of sums: 73727
number of prods: 129023
len(eq): 3790
1.0*v_12*(-v_1*(v_10*v_3*v_6*v_7*v_8*v_9*(v_4*(v_5 - 1) + v_4 - 1) + v_6*v_7*v_8*v_9*(v_10*(v_3 - 1) + v_10 - 1) + v_6*v_8*v_9*(v_7 - 1) + v_6*v_8*(v_9 - 1) + v_8*(v_6 - 1) + v_8 - 1) + v_10*v_3*v_4*v_5*v_6*v_7*v_8*v_9 + (v_1 - 1)*(v_10*v_3*v_6*v_7*v_8*v_9*(v_4*(v_5 - 1) + v_4 - 1) + v_6*v_7*v_8*v_9*(v_10*(v_3 - 1) + v_10 - 1) + v_6*v_8*v_9*(v_7 - 1) + v_6*v_8*(v_9 - 1) + v_8*(v_6 - 1) + v_8 - 1)) - (v_12 - 1)*(1.0*v_14*(-v_1*(v_10*v_3*v_6*v_7*v_8*v_9*(v_4*(v_5 - 1) + v_4 - 1) + v_6*v_7*v_8*v_9*(v_10*(v_3 - 1) + v_10 - 1) + v_6*v_8*v_9*(v_7 - 1) + v_6*v_8*(v_9 - 1) + v_8*(v_6 - 1) + v_8 - 1) + v_10*v_3*v_4*v_5*v_6*v_7*v_8*v_9 + (v_1 - 1)*(v_10*v_3*v_6*v_7*v_8*v_9*(v_4*(v_5 - 1) + v_4 - 1) + v_6*v_7*v_8*v_9*(v_10*(v_3 - 1) + v_10 - 1) + v_6*v_8*v_9*(v_7 - 1) + v_6*v_8*(v_9 - 1) + v_8*(v_6 - 1) + v_8 - 1)) - (v_14 - 1)*(1.0*v_15*(-v_1*(v_10*v_3*v_6*v_7*v_8*v_9*(v_4*(v_5 - 1) + v_4 - 1) + v_6*v_7*v_8*v_9*(v_10*(v_3 - 1) + v_10 - 1) + v_6*v_8*v_9*(v_7 - 1) + v_6*v_8*(v_9 - 1) + v_8*(v_6 - 1) + v_8 - 1) + v_10*v_3*v_4*v_5*v_6*v_7*v_8*v_9 + (v_1 - 1)*(v_10*v_3*v_6*v_7*v_8*v_9*(v_4*(v_5 - 1) + v_4 - 1) + v_6*v_7*v_8*v_9*(v_10*(v_3 - 1) + v_10 - 1) + v_6*v_8*v_9*(v_7 - 1) + v_6*v_8*(v_9 - 1) + v_8*(v_6 - 1) + v_8 - 1)) - (v_15 - 1)*(1.0*v_16*(-v_1*(v_10*v_3*v_6*v_7*v_8*v_9*(v_4*(v_5 - 1) + v_4 - 1) + v_6*v_7*v_8*v_9*(v_10*(v_3 - 1) + v_10 - 1) + v_6*v_8*v_9*(v_7 - 1) + v_6*v_8*(v_9 - 1) + v_8*(v_6 - 1) + v_8 - 1) + v_10*v_3*v_4*v_5*v_6*v_7*v_8*v_9 + (v_1 - 1)*(v_10*v_3*v_6*v_7*v_8*v_9*(v_4*(v_5 - 1) + v_4 - 1) + v_6*v_7*v_8*v_9*(v_10*(v_3 - 1) + v_10 - 1) + v_6*v_8*v_9*(v_7 - 1) + v_6*v_8*(v_9 - 1) + v_8*(v_6 - 1) + v_8 - 1)) - (v_16 - 1)*(1.0*v_17*(-v_1*(v_10*v_3*v_6*v_7*v_8*v_9*(v_4*(v_5 - 1) + v_4 - 1) + v_6*v_7*v_8*v_9*(v_10*(v_3 - 1) + v_10 - 1) + v_6*v_8*v_9*(v_7 - 1) + v_6*v_8*(v_9 - 1) + v_8*(v_6 - 1) + v_8 - 1) + v_10*v_3*v_4*v_5*v_6*v_7*v_8*v_9 + (v_1 - 1)*(v_10*v_3*v_6*v_7*v_8*v_9*(v_4*(v_5 - 1) + v_4 - 1) + v_6*v_7*v_8*v_9*(v_10*(v_3 - 1) + v_10 - 1) + v_6*v_8*v_9*(v_7 - 1) + v_6*v_8*(v_9 - 1) + v_8*(v_6 - 1) + v_8 - 1)) - (v_17 - 1)*(1.0*v_18*(-v_1*(v_10*v_3*v_6*v_7*v_8*v_9*(v_4*(v_5 - 1) + v_4 - 1) + v_6*v_7*v_8*v_9*(v_10*(v_3 - 1) + v_10 - 1) + v_6*v_8*v_9*(v_7 - 1) + v_6*v_8*(v_9 - 1) + v_8*(v_6 - 1) + v_8 - 1) + v_10*v_3*v_4*v_5*v_6*v_7*v_8*v_9 + (v_1 - 1)*(v_10*v_3*v_6*v_7*v_8*v_9*(v_4*(v_5 - 1) + v_4 - 1) + v_6*v_7*v_8*v_9*(v_10*(v_3 - 1) + v_10 - 1) + v_6*v_8*v_9*(v_7 - 1) + v_6*v_8*(v_9 - 1) + v_8*(v_6 - 1) + v_8 - 1)) - (v_18 - 1)*(1.0*v_19*(-v_1*(v_10*v_3*v_6*v_7*v_8*v_9*(v_4*(v_5 - 1) + v_4 - 1) + v_6*v_7*v_8*v_9*(v_10*(v_3 - 1) + v_10 - 1) + v_6*v_8*v_9*(v_7 - 1) + v_6*v_8*(v_9 - 1) + v_8*(v_6 - 1) + v_8 - 1) + v_10*v_3*v_4*v_5*v_6*v_7*v_8*v_9 + (v_1 - 1)*(v_10*v_3*v_6*v_7*v_8*v_9*(v_4*(v_5 - 1) + v_4 - 1) + v_6*v_7*v_8*v_9*(v_10*(v_3 - 1) + v_10 - 1) + v_6*v_8*v_9*(v_7 - 1) + v_6*v_8*(v_9 - 1) + v_8*(v_6 - 1) + v_8 - 1)) - (v_19 - 1)*(1.0*v_20*(-v_1*(v_10*v_3*v_6*v_7*v_8*v_9*(v_4*(v_5 - 1) + v_4 - 1) + v_6*v_7*v_8*v_9*(v_10*(v_3 - 1) + v_10 - 1) + v_6*v_8*v_9*(v_7 - 1) + v_6*v_8*(v_9 - 1) + v_8*(v_6 - 1) + v_8 - 1) + v_10*v_3*v_4*v_5*v_6*v_7*v_8*v_9 + (v_1 - 1)*(v_10*v_3*v_6*v_7*v_8*v_9*(v_4*(v_5 - 1) + v_4 - 1) + v_6*v_7*v_8*v_9*(v_10*(v_3 - 1) + v_10 - 1) + v_6*v_8*v_9*(v_7 - 1) + v_6*v_8*(v_9 - 1) + v_8*(v_6 - 1) + v_8 - 1)) + (v_20 - 1)*(1.0*v_1*(v_10*v_3*v_6*v_7*v_8*v_9*(v_4*(v_5 - 1) + v_4 - 1) + v_6*v_7*v_8*v_9*(v_10*(v_3 - 1) + v_10 - 1) + v_6*v_8*v_9*(v_7 - 1) + v_6*v_8*(v_9 - 1) + v_8*(v_6 - 1) + v_8 - 1) + 0.9409*v_10*v_3*v_4*v_5*v_6*v_7*v_8*v_9*(0.97*v_1 - 1.0) - 0.0591*v_10*v_3*v_4*v_5*v_6*v_7*v_8*v_9 - 1.0*(v_1 - 1)*(v_10*v_3*v_6*v_7*v_8*v_9*(v_4*(v_5 - 1) + v_4 - 1) + v_6*v_7*v_8*v_9*(v_10*(v_3 - 1) + v_10 - 1) + v_6*v_8*v_9*(v_7 - 1) + v_6*v_8*(v_9 - 1) + v_8*(v_6 - 1) + v_8 - 1)))))))))
Post simplification
symp_time: 57.34434103965759
number of sums: 144
number of subs: 179
number of prods: 442
opt_time: 2.9010260105133057
     fun: 7.2500000000000115
     jac: array([1., 1., 1., 1., 1., 1., 1., 1., 1., 1., 1., 1., 1., 1., 1., 1., 1.])
 message: 'Optimization terminated successfully'
    nfev: 2
     nit: 2
    njev: 2
  status: 0
 success: True
       x: array([0.05, 0.85, 0.05, 0.85, 0.05, 0.85, 0.05, 0.85, 0.05, 0.85, 0.05,
       0.85, 0.05, 0.85, 0.05, 0.85, 0.05])

real	1m22.223s
user	1m20.519s
sys	0m1.414s
Instance: 18
[INFO] aspmc: Tree Decomposition #bags: 40 unfolded treewidth: 4 #vertices: 52
[INFO] aspmc: Preprocessing disabled
[INFO] aspmc:    Stats Compilation
[INFO] aspmc: ------------------------------------------------------------
[INFO] aspmc: X/D-Constrained Tree Decomposition #bags: 34 treewidth: 15 #vertices: 78
[INFO] aspmc: Dtree time:               2.0328831672668457
[INFO] aspmc: Compilation time:         0.18102145195007324
[INFO] aspmc: Preparation time:         0.00014138221740722656
[INFO] aspmc: Counting time:            15.568397998809814
[INFO] aspmc: ------------------------------------------------------------
[0.97::a0., 0.03::a1., 0.97::a2., 0.03::a3., 0.97::a4., 0.03::a5., 0.97::a6., 0.03::a7., 0.97::a8., 0.03::a9., 0.97::a10., 0.03::a11., 0.97::a12., 0.03::a13., 0.97::a14., 0.03::a15., 0.97::a16., 0.03::a17., 0.97::a18., 0.03::a19., qr:-not a0., qr:-a1,not nqr., nqr:-a1,not qr., qr:-not a2., qr:-a3,not nqr., nqr:-a3,not qr., qr:-not a4., qr:-a5,not nqr., nqr:-a5,not qr., qr:-not a6., qr:-a7,not nqr., nqr:-a7,not qr., qr:-not a8., qr:-a9,not nqr., nqr:-a9,not qr., qr:-not a10., qr:-a11,not nqr., nqr:-a11,not qr., qr:-not a12., qr:-a13,not nqr., nqr:-a13,not qr., qr:-not a14., qr:-a15,not nqr., nqr:-a15,not qr., qr:-not a16., qr:-a17,not nqr., nqr:-a17,not qr., qr:-not a18., qr:-a19,not nqr., nqr:-a19,not qr., query(qr).]
tracc
nnf_construction_time: 18.892943382263184
Pre simplification
number of sums: 73727
number of prods: 129023
len(eq): 4202
1.0*v_12*(-v_1*(v_10*v_3*v_6*v_7*v_8*v_9*(v_4*(v_5 - 1) + v_4 - 1) + v_6*v_7*v_8*v_9*(v_10*(v_3 - 1) + v_10 - 1) + v_6*v_8*v_9*(v_7 - 1) + v_6*v_8*(v_9 - 1) + v_8*(v_6 - 1) + v_8 - 1) + v_10*v_3*v_4*v_5*v_6*v_7*v_8*v_9 + (v_1 - 1)*(v_10*v_3*v_6*v_7*v_8*v_9*(v_4*(v_5 - 1) + v_4 - 1) + v_6*v_7*v_8*v_9*(v_10*(v_3 - 1) + v_10 - 1) + v_6*v_8*v_9*(v_7 - 1) + v_6*v_8*(v_9 - 1) + v_8*(v_6 - 1) + v_8 - 1)) - (v_12 - 1)*(1.0*v_14*(-v_1*(v_10*v_3*v_6*v_7*v_8*v_9*(v_4*(v_5 - 1) + v_4 - 1) + v_6*v_7*v_8*v_9*(v_10*(v_3 - 1) + v_10 - 1) + v_6*v_8*v_9*(v_7 - 1) + v_6*v_8*(v_9 - 1) + v_8*(v_6 - 1) + v_8 - 1) + v_10*v_3*v_4*v_5*v_6*v_7*v_8*v_9 + (v_1 - 1)*(v_10*v_3*v_6*v_7*v_8*v_9*(v_4*(v_5 - 1) + v_4 - 1) + v_6*v_7*v_8*v_9*(v_10*(v_3 - 1) + v_10 - 1) + v_6*v_8*v_9*(v_7 - 1) + v_6*v_8*(v_9 - 1) + v_8*(v_6 - 1) + v_8 - 1)) - (v_14 - 1)*(1.0*v_15*(-v_1*(v_10*v_3*v_6*v_7*v_8*v_9*(v_4*(v_5 - 1) + v_4 - 1) + v_6*v_7*v_8*v_9*(v_10*(v_3 - 1) + v_10 - 1) + v_6*v_8*v_9*(v_7 - 1) + v_6*v_8*(v_9 - 1) + v_8*(v_6 - 1) + v_8 - 1) + v_10*v_3*v_4*v_5*v_6*v_7*v_8*v_9 + (v_1 - 1)*(v_10*v_3*v_6*v_7*v_8*v_9*(v_4*(v_5 - 1) + v_4 - 1) + v_6*v_7*v_8*v_9*(v_10*(v_3 - 1) + v_10 - 1) + v_6*v_8*v_9*(v_7 - 1) + v_6*v_8*(v_9 - 1) + v_8*(v_6 - 1) + v_8 - 1)) - (v_15 - 1)*(1.0*v_16*(-v_1*(v_10*v_3*v_6*v_7*v_8*v_9*(v_4*(v_5 - 1) + v_4 - 1) + v_6*v_7*v_8*v_9*(v_10*(v_3 - 1) + v_10 - 1) + v_6*v_8*v_9*(v_7 - 1) + v_6*v_8*(v_9 - 1) + v_8*(v_6 - 1) + v_8 - 1) + v_10*v_3*v_4*v_5*v_6*v_7*v_8*v_9 + (v_1 - 1)*(v_10*v_3*v_6*v_7*v_8*v_9*(v_4*(v_5 - 1) + v_4 - 1) + v_6*v_7*v_8*v_9*(v_10*(v_3 - 1) + v_10 - 1) + v_6*v_8*v_9*(v_7 - 1) + v_6*v_8*(v_9 - 1) + v_8*(v_6 - 1) + v_8 - 1)) - (v_16 - 1)*(1.0*v_17*(-v_1*(v_10*v_3*v_6*v_7*v_8*v_9*(v_4*(v_5 - 1) + v_4 - 1) + v_6*v_7*v_8*v_9*(v_10*(v_3 - 1) + v_10 - 1) + v_6*v_8*v_9*(v_7 - 1) + v_6*v_8*(v_9 - 1) + v_8*(v_6 - 1) + v_8 - 1) + v_10*v_3*v_4*v_5*v_6*v_7*v_8*v_9 + (v_1 - 1)*(v_10*v_3*v_6*v_7*v_8*v_9*(v_4*(v_5 - 1) + v_4 - 1) + v_6*v_7*v_8*v_9*(v_10*(v_3 - 1) + v_10 - 1) + v_6*v_8*v_9*(v_7 - 1) + v_6*v_8*(v_9 - 1) + v_8*(v_6 - 1) + v_8 - 1)) - (v_17 - 1)*(1.0*v_18*(-v_1*(v_10*v_3*v_6*v_7*v_8*v_9*(v_4*(v_5 - 1) + v_4 - 1) + v_6*v_7*v_8*v_9*(v_10*(v_3 - 1) + v_10 - 1) + v_6*v_8*v_9*(v_7 - 1) + v_6*v_8*(v_9 - 1) + v_8*(v_6 - 1) + v_8 - 1) + v_10*v_3*v_4*v_5*v_6*v_7*v_8*v_9 + (v_1 - 1)*(v_10*v_3*v_6*v_7*v_8*v_9*(v_4*(v_5 - 1) + v_4 - 1) + v_6*v_7*v_8*v_9*(v_10*(v_3 - 1) + v_10 - 1) + v_6*v_8*v_9*(v_7 - 1) + v_6*v_8*(v_9 - 1) + v_8*(v_6 - 1) + v_8 - 1)) - (v_18 - 1)*(1.0*v_19*(-v_1*(v_10*v_3*v_6*v_7*v_8*v_9*(v_4*(v_5 - 1) + v_4 - 1) + v_6*v_7*v_8*v_9*(v_10*(v_3 - 1) + v_10 - 1) + v_6*v_8*v_9*(v_7 - 1) + v_6*v_8*(v_9 - 1) + v_8*(v_6 - 1) + v_8 - 1) + v_10*v_3*v_4*v_5*v_6*v_7*v_8*v_9 + (v_1 - 1)*(v_10*v_3*v_6*v_7*v_8*v_9*(v_4*(v_5 - 1) + v_4 - 1) + v_6*v_7*v_8*v_9*(v_10*(v_3 - 1) + v_10 - 1) + v_6*v_8*v_9*(v_7 - 1) + v_6*v_8*(v_9 - 1) + v_8*(v_6 - 1) + v_8 - 1)) - (v_19 - 1)*(1.0*v_20*(-v_1*(v_10*v_3*v_6*v_7*v_8*v_9*(v_4*(v_5 - 1) + v_4 - 1) + v_6*v_7*v_8*v_9*(v_10*(v_3 - 1) + v_10 - 1) + v_6*v_8*v_9*(v_7 - 1) + v_6*v_8*(v_9 - 1) + v_8*(v_6 - 1) + v_8 - 1) + v_10*v_3*v_4*v_5*v_6*v_7*v_8*v_9 + (v_1 - 1)*(v_10*v_3*v_6*v_7*v_8*v_9*(v_4*(v_5 - 1) + v_4 - 1) + v_6*v_7*v_8*v_9*(v_10*(v_3 - 1) + v_10 - 1) + v_6*v_8*v_9*(v_7 - 1) + v_6*v_8*(v_9 - 1) + v_8*(v_6 - 1) + v_8 - 1)) - (v_20 - 1)*(1.0*v_21*(-v_1*(v_10*v_3*v_6*v_7*v_8*v_9*(v_4*(v_5 - 1) + v_4 - 1) + v_6*v_7*v_8*v_9*(v_10*(v_3 - 1) + v_10 - 1) + v_6*v_8*v_9*(v_7 - 1) + v_6*v_8*(v_9 - 1) + v_8*(v_6 - 1) + v_8 - 1) + v_10*v_3*v_4*v_5*v_6*v_7*v_8*v_9 + (v_1 - 1)*(v_10*v_3*v_6*v_7*v_8*v_9*(v_4*(v_5 - 1) + v_4 - 1) + v_6*v_7*v_8*v_9*(v_10*(v_3 - 1) + v_10 - 1) + v_6*v_8*v_9*(v_7 - 1) + v_6*v_8*(v_9 - 1) + v_8*(v_6 - 1) + v_8 - 1)) + (v_21 - 1)*(1.0*v_1*(v_10*v_3*v_6*v_7*v_8*v_9*(v_4*(v_5 - 1) + v_4 - 1) + v_6*v_7*v_8*v_9*(v_10*(v_3 - 1) + v_10 - 1) + v_6*v_8*v_9*(v_7 - 1) + v_6*v_8*(v_9 - 1) + v_8*(v_6 - 1) + v_8 - 1) + 0.97*v_10*v_3*v_4*v_5*v_6*v_7*v_8*v_9*(0.97*v_1 - 1.0) - 0.03*v_10*v_3*v_4*v_5*v_6*v_7*v_8*v_9 - 1.0*(v_1 - 1)*(v_10*v_3*v_6*v_7*v_8*v_9*(v_4*(v_5 - 1) + v_4 - 1) + v_6*v_7*v_8*v_9*(v_10*(v_3 - 1) + v_10 - 1) + v_6*v_8*v_9*(v_7 - 1) + v_6*v_8*(v_9 - 1) + v_8*(v_6 - 1) + v_8 - 1))))))))))
Post simplification
symp_time: 99.88827109336853
number of sums: 160
number of subs: 199
number of prods: 490
opt_time: 3.346675157546997
     fun: 8.100000000000028
     jac: array([1., 1., 1., 1., 1., 1., 1., 1., 1., 1., 1., 1., 1., 1., 1., 1., 1.,
       1.])
 message: 'Optimization terminated successfully'
    nfev: 2
     nit: 2
    njev: 2
  status: 0
 success: True
       x: array([0.05, 0.85, 0.05, 0.85, 0.05, 0.85, 0.05, 0.85, 0.05, 0.85, 0.05,
       0.85, 0.05, 0.85, 0.05, 0.85, 0.05, 0.85])

real	2m3.334s
user	2m1.678s
sys	0m1.350s
Instance: 19
[INFO] aspmc: Tree Decomposition #bags: 40 unfolded treewidth: 4 #vertices: 52
[INFO] aspmc: Preprocessing disabled
[INFO] aspmc:    Stats Compilation
[INFO] aspmc: ------------------------------------------------------------
[INFO] aspmc: X/D-Constrained Tree Decomposition #bags: 34 treewidth: 15 #vertices: 78
[INFO] aspmc: Dtree time:               2.0337347984313965
[INFO] aspmc: Compilation time:         0.1827387809753418
[INFO] aspmc: Preparation time:         0.0001308917999267578
[INFO] aspmc: Counting time:            15.860944747924805
[INFO] aspmc: ------------------------------------------------------------
[0.97::a0., 0.03::a1., 0.97::a2., 0.03::a3., 0.97::a4., 0.03::a5., 0.97::a6., 0.03::a7., 0.97::a8., 0.03::a9., 0.97::a10., 0.03::a11., 0.97::a12., 0.03::a13., 0.97::a14., 0.03::a15., 0.97::a16., 0.03::a17., 0.97::a18., 0.03::a19., qr:-not a0., qr:-a1,not nqr., nqr:-a1,not qr., qr:-not a2., qr:-a3,not nqr., nqr:-a3,not qr., qr:-not a4., qr:-a5,not nqr., nqr:-a5,not qr., qr:-not a6., qr:-a7,not nqr., nqr:-a7,not qr., qr:-not a8., qr:-a9,not nqr., nqr:-a9,not qr., qr:-not a10., qr:-a11,not nqr., nqr:-a11,not qr., qr:-not a12., qr:-a13,not nqr., nqr:-a13,not qr., qr:-not a14., qr:-a15,not nqr., nqr:-a15,not qr., qr:-not a16., qr:-a17,not nqr., nqr:-a17,not qr., qr:-not a18., qr:-a19,not nqr., nqr:-a19,not qr., query(qr).]
tracc
nnf_construction_time: 19.1881742477417
Pre simplification
number of sums: 73727
number of prods: 129023
len(eq): 4218
1.0*v_12*(-v_1*(v_10*v_3*v_6*v_7*v_8*v_9*(v_4*(v_5 - 1) + v_4 - 1) + v_6*v_7*v_8*v_9*(v_10*(v_3 - 1) + v_10 - 1) + v_6*v_8*v_9*(v_7 - 1) + v_6*v_8*(v_9 - 1) + v_8*(v_6 - 1) + v_8 - 1) + v_10*v_3*v_4*v_5*v_6*v_7*v_8*v_9 + (v_1 - 1)*(v_10*v_3*v_6*v_7*v_8*v_9*(v_4*(v_5 - 1) + v_4 - 1) + v_6*v_7*v_8*v_9*(v_10*(v_3 - 1) + v_10 - 1) + v_6*v_8*v_9*(v_7 - 1) + v_6*v_8*(v_9 - 1) + v_8*(v_6 - 1) + v_8 - 1)) - (v_12 - 1)*(1.0*v_14*(-v_1*(v_10*v_3*v_6*v_7*v_8*v_9*(v_4*(v_5 - 1) + v_4 - 1) + v_6*v_7*v_8*v_9*(v_10*(v_3 - 1) + v_10 - 1) + v_6*v_8*v_9*(v_7 - 1) + v_6*v_8*(v_9 - 1) + v_8*(v_6 - 1) + v_8 - 1) + v_10*v_3*v_4*v_5*v_6*v_7*v_8*v_9 + (v_1 - 1)*(v_10*v_3*v_6*v_7*v_8*v_9*(v_4*(v_5 - 1) + v_4 - 1) + v_6*v_7*v_8*v_9*(v_10*(v_3 - 1) + v_10 - 1) + v_6*v_8*v_9*(v_7 - 1) + v_6*v_8*(v_9 - 1) + v_8*(v_6 - 1) + v_8 - 1)) - (v_14 - 1)*(1.0*v_15*(-v_1*(v_10*v_3*v_6*v_7*v_8*v_9*(v_4*(v_5 - 1) + v_4 - 1) + v_6*v_7*v_8*v_9*(v_10*(v_3 - 1) + v_10 - 1) + v_6*v_8*v_9*(v_7 - 1) + v_6*v_8*(v_9 - 1) + v_8*(v_6 - 1) + v_8 - 1) + v_10*v_3*v_4*v_5*v_6*v_7*v_8*v_9 + (v_1 - 1)*(v_10*v_3*v_6*v_7*v_8*v_9*(v_4*(v_5 - 1) + v_4 - 1) + v_6*v_7*v_8*v_9*(v_10*(v_3 - 1) + v_10 - 1) + v_6*v_8*v_9*(v_7 - 1) + v_6*v_8*(v_9 - 1) + v_8*(v_6 - 1) + v_8 - 1)) - (v_15 - 1)*(1.0*v_16*(-v_1*(v_10*v_3*v_6*v_7*v_8*v_9*(v_4*(v_5 - 1) + v_4 - 1) + v_6*v_7*v_8*v_9*(v_10*(v_3 - 1) + v_10 - 1) + v_6*v_8*v_9*(v_7 - 1) + v_6*v_8*(v_9 - 1) + v_8*(v_6 - 1) + v_8 - 1) + v_10*v_3*v_4*v_5*v_6*v_7*v_8*v_9 + (v_1 - 1)*(v_10*v_3*v_6*v_7*v_8*v_9*(v_4*(v_5 - 1) + v_4 - 1) + v_6*v_7*v_8*v_9*(v_10*(v_3 - 1) + v_10 - 1) + v_6*v_8*v_9*(v_7 - 1) + v_6*v_8*(v_9 - 1) + v_8*(v_6 - 1) + v_8 - 1)) - (v_16 - 1)*(1.0*v_17*(-v_1*(v_10*v_3*v_6*v_7*v_8*v_9*(v_4*(v_5 - 1) + v_4 - 1) + v_6*v_7*v_8*v_9*(v_10*(v_3 - 1) + v_10 - 1) + v_6*v_8*v_9*(v_7 - 1) + v_6*v_8*(v_9 - 1) + v_8*(v_6 - 1) + v_8 - 1) + v_10*v_3*v_4*v_5*v_6*v_7*v_8*v_9 + (v_1 - 1)*(v_10*v_3*v_6*v_7*v_8*v_9*(v_4*(v_5 - 1) + v_4 - 1) + v_6*v_7*v_8*v_9*(v_10*(v_3 - 1) + v_10 - 1) + v_6*v_8*v_9*(v_7 - 1) + v_6*v_8*(v_9 - 1) + v_8*(v_6 - 1) + v_8 - 1)) - (v_17 - 1)*(1.0*v_18*(-v_1*(v_10*v_3*v_6*v_7*v_8*v_9*(v_4*(v_5 - 1) + v_4 - 1) + v_6*v_7*v_8*v_9*(v_10*(v_3 - 1) + v_10 - 1) + v_6*v_8*v_9*(v_7 - 1) + v_6*v_8*(v_9 - 1) + v_8*(v_6 - 1) + v_8 - 1) + v_10*v_3*v_4*v_5*v_6*v_7*v_8*v_9 + (v_1 - 1)*(v_10*v_3*v_6*v_7*v_8*v_9*(v_4*(v_5 - 1) + v_4 - 1) + v_6*v_7*v_8*v_9*(v_10*(v_3 - 1) + v_10 - 1) + v_6*v_8*v_9*(v_7 - 1) + v_6*v_8*(v_9 - 1) + v_8*(v_6 - 1) + v_8 - 1)) - (v_18 - 1)*(1.0*v_19*(-v_1*(v_10*v_3*v_6*v_7*v_8*v_9*(v_4*(v_5 - 1) + v_4 - 1) + v_6*v_7*v_8*v_9*(v_10*(v_3 - 1) + v_10 - 1) + v_6*v_8*v_9*(v_7 - 1) + v_6*v_8*(v_9 - 1) + v_8*(v_6 - 1) + v_8 - 1) + v_10*v_3*v_4*v_5*v_6*v_7*v_8*v_9 + (v_1 - 1)*(v_10*v_3*v_6*v_7*v_8*v_9*(v_4*(v_5 - 1) + v_4 - 1) + v_6*v_7*v_8*v_9*(v_10*(v_3 - 1) + v_10 - 1) + v_6*v_8*v_9*(v_7 - 1) + v_6*v_8*(v_9 - 1) + v_8*(v_6 - 1) + v_8 - 1)) - (v_19 - 1)*(1.0*v_20*(-v_1*(v_10*v_3*v_6*v_7*v_8*v_9*(v_4*(v_5 - 1) + v_4 - 1) + v_6*v_7*v_8*v_9*(v_10*(v_3 - 1) + v_10 - 1) + v_6*v_8*v_9*(v_7 - 1) + v_6*v_8*(v_9 - 1) + v_8*(v_6 - 1) + v_8 - 1) + v_10*v_3*v_4*v_5*v_6*v_7*v_8*v_9 + (v_1 - 1)*(v_10*v_3*v_6*v_7*v_8*v_9*(v_4*(v_5 - 1) + v_4 - 1) + v_6*v_7*v_8*v_9*(v_10*(v_3 - 1) + v_10 - 1) + v_6*v_8*v_9*(v_7 - 1) + v_6*v_8*(v_9 - 1) + v_8*(v_6 - 1) + v_8 - 1)) - (v_20 - 1)*(1.0*v_21*(-v_1*(v_10*v_3*v_6*v_7*v_8*v_9*(v_4*(v_5 - 1) + v_4 - 1) + v_6*v_7*v_8*v_9*(v_10*(v_3 - 1) + v_10 - 1) + v_6*v_8*v_9*(v_7 - 1) + v_6*v_8*(v_9 - 1) + v_8*(v_6 - 1) + v_8 - 1) + v_10*v_3*v_4*v_5*v_6*v_7*v_8*v_9 + (v_1 - 1)*(v_10*v_3*v_6*v_7*v_8*v_9*(v_4*(v_5 - 1) + v_4 - 1) + v_6*v_7*v_8*v_9*(v_10*(v_3 - 1) + v_10 - 1) + v_6*v_8*v_9*(v_7 - 1) + v_6*v_8*(v_9 - 1) + v_8*(v_6 - 1) + v_8 - 1)) + (v_21 - 1)*(1.0*v_1*(-v_10*v_3*v_6*v_7*v_8*v_9*(-v_4*(v_5 - 1) - v_4 + 1) - v_6*v_7*v_8*v_9*(-v_10*(v_3 - 1) - v_10 + 1) + v_6*v_8*v_9*(v_7 - 1) + v_6*v_8*(v_9 - 1) + v_8*(v_6 - 1) + v_8 - 1) + 0.97*v_10*v_3*v_4*v_5*v_6*v_7*v_8*v_9*(v_1*(v_11 - 1) + v_1 - 1) - 0.03*v_10*v_3*v_4*v_5*v_6*v_7*v_8*v_9 - 1.0*(v_1 - 1)*(-v_10*v_3*v_6*v_7*v_8*v_9*(-v_4*(v_5 - 1) - v_4 + 1) - v_6*v_7*v_8*v_9*(-v_10*(v_3 - 1) - v_10 + 1) + v_6*v_8*v_9*(v_7 - 1) + v_6*v_8*(v_9 - 1) + v_8*(v_6 - 1) + v_8 - 1))))))))))
Post simplification
symp_time: 132.47573685646057
number of sums: 159
number of subs: 208
number of prods: 490
opt_time: 3.6597378253936768
     fun: 8.15000000000001
     jac: array([1., 1., 1., 1., 1., 1., 1., 1., 1., 1., 1., 1., 1., 1., 1., 1., 1.,
       1., 1.])
 message: 'Optimization terminated successfully'
    nfev: 2
     nit: 2
    njev: 2
  status: 0
 success: True
       x: array([0.05, 0.85, 0.05, 0.85, 0.05, 0.85, 0.05, 0.85, 0.05, 0.85, 0.05,
       0.85, 0.05, 0.85, 0.05, 0.85, 0.05, 0.85, 0.05])

real	2m36.522s
user	2m34.875s
sys	0m1.307s
Instance: 20
[INFO] aspmc: Tree Decomposition #bags: 40 unfolded treewidth: 4 #vertices: 52
[INFO] aspmc: Preprocessing disabled
[INFO] aspmc:    Stats Compilation
[INFO] aspmc: ------------------------------------------------------------
[INFO] aspmc: X/D-Constrained Tree Decomposition #bags: 34 treewidth: 15 #vertices: 78
[INFO] aspmc: Dtree time:               2.032930612564087
[INFO] aspmc: Compilation time:         0.18192696571350098
[INFO] aspmc: Preparation time:         0.00012874603271484375
[INFO] aspmc: Counting time:            15.412935495376587
[INFO] aspmc: ------------------------------------------------------------
[0.97::a0., 0.03::a1., 0.97::a2., 0.03::a3., 0.97::a4., 0.03::a5., 0.97::a6., 0.03::a7., 0.97::a8., 0.03::a9., 0.97::a10., 0.03::a11., 0.97::a12., 0.03::a13., 0.97::a14., 0.03::a15., 0.97::a16., 0.03::a17., 0.97::a18., 0.03::a19., qr:-not a0., qr:-a1,not nqr., nqr:-a1,not qr., qr:-not a2., qr:-a3,not nqr., nqr:-a3,not qr., qr:-not a4., qr:-a5,not nqr., nqr:-a5,not qr., qr:-not a6., qr:-a7,not nqr., nqr:-a7,not qr., qr:-not a8., qr:-a9,not nqr., nqr:-a9,not qr., qr:-not a10., qr:-a11,not nqr., nqr:-a11,not qr., qr:-not a12., qr:-a13,not nqr., nqr:-a13,not qr., qr:-not a14., qr:-a15,not nqr., nqr:-a15,not qr., qr:-not a16., qr:-a17,not nqr., nqr:-a17,not qr., qr:-not a18., qr:-a19,not nqr., nqr:-a19,not qr., query(qr).]
tracc
nnf_construction_time: 18.739777326583862
Pre simplification
number of sums: 73727
number of prods: 129023
len(eq): 4541
v_12*(-v_1*(v_10*v_3*v_6*v_7*v_8*v_9*(v_4*(v_5 - 1) + v_4 - 1) + v_6*v_7*v_8*v_9*(v_10*(v_3 - 1) + v_10 - 1) + v_6*v_8*v_9*(v_7 - 1) + v_6*v_8*(v_9 - 1) + v_8*(v_6 - 1) + v_8 - 1) + v_10*v_3*v_4*v_5*v_6*v_7*v_8*v_9 + (v_1 - 1)*(v_10*v_3*v_6*v_7*v_8*v_9*(v_4*(v_5 - 1) + v_4 - 1) + v_6*v_7*v_8*v_9*(v_10*(v_3 - 1) + v_10 - 1) + v_6*v_8*v_9*(v_7 - 1) + v_6*v_8*(v_9 - 1) + v_8*(v_6 - 1) + v_8 - 1)) - (v_12 - 1)*(v_14*(-v_1*(v_10*v_3*v_6*v_7*v_8*v_9*(v_4*(v_5 - 1) + v_4 - 1) + v_6*v_7*v_8*v_9*(v_10*(v_3 - 1) + v_10 - 1) + v_6*v_8*v_9*(v_7 - 1) + v_6*v_8*(v_9 - 1) + v_8*(v_6 - 1) + v_8 - 1) + v_10*v_3*v_4*v_5*v_6*v_7*v_8*v_9 + (v_1 - 1)*(v_10*v_3*v_6*v_7*v_8*v_9*(v_4*(v_5 - 1) + v_4 - 1) + v_6*v_7*v_8*v_9*(v_10*(v_3 - 1) + v_10 - 1) + v_6*v_8*v_9*(v_7 - 1) + v_6*v_8*(v_9 - 1) + v_8*(v_6 - 1) + v_8 - 1)) - (v_14 - 1)*(v_15*(-v_1*(v_10*v_3*v_6*v_7*v_8*v_9*(v_4*(v_5 - 1) + v_4 - 1) + v_6*v_7*v_8*v_9*(v_10*(v_3 - 1) + v_10 - 1) + v_6*v_8*v_9*(v_7 - 1) + v_6*v_8*(v_9 - 1) + v_8*(v_6 - 1) + v_8 - 1) + v_10*v_3*v_4*v_5*v_6*v_7*v_8*v_9 + (v_1 - 1)*(v_10*v_3*v_6*v_7*v_8*v_9*(v_4*(v_5 - 1) + v_4 - 1) + v_6*v_7*v_8*v_9*(v_10*(v_3 - 1) + v_10 - 1) + v_6*v_8*v_9*(v_7 - 1) + v_6*v_8*(v_9 - 1) + v_8*(v_6 - 1) + v_8 - 1)) - (v_15 - 1)*(v_16*(-v_1*(v_10*v_3*v_6*v_7*v_8*v_9*(v_4*(v_5 - 1) + v_4 - 1) + v_6*v_7*v_8*v_9*(v_10*(v_3 - 1) + v_10 - 1) + v_6*v_8*v_9*(v_7 - 1) + v_6*v_8*(v_9 - 1) + v_8*(v_6 - 1) + v_8 - 1) + v_10*v_3*v_4*v_5*v_6*v_7*v_8*v_9 + (v_1 - 1)*(v_10*v_3*v_6*v_7*v_8*v_9*(v_4*(v_5 - 1) + v_4 - 1) + v_6*v_7*v_8*v_9*(v_10*(v_3 - 1) + v_10 - 1) + v_6*v_8*v_9*(v_7 - 1) + v_6*v_8*(v_9 - 1) + v_8*(v_6 - 1) + v_8 - 1)) - (v_16 - 1)*(v_17*(-v_1*(v_10*v_3*v_6*v_7*v_8*v_9*(v_4*(v_5 - 1) + v_4 - 1) + v_6*v_7*v_8*v_9*(v_10*(v_3 - 1) + v_10 - 1) + v_6*v_8*v_9*(v_7 - 1) + v_6*v_8*(v_9 - 1) + v_8*(v_6 - 1) + v_8 - 1) + v_10*v_3*v_4*v_5*v_6*v_7*v_8*v_9 + (v_1 - 1)*(v_10*v_3*v_6*v_7*v_8*v_9*(v_4*(v_5 - 1) + v_4 - 1) + v_6*v_7*v_8*v_9*(v_10*(v_3 - 1) + v_10 - 1) + v_6*v_8*v_9*(v_7 - 1) + v_6*v_8*(v_9 - 1) + v_8*(v_6 - 1) + v_8 - 1)) - (v_17 - 1)*(v_18*(-v_1*(v_10*v_3*v_6*v_7*v_8*v_9*(v_4*(v_5 - 1) + v_4 - 1) + v_6*v_7*v_8*v_9*(v_10*(v_3 - 1) + v_10 - 1) + v_6*v_8*v_9*(v_7 - 1) + v_6*v_8*(v_9 - 1) + v_8*(v_6 - 1) + v_8 - 1) + v_10*v_3*v_4*v_5*v_6*v_7*v_8*v_9 + (v_1 - 1)*(v_10*v_3*v_6*v_7*v_8*v_9*(v_4*(v_5 - 1) + v_4 - 1) + v_6*v_7*v_8*v_9*(v_10*(v_3 - 1) + v_10 - 1) + v_6*v_8*v_9*(v_7 - 1) + v_6*v_8*(v_9 - 1) + v_8*(v_6 - 1) + v_8 - 1)) - (v_18 - 1)*(v_19*(-v_1*(v_10*v_3*v_6*v_7*v_8*v_9*(v_4*(v_5 - 1) + v_4 - 1) + v_6*v_7*v_8*v_9*(v_10*(v_3 - 1) + v_10 - 1) + v_6*v_8*v_9*(v_7 - 1) + v_6*v_8*(v_9 - 1) + v_8*(v_6 - 1) + v_8 - 1) + v_10*v_3*v_4*v_5*v_6*v_7*v_8*v_9 + (v_1 - 1)*(v_10*v_3*v_6*v_7*v_8*v_9*(v_4*(v_5 - 1) + v_4 - 1) + v_6*v_7*v_8*v_9*(v_10*(v_3 - 1) + v_10 - 1) + v_6*v_8*v_9*(v_7 - 1) + v_6*v_8*(v_9 - 1) + v_8*(v_6 - 1) + v_8 - 1)) - (v_19 - 1)*(v_20*(-v_1*(v_10*v_3*v_6*v_7*v_8*v_9*(v_4*(v_5 - 1) + v_4 - 1) + v_6*v_7*v_8*v_9*(v_10*(v_3 - 1) + v_10 - 1) + v_6*v_8*v_9*(v_7 - 1) + v_6*v_8*(v_9 - 1) + v_8*(v_6 - 1) + v_8 - 1) + v_10*v_3*v_4*v_5*v_6*v_7*v_8*v_9 + (v_1 - 1)*(v_10*v_3*v_6*v_7*v_8*v_9*(v_4*(v_5 - 1) + v_4 - 1) + v_6*v_7*v_8*v_9*(v_10*(v_3 - 1) + v_10 - 1) + v_6*v_8*v_9*(v_7 - 1) + v_6*v_8*(v_9 - 1) + v_8*(v_6 - 1) + v_8 - 1)) - (v_20 - 1)*(v_21*(-v_1*(v_10*v_3*v_6*v_7*v_8*v_9*(v_4*(v_5 - 1) + v_4 - 1) + v_6*v_7*v_8*v_9*(v_10*(v_3 - 1) + v_10 - 1) + v_6*v_8*v_9*(v_7 - 1) + v_6*v_8*(v_9 - 1) + v_8*(v_6 - 1) + v_8 - 1) + v_10*v_3*v_4*v_5*v_6*v_7*v_8*v_9 + (v_1 - 1)*(v_10*v_3*v_6*v_7*v_8*v_9*(v_4*(v_5 - 1) + v_4 - 1) + v_6*v_7*v_8*v_9*(v_10*(v_3 - 1) + v_10 - 1) + v_6*v_8*v_9*(v_7 - 1) + v_6*v_8*(v_9 - 1) + v_8*(v_6 - 1) + v_8 - 1)) - (v_21 - 1)*(v_22*(-v_1*(v_10*v_3*v_6*v_7*v_8*v_9*(v_4*(v_5 - 1) + v_4 - 1) + v_6*v_7*v_8*v_9*(v_10*(v_3 - 1) + v_10 - 1) + v_6*v_8*v_9*(v_7 - 1) + v_6*v_8*(v_9 - 1) + v_8*(v_6 - 1) + v_8 - 1) + v_10*v_3*v_4*v_5*v_6*v_7*v_8*v_9 + (v_1 - 1)*(v_10*v_3*v_6*v_7*v_8*v_9*(v_4*(v_5 - 1) + v_4 - 1) + v_6*v_7*v_8*v_9*(v_10*(v_3 - 1) + v_10 - 1) + v_6*v_8*v_9*(v_7 - 1) + v_6*v_8*(v_9 - 1) + v_8*(v_6 - 1) + v_8 - 1)) + (v_22 - 1)*(v_1*(-v_10*v_3*v_6*v_7*v_8*v_9*(-v_4*(v_5 - 1) - v_4 + 1) - v_6*v_7*v_8*v_9*(-v_10*(v_3 - 1) - v_10 + 1) + v_6*v_8*v_9*(v_7 - 1) + v_6*v_8*(v_9 - 1) + v_8*(v_6 - 1) + v_8 - 1) + v_10*v_3*v_4*v_5*v_6*v_7*v_8*v_9*(v_1*(v_11 - 1) + v_1 - 1) - (v_1 - 1)*(-v_10*v_3*v_6*v_7*v_8*v_9*(-v_4*(v_5 - 1) - v_4 + 1) - v_6*v_7*v_8*v_9*(-v_10*(v_3 - 1) - v_10 + 1) + v_6*v_8*v_9*(v_7 - 1) + v_6*v_8*(v_9 - 1) + v_8*(v_6 - 1) + v_8 - 1)))))))))))
Post simplification
symp_time: 239.81407284736633
number of sums: 175
number of subs: 227
number of prods: 517
opt_time: 3.6282601356506348
     fun: 8.999999999999998
     jac: array([1., 1., 1., 1., 1., 1., 1., 1., 1., 1., 1., 1., 1., 1., 1., 1., 1.,
       1., 1., 1.])
 message: 'Optimization terminated successfully'
    nfev: 2
     nit: 2
    njev: 2
  status: 0
 success: True
       x: array([0.05, 0.85, 0.05, 0.85, 0.05, 0.85, 0.05, 0.85, 0.05, 0.85, 0.05,
       0.85, 0.05, 0.85, 0.05, 0.85, 0.05, 0.85, 0.05, 0.85])

real	4m23.384s
user	4m21.446s
sys	0m1.415s
Ended at: 
Thu Dec  7 18:18:44 CET 2023
