Started at: 
Thu Dec  7 17:56:10 CET 2023
Instance: 2
[INFO] aspmc: Tree Decomposition #bags: 40 unfolded treewidth: 4 #vertices: 52
[INFO] aspmc: Preprocessing disabled
[INFO] aspmc:    Stats Compilation
[INFO] aspmc: ------------------------------------------------------------
[INFO] aspmc: X/D-Constrained Tree Decomposition #bags: 34 treewidth: 15 #vertices: 78
[INFO] aspmc: Dtree time:               2.0323081016540527
[INFO] aspmc: Compilation time:         0.18206286430358887
[INFO] aspmc: Preparation time:         0.0001308917999267578
[INFO] aspmc: Counting time:            15.353098154067993
[INFO] aspmc: ------------------------------------------------------------
[0.97::a0., 0.03::a1., 0.97::a2., 0.03::a3., 0.97::a4., 0.03::a5., 0.97::a6., 0.03::a7., 0.97::a8., 0.03::a9., 0.97::a10., 0.03::a11., 0.97::a12., 0.03::a13., 0.97::a14., 0.03::a15., 0.97::a16., 0.03::a17., 0.97::a18., 0.03::a19., qr:-not a0., qr:-a1,not nqr., nqr:-a1,not qr., qr:-not a2., qr:-a3,not nqr., nqr:-a3,not qr., qr:-not a4., qr:-a5,not nqr., nqr:-a5,not qr., qr:-not a6., qr:-a7,not nqr., nqr:-a7,not qr., qr:-not a8., qr:-a9,not nqr., nqr:-a9,not qr., qr:-not a10., qr:-a11,not nqr., nqr:-a11,not qr., qr:-not a12., qr:-a13,not nqr., nqr:-a13,not qr., qr:-not a14., qr:-a15,not nqr., nqr:-a15,not qr., qr:-not a16., qr:-a17,not nqr., nqr:-a17,not qr., qr:-not a18., qr:-a19,not nqr., nqr:-a19,not qr., query(qr).]
tracc
nnf_construction_time: 18.68392539024353
Pre simplification
number of sums: 73727
number of prods: 129023
len(eq): 56
0.577951262543041*v_1*v_12 - 0.577951262543041*v_1 + 1.0
Post simplification
symp_time: 18.963919639587402
number of sums: 1
number of subs: 1
number of prods: 3
opt_time: 0.05419778823852539
     fun: 1.0
     jac: array([1., 1.])
 message: 'Positive directional derivative for linesearch'
    nfev: 41
     nit: 10
    njev: 6
  status: 8
 success: False
       x: array([0.15, 0.85])

real	0m38.945s
user	0m37.580s
sys	0m1.217s
Instance: 3
[INFO] aspmc: Tree Decomposition #bags: 40 unfolded treewidth: 4 #vertices: 52
[INFO] aspmc: Preprocessing disabled
[INFO] aspmc:    Stats Compilation
[INFO] aspmc: ------------------------------------------------------------
[INFO] aspmc: X/D-Constrained Tree Decomposition #bags: 34 treewidth: 15 #vertices: 78
[INFO] aspmc: Dtree time:               2.0325896739959717
[INFO] aspmc: Compilation time:         0.18225693702697754
[INFO] aspmc: Preparation time:         0.00013446807861328125
[INFO] aspmc: Counting time:            14.883286476135254
[INFO] aspmc: ------------------------------------------------------------
[0.97::a0., 0.03::a1., 0.97::a2., 0.03::a3., 0.97::a4., 0.03::a5., 0.97::a6., 0.03::a7., 0.97::a8., 0.03::a9., 0.97::a10., 0.03::a11., 0.97::a12., 0.03::a13., 0.97::a14., 0.03::a15., 0.97::a16., 0.03::a17., 0.97::a18., 0.03::a19., qr:-not a0., qr:-a1,not nqr., nqr:-a1,not qr., qr:-not a2., qr:-a3,not nqr., nqr:-a3,not qr., qr:-not a4., qr:-a5,not nqr., nqr:-a5,not qr., qr:-not a6., qr:-a7,not nqr., nqr:-a7,not qr., qr:-not a8., qr:-a9,not nqr., nqr:-a9,not qr., qr:-not a10., qr:-a11,not nqr., nqr:-a11,not qr., qr:-not a12., qr:-a13,not nqr., nqr:-a13,not qr., qr:-not a14., qr:-a15,not nqr., nqr:-a15,not qr., qr:-not a16., qr:-a17,not nqr., nqr:-a17,not qr., qr:-not a18., qr:-a19,not nqr., nqr:-a19,not qr., query(qr).]
tracc
nnf_construction_time: 18.215899229049683
Pre simplification
number of sums: 73727
number of prods: 129023
len(eq): 123
0.595826043858805*v_1*v_12*v_3 - 0.595826043858805*v_1*v_3 + 1.11022302462516e-16*v_12*v_3 - 1.11022302462516e-16*v_3 + 1.0
Post simplification
symp_time: 19.581274032592773
number of sums: 2
number of subs: 4
number of prods: 8
opt_time: 0.1388838291168213
     fun: 0.9500000000000007
     jac: array([1., 1., 1.])
 message: 'Optimization terminated successfully'
    nfev: 2
     nit: 2
    njev: 2
  status: 0
 success: True
       x: array([0.05, 0.85, 0.05])

real	0m39.167s
user	0m37.802s
sys	0m1.202s
Instance: 4
[INFO] aspmc: Tree Decomposition #bags: 40 unfolded treewidth: 4 #vertices: 52
[INFO] aspmc: Preprocessing disabled
[INFO] aspmc:    Stats Compilation
[INFO] aspmc: ------------------------------------------------------------
[INFO] aspmc: X/D-Constrained Tree Decomposition #bags: 34 treewidth: 15 #vertices: 78
[INFO] aspmc: Dtree time:               2.037328004837036
[INFO] aspmc: Compilation time:         0.18242287635803223
[INFO] aspmc: Preparation time:         0.0001347064971923828
[INFO] aspmc: Counting time:            16.838051319122314
[INFO] aspmc: ------------------------------------------------------------
[0.97::a0., 0.03::a1., 0.97::a2., 0.03::a3., 0.97::a4., 0.03::a5., 0.97::a6., 0.03::a7., 0.97::a8., 0.03::a9., 0.97::a10., 0.03::a11., 0.97::a12., 0.03::a13., 0.97::a14., 0.03::a15., 0.97::a16., 0.03::a17., 0.97::a18., 0.03::a19., qr:-not a0., qr:-a1,not nqr., nqr:-a1,not qr., qr:-not a2., qr:-a3,not nqr., nqr:-a3,not qr., qr:-not a4., qr:-a5,not nqr., nqr:-a5,not qr., qr:-not a6., qr:-a7,not nqr., nqr:-a7,not qr., qr:-not a8., qr:-a9,not nqr., nqr:-a9,not qr., qr:-not a10., qr:-a11,not nqr., nqr:-a11,not qr., qr:-not a12., qr:-a13,not nqr., nqr:-a13,not qr., qr:-not a14., qr:-a15,not nqr., nqr:-a15,not qr., qr:-not a16., qr:-a17,not nqr., nqr:-a17,not qr., qr:-not a18., qr:-a19,not nqr., nqr:-a19,not qr., query(qr).]
tracc
nnf_construction_time: 20.171403169631958
Pre simplification
number of sums: 73727
number of prods: 129023
len(eq): 264
-0.614253653462685*v_1*v_12*v_14*v_3 + 0.614253653462685*v_1*v_12*v_3 + 0.614253653462685*v_1*v_14*v_3 - 0.614253653462685*v_1*v_3 - 1.11022302462516e-16*v_12*v_14*v_3 + 1.11022302462516e-16*v_12*v_3 + 1.11022302462516e-16*v_14*v_3 - 1.11022302462516e-16*v_3 + 1.0
Post simplification
symp_time: 20.01339626312256
number of sums: 5
number of subs: 8
number of prods: 20
opt_time: 0.5800833702087402
     fun: 2.0
     jac: array([1., 1., 1., 1.])
 message: 'Positive directional derivative for linesearch'
    nfev: 96
     nit: 15
    njev: 11
  status: 8
 success: False
       x: array([0.15, 0.85, 0.15, 0.85])

real	0m41.973s
user	0m40.459s
sys	0m1.322s
Instance: 5
[INFO] aspmc: Tree Decomposition #bags: 40 unfolded treewidth: 4 #vertices: 52
[INFO] aspmc: Preprocessing disabled
[INFO] aspmc:    Stats Compilation
[INFO] aspmc: ------------------------------------------------------------
[INFO] aspmc: X/D-Constrained Tree Decomposition #bags: 34 treewidth: 15 #vertices: 78
[INFO] aspmc: Dtree time:               2.0327072143554688
[INFO] aspmc: Compilation time:         0.17981791496276855
[INFO] aspmc: Preparation time:         0.00013113021850585938
[INFO] aspmc: Counting time:            15.68120265007019
[INFO] aspmc: ------------------------------------------------------------
[0.97::a0., 0.03::a1., 0.97::a2., 0.03::a3., 0.97::a4., 0.03::a5., 0.97::a6., 0.03::a7., 0.97::a8., 0.03::a9., 0.97::a10., 0.03::a11., 0.97::a12., 0.03::a13., 0.97::a14., 0.03::a15., 0.97::a16., 0.03::a17., 0.97::a18., 0.03::a19., qr:-not a0., qr:-a1,not nqr., nqr:-a1,not qr., qr:-not a2., qr:-a3,not nqr., nqr:-a3,not qr., qr:-not a4., qr:-a5,not nqr., nqr:-a5,not qr., qr:-not a6., qr:-a7,not nqr., nqr:-a7,not qr., qr:-not a8., qr:-a9,not nqr., nqr:-a9,not qr., qr:-not a10., qr:-a11,not nqr., nqr:-a11,not qr., qr:-not a12., qr:-a13,not nqr., nqr:-a13,not qr., qr:-not a14., qr:-a15,not nqr., nqr:-a15,not qr., qr:-not a16., qr:-a17,not nqr., nqr:-a17,not qr., qr:-not a18., qr:-a19,not nqr., nqr:-a19,not qr., query(qr).]
tracc
nnf_construction_time: 19.00287938117981
Pre simplification
number of sums: 73727
number of prods: 129023
len(eq): 296
-0.633251189136789*v_1*v_12*v_14*v_3*v_4 + 0.633251189136789*v_1*v_12*v_3*v_4 + 0.633251189136789*v_1*v_14*v_3*v_4 - 0.633251189136789*v_1*v_3*v_4 - 1.11022302462516e-16*v_12*v_14*v_3*v_4 + 1.11022302462516e-16*v_12*v_3*v_4 + 1.11022302462516e-16*v_14*v_3*v_4 - 1.11022302462516e-16*v_3*v_4 + 1.0
Post simplification
symp_time: 20.080161571502686
number of sums: 5
number of subs: 8
number of prods: 28
opt_time: 0.2821836471557617
     fun: 1.850000000000001
     jac: array([1., 1., 1., 1., 1.])
 message: 'Optimization terminated successfully'
    nfev: 2
     nit: 2
    njev: 2
  status: 0
 success: True
       x: array([0.05, 0.85, 0.05, 0.85, 0.05])

real	0m40.534s
user	0m39.096s
sys	0m1.269s
Instance: 6
[INFO] aspmc: Tree Decomposition #bags: 40 unfolded treewidth: 4 #vertices: 52
[INFO] aspmc: Preprocessing disabled
[INFO] aspmc:    Stats Compilation
[INFO] aspmc: ------------------------------------------------------------
[INFO] aspmc: X/D-Constrained Tree Decomposition #bags: 34 treewidth: 15 #vertices: 78
[INFO] aspmc: Dtree time:               2.0328001976013184
[INFO] aspmc: Compilation time:         0.18274831771850586
[INFO] aspmc: Preparation time:         0.00013113021850585938
[INFO] aspmc: Counting time:            15.591225862503052
[INFO] aspmc: ------------------------------------------------------------
[0.97::a0., 0.03::a1., 0.97::a2., 0.03::a3., 0.97::a4., 0.03::a5., 0.97::a6., 0.03::a7., 0.97::a8., 0.03::a9., 0.97::a10., 0.03::a11., 0.97::a12., 0.03::a13., 0.97::a14., 0.03::a15., 0.97::a16., 0.03::a17., 0.97::a18., 0.03::a19., qr:-not a0., qr:-a1,not nqr., nqr:-a1,not qr., qr:-not a2., qr:-a3,not nqr., nqr:-a3,not qr., qr:-not a4., qr:-a5,not nqr., nqr:-a5,not qr., qr:-not a6., qr:-a7,not nqr., nqr:-a7,not qr., qr:-not a8., qr:-a9,not nqr., nqr:-a9,not qr., qr:-not a10., qr:-a11,not nqr., nqr:-a11,not qr., qr:-not a12., qr:-a13,not nqr., nqr:-a13,not qr., qr:-not a14., qr:-a15,not nqr., nqr:-a15,not qr., qr:-not a16., qr:-a17,not nqr., nqr:-a17,not qr., qr:-not a18., qr:-a19,not nqr., nqr:-a19,not qr., query(qr).]
tracc
nnf_construction_time: 18.917237281799316
Pre simplification
number of sums: 73727
number of prods: 129023
len(eq): 627
0.652836277460607*v_1*v_12*v_14*v_15*v_3*v_4 - 0.652836277460607*v_1*v_12*v_14*v_3*v_4 - 0.652836277460607*v_1*v_12*v_15*v_3*v_4 + 0.652836277460607*v_1*v_12*v_3*v_4 - 0.652836277460607*v_1*v_14*v_15*v_3*v_4 + 0.652836277460607*v_1*v_14*v_3*v_4 + 0.652836277460607*v_1*v_15*v_3*v_4 - 0.652836277460607*v_1*v_3*v_4 + 1.11022302462516e-16*v_12*v_14*v_15*v_3*v_4 - 1.11022302462516e-16*v_12*v_14*v_3*v_4 - 1.11022302462516e-16*v_12*v_15*v_3*v_4 + 1.11022302462516e-16*v_12*v_3*v_4 - 1.11022302462516e-16*v_14*v_15*v_3*v_4 + 1.11022302462516e-16*v_14*v_3*v_4 + 1.11022302462516e-16*v_15*v_3*v_4 - 1.11022302462516e-16*v_3*v_4 + 1.0
Post simplification
symp_time: 20.636740922927856
number of sums: 8
number of subs: 16
number of prods: 64
opt_time: 0.872809886932373
     fun: 2.8264125729459697
     jac: array([1., 1., 1., 1., 1., 1.])
 message: 'Optimization terminated successfully'
    nfev: 5
     nit: 4
    njev: 4
  status: 0
 success: True
       x: array([0.09213752, 0.85      , 0.09213752, 0.85      , 0.09213752,
       0.85      ])

real	0m41.599s
user	0m40.129s
sys	0m1.293s
Instance: 7
[INFO] aspmc: Tree Decomposition #bags: 40 unfolded treewidth: 4 #vertices: 52
[INFO] aspmc: Preprocessing disabled
[INFO] aspmc:    Stats Compilation
[INFO] aspmc: ------------------------------------------------------------
[INFO] aspmc: X/D-Constrained Tree Decomposition #bags: 34 treewidth: 15 #vertices: 78
[INFO] aspmc: Dtree time:               2.032691478729248
[INFO] aspmc: Compilation time:         0.18140578269958496
[INFO] aspmc: Preparation time:         0.000133514404296875
[INFO] aspmc: Counting time:            15.268925905227661
[INFO] aspmc: ------------------------------------------------------------
[0.97::a0., 0.03::a1., 0.97::a2., 0.03::a3., 0.97::a4., 0.03::a5., 0.97::a6., 0.03::a7., 0.97::a8., 0.03::a9., 0.97::a10., 0.03::a11., 0.97::a12., 0.03::a13., 0.97::a14., 0.03::a15., 0.97::a16., 0.03::a17., 0.97::a18., 0.03::a19., qr:-not a0., qr:-a1,not nqr., nqr:-a1,not qr., qr:-not a2., qr:-a3,not nqr., nqr:-a3,not qr., qr:-not a4., qr:-a5,not nqr., nqr:-a5,not qr., qr:-not a6., qr:-a7,not nqr., nqr:-a7,not qr., qr:-not a8., qr:-a9,not nqr., nqr:-a9,not qr., qr:-not a10., qr:-a11,not nqr., nqr:-a11,not qr., qr:-not a12., qr:-a13,not nqr., nqr:-a13,not qr., qr:-not a14., qr:-a15,not nqr., nqr:-a15,not qr., qr:-not a16., qr:-a17,not nqr., nqr:-a17,not qr., qr:-not a18., qr:-a19,not nqr., nqr:-a19,not qr., query(qr).]
tracc
nnf_construction_time: 18.591895818710327
Pre simplification
number of sums: 73727
number of prods: 129023
len(eq): 691
0.673027090165575*v_1*v_12*v_14*v_15*v_3*v_4*v_5 - 0.673027090165575*v_1*v_12*v_14*v_3*v_4*v_5 - 0.673027090165575*v_1*v_12*v_15*v_3*v_4*v_5 + 0.673027090165575*v_1*v_12*v_3*v_4*v_5 - 0.673027090165575*v_1*v_14*v_15*v_3*v_4*v_5 + 0.673027090165575*v_1*v_14*v_3*v_4*v_5 + 0.673027090165575*v_1*v_15*v_3*v_4*v_5 - 0.673027090165575*v_1*v_3*v_4*v_5 + 1.11022302462516e-16*v_12*v_14*v_15*v_3*v_4*v_5 - 1.11022302462516e-16*v_12*v_14*v_3*v_4*v_5 - 1.11022302462516e-16*v_12*v_15*v_3*v_4*v_5 + 1.11022302462516e-16*v_12*v_3*v_4*v_5 - 1.11022302462516e-16*v_14*v_15*v_3*v_4*v_5 + 1.11022302462516e-16*v_14*v_3*v_4*v_5 + 1.11022302462516e-16*v_15*v_3*v_4*v_5 - 1.11022302462516e-16*v_3*v_4*v_5 + 1.0
Post simplification
symp_time: 20.74432921409607
number of sums: 8
number of subs: 16
number of prods: 80
opt_time: 0.8369429111480713
     fun: 2.7500000000000004
     jac: array([1., 1., 1., 1., 1., 1., 1.])
 message: 'Optimization terminated successfully'
    nfev: 2
     nit: 2
    njev: 2
  status: 0
 success: True
       x: array([0.05, 0.85, 0.05, 0.85, 0.05, 0.85, 0.05])

real	0m41.342s
user	0m39.823s
sys	0m1.322s
Instance: 8
[INFO] aspmc: Tree Decomposition #bags: 40 unfolded treewidth: 4 #vertices: 52
[INFO] aspmc: Preprocessing disabled
[INFO] aspmc:    Stats Compilation
[INFO] aspmc: ------------------------------------------------------------
[INFO] aspmc: X/D-Constrained Tree Decomposition #bags: 34 treewidth: 15 #vertices: 78
[INFO] aspmc: Dtree time:               2.0324556827545166
[INFO] aspmc: Compilation time:         0.18235301971435547
[INFO] aspmc: Preparation time:         0.0001285076141357422
[INFO] aspmc: Counting time:            15.368432760238647
[INFO] aspmc: ------------------------------------------------------------
[0.97::a0., 0.03::a1., 0.97::a2., 0.03::a3., 0.97::a4., 0.03::a5., 0.97::a6., 0.03::a7., 0.97::a8., 0.03::a9., 0.97::a10., 0.03::a11., 0.97::a12., 0.03::a13., 0.97::a14., 0.03::a15., 0.97::a16., 0.03::a17., 0.97::a18., 0.03::a19., qr:-not a0., qr:-a1,not nqr., nqr:-a1,not qr., qr:-not a2., qr:-a3,not nqr., nqr:-a3,not qr., qr:-not a4., qr:-a5,not nqr., nqr:-a5,not qr., qr:-not a6., qr:-a7,not nqr., nqr:-a7,not qr., qr:-not a8., qr:-a9,not nqr., nqr:-a9,not qr., qr:-not a10., qr:-a11,not nqr., nqr:-a11,not qr., qr:-not a12., qr:-a13,not nqr., nqr:-a13,not qr., qr:-not a14., qr:-a15,not nqr., nqr:-a15,not qr., qr:-not a16., qr:-a17,not nqr., nqr:-a17,not qr., qr:-not a18., qr:-a19,not nqr., nqr:-a19,not qr., query(qr).]
tracc
nnf_construction_time: 18.692384719848633
Pre simplification
number of sums: 73727
number of prods: 129023
len(eq): 1098
v_12*(-1.0*v_1*(0.8587340257*v_3*(v_4*(v_5 - 1) + v_4 - 1) + 0.8587340257*v_3 - 1.0) + 0.8587340257*v_3*v_4*v_5 + 1.0*(v_1 - 1)*(0.8587340257*v_3*(v_4*(v_5 - 1) + v_4 - 1) + 0.8587340257*v_3 - 1.0)) - (v_12 - 1)*(v_14*(-1.0*v_1*(0.8587340257*v_3*(v_4*(v_5 - 1) + v_4 - 1) + 0.8587340257*v_3 - 1.0) + 0.8587340257*v_3*v_4*v_5 + 1.0*(v_1 - 1)*(0.8587340257*v_3*(v_4*(v_5 - 1) + v_4 - 1) + 0.8587340257*v_3 - 1.0)) - (v_14 - 1)*(v_15*(-1.0*v_1*(0.8587340257*v_3*(v_4*(v_5 - 1) + v_4 - 1) + 0.8587340257*v_3 - 1.0) + 0.8587340257*v_3*v_4*v_5 + 1.0*(v_1 - 1)*(0.8587340257*v_3*(v_4*(v_5 - 1) + v_4 - 1) + 0.8587340257*v_3 - 1.0)) - (v_15 - 1)*(v_16*(-1.0*v_1*(0.8587340257*v_3*(v_4*(v_5 - 1) + v_4 - 1) + 0.8587340257*v_3 - 1.0) + 0.8587340257*v_3*v_4*v_5 + 1.0*(v_1 - 1)*(0.8587340257*v_3*(v_4*(v_5 - 1) + v_4 - 1) + 0.8587340257*v_3 - 1.0)) + (v_16 - 1)*(1.0*v_1*(0.8587340257*v_3*(v_4*(v_5 - 1) + v_4 - 1) + 0.8587340257*v_3 - 1.0) + 0.71530140308808*v_3*v_4*v_5*(0.97*v_1 - 1.0) - 0.14343262261192*v_3*v_4*v_5 - 1.0*(v_1 - 1)*(0.8587340257*v_3*(v_4*(v_5 - 1) + v_4 - 1) + 0.8587340257*v_3 - 1.0)))))
Post simplification
symp_time: 21.199957370758057
number of sums: 30
number of subs: 49
number of prods: 88
opt_time: 1.0608594417572021
     fun: 3.5999999999999996
     jac: array([1., 1., 1., 1., 1., 1., 1., 1.])
 message: 'Optimization terminated successfully'
    nfev: 2
     nit: 2
    njev: 2
  status: 0
 success: True
       x: array([0.05, 0.85, 0.05, 0.85, 0.05, 0.85, 0.05, 0.85])

real	0m42.147s
user	0m40.636s
sys	0m1.319s
Instance: 9
[INFO] aspmc: Tree Decomposition #bags: 40 unfolded treewidth: 4 #vertices: 52
[INFO] aspmc: Preprocessing disabled
[INFO] aspmc:    Stats Compilation
[INFO] aspmc: ------------------------------------------------------------
[INFO] aspmc: X/D-Constrained Tree Decomposition #bags: 34 treewidth: 15 #vertices: 78
[INFO] aspmc: Dtree time:               2.0328726768493652
[INFO] aspmc: Compilation time:         0.18075084686279297
[INFO] aspmc: Preparation time:         0.0001323223114013672
[INFO] aspmc: Counting time:            15.672624826431274
[INFO] aspmc: ------------------------------------------------------------
[0.97::a0., 0.03::a1., 0.97::a2., 0.03::a3., 0.97::a4., 0.03::a5., 0.97::a6., 0.03::a7., 0.97::a8., 0.03::a9., 0.97::a10., 0.03::a11., 0.97::a12., 0.03::a13., 0.97::a14., 0.03::a15., 0.97::a16., 0.03::a17., 0.97::a18., 0.03::a19., qr:-not a0., qr:-a1,not nqr., nqr:-a1,not qr., qr:-not a2., qr:-a3,not nqr., nqr:-a3,not qr., qr:-not a4., qr:-a5,not nqr., nqr:-a5,not qr., qr:-not a6., qr:-a7,not nqr., nqr:-a7,not qr., qr:-not a8., qr:-a9,not nqr., nqr:-a9,not qr., qr:-not a10., qr:-a11,not nqr., nqr:-a11,not qr., qr:-not a12., qr:-a13,not nqr., nqr:-a13,not qr., qr:-not a14., qr:-a15,not nqr., nqr:-a15,not qr., qr:-not a16., qr:-a17,not nqr., nqr:-a17,not qr., qr:-not a18., qr:-a19,not nqr., nqr:-a19,not qr., query(qr).]
tracc
nnf_construction_time: 18.997754096984863
Pre simplification
number of sums: 73727
number of prods: 129023
len(eq): 1416
v_12*(-1.0*v_1*(0.88529281*v_3*v_6*(v_4*(v_5 - 1) + v_4 - 1) + 0.912673*v_6*(0.97*v_3 - 1.0) + 0.912673*v_6 - 1.0) + 0.88529281*v_3*v_4*v_5*v_6 + 1.0*(v_1 - 1)*(0.88529281*v_3*v_6*(v_4*(v_5 - 1) + v_4 - 1) + 0.912673*v_6*(0.97*v_3 - 1.0) + 0.912673*v_6 - 1.0)) - (v_12 - 1)*(v_14*(-1.0*v_1*(0.88529281*v_3*v_6*(v_4*(v_5 - 1) + v_4 - 1) + 0.912673*v_6*(0.97*v_3 - 1.0) + 0.912673*v_6 - 1.0) + 0.88529281*v_3*v_4*v_5*v_6 + 1.0*(v_1 - 1)*(0.88529281*v_3*v_6*(v_4*(v_5 - 1) + v_4 - 1) + 0.912673*v_6*(0.97*v_3 - 1.0) + 0.912673*v_6 - 1.0)) - (v_14 - 1)*(v_15*(-1.0*v_1*(0.88529281*v_3*v_6*(v_4*(v_5 - 1) + v_4 - 1) + 0.912673*v_6*(0.97*v_3 - 1.0) + 0.912673*v_6 - 1.0) + 0.88529281*v_3*v_4*v_5*v_6 + 1.0*(v_1 - 1)*(0.88529281*v_3*v_6*(v_4*(v_5 - 1) + v_4 - 1) + 0.912673*v_6*(0.97*v_3 - 1.0) + 0.912673*v_6 - 1.0)) - (v_15 - 1)*(v_16*(-1.0*v_1*(0.88529281*v_3*v_6*(v_4*(v_5 - 1) + v_4 - 1) + 0.912673*v_6*(0.97*v_3 - 1.0) + 0.912673*v_6 - 1.0) + 0.88529281*v_3*v_4*v_5*v_6 + 1.0*(v_1 - 1)*(0.88529281*v_3*v_6*(v_4*(v_5 - 1) + v_4 - 1) + 0.912673*v_6*(0.97*v_3 - 1.0) + 0.912673*v_6 - 1.0)) + (v_16 - 1)*(1.0*v_1*(0.88529281*v_3*v_6*(v_4*(v_5 - 1) + v_4 - 1) + 0.912673*v_6*(0.97*v_3 - 1.0) + 0.912673*v_6 - 1.0) + 0.737424126894928*v_3*v_4*v_5*v_6*(0.97*v_1 - 1.0) - 0.147868683105072*v_3*v_4*v_5*v_6 - 1.0*(v_1 - 1)*(0.88529281*v_3*v_6*(v_4*(v_5 - 1) + v_4 - 1) + 0.912673*v_6*(0.97*v_3 - 1.0) + 0.912673*v_6 - 1.0)))))
Post simplification
symp_time: 22.11733913421631
number of sums: 40
number of subs: 59
number of prods: 134
opt_time: 1.5417134761810303
     fun: 3.65
     jac: array([1., 1., 1., 1., 1., 1., 1., 1., 1.])
 message: 'Optimization terminated successfully'
    nfev: 2
     nit: 2
    njev: 2
  status: 0
 success: True
       x: array([0.05, 0.85, 0.05, 0.85, 0.05, 0.85, 0.05, 0.85, 0.05])

real	0m43.838s
user	0m42.340s
sys	0m1.309s
Instance: 10
[INFO] aspmc: Tree Decomposition #bags: 40 unfolded treewidth: 4 #vertices: 52
[INFO] aspmc: Preprocessing disabled
[INFO] aspmc:    Stats Compilation
[INFO] aspmc: ------------------------------------------------------------
[INFO] aspmc: X/D-Constrained Tree Decomposition #bags: 34 treewidth: 15 #vertices: 78
[INFO] aspmc: Dtree time:               2.0330166816711426
[INFO] aspmc: Compilation time:         0.18186712265014648
[INFO] aspmc: Preparation time:         0.00013327598571777344
[INFO] aspmc: Counting time:            15.359742641448975
[INFO] aspmc: ------------------------------------------------------------
[0.97::a0., 0.03::a1., 0.97::a2., 0.03::a3., 0.97::a4., 0.03::a5., 0.97::a6., 0.03::a7., 0.97::a8., 0.03::a9., 0.97::a10., 0.03::a11., 0.97::a12., 0.03::a13., 0.97::a14., 0.03::a15., 0.97::a16., 0.03::a17., 0.97::a18., 0.03::a19., qr:-not a0., qr:-a1,not nqr., nqr:-a1,not qr., qr:-not a2., qr:-a3,not nqr., nqr:-a3,not qr., qr:-not a4., qr:-a5,not nqr., nqr:-a5,not qr., qr:-not a6., qr:-a7,not nqr., nqr:-a7,not qr., qr:-not a8., qr:-a9,not nqr., nqr:-a9,not qr., qr:-not a10., qr:-a11,not nqr., nqr:-a11,not qr., qr:-not a12., qr:-a13,not nqr., nqr:-a13,not qr., qr:-not a14., qr:-a15,not nqr., nqr:-a15,not qr., qr:-not a16., qr:-a17,not nqr., nqr:-a17,not qr., qr:-not a18., qr:-a19,not nqr., nqr:-a19,not qr., query(qr).]
tracc
nnf_construction_time: 18.686233520507812
Pre simplification
number of sums: 73727
number of prods: 129023
len(eq): 1692
v_12*(-1.0*v_1*(0.88529281*v_3*v_6*(v_4*(v_5 - 1) + v_4 - 1) + 0.912673*v_6*(0.97*v_3 - 1.0) + 0.912673*v_6 - 1.0) + 0.88529281*v_3*v_4*v_5*v_6 + 1.0*(v_1 - 1)*(0.88529281*v_3*v_6*(v_4*(v_5 - 1) + v_4 - 1) + 0.912673*v_6*(0.97*v_3 - 1.0) + 0.912673*v_6 - 1.0)) - (v_12 - 1)*(v_14*(-1.0*v_1*(0.88529281*v_3*v_6*(v_4*(v_5 - 1) + v_4 - 1) + 0.912673*v_6*(0.97*v_3 - 1.0) + 0.912673*v_6 - 1.0) + 0.88529281*v_3*v_4*v_5*v_6 + 1.0*(v_1 - 1)*(0.88529281*v_3*v_6*(v_4*(v_5 - 1) + v_4 - 1) + 0.912673*v_6*(0.97*v_3 - 1.0) + 0.912673*v_6 - 1.0)) - (v_14 - 1)*(v_15*(-1.0*v_1*(0.88529281*v_3*v_6*(v_4*(v_5 - 1) + v_4 - 1) + 0.912673*v_6*(0.97*v_3 - 1.0) + 0.912673*v_6 - 1.0) + 0.88529281*v_3*v_4*v_5*v_6 + 1.0*(v_1 - 1)*(0.88529281*v_3*v_6*(v_4*(v_5 - 1) + v_4 - 1) + 0.912673*v_6*(0.97*v_3 - 1.0) + 0.912673*v_6 - 1.0)) - (v_15 - 1)*(v_16*(-1.0*v_1*(0.88529281*v_3*v_6*(v_4*(v_5 - 1) + v_4 - 1) + 0.912673*v_6*(0.97*v_3 - 1.0) + 0.912673*v_6 - 1.0) + 0.88529281*v_3*v_4*v_5*v_6 + 1.0*(v_1 - 1)*(0.88529281*v_3*v_6*(v_4*(v_5 - 1) + v_4 - 1) + 0.912673*v_6*(0.97*v_3 - 1.0) + 0.912673*v_6 - 1.0)) - (v_16 - 1)*(v_17*(-1.0*v_1*(0.88529281*v_3*v_6*(v_4*(v_5 - 1) + v_4 - 1) + 0.912673*v_6*(0.97*v_3 - 1.0) + 0.912673*v_6 - 1.0) + 0.88529281*v_3*v_4*v_5*v_6 + 1.0*(v_1 - 1)*(0.88529281*v_3*v_6*(v_4*(v_5 - 1) + v_4 - 1) + 0.912673*v_6*(0.97*v_3 - 1.0) + 0.912673*v_6 - 1.0)) + (v_17 - 1)*(1.0*v_1*(0.88529281*v_3*v_6*(v_4*(v_5 - 1) + v_4 - 1) + 0.912673*v_6*(0.97*v_3 - 1.0) + 0.912673*v_6 - 1.0) + 0.760231058654565*v_3*v_4*v_5*v_6*(0.97*v_1 - 1.0) - 0.125061751345435*v_3*v_4*v_5*v_6 - 1.0*(v_1 - 1)*(0.88529281*v_3*v_6*(v_4*(v_5 - 1) + v_4 - 1) + 0.912673*v_6*(0.97*v_3 - 1.0) + 0.912673*v_6 - 1.0))))))
Post simplification
symp_time: 23.655545949935913
number of sums: 48
number of subs: 71
number of prods: 160
opt_time: 2.051175355911255
     fun: 4.499999999999999
     jac: array([1., 1., 1., 1., 1., 1., 1., 1., 1., 1.])
 message: 'Optimization terminated successfully'
    nfev: 2
     nit: 2
    njev: 2
  status: 0
 success: True
       x: array([0.05, 0.85, 0.05, 0.85, 0.05, 0.85, 0.05, 0.85, 0.05, 0.85])

real	0m45.592s
user	0m44.129s
sys	0m1.274s
Instance: 11
[INFO] aspmc: Tree Decomposition #bags: 40 unfolded treewidth: 4 #vertices: 52
[INFO] aspmc: Preprocessing disabled
[INFO] aspmc:    Stats Compilation
[INFO] aspmc: ------------------------------------------------------------
[INFO] aspmc: X/D-Constrained Tree Decomposition #bags: 34 treewidth: 15 #vertices: 78
[INFO] aspmc: Dtree time:               2.0325071811676025
[INFO] aspmc: Compilation time:         0.18133306503295898
[INFO] aspmc: Preparation time:         0.00012564659118652344
[INFO] aspmc: Counting time:            15.626356840133667
[INFO] aspmc: ------------------------------------------------------------
[0.97::a0., 0.03::a1., 0.97::a2., 0.03::a3., 0.97::a4., 0.03::a5., 0.97::a6., 0.03::a7., 0.97::a8., 0.03::a9., 0.97::a10., 0.03::a11., 0.97::a12., 0.03::a13., 0.97::a14., 0.03::a15., 0.97::a16., 0.03::a17., 0.97::a18., 0.03::a19., qr:-not a0., qr:-a1,not nqr., nqr:-a1,not qr., qr:-not a2., qr:-a3,not nqr., nqr:-a3,not qr., qr:-not a4., qr:-a5,not nqr., nqr:-a5,not qr., qr:-not a6., qr:-a7,not nqr., nqr:-a7,not qr., qr:-not a8., qr:-a9,not nqr., nqr:-a9,not qr., qr:-not a10., qr:-a11,not nqr., nqr:-a11,not qr., qr:-not a12., qr:-a13,not nqr., nqr:-a13,not qr., qr:-not a14., qr:-a15,not nqr., nqr:-a15,not qr., qr:-not a16., qr:-a17,not nqr., nqr:-a17,not qr., qr:-not a18., qr:-a19,not nqr., nqr:-a19,not qr., query(qr).]
tracc
nnf_construction_time: 18.956707000732422
Pre simplification
number of sums: 73727
number of prods: 129023
len(eq): 2010
v_12*(-1.0*v_1*(0.912673*v_3*v_6*v_7*(v_4*(v_5 - 1) + v_4 - 1) + 0.9409*v_6*v_7*(0.97*v_3 - 1.0) + 0.9409*v_6*(v_7 - 1) + 0.9409*v_6 - 1.0) + 0.912673*v_3*v_4*v_5*v_6*v_7 + 1.0*(v_1 - 1)*(0.912673*v_3*v_6*v_7*(v_4*(v_5 - 1) + v_4 - 1) + 0.9409*v_6*v_7*(0.97*v_3 - 1.0) + 0.9409*v_6*(v_7 - 1) + 0.9409*v_6 - 1.0)) - (v_12 - 1)*(v_14*(-1.0*v_1*(0.912673*v_3*v_6*v_7*(v_4*(v_5 - 1) + v_4 - 1) + 0.9409*v_6*v_7*(0.97*v_3 - 1.0) + 0.9409*v_6*(v_7 - 1) + 0.9409*v_6 - 1.0) + 0.912673*v_3*v_4*v_5*v_6*v_7 + 1.0*(v_1 - 1)*(0.912673*v_3*v_6*v_7*(v_4*(v_5 - 1) + v_4 - 1) + 0.9409*v_6*v_7*(0.97*v_3 - 1.0) + 0.9409*v_6*(v_7 - 1) + 0.9409*v_6 - 1.0)) - (v_14 - 1)*(v_15*(-1.0*v_1*(0.912673*v_3*v_6*v_7*(v_4*(v_5 - 1) + v_4 - 1) + 0.9409*v_6*v_7*(0.97*v_3 - 1.0) + 0.9409*v_6*(v_7 - 1) + 0.9409*v_6 - 1.0) + 0.912673*v_3*v_4*v_5*v_6*v_7 + 1.0*(v_1 - 1)*(0.912673*v_3*v_6*v_7*(v_4*(v_5 - 1) + v_4 - 1) + 0.9409*v_6*v_7*(0.97*v_3 - 1.0) + 0.9409*v_6*(v_7 - 1) + 0.9409*v_6 - 1.0)) - (v_15 - 1)*(v_16*(-1.0*v_1*(0.912673*v_3*v_6*v_7*(v_4*(v_5 - 1) + v_4 - 1) + 0.9409*v_6*v_7*(0.97*v_3 - 1.0) + 0.9409*v_6*(v_7 - 1) + 0.9409*v_6 - 1.0) + 0.912673*v_3*v_4*v_5*v_6*v_7 + 1.0*(v_1 - 1)*(0.912673*v_3*v_6*v_7*(v_4*(v_5 - 1) + v_4 - 1) + 0.9409*v_6*v_7*(0.97*v_3 - 1.0) + 0.9409*v_6*(v_7 - 1) + 0.9409*v_6 - 1.0)) - (v_16 - 1)*(v_17*(-1.0*v_1*(0.912673*v_3*v_6*v_7*(v_4*(v_5 - 1) + v_4 - 1) + 0.9409*v_6*v_7*(0.97*v_3 - 1.0) + 0.9409*v_6*(v_7 - 1) + 0.9409*v_6 - 1.0) + 0.912673*v_3*v_4*v_5*v_6*v_7 + 1.0*(v_1 - 1)*(0.912673*v_3*v_6*v_7*(v_4*(v_5 - 1) + v_4 - 1) + 0.9409*v_6*v_7*(0.97*v_3 - 1.0) + 0.9409*v_6*(v_7 - 1) + 0.9409*v_6 - 1.0)) + (v_17 - 1)*(1.0*v_1*(0.912673*v_3*v_6*v_7*(v_4*(v_5 - 1) + v_4 - 1) + 0.9409*v_6*v_7*(0.97*v_3 - 1.0) + 0.9409*v_6*(v_7 - 1) + 0.9409*v_6 - 1.0) + 0.783743359437696*v_3*v_4*v_5*v_6*v_7*(0.97*v_1 - 1.0) - 0.128929640562304*v_3*v_4*v_5*v_6*v_7 - 1.0*(v_1 - 1)*(0.912673*v_3*v_6*v_7*(v_4*(v_5 - 1) + v_4 - 1) + 0.9409*v_6*v_7*(0.97*v_3 - 1.0) + 0.9409*v_6*(v_7 - 1) + 0.9409*v_6 - 1.0))))))
Post simplification
symp_time: 24.098840475082397
number of sums: 60
number of subs: 83
number of prods: 215
opt_time: 3.9079744815826416
     fun: 5.150000000000001
     jac: array([1., 1., 1., 1., 1., 1., 1., 1., 1., 1., 1.])
 message: 'Positive directional derivative for linesearch'
    nfev: 21
     nit: 7
    njev: 3
  status: 8
 success: False
       x: array([0.15, 0.85, 0.15, 0.85, 0.15, 0.85, 0.15, 0.85, 0.15, 0.85, 0.15])

real	0m48.121s
user	0m46.624s
sys	0m1.326s
Instance: 12
[INFO] aspmc: Tree Decomposition #bags: 40 unfolded treewidth: 4 #vertices: 52
[INFO] aspmc: Preprocessing disabled
[INFO] aspmc:    Stats Compilation
[INFO] aspmc: ------------------------------------------------------------
[INFO] aspmc: X/D-Constrained Tree Decomposition #bags: 34 treewidth: 15 #vertices: 78
[INFO] aspmc: Dtree time:               2.0325937271118164
[INFO] aspmc: Compilation time:         0.18262481689453125
[INFO] aspmc: Preparation time:         0.00013113021850585938
[INFO] aspmc: Counting time:            16.045379877090454
[INFO] aspmc: ------------------------------------------------------------
[0.97::a0., 0.03::a1., 0.97::a2., 0.03::a3., 0.97::a4., 0.03::a5., 0.97::a6., 0.03::a7., 0.97::a8., 0.03::a9., 0.97::a10., 0.03::a11., 0.97::a12., 0.03::a13., 0.97::a14., 0.03::a15., 0.97::a16., 0.03::a17., 0.97::a18., 0.03::a19., qr:-not a0., qr:-a1,not nqr., nqr:-a1,not qr., qr:-not a2., qr:-a3,not nqr., nqr:-a3,not qr., qr:-not a4., qr:-a5,not nqr., nqr:-a5,not qr., qr:-not a6., qr:-a7,not nqr., nqr:-a7,not qr., qr:-not a8., qr:-a9,not nqr., nqr:-a9,not qr., qr:-not a10., qr:-a11,not nqr., nqr:-a11,not qr., qr:-not a12., qr:-a13,not nqr., nqr:-a13,not qr., qr:-not a14., qr:-a15,not nqr., nqr:-a15,not qr., qr:-not a16., qr:-a17,not nqr., nqr:-a17,not qr., qr:-not a18., qr:-a19,not nqr., nqr:-a19,not qr., query(qr).]
tracc
nnf_construction_time: 19.37062168121338
Pre simplification
number of sums: 73727
number of prods: 129023
len(eq): 2336
v_12*(-1.0*v_1*(0.912673*v_3*v_6*v_7*(v_4*(v_5 - 1) + v_4 - 1) + 0.9409*v_6*v_7*(0.97*v_3 - 1.0) + 0.9409*v_6*(v_7 - 1) + 0.9409*v_6 - 1.0) + 0.912673*v_3*v_4*v_5*v_6*v_7 + 1.0*(v_1 - 1)*(0.912673*v_3*v_6*v_7*(v_4*(v_5 - 1) + v_4 - 1) + 0.9409*v_6*v_7*(0.97*v_3 - 1.0) + 0.9409*v_6*(v_7 - 1) + 0.9409*v_6 - 1.0)) - (v_12 - 1)*(v_14*(-1.0*v_1*(0.912673*v_3*v_6*v_7*(v_4*(v_5 - 1) + v_4 - 1) + 0.9409*v_6*v_7*(0.97*v_3 - 1.0) + 0.9409*v_6*(v_7 - 1) + 0.9409*v_6 - 1.0) + 0.912673*v_3*v_4*v_5*v_6*v_7 + 1.0*(v_1 - 1)*(0.912673*v_3*v_6*v_7*(v_4*(v_5 - 1) + v_4 - 1) + 0.9409*v_6*v_7*(0.97*v_3 - 1.0) + 0.9409*v_6*(v_7 - 1) + 0.9409*v_6 - 1.0)) - (v_14 - 1)*(v_15*(-1.0*v_1*(0.912673*v_3*v_6*v_7*(v_4*(v_5 - 1) + v_4 - 1) + 0.9409*v_6*v_7*(0.97*v_3 - 1.0) + 0.9409*v_6*(v_7 - 1) + 0.9409*v_6 - 1.0) + 0.912673*v_3*v_4*v_5*v_6*v_7 + 1.0*(v_1 - 1)*(0.912673*v_3*v_6*v_7*(v_4*(v_5 - 1) + v_4 - 1) + 0.9409*v_6*v_7*(0.97*v_3 - 1.0) + 0.9409*v_6*(v_7 - 1) + 0.9409*v_6 - 1.0)) - (v_15 - 1)*(v_16*(-1.0*v_1*(0.912673*v_3*v_6*v_7*(v_4*(v_5 - 1) + v_4 - 1) + 0.9409*v_6*v_7*(0.97*v_3 - 1.0) + 0.9409*v_6*(v_7 - 1) + 0.9409*v_6 - 1.0) + 0.912673*v_3*v_4*v_5*v_6*v_7 + 1.0*(v_1 - 1)*(0.912673*v_3*v_6*v_7*(v_4*(v_5 - 1) + v_4 - 1) + 0.9409*v_6*v_7*(0.97*v_3 - 1.0) + 0.9409*v_6*(v_7 - 1) + 0.9409*v_6 - 1.0)) - (v_16 - 1)*(v_17*(-1.0*v_1*(0.912673*v_3*v_6*v_7*(v_4*(v_5 - 1) + v_4 - 1) + 0.9409*v_6*v_7*(0.97*v_3 - 1.0) + 0.9409*v_6*(v_7 - 1) + 0.9409*v_6 - 1.0) + 0.912673*v_3*v_4*v_5*v_6*v_7 + 1.0*(v_1 - 1)*(0.912673*v_3*v_6*v_7*(v_4*(v_5 - 1) + v_4 - 1) + 0.9409*v_6*v_7*(0.97*v_3 - 1.0) + 0.9409*v_6*(v_7 - 1) + 0.9409*v_6 - 1.0)) - (v_17 - 1)*(v_18*(-1.0*v_1*(0.912673*v_3*v_6*v_7*(v_4*(v_5 - 1) + v_4 - 1) + 0.9409*v_6*v_7*(0.97*v_3 - 1.0) + 0.9409*v_6*(v_7 - 1) + 0.9409*v_6 - 1.0) + 0.912673*v_3*v_4*v_5*v_6*v_7 + 1.0*(v_1 - 1)*(0.912673*v_3*v_6*v_7*(v_4*(v_5 - 1) + v_4 - 1) + 0.9409*v_6*v_7*(0.97*v_3 - 1.0) + 0.9409*v_6*(v_7 - 1) + 0.9409*v_6 - 1.0)) + (v_18 - 1)*(1.0*v_1*(0.912673*v_3*v_6*v_7*(v_4*(v_5 - 1) + v_4 - 1) + 0.9409*v_6*v_7*(0.97*v_3 - 1.0) + 0.9409*v_6*(v_7 - 1) + 0.9409*v_6 - 1.0) + 0.80798284478113*v_3*v_4*v_5*v_6*v_7*(0.97*v_1 - 1.0) - 0.10469015521887*v_3*v_4*v_5*v_6*v_7 - 1.0*(v_1 - 1)*(0.912673*v_3*v_6*v_7*(v_4*(v_5 - 1) + v_4 - 1) + 0.9409*v_6*v_7*(0.97*v_3 - 1.0) + 0.9409*v_6*(v_7 - 1) + 0.9409*v_6 - 1.0)))))))
Post simplification
symp_time: 27.187042236328125
number of sums: 70
number of subs: 97
number of prods: 250
opt_time: 3.55202054977417
     fun: 5.399999999999999
     jac: array([1., 1., 1., 1., 1., 1., 1., 1., 1., 1., 1., 1.])
 message: 'Optimization terminated successfully'
    nfev: 2
     nit: 2
    njev: 2
  status: 0
 success: True
       x: array([0.05, 0.85, 0.05, 0.85, 0.05, 0.85, 0.05, 0.85, 0.05, 0.85, 0.05,
       0.85])

real	0m51.313s
user	0m49.800s
sys	0m1.323s
Instance: 13
[INFO] aspmc: Tree Decomposition #bags: 40 unfolded treewidth: 4 #vertices: 52
[INFO] aspmc: Preprocessing disabled
[INFO] aspmc:    Stats Compilation
[INFO] aspmc: ------------------------------------------------------------
[INFO] aspmc: X/D-Constrained Tree Decomposition #bags: 34 treewidth: 15 #vertices: 78
[INFO] aspmc: Dtree time:               2.0340545177459717
[INFO] aspmc: Compilation time:         0.18333768844604492
[INFO] aspmc: Preparation time:         0.00013184547424316406
[INFO] aspmc: Counting time:            15.457542657852173
[INFO] aspmc: ------------------------------------------------------------
[0.97::a0., 0.03::a1., 0.97::a2., 0.03::a3., 0.97::a4., 0.03::a5., 0.97::a6., 0.03::a7., 0.97::a8., 0.03::a9., 0.97::a10., 0.03::a11., 0.97::a12., 0.03::a13., 0.97::a14., 0.03::a15., 0.97::a16., 0.03::a17., 0.97::a18., 0.03::a19., qr:-not a0., qr:-a1,not nqr., nqr:-a1,not qr., qr:-not a2., qr:-a3,not nqr., nqr:-a3,not qr., qr:-not a4., qr:-a5,not nqr., nqr:-a5,not qr., qr:-not a6., qr:-a7,not nqr., nqr:-a7,not qr., qr:-not a8., qr:-a9,not nqr., nqr:-a9,not qr., qr:-not a10., qr:-a11,not nqr., nqr:-a11,not qr., qr:-not a12., qr:-a13,not nqr., nqr:-a13,not qr., qr:-not a14., qr:-a15,not nqr., nqr:-a15,not qr., qr:-not a16., qr:-a17,not nqr., nqr:-a17,not qr., qr:-not a18., qr:-a19,not nqr., nqr:-a19,not qr., query(qr).]
tracc
nnf_construction_time: 18.79540991783142
Pre simplification
number of sums: 73727
number of prods: 129023
len(eq): 2884
v_12*(-1.0*v_1*(0.9409*v_3*v_6*v_7*v_8*(v_4*(v_5 - 1) + v_4 - 1) + 0.97*v_6*v_7*v_8*(0.97*v_3 - 1.0) + 0.97*v_6*v_8*(v_7 - 1) - 0.03*v_6*v_8 + 1.0*v_8*(v_6 - 1) + 1.0*v_8 - 1.0) + 0.9409*v_3*v_4*v_5*v_6*v_7*v_8 + 1.0*(v_1 - 1)*(0.9409*v_3*v_6*v_7*v_8*(v_4*(v_5 - 1) + v_4 - 1) + 0.97*v_6*v_7*v_8*(0.97*v_3 - 1.0) + 0.97*v_6*v_8*(v_7 - 1) - 0.03*v_6*v_8 + 1.0*v_8*(v_6 - 1) + 1.0*v_8 - 1.0)) - (v_12 - 1)*(v_14*(-1.0*v_1*(0.9409*v_3*v_6*v_7*v_8*(v_4*(v_5 - 1) + v_4 - 1) + 0.97*v_6*v_7*v_8*(0.97*v_3 - 1.0) + 0.97*v_6*v_8*(v_7 - 1) - 0.03*v_6*v_8 + 1.0*v_8*(v_6 - 1) + 1.0*v_8 - 1.0) + 0.9409*v_3*v_4*v_5*v_6*v_7*v_8 + 1.0*(v_1 - 1)*(0.9409*v_3*v_6*v_7*v_8*(v_4*(v_5 - 1) + v_4 - 1) + 0.97*v_6*v_7*v_8*(0.97*v_3 - 1.0) + 0.97*v_6*v_8*(v_7 - 1) - 0.03*v_6*v_8 + 1.0*v_8*(v_6 - 1) + 1.0*v_8 - 1.0)) - (v_14 - 1)*(v_15*(-1.0*v_1*(0.9409*v_3*v_6*v_7*v_8*(v_4*(v_5 - 1) + v_4 - 1) + 0.97*v_6*v_7*v_8*(0.97*v_3 - 1.0) + 0.97*v_6*v_8*(v_7 - 1) - 0.03*v_6*v_8 + 1.0*v_8*(v_6 - 1) + 1.0*v_8 - 1.0) + 0.9409*v_3*v_4*v_5*v_6*v_7*v_8 + 1.0*(v_1 - 1)*(0.9409*v_3*v_6*v_7*v_8*(v_4*(v_5 - 1) + v_4 - 1) + 0.97*v_6*v_7*v_8*(0.97*v_3 - 1.0) + 0.97*v_6*v_8*(v_7 - 1) - 0.03*v_6*v_8 + 1.0*v_8*(v_6 - 1) + 1.0*v_8 - 1.0)) - (v_15 - 1)*(v_16*(-1.0*v_1*(0.9409*v_3*v_6*v_7*v_8*(v_4*(v_5 - 1) + v_4 - 1) + 0.97*v_6*v_7*v_8*(0.97*v_3 - 1.0) + 0.97*v_6*v_8*(v_7 - 1) - 0.03*v_6*v_8 + 1.0*v_8*(v_6 - 1) + 1.0*v_8 - 1.0) + 0.9409*v_3*v_4*v_5*v_6*v_7*v_8 + 1.0*(v_1 - 1)*(0.9409*v_3*v_6*v_7*v_8*(v_4*(v_5 - 1) + v_4 - 1) + 0.97*v_6*v_7*v_8*(0.97*v_3 - 1.0) + 0.97*v_6*v_8*(v_7 - 1) - 0.03*v_6*v_8 + 1.0*v_8*(v_6 - 1) + 1.0*v_8 - 1.0)) - (v_16 - 1)*(v_17*(-1.0*v_1*(0.9409*v_3*v_6*v_7*v_8*(v_4*(v_5 - 1) + v_4 - 1) + 0.97*v_6*v_7*v_8*(0.97*v_3 - 1.0) + 0.97*v_6*v_8*(v_7 - 1) - 0.03*v_6*v_8 + 1.0*v_8*(v_6 - 1) + 1.0*v_8 - 1.0) + 0.9409*v_3*v_4*v_5*v_6*v_7*v_8 + 1.0*(v_1 - 1)*(0.9409*v_3*v_6*v_7*v_8*(v_4*(v_5 - 1) + v_4 - 1) + 0.97*v_6*v_7*v_8*(0.97*v_3 - 1.0) + 0.97*v_6*v_8*(v_7 - 1) - 0.03*v_6*v_8 + 1.0*v_8*(v_6 - 1) + 1.0*v_8 - 1.0)) - (v_17 - 1)*(v_18*(-1.0*v_1*(0.9409*v_3*v_6*v_7*v_8*(v_4*(v_5 - 1) + v_4 - 1) + 0.97*v_6*v_7*v_8*(0.97*v_3 - 1.0) + 0.97*v_6*v_8*(v_7 - 1) - 0.03*v_6*v_8 + 1.0*v_8*(v_6 - 1) + 1.0*v_8 - 1.0) + 0.9409*v_3*v_4*v_5*v_6*v_7*v_8 + 1.0*(v_1 - 1)*(0.9409*v_3*v_6*v_7*v_8*(v_4*(v_5 - 1) + v_4 - 1) + 0.97*v_6*v_7*v_8*(0.97*v_3 - 1.0) + 0.97*v_6*v_8*(v_7 - 1) - 0.03*v_6*v_8 + 1.0*v_8*(v_6 - 1) + 1.0*v_8 - 1.0)) + (v_18 - 1)*(1.0*v_1*(0.9409*v_3*v_6*v_7*v_8*(v_4*(v_5 - 1) + v_4 - 1) + 0.97*v_6*v_7*v_8*(0.97*v_3 - 1.0) + 0.97*v_6*v_8*(v_7 - 1) - 0.03*v_6*v_8 + 1.0*v_8*(v_6 - 1) + 1.0*v_8 - 1.0) + 0.832972004929*v_3*v_4*v_5*v_6*v_7*v_8*(0.97*v_1 - 1.0) - 0.107927995071*v_3*v_4*v_5*v_6*v_7*v_8 - 1.0*(v_1 - 1)*(0.9409*v_3*v_6*v_7*v_8*(v_4*(v_5 - 1) + v_4 - 1) + 0.97*v_6*v_7*v_8*(0.97*v_3 - 1.0) + 0.97*v_6*v_8*(v_7 - 1) - 0.03*v_6*v_8 + 1.0*v_8*(v_6 - 1) + 1.0*v_8 - 1.0)))))))
Post simplification
symp_time: 28.75704526901245
number of sums: 84
number of subs: 125
number of prods: 356
opt_time: 2.6595370769500732
     fun: 6.15
     jac: array([1., 1., 1., 1., 1., 1., 1., 1., 1., 1., 1., 1., 1.])
 message: 'Positive directional derivative for linesearch'
    nfev: 1
     nit: 5
    njev: 1
  status: 8
 success: False
       x: array([0.15, 0.85, 0.15, 0.85, 0.15, 0.85, 0.15, 0.85, 0.15, 0.85, 0.15,
       0.85, 0.15])

real	0m51.460s
user	0m49.849s
sys	0m1.406s
Instance: 14
[INFO] aspmc: Tree Decomposition #bags: 40 unfolded treewidth: 4 #vertices: 52
[INFO] aspmc: Preprocessing disabled
[INFO] aspmc:    Stats Compilation
[INFO] aspmc: ------------------------------------------------------------
[INFO] aspmc: X/D-Constrained Tree Decomposition #bags: 34 treewidth: 15 #vertices: 78
[INFO] aspmc: Dtree time:               2.032768487930298
[INFO] aspmc: Compilation time:         0.18120098114013672
[INFO] aspmc: Preparation time:         0.00013327598571777344
[INFO] aspmc: Counting time:            16.243469953536987
[INFO] aspmc: ------------------------------------------------------------
[0.97::a0., 0.03::a1., 0.97::a2., 0.03::a3., 0.97::a4., 0.03::a5., 0.97::a6., 0.03::a7., 0.97::a8., 0.03::a9., 0.97::a10., 0.03::a11., 0.97::a12., 0.03::a13., 0.97::a14., 0.03::a15., 0.97::a16., 0.03::a17., 0.97::a18., 0.03::a19., qr:-not a0., qr:-a1,not nqr., nqr:-a1,not qr., qr:-not a2., qr:-a3,not nqr., nqr:-a3,not qr., qr:-not a4., qr:-a5,not nqr., nqr:-a5,not qr., qr:-not a6., qr:-a7,not nqr., nqr:-a7,not qr., qr:-not a8., qr:-a9,not nqr., nqr:-a9,not qr., qr:-not a10., qr:-a11,not nqr., nqr:-a11,not qr., qr:-not a12., qr:-a13,not nqr., nqr:-a13,not qr., qr:-not a14., qr:-a15,not nqr., nqr:-a15,not qr., qr:-not a16., qr:-a17,not nqr., nqr:-a17,not qr., qr:-not a18., qr:-a19,not nqr., nqr:-a19,not qr., query(qr).]
tracc
nnf_construction_time: 19.56781244277954
Pre simplification
number of sums: 73727
number of prods: 129023
len(eq): 3286
v_12*(-1.0*v_1*(0.9409*v_3*v_6*v_7*v_8*(v_4*(v_5 - 1) + v_4 - 1) + 0.97*v_6*v_7*v_8*(0.97*v_3 - 1.0) + 0.97*v_6*v_8*(v_7 - 1) - 0.03*v_6*v_8 + 1.0*v_8*(v_6 - 1) + 1.0*v_8 - 1.0) + 0.9409*v_3*v_4*v_5*v_6*v_7*v_8 + 1.0*(v_1 - 1)*(0.9409*v_3*v_6*v_7*v_8*(v_4*(v_5 - 1) + v_4 - 1) + 0.97*v_6*v_7*v_8*(0.97*v_3 - 1.0) + 0.97*v_6*v_8*(v_7 - 1) - 0.03*v_6*v_8 + 1.0*v_8*(v_6 - 1) + 1.0*v_8 - 1.0)) - (v_12 - 1)*(v_14*(-1.0*v_1*(0.9409*v_3*v_6*v_7*v_8*(v_4*(v_5 - 1) + v_4 - 1) + 0.97*v_6*v_7*v_8*(0.97*v_3 - 1.0) + 0.97*v_6*v_8*(v_7 - 1) - 0.03*v_6*v_8 + 1.0*v_8*(v_6 - 1) + 1.0*v_8 - 1.0) + 0.9409*v_3*v_4*v_5*v_6*v_7*v_8 + 1.0*(v_1 - 1)*(0.9409*v_3*v_6*v_7*v_8*(v_4*(v_5 - 1) + v_4 - 1) + 0.97*v_6*v_7*v_8*(0.97*v_3 - 1.0) + 0.97*v_6*v_8*(v_7 - 1) - 0.03*v_6*v_8 + 1.0*v_8*(v_6 - 1) + 1.0*v_8 - 1.0)) - (v_14 - 1)*(v_15*(-1.0*v_1*(0.9409*v_3*v_6*v_7*v_8*(v_4*(v_5 - 1) + v_4 - 1) + 0.97*v_6*v_7*v_8*(0.97*v_3 - 1.0) + 0.97*v_6*v_8*(v_7 - 1) - 0.03*v_6*v_8 + 1.0*v_8*(v_6 - 1) + 1.0*v_8 - 1.0) + 0.9409*v_3*v_4*v_5*v_6*v_7*v_8 + 1.0*(v_1 - 1)*(0.9409*v_3*v_6*v_7*v_8*(v_4*(v_5 - 1) + v_4 - 1) + 0.97*v_6*v_7*v_8*(0.97*v_3 - 1.0) + 0.97*v_6*v_8*(v_7 - 1) - 0.03*v_6*v_8 + 1.0*v_8*(v_6 - 1) + 1.0*v_8 - 1.0)) - (v_15 - 1)*(v_16*(-1.0*v_1*(0.9409*v_3*v_6*v_7*v_8*(v_4*(v_5 - 1) + v_4 - 1) + 0.97*v_6*v_7*v_8*(0.97*v_3 - 1.0) + 0.97*v_6*v_8*(v_7 - 1) - 0.03*v_6*v_8 + 1.0*v_8*(v_6 - 1) + 1.0*v_8 - 1.0) + 0.9409*v_3*v_4*v_5*v_6*v_7*v_8 + 1.0*(v_1 - 1)*(0.9409*v_3*v_6*v_7*v_8*(v_4*(v_5 - 1) + v_4 - 1) + 0.97*v_6*v_7*v_8*(0.97*v_3 - 1.0) + 0.97*v_6*v_8*(v_7 - 1) - 0.03*v_6*v_8 + 1.0*v_8*(v_6 - 1) + 1.0*v_8 - 1.0)) - (v_16 - 1)*(v_17*(-1.0*v_1*(0.9409*v_3*v_6*v_7*v_8*(v_4*(v_5 - 1) + v_4 - 1) + 0.97*v_6*v_7*v_8*(0.97*v_3 - 1.0) + 0.97*v_6*v_8*(v_7 - 1) - 0.03*v_6*v_8 + 1.0*v_8*(v_6 - 1) + 1.0*v_8 - 1.0) + 0.9409*v_3*v_4*v_5*v_6*v_7*v_8 + 1.0*(v_1 - 1)*(0.9409*v_3*v_6*v_7*v_8*(v_4*(v_5 - 1) + v_4 - 1) + 0.97*v_6*v_7*v_8*(0.97*v_3 - 1.0) + 0.97*v_6*v_8*(v_7 - 1) - 0.03*v_6*v_8 + 1.0*v_8*(v_6 - 1) + 1.0*v_8 - 1.0)) - (v_17 - 1)*(v_18*(-1.0*v_1*(0.9409*v_3*v_6*v_7*v_8*(v_4*(v_5 - 1) + v_4 - 1) + 0.97*v_6*v_7*v_8*(0.97*v_3 - 1.0) + 0.97*v_6*v_8*(v_7 - 1) - 0.03*v_6*v_8 + 1.0*v_8*(v_6 - 1) + 1.0*v_8 - 1.0) + 0.9409*v_3*v_4*v_5*v_6*v_7*v_8 + 1.0*(v_1 - 1)*(0.9409*v_3*v_6*v_7*v_8*(v_4*(v_5 - 1) + v_4 - 1) + 0.97*v_6*v_7*v_8*(0.97*v_3 - 1.0) + 0.97*v_6*v_8*(v_7 - 1) - 0.03*v_6*v_8 + 1.0*v_8*(v_6 - 1) + 1.0*v_8 - 1.0)) - (v_18 - 1)*(v_19*(-1.0*v_1*(0.9409*v_3*v_6*v_7*v_8*(v_4*(v_5 - 1) + v_4 - 1) + 0.97*v_6*v_7*v_8*(0.97*v_3 - 1.0) + 0.97*v_6*v_8*(v_7 - 1) - 0.03*v_6*v_8 + 1.0*v_8*(v_6 - 1) + 1.0*v_8 - 1.0) + 0.9409*v_3*v_4*v_5*v_6*v_7*v_8 + 1.0*(v_1 - 1)*(0.9409*v_3*v_6*v_7*v_8*(v_4*(v_5 - 1) + v_4 - 1) + 0.97*v_6*v_7*v_8*(0.97*v_3 - 1.0) + 0.97*v_6*v_8*(v_7 - 1) - 0.03*v_6*v_8 + 1.0*v_8*(v_6 - 1) + 1.0*v_8 - 1.0)) + (v_19 - 1)*(1.0*v_1*(0.9409*v_3*v_6*v_7*v_8*(v_4*(v_5 - 1) + v_4 - 1) + 0.97*v_6*v_7*v_8*(0.97*v_3 - 1.0) + 0.97*v_6*v_8*(v_7 - 1) - 0.03*v_6*v_8 + 1.0*v_8*(v_6 - 1) + 1.0*v_8 - 1.0) + 0.8587340257*v_3*v_4*v_5*v_6*v_7*v_8*(0.97*v_1 - 1.0) - 0.0821659743*v_3*v_4*v_5*v_6*v_7*v_8 - 1.0*(v_1 - 1)*(0.9409*v_3*v_6*v_7*v_8*(v_4*(v_5 - 1) + v_4 - 1) + 0.97*v_6*v_7*v_8*(0.97*v_3 - 1.0) + 0.97*v_6*v_8*(v_7 - 1) - 0.03*v_6*v_8 + 1.0*v_8*(v_6 - 1) + 1.0*v_8 - 1.0))))))))
Post simplification
symp_time: 39.40765643119812
number of sums: 96
number of subs: 143
number of prods: 406
opt_time: 5.690630674362183
     fun: 6.299999999999998
     jac: array([1., 1., 1., 1., 1., 1., 1., 1., 1., 1., 1., 1., 1., 1.])
 message: 'Optimization terminated successfully'
    nfev: 2
     nit: 2
    njev: 2
  status: 0
 success: True
       x: array([0.05, 0.85, 0.05, 0.85, 0.05, 0.85, 0.05, 0.85, 0.05, 0.85, 0.05,
       0.85, 0.05, 0.85])

real	1m5.846s
user	1m4.328s
sys	0m1.307s
Instance: 15
[INFO] aspmc: Tree Decomposition #bags: 40 unfolded treewidth: 4 #vertices: 52
[INFO] aspmc: Preprocessing disabled
[INFO] aspmc:    Stats Compilation
[INFO] aspmc: ------------------------------------------------------------
[INFO] aspmc: X/D-Constrained Tree Decomposition #bags: 34 treewidth: 15 #vertices: 78
[INFO] aspmc: Dtree time:               2.0327529907226562
[INFO] aspmc: Compilation time:         0.18162059783935547
[INFO] aspmc: Preparation time:         0.00013256072998046875
[INFO] aspmc: Counting time:            15.433111429214478
[INFO] aspmc: ------------------------------------------------------------
[0.97::a0., 0.03::a1., 0.97::a2., 0.03::a3., 0.97::a4., 0.03::a5., 0.97::a6., 0.03::a7., 0.97::a8., 0.03::a9., 0.97::a10., 0.03::a11., 0.97::a12., 0.03::a13., 0.97::a14., 0.03::a15., 0.97::a16., 0.03::a17., 0.97::a18., 0.03::a19., qr:-not a0., qr:-a1,not nqr., nqr:-a1,not qr., qr:-not a2., qr:-a3,not nqr., nqr:-a3,not qr., qr:-not a4., qr:-a5,not nqr., nqr:-a5,not qr., qr:-not a6., qr:-a7,not nqr., nqr:-a7,not qr., qr:-not a8., qr:-a9,not nqr., nqr:-a9,not qr., qr:-not a10., qr:-a11,not nqr., nqr:-a11,not qr., qr:-not a12., qr:-a13,not nqr., nqr:-a13,not qr., qr:-not a14., qr:-a15,not nqr., nqr:-a15,not qr., qr:-not a16., qr:-a17,not nqr., nqr:-a17,not qr., qr:-not a18., qr:-a19,not nqr., nqr:-a19,not qr., query(qr).]
tracc
nnf_construction_time: 18.77116560935974
Pre simplification
number of sums: 73727
number of prods: 129023
len(eq): 3576
v_12*(-1.0*v_1*(0.97*v_3*v_6*v_7*v_8*v_9*(v_4*(v_5 - 1) + v_4 - 1) + 1.0*v_6*v_7*v_8*v_9*(0.97*v_3 - 1.0) + 1.0*v_6*v_8*v_9*(v_7 - 1) + 1.0*v_6*v_8*(v_9 - 1) + 1.0*v_8*(v_6 - 1) + 1.0*v_8 - 1.0) + 0.97*v_3*v_4*v_5*v_6*v_7*v_8*v_9 + 1.0*(v_1 - 1)*(0.97*v_3*v_6*v_7*v_8*v_9*(v_4*(v_5 - 1) + v_4 - 1) + 1.0*v_6*v_7*v_8*v_9*(0.97*v_3 - 1.0) + 1.0*v_6*v_8*v_9*(v_7 - 1) + 1.0*v_6*v_8*(v_9 - 1) + 1.0*v_8*(v_6 - 1) + 1.0*v_8 - 1.0)) - (v_12 - 1)*(v_14*(-1.0*v_1*(0.97*v_3*v_6*v_7*v_8*v_9*(v_4*(v_5 - 1) + v_4 - 1) + 1.0*v_6*v_7*v_8*v_9*(0.97*v_3 - 1.0) + 1.0*v_6*v_8*v_9*(v_7 - 1) + 1.0*v_6*v_8*(v_9 - 1) + 1.0*v_8*(v_6 - 1) + 1.0*v_8 - 1.0) + 0.97*v_3*v_4*v_5*v_6*v_7*v_8*v_9 + 1.0*(v_1 - 1)*(0.97*v_3*v_6*v_7*v_8*v_9*(v_4*(v_5 - 1) + v_4 - 1) + 1.0*v_6*v_7*v_8*v_9*(0.97*v_3 - 1.0) + 1.0*v_6*v_8*v_9*(v_7 - 1) + 1.0*v_6*v_8*(v_9 - 1) + 1.0*v_8*(v_6 - 1) + 1.0*v_8 - 1.0)) - (v_14 - 1)*(v_15*(-1.0*v_1*(0.97*v_3*v_6*v_7*v_8*v_9*(v_4*(v_5 - 1) + v_4 - 1) + 1.0*v_6*v_7*v_8*v_9*(0.97*v_3 - 1.0) + 1.0*v_6*v_8*v_9*(v_7 - 1) + 1.0*v_6*v_8*(v_9 - 1) + 1.0*v_8*(v_6 - 1) + 1.0*v_8 - 1.0) + 0.97*v_3*v_4*v_5*v_6*v_7*v_8*v_9 + 1.0*(v_1 - 1)*(0.97*v_3*v_6*v_7*v_8*v_9*(v_4*(v_5 - 1) + v_4 - 1) + 1.0*v_6*v_7*v_8*v_9*(0.97*v_3 - 1.0) + 1.0*v_6*v_8*v_9*(v_7 - 1) + 1.0*v_6*v_8*(v_9 - 1) + 1.0*v_8*(v_6 - 1) + 1.0*v_8 - 1.0)) - (v_15 - 1)*(v_16*(-1.0*v_1*(0.97*v_3*v_6*v_7*v_8*v_9*(v_4*(v_5 - 1) + v_4 - 1) + 1.0*v_6*v_7*v_8*v_9*(0.97*v_3 - 1.0) + 1.0*v_6*v_8*v_9*(v_7 - 1) + 1.0*v_6*v_8*(v_9 - 1) + 1.0*v_8*(v_6 - 1) + 1.0*v_8 - 1.0) + 0.97*v_3*v_4*v_5*v_6*v_7*v_8*v_9 + 1.0*(v_1 - 1)*(0.97*v_3*v_6*v_7*v_8*v_9*(v_4*(v_5 - 1) + v_4 - 1) + 1.0*v_6*v_7*v_8*v_9*(0.97*v_3 - 1.0) + 1.0*v_6*v_8*v_9*(v_7 - 1) + 1.0*v_6*v_8*(v_9 - 1) + 1.0*v_8*(v_6 - 1) + 1.0*v_8 - 1.0)) - (v_16 - 1)*(v_17*(-1.0*v_1*(0.97*v_3*v_6*v_7*v_8*v_9*(v_4*(v_5 - 1) + v_4 - 1) + 1.0*v_6*v_7*v_8*v_9*(0.97*v_3 - 1.0) + 1.0*v_6*v_8*v_9*(v_7 - 1) + 1.0*v_6*v_8*(v_9 - 1) + 1.0*v_8*(v_6 - 1) + 1.0*v_8 - 1.0) + 0.97*v_3*v_4*v_5*v_6*v_7*v_8*v_9 + 1.0*(v_1 - 1)*(0.97*v_3*v_6*v_7*v_8*v_9*(v_4*(v_5 - 1) + v_4 - 1) + 1.0*v_6*v_7*v_8*v_9*(0.97*v_3 - 1.0) + 1.0*v_6*v_8*v_9*(v_7 - 1) + 1.0*v_6*v_8*(v_9 - 1) + 1.0*v_8*(v_6 - 1) + 1.0*v_8 - 1.0)) - (v_17 - 1)*(v_18*(-1.0*v_1*(0.97*v_3*v_6*v_7*v_8*v_9*(v_4*(v_5 - 1) + v_4 - 1) + 1.0*v_6*v_7*v_8*v_9*(0.97*v_3 - 1.0) + 1.0*v_6*v_8*v_9*(v_7 - 1) + 1.0*v_6*v_8*(v_9 - 1) + 1.0*v_8*(v_6 - 1) + 1.0*v_8 - 1.0) + 0.97*v_3*v_4*v_5*v_6*v_7*v_8*v_9 + 1.0*(v_1 - 1)*(0.97*v_3*v_6*v_7*v_8*v_9*(v_4*(v_5 - 1) + v_4 - 1) + 1.0*v_6*v_7*v_8*v_9*(0.97*v_3 - 1.0) + 1.0*v_6*v_8*v_9*(v_7 - 1) + 1.0*v_6*v_8*(v_9 - 1) + 1.0*v_8*(v_6 - 1) + 1.0*v_8 - 1.0)) - (v_18 - 1)*(v_19*(-1.0*v_1*(0.97*v_3*v_6*v_7*v_8*v_9*(v_4*(v_5 - 1) + v_4 - 1) + 1.0*v_6*v_7*v_8*v_9*(0.97*v_3 - 1.0) + 1.0*v_6*v_8*v_9*(v_7 - 1) + 1.0*v_6*v_8*(v_9 - 1) + 1.0*v_8*(v_6 - 1) + 1.0*v_8 - 1.0) + 0.97*v_3*v_4*v_5*v_6*v_7*v_8*v_9 + 1.0*(v_1 - 1)*(0.97*v_3*v_6*v_7*v_8*v_9*(v_4*(v_5 - 1) + v_4 - 1) + 1.0*v_6*v_7*v_8*v_9*(0.97*v_3 - 1.0) + 1.0*v_6*v_8*v_9*(v_7 - 1) + 1.0*v_6*v_8*(v_9 - 1) + 1.0*v_8*(v_6 - 1) + 1.0*v_8 - 1.0)) + (v_19 - 1)*(1.0*v_1*(0.97*v_3*v_6*v_7*v_8*v_9*(v_4*(v_5 - 1) + v_4 - 1) + 1.0*v_6*v_7*v_8*v_9*(0.97*v_3 - 1.0) + 1.0*v_6*v_8*v_9*(v_7 - 1) + 1.0*v_6*v_8*(v_9 - 1) + 1.0*v_8*(v_6 - 1) + 1.0*v_8 - 1.0) + 0.88529281*v_3*v_4*v_5*v_6*v_7*v_8*v_9*(0.97*v_1 - 1.0) - 0.08470719*v_3*v_4*v_5*v_6*v_7*v_8*v_9 - 1.0*(v_1 - 1)*(0.97*v_3*v_6*v_7*v_8*v_9*(v_4*(v_5 - 1) + v_4 - 1) + 1.0*v_6*v_7*v_8*v_9*(0.97*v_3 - 1.0) + 1.0*v_6*v_8*v_9*(v_7 - 1) + 1.0*v_6*v_8*(v_9 - 1) + 1.0*v_8*(v_6 - 1) + 1.0*v_8 - 1.0))))))))
Post simplification
symp_time: 39.37460732460022
number of sums: 112
number of subs: 143
number of prods: 479
opt_time: 25.24689292907715
     fun: 7.149999999999998
     jac: array([1., 1., 1., 1., 1., 1., 1., 1., 1., 1., 1., 1., 1., 1., 1.])
 message: 'Positive directional derivative for linesearch'
    nfev: 69
     nit: 12
    njev: 8
  status: 8
 success: False
       x: array([0.15, 0.85, 0.15, 0.85, 0.15, 0.85, 0.15, 0.85, 0.15, 0.85, 0.15,
       0.85, 0.15, 0.85, 0.15])

real	1m24.623s
user	1m23.112s
sys	0m1.301s
Instance: 16
[INFO] aspmc: Tree Decomposition #bags: 40 unfolded treewidth: 4 #vertices: 52
[INFO] aspmc: Preprocessing disabled
[INFO] aspmc:    Stats Compilation
[INFO] aspmc: ------------------------------------------------------------
[INFO] aspmc: X/D-Constrained Tree Decomposition #bags: 34 treewidth: 15 #vertices: 78
[INFO] aspmc: Dtree time:               2.032855987548828
[INFO] aspmc: Compilation time:         0.1819453239440918
[INFO] aspmc: Preparation time:         0.00012946128845214844
[INFO] aspmc: Counting time:            15.111504793167114
[INFO] aspmc: ------------------------------------------------------------
[0.97::a0., 0.03::a1., 0.97::a2., 0.03::a3., 0.97::a4., 0.03::a5., 0.97::a6., 0.03::a7., 0.97::a8., 0.03::a9., 0.97::a10., 0.03::a11., 0.97::a12., 0.03::a13., 0.97::a14., 0.03::a15., 0.97::a16., 0.03::a17., 0.97::a18., 0.03::a19., qr:-not a0., qr:-a1,not nqr., nqr:-a1,not qr., qr:-not a2., qr:-a3,not nqr., nqr:-a3,not qr., qr:-not a4., qr:-a5,not nqr., nqr:-a5,not qr., qr:-not a6., qr:-a7,not nqr., nqr:-a7,not qr., qr:-not a8., qr:-a9,not nqr., nqr:-a9,not qr., qr:-not a10., qr:-a11,not nqr., nqr:-a11,not qr., qr:-not a12., qr:-a13,not nqr., nqr:-a13,not qr., qr:-not a14., qr:-a15,not nqr., nqr:-a15,not qr., qr:-not a16., qr:-a17,not nqr., nqr:-a17,not qr., qr:-not a18., qr:-a19,not nqr., nqr:-a19,not qr., query(qr).]
tracc
nnf_construction_time: 18.44675087928772
Pre simplification
number of sums: 73727
number of prods: 129023
len(eq): 4014
v_12*(-1.0*v_1*(0.97*v_3*v_6*v_7*v_8*v_9*(v_4*(v_5 - 1) + v_4 - 1) + 1.0*v_6*v_7*v_8*v_9*(0.97*v_3 - 1.0) + 1.0*v_6*v_8*v_9*(v_7 - 1) + 1.0*v_6*v_8*(v_9 - 1) + 1.0*v_8*(v_6 - 1) + 1.0*v_8 - 1.0) + 0.97*v_3*v_4*v_5*v_6*v_7*v_8*v_9 + 1.0*(v_1 - 1)*(0.97*v_3*v_6*v_7*v_8*v_9*(v_4*(v_5 - 1) + v_4 - 1) + 1.0*v_6*v_7*v_8*v_9*(0.97*v_3 - 1.0) + 1.0*v_6*v_8*v_9*(v_7 - 1) + 1.0*v_6*v_8*(v_9 - 1) + 1.0*v_8*(v_6 - 1) + 1.0*v_8 - 1.0)) - (v_12 - 1)*(v_14*(-1.0*v_1*(0.97*v_3*v_6*v_7*v_8*v_9*(v_4*(v_5 - 1) + v_4 - 1) + 1.0*v_6*v_7*v_8*v_9*(0.97*v_3 - 1.0) + 1.0*v_6*v_8*v_9*(v_7 - 1) + 1.0*v_6*v_8*(v_9 - 1) + 1.0*v_8*(v_6 - 1) + 1.0*v_8 - 1.0) + 0.97*v_3*v_4*v_5*v_6*v_7*v_8*v_9 + 1.0*(v_1 - 1)*(0.97*v_3*v_6*v_7*v_8*v_9*(v_4*(v_5 - 1) + v_4 - 1) + 1.0*v_6*v_7*v_8*v_9*(0.97*v_3 - 1.0) + 1.0*v_6*v_8*v_9*(v_7 - 1) + 1.0*v_6*v_8*(v_9 - 1) + 1.0*v_8*(v_6 - 1) + 1.0*v_8 - 1.0)) - (v_14 - 1)*(v_15*(-1.0*v_1*(0.97*v_3*v_6*v_7*v_8*v_9*(v_4*(v_5 - 1) + v_4 - 1) + 1.0*v_6*v_7*v_8*v_9*(0.97*v_3 - 1.0) + 1.0*v_6*v_8*v_9*(v_7 - 1) + 1.0*v_6*v_8*(v_9 - 1) + 1.0*v_8*(v_6 - 1) + 1.0*v_8 - 1.0) + 0.97*v_3*v_4*v_5*v_6*v_7*v_8*v_9 + 1.0*(v_1 - 1)*(0.97*v_3*v_6*v_7*v_8*v_9*(v_4*(v_5 - 1) + v_4 - 1) + 1.0*v_6*v_7*v_8*v_9*(0.97*v_3 - 1.0) + 1.0*v_6*v_8*v_9*(v_7 - 1) + 1.0*v_6*v_8*(v_9 - 1) + 1.0*v_8*(v_6 - 1) + 1.0*v_8 - 1.0)) - (v_15 - 1)*(v_16*(-1.0*v_1*(0.97*v_3*v_6*v_7*v_8*v_9*(v_4*(v_5 - 1) + v_4 - 1) + 1.0*v_6*v_7*v_8*v_9*(0.97*v_3 - 1.0) + 1.0*v_6*v_8*v_9*(v_7 - 1) + 1.0*v_6*v_8*(v_9 - 1) + 1.0*v_8*(v_6 - 1) + 1.0*v_8 - 1.0) + 0.97*v_3*v_4*v_5*v_6*v_7*v_8*v_9 + 1.0*(v_1 - 1)*(0.97*v_3*v_6*v_7*v_8*v_9*(v_4*(v_5 - 1) + v_4 - 1) + 1.0*v_6*v_7*v_8*v_9*(0.97*v_3 - 1.0) + 1.0*v_6*v_8*v_9*(v_7 - 1) + 1.0*v_6*v_8*(v_9 - 1) + 1.0*v_8*(v_6 - 1) + 1.0*v_8 - 1.0)) - (v_16 - 1)*(v_17*(-1.0*v_1*(0.97*v_3*v_6*v_7*v_8*v_9*(v_4*(v_5 - 1) + v_4 - 1) + 1.0*v_6*v_7*v_8*v_9*(0.97*v_3 - 1.0) + 1.0*v_6*v_8*v_9*(v_7 - 1) + 1.0*v_6*v_8*(v_9 - 1) + 1.0*v_8*(v_6 - 1) + 1.0*v_8 - 1.0) + 0.97*v_3*v_4*v_5*v_6*v_7*v_8*v_9 + 1.0*(v_1 - 1)*(0.97*v_3*v_6*v_7*v_8*v_9*(v_4*(v_5 - 1) + v_4 - 1) + 1.0*v_6*v_7*v_8*v_9*(0.97*v_3 - 1.0) + 1.0*v_6*v_8*v_9*(v_7 - 1) + 1.0*v_6*v_8*(v_9 - 1) + 1.0*v_8*(v_6 - 1) + 1.0*v_8 - 1.0)) - (v_17 - 1)*(v_18*(-1.0*v_1*(0.97*v_3*v_6*v_7*v_8*v_9*(v_4*(v_5 - 1) + v_4 - 1) + 1.0*v_6*v_7*v_8*v_9*(0.97*v_3 - 1.0) + 1.0*v_6*v_8*v_9*(v_7 - 1) + 1.0*v_6*v_8*(v_9 - 1) + 1.0*v_8*(v_6 - 1) + 1.0*v_8 - 1.0) + 0.97*v_3*v_4*v_5*v_6*v_7*v_8*v_9 + 1.0*(v_1 - 1)*(0.97*v_3*v_6*v_7*v_8*v_9*(v_4*(v_5 - 1) + v_4 - 1) + 1.0*v_6*v_7*v_8*v_9*(0.97*v_3 - 1.0) + 1.0*v_6*v_8*v_9*(v_7 - 1) + 1.0*v_6*v_8*(v_9 - 1) + 1.0*v_8*(v_6 - 1) + 1.0*v_8 - 1.0)) - (v_18 - 1)*(v_19*(-1.0*v_1*(0.97*v_3*v_6*v_7*v_8*v_9*(v_4*(v_5 - 1) + v_4 - 1) + 1.0*v_6*v_7*v_8*v_9*(0.97*v_3 - 1.0) + 1.0*v_6*v_8*v_9*(v_7 - 1) + 1.0*v_6*v_8*(v_9 - 1) + 1.0*v_8*(v_6 - 1) + 1.0*v_8 - 1.0) + 0.97*v_3*v_4*v_5*v_6*v_7*v_8*v_9 + 1.0*(v_1 - 1)*(0.97*v_3*v_6*v_7*v_8*v_9*(v_4*(v_5 - 1) + v_4 - 1) + 1.0*v_6*v_7*v_8*v_9*(0.97*v_3 - 1.0) + 1.0*v_6*v_8*v_9*(v_7 - 1) + 1.0*v_6*v_8*(v_9 - 1) + 1.0*v_8*(v_6 - 1) + 1.0*v_8 - 1.0)) - (v_19 - 1)*(v_20*(-1.0*v_1*(0.97*v_3*v_6*v_7*v_8*v_9*(v_4*(v_5 - 1) + v_4 - 1) + 1.0*v_6*v_7*v_8*v_9*(0.97*v_3 - 1.0) + 1.0*v_6*v_8*v_9*(v_7 - 1) + 1.0*v_6*v_8*(v_9 - 1) + 1.0*v_8*(v_6 - 1) + 1.0*v_8 - 1.0) + 0.97*v_3*v_4*v_5*v_6*v_7*v_8*v_9 + 1.0*(v_1 - 1)*(0.97*v_3*v_6*v_7*v_8*v_9*(v_4*(v_5 - 1) + v_4 - 1) + 1.0*v_6*v_7*v_8*v_9*(0.97*v_3 - 1.0) + 1.0*v_6*v_8*v_9*(v_7 - 1) + 1.0*v_6*v_8*(v_9 - 1) + 1.0*v_8*(v_6 - 1) + 1.0*v_8 - 1.0)) + (v_20 - 1)*(1.0*v_1*(0.97*v_3*v_6*v_7*v_8*v_9*(v_4*(v_5 - 1) + v_4 - 1) + 1.0*v_6*v_7*v_8*v_9*(0.97*v_3 - 1.0) + 1.0*v_6*v_8*v_9*(v_7 - 1) + 1.0*v_6*v_8*(v_9 - 1) + 1.0*v_8*(v_6 - 1) + 1.0*v_8 - 1.0) + 0.912673*v_3*v_4*v_5*v_6*v_7*v_8*v_9*(0.97*v_1 - 1.0) - 0.057327*v_3*v_4*v_5*v_6*v_7*v_8*v_9 - 1.0*(v_1 - 1)*(0.97*v_3*v_6*v_7*v_8*v_9*(v_4*(v_5 - 1) + v_4 - 1) + 1.0*v_6*v_7*v_8*v_9*(0.97*v_3 - 1.0) + 1.0*v_6*v_8*v_9*(v_7 - 1) + 1.0*v_6*v_8*(v_9 - 1) + 1.0*v_8*(v_6 - 1) + 1.0*v_8 - 1.0)))))))))
Post simplification
symp_time: 61.15467119216919
number of sums: 126
number of subs: 161
number of prods: 538
opt_time: 8.303767919540405
     fun: 7.1999999999999975
     jac: array([1., 1., 1., 1., 1., 1., 1., 1., 1., 1., 1., 1., 1., 1., 1., 1.])
 message: 'Optimization terminated successfully'
    nfev: 2
     nit: 2
    njev: 2
  status: 0
 success: True
       x: array([0.05, 0.85, 0.05, 0.85, 0.05, 0.85, 0.05, 0.85, 0.05, 0.85, 0.05,
       0.85, 0.05, 0.85, 0.05, 0.85])

real	1m29.111s
user	1m27.513s
sys	0m1.345s
Instance: 17
[INFO] aspmc: Tree Decomposition #bags: 40 unfolded treewidth: 4 #vertices: 52
[INFO] aspmc: Preprocessing disabled
[INFO] aspmc:    Stats Compilation
[INFO] aspmc: ------------------------------------------------------------
[INFO] aspmc: X/D-Constrained Tree Decomposition #bags: 34 treewidth: 15 #vertices: 78
[INFO] aspmc: Dtree time:               2.0356357097625732
[INFO] aspmc: Compilation time:         0.18260574340820312
[INFO] aspmc: Preparation time:         0.0001239776611328125
[INFO] aspmc: Counting time:            15.20883321762085
[INFO] aspmc: ------------------------------------------------------------
[0.97::a0., 0.03::a1., 0.97::a2., 0.03::a3., 0.97::a4., 0.03::a5., 0.97::a6., 0.03::a7., 0.97::a8., 0.03::a9., 0.97::a10., 0.03::a11., 0.97::a12., 0.03::a13., 0.97::a14., 0.03::a15., 0.97::a16., 0.03::a17., 0.97::a18., 0.03::a19., qr:-not a0., qr:-a1,not nqr., nqr:-a1,not qr., qr:-not a2., qr:-a3,not nqr., nqr:-a3,not qr., qr:-not a4., qr:-a5,not nqr., nqr:-a5,not qr., qr:-not a6., qr:-a7,not nqr., nqr:-a7,not qr., qr:-not a8., qr:-a9,not nqr., nqr:-a9,not qr., qr:-not a10., qr:-a11,not nqr., nqr:-a11,not qr., qr:-not a12., qr:-a13,not nqr., nqr:-a13,not qr., qr:-not a14., qr:-a15,not nqr., nqr:-a15,not qr., qr:-not a16., qr:-a17,not nqr., nqr:-a17,not qr., qr:-not a18., qr:-a19,not nqr., nqr:-a19,not qr., query(qr).]
tracc
nnf_construction_time: 18.538562297821045
Pre simplification
number of sums: 73727
number of prods: 129023
len(eq): 3790
1.0*v_12*(-v_1*(v_10*v_3*v_6*v_7*v_8*v_9*(v_4*(v_5 - 1) + v_4 - 1) + v_6*v_7*v_8*v_9*(v_10*(v_3 - 1) + v_10 - 1) + v_6*v_8*v_9*(v_7 - 1) + v_6*v_8*(v_9 - 1) + v_8*(v_6 - 1) + v_8 - 1) + v_10*v_3*v_4*v_5*v_6*v_7*v_8*v_9 + (v_1 - 1)*(v_10*v_3*v_6*v_7*v_8*v_9*(v_4*(v_5 - 1) + v_4 - 1) + v_6*v_7*v_8*v_9*(v_10*(v_3 - 1) + v_10 - 1) + v_6*v_8*v_9*(v_7 - 1) + v_6*v_8*(v_9 - 1) + v_8*(v_6 - 1) + v_8 - 1)) - (v_12 - 1)*(1.0*v_14*(-v_1*(v_10*v_3*v_6*v_7*v_8*v_9*(v_4*(v_5 - 1) + v_4 - 1) + v_6*v_7*v_8*v_9*(v_10*(v_3 - 1) + v_10 - 1) + v_6*v_8*v_9*(v_7 - 1) + v_6*v_8*(v_9 - 1) + v_8*(v_6 - 1) + v_8 - 1) + v_10*v_3*v_4*v_5*v_6*v_7*v_8*v_9 + (v_1 - 1)*(v_10*v_3*v_6*v_7*v_8*v_9*(v_4*(v_5 - 1) + v_4 - 1) + v_6*v_7*v_8*v_9*(v_10*(v_3 - 1) + v_10 - 1) + v_6*v_8*v_9*(v_7 - 1) + v_6*v_8*(v_9 - 1) + v_8*(v_6 - 1) + v_8 - 1)) - (v_14 - 1)*(1.0*v_15*(-v_1*(v_10*v_3*v_6*v_7*v_8*v_9*(v_4*(v_5 - 1) + v_4 - 1) + v_6*v_7*v_8*v_9*(v_10*(v_3 - 1) + v_10 - 1) + v_6*v_8*v_9*(v_7 - 1) + v_6*v_8*(v_9 - 1) + v_8*(v_6 - 1) + v_8 - 1) + v_10*v_3*v_4*v_5*v_6*v_7*v_8*v_9 + (v_1 - 1)*(v_10*v_3*v_6*v_7*v_8*v_9*(v_4*(v_5 - 1) + v_4 - 1) + v_6*v_7*v_8*v_9*(v_10*(v_3 - 1) + v_10 - 1) + v_6*v_8*v_9*(v_7 - 1) + v_6*v_8*(v_9 - 1) + v_8*(v_6 - 1) + v_8 - 1)) - (v_15 - 1)*(1.0*v_16*(-v_1*(v_10*v_3*v_6*v_7*v_8*v_9*(v_4*(v_5 - 1) + v_4 - 1) + v_6*v_7*v_8*v_9*(v_10*(v_3 - 1) + v_10 - 1) + v_6*v_8*v_9*(v_7 - 1) + v_6*v_8*(v_9 - 1) + v_8*(v_6 - 1) + v_8 - 1) + v_10*v_3*v_4*v_5*v_6*v_7*v_8*v_9 + (v_1 - 1)*(v_10*v_3*v_6*v_7*v_8*v_9*(v_4*(v_5 - 1) + v_4 - 1) + v_6*v_7*v_8*v_9*(v_10*(v_3 - 1) + v_10 - 1) + v_6*v_8*v_9*(v_7 - 1) + v_6*v_8*(v_9 - 1) + v_8*(v_6 - 1) + v_8 - 1)) - (v_16 - 1)*(1.0*v_17*(-v_1*(v_10*v_3*v_6*v_7*v_8*v_9*(v_4*(v_5 - 1) + v_4 - 1) + v_6*v_7*v_8*v_9*(v_10*(v_3 - 1) + v_10 - 1) + v_6*v_8*v_9*(v_7 - 1) + v_6*v_8*(v_9 - 1) + v_8*(v_6 - 1) + v_8 - 1) + v_10*v_3*v_4*v_5*v_6*v_7*v_8*v_9 + (v_1 - 1)*(v_10*v_3*v_6*v_7*v_8*v_9*(v_4*(v_5 - 1) + v_4 - 1) + v_6*v_7*v_8*v_9*(v_10*(v_3 - 1) + v_10 - 1) + v_6*v_8*v_9*(v_7 - 1) + v_6*v_8*(v_9 - 1) + v_8*(v_6 - 1) + v_8 - 1)) - (v_17 - 1)*(1.0*v_18*(-v_1*(v_10*v_3*v_6*v_7*v_8*v_9*(v_4*(v_5 - 1) + v_4 - 1) + v_6*v_7*v_8*v_9*(v_10*(v_3 - 1) + v_10 - 1) + v_6*v_8*v_9*(v_7 - 1) + v_6*v_8*(v_9 - 1) + v_8*(v_6 - 1) + v_8 - 1) + v_10*v_3*v_4*v_5*v_6*v_7*v_8*v_9 + (v_1 - 1)*(v_10*v_3*v_6*v_7*v_8*v_9*(v_4*(v_5 - 1) + v_4 - 1) + v_6*v_7*v_8*v_9*(v_10*(v_3 - 1) + v_10 - 1) + v_6*v_8*v_9*(v_7 - 1) + v_6*v_8*(v_9 - 1) + v_8*(v_6 - 1) + v_8 - 1)) - (v_18 - 1)*(1.0*v_19*(-v_1*(v_10*v_3*v_6*v_7*v_8*v_9*(v_4*(v_5 - 1) + v_4 - 1) + v_6*v_7*v_8*v_9*(v_10*(v_3 - 1) + v_10 - 1) + v_6*v_8*v_9*(v_7 - 1) + v_6*v_8*(v_9 - 1) + v_8*(v_6 - 1) + v_8 - 1) + v_10*v_3*v_4*v_5*v_6*v_7*v_8*v_9 + (v_1 - 1)*(v_10*v_3*v_6*v_7*v_8*v_9*(v_4*(v_5 - 1) + v_4 - 1) + v_6*v_7*v_8*v_9*(v_10*(v_3 - 1) + v_10 - 1) + v_6*v_8*v_9*(v_7 - 1) + v_6*v_8*(v_9 - 1) + v_8*(v_6 - 1) + v_8 - 1)) - (v_19 - 1)*(1.0*v_20*(-v_1*(v_10*v_3*v_6*v_7*v_8*v_9*(v_4*(v_5 - 1) + v_4 - 1) + v_6*v_7*v_8*v_9*(v_10*(v_3 - 1) + v_10 - 1) + v_6*v_8*v_9*(v_7 - 1) + v_6*v_8*(v_9 - 1) + v_8*(v_6 - 1) + v_8 - 1) + v_10*v_3*v_4*v_5*v_6*v_7*v_8*v_9 + (v_1 - 1)*(v_10*v_3*v_6*v_7*v_8*v_9*(v_4*(v_5 - 1) + v_4 - 1) + v_6*v_7*v_8*v_9*(v_10*(v_3 - 1) + v_10 - 1) + v_6*v_8*v_9*(v_7 - 1) + v_6*v_8*(v_9 - 1) + v_8*(v_6 - 1) + v_8 - 1)) + (v_20 - 1)*(1.0*v_1*(v_10*v_3*v_6*v_7*v_8*v_9*(v_4*(v_5 - 1) + v_4 - 1) + v_6*v_7*v_8*v_9*(v_10*(v_3 - 1) + v_10 - 1) + v_6*v_8*v_9*(v_7 - 1) + v_6*v_8*(v_9 - 1) + v_8*(v_6 - 1) + v_8 - 1) + 0.9409*v_10*v_3*v_4*v_5*v_6*v_7*v_8*v_9*(0.97*v_1 - 1.0) - 0.0591*v_10*v_3*v_4*v_5*v_6*v_7*v_8*v_9 - 1.0*(v_1 - 1)*(v_10*v_3*v_6*v_7*v_8*v_9*(v_4*(v_5 - 1) + v_4 - 1) + v_6*v_7*v_8*v_9*(v_10*(v_3 - 1) + v_10 - 1) + v_6*v_8*v_9*(v_7 - 1) + v_6*v_8*(v_9 - 1) + v_8*(v_6 - 1) + v_8 - 1)))))))))
Post simplification
symp_time: 57.82128858566284
number of sums: 144
number of subs: 179
number of prods: 442
opt_time: 34.18892979621887
     fun: 8.149999999999984
     jac: array([1., 1., 1., 1., 1., 1., 1., 1., 1., 1., 1., 1., 1., 1., 1., 1., 1.])
 message: 'Positive directional derivative for linesearch'
    nfev: 71
     nit: 12
    njev: 8
  status: 8
 success: False
       x: array([0.15, 0.85, 0.15, 0.85, 0.15, 0.85, 0.15, 0.85, 0.15, 0.85, 0.15,
       0.85, 0.15, 0.85, 0.15, 0.85, 0.15])

real	1m51.781s
user	1m50.059s
sys	0m1.416s
Instance: 18
[INFO] aspmc: Tree Decomposition #bags: 40 unfolded treewidth: 4 #vertices: 52
[INFO] aspmc: Preprocessing disabled
[INFO] aspmc:    Stats Compilation
[INFO] aspmc: ------------------------------------------------------------
[INFO] aspmc: X/D-Constrained Tree Decomposition #bags: 34 treewidth: 15 #vertices: 78
[INFO] aspmc: Dtree time:               2.0346078872680664
[INFO] aspmc: Compilation time:         0.18468594551086426
[INFO] aspmc: Preparation time:         0.00014162063598632812
[INFO] aspmc: Counting time:            15.528074026107788
[INFO] aspmc: ------------------------------------------------------------
[0.97::a0., 0.03::a1., 0.97::a2., 0.03::a3., 0.97::a4., 0.03::a5., 0.97::a6., 0.03::a7., 0.97::a8., 0.03::a9., 0.97::a10., 0.03::a11., 0.97::a12., 0.03::a13., 0.97::a14., 0.03::a15., 0.97::a16., 0.03::a17., 0.97::a18., 0.03::a19., qr:-not a0., qr:-a1,not nqr., nqr:-a1,not qr., qr:-not a2., qr:-a3,not nqr., nqr:-a3,not qr., qr:-not a4., qr:-a5,not nqr., nqr:-a5,not qr., qr:-not a6., qr:-a7,not nqr., nqr:-a7,not qr., qr:-not a8., qr:-a9,not nqr., nqr:-a9,not qr., qr:-not a10., qr:-a11,not nqr., nqr:-a11,not qr., qr:-not a12., qr:-a13,not nqr., nqr:-a13,not qr., qr:-not a14., qr:-a15,not nqr., nqr:-a15,not qr., qr:-not a16., qr:-a17,not nqr., nqr:-a17,not qr., qr:-not a18., qr:-a19,not nqr., nqr:-a19,not qr., query(qr).]
tracc
nnf_construction_time: 18.868016958236694
Pre simplification
number of sums: 73727
number of prods: 129023
len(eq): 4202
1.0*v_12*(-v_1*(v_10*v_3*v_6*v_7*v_8*v_9*(v_4*(v_5 - 1) + v_4 - 1) + v_6*v_7*v_8*v_9*(v_10*(v_3 - 1) + v_10 - 1) + v_6*v_8*v_9*(v_7 - 1) + v_6*v_8*(v_9 - 1) + v_8*(v_6 - 1) + v_8 - 1) + v_10*v_3*v_4*v_5*v_6*v_7*v_8*v_9 + (v_1 - 1)*(v_10*v_3*v_6*v_7*v_8*v_9*(v_4*(v_5 - 1) + v_4 - 1) + v_6*v_7*v_8*v_9*(v_10*(v_3 - 1) + v_10 - 1) + v_6*v_8*v_9*(v_7 - 1) + v_6*v_8*(v_9 - 1) + v_8*(v_6 - 1) + v_8 - 1)) - (v_12 - 1)*(1.0*v_14*(-v_1*(v_10*v_3*v_6*v_7*v_8*v_9*(v_4*(v_5 - 1) + v_4 - 1) + v_6*v_7*v_8*v_9*(v_10*(v_3 - 1) + v_10 - 1) + v_6*v_8*v_9*(v_7 - 1) + v_6*v_8*(v_9 - 1) + v_8*(v_6 - 1) + v_8 - 1) + v_10*v_3*v_4*v_5*v_6*v_7*v_8*v_9 + (v_1 - 1)*(v_10*v_3*v_6*v_7*v_8*v_9*(v_4*(v_5 - 1) + v_4 - 1) + v_6*v_7*v_8*v_9*(v_10*(v_3 - 1) + v_10 - 1) + v_6*v_8*v_9*(v_7 - 1) + v_6*v_8*(v_9 - 1) + v_8*(v_6 - 1) + v_8 - 1)) - (v_14 - 1)*(1.0*v_15*(-v_1*(v_10*v_3*v_6*v_7*v_8*v_9*(v_4*(v_5 - 1) + v_4 - 1) + v_6*v_7*v_8*v_9*(v_10*(v_3 - 1) + v_10 - 1) + v_6*v_8*v_9*(v_7 - 1) + v_6*v_8*(v_9 - 1) + v_8*(v_6 - 1) + v_8 - 1) + v_10*v_3*v_4*v_5*v_6*v_7*v_8*v_9 + (v_1 - 1)*(v_10*v_3*v_6*v_7*v_8*v_9*(v_4*(v_5 - 1) + v_4 - 1) + v_6*v_7*v_8*v_9*(v_10*(v_3 - 1) + v_10 - 1) + v_6*v_8*v_9*(v_7 - 1) + v_6*v_8*(v_9 - 1) + v_8*(v_6 - 1) + v_8 - 1)) - (v_15 - 1)*(1.0*v_16*(-v_1*(v_10*v_3*v_6*v_7*v_8*v_9*(v_4*(v_5 - 1) + v_4 - 1) + v_6*v_7*v_8*v_9*(v_10*(v_3 - 1) + v_10 - 1) + v_6*v_8*v_9*(v_7 - 1) + v_6*v_8*(v_9 - 1) + v_8*(v_6 - 1) + v_8 - 1) + v_10*v_3*v_4*v_5*v_6*v_7*v_8*v_9 + (v_1 - 1)*(v_10*v_3*v_6*v_7*v_8*v_9*(v_4*(v_5 - 1) + v_4 - 1) + v_6*v_7*v_8*v_9*(v_10*(v_3 - 1) + v_10 - 1) + v_6*v_8*v_9*(v_7 - 1) + v_6*v_8*(v_9 - 1) + v_8*(v_6 - 1) + v_8 - 1)) - (v_16 - 1)*(1.0*v_17*(-v_1*(v_10*v_3*v_6*v_7*v_8*v_9*(v_4*(v_5 - 1) + v_4 - 1) + v_6*v_7*v_8*v_9*(v_10*(v_3 - 1) + v_10 - 1) + v_6*v_8*v_9*(v_7 - 1) + v_6*v_8*(v_9 - 1) + v_8*(v_6 - 1) + v_8 - 1) + v_10*v_3*v_4*v_5*v_6*v_7*v_8*v_9 + (v_1 - 1)*(v_10*v_3*v_6*v_7*v_8*v_9*(v_4*(v_5 - 1) + v_4 - 1) + v_6*v_7*v_8*v_9*(v_10*(v_3 - 1) + v_10 - 1) + v_6*v_8*v_9*(v_7 - 1) + v_6*v_8*(v_9 - 1) + v_8*(v_6 - 1) + v_8 - 1)) - (v_17 - 1)*(1.0*v_18*(-v_1*(v_10*v_3*v_6*v_7*v_8*v_9*(v_4*(v_5 - 1) + v_4 - 1) + v_6*v_7*v_8*v_9*(v_10*(v_3 - 1) + v_10 - 1) + v_6*v_8*v_9*(v_7 - 1) + v_6*v_8*(v_9 - 1) + v_8*(v_6 - 1) + v_8 - 1) + v_10*v_3*v_4*v_5*v_6*v_7*v_8*v_9 + (v_1 - 1)*(v_10*v_3*v_6*v_7*v_8*v_9*(v_4*(v_5 - 1) + v_4 - 1) + v_6*v_7*v_8*v_9*(v_10*(v_3 - 1) + v_10 - 1) + v_6*v_8*v_9*(v_7 - 1) + v_6*v_8*(v_9 - 1) + v_8*(v_6 - 1) + v_8 - 1)) - (v_18 - 1)*(1.0*v_19*(-v_1*(v_10*v_3*v_6*v_7*v_8*v_9*(v_4*(v_5 - 1) + v_4 - 1) + v_6*v_7*v_8*v_9*(v_10*(v_3 - 1) + v_10 - 1) + v_6*v_8*v_9*(v_7 - 1) + v_6*v_8*(v_9 - 1) + v_8*(v_6 - 1) + v_8 - 1) + v_10*v_3*v_4*v_5*v_6*v_7*v_8*v_9 + (v_1 - 1)*(v_10*v_3*v_6*v_7*v_8*v_9*(v_4*(v_5 - 1) + v_4 - 1) + v_6*v_7*v_8*v_9*(v_10*(v_3 - 1) + v_10 - 1) + v_6*v_8*v_9*(v_7 - 1) + v_6*v_8*(v_9 - 1) + v_8*(v_6 - 1) + v_8 - 1)) - (v_19 - 1)*(1.0*v_20*(-v_1*(v_10*v_3*v_6*v_7*v_8*v_9*(v_4*(v_5 - 1) + v_4 - 1) + v_6*v_7*v_8*v_9*(v_10*(v_3 - 1) + v_10 - 1) + v_6*v_8*v_9*(v_7 - 1) + v_6*v_8*(v_9 - 1) + v_8*(v_6 - 1) + v_8 - 1) + v_10*v_3*v_4*v_5*v_6*v_7*v_8*v_9 + (v_1 - 1)*(v_10*v_3*v_6*v_7*v_8*v_9*(v_4*(v_5 - 1) + v_4 - 1) + v_6*v_7*v_8*v_9*(v_10*(v_3 - 1) + v_10 - 1) + v_6*v_8*v_9*(v_7 - 1) + v_6*v_8*(v_9 - 1) + v_8*(v_6 - 1) + v_8 - 1)) - (v_20 - 1)*(1.0*v_21*(-v_1*(v_10*v_3*v_6*v_7*v_8*v_9*(v_4*(v_5 - 1) + v_4 - 1) + v_6*v_7*v_8*v_9*(v_10*(v_3 - 1) + v_10 - 1) + v_6*v_8*v_9*(v_7 - 1) + v_6*v_8*(v_9 - 1) + v_8*(v_6 - 1) + v_8 - 1) + v_10*v_3*v_4*v_5*v_6*v_7*v_8*v_9 + (v_1 - 1)*(v_10*v_3*v_6*v_7*v_8*v_9*(v_4*(v_5 - 1) + v_4 - 1) + v_6*v_7*v_8*v_9*(v_10*(v_3 - 1) + v_10 - 1) + v_6*v_8*v_9*(v_7 - 1) + v_6*v_8*(v_9 - 1) + v_8*(v_6 - 1) + v_8 - 1)) + (v_21 - 1)*(1.0*v_1*(v_10*v_3*v_6*v_7*v_8*v_9*(v_4*(v_5 - 1) + v_4 - 1) + v_6*v_7*v_8*v_9*(v_10*(v_3 - 1) + v_10 - 1) + v_6*v_8*v_9*(v_7 - 1) + v_6*v_8*(v_9 - 1) + v_8*(v_6 - 1) + v_8 - 1) + 0.97*v_10*v_3*v_4*v_5*v_6*v_7*v_8*v_9*(0.97*v_1 - 1.0) - 0.03*v_10*v_3*v_4*v_5*v_6*v_7*v_8*v_9 - 1.0*(v_1 - 1)*(v_10*v_3*v_6*v_7*v_8*v_9*(v_4*(v_5 - 1) + v_4 - 1) + v_6*v_7*v_8*v_9*(v_10*(v_3 - 1) + v_10 - 1) + v_6*v_8*v_9*(v_7 - 1) + v_6*v_8*(v_9 - 1) + v_8*(v_6 - 1) + v_8 - 1))))))))))
Post simplification
symp_time: 99.38112998008728
number of sums: 160
number of subs: 199
number of prods: 490
opt_time: 10.993062496185303
     fun: 8.100000000000062
     jac: array([1., 1., 1., 1., 1., 1., 1., 1., 1., 1., 1., 1., 1., 1., 1., 1., 1.,
       1.])
 message: 'Optimization terminated successfully'
    nfev: 2
     nit: 2
    njev: 2
  status: 0
 success: True
       x: array([0.05, 0.85, 0.05, 0.85, 0.05, 0.85, 0.05, 0.85, 0.05, 0.85, 0.05,
       0.85, 0.05, 0.85, 0.05, 0.85, 0.05, 0.85])

real	2m10.476s
user	2m8.765s
sys	0m1.422s
Instance: 19
[INFO] aspmc: Tree Decomposition #bags: 40 unfolded treewidth: 4 #vertices: 52
[INFO] aspmc: Preprocessing disabled
[INFO] aspmc:    Stats Compilation
[INFO] aspmc: ------------------------------------------------------------
[INFO] aspmc: X/D-Constrained Tree Decomposition #bags: 34 treewidth: 15 #vertices: 78
[INFO] aspmc: Dtree time:               2.0346462726593018
[INFO] aspmc: Compilation time:         0.18355345726013184
[INFO] aspmc: Preparation time:         0.00013399124145507812
[INFO] aspmc: Counting time:            15.619586706161499
[INFO] aspmc: ------------------------------------------------------------
[0.97::a0., 0.03::a1., 0.97::a2., 0.03::a3., 0.97::a4., 0.03::a5., 0.97::a6., 0.03::a7., 0.97::a8., 0.03::a9., 0.97::a10., 0.03::a11., 0.97::a12., 0.03::a13., 0.97::a14., 0.03::a15., 0.97::a16., 0.03::a17., 0.97::a18., 0.03::a19., qr:-not a0., qr:-a1,not nqr., nqr:-a1,not qr., qr:-not a2., qr:-a3,not nqr., nqr:-a3,not qr., qr:-not a4., qr:-a5,not nqr., nqr:-a5,not qr., qr:-not a6., qr:-a7,not nqr., nqr:-a7,not qr., qr:-not a8., qr:-a9,not nqr., nqr:-a9,not qr., qr:-not a10., qr:-a11,not nqr., nqr:-a11,not qr., qr:-not a12., qr:-a13,not nqr., nqr:-a13,not qr., qr:-not a14., qr:-a15,not nqr., nqr:-a15,not qr., qr:-not a16., qr:-a17,not nqr., nqr:-a17,not qr., qr:-not a18., qr:-a19,not nqr., nqr:-a19,not qr., query(qr).]
tracc
nnf_construction_time: 18.955966234207153
Pre simplification
number of sums: 73727
number of prods: 129023
len(eq): 4218
1.0*v_12*(-v_1*(v_10*v_3*v_6*v_7*v_8*v_9*(v_4*(v_5 - 1) + v_4 - 1) + v_6*v_7*v_8*v_9*(v_10*(v_3 - 1) + v_10 - 1) + v_6*v_8*v_9*(v_7 - 1) + v_6*v_8*(v_9 - 1) + v_8*(v_6 - 1) + v_8 - 1) + v_10*v_3*v_4*v_5*v_6*v_7*v_8*v_9 + (v_1 - 1)*(v_10*v_3*v_6*v_7*v_8*v_9*(v_4*(v_5 - 1) + v_4 - 1) + v_6*v_7*v_8*v_9*(v_10*(v_3 - 1) + v_10 - 1) + v_6*v_8*v_9*(v_7 - 1) + v_6*v_8*(v_9 - 1) + v_8*(v_6 - 1) + v_8 - 1)) - (v_12 - 1)*(1.0*v_14*(-v_1*(v_10*v_3*v_6*v_7*v_8*v_9*(v_4*(v_5 - 1) + v_4 - 1) + v_6*v_7*v_8*v_9*(v_10*(v_3 - 1) + v_10 - 1) + v_6*v_8*v_9*(v_7 - 1) + v_6*v_8*(v_9 - 1) + v_8*(v_6 - 1) + v_8 - 1) + v_10*v_3*v_4*v_5*v_6*v_7*v_8*v_9 + (v_1 - 1)*(v_10*v_3*v_6*v_7*v_8*v_9*(v_4*(v_5 - 1) + v_4 - 1) + v_6*v_7*v_8*v_9*(v_10*(v_3 - 1) + v_10 - 1) + v_6*v_8*v_9*(v_7 - 1) + v_6*v_8*(v_9 - 1) + v_8*(v_6 - 1) + v_8 - 1)) - (v_14 - 1)*(1.0*v_15*(-v_1*(v_10*v_3*v_6*v_7*v_8*v_9*(v_4*(v_5 - 1) + v_4 - 1) + v_6*v_7*v_8*v_9*(v_10*(v_3 - 1) + v_10 - 1) + v_6*v_8*v_9*(v_7 - 1) + v_6*v_8*(v_9 - 1) + v_8*(v_6 - 1) + v_8 - 1) + v_10*v_3*v_4*v_5*v_6*v_7*v_8*v_9 + (v_1 - 1)*(v_10*v_3*v_6*v_7*v_8*v_9*(v_4*(v_5 - 1) + v_4 - 1) + v_6*v_7*v_8*v_9*(v_10*(v_3 - 1) + v_10 - 1) + v_6*v_8*v_9*(v_7 - 1) + v_6*v_8*(v_9 - 1) + v_8*(v_6 - 1) + v_8 - 1)) - (v_15 - 1)*(1.0*v_16*(-v_1*(v_10*v_3*v_6*v_7*v_8*v_9*(v_4*(v_5 - 1) + v_4 - 1) + v_6*v_7*v_8*v_9*(v_10*(v_3 - 1) + v_10 - 1) + v_6*v_8*v_9*(v_7 - 1) + v_6*v_8*(v_9 - 1) + v_8*(v_6 - 1) + v_8 - 1) + v_10*v_3*v_4*v_5*v_6*v_7*v_8*v_9 + (v_1 - 1)*(v_10*v_3*v_6*v_7*v_8*v_9*(v_4*(v_5 - 1) + v_4 - 1) + v_6*v_7*v_8*v_9*(v_10*(v_3 - 1) + v_10 - 1) + v_6*v_8*v_9*(v_7 - 1) + v_6*v_8*(v_9 - 1) + v_8*(v_6 - 1) + v_8 - 1)) - (v_16 - 1)*(1.0*v_17*(-v_1*(v_10*v_3*v_6*v_7*v_8*v_9*(v_4*(v_5 - 1) + v_4 - 1) + v_6*v_7*v_8*v_9*(v_10*(v_3 - 1) + v_10 - 1) + v_6*v_8*v_9*(v_7 - 1) + v_6*v_8*(v_9 - 1) + v_8*(v_6 - 1) + v_8 - 1) + v_10*v_3*v_4*v_5*v_6*v_7*v_8*v_9 + (v_1 - 1)*(v_10*v_3*v_6*v_7*v_8*v_9*(v_4*(v_5 - 1) + v_4 - 1) + v_6*v_7*v_8*v_9*(v_10*(v_3 - 1) + v_10 - 1) + v_6*v_8*v_9*(v_7 - 1) + v_6*v_8*(v_9 - 1) + v_8*(v_6 - 1) + v_8 - 1)) - (v_17 - 1)*(1.0*v_18*(-v_1*(v_10*v_3*v_6*v_7*v_8*v_9*(v_4*(v_5 - 1) + v_4 - 1) + v_6*v_7*v_8*v_9*(v_10*(v_3 - 1) + v_10 - 1) + v_6*v_8*v_9*(v_7 - 1) + v_6*v_8*(v_9 - 1) + v_8*(v_6 - 1) + v_8 - 1) + v_10*v_3*v_4*v_5*v_6*v_7*v_8*v_9 + (v_1 - 1)*(v_10*v_3*v_6*v_7*v_8*v_9*(v_4*(v_5 - 1) + v_4 - 1) + v_6*v_7*v_8*v_9*(v_10*(v_3 - 1) + v_10 - 1) + v_6*v_8*v_9*(v_7 - 1) + v_6*v_8*(v_9 - 1) + v_8*(v_6 - 1) + v_8 - 1)) - (v_18 - 1)*(1.0*v_19*(-v_1*(v_10*v_3*v_6*v_7*v_8*v_9*(v_4*(v_5 - 1) + v_4 - 1) + v_6*v_7*v_8*v_9*(v_10*(v_3 - 1) + v_10 - 1) + v_6*v_8*v_9*(v_7 - 1) + v_6*v_8*(v_9 - 1) + v_8*(v_6 - 1) + v_8 - 1) + v_10*v_3*v_4*v_5*v_6*v_7*v_8*v_9 + (v_1 - 1)*(v_10*v_3*v_6*v_7*v_8*v_9*(v_4*(v_5 - 1) + v_4 - 1) + v_6*v_7*v_8*v_9*(v_10*(v_3 - 1) + v_10 - 1) + v_6*v_8*v_9*(v_7 - 1) + v_6*v_8*(v_9 - 1) + v_8*(v_6 - 1) + v_8 - 1)) - (v_19 - 1)*(1.0*v_20*(-v_1*(v_10*v_3*v_6*v_7*v_8*v_9*(v_4*(v_5 - 1) + v_4 - 1) + v_6*v_7*v_8*v_9*(v_10*(v_3 - 1) + v_10 - 1) + v_6*v_8*v_9*(v_7 - 1) + v_6*v_8*(v_9 - 1) + v_8*(v_6 - 1) + v_8 - 1) + v_10*v_3*v_4*v_5*v_6*v_7*v_8*v_9 + (v_1 - 1)*(v_10*v_3*v_6*v_7*v_8*v_9*(v_4*(v_5 - 1) + v_4 - 1) + v_6*v_7*v_8*v_9*(v_10*(v_3 - 1) + v_10 - 1) + v_6*v_8*v_9*(v_7 - 1) + v_6*v_8*(v_9 - 1) + v_8*(v_6 - 1) + v_8 - 1)) - (v_20 - 1)*(1.0*v_21*(-v_1*(v_10*v_3*v_6*v_7*v_8*v_9*(v_4*(v_5 - 1) + v_4 - 1) + v_6*v_7*v_8*v_9*(v_10*(v_3 - 1) + v_10 - 1) + v_6*v_8*v_9*(v_7 - 1) + v_6*v_8*(v_9 - 1) + v_8*(v_6 - 1) + v_8 - 1) + v_10*v_3*v_4*v_5*v_6*v_7*v_8*v_9 + (v_1 - 1)*(v_10*v_3*v_6*v_7*v_8*v_9*(v_4*(v_5 - 1) + v_4 - 1) + v_6*v_7*v_8*v_9*(v_10*(v_3 - 1) + v_10 - 1) + v_6*v_8*v_9*(v_7 - 1) + v_6*v_8*(v_9 - 1) + v_8*(v_6 - 1) + v_8 - 1)) + (v_21 - 1)*(1.0*v_1*(-v_10*v_3*v_6*v_7*v_8*v_9*(-v_4*(v_5 - 1) - v_4 + 1) - v_6*v_7*v_8*v_9*(-v_10*(v_3 - 1) - v_10 + 1) + v_6*v_8*v_9*(v_7 - 1) + v_6*v_8*(v_9 - 1) + v_8*(v_6 - 1) + v_8 - 1) + 0.97*v_10*v_3*v_4*v_5*v_6*v_7*v_8*v_9*(v_1*(v_11 - 1) + v_1 - 1) - 0.03*v_10*v_3*v_4*v_5*v_6*v_7*v_8*v_9 - 1.0*(v_1 - 1)*(-v_10*v_3*v_6*v_7*v_8*v_9*(-v_4*(v_5 - 1) - v_4 + 1) - v_6*v_7*v_8*v_9*(-v_10*(v_3 - 1) - v_10 + 1) + v_6*v_8*v_9*(v_7 - 1) + v_6*v_8*(v_9 - 1) + v_8*(v_6 - 1) + v_8 - 1))))))))))
Post simplification
symp_time: 132.11747932434082
number of sums: 159
number of subs: 208
number of prods: 490
opt_time: 7.012467622756958
     fun: 9.15
     jac: array([1., 1., 1., 1., 1., 1., 1., 1., 1., 1., 1., 1., 1., 1., 1., 1., 1.,
       1., 1.])
 message: 'Positive directional derivative for linesearch'
    nfev: 1
     nit: 5
    njev: 1
  status: 8
 success: False
       x: array([0.15, 0.85, 0.15, 0.85, 0.15, 0.85, 0.15, 0.85, 0.15, 0.85, 0.15,
       0.85, 0.15, 0.85, 0.15, 0.85, 0.15, 0.85, 0.15])

real	2m39.314s
user	2m37.511s
sys	0m1.487s
Instance: 20
[INFO] aspmc: Tree Decomposition #bags: 40 unfolded treewidth: 4 #vertices: 52
[INFO] aspmc: Preprocessing disabled
[INFO] aspmc:    Stats Compilation
[INFO] aspmc: ------------------------------------------------------------
[INFO] aspmc: X/D-Constrained Tree Decomposition #bags: 34 treewidth: 15 #vertices: 78
[INFO] aspmc: Dtree time:               2.0328733921051025
[INFO] aspmc: Compilation time:         0.18057560920715332
[INFO] aspmc: Preparation time:         0.0001316070556640625
[INFO] aspmc: Counting time:            14.768901109695435
[INFO] aspmc: ------------------------------------------------------------
[0.97::a0., 0.03::a1., 0.97::a2., 0.03::a3., 0.97::a4., 0.03::a5., 0.97::a6., 0.03::a7., 0.97::a8., 0.03::a9., 0.97::a10., 0.03::a11., 0.97::a12., 0.03::a13., 0.97::a14., 0.03::a15., 0.97::a16., 0.03::a17., 0.97::a18., 0.03::a19., qr:-not a0., qr:-a1,not nqr., nqr:-a1,not qr., qr:-not a2., qr:-a3,not nqr., nqr:-a3,not qr., qr:-not a4., qr:-a5,not nqr., nqr:-a5,not qr., qr:-not a6., qr:-a7,not nqr., nqr:-a7,not qr., qr:-not a8., qr:-a9,not nqr., nqr:-a9,not qr., qr:-not a10., qr:-a11,not nqr., nqr:-a11,not qr., qr:-not a12., qr:-a13,not nqr., nqr:-a13,not qr., qr:-not a14., qr:-a15,not nqr., nqr:-a15,not qr., qr:-not a16., qr:-a17,not nqr., nqr:-a17,not qr., qr:-not a18., qr:-a19,not nqr., nqr:-a19,not qr., query(qr).]
tracc
nnf_construction_time: 18.094104051589966
Pre simplification
number of sums: 73727
number of prods: 129023
len(eq): 4541
v_12*(-v_1*(v_10*v_3*v_6*v_7*v_8*v_9*(v_4*(v_5 - 1) + v_4 - 1) + v_6*v_7*v_8*v_9*(v_10*(v_3 - 1) + v_10 - 1) + v_6*v_8*v_9*(v_7 - 1) + v_6*v_8*(v_9 - 1) + v_8*(v_6 - 1) + v_8 - 1) + v_10*v_3*v_4*v_5*v_6*v_7*v_8*v_9 + (v_1 - 1)*(v_10*v_3*v_6*v_7*v_8*v_9*(v_4*(v_5 - 1) + v_4 - 1) + v_6*v_7*v_8*v_9*(v_10*(v_3 - 1) + v_10 - 1) + v_6*v_8*v_9*(v_7 - 1) + v_6*v_8*(v_9 - 1) + v_8*(v_6 - 1) + v_8 - 1)) - (v_12 - 1)*(v_14*(-v_1*(v_10*v_3*v_6*v_7*v_8*v_9*(v_4*(v_5 - 1) + v_4 - 1) + v_6*v_7*v_8*v_9*(v_10*(v_3 - 1) + v_10 - 1) + v_6*v_8*v_9*(v_7 - 1) + v_6*v_8*(v_9 - 1) + v_8*(v_6 - 1) + v_8 - 1) + v_10*v_3*v_4*v_5*v_6*v_7*v_8*v_9 + (v_1 - 1)*(v_10*v_3*v_6*v_7*v_8*v_9*(v_4*(v_5 - 1) + v_4 - 1) + v_6*v_7*v_8*v_9*(v_10*(v_3 - 1) + v_10 - 1) + v_6*v_8*v_9*(v_7 - 1) + v_6*v_8*(v_9 - 1) + v_8*(v_6 - 1) + v_8 - 1)) - (v_14 - 1)*(v_15*(-v_1*(v_10*v_3*v_6*v_7*v_8*v_9*(v_4*(v_5 - 1) + v_4 - 1) + v_6*v_7*v_8*v_9*(v_10*(v_3 - 1) + v_10 - 1) + v_6*v_8*v_9*(v_7 - 1) + v_6*v_8*(v_9 - 1) + v_8*(v_6 - 1) + v_8 - 1) + v_10*v_3*v_4*v_5*v_6*v_7*v_8*v_9 + (v_1 - 1)*(v_10*v_3*v_6*v_7*v_8*v_9*(v_4*(v_5 - 1) + v_4 - 1) + v_6*v_7*v_8*v_9*(v_10*(v_3 - 1) + v_10 - 1) + v_6*v_8*v_9*(v_7 - 1) + v_6*v_8*(v_9 - 1) + v_8*(v_6 - 1) + v_8 - 1)) - (v_15 - 1)*(v_16*(-v_1*(v_10*v_3*v_6*v_7*v_8*v_9*(v_4*(v_5 - 1) + v_4 - 1) + v_6*v_7*v_8*v_9*(v_10*(v_3 - 1) + v_10 - 1) + v_6*v_8*v_9*(v_7 - 1) + v_6*v_8*(v_9 - 1) + v_8*(v_6 - 1) + v_8 - 1) + v_10*v_3*v_4*v_5*v_6*v_7*v_8*v_9 + (v_1 - 1)*(v_10*v_3*v_6*v_7*v_8*v_9*(v_4*(v_5 - 1) + v_4 - 1) + v_6*v_7*v_8*v_9*(v_10*(v_3 - 1) + v_10 - 1) + v_6*v_8*v_9*(v_7 - 1) + v_6*v_8*(v_9 - 1) + v_8*(v_6 - 1) + v_8 - 1)) - (v_16 - 1)*(v_17*(-v_1*(v_10*v_3*v_6*v_7*v_8*v_9*(v_4*(v_5 - 1) + v_4 - 1) + v_6*v_7*v_8*v_9*(v_10*(v_3 - 1) + v_10 - 1) + v_6*v_8*v_9*(v_7 - 1) + v_6*v_8*(v_9 - 1) + v_8*(v_6 - 1) + v_8 - 1) + v_10*v_3*v_4*v_5*v_6*v_7*v_8*v_9 + (v_1 - 1)*(v_10*v_3*v_6*v_7*v_8*v_9*(v_4*(v_5 - 1) + v_4 - 1) + v_6*v_7*v_8*v_9*(v_10*(v_3 - 1) + v_10 - 1) + v_6*v_8*v_9*(v_7 - 1) + v_6*v_8*(v_9 - 1) + v_8*(v_6 - 1) + v_8 - 1)) - (v_17 - 1)*(v_18*(-v_1*(v_10*v_3*v_6*v_7*v_8*v_9*(v_4*(v_5 - 1) + v_4 - 1) + v_6*v_7*v_8*v_9*(v_10*(v_3 - 1) + v_10 - 1) + v_6*v_8*v_9*(v_7 - 1) + v_6*v_8*(v_9 - 1) + v_8*(v_6 - 1) + v_8 - 1) + v_10*v_3*v_4*v_5*v_6*v_7*v_8*v_9 + (v_1 - 1)*(v_10*v_3*v_6*v_7*v_8*v_9*(v_4*(v_5 - 1) + v_4 - 1) + v_6*v_7*v_8*v_9*(v_10*(v_3 - 1) + v_10 - 1) + v_6*v_8*v_9*(v_7 - 1) + v_6*v_8*(v_9 - 1) + v_8*(v_6 - 1) + v_8 - 1)) - (v_18 - 1)*(v_19*(-v_1*(v_10*v_3*v_6*v_7*v_8*v_9*(v_4*(v_5 - 1) + v_4 - 1) + v_6*v_7*v_8*v_9*(v_10*(v_3 - 1) + v_10 - 1) + v_6*v_8*v_9*(v_7 - 1) + v_6*v_8*(v_9 - 1) + v_8*(v_6 - 1) + v_8 - 1) + v_10*v_3*v_4*v_5*v_6*v_7*v_8*v_9 + (v_1 - 1)*(v_10*v_3*v_6*v_7*v_8*v_9*(v_4*(v_5 - 1) + v_4 - 1) + v_6*v_7*v_8*v_9*(v_10*(v_3 - 1) + v_10 - 1) + v_6*v_8*v_9*(v_7 - 1) + v_6*v_8*(v_9 - 1) + v_8*(v_6 - 1) + v_8 - 1)) - (v_19 - 1)*(v_20*(-v_1*(v_10*v_3*v_6*v_7*v_8*v_9*(v_4*(v_5 - 1) + v_4 - 1) + v_6*v_7*v_8*v_9*(v_10*(v_3 - 1) + v_10 - 1) + v_6*v_8*v_9*(v_7 - 1) + v_6*v_8*(v_9 - 1) + v_8*(v_6 - 1) + v_8 - 1) + v_10*v_3*v_4*v_5*v_6*v_7*v_8*v_9 + (v_1 - 1)*(v_10*v_3*v_6*v_7*v_8*v_9*(v_4*(v_5 - 1) + v_4 - 1) + v_6*v_7*v_8*v_9*(v_10*(v_3 - 1) + v_10 - 1) + v_6*v_8*v_9*(v_7 - 1) + v_6*v_8*(v_9 - 1) + v_8*(v_6 - 1) + v_8 - 1)) - (v_20 - 1)*(v_21*(-v_1*(v_10*v_3*v_6*v_7*v_8*v_9*(v_4*(v_5 - 1) + v_4 - 1) + v_6*v_7*v_8*v_9*(v_10*(v_3 - 1) + v_10 - 1) + v_6*v_8*v_9*(v_7 - 1) + v_6*v_8*(v_9 - 1) + v_8*(v_6 - 1) + v_8 - 1) + v_10*v_3*v_4*v_5*v_6*v_7*v_8*v_9 + (v_1 - 1)*(v_10*v_3*v_6*v_7*v_8*v_9*(v_4*(v_5 - 1) + v_4 - 1) + v_6*v_7*v_8*v_9*(v_10*(v_3 - 1) + v_10 - 1) + v_6*v_8*v_9*(v_7 - 1) + v_6*v_8*(v_9 - 1) + v_8*(v_6 - 1) + v_8 - 1)) - (v_21 - 1)*(v_22*(-v_1*(v_10*v_3*v_6*v_7*v_8*v_9*(v_4*(v_5 - 1) + v_4 - 1) + v_6*v_7*v_8*v_9*(v_10*(v_3 - 1) + v_10 - 1) + v_6*v_8*v_9*(v_7 - 1) + v_6*v_8*(v_9 - 1) + v_8*(v_6 - 1) + v_8 - 1) + v_10*v_3*v_4*v_5*v_6*v_7*v_8*v_9 + (v_1 - 1)*(v_10*v_3*v_6*v_7*v_8*v_9*(v_4*(v_5 - 1) + v_4 - 1) + v_6*v_7*v_8*v_9*(v_10*(v_3 - 1) + v_10 - 1) + v_6*v_8*v_9*(v_7 - 1) + v_6*v_8*(v_9 - 1) + v_8*(v_6 - 1) + v_8 - 1)) + (v_22 - 1)*(v_1*(-v_10*v_3*v_6*v_7*v_8*v_9*(-v_4*(v_5 - 1) - v_4 + 1) - v_6*v_7*v_8*v_9*(-v_10*(v_3 - 1) - v_10 + 1) + v_6*v_8*v_9*(v_7 - 1) + v_6*v_8*(v_9 - 1) + v_8*(v_6 - 1) + v_8 - 1) + v_10*v_3*v_4*v_5*v_6*v_7*v_8*v_9*(v_1*(v_11 - 1) + v_1 - 1) - (v_1 - 1)*(-v_10*v_3*v_6*v_7*v_8*v_9*(-v_4*(v_5 - 1) - v_4 + 1) - v_6*v_7*v_8*v_9*(-v_10*(v_3 - 1) - v_10 + 1) + v_6*v_8*v_9*(v_7 - 1) + v_6*v_8*(v_9 - 1) + v_8*(v_6 - 1) + v_8 - 1)))))))))))
Post simplification
symp_time: 237.22268080711365
number of sums: 175
number of subs: 227
number of prods: 517
opt_time: 13.431085586547852
     fun: 8.999999999999998
     jac: array([1., 1., 1., 1., 1., 1., 1., 1., 1., 1., 1., 1., 1., 1., 1., 1., 1.,
       1., 1., 1.])
 message: 'Optimization terminated successfully'
    nfev: 2
     nit: 2
    njev: 2
  status: 0
 success: True
       x: array([0.05, 0.85, 0.05, 0.85, 0.05, 0.85, 0.05, 0.85, 0.05, 0.85, 0.05,
       0.85, 0.05, 0.85, 0.05, 0.85, 0.05, 0.85, 0.05, 0.85])

real	4m29.931s
user	4m27.987s
sys	0m1.474s
Ended at: 
Thu Dec  7 18:20:07 CET 2023
