Started at: 
Thu Dec  7 17:56:10 CET 2023
Instance: 2
[INFO] aspmc: Tree Decomposition #bags: 30 unfolded treewidth: 4 #vertices: 39
[INFO] aspmc: Preprocessing disabled
[INFO] aspmc:    Stats Compilation
[INFO] aspmc: ------------------------------------------------------------
[INFO] aspmc: X/D-Constrained Tree Decomposition #bags: 45 treewidth: 11 #vertices: 57
[INFO] aspmc: Dtree time:               2.0277481079101562
[INFO] aspmc: Compilation time:         0.02841019630432129
[INFO] aspmc: Preparation time:         0.00012254714965820312
[INFO] aspmc: Counting time:            0.8243043422698975
[INFO] aspmc: ------------------------------------------------------------
[0.97::a0., 0.03::a1., 0.97::a2., 0.03::a3., 0.97::a4., 0.03::a5., 0.97::a6., 0.03::a7., 0.97::a8., 0.03::a9., 0.97::a10., 0.03::a11., 0.97::a12., 0.03::a13., 0.97::a14., qr:-not a0., qr:-a1,not nqr., nqr:-a1,not qr., qr:-not a2., qr:-a3,not nqr., nqr:-a3,not qr., qr:-not a4., qr:-a5,not nqr., nqr:-a5,not qr., qr:-not a6., qr:-a7,not nqr., nqr:-a7,not qr., qr:-not a8., qr:-a9,not nqr., nqr:-a9,not qr., qr:-not a10., qr:-a11,not nqr., nqr:-a11,not qr., qr:-not a12., qr:-a13,not nqr., nqr:-a13,not qr., qr:-not a14., query(qr).]
tracc
nnf_construction_time: 3.9849421977996826
Pre simplification
number of sums: 3839
number of prods: 7807
len(eq): 56
0.673027090165575*v_1*v_11 - 0.673027090165575*v_1 + 1.0
Post simplification
symp_time: 1.3493549823760986
number of sums: 1
number of subs: 1
number of prods: 3
opt_time: 0.05790591239929199
     fun: 1.0
     jac: array([1., 1.])
 message: 'Positive directional derivative for linesearch'
    nfev: 41
     nit: 10
    njev: 6
  status: 8
 success: False
       x: array([0.15, 0.85])

real	0m6.557s
user	0m5.824s
sys	0m0.605s
Instance: 3
[INFO] aspmc: Tree Decomposition #bags: 30 unfolded treewidth: 4 #vertices: 39
[INFO] aspmc: Preprocessing disabled
[INFO] aspmc:    Stats Compilation
[INFO] aspmc: ------------------------------------------------------------
[INFO] aspmc: X/D-Constrained Tree Decomposition #bags: 45 treewidth: 11 #vertices: 57
[INFO] aspmc: Dtree time:               2.0278940200805664
[INFO] aspmc: Compilation time:         0.028229951858520508
[INFO] aspmc: Preparation time:         0.00010418891906738281
[INFO] aspmc: Counting time:            0.7816121578216553
[INFO] aspmc: ------------------------------------------------------------
[0.97::a0., 0.03::a1., 0.97::a2., 0.03::a3., 0.97::a4., 0.03::a5., 0.97::a6., 0.03::a7., 0.97::a8., 0.03::a9., 0.97::a10., 0.03::a11., 0.97::a12., 0.03::a13., 0.97::a14., qr:-not a0., qr:-a1,not nqr., nqr:-a1,not qr., qr:-not a2., qr:-a3,not nqr., nqr:-a3,not qr., qr:-not a4., qr:-a5,not nqr., nqr:-a5,not qr., qr:-not a6., qr:-a7,not nqr., nqr:-a7,not qr., qr:-not a8., qr:-a9,not nqr., nqr:-a9,not qr., qr:-not a10., qr:-a11,not nqr., nqr:-a11,not qr., qr:-not a12., qr:-a13,not nqr., nqr:-a13,not qr., qr:-not a14., query(qr).]
tracc
nnf_construction_time: 3.947091817855835
Pre simplification
number of sums: 3839
number of prods: 7807
len(eq): 123
0.693842360995438*v_1*v_11*v_3 - 0.693842360995438*v_1*v_3 + 1.11022302462516e-16*v_11*v_3 - 1.11022302462516e-16*v_3 + 1.0
Post simplification
symp_time: 1.5075936317443848
number of sums: 2
number of subs: 4
number of prods: 8
opt_time: 0.04840421676635742
     fun: 0.9500000000000007
     jac: array([1., 1., 1.])
 message: 'Optimization terminated successfully'
    nfev: 2
     nit: 2
    njev: 2
  status: 0
 success: True
       x: array([0.05, 0.85, 0.05])

real	0m6.562s
user	0m5.833s
sys	0m0.583s
Instance: 4
[INFO] aspmc: Tree Decomposition #bags: 30 unfolded treewidth: 4 #vertices: 39
[INFO] aspmc: Preprocessing disabled
[INFO] aspmc:    Stats Compilation
[INFO] aspmc: ------------------------------------------------------------
[INFO] aspmc: X/D-Constrained Tree Decomposition #bags: 45 treewidth: 11 #vertices: 57
[INFO] aspmc: Dtree time:               2.027944326400757
[INFO] aspmc: Compilation time:         0.028406858444213867
[INFO] aspmc: Preparation time:         0.00011277198791503906
[INFO] aspmc: Counting time:            0.8056919574737549
[INFO] aspmc: ------------------------------------------------------------
[0.97::a0., 0.03::a1., 0.97::a2., 0.03::a3., 0.97::a4., 0.03::a5., 0.97::a6., 0.03::a7., 0.97::a8., 0.03::a9., 0.97::a10., 0.03::a11., 0.97::a12., 0.03::a13., 0.97::a14., qr:-not a0., qr:-a1,not nqr., nqr:-a1,not qr., qr:-not a2., qr:-a3,not nqr., nqr:-a3,not qr., qr:-not a4., qr:-a5,not nqr., nqr:-a5,not qr., qr:-not a6., qr:-a7,not nqr., nqr:-a7,not qr., qr:-not a8., qr:-a9,not nqr., nqr:-a9,not qr., qr:-not a10., qr:-a11,not nqr., nqr:-a11,not qr., qr:-not a12., qr:-a13,not nqr., nqr:-a13,not qr., qr:-not a14., query(qr).]
tracc
nnf_construction_time: 3.97153902053833
Pre simplification
number of sums: 3839
number of prods: 7807
len(eq): 260
-0.71530140308808*v_1*v_11*v_12*v_3 + 0.71530140308808*v_1*v_11*v_3 + 0.71530140308808*v_1*v_12*v_3 - 0.71530140308808*v_1*v_3 - 1.11022302462516e-16*v_11*v_12*v_3 + 1.11022302462516e-16*v_11*v_3 + 1.11022302462516e-16*v_12*v_3 - 1.11022302462516e-16*v_3 + 1.0
Post simplification
symp_time: 1.6235523223876953
number of sums: 5
number of subs: 8
number of prods: 20
opt_time: 0.16883563995361328
     fun: 2.0
     jac: array([1., 1., 1., 1.])
 message: 'Inequality constraints incompatible'
    nfev: 39
     nit: 5
    njev: 5
  status: 4
 success: False
       x: array([0.15, 0.85, 0.15, 0.85])

real	0m6.840s
user	0m6.120s
sys	0m0.577s
Instance: 5
[INFO] aspmc: Tree Decomposition #bags: 30 unfolded treewidth: 4 #vertices: 39
[INFO] aspmc: Preprocessing disabled
[INFO] aspmc:    Stats Compilation
[INFO] aspmc: ------------------------------------------------------------
[INFO] aspmc: X/D-Constrained Tree Decomposition #bags: 45 treewidth: 11 #vertices: 57
[INFO] aspmc: Dtree time:               2.0277390480041504
[INFO] aspmc: Compilation time:         0.028379201889038086
[INFO] aspmc: Preparation time:         0.0001068115234375
[INFO] aspmc: Counting time:            0.7747244834899902
[INFO] aspmc: ------------------------------------------------------------
[0.97::a0., 0.03::a1., 0.97::a2., 0.03::a3., 0.97::a4., 0.03::a5., 0.97::a6., 0.03::a7., 0.97::a8., 0.03::a9., 0.97::a10., 0.03::a11., 0.97::a12., 0.03::a13., 0.97::a14., qr:-not a0., qr:-a1,not nqr., nqr:-a1,not qr., qr:-not a2., qr:-a3,not nqr., nqr:-a3,not qr., qr:-not a4., qr:-a5,not nqr., nqr:-a5,not qr., qr:-not a6., qr:-a7,not nqr., nqr:-a7,not qr., qr:-not a8., qr:-a9,not nqr., nqr:-a9,not qr., qr:-not a10., qr:-a11,not nqr., nqr:-a11,not qr., qr:-not a12., qr:-a13,not nqr., nqr:-a13,not qr., qr:-not a14., query(qr).]
tracc
nnf_construction_time: 3.937204599380493
Pre simplification
number of sums: 3839
number of prods: 7807
len(eq): 296
-0.737424126894928*v_1*v_11*v_12*v_3*v_4 + 0.737424126894928*v_1*v_11*v_3*v_4 + 0.737424126894928*v_1*v_12*v_3*v_4 - 0.737424126894928*v_1*v_3*v_4 - 1.11022302462516e-16*v_11*v_12*v_3*v_4 + 1.11022302462516e-16*v_11*v_3*v_4 + 1.11022302462516e-16*v_12*v_3*v_4 - 2.22044604925031e-16*v_3*v_4 + 1.0
Post simplification
symp_time: 1.6279401779174805
number of sums: 5
number of subs: 8
number of prods: 28
opt_time: 0.160980224609375
     fun: 1.850000000000001
     jac: array([1., 1., 1., 1., 1.])
 message: 'Optimization terminated successfully'
    nfev: 2
     nit: 2
    njev: 2
  status: 0
 success: True
       x: array([0.05, 0.85, 0.05, 0.85, 0.05])

real	0m6.818s
user	0m6.140s
sys	0m0.544s
Instance: 6
[INFO] aspmc: Tree Decomposition #bags: 30 unfolded treewidth: 4 #vertices: 39
[INFO] aspmc: Preprocessing disabled
[INFO] aspmc:    Stats Compilation
[INFO] aspmc: ------------------------------------------------------------
[INFO] aspmc: X/D-Constrained Tree Decomposition #bags: 45 treewidth: 11 #vertices: 57
[INFO] aspmc: Dtree time:               2.0285542011260986
[INFO] aspmc: Compilation time:         0.029762983322143555
[INFO] aspmc: Preparation time:         0.00012135505676269531
[INFO] aspmc: Counting time:            0.7819747924804688
[INFO] aspmc: ------------------------------------------------------------
[0.97::a0., 0.03::a1., 0.97::a2., 0.03::a3., 0.97::a4., 0.03::a5., 0.97::a6., 0.03::a7., 0.97::a8., 0.03::a9., 0.97::a10., 0.03::a11., 0.97::a12., 0.03::a13., 0.97::a14., qr:-not a0., qr:-a1,not nqr., nqr:-a1,not qr., qr:-not a2., qr:-a3,not nqr., nqr:-a3,not qr., qr:-not a4., qr:-a5,not nqr., nqr:-a5,not qr., qr:-not a6., qr:-a7,not nqr., nqr:-a7,not qr., qr:-not a8., qr:-a9,not nqr., nqr:-a9,not qr., qr:-not a10., qr:-a11,not nqr., nqr:-a11,not qr., qr:-not a12., qr:-a13,not nqr., nqr:-a13,not qr., qr:-not a14., query(qr).]
tracc
nnf_construction_time: 3.9484775066375732
Pre simplification
number of sums: 3839
number of prods: 7807
len(eq): 627
0.760231058654565*v_1*v_11*v_12*v_13*v_3*v_4 - 0.760231058654565*v_1*v_11*v_12*v_3*v_4 - 0.760231058654565*v_1*v_11*v_13*v_3*v_4 + 0.760231058654565*v_1*v_11*v_3*v_4 - 0.760231058654565*v_1*v_12*v_13*v_3*v_4 + 0.760231058654565*v_1*v_12*v_3*v_4 + 0.760231058654565*v_1*v_13*v_3*v_4 - 0.760231058654565*v_1*v_3*v_4 + 1.11022302462516e-16*v_11*v_12*v_13*v_3*v_4 - 1.11022302462516e-16*v_11*v_12*v_3*v_4 - 1.11022302462516e-16*v_11*v_13*v_3*v_4 + 1.11022302462516e-16*v_11*v_3*v_4 - 1.11022302462516e-16*v_12*v_13*v_3*v_4 + 1.11022302462516e-16*v_12*v_3*v_4 + 1.11022302462516e-16*v_13*v_3*v_4 - 2.22044604925031e-16*v_3*v_4 + 1.0
Post simplification
symp_time: 1.8695096969604492
number of sums: 8
number of subs: 16
number of prods: 64
opt_time: 0.4366722106933594
     fun: 2.961225565233354
     jac: array([1., 1., 1., 1., 1., 1.])
 message: 'Optimization terminated successfully'
    nfev: 4
     nit: 4
    njev: 4
  status: 0
 success: True
       x: array([0.13707519, 0.85      , 0.13707519, 0.85      , 0.13707519,
       0.85      ])

real	0m7.333s
user	0m6.614s
sys	0m0.579s
Instance: 7
[INFO] aspmc: Tree Decomposition #bags: 30 unfolded treewidth: 4 #vertices: 39
[INFO] aspmc: Preprocessing disabled
[INFO] aspmc:    Stats Compilation
[INFO] aspmc: ------------------------------------------------------------
[INFO] aspmc: X/D-Constrained Tree Decomposition #bags: 45 treewidth: 11 #vertices: 57
[INFO] aspmc: Dtree time:               2.0280001163482666
[INFO] aspmc: Compilation time:         0.02828073501586914
[INFO] aspmc: Preparation time:         0.00011944770812988281
[INFO] aspmc: Counting time:            0.7778682708740234
[INFO] aspmc: ------------------------------------------------------------
[0.97::a0., 0.03::a1., 0.97::a2., 0.03::a3., 0.97::a4., 0.03::a5., 0.97::a6., 0.03::a7., 0.97::a8., 0.03::a9., 0.97::a10., 0.03::a11., 0.97::a12., 0.03::a13., 0.97::a14., qr:-not a0., qr:-a1,not nqr., nqr:-a1,not qr., qr:-not a2., qr:-a3,not nqr., nqr:-a3,not qr., qr:-not a4., qr:-a5,not nqr., nqr:-a5,not qr., qr:-not a6., qr:-a7,not nqr., nqr:-a7,not qr., qr:-not a8., qr:-a9,not nqr., nqr:-a9,not qr., qr:-not a10., qr:-a11,not nqr., nqr:-a11,not qr., qr:-not a12., qr:-a13,not nqr., nqr:-a13,not qr., qr:-not a14., query(qr).]
tracc
nnf_construction_time: 3.946889638900757
Pre simplification
number of sums: 3839
number of prods: 7807
len(eq): 351
0.783743359437696*v_1*v_11*v_12*v_13*v_3*v_4*v_5 - 0.783743359437696*v_1*v_11*v_12*v_3*v_4*v_5 - 0.783743359437696*v_1*v_11*v_13*v_3*v_4*v_5 + 0.783743359437696*v_1*v_11*v_3*v_4*v_5 - 0.783743359437696*v_1*v_12*v_13*v_3*v_4*v_5 + 0.783743359437696*v_1*v_12*v_3*v_4*v_5 + 0.783743359437696*v_1*v_13*v_3*v_4*v_5 - 0.783743359437696*v_1*v_3*v_4*v_5 + 1.0
Post simplification
symp_time: 1.8925325870513916
number of sums: 4
number of subs: 4
number of prods: 44
opt_time: 0.29636478424072266
     fun: 2.7500000000000004
     jac: array([1., 1., 1., 1., 1., 1., 1.])
 message: 'Optimization terminated successfully'
    nfev: 2
     nit: 2
    njev: 2
  status: 0
 success: True
       x: array([0.05, 0.85, 0.05, 0.85, 0.05, 0.85, 0.05])

real	0m7.199s
user	0m6.488s
sys	0m0.569s
Instance: 8
[INFO] aspmc: Tree Decomposition #bags: 30 unfolded treewidth: 4 #vertices: 39
[INFO] aspmc: Preprocessing disabled
[INFO] aspmc:    Stats Compilation
[INFO] aspmc: ------------------------------------------------------------
[INFO] aspmc: X/D-Constrained Tree Decomposition #bags: 45 treewidth: 11 #vertices: 57
[INFO] aspmc: Dtree time:               2.0280141830444336
[INFO] aspmc: Compilation time:         0.028365373611450195
[INFO] aspmc: Preparation time:         0.0001087188720703125
[INFO] aspmc: Counting time:            0.8040063381195068
[INFO] aspmc: ------------------------------------------------------------
[0.97::a0., 0.03::a1., 0.97::a2., 0.03::a3., 0.97::a4., 0.03::a5., 0.97::a6., 0.03::a7., 0.97::a8., 0.03::a9., 0.97::a10., 0.03::a11., 0.97::a12., 0.03::a13., 0.97::a14., qr:-not a0., qr:-a1,not nqr., nqr:-a1,not qr., qr:-not a2., qr:-a3,not nqr., nqr:-a3,not qr., qr:-not a4., qr:-a5,not nqr., nqr:-a5,not qr., qr:-not a6., qr:-a7,not nqr., nqr:-a7,not qr., qr:-not a8., qr:-a9,not nqr., nqr:-a9,not qr., qr:-not a10., qr:-a11,not nqr., nqr:-a11,not qr., qr:-not a12., qr:-a13,not nqr., nqr:-a13,not qr., qr:-not a14., query(qr).]
tracc
nnf_construction_time: 3.965961217880249
Pre simplification
number of sums: 3839
number of prods: 7807
len(eq): 724
-0.80798284478113*v_1*v_11*v_12*v_13*v_14*v_3*v_4*v_5 + 0.80798284478113*v_1*v_11*v_12*v_13*v_3*v_4*v_5 + 0.80798284478113*v_1*v_11*v_12*v_14*v_3*v_4*v_5 - 0.80798284478113*v_1*v_11*v_12*v_3*v_4*v_5 + 0.80798284478113*v_1*v_11*v_13*v_14*v_3*v_4*v_5 - 0.80798284478113*v_1*v_11*v_13*v_3*v_4*v_5 - 0.80798284478113*v_1*v_11*v_14*v_3*v_4*v_5 + 0.80798284478113*v_1*v_11*v_3*v_4*v_5 + 0.80798284478113*v_1*v_12*v_13*v_14*v_3*v_4*v_5 - 0.80798284478113*v_1*v_12*v_13*v_3*v_4*v_5 - 0.80798284478113*v_1*v_12*v_14*v_3*v_4*v_5 + 0.80798284478113*v_1*v_12*v_3*v_4*v_5 - 0.80798284478113*v_1*v_13*v_14*v_3*v_4*v_5 + 0.80798284478113*v_1*v_13*v_3*v_4*v_5 + 0.80798284478113*v_1*v_14*v_3*v_4*v_5 - 0.80798284478113*v_1*v_3*v_4*v_5 + 1.0
Post simplification
symp_time: 2.2882192134857178
number of sums: 9
number of subs: 8
number of prods: 96
opt_time: 0.8149938583374023
     fun: 3.7265778165564964
     jac: array([1., 1., 1., 1., 1., 1., 1., 1.])
 message: 'Optimization terminated successfully'
    nfev: 5
     nit: 5
    njev: 5
  status: 0
 success: True
       x: array([0.08164445, 0.85      , 0.08164445, 0.85      , 0.08164445,
       0.85      , 0.08164445, 0.85      ])

real	0m8.135s
user	0m7.376s
sys	0m0.619s
Instance: 9
[INFO] aspmc: Tree Decomposition #bags: 30 unfolded treewidth: 4 #vertices: 39
[INFO] aspmc: Preprocessing disabled
[INFO] aspmc:    Stats Compilation
[INFO] aspmc: ------------------------------------------------------------
[INFO] aspmc: X/D-Constrained Tree Decomposition #bags: 45 treewidth: 11 #vertices: 57
[INFO] aspmc: Dtree time:               2.0273525714874268
[INFO] aspmc: Compilation time:         0.027839183807373047
[INFO] aspmc: Preparation time:         0.000110626220703125
[INFO] aspmc: Counting time:            0.7806735038757324
[INFO] aspmc: ------------------------------------------------------------
[0.97::a0., 0.03::a1., 0.97::a2., 0.03::a3., 0.97::a4., 0.03::a5., 0.97::a6., 0.03::a7., 0.97::a8., 0.03::a9., 0.97::a10., 0.03::a11., 0.97::a12., 0.03::a13., 0.97::a14., qr:-not a0., qr:-a1,not nqr., nqr:-a1,not qr., qr:-not a2., qr:-a3,not nqr., nqr:-a3,not qr., qr:-not a4., qr:-a5,not nqr., nqr:-a5,not qr., qr:-not a6., qr:-a7,not nqr., nqr:-a7,not qr., qr:-not a8., qr:-a9,not nqr., nqr:-a9,not qr., qr:-not a10., qr:-a11,not nqr., nqr:-a11,not qr., qr:-not a12., qr:-a13,not nqr., nqr:-a13,not qr., qr:-not a14., query(qr).]
tracc
nnf_construction_time: 3.940413236618042
Pre simplification
number of sums: 3839
number of prods: 7807
len(eq): 756
-0.832972004929*v_1*v_11*v_12*v_13*v_14*v_3*v_4*v_5*v_6 + 0.832972004929*v_1*v_11*v_12*v_13*v_3*v_4*v_5*v_6 + 0.832972004929*v_1*v_11*v_12*v_14*v_3*v_4*v_5*v_6 - 0.832972004929*v_1*v_11*v_12*v_3*v_4*v_5*v_6 + 0.832972004929*v_1*v_11*v_13*v_14*v_3*v_4*v_5*v_6 - 0.832972004929*v_1*v_11*v_13*v_3*v_4*v_5*v_6 - 0.832972004929*v_1*v_11*v_14*v_3*v_4*v_5*v_6 + 0.832972004929*v_1*v_11*v_3*v_4*v_5*v_6 + 0.832972004929*v_1*v_12*v_13*v_14*v_3*v_4*v_5*v_6 - 0.832972004929*v_1*v_12*v_13*v_3*v_4*v_5*v_6 - 0.832972004929*v_1*v_12*v_14*v_3*v_4*v_5*v_6 + 0.832972004929*v_1*v_12*v_3*v_4*v_5*v_6 - 0.832972004929*v_1*v_13*v_14*v_3*v_4*v_5*v_6 + 0.832972004929*v_1*v_13*v_3*v_4*v_5*v_6 + 0.832972004929*v_1*v_14*v_3*v_4*v_5*v_6 - 0.832972004929*v_1*v_3*v_4*v_5*v_6 + 1.0
Post simplification
symp_time: 2.2353551387786865
number of sums: 9
number of subs: 8
number of prods: 112
opt_time: 0.7433168888092041
     fun: 3.6500000000000044
     jac: array([1., 1., 1., 1., 1., 1., 1., 1., 1.])
 message: 'Optimization terminated successfully'
    nfev: 2
     nit: 2
    njev: 2
  status: 0
 success: True
       x: array([0.05, 0.85, 0.05, 0.85, 0.05, 0.85, 0.05, 0.85, 0.05])

real	0m8.020s
user	0m7.242s
sys	0m0.597s
Instance: 10
[INFO] aspmc: Tree Decomposition #bags: 30 unfolded treewidth: 4 #vertices: 39
[INFO] aspmc: Preprocessing disabled
[INFO] aspmc:    Stats Compilation
[INFO] aspmc: ------------------------------------------------------------
[INFO] aspmc: X/D-Constrained Tree Decomposition #bags: 45 treewidth: 11 #vertices: 57
[INFO] aspmc: Dtree time:               2.0265514850616455
[INFO] aspmc: Compilation time:         0.026715517044067383
[INFO] aspmc: Preparation time:         0.00011420249938964844
[INFO] aspmc: Counting time:            0.7206544876098633
[INFO] aspmc: ------------------------------------------------------------
[0.97::a0., 0.03::a1., 0.97::a2., 0.03::a3., 0.97::a4., 0.03::a5., 0.97::a6., 0.03::a7., 0.97::a8., 0.03::a9., 0.97::a10., 0.03::a11., 0.97::a12., 0.03::a13., 0.97::a14., qr:-not a0., qr:-a1,not nqr., nqr:-a1,not qr., qr:-not a2., qr:-a3,not nqr., nqr:-a3,not qr., qr:-not a4., qr:-a5,not nqr., nqr:-a5,not qr., qr:-not a6., qr:-a7,not nqr., nqr:-a7,not qr., qr:-not a8., qr:-a9,not nqr., nqr:-a9,not qr., qr:-not a10., qr:-a11,not nqr., nqr:-a11,not qr., qr:-not a12., qr:-a13,not nqr., nqr:-a13,not qr., qr:-not a14., query(qr).]
tracc
nnf_construction_time: 3.877657651901245
Pre simplification
number of sums: 3839
number of prods: 7807
len(eq): 1761
v_11*(-1.0*v_1*(0.912673*v_3*v_4*v_5*(v_6 - 1) + 0.912673*v_3*v_4*(v_5 - 1) + 0.912673*v_3*(v_4 - 1) + 0.912673*v_3 - 1.0) + 0.912673*v_3*v_4*v_5*v_6 + 1.0*(v_1 - 1)*(0.912673*v_3*v_4*v_5*(v_6 - 1) + 0.912673*v_3*v_4*(v_5 - 1) + 0.912673*v_3*(v_4 - 1) + 0.912673*v_3 - 1.0)) - (v_11 - 1)*(v_12*(-1.0*v_1*(0.912673*v_3*v_4*v_5*(v_6 - 1) + 0.912673*v_3*v_4*(v_5 - 1) + 0.912673*v_3*(v_4 - 1) + 0.912673*v_3 - 1.0) + 0.912673*v_3*v_4*v_5*v_6 + 1.0*(v_1 - 1)*(0.912673*v_3*v_4*v_5*(v_6 - 1) + 0.912673*v_3*v_4*(v_5 - 1) + 0.912673*v_3*(v_4 - 1) + 0.912673*v_3 - 1.0)) - (v_12 - 1)*(v_13*(-1.0*v_1*(0.912673*v_3*v_4*v_5*(v_6 - 1) + 0.912673*v_3*v_4*(v_5 - 1) + 0.912673*v_3*(v_4 - 1) + 0.912673*v_3 - 1.0) + 0.912673*v_3*v_4*v_5*v_6 + 1.0*(v_1 - 1)*(0.912673*v_3*v_4*v_5*(v_6 - 1) + 0.912673*v_3*v_4*(v_5 - 1) + 0.912673*v_3*(v_4 - 1) + 0.912673*v_3 - 1.0)) - (v_13 - 1)*(v_14*(-1.0*v_1*(0.912673*v_3*v_4*v_5*(v_6 - 1) + 0.912673*v_3*v_4*(v_5 - 1) + 0.912673*v_3*(v_4 - 1) + 0.912673*v_3 - 1.0) + 0.912673*v_3*v_4*v_5*v_6 + 1.0*(v_1 - 1)*(0.912673*v_3*v_4*v_5*(v_6 - 1) + 0.912673*v_3*v_4*(v_5 - 1) + 0.912673*v_3*(v_4 - 1) + 0.912673*v_3 - 1.0)) - (v_14 - 1)*(v_15*(-1.0*v_1*(0.912673*v_3*v_4*v_5*(v_6 - 1) + 0.912673*v_3*v_4*(v_5 - 1) + 0.912673*v_3*(v_4 - 1) + 0.912673*v_3 - 1.0) + 0.912673*v_3*v_4*v_5*v_6 + 1.0*(v_1 - 1)*(0.912673*v_3*v_4*v_5*(v_6 - 1) + 0.912673*v_3*v_4*(v_5 - 1) + 0.912673*v_3*(v_4 - 1) + 0.912673*v_3 - 1.0)) + (v_15 - 1)*(1.0*v_1*(0.912673*v_3*v_4*v_5*(v_6 - 1) + 0.912673*v_3*v_4*(v_5 - 1) + 0.912673*v_3*(v_4 - 1) + 0.912673*v_3 - 1.0) + 0.8587340257*v_3*v_4*v_5*v_6*(v_1 - 1) - 0.0539389743*v_3*v_4*v_5*v_6 - 1.0*(v_1 - 1)*(0.912673*v_3*v_4*v_5*(v_6 - 1) + 0.912673*v_3*v_4*(v_5 - 1) + 0.912673*v_3*(v_4 - 1) + 0.912673*v_3 - 1.0))))))
Post simplification
symp_time: 4.017950773239136
number of sums: 48
number of subs: 71
number of prods: 183
opt_time: 0.8133933544158936
     fun: 4.499999999999999
     jac: array([1., 1., 1., 1., 1., 1., 1., 1., 1., 1.])
 message: 'Optimization terminated successfully'
    nfev: 2
     nit: 2
    njev: 2
  status: 0
 success: True
       x: array([0.05, 0.85, 0.05, 0.85, 0.05, 0.85, 0.05, 0.85, 0.05, 0.85])

real	0m9.749s
user	0m8.971s
sys	0m0.606s
Instance: 11
[INFO] aspmc: Tree Decomposition #bags: 30 unfolded treewidth: 4 #vertices: 39
[INFO] aspmc: Preprocessing disabled
[INFO] aspmc:    Stats Compilation
[INFO] aspmc: ------------------------------------------------------------
[INFO] aspmc: X/D-Constrained Tree Decomposition #bags: 45 treewidth: 11 #vertices: 57
[INFO] aspmc: Dtree time:               2.026228904724121
[INFO] aspmc: Compilation time:         0.026627063751220703
[INFO] aspmc: Preparation time:         0.00010466575622558594
[INFO] aspmc: Counting time:            0.7432942390441895
[INFO] aspmc: ------------------------------------------------------------
[0.97::a0., 0.03::a1., 0.97::a2., 0.03::a3., 0.97::a4., 0.03::a5., 0.97::a6., 0.03::a7., 0.97::a8., 0.03::a9., 0.97::a10., 0.03::a11., 0.97::a12., 0.03::a13., 0.97::a14., qr:-not a0., qr:-a1,not nqr., nqr:-a1,not qr., qr:-not a2., qr:-a3,not nqr., nqr:-a3,not qr., qr:-not a4., qr:-a5,not nqr., nqr:-a5,not qr., qr:-not a6., qr:-a7,not nqr., nqr:-a7,not qr., qr:-not a8., qr:-a9,not nqr., nqr:-a9,not qr., qr:-not a10., qr:-a11,not nqr., nqr:-a11,not qr., qr:-not a12., qr:-a13,not nqr., nqr:-a13,not qr., qr:-not a14., query(qr).]
tracc
nnf_construction_time: 3.8957200050354004
Pre simplification
number of sums: 3839
number of prods: 7807
len(eq): 1587
0.88529281*v_1*v_11*v_12*v_13*v_14*v_15*v_3*v_4*v_5*v_6*v_7 - 0.88529281*v_1*v_11*v_12*v_13*v_14*v_3*v_4*v_5*v_6*v_7 - 0.88529281*v_1*v_11*v_12*v_13*v_15*v_3*v_4*v_5*v_6*v_7 + 0.88529281*v_1*v_11*v_12*v_13*v_3*v_4*v_5*v_6*v_7 - 0.88529281*v_1*v_11*v_12*v_14*v_15*v_3*v_4*v_5*v_6*v_7 + 0.88529281*v_1*v_11*v_12*v_14*v_3*v_4*v_5*v_6*v_7 + 0.88529281*v_1*v_11*v_12*v_15*v_3*v_4*v_5*v_6*v_7 - 0.88529281*v_1*v_11*v_12*v_3*v_4*v_5*v_6*v_7 - 0.88529281*v_1*v_11*v_13*v_14*v_15*v_3*v_4*v_5*v_6*v_7 + 0.88529281*v_1*v_11*v_13*v_14*v_3*v_4*v_5*v_6*v_7 + 0.88529281*v_1*v_11*v_13*v_15*v_3*v_4*v_5*v_6*v_7 - 0.88529281*v_1*v_11*v_13*v_3*v_4*v_5*v_6*v_7 + 0.88529281*v_1*v_11*v_14*v_15*v_3*v_4*v_5*v_6*v_7 - 0.88529281*v_1*v_11*v_14*v_3*v_4*v_5*v_6*v_7 - 0.88529281*v_1*v_11*v_15*v_3*v_4*v_5*v_6*v_7 + 0.88529281*v_1*v_11*v_3*v_4*v_5*v_6*v_7 - 0.88529281*v_1*v_12*v_13*v_14*v_15*v_3*v_4*v_5*v_6*v_7 + 0.88529281*v_1*v_12*v_13*v_14*v_3*v_4*v_5*v_6*v_7 + 0.88529281*v_1*v_12*v_13*v_15*v_3*v_4*v_5*v_6*v_7 - 0.88529281*v_1*v_12*v_13*v_3*v_4*v_5*v_6*v_7 + 0.88529281*v_1*v_12*v_14*v_15*v_3*v_4*v_5*v_6*v_7 - 0.88529281*v_1*v_12*v_14*v_3*v_4*v_5*v_6*v_7 - 0.88529281*v_1*v_12*v_15*v_3*v_4*v_5*v_6*v_7 + 0.88529281*v_1*v_12*v_3*v_4*v_5*v_6*v_7 + 0.88529281*v_1*v_13*v_14*v_15*v_3*v_4*v_5*v_6*v_7 - 0.88529281*v_1*v_13*v_14*v_3*v_4*v_5*v_6*v_7 - 0.88529281*v_1*v_13*v_15*v_3*v_4*v_5*v_6*v_7 + 0.88529281*v_1*v_13*v_3*v_4*v_5*v_6*v_7 - 0.88529281*v_1*v_14*v_15*v_3*v_4*v_5*v_6*v_7 + 0.88529281*v_1*v_14*v_3*v_4*v_5*v_6*v_7 + 0.88529281*v_1*v_15*v_3*v_4*v_5*v_6*v_7 - 0.88529281*v_1*v_3*v_4*v_5*v_6*v_7 + 1.0
Post simplification
symp_time: 3.162227153778076
number of sums: 16
number of subs: 16
number of prods: 272
opt_time: 1.8573601245880127
     fun: 4.550000000000002
     jac: array([1., 1., 1., 1., 1., 1., 1., 1., 1., 1., 1.])
 message: 'Optimization terminated successfully'
    nfev: 2
     nit: 2
    njev: 2
  status: 0
 success: True
       x: array([0.05, 0.85, 0.05, 0.85, 0.05, 0.85, 0.05, 0.85, 0.05, 0.85, 0.05])

real	0m9.948s
user	0m9.187s
sys	0m0.591s
Instance: 12
[INFO] aspmc: Tree Decomposition #bags: 30 unfolded treewidth: 4 #vertices: 39
[INFO] aspmc: Preprocessing disabled
[INFO] aspmc:    Stats Compilation
[INFO] aspmc: ------------------------------------------------------------
[INFO] aspmc: X/D-Constrained Tree Decomposition #bags: 45 treewidth: 11 #vertices: 57
[INFO] aspmc: Dtree time:               2.026041269302368
[INFO] aspmc: Compilation time:         0.02636432647705078
[INFO] aspmc: Preparation time:         0.00011205673217773438
[INFO] aspmc: Counting time:            0.7354342937469482
[INFO] aspmc: ------------------------------------------------------------
[0.97::a0., 0.03::a1., 0.97::a2., 0.03::a3., 0.97::a4., 0.03::a5., 0.97::a6., 0.03::a7., 0.97::a8., 0.03::a9., 0.97::a10., 0.03::a11., 0.97::a12., 0.03::a13., 0.97::a14., qr:-not a0., qr:-a1,not nqr., nqr:-a1,not qr., qr:-not a2., qr:-a3,not nqr., nqr:-a3,not qr., qr:-not a4., qr:-a5,not nqr., nqr:-a5,not qr., qr:-not a6., qr:-a7,not nqr., nqr:-a7,not qr., qr:-not a8., qr:-a9,not nqr., nqr:-a9,not qr., qr:-not a10., qr:-a11,not nqr., nqr:-a11,not qr., qr:-not a12., qr:-a13,not nqr., nqr:-a13,not qr., qr:-not a14., query(qr).]
tracc
nnf_construction_time: 3.887557029724121
Pre simplification
number of sums: 3839
number of prods: 7807
len(eq): 2287
v_11*(-1.0*v_1*(0.9409*v_3*v_4*v_5*v_7*(v_6 - 1) + 0.9409*v_3*v_4*v_7*(v_5 - 1) + 0.9409*v_7*(v_3*(v_4 - 1) + v_3 - 1) + 0.9409*v_7 - 1.0) + 0.9409*v_3*v_4*v_5*v_6*v_7 + 1.0*(v_1 - 1)*(0.9409*v_3*v_4*v_5*v_7*(v_6 - 1) + 0.9409*v_3*v_4*v_7*(v_5 - 1) + 0.9409*v_7*(v_3*(v_4 - 1) + v_3 - 1) + 0.9409*v_7 - 1.0)) - (v_11 - 1)*(v_12*(-1.0*v_1*(0.9409*v_3*v_4*v_5*v_7*(v_6 - 1) + 0.9409*v_3*v_4*v_7*(v_5 - 1) + 0.9409*v_7*(v_3*(v_4 - 1) + v_3 - 1) + 0.9409*v_7 - 1.0) + 0.9409*v_3*v_4*v_5*v_6*v_7 + 1.0*(v_1 - 1)*(0.9409*v_3*v_4*v_5*v_7*(v_6 - 1) + 0.9409*v_3*v_4*v_7*(v_5 - 1) + 0.9409*v_7*(v_3*(v_4 - 1) + v_3 - 1) + 0.9409*v_7 - 1.0)) - (v_12 - 1)*(v_13*(-1.0*v_1*(0.9409*v_3*v_4*v_5*v_7*(v_6 - 1) + 0.9409*v_3*v_4*v_7*(v_5 - 1) + 0.9409*v_7*(v_3*(v_4 - 1) + v_3 - 1) + 0.9409*v_7 - 1.0) + 0.9409*v_3*v_4*v_5*v_6*v_7 + 1.0*(v_1 - 1)*(0.9409*v_3*v_4*v_5*v_7*(v_6 - 1) + 0.9409*v_3*v_4*v_7*(v_5 - 1) + 0.9409*v_7*(v_3*(v_4 - 1) + v_3 - 1) + 0.9409*v_7 - 1.0)) - (v_13 - 1)*(v_14*(-1.0*v_1*(0.9409*v_3*v_4*v_5*v_7*(v_6 - 1) + 0.9409*v_3*v_4*v_7*(v_5 - 1) + 0.9409*v_7*(v_3*(v_4 - 1) + v_3 - 1) + 0.9409*v_7 - 1.0) + 0.9409*v_3*v_4*v_5*v_6*v_7 + 1.0*(v_1 - 1)*(0.9409*v_3*v_4*v_5*v_7*(v_6 - 1) + 0.9409*v_3*v_4*v_7*(v_5 - 1) + 0.9409*v_7*(v_3*(v_4 - 1) + v_3 - 1) + 0.9409*v_7 - 1.0)) - (v_14 - 1)*(v_15*(-1.0*v_1*(0.9409*v_3*v_4*v_5*v_7*(v_6 - 1) + 0.9409*v_3*v_4*v_7*(v_5 - 1) + 0.9409*v_7*(v_3*(v_4 - 1) + v_3 - 1) + 0.9409*v_7 - 1.0) + 0.9409*v_3*v_4*v_5*v_6*v_7 + 1.0*(v_1 - 1)*(0.9409*v_3*v_4*v_5*v_7*(v_6 - 1) + 0.9409*v_3*v_4*v_7*(v_5 - 1) + 0.9409*v_7*(v_3*(v_4 - 1) + v_3 - 1) + 0.9409*v_7 - 1.0)) - (v_15 - 1)*(v_16*(-1.0*v_1*(0.9409*v_3*v_4*v_5*v_7*(v_6 - 1) + 0.9409*v_3*v_4*v_7*(v_5 - 1) + 0.9409*v_7*(v_3*(v_4 - 1) + v_3 - 1) + 0.9409*v_7 - 1.0) + 0.9409*v_3*v_4*v_5*v_6*v_7 + 1.0*(v_1 - 1)*(0.9409*v_3*v_4*v_5*v_7*(v_6 - 1) + 0.9409*v_3*v_4*v_7*(v_5 - 1) + 0.9409*v_7*(v_3*(v_4 - 1) + v_3 - 1) + 0.9409*v_7 - 1.0)) + (v_16 - 1)*(1.0*v_1*(0.9409*v_3*v_4*v_5*v_7*(v_6 - 1) + 0.9409*v_3*v_4*v_7*(v_5 - 1) + 0.9409*v_7*(v_3*(v_4 - 1) + v_3 - 1) + 0.9409*v_7 - 1.0) + 0.912673*v_3*v_4*v_5*v_6*v_7*(v_1 - 1) - 0.028227*v_3*v_4*v_5*v_6*v_7 - 1.0*(v_1 - 1)*(0.9409*v_3*v_4*v_5*v_7*(v_6 - 1) + 0.9409*v_3*v_4*v_7*(v_5 - 1) + 0.9409*v_7*(v_3*(v_4 - 1) + v_3 - 1) + 0.9409*v_7 - 1.0)))))))
Post simplification
symp_time: 7.072031021118164
number of sums: 70
number of subs: 97
number of prods: 263
opt_time: 1.2513716220855713
     fun: 5.400000000000019
     jac: array([1., 1., 1., 1., 1., 1., 1., 1., 1., 1., 1., 1.])
 message: 'Optimization terminated successfully'
    nfev: 2
     nit: 2
    njev: 2
  status: 0
 success: True
       x: array([0.05, 0.85, 0.05, 0.85, 0.05, 0.85, 0.05, 0.85, 0.05, 0.85, 0.05,
       0.85])

real	0m13.235s
user	0m12.509s
sys	0m0.562s
Instance: 13
[INFO] aspmc: Tree Decomposition #bags: 30 unfolded treewidth: 4 #vertices: 39
[INFO] aspmc: Preprocessing disabled
[INFO] aspmc:    Stats Compilation
[INFO] aspmc: ------------------------------------------------------------
[INFO] aspmc: X/D-Constrained Tree Decomposition #bags: 45 treewidth: 11 #vertices: 57
[INFO] aspmc: Dtree time:               2.0264081954956055
[INFO] aspmc: Compilation time:         0.026688814163208008
[INFO] aspmc: Preparation time:         0.00010156631469726562
[INFO] aspmc: Counting time:            0.7488036155700684
[INFO] aspmc: ------------------------------------------------------------
[0.97::a0., 0.03::a1., 0.97::a2., 0.03::a3., 0.97::a4., 0.03::a5., 0.97::a6., 0.03::a7., 0.97::a8., 0.03::a9., 0.97::a10., 0.03::a11., 0.97::a12., 0.03::a13., 0.97::a14., qr:-not a0., qr:-a1,not nqr., nqr:-a1,not qr., qr:-not a2., qr:-a3,not nqr., nqr:-a3,not qr., qr:-not a4., qr:-a5,not nqr., nqr:-a5,not qr., qr:-not a6., qr:-a7,not nqr., nqr:-a7,not qr., qr:-not a8., qr:-a9,not nqr., nqr:-a9,not qr., qr:-not a10., qr:-a11,not nqr., nqr:-a11,not qr., qr:-not a12., qr:-a13,not nqr., nqr:-a13,not qr., qr:-not a14., query(qr).]
tracc
nnf_construction_time: 3.901345729827881
Pre simplification
number of sums: 3839
number of prods: 7807
len(eq): 2835
v_11*(-1.0*v_1*(0.97*v_3*v_4*v_5*v_7*v_8*(v_6 - 1) + 0.97*v_3*v_4*v_7*v_8*(v_5 - 1) + 0.97*v_7*v_8*(v_3*(v_4 - 1) + v_3 - 1) - 0.03*v_7*v_8 + 1.0*v_8*(v_7 - 1) + 1.0*v_8 - 1.0) + 0.97*v_3*v_4*v_5*v_6*v_7*v_8 + 1.0*(v_1 - 1)*(0.97*v_3*v_4*v_5*v_7*v_8*(v_6 - 1) + 0.97*v_3*v_4*v_7*v_8*(v_5 - 1) + 0.97*v_7*v_8*(v_3*(v_4 - 1) + v_3 - 1) - 0.03*v_7*v_8 + 1.0*v_8*(v_7 - 1) + 1.0*v_8 - 1.0)) - (v_11 - 1)*(v_12*(-1.0*v_1*(0.97*v_3*v_4*v_5*v_7*v_8*(v_6 - 1) + 0.97*v_3*v_4*v_7*v_8*(v_5 - 1) + 0.97*v_7*v_8*(v_3*(v_4 - 1) + v_3 - 1) - 0.03*v_7*v_8 + 1.0*v_8*(v_7 - 1) + 1.0*v_8 - 1.0) + 0.97*v_3*v_4*v_5*v_6*v_7*v_8 + 1.0*(v_1 - 1)*(0.97*v_3*v_4*v_5*v_7*v_8*(v_6 - 1) + 0.97*v_3*v_4*v_7*v_8*(v_5 - 1) + 0.97*v_7*v_8*(v_3*(v_4 - 1) + v_3 - 1) - 0.03*v_7*v_8 + 1.0*v_8*(v_7 - 1) + 1.0*v_8 - 1.0)) - (v_12 - 1)*(v_13*(-1.0*v_1*(0.97*v_3*v_4*v_5*v_7*v_8*(v_6 - 1) + 0.97*v_3*v_4*v_7*v_8*(v_5 - 1) + 0.97*v_7*v_8*(v_3*(v_4 - 1) + v_3 - 1) - 0.03*v_7*v_8 + 1.0*v_8*(v_7 - 1) + 1.0*v_8 - 1.0) + 0.97*v_3*v_4*v_5*v_6*v_7*v_8 + 1.0*(v_1 - 1)*(0.97*v_3*v_4*v_5*v_7*v_8*(v_6 - 1) + 0.97*v_3*v_4*v_7*v_8*(v_5 - 1) + 0.97*v_7*v_8*(v_3*(v_4 - 1) + v_3 - 1) - 0.03*v_7*v_8 + 1.0*v_8*(v_7 - 1) + 1.0*v_8 - 1.0)) - (v_13 - 1)*(v_14*(-1.0*v_1*(0.97*v_3*v_4*v_5*v_7*v_8*(v_6 - 1) + 0.97*v_3*v_4*v_7*v_8*(v_5 - 1) + 0.97*v_7*v_8*(v_3*(v_4 - 1) + v_3 - 1) - 0.03*v_7*v_8 + 1.0*v_8*(v_7 - 1) + 1.0*v_8 - 1.0) + 0.97*v_3*v_4*v_5*v_6*v_7*v_8 + 1.0*(v_1 - 1)*(0.97*v_3*v_4*v_5*v_7*v_8*(v_6 - 1) + 0.97*v_3*v_4*v_7*v_8*(v_5 - 1) + 0.97*v_7*v_8*(v_3*(v_4 - 1) + v_3 - 1) - 0.03*v_7*v_8 + 1.0*v_8*(v_7 - 1) + 1.0*v_8 - 1.0)) - (v_14 - 1)*(v_15*(-1.0*v_1*(0.97*v_3*v_4*v_5*v_7*v_8*(v_6 - 1) + 0.97*v_3*v_4*v_7*v_8*(v_5 - 1) + 0.97*v_7*v_8*(v_3*(v_4 - 1) + v_3 - 1) - 0.03*v_7*v_8 + 1.0*v_8*(v_7 - 1) + 1.0*v_8 - 1.0) + 0.97*v_3*v_4*v_5*v_6*v_7*v_8 + 1.0*(v_1 - 1)*(0.97*v_3*v_4*v_5*v_7*v_8*(v_6 - 1) + 0.97*v_3*v_4*v_7*v_8*(v_5 - 1) + 0.97*v_7*v_8*(v_3*(v_4 - 1) + v_3 - 1) - 0.03*v_7*v_8 + 1.0*v_8*(v_7 - 1) + 1.0*v_8 - 1.0)) - (v_15 - 1)*(v_16*(-1.0*v_1*(0.97*v_3*v_4*v_5*v_7*v_8*(v_6 - 1) + 0.97*v_3*v_4*v_7*v_8*(v_5 - 1) + 0.97*v_7*v_8*(v_3*(v_4 - 1) + v_3 - 1) - 0.03*v_7*v_8 + 1.0*v_8*(v_7 - 1) + 1.0*v_8 - 1.0) + 0.97*v_3*v_4*v_5*v_6*v_7*v_8 + 1.0*(v_1 - 1)*(0.97*v_3*v_4*v_5*v_7*v_8*(v_6 - 1) + 0.97*v_3*v_4*v_7*v_8*(v_5 - 1) + 0.97*v_7*v_8*(v_3*(v_4 - 1) + v_3 - 1) - 0.03*v_7*v_8 + 1.0*v_8*(v_7 - 1) + 1.0*v_8 - 1.0)) + (v_16 - 1)*(1.0*v_1*(0.97*v_3*v_4*v_5*v_7*v_8*(v_6 - 1) + 0.97*v_3*v_4*v_7*v_8*(v_5 - 1) + 0.97*v_7*v_8*(v_3*(v_4 - 1) + v_3 - 1) - 0.03*v_7*v_8 + 1.0*v_8*(v_7 - 1) + 1.0*v_8 - 1.0) + 0.9409*v_3*v_4*v_5*v_6*v_7*v_8*(v_1 - 1) - 0.0291*v_3*v_4*v_5*v_6*v_7*v_8 - 1.0*(v_1 - 1)*(0.97*v_3*v_4*v_5*v_7*v_8*(v_6 - 1) + 0.97*v_3*v_4*v_7*v_8*(v_5 - 1) + 0.97*v_7*v_8*(v_3*(v_4 - 1) + v_3 - 1) - 0.03*v_7*v_8 + 1.0*v_8*(v_7 - 1) + 1.0*v_8 - 1.0)))))))
Post simplification
symp_time: 8.736479759216309
number of sums: 84
number of subs: 125
number of prods: 369
opt_time: 1.6793313026428223
     fun: 5.449999999999998
     jac: array([1., 1., 1., 1., 1., 1., 1., 1., 1., 1., 1., 1., 1.])
 message: 'Optimization terminated successfully'
    nfev: 2
     nit: 2
    njev: 2
  status: 0
 success: True
       x: array([0.05, 0.85, 0.05, 0.85, 0.05, 0.85, 0.05, 0.85, 0.05, 0.85, 0.05,
       0.85, 0.05])

real	0m15.319s
user	0m14.573s
sys	0m0.577s
Instance: 14
[INFO] aspmc: Tree Decomposition #bags: 30 unfolded treewidth: 4 #vertices: 39
[INFO] aspmc: Preprocessing disabled
[INFO] aspmc:    Stats Compilation
[INFO] aspmc: ------------------------------------------------------------
[INFO] aspmc: X/D-Constrained Tree Decomposition #bags: 45 treewidth: 11 #vertices: 57
[INFO] aspmc: Dtree time:               2.0259578227996826
[INFO] aspmc: Compilation time:         0.025831937789916992
[INFO] aspmc: Preparation time:         9.72747802734375e-05
[INFO] aspmc: Counting time:            0.7446854114532471
[INFO] aspmc: ------------------------------------------------------------
[0.97::a0., 0.03::a1., 0.97::a2., 0.03::a3., 0.97::a4., 0.03::a5., 0.97::a6., 0.03::a7., 0.97::a8., 0.03::a9., 0.97::a10., 0.03::a11., 0.97::a12., 0.03::a13., 0.97::a14., qr:-not a0., qr:-a1,not nqr., nqr:-a1,not qr., qr:-not a2., qr:-a3,not nqr., nqr:-a3,not qr., qr:-not a4., qr:-a5,not nqr., nqr:-a5,not qr., qr:-not a6., qr:-a7,not nqr., nqr:-a7,not qr., qr:-not a8., qr:-a9,not nqr., nqr:-a9,not qr., qr:-not a10., qr:-a11,not nqr., nqr:-a11,not qr., qr:-not a12., qr:-a13,not nqr., nqr:-a13,not qr., qr:-not a14., query(qr).]
tracc
nnf_construction_time: 3.8967132568359375
Pre simplification
number of sums: 3839
number of prods: 7807
len(eq): 3138
v_11*(-v_1*(0.97*v_3*v_4*v_5*v_7*v_8*(v_6 - 1) + 0.97*v_3*v_4*v_7*v_8*(v_5 - 1) + 0.97*v_7*v_8*(v_3*(v_4 - 1) + v_3 - 1) - 0.03*v_7*v_8 + 1.0*v_8*(v_7 - 1) + 1.0*v_8 - 1.0) + 0.97*v_3*v_4*v_5*v_6*v_7*v_8 + (v_1 - 1)*(0.97*v_3*v_4*v_5*v_7*v_8*(v_6 - 1) + 0.97*v_3*v_4*v_7*v_8*(v_5 - 1) + 0.97*v_7*v_8*(v_3*(v_4 - 1) + v_3 - 1) - 0.03*v_7*v_8 + 1.0*v_8*(v_7 - 1) + 1.0*v_8 - 1.0)) - (v_11 - 1)*(v_12*(-v_1*(0.97*v_3*v_4*v_5*v_7*v_8*(v_6 - 1) + 0.97*v_3*v_4*v_7*v_8*(v_5 - 1) + 0.97*v_7*v_8*(v_3*(v_4 - 1) + v_3 - 1) - 0.03*v_7*v_8 + 1.0*v_8*(v_7 - 1) + 1.0*v_8 - 1.0) + 0.97*v_3*v_4*v_5*v_6*v_7*v_8 + (v_1 - 1)*(0.97*v_3*v_4*v_5*v_7*v_8*(v_6 - 1) + 0.97*v_3*v_4*v_7*v_8*(v_5 - 1) + 0.97*v_7*v_8*(v_3*(v_4 - 1) + v_3 - 1) - 0.03*v_7*v_8 + 1.0*v_8*(v_7 - 1) + 1.0*v_8 - 1.0)) - (v_12 - 1)*(v_13*(-v_1*(0.97*v_3*v_4*v_5*v_7*v_8*(v_6 - 1) + 0.97*v_3*v_4*v_7*v_8*(v_5 - 1) + 0.97*v_7*v_8*(v_3*(v_4 - 1) + v_3 - 1) - 0.03*v_7*v_8 + 1.0*v_8*(v_7 - 1) + 1.0*v_8 - 1.0) + 0.97*v_3*v_4*v_5*v_6*v_7*v_8 + (v_1 - 1)*(0.97*v_3*v_4*v_5*v_7*v_8*(v_6 - 1) + 0.97*v_3*v_4*v_7*v_8*(v_5 - 1) + 0.97*v_7*v_8*(v_3*(v_4 - 1) + v_3 - 1) - 0.03*v_7*v_8 + 1.0*v_8*(v_7 - 1) + 1.0*v_8 - 1.0)) - (v_13 - 1)*(v_14*(-v_1*(0.97*v_3*v_4*v_5*v_7*v_8*(v_6 - 1) + 0.97*v_3*v_4*v_7*v_8*(v_5 - 1) + 0.97*v_7*v_8*(v_3*(v_4 - 1) + v_3 - 1) - 0.03*v_7*v_8 + 1.0*v_8*(v_7 - 1) + 1.0*v_8 - 1.0) + 0.97*v_3*v_4*v_5*v_6*v_7*v_8 + (v_1 - 1)*(0.97*v_3*v_4*v_5*v_7*v_8*(v_6 - 1) + 0.97*v_3*v_4*v_7*v_8*(v_5 - 1) + 0.97*v_7*v_8*(v_3*(v_4 - 1) + v_3 - 1) - 0.03*v_7*v_8 + 1.0*v_8*(v_7 - 1) + 1.0*v_8 - 1.0)) - (v_14 - 1)*(v_15*(-v_1*(0.97*v_3*v_4*v_5*v_7*v_8*(v_6 - 1) + 0.97*v_3*v_4*v_7*v_8*(v_5 - 1) + 0.97*v_7*v_8*(v_3*(v_4 - 1) + v_3 - 1) - 0.03*v_7*v_8 + 1.0*v_8*(v_7 - 1) + 1.0*v_8 - 1.0) + 0.97*v_3*v_4*v_5*v_6*v_7*v_8 + (v_1 - 1)*(0.97*v_3*v_4*v_5*v_7*v_8*(v_6 - 1) + 0.97*v_3*v_4*v_7*v_8*(v_5 - 1) + 0.97*v_7*v_8*(v_3*(v_4 - 1) + v_3 - 1) - 0.03*v_7*v_8 + 1.0*v_8*(v_7 - 1) + 1.0*v_8 - 1.0)) - (v_15 - 1)*(v_16*(-v_1*(0.97*v_3*v_4*v_5*v_7*v_8*(v_6 - 1) + 0.97*v_3*v_4*v_7*v_8*(v_5 - 1) + 0.97*v_7*v_8*(v_3*(v_4 - 1) + v_3 - 1) - 0.03*v_7*v_8 + 1.0*v_8*(v_7 - 1) + 1.0*v_8 - 1.0) + 0.97*v_3*v_4*v_5*v_6*v_7*v_8 + (v_1 - 1)*(0.97*v_3*v_4*v_5*v_7*v_8*(v_6 - 1) + 0.97*v_3*v_4*v_7*v_8*(v_5 - 1) + 0.97*v_7*v_8*(v_3*(v_4 - 1) + v_3 - 1) - 0.03*v_7*v_8 + 1.0*v_8*(v_7 - 1) + 1.0*v_8 - 1.0)) - (v_16 - 1)*(v_17*(-v_1*(0.97*v_3*v_4*v_5*v_7*v_8*(v_6 - 1) + 0.97*v_3*v_4*v_7*v_8*(v_5 - 1) + 0.97*v_7*v_8*(v_3*(v_4 - 1) + v_3 - 1) - 0.03*v_7*v_8 + 1.0*v_8*(v_7 - 1) + 1.0*v_8 - 1.0) + 0.97*v_3*v_4*v_5*v_6*v_7*v_8 + (v_1 - 1)*(0.97*v_3*v_4*v_5*v_7*v_8*(v_6 - 1) + 0.97*v_3*v_4*v_7*v_8*(v_5 - 1) + 0.97*v_7*v_8*(v_3*(v_4 - 1) + v_3 - 1) - 0.03*v_7*v_8 + 1.0*v_8*(v_7 - 1) + 1.0*v_8 - 1.0)) + (v_17 - 1)*(v_1*(0.97*v_3*v_4*v_5*v_7*v_8*(v_6 - 1) + 0.97*v_3*v_4*v_7*v_8*(v_5 - 1) + 0.97*v_7*v_8*(v_3*(v_4 - 1) + v_3 - 1) - 0.03*v_7*v_8 + 1.0*v_8*(v_7 - 1) + 1.0*v_8 - 1.0) + 0.97*v_3*v_4*v_5*v_6*v_7*v_8*(v_1 - 1) - (v_1 - 1)*(0.97*v_3*v_4*v_5*v_7*v_8*(v_6 - 1) + 0.97*v_3*v_4*v_7*v_8*(v_5 - 1) + 0.97*v_7*v_8*(v_3*(v_4 - 1) + v_3 - 1) - 0.03*v_7*v_8 + 1.0*v_8*(v_7 - 1) + 1.0*v_8 - 1.0))))))))
Post simplification
symp_time: 15.225390672683716
number of sums: 96
number of subs: 142
number of prods: 399
opt_time: 1.7736623287200928
     fun: 6.299999999999998
     jac: array([1., 1., 1., 1., 1., 1., 1., 1., 1., 1., 1., 1., 1., 1.])
 message: 'Optimization terminated successfully'
    nfev: 2
     nit: 2
    njev: 2
  status: 0
 success: True
       x: array([0.05, 0.85, 0.05, 0.85, 0.05, 0.85, 0.05, 0.85, 0.05, 0.85, 0.05,
       0.85, 0.05, 0.85])

real	0m21.894s
user	0m21.120s
sys	0m0.599s
Instance: 15
[INFO] aspmc: Tree Decomposition #bags: 30 unfolded treewidth: 4 #vertices: 39
[INFO] aspmc: Preprocessing disabled
[INFO] aspmc:    Stats Compilation
[INFO] aspmc: ------------------------------------------------------------
[INFO] aspmc: X/D-Constrained Tree Decomposition #bags: 45 treewidth: 11 #vertices: 57
[INFO] aspmc: Dtree time:               2.0250625610351562
[INFO] aspmc: Compilation time:         0.025101900100708008
[INFO] aspmc: Preparation time:         0.00010466575622558594
[INFO] aspmc: Counting time:            0.7630720138549805
[INFO] aspmc: ------------------------------------------------------------
[0.97::a0., 0.03::a1., 0.97::a2., 0.03::a3., 0.97::a4., 0.03::a5., 0.97::a6., 0.03::a7., 0.97::a8., 0.03::a9., 0.97::a10., 0.03::a11., 0.97::a12., 0.03::a13., 0.97::a14., qr:-not a0., qr:-a1,not nqr., nqr:-a1,not qr., qr:-not a2., qr:-a3,not nqr., nqr:-a3,not qr., qr:-not a4., qr:-a5,not nqr., nqr:-a5,not qr., qr:-not a6., qr:-a7,not nqr., nqr:-a7,not qr., qr:-not a8., qr:-a9,not nqr., nqr:-a9,not qr., qr:-not a10., qr:-a11,not nqr., nqr:-a11,not qr., qr:-not a12., qr:-a13,not nqr., nqr:-a13,not qr., qr:-not a14., query(qr).]
tracc
nnf_construction_time: 3.9093635082244873
Pre simplification
number of sums: 3839
number of prods: 7807
len(eq): 3002
v_11*(-v_1*(v_3*v_4*v_5*v_7*v_8*v_9*(v_6 - 1) + v_3*v_4*v_7*v_8*v_9*(v_5 - 1) + v_7*v_8*v_9*(v_3*(v_4 - 1) + v_3 - 1) + v_7*v_8*(v_9 - 1) + v_8*(v_7 - 1) + v_8 - 1) + v_3*v_4*v_5*v_6*v_7*v_8*v_9 + (v_1 - 1)*(v_3*v_4*v_5*v_7*v_8*v_9*(v_6 - 1) + v_3*v_4*v_7*v_8*v_9*(v_5 - 1) + v_7*v_8*v_9*(v_3*(v_4 - 1) + v_3 - 1) + v_7*v_8*(v_9 - 1) + v_8*(v_7 - 1) + v_8 - 1)) - (v_11 - 1)*(v_12*(-v_1*(v_3*v_4*v_5*v_7*v_8*v_9*(v_6 - 1) + v_3*v_4*v_7*v_8*v_9*(v_5 - 1) + v_7*v_8*v_9*(v_3*(v_4 - 1) + v_3 - 1) + v_7*v_8*(v_9 - 1) + v_8*(v_7 - 1) + v_8 - 1) + v_3*v_4*v_5*v_6*v_7*v_8*v_9 + (v_1 - 1)*(v_3*v_4*v_5*v_7*v_8*v_9*(v_6 - 1) + v_3*v_4*v_7*v_8*v_9*(v_5 - 1) + v_7*v_8*v_9*(v_3*(v_4 - 1) + v_3 - 1) + v_7*v_8*(v_9 - 1) + v_8*(v_7 - 1) + v_8 - 1)) - (v_12 - 1)*(v_13*(-v_1*(v_3*v_4*v_5*v_7*v_8*v_9*(v_6 - 1) + v_3*v_4*v_7*v_8*v_9*(v_5 - 1) + v_7*v_8*v_9*(v_3*(v_4 - 1) + v_3 - 1) + v_7*v_8*(v_9 - 1) + v_8*(v_7 - 1) + v_8 - 1) + v_3*v_4*v_5*v_6*v_7*v_8*v_9 + (v_1 - 1)*(v_3*v_4*v_5*v_7*v_8*v_9*(v_6 - 1) + v_3*v_4*v_7*v_8*v_9*(v_5 - 1) + v_7*v_8*v_9*(v_3*(v_4 - 1) + v_3 - 1) + v_7*v_8*(v_9 - 1) + v_8*(v_7 - 1) + v_8 - 1)) - (v_13 - 1)*(v_14*(-v_1*(v_3*v_4*v_5*v_7*v_8*v_9*(v_6 - 1) + v_3*v_4*v_7*v_8*v_9*(v_5 - 1) + v_7*v_8*v_9*(v_3*(v_4 - 1) + v_3 - 1) + v_7*v_8*(v_9 - 1) + v_8*(v_7 - 1) + v_8 - 1) + v_3*v_4*v_5*v_6*v_7*v_8*v_9 + (v_1 - 1)*(v_3*v_4*v_5*v_7*v_8*v_9*(v_6 - 1) + v_3*v_4*v_7*v_8*v_9*(v_5 - 1) + v_7*v_8*v_9*(v_3*(v_4 - 1) + v_3 - 1) + v_7*v_8*(v_9 - 1) + v_8*(v_7 - 1) + v_8 - 1)) - (v_14 - 1)*(v_15*(-v_1*(v_3*v_4*v_5*v_7*v_8*v_9*(v_6 - 1) + v_3*v_4*v_7*v_8*v_9*(v_5 - 1) + v_7*v_8*v_9*(v_3*(v_4 - 1) + v_3 - 1) + v_7*v_8*(v_9 - 1) + v_8*(v_7 - 1) + v_8 - 1) + v_3*v_4*v_5*v_6*v_7*v_8*v_9 + (v_1 - 1)*(v_3*v_4*v_5*v_7*v_8*v_9*(v_6 - 1) + v_3*v_4*v_7*v_8*v_9*(v_5 - 1) + v_7*v_8*v_9*(v_3*(v_4 - 1) + v_3 - 1) + v_7*v_8*(v_9 - 1) + v_8*(v_7 - 1) + v_8 - 1)) - (v_15 - 1)*(v_16*(-v_1*(v_3*v_4*v_5*v_7*v_8*v_9*(v_6 - 1) + v_3*v_4*v_7*v_8*v_9*(v_5 - 1) + v_7*v_8*v_9*(v_3*(v_4 - 1) + v_3 - 1) + v_7*v_8*(v_9 - 1) + v_8*(v_7 - 1) + v_8 - 1) + v_3*v_4*v_5*v_6*v_7*v_8*v_9 + (v_1 - 1)*(v_3*v_4*v_5*v_7*v_8*v_9*(v_6 - 1) + v_3*v_4*v_7*v_8*v_9*(v_5 - 1) + v_7*v_8*v_9*(v_3*(v_4 - 1) + v_3 - 1) + v_7*v_8*(v_9 - 1) + v_8*(v_7 - 1) + v_8 - 1)) - (v_16 - 1)*(v_17*(-v_1*(v_3*v_4*v_5*v_7*v_8*v_9*(v_6 - 1) + v_3*v_4*v_7*v_8*v_9*(v_5 - 1) + v_7*v_8*v_9*(v_3*(v_4 - 1) + v_3 - 1) + v_7*v_8*(v_9 - 1) + v_8*(v_7 - 1) + v_8 - 1) + v_3*v_4*v_5*v_6*v_7*v_8*v_9 + (v_1 - 1)*(v_3*v_4*v_5*v_7*v_8*v_9*(v_6 - 1) + v_3*v_4*v_7*v_8*v_9*(v_5 - 1) + v_7*v_8*v_9*(v_3*(v_4 - 1) + v_3 - 1) + v_7*v_8*(v_9 - 1) + v_8*(v_7 - 1) + v_8 - 1)) + (v_17 - 1)*(v_1*(v_3*v_4*v_5*v_7*v_8*v_9*(v_6 - 1) + v_3*v_4*v_7*v_8*v_9*(v_5 - 1) + v_7*v_8*v_9*(v_3*(v_4 - 1) + v_3 - 1) + v_7*v_8*(v_9 - 1) + v_8*(v_7 - 1) + v_8 - 1) + v_3*v_4*v_5*v_6*v_7*v_8*v_9*(v_1 - 1) - (v_1 - 1)*(v_3*v_4*v_5*v_7*v_8*v_9*(v_6 - 1) + v_3*v_4*v_7*v_8*v_9*(v_5 - 1) + v_7*v_8*v_9*(v_3*(v_4 - 1) + v_3 - 1) + v_7*v_8*(v_9 - 1) + v_8*(v_7 - 1) + v_8 - 1))))))))
Post simplification
symp_time: 11.690128326416016
number of sums: 112
number of subs: 142
number of prods: 367
opt_time: 1.5462470054626465
     fun: 6.350000000000047
     jac: array([1., 1., 1., 1., 1., 1., 1., 1., 1., 1., 1., 1., 1., 1., 1.])
 message: 'Optimization terminated successfully'
    nfev: 2
     nit: 2
    njev: 2
  status: 0
 success: True
       x: array([0.05, 0.85, 0.05, 0.85, 0.05, 0.85, 0.05, 0.85, 0.05, 0.85, 0.05,
       0.85, 0.05, 0.85, 0.05])

real	0m18.140s
user	0m17.358s
sys	0m0.611s
Ended at: 
Thu Dec  7 17:58:36 CET 2023
