Started at: 
Mon Dec 11 08:15:14 CET 2023
instance 2
Computing answer sets
Answer set generation time: 0.006551980972290039 s
number of sums: 3
number of prods: 16
Starting optimization
     fun: 1.7331336814628306
   maxcv: 5.551115123125783e-17
 message: 'Optimization terminated successfully.'
    nfev: 13
  status: 1
 success: True
       x: array([0.89656684, 0.83656684])
Optimization time: 0.09458613395690918 s
Target equation: 0.7000000000000001
Sum of optimizable facts = 1.7331336814628306
Optimal probabilities
[0.89656684 0.83656684]

real	0m1.273s
user	0m1.013s
sys	0m0.163s
instance 3
Computing answer sets
Answer set generation time: 0.006556272506713867 s
number of sums: 3
number of prods: 16
Starting optimization
     fun: 2.49985541145579
   maxcv: 6.158823817159487e-06
 message: 'Optimization terminated successfully.'
    nfev: 22
  status: 1
 success: True
       x: array([0.85328514, 0.79328514, 0.85328514])
Optimization time: 0.09343528747558594 s
Target equation: 0.6999938411761829
Sum of optimizable facts = 2.49985541145579
Optimal probabilities
[0.85328514 0.79328514 0.85328514]

real	0m1.192s
user	0m0.958s
sys	0m0.134s
instance 4
Computing answer sets
Answer set generation time: 0.0066890716552734375 s
number of sums: 3
number of prods: 16
Starting optimization
     fun: 3.292986652382848
   maxcv: 0.0
 message: 'Optimization terminated successfully.'
    nfev: 29
  status: 1
 success: True
       x: array([0.85324666, 0.79324666, 0.85324666, 0.79324666])
Optimization time: 0.1081552505493164 s
Target equation: 0.7000007181627346
Sum of optimizable facts = 3.292986652382848
Optimal probabilities
[0.85324666 0.79324666 0.85324666 0.79324666]

real	0m1.215s
user	0m0.991s
sys	0m0.129s
instance 5
Computing answer sets
Answer set generation time: 0.006671428680419922 s
number of sums: 3
number of prods: 16
Starting optimization
     fun: 4.319525305772748
   maxcv: 5.551115123125783e-17
 message: 'Optimization terminated successfully.'
    nfev: 40
  status: 1
 success: True
       x: array([0.88790506, 0.82790506, 0.88790506, 0.82790506, 0.88790506])
Optimization time: 0.12122249603271484 s
Target equation: 0.7000025056399599
Sum of optimizable facts = 4.319525305772748
Optimal probabilities
[0.88790506 0.82790506 0.88790506 0.82790506 0.88790506]

real	0m1.223s
user	0m1.004s
sys	0m0.115s
Ended at: 
Mon Dec 11 08:15:19 CET 2023
