Started at: 
Mon Dec 11 08:15:16 CET 2023
instance 2
Computing answer sets
Answer set generation time: 0.01665043830871582 s
number of sums: 14
number of prods: 90
Starting optimization
     fun: 1.2956515156391637
     jac: array([1., 1.])
 message: 'Optimization terminated successfully'
    nfev: 4
     nit: 4
    njev: 4
  status: 0
 success: True
       x: array([0.61782576, 0.67782576])
Optimization time: 0.3008575439453125 s
Target equation: 0.6999999755018049
Sum of optimizable facts = 1.2956515156391637
Optimal probabilities
[0.61782576 0.67782576]

real	0m1.506s
user	0m1.254s
sys	0m0.153s
instance 3
Computing answer sets
Answer set generation time: 0.016658782958984375 s
number of sums: 14
number of prods: 90
Starting optimization
     fun: 2.048945975089263
     jac: array([1., 1., 1.])
 message: 'Optimization terminated successfully'
    nfev: 4
     nit: 4
    njev: 4
  status: 0
 success: True
       x: array([0.66298199, 0.72298199, 0.66298199])
Optimization time: 0.5884628295898438 s
Target equation: 0.6999999503661373
Sum of optimizable facts = 2.048945975089263
Optimal probabilities
[0.66298199 0.72298199 0.66298199]

real	0m1.713s
user	0m1.479s
sys	0m0.136s
instance 4
Computing answer sets
Answer set generation time: 0.016875267028808594 s
number of sums: 14
number of prods: 90
Starting optimization
     fun: 3.014536325751414
     jac: array([1., 1., 1., 1.])
 message: 'Optimization terminated successfully'
    nfev: 6
     nit: 6
    njev: 6
  status: 0
 success: True
       x: array([0.72363408, 0.78363408, 0.72363408, 0.78363408])
Optimization time: 1.6415801048278809 s
Target equation: 0.6999999999965775
Sum of optimizable facts = 3.014536325751414
Optimal probabilities
[0.72363408 0.78363408 0.72363408 0.78363408]

real	0m2.804s
user	0m2.539s
sys	0m0.148s
instance 5
Computing answer sets
Answer set generation time: 0.01683354377746582 s
number of sums: 14
number of prods: 90
Starting optimization
     fun: 3.9027908757660255
     jac: array([1., 1., 1., 1., 1.])
 message: 'Optimization terminated successfully'
    nfev: 5
     nit: 5
    njev: 5
  status: 0
 success: True
       x: array([0.75655818, 0.81655818, 0.75655818, 0.81655818, 0.75655818])
Optimization time: 2.9900059700012207 s
Target equation: 0.6999999999961459
Sum of optimizable facts = 3.9027908757660255
Optimal probabilities
[0.75655818 0.81655818 0.75655818 0.81655818 0.75655818]

real	0m4.139s
user	0m3.846s
sys	0m0.136s
instance 6
Computing answer sets
Answer set generation time: 0.014947175979614258 s
number of sums: 14
number of prods: 90
Starting optimization
     fun: 4.913653430582725
     jac: array([1., 1., 1., 1., 1., 1.])
 message: 'Optimization terminated successfully'
    nfev: 6
     nit: 6
    njev: 6
  status: 0
 success: True
       x: array([0.81894224, 0.81894224, 0.81894224, 0.81894224, 0.81894224,
       0.81894224])
Optimization time: 6.047110557556152 s
Target equation: 0.6999999999959354
Sum of optimizable facts = 4.913653430582725
Optimal probabilities
[0.81894224 0.81894224 0.81894224 0.81894224 0.81894224 0.81894224]

real	0m7.072s
user	0m6.798s
sys	0m0.126s
instance 7
Computing answer sets
Answer set generation time: 0.014290571212768555 s
number of sums: 14
number of prods: 90
Starting optimization
     fun: 5.791564047898325
     jac: array([1., 1., 1., 1., 1., 1., 1.])
 message: 'Optimization terminated successfully'
    nfev: 28
     nit: 11
    njev: 11
  status: 0
 success: True
       x: array([0.81879486, 0.81879486, 0.81879486, 0.81879486, 0.81879486,
       0.81879486, 0.87879486])
Optimization time: 14.523258924484253 s
Target equation: 0.6999999986848915
Sum of optimizable facts = 5.791564047898325
Optimal probabilities
[0.81879486 0.81879486 0.81879486 0.81879486 0.81879486 0.81879486
 0.87879486]

real	0m15.586s
user	0m15.260s
sys	0m0.174s
Ended at: 
Mon Dec 11 08:15:49 CET 2023
