Started at: 
Thu Dec  7 10:21:06 CET 2023
instance 2
Computing answer sets
Answer set generation time: 0.12842917442321777 s
number of sums: 104
number of prods: 945
Starting optimization
     fun: 1.0684980490232578
     jac: array([1., 1.])
 message: 'Optimization terminated successfully'
    nfev: 4
     nit: 4
    njev: 4
  status: 0
 success: True
       x: array([0.4       , 0.66849805])
Optimization time: 2.6086947917938232 s
Target equation: 0.7000000000000077
Sum of optimizable facts = 1.0684980490232578
Optimal probabilities
[0.4        0.66849805]

real	0m3.950s
user	0m3.701s
sys	0m0.141s
instance 3
Computing answer sets
Answer set generation time: 0.1232450008392334 s
number of sums: 104
number of prods: 945
Starting optimization
     fun: 1.552043647096196
     jac: array([1., 1., 1.])
 message: 'Optimization terminated successfully'
    nfev: 3
     nit: 3
    njev: 3
  status: 0
 success: True
       x: array([0.4       , 0.75204365, 0.4       ])
Optimization time: 3.4977645874023438 s
Target equation: 0.7000000000000006
Sum of optimizable facts = 1.552043647096196
Optimal probabilities
[0.4        0.75204365 0.4       ]

real	0m4.741s
user	0m4.454s
sys	0m0.170s
instance 4
Computing answer sets
Answer set generation time: 0.127424955368042 s
number of sums: 104
number of prods: 945
Starting optimization
     fun: 2.474198889626429
     jac: array([1., 1., 1., 1.])
 message: 'Optimization terminated successfully'
    nfev: 7
     nit: 7
    njev: 7
  status: 0
 success: True
       x: array([0.4       , 0.83709944, 0.4       , 0.83709944])
Optimization time: 13.472959518432617 s
Target equation: 0.7000000800644051
Sum of optimizable facts = 2.474198889626429
Optimal probabilities
[0.4        0.83709944 0.4        0.83709944]

real	0m14.777s
user	0m14.474s
sys	0m0.160s
instance 5
Computing answer sets
Answer set generation time: 0.12337422370910645 s
number of sums: 104
number of prods: 945
Starting optimization
     fun: 2.9124541269035427
     jac: array([1., 1., 1., 1., 1.])
 message: 'Optimization terminated successfully'
    nfev: 5
     nit: 5
    njev: 5
  status: 0
 success: True
       x: array([0.4       , 0.85622706, 0.4       , 0.85622706, 0.4       ])
Optimization time: 16.334614515304565 s
Target equation: 0.7000000000102485
Sum of optimizable facts = 2.9124541269035427
Optimal probabilities
[0.4        0.85622706 0.4        0.85622706 0.4       ]

real	0m17.589s
user	0m17.281s
sys	0m0.177s
instance 6
Computing answer sets
Answer set generation time: 0.124359130859375 s
number of sums: 104
number of prods: 945
Starting optimization
     fun: 4.681541377695418
     jac: array([1., 1., 1., 1., 1., 1.])
 message: 'Optimization terminated successfully'
    nfev: 5
     nit: 5
    njev: 5
  status: 0
 success: True
       x: array([0.7802569, 0.7802569, 0.7802569, 0.7802569, 0.7802569, 0.7802569])
Optimization time: 25.242430448532104 s
Target equation: 0.6999999957420348
Sum of optimizable facts = 4.681541377695418
Optimal probabilities
[0.7802569 0.7802569 0.7802569 0.7802569 0.7802569 0.7802569]

real	0m26.514s
user	0m26.162s
sys	0m0.203s
instance 7
Computing answer sets
Answer set generation time: 0.12589287757873535 s
number of sums: 104
number of prods: 945
Starting optimization
     fun: 5.209415300237076
     jac: array([1., 1., 1., 1., 1., 1., 1.])
 message: 'Optimization terminated successfully'
    nfev: 5
     nit: 5
    njev: 5
  status: 0
 success: True
       x: array([0.80156922, 0.80156922, 0.80156922, 0.80156922, 0.80156922,
       0.80156922, 0.4       ])
Optimization time: 33.52983832359314 s
Target equation: 0.6999998873120624
Sum of optimizable facts = 5.209415300237076
Optimal probabilities
[0.80156922 0.80156922 0.80156922 0.80156922 0.80156922 0.80156922
 0.4       ]

real	0m34.775s
user	0m34.454s
sys	0m0.157s
instance 8
Computing answer sets
Answer set generation time: 0.11505484580993652 s
number of sums: 104
number of prods: 945
Starting optimization
     fun: 6.2321836229228715
     jac: array([1., 1., 1., 1., 1., 1., 1., 1.])
 message: 'Optimization terminated successfully'
    nfev: 10
     nit: 9
    njev: 9
  status: 0
 success: True
       x: array([0.81369727, 0.81369727, 0.81369727, 0.81369727, 0.81369727,
       0.81369727, 0.4       , 0.95      ])
Optimization time: 75.27332258224487 s
Target equation: 0.6999998666901645
Sum of optimizable facts = 6.2321836229228715
Optimal probabilities
[0.81369727 0.81369727 0.81369727 0.81369727 0.81369727 0.81369727
 0.4        0.95      ]

real	1m16.479s
user	1m16.111s
sys	0m0.188s
instance 9
Computing answer sets
Answer set generation time: 0.11066222190856934 s
number of sums: 104
number of prods: 945
Starting optimization
     fun: 5.729332956127312
     jac: array([1., 1., 1., 1., 1., 1., 1., 1., 1.])
 message: 'Optimization terminated successfully'
    nfev: 29
     nit: 24
    njev: 23
  status: 0
 success: True
       x: array([0.4       , 0.95      , 0.4       , 0.95      , 0.4       ,
       0.95      , 0.4       , 0.87933296, 0.4       ])
Optimization time: 251.53823733329773 s
Target equation: 0.7000000000000028
Sum of optimizable facts = 5.729332956127312
Optimal probabilities
[0.4        0.95       0.4        0.95       0.4        0.95
 0.4        0.87933296 0.4       ]

real	4m12.904s
user	4m12.319s
sys	0m0.223s
instance 10
Computing answer sets
Answer set generation time: 0.10432314872741699 s
number of sums: 104
number of prods: 945
Starting optimization
     fun: 8.134491383895238
     jac: array([1., 1., 1., 1., 1., 1., 1., 1., 1., 1.])
 message: 'Optimization terminated successfully'
    nfev: 21
     nit: 13
    njev: 13
  status: 0
 success: True
       x: array([0.83342086, 0.83342177, 0.83342086, 0.83342177, 0.83342086,
       0.83342177, 0.78349127, 0.78349047, 0.78349127, 0.78349047])
Optimization time: 172.17028641700745 s
Target equation: 0.6999999997766279
Sum of optimizable facts = 8.134491383895238
Optimal probabilities
[0.83342086 0.83342177 0.83342086 0.83342177 0.83342086 0.83342177
 0.78349127 0.78349047 0.78349127 0.78349047]

real	2m53.551s
user	2m52.895s
sys	0m0.226s
Ended at: 
Thu Dec  7 10:31:11 CET 2023
