Started at: 
Mon Dec 11 08:15:15 CET 2023
instance 2
Computing answer sets
Answer set generation time: 0.010148763656616211 s
number of sums: 14
number of prods: 75
Starting optimization
     fun: 1.0678004603694282
   maxcv: 3.318193297907612e-08
 message: 'Optimization terminated successfully.'
    nfev: 14
  status: 1
 success: True
       x: array([0.50390023, 0.56390023])
Optimization time: 0.11586117744445801 s
Target equation: 0.6999999668180668
Sum of optimizable facts = 1.0678004603694282
Optimal probabilities
[0.50390023 0.56390023]

real	0m1.328s
user	0m1.093s
sys	0m0.140s
instance 3
Computing answer sets
Answer set generation time: 0.010332822799682617 s
number of sums: 14
number of prods: 75
Starting optimization
     fun: 1.7679566395259938
   maxcv: 2.997206882682235e-08
 message: 'Optimization terminated successfully.'
    nfev: 19
  status: 1
 success: True
       x: array([0.56931888, 0.62931888, 0.56931888])
Optimization time: 0.1264352798461914 s
Target equation: 0.6999999700279311
Sum of optimizable facts = 1.7679566395259938
Optimal probabilities
[0.56931888 0.62931888 0.56931888]

real	0m1.245s
user	0m1.003s
sys	0m0.133s
instance 4
Computing answer sets
Answer set generation time: 0.010096311569213867 s
number of sums: 14
number of prods: 75
Starting optimization
     fun: 2.7359548098440594
   maxcv: 6.52292342362415e-08
 message: 'Optimization terminated successfully.'
    nfev: 36
  status: 1
 success: True
       x: array([0.6539887, 0.7139887, 0.6539887, 0.7139887])
Optimization time: 0.13422513008117676 s
Target equation: 0.6999999347707658
Sum of optimizable facts = 2.7359548098440594
Optimal probabilities
[0.6539887 0.7139887 0.6539887 0.7139887]

real	0m1.252s
user	0m1.017s
sys	0m0.133s
instance 5
Computing answer sets
Answer set generation time: 0.010467290878295898 s
number of sums: 14
number of prods: 75
Starting optimization
     fun: 3.594686547757073
   maxcv: 4.312672473805179e-06
 message: 'Optimization terminated successfully.'
    nfev: 38
  status: 1
 success: True
       x: array([0.69493731, 0.75493731, 0.69493731, 0.75493731, 0.69493731])
Optimization time: 0.14882993698120117 s
Target equation: 0.699995687327526
Sum of optimizable facts = 3.594686547757073
Optimal probabilities
[0.69493731 0.75493731 0.69493731 0.75493731 0.69493731]

real	0m1.259s
user	0m1.007s
sys	0m0.131s
instance 6
Computing answer sets
Answer set generation time: 0.010138511657714844 s
number of sums: 14
number of prods: 75
Starting optimization
     fun: 4.589954246152066
   maxcv: 0.0
 message: 'Optimization terminated successfully.'
    nfev: 46
  status: 1
 success: True
       x: array([0.79499237, 0.73499237, 0.79499237, 0.73499237, 0.79499237,
       0.73499237])
Optimization time: 0.16748380661010742 s
Target equation: 0.7000009646332551
Sum of optimizable facts = 4.589954246152066
Optimal probabilities
[0.79499237 0.73499237 0.79499237 0.73499237 0.79499237 0.73499237]

real	0m1.250s
user	0m0.998s
sys	0m0.130s
Ended at: 
Mon Dec 11 08:15:21 CET 2023
