Started at: 
Mon Dec 11 08:15:14 CET 2023
instance 2
Computing answer sets
Answer set generation time: 0.057607173919677734 s
number of sums: 29
number of prods: 240
Starting optimization
     fun: 1.8096408861757511
     jac: array([1., 1.])
 message: 'Optimization terminated successfully'
    nfev: 6
     nit: 5
    njev: 5
  status: 0
 success: True
       x: array([0.87482044, 0.93482044])
Optimization time: 0.37580251693725586 s
Target equation: 0.6999999999999397
Sum of optimizable facts = 1.8096408861757511
Optimal probabilities
[0.87482044 0.93482044]

real	0m1.608s
user	0m1.376s
sys	0m0.139s
instance 3
Computing answer sets
Answer set generation time: 0.056441307067871094 s
number of sums: 29
number of prods: 240
Starting optimization
     fun: 2.635781020620601
     jac: array([1., 1., 1.])
 message: 'Optimization terminated successfully'
    nfev: 7
     nit: 6
    njev: 6
  status: 0
 success: True
       x: array([0.85859367, 0.91859367, 0.85859367])
Optimization time: 0.8086264133453369 s
Target equation: 0.6999999965471544
Sum of optimizable facts = 2.635781020620601
Optimal probabilities
[0.85859367 0.91859367 0.85859367]

real	0m1.887s
user	0m1.683s
sys	0m0.118s
instance 4
Computing answer sets
Answer set generation time: 0.05637073516845703 s
number of sums: 29
number of prods: 240
Starting optimization
     fun: 3.5707133667573463
     jac: array([1., 1., 1., 1.])
 message: 'Optimization terminated successfully'
    nfev: 7
     nit: 6
    njev: 6
  status: 0
 success: True
       x: array([0.86267834, 0.92267834, 0.86267834, 0.92267834])
Optimization time: 1.6133437156677246 s
Target equation: 0.699999999947695
Sum of optimizable facts = 3.5707133667573463
Optimal probabilities
[0.86267834 0.92267834 0.86267834 0.92267834]

real	0m2.705s
user	0m2.493s
sys	0m0.127s
instance 5
Computing answer sets
Answer set generation time: 0.057433366775512695 s
number of sums: 29
number of prods: 240
Starting optimization
     fun: 4.499649961953758
     jac: array([1., 1., 1., 1., 1.])
 message: 'Optimization terminated successfully'
    nfev: 5
     nit: 5
    njev: 5
  status: 0
 success: True
       x: array([0.87592999, 0.93592999, 0.87592999, 0.93592999, 0.87592999])
Optimization time: 3.0412614345550537 s
Target equation: 0.69999999934307
Sum of optimizable facts = 4.499649961953758
Optimal probabilities
[0.87592999 0.93592999 0.87592999 0.93592999 0.87592999]

real	0m4.152s
user	0m3.901s
sys	0m0.166s
instance 6
Computing answer sets
Answer set generation time: 0.05296063423156738 s
number of sums: 29
number of prods: 240
Starting optimization
     fun: 5.506446414837039
     jac: array([1., 1., 1., 1., 1., 1.])
 message: 'Optimization terminated successfully'
    nfev: 13
     nit: 9
    njev: 9
  status: 0
 success: True
       x: array([0.91774107, 0.91774107, 0.91774107, 0.91774107, 0.91774107,
       0.91774107])
Optimization time: 9.008362054824829 s
Target equation: 0.6999999999995915
Sum of optimizable facts = 5.506446414837039
Optimal probabilities
[0.91774107 0.91774107 0.91774107 0.91774107 0.91774107 0.91774107]

real	0m10.136s
user	0m9.823s
sys	0m0.169s
instance 7
Computing answer sets
Answer set generation time: 0.05197906494140625 s
number of sums: 29
number of prods: 240
Starting optimization
     fun: 6.185266834065221
     jac: array([1., 1., 1., 1., 1., 1., 1.])
 message: 'Optimization terminated successfully'
    nfev: 19
     nit: 11
    njev: 11
  status: 0
 success: True
       x: array([0.87503812, 0.87503812, 0.87503812, 0.87503812, 0.87503812,
       0.87503812, 0.93503812])
Optimization time: 16.26898694038391 s
Target equation: 0.6999999999989079
Sum of optimizable facts = 6.185266834065221
Optimal probabilities
[0.87503812 0.87503812 0.87503812 0.87503812 0.87503812 0.87503812
 0.93503812]

real	0m17.336s
user	0m17.032s
sys	0m0.169s
instance 8
Computing answer sets
Answer set generation time: 0.05271768569946289 s
number of sums: 29
number of prods: 240
Starting optimization
     fun: 7.060016231979198
     jac: array([1., 1., 1., 1., 1., 1., 1., 1.])
 message: 'Optimization terminated successfully'
    nfev: 19
     nit: 11
    njev: 11
  status: 0
 success: True
       x: array([0.87500203, 0.87500203, 0.87500203, 0.87500203, 0.87500203,
       0.87500203, 0.93500203, 0.87500203])
Optimization time: 45.95707893371582 s
Target equation: 0.7000000000037763
Sum of optimizable facts = 7.060016231979198
Optimal probabilities
[0.87500203 0.87500203 0.87500203 0.87500203 0.87500203 0.87500203
 0.93500203 0.87500203]

real	0m47.052s
user	0m46.693s
sys	0m0.194s
instance 9
Computing answer sets
Answer set generation time: 0.04976797103881836 s
number of sums: 29
number of prods: 240
Starting optimization
     fun: 7.755275184043951
     jac: array([1., 1., 1., 1., 1., 1., 1., 1., 1.])
 message: 'Optimization terminated successfully'
    nfev: 18
     nit: 11
    njev: 11
  status: 0
 success: True
       x: array([0.84836391, 0.84836391, 0.84836391, 0.84836391, 0.84836391,
       0.84836391, 0.90836391, 0.84836391, 0.90836391])
Optimization time: 53.9750075340271 s
Target equation: 0.7000000850165327
Sum of optimizable facts = 7.755275184043951
Optimal probabilities
[0.84836391 0.84836391 0.84836391 0.84836391 0.84836391 0.84836391
 0.90836391 0.84836391 0.90836391]

real	0m55.160s
user	0m54.623s
sys	0m0.195s
Ended at: 
Mon Dec 11 08:17:34 CET 2023
