Started at: 
Mon Dec 11 08:15:14 CET 2023
instance 2
Computing answer sets
Answer set generation time: 0.006437063217163086 s
number of sums: 3
number of prods: 16
Starting optimization
     fun: 1.2965668407314155
   maxcv: 0.0
 message: 'Optimization terminated successfully.'
    nfev: 13
  status: 1
 success: True
       x: array([0.89656684, 0.4       ])
Optimization time: 0.09444880485534668 s
Target equation: 0.7000000000000001
Sum of optimizable facts = 1.2965668407314155
Optimal probabilities
[0.89656684 0.4       ]

real	0m1.544s
user	0m1.064s
sys	0m0.201s
instance 3
Computing answer sets
Answer set generation time: 0.006665945053100586 s
number of sums: 3
number of prods: 16
Starting optimization
     fun: 2.106577771421677
   maxcv: 9.61329171822456e-09
 message: 'Optimization terminated successfully.'
    nfev: 49
  status: 1
 success: True
       x: array([0.85325544, 0.4       , 0.85332234])
Optimization time: 0.09936046600341797 s
Target equation: 0.6999999903867081
Sum of optimizable facts = 2.106577771421677
Optimal probabilities
[0.85325544 0.4        0.85332234]

real	0m1.215s
user	0m0.968s
sys	0m0.147s
instance 4
Computing answer sets
Answer set generation time: 0.006542205810546875 s
number of sums: 3
number of prods: 16
Starting optimization
     fun: 2.5064924412898635
   maxcv: 9.615182983147008e-09
 message: 'Optimization terminated successfully.'
    nfev: 68
  status: 1
 success: True
       x: array([0.85328958, 0.4       , 0.85320286, 0.4       ])
Optimization time: 0.10674500465393066 s
Target equation: 0.699999990384817
Sum of optimizable facts = 2.5064924412898635
Optimal probabilities
[0.85328958 0.4        0.85320286 0.4       ]

real	0m1.219s
user	0m0.969s
sys	0m0.149s
instance 5
Computing answer sets
Answer set generation time: 0.006424665451049805 s
number of sums: 3
number of prods: 16
Starting optimization
     fun: 3.4637119885126215
   maxcv: 1.7595133350312153e-08
 message: 'Optimization terminated successfully.'
    nfev: 87
  status: 1
 success: True
       x: array([0.88782313, 0.4       , 0.88795283, 0.4       , 0.88793602])
Optimization time: 0.11019682884216309 s
Target equation: 0.6999999824048666
Sum of optimizable facts = 3.4637119885126215
Optimal probabilities
[0.88782313 0.4        0.88795283 0.4        0.88793602]

real	0m1.217s
user	0m0.989s
sys	0m0.122s
Ended at: 
Mon Dec 11 08:15:19 CET 2023
