Started at: 
Thu Dec  7 10:21:06 CET 2023
instance 2
Computing answer sets
Answer set generation time: 0.25661253929138184 s
number of sums: 104
number of prods: 1050
Starting optimization
     fun: 1.312413902183673
     jac: array([1., 1.])
 message: 'Optimization terminated successfully'
    nfev: 5
     nit: 5
    njev: 5
  status: 0
 success: True
       x: array([0.4      , 0.9124139])
Optimization time: 3.208617925643921 s
Target equation: 0.6999999999998984
Sum of optimizable facts = 1.312413902183673
Optimal probabilities
[0.4       0.9124139]

real	0m4.695s
user	0m4.427s
sys	0m0.157s
instance 3
Computing answer sets
Answer set generation time: 0.26000308990478516 s
number of sums: 104
number of prods: 1050
Starting optimization
     fun: 1.7531629581711967
     jac: array([1., 1., 1.])
 message: 'Optimization terminated successfully'
    nfev: 5
     nit: 5
    njev: 5
  status: 0
 success: True
       x: array([0.40158148, 0.95      , 0.40158148])
Optimization time: 5.267127513885498 s
Target equation: 0.7000000002008506
Sum of optimizable facts = 1.7531629581711967
Optimal probabilities
[0.40158148 0.95       0.40158148]

real	0m6.649s
user	0m6.353s
sys	0m0.169s
instance 4
Computing answer sets
Answer set generation time: 0.25528454780578613 s
number of sums: 104
number of prods: 1050
Starting optimization
     fun: 2.681927332134318
     jac: array([1., 1., 1., 1.])
 message: 'Optimization terminated successfully'
    nfev: 9
     nit: 9
    njev: 9
  status: 0
 success: True
       x: array([0.4       , 0.94096367, 0.4       , 0.94096367])
Optimization time: 17.369624137878418 s
Target equation: 0.7000001008663059
Sum of optimizable facts = 2.681927332134318
Optimal probabilities
[0.4        0.94096367 0.4        0.94096367]

real	0m18.785s
user	0m18.472s
sys	0m0.171s
instance 5
Computing answer sets
Answer set generation time: 0.2552790641784668 s
number of sums: 104
number of prods: 1050
Starting optimization
     fun: 3.0974259838199836
     jac: array([1., 1., 1., 1., 1.])
 message: 'Optimization terminated successfully'
    nfev: 7
     nit: 6
    njev: 6
  status: 0
 success: True
       x: array([0.4       , 0.94871299, 0.4       , 0.94871299, 0.4       ])
Optimization time: 19.339843273162842 s
Target equation: 0.7000000313617023
Sum of optimizable facts = 3.0974259838199836
Optimal probabilities
[0.4        0.94871299 0.4        0.94871299 0.4       ]

real	0m20.742s
user	0m20.405s
sys	0m0.179s
instance 6
Computing answer sets
Answer set generation time: 0.2594583034515381 s
number of sums: 104
number of prods: 1050
Starting optimization
     fun: 5.187076686874818
     jac: array([1., 1., 1., 1., 1., 1.])
 message: 'Optimization terminated successfully'
    nfev: 13
     nit: 10
    njev: 10
  status: 0
 success: True
       x: array([0.86451278, 0.86451278, 0.86451278, 0.86451278, 0.86451278,
       0.86451278])
Optimization time: 48.47219204902649 s
Target equation: 0.6999999998693172
Sum of optimizable facts = 5.187076686874818
Optimal probabilities
[0.86451278 0.86451278 0.86451278 0.86451278 0.86451278 0.86451278]

real	0m49.935s
user	0m49.541s
sys	0m0.194s
instance 7
Computing answer sets
Answer set generation time: 0.26607847213745117 s
number of sums: 104
number of prods: 1050
Starting optimization
     fun: 5.055562596004552
     jac: array([1., 1., 1., 1., 1., 1., 1.])
 message: 'Optimization terminated successfully'
    nfev: 23
     nit: 20
    njev: 19
  status: 0
 success: True
       x: array([0.41852087, 0.95      , 0.41852087, 0.95      , 0.41852087,
       0.95      , 0.95      ])
Optimization time: 123.88967967033386 s
Target equation: 0.7000000058871111
Sum of optimizable facts = 5.055562596004552
Optimal probabilities
[0.41852087 0.95       0.41852087 0.95       0.41852087 0.95
 0.95      ]

real	2m5.445s
user	2m4.878s
sys	0m0.221s
instance 8
Computing answer sets
Answer set generation time: 0.2386627197265625 s
number of sums: 104
number of prods: 1050
Starting optimization
     fun: 5.399999999999999
     jac: array([1., 1., 1., 1., 1., 1., 1., 1.])
 message: 'Inequality constraints incompatible'
    nfev: 216
     nit: 38
    njev: 38
  status: 4
 success: False
       x: array([0.4 , 0.95, 0.4 , 0.95, 0.4 , 0.95, 0.4 , 0.95])
Optimization time: 337.45128321647644 s
Target equation: 0.6380257198633859
[93mWarning: Unable to solve the optimization problem.[0m

real	5m39.241s
user	5m38.210s
sys	0m0.271s
instance 9
Computing answer sets
Answer set generation time: 0.22648262977600098 s
number of sums: 104
number of prods: 1050
Starting optimization
     fun: 7.493106114361225
     jac: array([1., 1., 1., 1., 1., 1., 1., 1., 1.])
 message: 'Optimization terminated successfully'
    nfev: 24
     nit: 19
    njev: 18
  status: 0
 success: True
       x: array([0.95      , 0.95      , 0.95      , 0.95      , 0.95      ,
       0.95      , 0.42155306, 0.95      , 0.42155306])
Optimization time: 207.92578220367432 s
Target equation: 0.700000000000172
Sum of optimizable facts = 7.493106114361225
Optimal probabilities
[0.95       0.95       0.95       0.95       0.95       0.95
 0.42155306 0.95       0.42155306]

real	3m29.599s
user	3m28.821s
sys	0m0.255s
instance 10
Computing answer sets
Answer set generation time: 0.23007869720458984 s
number of sums: 104
number of prods: 1050
Starting optimization
     fun: 8.752349993332121
     jac: array([1., 1., 1., 1., 1., 1., 1., 1., 1., 1.])
 message: 'Optimization terminated successfully'
    nfev: 18
     nit: 12
    njev: 12
  status: 0
 success: True
       x: array([0.89120859, 0.89125252, 0.89120859, 0.89125252, 0.89120859,
       0.89125252, 0.85124432, 0.85123902, 0.85124432, 0.85123902])
Optimization time: 186.77754306793213 s
Target equation: 0.6999999307941838
Sum of optimizable facts = 8.752349993332121
Optimal probabilities
[0.89120859 0.89125252 0.89120859 0.89125252 0.89120859 0.89125252
 0.85124432 0.85123902 0.85124432 0.85123902]

real	3m8.394s
user	3m7.635s
sys	0m0.303s
instance 11
Computing answer sets
Answer set generation time: 0.21887421607971191 s
number of sums: 104
number of prods: 1050
Starting optimization
     fun: 7.613130715818896
     jac: array([1., 1., 1., 1., 1., 1., 1., 1., 1., 1., 1.])
 message: 'Optimization terminated successfully'
    nfev: 30
     nit: 23
    njev: 23
  status: 0
 success: True
       x: array([0.4       , 0.94999999, 0.4       , 0.94999999, 0.4       ,
       0.94999999, 0.4       , 0.90656537, 0.4       , 0.90656537,
       0.95      ])
Optimization time: 423.76489329338074 s
Target equation: 0.7000000080551146
Sum of optimizable facts = 7.613130715818896
Optimal probabilities
[0.4        0.94999999 0.4        0.94999999 0.4        0.94999999
 0.4        0.90656537 0.4        0.90656537 0.95      ]

real	7m5.540s
user	7m4.577s
sys	0m0.299s
Ended at: 
Thu Dec  7 10:44:16 CET 2023
