Started at: 
Thu Dec  7 10:21:05 CET 2023
instance 2
Computing answer sets
Answer set generation time: 0.561030387878418 s
number of sums: 209
number of prods: 2310
Starting optimization
     fun: 1.3302277472623123
     jac: array([1., 1.])
 message: 'Optimization terminated successfully'
    nfev: 4
     nit: 4
    njev: 4
  status: 0
 success: True
       x: array([0.63511387, 0.69511387])
Optimization time: 5.360461711883545 s
Target equation: 0.699999936637935
Sum of optimizable facts = 1.3302277472623123
Optimal probabilities
[0.63511387 0.69511387]

real	0m7.160s
user	0m6.871s
sys	0m0.180s
instance 3
Computing answer sets
Answer set generation time: 0.5466763973236084 s
number of sums: 209
number of prods: 2310
Starting optimization
     fun: 2.0901265565818665
     jac: array([1., 1., 1.])
 message: 'Optimization terminated successfully'
    nfev: 4
     nit: 4
    njev: 4
  status: 0
 success: True
       x: array([0.67670885, 0.73670885, 0.67670885])
Optimization time: 9.04971718788147 s
Target equation: 0.6999998977151327
Sum of optimizable facts = 2.0901265565818665
Optimal probabilities
[0.67670885 0.73670885 0.67670885]

real	0m10.752s
user	0m10.465s
sys	0m0.168s
instance 4
Computing answer sets
Answer set generation time: 0.5657970905303955 s
number of sums: 209
number of prods: 2310
Starting optimization
     fun: 3.0546934043213065
     jac: array([1., 1., 1., 1.])
 message: 'Optimization terminated successfully'
    nfev: 6
     nit: 6
    njev: 6
  status: 0
 success: True
       x: array([0.73367335, 0.79367335, 0.73367335, 0.79367335])
Optimization time: 24.26171374320984 s
Target equation: 0.6999999999954751
Sum of optimizable facts = 3.0546934043213065
Optimal probabilities
[0.73367335 0.79367335 0.73367335 0.79367335]

real	0m26.019s
user	0m25.695s
sys	0m0.194s
instance 5
Computing answer sets
Answer set generation time: 0.5767042636871338 s
number of sums: 209
number of prods: 2310
Starting optimization
     fun: 3.9466410109753642
     jac: array([1., 1., 1., 1., 1.])
 message: 'Optimization terminated successfully'
    nfev: 5
     nit: 5
    njev: 5
  status: 0
 success: True
       x: array([0.7653282, 0.8253282, 0.7653282, 0.8253282, 0.7653282])
Optimization time: 32.74913716316223 s
Target equation: 0.6999999999910536
Sum of optimizable facts = 3.9466410109753642
Optimal probabilities
[0.7653282 0.8253282 0.7653282 0.8253282 0.7653282]

real	0m34.511s
user	0m34.146s
sys	0m0.195s
instance 6
Computing answer sets
Answer set generation time: 0.5402383804321289 s
number of sums: 209
number of prods: 2310
Starting optimization
     fun: 4.957328662009564
     jac: array([1., 1., 1., 1., 1., 1.])
 message: 'Optimization terminated successfully'
    nfev: 6
     nit: 6
    njev: 6
  status: 0
 success: True
       x: array([0.82622144, 0.82622144, 0.82622144, 0.82622144, 0.82622144,
       0.82622144])
Optimization time: 59.4696102142334 s
Target equation: 0.6999999999662656
Sum of optimizable facts = 4.957328662009564
Optimal probabilities
[0.82622144 0.82622144 0.82622144 0.82622144 0.82622144 0.82622144]

real	1m1.210s
user	1m0.776s
sys	0m0.205s
instance 7
Computing answer sets
Answer set generation time: 0.5171968936920166 s
number of sums: 209
number of prods: 2310
Starting optimization
     fun: 5.761459614722124
     jac: array([1., 1., 1., 1., 1., 1., 1.])
 message: 'Optimization terminated successfully'
    nfev: 8
     nit: 7
    njev: 7
  status: 0
 success: True
       x: array([0.83163709, 0.83163709, 0.83163709, 0.83163709, 0.83163709,
       0.83163709, 0.77163709])
Optimization time: 94.31246638298035 s
Target equation: 0.6999999984315624
Sum of optimizable facts = 5.761459614722124
Optimal probabilities
[0.83163709 0.83163709 0.83163709 0.83163709 0.83163709 0.83163709
 0.77163709]

real	1m36.188s
user	1m35.616s
sys	0m0.201s
instance 8
Computing answer sets
Answer set generation time: 0.51320481300354 s
number of sums: 209
number of prods: 2310
Starting optimization
     fun: 6.758312093343489
     jac: array([1., 1., 1., 1., 1., 1., 1., 1.])
 message: 'Optimization terminated successfully'
    nfev: 19
     nit: 13
    njev: 13
  status: 0
 success: True
       x: array([0.85228901, 0.85228901, 0.85228901, 0.85228901, 0.85228901,
       0.85228901, 0.79228901, 0.85228901])
Optimization time: 237.22735953330994 s
Target equation: 0.6999999998966997
Sum of optimizable facts = 6.758312093343489
Optimal probabilities
[0.85228901 0.85228901 0.85228901 0.85228901 0.85228901 0.85228901
 0.79228901 0.85228901]

real	3m58.893s
user	3m58.316s
sys	0m0.241s
instance 9
Computing answer sets
Answer set generation time: 0.5195629596710205 s
number of sums: 209
number of prods: 2310
Starting optimization
     fun: 7.585162764588998
     jac: array([1., 1., 1., 1., 1., 1., 1., 1., 1.])
 message: 'Optimization terminated successfully'
    nfev: 10
     nit: 8
    njev: 8
  status: 0
 success: True
       x: array([0.8561292, 0.8561292, 0.8561292, 0.8561292, 0.8561292, 0.8561292,
       0.7961292, 0.8561292, 0.7961292])
Optimization time: 192.13007712364197 s
Target equation: 0.6999999930592535
Sum of optimizable facts = 7.585162764588998
Optimal probabilities
[0.8561292 0.8561292 0.8561292 0.8561292 0.8561292 0.8561292 0.7961292
 0.8561292 0.7961292]

real	3m13.806s
user	3m13.287s
sys	0m0.205s
instance 10
Computing answer sets
Answer set generation time: 0.4904310703277588 s
number of sums: 209
number of prods: 2310
Starting optimization
     fun: 8.474506457747113
     jac: array([1., 1., 1., 1., 1., 1., 1., 1., 1., 1.])
 message: 'Optimization terminated successfully'
    nfev: 18
     nit: 12
    njev: 12
  status: 0
 success: True
       x: array([0.8655584 , 0.86555479, 0.8655584 , 0.86555479, 0.8655584 ,
       0.86555479, 0.82029194, 0.8202915 , 0.82029194, 0.8202915 ])
Optimization time: 378.6452453136444 s
Target equation: 0.6999999713100641
Sum of optimizable facts = 8.474506457747113
Optimal probabilities
[0.8655584  0.86555479 0.8655584  0.86555479 0.8655584  0.86555479
 0.82029194 0.8202915  0.82029194 0.8202915 ]

real	6m20.477s
user	6m19.611s
sys	0m0.303s
instance 11
Computing answer sets
Answer set generation time: 0.4854776859283447 s
number of sums: 209
number of prods: 2310
Starting optimization
     fun: 9.27400400988307
     jac: array([1., 1., 1., 1., 1., 1., 1., 1., 1., 1., 1.])
 message: 'Optimization terminated successfully'
    nfev: 16
     nit: 11
    njev: 11
  status: 0
 success: True
       x: array([0.85463209, 0.85463209, 0.85463209, 0.85463209, 0.85463209,
       0.85463209, 0.83789484, 0.83789484, 0.83789484, 0.83789484,
       0.79463209])
Optimization time: 421.3973214626312 s
Target equation: 0.69999996650611
Sum of optimizable facts = 9.27400400988307
Optimal probabilities
[0.85463209 0.85463209 0.85463209 0.85463209 0.85463209 0.85463209
 0.83789484 0.83789484 0.83789484 0.83789484 0.79463209]

real	7m3.171s
user	7m2.422s
sys	0m0.308s
instance 12
Computing answer sets
Answer set generation time: 0.46643853187561035 s
number of sums: 209
number of prods: 2310
Starting optimization
     fun: 10.198981844651511
     jac: array([1., 1., 1., 1., 1., 1., 1., 1., 1., 1., 1., 1.])
 message: 'Optimization terminated successfully'
    nfev: 18
     nit: 11
    njev: 11
  status: 0
 success: True
       x: array([0.84491515, 0.84491515, 0.84491515, 0.84491515, 0.84491515,
       0.84491515, 0.84491515, 0.84491515, 0.84491515, 0.84491515,
       0.84491515, 0.90491515])
Optimization time: 494.2842733860016 s
Target equation: 0.700000008244412
Sum of optimizable facts = 10.198981844651511
Optimal probabilities
[0.84491515 0.84491515 0.84491515 0.84491515 0.84491515 0.84491515
 0.84491515 0.84491515 0.84491515 0.84491515 0.84491515 0.90491515]

real	8m16.008s
user	8m15.316s
sys	0m0.260s
Ended at: 
Thu Dec  7 10:53:54 CET 2023
