Started at: 
Mon Dec 11 08:15:15 CET 2023
instance 2
Computing answer sets
Answer set generation time: 0.028902769088745117 s
number of sums: 14
number of prods: 90
Starting optimization
     fun: 1.1859950601824698
   maxcv: 0.0
 message: 'Optimization terminated successfully.'
    nfev: 14
  status: 1
 success: True
       x: array([0.40003126, 0.7859638 ])
Optimization time: 0.18353509902954102 s
Target equation: 0.7000075817525011
Sum of optimizable facts = 1.1859950601824698
Optimal probabilities
[0.40003126 0.7859638 ]

real	0m1.714s
user	0m1.163s
sys	0m0.328s
instance 3
Computing answer sets
Answer set generation time: 0.02705526351928711 s
number of sums: 14
number of prods: 90
Starting optimization
     fun: 1.6475105404952668
   maxcv: 0.0
 message: 'Optimization terminated successfully.'
    nfev: 20
  status: 1
 success: True
       x: array([0.4       , 0.84751054, 0.4       ])
Optimization time: 0.19869208335876465 s
Target equation: 0.7000146254631395
Sum of optimizable facts = 1.6475105404952668
Optimal probabilities
[0.4        0.84751054 0.4       ]

real	0m1.650s
user	0m1.081s
sys	0m0.345s
instance 4
Computing answer sets
Answer set generation time: 0.02527022361755371 s
number of sums: 14
number of prods: 90
Starting optimization
     fun: 2.577268663695638
   maxcv: 7.153230896506102e-09
 message: 'Optimization terminated successfully.'
    nfev: 67
  status: 1
 success: True
       x: array([0.4       , 0.88867732, 0.4       , 0.88859135])
Optimization time: 0.20288515090942383 s
Target equation: 0.6999999928467688
Sum of optimizable facts = 2.577268663695638
Optimal probabilities
[0.4        0.88867732 0.4        0.88859135]

real	0m1.660s
user	0m1.120s
sys	0m0.296s
instance 5
Computing answer sets
Answer set generation time: 0.024059295654296875 s
number of sums: 14
number of prods: 90
Starting optimization
     fun: 3.0039008679026598
   maxcv: 7.913584121332917e-09
 message: 'Optimization terminated successfully.'
    nfev: 67
  status: 1
 success: True
       x: array([0.4       , 0.90202449, 0.4       , 0.90187638, 0.4       ])
Optimization time: 0.20819306373596191 s
Target equation: 0.6999999920864158
Sum of optimizable facts = 3.0039008679026598
Optimal probabilities
[0.4        0.90202449 0.4        0.90187638 0.4       ]

real	0m1.578s
user	0m1.115s
sys	0m0.250s
instance 6
Computing answer sets
Answer set generation time: 0.022970199584960938 s
number of sums: 14
number of prods: 90
Starting optimization
     fun: 3.9649904961894533
   maxcv: 1.2961191675486816e-08
 message: 'Optimization terminated successfully.'
    nfev: 111
  status: 1
 success: True
       x: array([0.92170542, 0.4       , 0.92154351, 0.4       , 0.92174156,
       0.4       ])
Optimization time: 0.22199010848999023 s
Target equation: 0.6999999870388085
Sum of optimizable facts = 3.9649904961894533
Optimal probabilities
[0.92170542 0.4        0.92154351 0.4        0.92174156 0.4       ]

real	0m1.519s
user	0m1.078s
sys	0m0.238s
instance 7
Computing answer sets
Answer set generation time: 0.021424055099487305 s
number of sums: 14
number of prods: 90
Starting optimization
     fun: 4.837408535348878
   maxcv: 4.203956738280112e-09
 message: 'Optimization terminated successfully.'
    nfev: 140
  status: 1
 success: True
       x: array([0.4       , 0.89588749, 0.4       , 0.89575341, 0.4       ,
       0.89576763, 0.95      ])
Optimization time: 0.2325880527496338 s
Target equation: 0.6999999957960431
Sum of optimizable facts = 4.837408535348878
Optimal probabilities
[0.4        0.89588749 0.4        0.89575341 0.4        0.89576763
 0.95      ]

real	0m1.426s
user	0m1.053s
sys	0m0.199s
Ended at: 
Mon Dec 11 08:15:24 CET 2023
