Started at: 
Thu Dec  7 10:21:04 CET 2023
instance 2
Computing answer sets
Answer set generation time: 1.124950885772705 s
number of sums: 209
number of prods: 2520
Starting optimization
     fun: 1.5927527200316152
   maxcv: 0.0
 message: 'Optimization terminated successfully.'
    nfev: 14
  status: 1
 success: True
       x: array([0.64275272, 0.95      ])
Optimization time: 2.586513042449951 s
Target equation: 0.7
Sum of optimizable facts = 1.5927527200316152
Optimal probabilities
[0.64275272 0.95      ]

real	0m4.941s
user	0m4.648s
sys	0m0.179s
instance 3
Computing answer sets
Answer set generation time: 1.1150941848754883 s
number of sums: 209
number of prods: 2520
Starting optimization
     fun: 2.3941334456979244
   maxcv: 1.07515929492763e-09
 message: 'Optimization terminated successfully.'
    nfev: 57
  status: 1
 success: True
       x: array([0.72200661, 0.95      , 0.72212683])
Optimization time: 5.684420824050903 s
Target equation: 0.6999999989248403
Sum of optimizable facts = 2.3941334456979244
Optimal probabilities
[0.72200661 0.95       0.72212683]

real	0m7.939s
user	0m7.603s
sys	0m0.188s
instance 4
Computing answer sets
Answer set generation time: 1.2076547145843506 s
number of sums: 209
number of prods: 2520
Starting optimization
     fun: 3.2494927701193275
   maxcv: 9.542673318208017e-10
 message: 'Optimization terminated successfully.'
    nfev: 76
  status: 1
 success: True
       x: array([0.67481829, 0.95      , 0.67467448, 0.95      ])
Optimization time: 8.326208114624023 s
Target equation: 0.6999999990457328
Sum of optimizable facts = 3.2494927701193275
Optimal probabilities
[0.67481829 0.95       0.67467448 0.95      ]

real	0m10.679s
user	0m10.360s
sys	0m0.161s
instance 5
Computing answer sets
Answer set generation time: 1.1510260105133057 s
number of sums: 209
number of prods: 2520
Starting optimization
     fun: 4.176735211931701
   maxcv: 1.0828586916034055e-09
 message: 'Optimization terminated successfully.'
    nfev: 95
  status: 1
 success: True
       x: array([0.75885011, 0.95      , 0.75889162, 0.95      , 0.75899348])
Optimization time: 11.266013145446777 s
Target equation: 0.6999999989171418
Sum of optimizable facts = 4.176735211931701
Optimal probabilities
[0.75885011 0.95       0.75889162 0.95       0.75899348]

real	0m13.546s
user	0m13.210s
sys	0m0.192s
instance 6
Computing answer sets
Answer set generation time: 1.1771972179412842 s
number of sums: 209
number of prods: 2520
Starting optimization
     fun: 5.200476888658963
   maxcv: 9.024052616268818e-10
 message: 'Optimization terminated successfully.'
    nfev: 113
  status: 1
 success: True
       x: array([0.95      , 0.78340055, 0.95      , 0.78357626, 0.95      ,
       0.78350008])
Optimization time: 14.601994752883911 s
Target equation: 0.6999999990975946
Sum of optimizable facts = 5.200476888658963
Optimal probabilities
[0.95       0.78340055 0.95       0.78357626 0.95       0.78350008]

real	0m16.912s
user	0m16.588s
sys	0m0.173s
instance 7
Computing answer sets
Answer set generation time: 1.1242527961730957 s
number of sums: 209
number of prods: 2520
Starting optimization
     fun: 6.083985425308549
   maxcv: 1.1376992681277898e-09
 message: 'Optimization terminated successfully.'
    nfev: 130
  status: 1
 success: True
       x: array([0.9445838 , 0.95      , 0.94463345, 0.95      , 0.94476817,
       0.95      , 0.4       ])
Optimization time: 17.599629878997803 s
Target equation: 0.6999999988623004
Sum of optimizable facts = 6.083985425308549
Optimal probabilities
[0.9445838  0.95       0.94463345 0.95       0.94476817 0.95
 0.4       ]

real	0m19.868s
user	0m19.507s
sys	0m0.191s
instance 8
Computing answer sets
Answer set generation time: 1.1244046688079834 s
number of sums: 209
number of prods: 2520
Starting optimization
     fun: 7.101973335746921
   maxcv: 1.0268446093419925e-09
 message: 'Optimization terminated successfully.'
    nfev: 157
  status: 1
 success: True
       x: array([0.95      , 0.78408017, 0.95      , 0.78397942, 0.95      ,
       0.78391375, 0.95      , 0.95      ])
Optimization time: 22.48098635673523 s
Target equation: 0.6999999989731556
Sum of optimizable facts = 7.101973335746921
Optimal probabilities
[0.95       0.78408017 0.95       0.78397942 0.95       0.78391375
 0.95       0.95      ]

real	0m24.745s
user	0m24.383s
sys	0m0.198s
instance 9
Computing answer sets
Answer set generation time: 1.120723009109497 s
number of sums: 209
number of prods: 2520
Starting optimization
     fun: 7.847040914799036
   maxcv: 9.346481366634407e-10
 message: 'Optimization terminated successfully.'
    nfev: 188
  status: 1
 success: True
       x: array([0.71556341, 0.95      , 0.71568947, 0.95      , 0.71578803,
       0.95      , 0.95      , 0.95      , 0.95      ])
Optimization time: 28.395458936691284 s
Target equation: 0.699999999065351
Sum of optimizable facts = 7.847040914799036
Optimal probabilities
[0.71556341 0.95       0.71568947 0.95       0.71578803 0.95
 0.95       0.95       0.95      ]

real	0m30.653s
user	0m30.276s
sys	0m0.202s
instance 10
Computing answer sets
Answer set generation time: 1.1251473426818848 s
number of sums: 209
number of prods: 2520
Starting optimization
     fun: 8.707321042972287
   maxcv: 3.4601344012230584e-10
 message: 'Optimization terminated successfully.'
    nfev: 210
  status: 1
 success: True
       x: array([0.68576857, 0.95      , 0.68584479, 0.95      , 0.68570769,
       0.95      , 0.95      , 0.95      , 0.95      , 0.95      ])
Optimization time: 33.915579080581665 s
Target equation: 0.6999999996539874
Sum of optimizable facts = 8.707321042972287
Optimal probabilities
[0.68576857 0.95       0.68584479 0.95       0.68570769 0.95
 0.95       0.95       0.95       0.95      ]

real	0m36.192s
user	0m35.801s
sys	0m0.200s
instance 11
Computing answer sets
Answer set generation time: 1.1631624698638916 s
number of sums: 209
number of prods: 2520
Starting optimization
     fun: 7.6773531739243905
   maxcv: 6.5324206044437005e-09
 message: 'Optimization terminated successfully.'
    nfev: 150
  status: 1
 success: True
       x: array([0.4       , 0.95      , 0.4       , 0.95      , 0.4       ,
       0.95      , 0.93862817, 0.4       , 0.938725  , 0.4       ,
       0.95      ])
Optimization time: 26.627556085586548 s
Target equation: 0.6999999934675794
Sum of optimizable facts = 7.6773531739243905
Optimal probabilities
[0.4        0.95       0.4        0.95       0.4        0.95
 0.93862817 0.4        0.938725   0.4        0.95      ]

real	0m28.940s
user	0m28.560s
sys	0m0.196s
instance 12
Computing answer sets
Answer set generation time: 1.139657974243164 s
number of sums: 209
number of prods: 2520
Starting optimization
     fun: 8.077239017841022
   maxcv: 5.094177191189431e-09
 message: 'Optimization terminated successfully.'
    nfev: 157
  status: 1
 success: True
       x: array([0.4       , 0.95      , 0.4       , 0.95      , 0.4       ,
       0.95      , 0.93870167, 0.4       , 0.93853735, 0.4       ,
       0.95      , 0.4       ])
Optimization time: 29.9343044757843 s
Target equation: 0.6999999949058228
Sum of optimizable facts = 8.077239017841022
Optimal probabilities
[0.4        0.95       0.4        0.95       0.4        0.95
 0.93870167 0.4        0.93853735 0.4        0.95       0.4       ]

real	0m32.226s
user	0m31.856s
sys	0m0.182s
instance 13
Computing answer sets
Answer set generation time: 1.1209564208984375 s
number of sums: 209
number of prods: 2520
Starting optimization
     fun: 9.020980086520414
   maxcv: 6.321145051835231e-09
 message: 'Optimization terminated successfully.'
    nfev: 190
  status: 1
 success: True
       x: array([0.95      , 0.4       , 0.95      , 0.4       , 0.95      ,
       0.4       , 0.93556373, 0.4       , 0.93541635, 0.4       ,
       0.95      , 0.4       , 0.95      ])
Optimization time: 26.763140439987183 s
Target equation: 0.6999999936788545
Sum of optimizable facts = 9.020980086520414
Optimal probabilities
[0.95       0.4        0.95       0.4        0.95       0.4
 0.93556373 0.4        0.93541635 0.4        0.95       0.4
 0.95      ]

real	0m29.021s
user	0m28.689s
sys	0m0.158s
Ended at: 
Thu Dec  7 10:25:20 CET 2023
