Started at: 
Thu Dec  7 10:21:05 CET 2023
instance 2
Computing answer sets
Answer set generation time: 0.5365085601806641 s
number of sums: 209
number of prods: 2310
Starting optimization
     fun: 1.207252614872054
   maxcv: 0.0
 message: 'Optimization terminated successfully.'
    nfev: 14
  status: 1
 success: True
       x: array([0.40003207, 0.80722055])
Optimization time: 2.349454879760742 s
Target equation: 0.7000087543405523
Sum of optimizable facts = 1.207252614872054
Optimal probabilities
[0.40003207 0.80722055]

real	0m4.093s
user	0m3.834s
sys	0m0.157s
instance 3
Computing answer sets
Answer set generation time: 0.5547504425048828 s
number of sums: 209
number of prods: 2310
Starting optimization
     fun: 1.6647813562895215
   maxcv: 0.0
 message: 'Optimization terminated successfully.'
    nfev: 20
  status: 1
 success: True
       x: array([0.4       , 0.86478136, 0.4       ])
Optimization time: 3.226588726043701 s
Target equation: 0.7000150417764507
Sum of optimizable facts = 1.6647813562895215
Optimal probabilities
[0.4        0.86478136 0.4       ]

real	0m4.872s
user	0m4.597s
sys	0m0.171s
instance 4
Computing answer sets
Answer set generation time: 0.5442042350769043 s
number of sums: 209
number of prods: 2310
Starting optimization
     fun: 2.595286052821843
   maxcv: 7.037382898644751e-09
 message: 'Optimization terminated successfully.'
    nfev: 61
  status: 1
 success: True
       x: array([0.4       , 0.897746  , 0.4       , 0.89754005])
Optimization time: 6.922912120819092 s
Target equation: 0.6999999929626172
Sum of optimizable facts = 2.595286052821843
Optimal probabilities
[0.4        0.897746   0.4        0.89754005]

real	0m8.572s
user	0m8.282s
sys	0m0.169s
instance 5
Computing answer sets
Answer set generation time: 0.5387229919433594 s
number of sums: 209
number of prods: 2310
Starting optimization
     fun: 3.0199563954481277
   maxcv: 7.785808109339598e-09
 message: 'Optimization terminated successfully.'
    nfev: 68
  status: 1
 success: True
       x: array([0.4       , 0.90998608, 0.4       , 0.90997031, 0.4       ])
Optimization time: 8.58098554611206 s
Target equation: 0.699999992214192
Sum of optimizable facts = 3.0199563954481277
Optimal probabilities
[0.4        0.90998608 0.4        0.90997031 0.4       ]

real	0m10.225s
user	0m9.937s
sys	0m0.168s
instance 6
Computing answer sets
Answer set generation time: 0.5411677360534668 s
number of sums: 209
number of prods: 2310
Starting optimization
     fun: 3.9813728374953783
   maxcv: 7.340112961884415e-09
 message: 'Optimization terminated successfully.'
    nfev: 90
  status: 1
 success: True
       x: array([0.92709951, 0.4       , 0.92715815, 0.4       , 0.92711518,
       0.4       ])
Optimization time: 11.844007015228271 s
Target equation: 0.6999999926598865
Sum of optimizable facts = 3.9813728374953783
Optimal probabilities
[0.92709951 0.4        0.92715815 0.4        0.92711518 0.4       ]

real	0m13.483s
user	0m13.192s
sys	0m0.155s
instance 7
Computing answer sets
Answer set generation time: 0.5394933223724365 s
number of sums: 209
number of prods: 2310
Starting optimization
     fun: 4.436413877683957
   maxcv: 6.494486282093703e-09
 message: 'Optimization terminated successfully.'
    nfev: 108
  status: 1
 success: True
       x: array([0.4       , 0.94542716, 0.4       , 0.94549037, 0.4       ,
       0.94549635, 0.4       ])
Optimization time: 14.993790864944458 s
Target equation: 0.699999993505514
Sum of optimizable facts = 4.436413877683957
Optimal probabilities
[0.4        0.94542716 0.4        0.94549037 0.4        0.94549635
 0.4       ]

real	0m16.638s
user	0m16.326s
sys	0m0.173s
instance 8
Computing answer sets
Answer set generation time: 0.5478270053863525 s
number of sums: 209
number of prods: 2310
Starting optimization
     fun: 5.59408074075345
   maxcv: 0.0
 message: 'Optimization terminated successfully.'
    nfev: 72
  status: 1
 success: True
       x: array([0.4       , 0.95      , 0.4       , 0.95      , 0.4       ,
       0.95      , 0.95      , 0.59408074])
Optimization time: 11.541347742080688 s
Target equation: 0.7000000223016647
Sum of optimizable facts = 5.59408074075345
Optimal probabilities
[0.4        0.95       0.4        0.95       0.4        0.95
 0.95       0.59408074]

real	0m13.203s
user	0m12.909s
sys	0m0.150s
instance 9
Computing answer sets
Answer set generation time: 0.5303299427032471 s
number of sums: 209
number of prods: 2310
Starting optimization
     fun: 6.2959140700374165
   maxcv: 1.2914284086562589e-09
 message: 'Optimization terminated successfully.'
    nfev: 167
  status: 1
 success: True
       x: array([0.4       , 0.95      , 0.4       , 0.95      , 0.4       ,
       0.95      , 0.64803005, 0.95      , 0.64788402])
Optimization time: 24.79407262802124 s
Target equation: 0.6999999987085693
Sum of optimizable facts = 6.2959140700374165
Optimal probabilities
[0.4        0.95       0.4        0.95       0.4        0.95
 0.64803005 0.95       0.64788402]

real	0m26.412s
user	0m26.132s
sys	0m0.133s
instance 10
Computing answer sets
Answer set generation time: 0.5354013442993164 s
number of sums: 209
number of prods: 2310
Starting optimization
     fun: 6.731254416301728
   maxcv: 6.5100231871895176e-09
 message: 'Optimization terminated successfully.'
    nfev: 132
  status: 1
 success: True
       x: array([0.95      , 0.4       , 0.95      , 0.4       , 0.95      ,
       0.4       , 0.4       , 0.94056229, 0.4       , 0.94069213])
Optimization time: 21.908812046051025 s
Target equation: 0.6999999934899757
Sum of optimizable facts = 6.731254416301728
Optimal probabilities
[0.95       0.4        0.95       0.4        0.95       0.4
 0.4        0.94056229 0.4        0.94069213]

real	0m23.538s
user	0m23.218s
sys	0m0.164s
instance 11
Computing answer sets
Answer set generation time: 0.5088427066802979 s
number of sums: 209
number of prods: 2310
Starting optimization
     fun: 7.1311400998270535
   maxcv: 6.510784245072898e-09
 message: 'Optimization terminated successfully.'
    nfev: 156
  status: 1
 success: True
       x: array([0.4       , 0.95      , 0.4       , 0.95      , 0.4       ,
       0.95      , 0.4       , 0.94063225, 0.4       , 0.94050785,
       0.4       ])
Optimization time: 27.358891010284424 s
Target equation: 0.6999999934892158
Sum of optimizable facts = 7.1311400998270535
Optimal probabilities
[0.4        0.95       0.4        0.95       0.4        0.95
 0.4        0.94063225 0.4        0.94050785 0.4       ]

real	0m28.949s
user	0m28.622s
sys	0m0.160s
instance 12
Computing answer sets
Answer set generation time: 0.5161714553833008 s
number of sums: 209
number of prods: 2310
Starting optimization
     fun: 8.013130689681683
   maxcv: 6.914936623303447e-09
 message: 'Optimization terminated successfully.'
    nfev: 193
  status: 1
 success: True
       x: array([0.4       , 0.95      , 0.4       , 0.95      , 0.4       ,
       0.95      , 0.90656986, 0.4       , 0.90656083, 0.4       ,
       0.4       , 0.95      ])
Optimization time: 23.698925018310547 s
Target equation: 0.6999999930850641
Sum of optimizable facts = 8.013130689681683
Optimal probabilities
[0.4        0.95       0.4        0.95       0.4        0.95
 0.90656986 0.4        0.90656083 0.4        0.4        0.95      ]

real	0m25.295s
user	0m24.983s
sys	0m0.154s
Ended at: 
Thu Dec  7 10:24:00 CET 2023
