Started at: 
Thu Dec  7 10:21:05 CET 2023
instance 2
Computing answer sets
Answer set generation time: 2.4093594551086426 s
number of sums: 419
number of prods: 5460
Starting optimization
     fun: 1.336666326294973
   maxcv: 0.0
 message: 'Optimization terminated successfully.'
    nfev: 15
  status: 1
 success: True
       x: array([0.4       , 0.93666633])
Optimization time: 4.748147010803223 s
Target equation: 0.7000050817592989
Sum of optimizable facts = 1.336666326294973
Optimal probabilities
[0.4        0.93666633]

real	0m8.395s
user	0m8.102s
sys	0m0.179s
instance 3
Computing answer sets
Answer set generation time: 2.344043254852295 s
number of sums: 419
number of prods: 5460
Starting optimization
     fun: 1.9822415883376492
   maxcv: 1.1186314097244576e-09
 message: 'Optimization terminated successfully.'
    nfev: 55
  status: 1
 success: True
       x: array([0.51615984, 0.95      , 0.51608175])
Optimization time: 10.93110966682434 s
Target equation: 0.6999999988813688
Sum of optimizable facts = 1.9822415883376492
Optimal probabilities
[0.51615984 0.95       0.51608175]

real	0m14.432s
user	0m14.096s
sys	0m0.196s
instance 4
Computing answer sets
Answer set generation time: 2.342670202255249 s
number of sums: 419
number of prods: 5460
Starting optimization
     fun: 2.720168086084297
   maxcv: 9.932757949471238e-10
 message: 'Optimization terminated successfully.'
    nfev: 60
  status: 1
 success: True
       x: array([0.41007807, 0.95      , 0.41009002, 0.95      ])
Optimization time: 15.760349750518799 s
Target equation: 0.6999999990067246
Sum of optimizable facts = 2.720168086084297
Optimal probabilities
[0.41007807 0.95       0.41009002 0.95      ]

real	0m19.258s
user	0m18.919s
sys	0m0.184s
instance 5
Computing answer sets
Answer set generation time: 2.545506477355957 s
number of sums: 419
number of prods: 5460
Starting optimization
     fun: 3.5321483246584373
   maxcv: 9.684820723165899e-10
 message: 'Optimization terminated successfully.'
    nfev: 110
  status: 1
 success: True
       x: array([0.54402689, 0.95      , 0.54415315, 0.95      , 0.54396828])
Optimization time: 27.293842554092407 s
Target equation: 0.6999999990315179
Sum of optimizable facts = 3.5321483246584373
Optimal probabilities
[0.54402689 0.95       0.54415315 0.95       0.54396828]

real	0m30.980s
user	0m30.616s
sys	0m0.182s
instance 6
Computing answer sets
Answer set generation time: 2.383528232574463 s
number of sums: 419
number of prods: 5460
Starting optimization
     fun: 4.679377116354536
   maxcv: 8.112859273268214e-10
 message: 'Optimization terminated successfully.'
    nfev: 119
  status: 1
 success: True
       x: array([0.95      , 0.60991789, 0.95      , 0.60973803, 0.95      ,
       0.6097212 ])
Optimization time: 31.885334730148315 s
Target equation: 0.6999999991887136
Sum of optimizable facts = 4.679377116354536
Optimal probabilities
[0.95       0.60991789 0.95       0.60973803 0.95       0.6097212 ]

real	0m35.395s
user	0m35.024s
sys	0m0.207s
instance 7
Computing answer sets
Answer set generation time: 2.349788188934326 s
number of sums: 419
number of prods: 5460
Starting optimization
     fun: 5.4852333016578205
   maxcv: 6.452125500544525e-10
 message: 'Optimization terminated successfully.'
    nfev: 126
  status: 1
 success: True
       x: array([0.95      , 0.56165782, 0.95      , 0.5617814 , 0.95      ,
       0.56179409, 0.95      ])
Optimization time: 36.30384016036987 s
Target equation: 0.6999999993547869
Sum of optimizable facts = 5.4852333016578205
Optimal probabilities
[0.95       0.56165782 0.95       0.5617814  0.95       0.56179409
 0.95      ]

real	0m39.820s
user	0m39.432s
sys	0m0.192s
instance 8
Computing answer sets
Answer set generation time: 2.477494955062866 s
number of sums: 419
number of prods: 5460
Starting optimization
     fun: 6.5817492093496295
   maxcv: 6.934405272218669e-10
 message: 'Optimization terminated successfully.'
    nfev: 299
  status: 1
 success: True
       x: array([0.95      , 0.61059576, 0.95      , 0.61059436, 0.95      ,
       0.61055909, 0.95      , 0.95      ])
Optimization time: 83.03677678108215 s
Target equation: 0.6999999993065614
Sum of optimizable facts = 6.5817492093496295
Optimal probabilities
[0.95       0.61059576 0.95       0.61059436 0.95       0.61055909
 0.95       0.95      ]

real	1m26.653s
user	1m26.209s
sys	0m0.210s
instance 9
Computing answer sets
Answer set generation time: 2.414841890335083 s
number of sums: 419
number of prods: 5460
Starting optimization
     fun: 7.681819074123595
   maxcv: 1.3285597066925448e-09
 message: 'Optimization terminated successfully.'
    nfev: 118
  status: 1
 success: True
       x: array([0.95      , 0.95      , 0.95      , 0.95      , 0.95      ,
       0.95      , 0.5159543 , 0.95      , 0.51586478])
Optimization time: 39.319703578948975 s
Target equation: 0.6999999986714407
Sum of optimizable facts = 7.681819074123595
Optimal probabilities
[0.95       0.95       0.95       0.95       0.95       0.95
 0.5159543  0.95       0.51586478]

real	0m42.857s
user	0m42.500s
sys	0m0.192s
instance 10
Computing answer sets
Answer set generation time: 2.3504719734191895 s
number of sums: 419
number of prods: 5460
Starting optimization
     fun: 8.0144885140623
   maxcv: 1.140070926552994e-09
 message: 'Optimization terminated successfully.'
    nfev: 174
  status: 1
 success: True
       x: array([0.95      , 0.82156922, 0.95      , 0.82140728, 0.95      ,
       0.82151202, 0.95      , 0.4       , 0.95      , 0.4       ])
Optimization time: 57.65334153175354 s
Target equation: 0.69999999885993
Sum of optimizable facts = 8.0144885140623
Optimal probabilities
[0.95       0.82156922 0.95       0.82140728 0.95       0.82151202
 0.95       0.4        0.95       0.4       ]

real	1m1.127s
user	1m0.716s
sys	0m0.195s
instance 11
Computing answer sets
Answer set generation time: 2.3188071250915527 s
number of sums: 419
number of prods: 5460
Starting optimization
     fun: 8.413515213830077
   maxcv: 1.2033360974328389e-09
 message: 'Optimization terminated successfully.'
    nfev: 225
  status: 1
 success: True
       x: array([0.95      , 0.82110091, 0.95      , 0.82127209, 0.95      ,
       0.82114221, 0.95      , 0.4       , 0.95      , 0.4       ,
       0.4       ])
Optimization time: 79.435382604599 s
Target equation: 0.699999998796664
Sum of optimizable facts = 8.413515213830077
Optimal probabilities
[0.95       0.82110091 0.95       0.82127209 0.95       0.82114221
 0.95       0.4        0.95       0.4        0.4       ]

real	1m22.864s
user	1m22.425s
sys	0m0.218s
instance 12
Computing answer sets
Answer set generation time: 2.2116410732269287 s
number of sums: 419
number of prods: 5460
Starting optimization
     fun: 8.439459072592038
   maxcv: 7.303471161179687e-10
 message: 'Optimization terminated successfully.'
    nfev: 198
  status: 1
 success: True
       x: array([0.4       , 0.95      , 0.4       , 0.95      , 0.4       ,
       0.95      , 0.95      , 0.56982192, 0.95      , 0.56963716,
       0.4       , 0.95      ])
Optimization time: 72.5785071849823 s
Target equation: 0.6999999992696521
Sum of optimizable facts = 8.439459072592038
Optimal probabilities
[0.4        0.95       0.4        0.95       0.4        0.95
 0.95       0.56982192 0.95       0.56963716 0.4        0.95      ]

real	1m16.088s
user	1m15.475s
sys	0m0.241s
instance 13
Computing answer sets
Answer set generation time: 2.22925066947937 s
number of sums: 419
number of prods: 5460
Starting optimization
     fun: 8.837776145458564
   maxcv: 7.298770476893424e-10
 message: 'Optimization terminated successfully.'
    nfev: 203
  status: 1
 success: True
       x: array([0.95      , 0.4       , 0.95      , 0.4       , 0.95      ,
       0.4       , 0.56894717, 0.95      , 0.56882898, 0.95      ,
       0.4       , 0.95      , 0.4       ])
Optimization time: 79.27150106430054 s
Target equation: 0.6999999992701248
Sum of optimizable facts = 8.837776145458564
Optimal probabilities
[0.95       0.4        0.95       0.4        0.95       0.4
 0.56894717 0.95       0.56882898 0.95       0.4        0.95
 0.4       ]

real	1m22.609s
user	1m22.193s
sys	0m0.205s
instance 14
Computing answer sets
Answer set generation time: 2.236520767211914 s
number of sums: 419
number of prods: 5460
Starting optimization
     fun: 9.420980082103346
   maxcv: 6.569462307481899e-09
 message: 'Optimization terminated successfully.'
    nfev: 234
  status: 1
 success: True
       x: array([0.4       , 0.95      , 0.4       , 0.95      , 0.4       ,
       0.95      , 0.4       , 0.93553098, 0.4       , 0.9354491 ,
       0.4       , 0.95      , 0.4       , 0.95      ])
Optimization time: 64.84401249885559 s
Target equation: 0.6999999934305374
Sum of optimizable facts = 9.420980082103346
Optimal probabilities
[0.4        0.95       0.4        0.95       0.4        0.95
 0.4        0.93553098 0.4        0.9354491  0.4        0.95
 0.4        0.95      ]

real	1m8.378s
user	1m7.753s
sys	0m0.216s
Ended at: 
Thu Dec  7 10:31:54 CET 2023
