Started at: 
Mon Dec 11 08:15:13 CET 2023
instance 2
Computing answer sets
Answer set generation time: 0.03580141067504883 s
number of sums: 29
number of prods: 210
Starting optimization
     fun: 1.0756955859301143
     jac: array([1., 1.])
 message: 'Optimization terminated successfully'
    nfev: 3
     nit: 3
    njev: 3
  status: 0
 success: True
       x: array([0.50784779, 0.56784779])
Optimization time: 0.3021509647369385 s
Target equation: 0.6999998986198543
Sum of optimizable facts = 1.0756955859301143
Optimal probabilities
[0.50784779 0.56784779]

real	0m1.853s
user	0m1.384s
sys	0m0.185s
instance 3
Computing answer sets
Answer set generation time: 0.029726028442382812 s
number of sums: 29
number of prods: 210
Starting optimization
     fun: 1.7780076703045666
     jac: array([1., 1., 1.])
 message: 'Optimization terminated successfully'
    nfev: 4
     nit: 4
    njev: 4
  status: 0
 success: True
       x: array([0.57266922, 0.63266922, 0.57266922])
Optimization time: 0.5998404026031494 s
Target equation: 0.6999999999023431
Sum of optimizable facts = 1.7780076703045666
Optimal probabilities
[0.57266922 0.63266922 0.57266922]

real	0m1.673s
user	0m1.452s
sys	0m0.136s
instance 4
Computing answer sets
Answer set generation time: 0.0294034481048584 s
number of sums: 29
number of prods: 210
Starting optimization
     fun: 2.746063407463569
     jac: array([1., 1., 1., 1.])
 message: 'Optimization terminated successfully'
    nfev: 6
     nit: 6
    njev: 6
  status: 0
 success: True
       x: array([0.65651585, 0.71651585, 0.65651585, 0.71651585])
Optimization time: 1.5935637950897217 s
Target equation: 0.6999999999998253
Sum of optimizable facts = 2.746063407463569
Optimal probabilities
[0.65651585 0.71651585 0.65651585 0.71651585]

real	0m2.651s
user	0m2.417s
sys	0m0.148s
instance 5
Computing answer sets
Answer set generation time: 0.029847383499145508 s
number of sums: 29
number of prods: 210
Starting optimization
     fun: 3.606004294759746
     jac: array([1., 1., 1., 1., 1.])
 message: 'Optimization terminated successfully'
    nfev: 4
     nit: 4
    njev: 4
  status: 0
 success: True
       x: array([0.69720086, 0.75720086, 0.69720086, 0.75720086, 0.69720086])
Optimization time: 2.4807448387145996 s
Target equation: 0.699999919546629
Sum of optimizable facts = 3.606004294759746
Optimal probabilities
[0.69720086 0.75720086 0.69720086 0.75720086 0.69720086]

real	0m3.557s
user	0m3.341s
sys	0m0.135s
instance 6
Computing answer sets
Answer set generation time: 0.028929948806762695 s
number of sums: 29
number of prods: 210
Starting optimization
     fun: 4.6169437625435625
     jac: array([1., 1., 1., 1., 1., 1.])
 message: 'Optimization terminated successfully'
    nfev: 5
     nit: 5
    njev: 5
  status: 0
 success: True
       x: array([0.76949063, 0.76949063, 0.76949063, 0.76949063, 0.76949063,
       0.76949063])
Optimization time: 5.2002551555633545 s
Target equation: 0.699999999565058
Sum of optimizable facts = 4.6169437625435625
Optimal probabilities
[0.76949063 0.76949063 0.76949063 0.76949063 0.76949063 0.76949063]

real	0m6.292s
user	0m6.034s
sys	0m0.155s
instance 7
Computing answer sets
Answer set generation time: 0.027536630630493164 s
number of sums: 29
number of prods: 210
Starting optimization
     fun: 5.326179706151749
     jac: array([1., 1., 1., 1., 1., 1., 1.])
 message: 'Optimization terminated successfully'
    nfev: 5
     nit: 5
    njev: 5
  status: 0
 success: True
       x: array([0.76945424, 0.76945424, 0.76945424, 0.76945424, 0.76945424,
       0.76945424, 0.70945424])
Optimization time: 15.043203115463257 s
Target equation: 0.6999999995686841
Sum of optimizable facts = 5.326179706151749
Optimal probabilities
[0.76945424 0.76945424 0.76945424 0.76945424 0.76945424 0.76945424
 0.70945424]

real	0m16.055s
user	0m15.766s
sys	0m0.178s
instance 8
Computing answer sets
Answer set generation time: 0.026894330978393555 s
number of sums: 29
number of prods: 210
Starting optimization
     fun: 6.610358906534962
     jac: array([1., 1., 1., 1., 1., 1., 1., 1.])
 message: 'Optimization terminated successfully'
    nfev: 17
     nit: 12
    njev: 11
  status: 0
 success: True
       x: array([0.81879486, 0.81879486, 0.81879486, 0.81879486, 0.81879486,
       0.81879486, 0.81879486, 0.87879486])
Optimization time: 41.716031312942505 s
Target equation: 0.6999999970282823
Sum of optimizable facts = 6.610358906534962
Optimal probabilities
[0.81879486 0.81879486 0.81879486 0.81879486 0.81879486 0.81879486
 0.81879486 0.87879486]

real	0m42.732s
user	0m42.369s
sys	0m0.183s
Ended at: 
Mon Dec 11 08:16:28 CET 2023
