Started at: 
Thu Dec  7 10:21:05 CET 2023
instance 2
Computing answer sets
Answer set generation time: 2.373091697692871 s
number of sums: 419
number of prods: 5460
Starting optimization
     fun: 1.3366558492875573
     jac: array([1., 1.])
 message: 'Optimization terminated successfully'
    nfev: 5
     nit: 5
    njev: 5
  status: 0
 success: True
       x: array([0.4       , 0.93665585])
Optimization time: 10.645447254180908 s
Target equation: 0.7000000000000514
Sum of optimizable facts = 1.3366558492875573
Optimal probabilities
[0.4        0.93665585]

real	0m14.309s
user	0m13.993s
sys	0m0.201s
instance 3
Computing answer sets
Answer set generation time: 2.530075788497925 s
number of sums: 419
number of prods: 5460
Starting optimization
     fun: 1.9822416408466517
     jac: array([1., 1., 1.])
 message: 'Optimization terminated successfully'
    nfev: 4
     nit: 4
    njev: 4
  status: 0
 success: True
       x: array([0.51612082, 0.95      , 0.51612082])
Optimization time: 17.230950117111206 s
Target equation: 0.7000000020639316
Sum of optimizable facts = 1.9822416408466517
Optimal probabilities
[0.51612082 0.95       0.51612082]

real	0m20.973s
user	0m20.609s
sys	0m0.202s
instance 4
Computing answer sets
Answer set generation time: 2.412393808364868 s
number of sums: 419
number of prods: 5460
Starting optimization
     fun: 2.7201681103688715
     jac: array([1., 1., 1., 1.])
 message: 'Optimization terminated successfully'
    nfev: 12
     nit: 12
    njev: 11
  status: 0
 success: True
       x: array([0.41008406, 0.95      , 0.41008406, 0.95      ])
Optimization time: 83.14518713951111 s
Target equation: 0.6999999999996864
Sum of optimizable facts = 2.7201681103688715
Optimal probabilities
[0.41008406 0.95       0.41008406 0.95      ]

real	1m26.902s
user	1m26.388s
sys	0m0.301s
instance 5
Computing answer sets
Answer set generation time: 2.3268418312072754 s
number of sums: 419
number of prods: 5460
Starting optimization
     fun: 3.532148361352731
     jac: array([1., 1., 1., 1., 1.])
 message: 'Optimization terminated successfully'
    nfev: 23
     nit: 15
    njev: 13
  status: 0
 success: True
       x: array([0.54404945, 0.95      , 0.54404945, 0.95      , 0.54404945])
Optimization time: 173.80450105667114 s
Target equation: 0.7000000006555577
Sum of optimizable facts = 3.532148361352731
Optimal probabilities
[0.54404945 0.95       0.54404945 0.95       0.54404945]

real	2m57.708s
user	2m56.965s
sys	0m0.306s
instance 6
Computing answer sets
Answer set generation time: 2.3363194465637207 s
number of sums: 419
number of prods: 5460
Starting optimization
     fun: 5.244734832498091
     jac: array([1., 1., 1., 1., 1., 1.])
 message: 'Optimization terminated successfully'
    nfev: 13
     nit: 10
    njev: 10
  status: 0
 success: True
       x: array([0.87412007, 0.87412488, 0.87412007, 0.87412488, 0.87412007,
       0.87412488])
Optimization time: 186.23166847229004 s
Target equation: 0.6999999993441389
Sum of optimizable facts = 5.244734832498091
Optimal probabilities
[0.87412007 0.87412488 0.87412007 0.87412488 0.87412007 0.87412488]

real	3m9.974s
user	3m9.419s
sys	0m0.286s
instance 7
Computing answer sets
Answer set generation time: 2.223919153213501 s
number of sums: 419
number of prods: 5460
Starting optimization
     fun: 5.860281735008547
     jac: array([1., 1., 1., 1., 1., 1., 1.])
 message: 'Optimization terminated successfully'
    nfev: 16
     nit: 12
    njev: 12
  status: 0
 success: True
       x: array([0.90999914, 0.91009478, 0.90999914, 0.91009478, 0.90999914,
       0.91009478, 0.4       ])
Optimization time: 306.4995629787445 s
Target equation: 0.6999998786043787
Sum of optimizable facts = 5.860281735008547
Optimal probabilities
[0.90999914 0.91009478 0.90999914 0.91009478 0.90999914 0.91009478
 0.4       ]

real	5m10.368s
user	5m9.539s
sys	0m0.344s
instance 8
Computing answer sets
Answer set generation time: 2.1550190448760986 s
number of sums: 419
number of prods: 5460
Starting optimization
     fun: 6.581749301133774
     jac: array([1., 1., 1., 1., 1., 1., 1., 1.])
 message: 'Optimization terminated successfully'
    nfev: 25
     nit: 21
    njev: 20
  status: 0
 success: True
       x: array([0.95     , 0.6105831, 0.95     , 0.6105831, 0.95     , 0.6105831,
       0.95     , 0.95     ])
Optimization time: 675.5353837013245 s
Target equation: 0.7000000031700796
Sum of optimizable facts = 6.581749301133774
Optimal probabilities
[0.95      0.6105831 0.95      0.6105831 0.95      0.6105831 0.95
 0.95     ]

real	11m19.521s
user	11m18.458s
sys	0m0.453s
instance 9
Computing answer sets
Answer set generation time: 2.3138811588287354 s
number of sums: 419
number of prods: 5460
Starting optimization
     fun: 6.899999999369998
     jac: array([1., 1., 1., 1., 1., 1., 1., 1., 1.])
 message: 'Inequality constraints incompatible'
    nfev: 114
     nit: 28
    njev: 28
  status: 4
 success: False
       x: array([0.4 , 0.95, 0.4 , 0.95, 0.4 , 0.95, 0.95, 0.95, 0.95])
Optimization time: 1284.0718531608582 s
Target equation: 0.6939639328316614
[93mWarning: Unable to solve the optimization problem.[0m

real	21m28.455s
user	21m27.072s
sys	0m0.566s
instance 10
Computing answer sets
Answer set generation time: 2.1493663787841797 s
number of sums: 419
number of prods: 5460
Starting optimization
     fun: 8.820729601970724
     jac: array([1., 1., 1., 1., 1., 1., 1., 1., 1., 1.])
 message: 'Optimization terminated successfully'
    nfev: 18
     nit: 12
    njev: 12
  status: 0
 success: True
       x: array([0.89746504, 0.89746494, 0.89746504, 0.89746494, 0.89746504,
       0.89746494, 0.85898492, 0.85898492, 0.85898492, 0.85898492])
Optimization time: 717.1379482746124 s
Target equation: 0.699999957264295
Sum of optimizable facts = 8.820729601970724
Optimal probabilities
[0.89746504 0.89746494 0.89746504 0.89746494 0.89746504 0.89746494
 0.85898492 0.85898492 0.85898492 0.85898492]

real	12m1.276s
user	12m0.203s
sys	0m0.436s
instance 11
Computing answer sets
Answer set generation time: 2.1957285404205322 s
number of sums: 419
number of prods: 5460
Starting optimization
     fun: 9.220316088691664
     jac: array([1., 1., 1., 1., 1., 1., 1., 1., 1., 1., 1.])
 message: 'Optimization terminated successfully'
    nfev: 18
     nit: 12
    njev: 12
  status: 0
 success: True
       x: array([0.89742749, 0.89742727, 0.89742749, 0.89742727, 0.89742749,
       0.89742727, 0.85893795, 0.85893795, 0.85893795, 0.85893795,
       0.4       ])
Optimization time: 888.3219878673553 s
Target equation: 0.6999999606190637
Sum of optimizable facts = 9.220316088691664
Optimal probabilities
[0.89742749 0.89742727 0.89742749 0.89742727 0.89742749 0.89742727
 0.85893795 0.85893795 0.85893795 0.85893795 0.4       ]

real	14m52.295s
user	14m51.279s
sys	0m0.435s
instance 12
Computing answer sets
Answer set generation time: 1.933964490890503 s
number of sums: 419
number of prods: 5460
Starting optimization
     fun: 8.439459075251047
     jac: array([1., 1., 1., 1., 1., 1., 1., 1., 1., 1., 1., 1.])
 message: 'Optimization terminated successfully'
    nfev: 29
     nit: 23
    njev: 22
  status: 0
 success: True
       x: array([0.4       , 0.95      , 0.4       , 0.95      , 0.4       ,
       0.95      , 0.56972954, 0.95      , 0.56972954, 0.95      ,
       0.4       , 0.95      ])
Optimization time: 1897.6033189296722 s
Target equation: 0.700000000003843
Sum of optimizable facts = 8.439459075251047
Optimal probabilities
[0.4        0.95       0.4        0.95       0.4        0.95
 0.56972954 0.95       0.56972954 0.95       0.4        0.95      ]

real	31m41.991s
user	31m40.054s
sys	0m0.706s
instance 13
Computing answer sets
Answer set generation time: 1.9926502704620361 s
number of sums: 419
number of prods: 5460
Starting optimization
     fun: 8.837775965324498
     jac: array([1., 1., 1., 1., 1., 1., 1., 1., 1., 1., 1., 1., 1.])
 message: 'Optimization terminated successfully'
    nfev: 41
     nit: 24
    njev: 23
  status: 0
 success: True
       x: array([0.4       , 0.95      , 0.4       , 0.95      , 0.4       ,
       0.95      , 0.95      , 0.56888798, 0.95      , 0.56888798,
       0.4       , 0.95      , 0.4       ])
Optimization time: 2423.4115903377533 s
Target equation: 0.6999999918743417
Sum of optimizable facts = 8.837775965324498
Optimal probabilities
[0.4        0.95       0.4        0.95       0.4        0.95
 0.95       0.56888798 0.95       0.56888798 0.4        0.95
 0.4       ]

real	40m28.113s
user	40m24.729s
sys	0m1.105s
instance 14
Computing answer sets
Answer set generation time: 1.9286530017852783 s
number of sums: 419
number of prods: 5460
Starting optimization
     fun: 9.420980091002447
     jac: array([1., 1., 1., 1., 1., 1., 1., 1., 1., 1., 1., 1., 1., 1.])
 message: 'Optimization terminated successfully'
    nfev: 30
     nit: 23
    njev: 22
  status: 0
 success: True
       x: array([0.95      , 0.4       , 0.95      , 0.4       , 0.95      ,
       0.4       , 0.4       , 0.93549005, 0.4       , 0.93549005,
       0.4       , 0.95      , 0.4       , 0.95      ])
Optimization time: 2751.5054898262024 s
Target equation: 0.700000000000089
Sum of optimizable facts = 9.420980091002447
Optimal probabilities
[0.95       0.4        0.95       0.4        0.95       0.4
 0.4        0.93549005 0.4        0.93549005 0.4        0.95
 0.4        0.95      ]

real	45m56.199s
user	45m52.919s
sys	0m0.965s
Ended at: 
Thu Dec  7 13:32:14 CET 2023
