Started at: 
Thu Dec  7 10:21:06 CET 2023
instance 2
Computing answer sets
Answer set generation time: 0.13262629508972168 s
number of sums: 104
number of prods: 945
Starting optimization
     fun: 1.1213730289163983
     jac: array([1., 1.])
 message: 'Optimization terminated successfully'
    nfev: 4
     nit: 4
    njev: 4
  status: 0
 success: True
       x: array([0.53068651, 0.59068651])
Optimization time: 2.6661391258239746 s
Target equation: 0.6999999999934439
Sum of optimizable facts = 1.1213730289163983
Optimal probabilities
[0.53068651 0.59068651]

real	0m4.015s
user	0m3.731s
sys	0m0.173s
instance 3
Computing answer sets
Answer set generation time: 0.12570595741271973 s
number of sums: 104
number of prods: 945
Starting optimization
     fun: 1.8356774078666298
     jac: array([1., 1., 1.])
 message: 'Optimization terminated successfully'
    nfev: 4
     nit: 4
    njev: 4
  status: 0
 success: True
       x: array([0.59189247, 0.65189247, 0.59189247])
Optimization time: 4.557519197463989 s
Target equation: 0.6999999994962757
Sum of optimizable facts = 1.8356774078666298
Optimal probabilities
[0.59189247 0.65189247 0.59189247]

real	0m5.800s
user	0m5.554s
sys	0m0.132s
instance 4
Computing answer sets
Answer set generation time: 0.12514686584472656 s
number of sums: 104
number of prods: 945
Starting optimization
     fun: 2.8038500045807373
     jac: array([1., 1., 1., 1.])
 message: 'Optimization terminated successfully'
    nfev: 6
     nit: 6
    njev: 6
  status: 0
 success: True
       x: array([0.6709625, 0.7309625, 0.6709625, 0.7309625])
Optimization time: 12.376020193099976 s
Target equation: 0.6999999999992559
Sum of optimizable facts = 2.8038500045807373
Optimal probabilities
[0.6709625 0.7309625 0.6709625 0.7309625]

real	0m13.646s
user	0m13.341s
sys	0m0.186s
instance 5
Computing answer sets
Answer set generation time: 0.1353895664215088 s
number of sums: 104
number of prods: 945
Starting optimization
     fun: 3.6704417691442197
     jac: array([1., 1., 1., 1., 1.])
 message: 'Optimization terminated successfully'
    nfev: 5
     nit: 4
    njev: 4
  status: 0
 success: True
       x: array([0.71008835, 0.77008835, 0.71008835, 0.77008835, 0.71008835])
Optimization time: 14.124227046966553 s
Target equation: 0.6999999999999892
Sum of optimizable facts = 3.6704417691442197
Optimal probabilities
[0.71008835 0.77008835 0.71008835 0.77008835 0.71008835]

real	0m15.384s
user	0m15.082s
sys	0m0.184s
instance 6
Computing answer sets
Answer set generation time: 0.1254115104675293 s
number of sums: 104
number of prods: 945
Starting optimization
     fun: 4.681541377695418
     jac: array([1., 1., 1., 1., 1., 1.])
 message: 'Optimization terminated successfully'
    nfev: 5
     nit: 5
    njev: 5
  status: 0
 success: True
       x: array([0.7802569, 0.7802569, 0.7802569, 0.7802569, 0.7802569, 0.7802569])
Optimization time: 26.706530809402466 s
Target equation: 0.6999999957420348
Sum of optimizable facts = 4.681541377695418
Optimal probabilities
[0.7802569 0.7802569 0.7802569 0.7802569 0.7802569 0.7802569]

real	0m27.993s
user	0m27.676s
sys	0m0.166s
instance 7
Computing answer sets
Answer set generation time: 0.12349677085876465 s
number of sums: 104
number of prods: 945
Starting optimization
     fun: 5.446836684247383
     jac: array([1., 1., 1., 1., 1., 1., 1.])
 message: 'Optimization terminated successfully'
    nfev: 5
     nit: 5
    njev: 5
  status: 0
 success: True
       x: array([0.78669095, 0.78669095, 0.78669095, 0.78669095, 0.78669095,
       0.78669095, 0.72669095])
Optimization time: 37.21719813346863 s
Target equation: 0.699999992220833
Sum of optimizable facts = 5.446836684247383
Optimal probabilities
[0.78669095 0.78669095 0.78669095 0.78669095 0.78669095 0.78669095
 0.72669095]

real	0m38.466s
user	0m38.135s
sys	0m0.180s
instance 8
Computing answer sets
Answer set generation time: 0.11127209663391113 s
number of sums: 104
number of prods: 945
Starting optimization
     fun: 6.430833057087792
     jac: array([1., 1., 1., 1., 1., 1., 1., 1.])
 message: 'Optimization terminated successfully'
    nfev: 5
     nit: 5
    njev: 5
  status: 0
 success: True
       x: array([0.81885413, 0.81885413, 0.81885413, 0.81885413, 0.81885413,
       0.81885413, 0.75885413, 0.75885413])
Optimization time: 46.31736946105957 s
Target equation: 0.6999999999846779
Sum of optimizable facts = 6.430833057087792
Optimal probabilities
[0.81885413 0.81885413 0.81885413 0.81885413 0.81885413 0.81885413
 0.75885413 0.75885413]

real	0m47.481s
user	0m47.133s
sys	0m0.192s
instance 9
Computing answer sets
Answer set generation time: 0.10404396057128906 s
number of sums: 104
number of prods: 945
Starting optimization
     fun: 7.24407065663494
     jac: array([1., 1., 1., 1., 1., 1., 1., 1., 1.])
 message: 'Optimization terminated successfully'
    nfev: 9
     nit: 7
    njev: 7
  status: 0
 success: True
       x: array([0.81823007, 0.81823007, 0.81823007, 0.81823007, 0.81823007,
       0.81823007, 0.75823007, 0.81823007, 0.75823007])
Optimization time: 86.08517146110535 s
Target equation: 0.6999999509083288
Sum of optimizable facts = 7.24407065663494
Optimal probabilities
[0.81823007 0.81823007 0.81823007 0.81823007 0.81823007 0.81823007
 0.75823007 0.81823007 0.75823007]

real	1m27.206s
user	1m26.848s
sys	0m0.186s
instance 10
Computing answer sets
Answer set generation time: 0.10461211204528809 s
number of sums: 104
number of prods: 945
Starting optimization
     fun: 8.13449138065799
     jac: array([1., 1., 1., 1., 1., 1., 1., 1., 1., 1.])
 message: 'Optimization terminated successfully'
    nfev: 15
     nit: 11
    njev: 11
  status: 0
 success: True
       x: array([0.83342149, 0.83342149, 0.83342149, 0.83342149, 0.83342149,
       0.83342149, 0.78349062, 0.78349062, 0.78349062, 0.78349062])
Optimization time: 168.03733611106873 s
Target equation: 0.6999999989691211
Sum of optimizable facts = 8.13449138065799
Optimal probabilities
[0.83342149 0.83342149 0.83342149 0.83342149 0.83342149 0.83342149
 0.78349062 0.78349062 0.78349062 0.78349062]

real	2m49.133s
user	2m48.775s
sys	0m0.179s
Ended at: 
Thu Dec  7 10:27:55 CET 2023
