Started at: 
Thu Dec  7 10:21:04 CET 2023
instance 2
Computing answer sets
Answer set generation time: 2.4089534282684326 s
number of sums: 419
number of prods: 5460
Starting optimization
     fun: 1.5715655315129844
     jac: array([1., 1.])
 message: 'Optimization terminated successfully'
    nfev: 5
     nit: 5
    njev: 5
  status: 0
 success: True
       x: array([0.75578277, 0.81578277])
Optimization time: 10.622206687927246 s
Target equation: 0.6999999998708736
Sum of optimizable facts = 1.5715655315129844
Optimal probabilities
[0.75578277 0.81578277]

real	0m14.525s
user	0m13.982s
sys	0m0.246s
instance 3
Computing answer sets
Answer set generation time: 2.339332342147827 s
number of sums: 419
number of prods: 5460
Starting optimization
     fun: 2.3693309615461104
     jac: array([1., 1., 1.])
 message: 'Optimization terminated successfully'
    nfev: 5
     nit: 5
    njev: 5
  status: 0
 success: True
       x: array([0.76977699, 0.82977699, 0.76977699])
Optimization time: 20.333728313446045 s
Target equation: 0.6999999999081391
Sum of optimizable facts = 2.3693309615461104
Optimal probabilities
[0.76977699 0.82977699 0.76977699]

real	0m23.949s
user	0m23.574s
sys	0m0.207s
instance 4
Computing answer sets
Answer set generation time: 2.344622850418091 s
number of sums: 419
number of prods: 5460
Starting optimization
     fun: 3.3226129361271406
     jac: array([1., 1., 1., 1.])
 message: 'Optimization terminated successfully'
    nfev: 8
     nit: 6
    njev: 6
  status: 0
 success: True
       x: array([0.80065323, 0.86065323, 0.80065323, 0.86065323])
Optimization time: 49.454997539520264 s
Target equation: 0.6999999999997203
Sum of optimizable facts = 3.3226129361271406
Optimal probabilities
[0.80065323 0.86065323 0.80065323 0.86065323]

real	0m53.091s
user	0m52.640s
sys	0m0.263s
instance 5
Computing answer sets
Answer set generation time: 2.4275004863739014 s
number of sums: 419
number of prods: 5460
Starting optimization
     fun: 4.235975114797397
     jac: array([1., 1., 1., 1., 1.])
 message: 'Optimization terminated successfully'
    nfev: 5
     nit: 5
    njev: 5
  status: 0
 success: True
       x: array([0.82319502, 0.88319502, 0.82319502, 0.88319502, 0.82319502])
Optimization time: 67.34863376617432 s
Target equation: 0.699999999481731
Sum of optimizable facts = 4.235975114797397
Optimal probabilities
[0.82319502 0.88319502 0.82319502 0.88319502 0.82319502]

real	1m11.103s
user	1m10.602s
sys	0m0.265s
instance 6
Computing answer sets
Answer set generation time: 2.33967924118042 s
number of sums: 419
number of prods: 5460
Starting optimization
     fun: 5.244734832498091
     jac: array([1., 1., 1., 1., 1., 1.])
 message: 'Optimization terminated successfully'
    nfev: 13
     nit: 10
    njev: 10
  status: 0
 success: True
       x: array([0.87412007, 0.87412488, 0.87412007, 0.87412488, 0.87412007,
       0.87412488])
Optimization time: 198.04999375343323 s
Target equation: 0.6999999993441389
Sum of optimizable facts = 5.244734832498091
Optimal probabilities
[0.87412007 0.87412488 0.87412007 0.87412488 0.87412007 0.87412488]

real	3m21.721s
user	3m21.061s
sys	0m0.299s
instance 7
Computing answer sets
Answer set generation time: 2.2102112770080566 s
number of sums: 419
number of prods: 5460
Starting optimization
     fun: 6.086266376939625
     jac: array([1., 1., 1., 1., 1., 1., 1.])
 message: 'Optimization terminated successfully'
    nfev: 13
     nit: 10
    njev: 10
  status: 0
 success: True
       x: array([0.87803805, 0.87803805, 0.87803805, 0.87803805, 0.87803805,
       0.87803805, 0.81803805])
Optimization time: 266.95928478240967 s
Target equation: 0.6999999999952577
Sum of optimizable facts = 6.086266376939625
Optimal probabilities
[0.87803805 0.87803805 0.87803805 0.87803805 0.87803805 0.87803805
 0.81803805]

real	4m30.434s
user	4m29.714s
sys	0m0.294s
instance 8
Computing answer sets
Answer set generation time: 2.240352153778076 s
number of sums: 419
number of prods: 5460
Starting optimization
     fun: 7.095447981701987
     jac: array([1., 1., 1., 1., 1., 1., 1., 1.])
 message: 'Optimization terminated successfully'
    nfev: 20
     nit: 14
    njev: 14
  status: 0
 success: True
       x: array([0.894431, 0.894431, 0.894431, 0.894431, 0.894431, 0.894431,
       0.834431, 0.894431])
Optimization time: 495.2158920764923 s
Target equation: 0.699999999761284
Sum of optimizable facts = 7.095447981701987
Optimal probabilities
[0.894431 0.894431 0.894431 0.894431 0.894431 0.894431 0.834431 0.894431]

real	8m18.732s
user	8m17.800s
sys	0m0.350s
instance 9
Computing answer sets
Answer set generation time: 2.175464153289795 s
number of sums: 419
number of prods: 5460
Starting optimization
     fun: 7.934166308636181
     jac: array([1., 1., 1., 1., 1., 1., 1., 1., 1.])
 message: 'Optimization terminated successfully'
    nfev: 19
     nit: 13
    njev: 13
  status: 0
 success: True
       x: array([0.89490737, 0.89490737, 0.89490737, 0.89490737, 0.89490737,
       0.89490737, 0.83490737, 0.89490737, 0.83490737])
Optimization time: 614.0648243427277 s
Target equation: 0.6999999837053019
Sum of optimizable facts = 7.934166308636181
Optimal probabilities
[0.89490737 0.89490737 0.89490737 0.89490737 0.89490737 0.89490737
 0.83490737 0.89490737 0.83490737]

real	10m17.675s
user	10m16.469s
sys	0m0.362s
instance 10
Computing answer sets
Answer set generation time: 2.32822322845459 s
number of sums: 419
number of prods: 5460
Starting optimization
     fun: 8.820729854123257
     jac: array([1., 1., 1., 1., 1., 1., 1., 1., 1., 1.])
 message: 'Optimization terminated successfully'
    nfev: 20
     nit: 13
    njev: 13
  status: 0
 success: True
       x: array([0.897465  , 0.897465  , 0.897465  , 0.897465  , 0.897465  ,
       0.897465  , 0.85898497, 0.85898497, 0.85898497, 0.85898497])
Optimization time: 806.7650434970856 s
Target equation: 0.699999999942663
Sum of optimizable facts = 8.820729854123257
Optimal probabilities
[0.897465   0.897465   0.897465   0.897465   0.897465   0.897465
 0.85898497 0.85898497 0.85898497 0.85898497]

real	13m30.555s
user	13m29.168s
sys	0m0.377s
instance 11
Computing answer sets
Answer set generation time: 2.203679323196411 s
number of sums: 419
number of prods: 5460
Starting optimization
     fun: 9.653373073242978
     jac: array([1., 1., 1., 1., 1., 1., 1., 1., 1., 1., 1.])
 message: 'Optimization terminated successfully'
    nfev: 20
     nit: 13
    njev: 13
  status: 0
 success: True
       x: array([0.88906162, 0.88906162, 0.88906162, 0.88906162, 0.88906162,
       0.88906162, 0.87248544, 0.87248544, 0.87248544, 0.87248544,
       0.82906162])
Optimization time: 1009.065181016922 s
Target equation: 0.6999999998433193
Sum of optimizable facts = 9.653373073242978
Optimal probabilities
[0.88906162 0.88906162 0.88906162 0.88906162 0.88906162 0.88906162
 0.87248544 0.87248544 0.87248544 0.87248544 0.82906162]

real	16m52.658s
user	16m51.142s
sys	0m0.399s
instance 12
Computing answer sets
Answer set generation time: 2.183820962905884 s
number of sums: 419
number of prods: 5460
Starting optimization
     fun: 10.483272263878863
     jac: array([1., 1., 1., 1., 1., 1., 1., 1., 1., 1., 1., 1.])
 message: 'Optimization terminated successfully'
    nfev: 19
     nit: 12
    njev: 12
  status: 0
 success: True
       x: array([0.86860602, 0.86860602, 0.86860602, 0.86860602, 0.86860602,
       0.86860602, 0.86860602, 0.86860602, 0.86860602, 0.86860602,
       0.86860602, 0.92860602])
Optimization time: 1117.9147536754608 s
Target equation: 0.699999999985017
Sum of optimizable facts = 10.483272263878863
Optimal probabilities
[0.86860602 0.86860602 0.86860602 0.86860602 0.86860602 0.86860602
 0.86860602 0.86860602 0.86860602 0.86860602 0.86860602 0.92860602]

real	18m41.474s
user	18m39.674s
sys	0m0.434s
instance 13
Computing answer sets
Answer set generation time: 1.9538497924804688 s
number of sums: 419
number of prods: 5460
Starting optimization
     fun: 11.351010867910405
     jac: array([1., 1., 1., 1., 1., 1., 1., 1., 1., 1., 1., 1., 1.])
 message: 'Optimization terminated successfully'
    nfev: 20
     nit: 13
    njev: 13
  status: 0
 success: True
       x: array([0.87285697, 0.87285697, 0.87285697, 0.87285697, 0.87285697,
       0.87285697, 0.86483844, 0.86483844, 0.86483844, 0.86483844,
       0.86483844, 0.92483844, 0.86483844])
Optimization time: 1427.2090003490448 s
Target equation: 0.6999999997128412
Sum of optimizable facts = 11.351010867910405
Optimal probabilities
[0.87285697 0.87285697 0.87285697 0.87285697 0.87285697 0.87285697
 0.86483844 0.86483844 0.86483844 0.86483844 0.86483844 0.92483844
 0.86483844]

real	23m50.433s
user	23m48.422s
sys	0m0.420s
instance 14
Computing answer sets
Answer set generation time: 1.9335012435913086 s
number of sums: 419
number of prods: 5460
Starting optimization
     fun: 12.223289920766828
     jac: array([1., 1., 1., 1., 1., 1., 1., 1., 1., 1., 1., 1., 1., 1.])
 message: 'Optimization terminated successfully'
    nfev: 19
     nit: 11
    njev: 11
  status: 0
 success: True
       x: array([0.86452071, 0.86452071, 0.86452071, 0.86452071, 0.86452071,
       0.86452071, 0.86452071, 0.86452071, 0.86452071, 0.86452071,
       0.86452071, 0.92452071, 0.86452071, 0.92452071])
Optimization time: 1424.2576320171356 s
Target equation: 0.699999976397589
Sum of optimizable facts = 12.223289920766828
Optimal probabilities
[0.86452071 0.86452071 0.86452071 0.86452071 0.86452071 0.86452071
 0.86452071 0.86452071 0.86452071 0.86452071 0.86452071 0.92452071
 0.86452071 0.92452071]

real	23m47.421s
user	23m45.457s
sys	0m0.423s
Ended at: 
Thu Dec  7 12:26:58 CET 2023
