Started at: 
Mon Dec 11 08:15:14 CET 2023
instance 2
Computing answer sets
Answer set generation time: 0.028293609619140625 s
number of sums: 29
number of prods: 210
Starting optimization
     fun: 1.0348764664373538
   maxcv: 2.4927097053151215e-09
 message: 'Optimization terminated successfully.'
    nfev: 13
  status: 1
 success: True
       x: array([0.40003883, 0.63483763])
Optimization time: 0.15359926223754883 s
Target equation: 0.6999999975072903
Sum of optimizable facts = 1.0348764664373538
Optimal probabilities
[0.40003883 0.63483763]

real	0m1.341s
user	0m1.101s
sys	0m0.146s
instance 3
Computing answer sets
Answer set generation time: 0.03161740303039551 s
number of sums: 29
number of prods: 210
Starting optimization
     fun: 1.5247100731524421
   maxcv: 0.0
 message: 'Optimization terminated successfully.'
    nfev: 22
  status: 1
 success: True
       x: array([0.4       , 0.72471007, 0.4       ])
Optimization time: 0.17980051040649414 s
Target equation: 0.6999999999999996
Sum of optimizable facts = 1.5247100731524421
Optimal probabilities
[0.4        0.72471007 0.4       ]

real	0m1.304s
user	0m1.063s
sys	0m0.139s
instance 4
Computing answer sets
Answer set generation time: 0.03299975395202637 s
number of sums: 29
number of prods: 210
Starting optimization
     fun: 2.443491347718507
   maxcv: 8.100306869707197e-09
 message: 'Optimization terminated successfully.'
    nfev: 60
  status: 1
 success: True
       x: array([0.4       , 0.82165647, 0.4       , 0.82183488])
Optimization time: 0.19505786895751953 s
Target equation: 0.699999991899693
Sum of optimizable facts = 2.443491347718507
Optimal probabilities
[0.4        0.82165647 0.4        0.82183488]

real	0m1.315s
user	0m1.082s
sys	0m0.139s
instance 5
Computing answer sets
Answer set generation time: 0.03177309036254883 s
number of sums: 29
number of prods: 210
Starting optimization
     fun: 2.8853518453614435
   maxcv: 8.961226649617515e-09
 message: 'Optimization terminated successfully.'
    nfev: 74
  status: 1
 success: True
       x: array([0.4       , 0.84257467, 0.4       , 0.84277717, 0.4       ])
Optimization time: 0.213531494140625 s
Target equation: 0.6999999910387734
Sum of optimizable facts = 2.8853518453614435
Optimal probabilities
[0.4        0.84257467 0.4        0.84277717 0.4       ]

real	0m1.362s
user	0m1.107s
sys	0m0.129s
instance 6
Computing answer sets
Answer set generation time: 0.030969858169555664 s
number of sums: 29
number of prods: 210
Starting optimization
     fun: 3.8424821735367534
   maxcv: 7.983419925139401e-09
 message: 'Optimization terminated successfully.'
    nfev: 110
  status: 1
 success: True
       x: array([0.4       , 0.88080506, 0.4       , 0.88085941, 0.4       ,
       0.88081769])
Optimization time: 0.2508237361907959 s
Target equation: 0.69999999201658
Sum of optimizable facts = 3.8424821735367534
Optimal probabilities
[0.4        0.88080506 0.4        0.88085941 0.4        0.88081769]

real	0m1.379s
user	0m1.158s
sys	0m0.119s
instance 7
Computing answer sets
Answer set generation time: 0.0313572883605957 s
number of sums: 29
number of prods: 210
Starting optimization
     fun: 4.242385290801217
   maxcv: 1.145125527735047e-08
 message: 'Optimization terminated successfully.'
    nfev: 124
  status: 1
 success: True
       x: array([0.88082114, 0.4       , 0.88092024, 0.4       , 0.88064392,
       0.4       , 0.4       ])
Optimization time: 0.30597519874572754 s
Target equation: 0.6999999885487448
Sum of optimizable facts = 4.242385290801217
Optimal probabilities
[0.88082114 0.4        0.88092024 0.4        0.88064392 0.4
 0.4       ]

real	0m1.444s
user	0m1.183s
sys	0m0.148s
instance 8
Computing answer sets
Answer set generation time: 0.031035423278808594 s
number of sums: 29
number of prods: 210
Starting optimization
     fun: 5.237408529464786
   maxcv: 9.233731446123272e-09
 message: 'Optimization terminated successfully.'
    nfev: 140
  status: 1
 success: True
       x: array([0.89588423, 0.4       , 0.89572343, 0.4       , 0.89580087,
       0.4       , 0.4       , 0.95      ])
Optimization time: 0.29878950119018555 s
Target equation: 0.6999999907662687
Sum of optimizable facts = 5.237408529464786
Optimal probabilities
[0.89588423 0.4        0.89572343 0.4        0.89580087 0.4
 0.4        0.95      ]

real	0m1.472s
user	0m1.195s
sys	0m0.122s
Ended at: 
Mon Dec 11 08:15:24 CET 2023
