Started at: 
Thu Dec  7 10:21:04 CET 2023
instance 2
Computing answer sets
Answer set generation time: 0.1231231689453125 s
number of sums: 104
number of prods: 945
Starting optimization
     fun: 1.0684980606172143
   maxcv: 0.0
 message: 'Optimization terminated successfully.'
    nfev: 13
  status: 1
 success: True
       x: array([0.4       , 0.66849806])
Optimization time: 1.0703520774841309 s
Target equation: 0.7000000069069005
Sum of optimizable facts = 1.0684980606172143
Optimal probabilities
[0.4        0.66849806]

real	0m2.514s
user	0m2.047s
sys	0m0.198s
instance 3
Computing answer sets
Answer set generation time: 0.12841105461120605 s
number of sums: 104
number of prods: 945
Starting optimization
     fun: 1.5520436470961947
   maxcv: 0.0
 message: 'Optimization terminated successfully.'
    nfev: 22
  status: 1
 success: True
       x: array([0.4       , 0.75204365, 0.4       ])
Optimization time: 1.5819878578186035 s
Target equation: 0.6999999999999993
Sum of optimizable facts = 1.5520436470961947
Optimal probabilities
[0.4        0.75204365 0.4       ]

real	0m2.813s
user	0m2.559s
sys	0m0.140s
instance 4
Computing answer sets
Answer set generation time: 0.13335227966308594 s
number of sums: 104
number of prods: 945
Starting optimization
     fun: 2.474198768358721
   maxcv: 7.868249496389979e-09
 message: 'Optimization terminated successfully.'
    nfev: 65
  status: 1
 success: True
       x: array([0.4       , 0.83720059, 0.4       , 0.83699818])
Optimization time: 3.474717855453491 s
Target equation: 0.6999999921317502
Sum of optimizable facts = 2.474198768358721
Optimal probabilities
[0.4        0.83720059 0.4        0.83699818]

real	0m4.713s
user	0m4.448s
sys	0m0.147s
instance 5
Computing answer sets
Answer set generation time: 0.12389516830444336 s
number of sums: 104
number of prods: 945
Starting optimization
     fun: 2.9124541152080456
   maxcv: 8.705447696044644e-09
 message: 'Optimization terminated successfully.'
    nfev: 77
  status: 1
 success: True
       x: array([0.4       , 0.85622742, 0.4       , 0.85622669, 0.4       ])
Optimization time: 4.495654106140137 s
Target equation: 0.6999999912945525
Sum of optimizable facts = 2.9124541152080456
Optimal probabilities
[0.4        0.85622742 0.4        0.85622669 0.4       ]

real	0m5.734s
user	0m5.450s
sys	0m0.143s
instance 6
Computing answer sets
Answer set generation time: 0.12477374076843262 s
number of sums: 104
number of prods: 945
Starting optimization
     fun: 3.870736388381881
   maxcv: 1.0635954783566604e-08
 message: 'Optimization terminated successfully.'
    nfev: 113
  status: 1
 success: True
       x: array([0.89037362, 0.4       , 0.89019765, 0.4       , 0.89016511,
       0.4       ])
Optimization time: 6.89138126373291 s
Target equation: 0.6999999893640453
Sum of optimizable facts = 3.870736388381881
Optimal probabilities
[0.89037362 0.4        0.89019765 0.4        0.89016511 0.4       ]

real	0m8.100s
user	0m7.790s
sys	0m0.175s
instance 7
Computing answer sets
Answer set generation time: 0.13324761390686035 s
number of sums: 104
number of prods: 945
Starting optimization
     fun: 4.324118308596498
   maxcv: 6.474169644832273e-09
 message: 'Optimization terminated successfully.'
    nfev: 115
  status: 1
 success: True
       x: array([0.90808039, 0.4       , 0.90800095, 0.4       , 0.90803697,
       0.4       , 0.4       ])
Optimization time: 7.66876220703125 s
Target equation: 0.699999993525831
Sum of optimizable facts = 4.324118308596498
Optimal probabilities
[0.90808039 0.4        0.90800095 0.4        0.90803697 0.4
 0.4       ]

real	0m8.897s
user	0m8.626s
sys	0m0.140s
instance 8
Computing answer sets
Answer set generation time: 0.1259593963623047 s
number of sums: 104
number of prods: 945
Starting optimization
     fun: 5.260324787400904
   maxcv: 0.0
 message: 'Optimization terminated successfully.'
    nfev: 66
  status: 1
 success: True
       x: array([0.4       , 0.95      , 0.4       , 0.95      , 0.4       ,
       0.95      , 0.4       , 0.81032479])
Optimization time: 5.326724052429199 s
Target equation: 0.700001916547382
Sum of optimizable facts = 5.260324787400904
Optimal probabilities
[0.4        0.95       0.4        0.95       0.4        0.95
 0.4        0.81032479]

real	0m6.563s
user	0m6.276s
sys	0m0.151s
instance 9
Computing answer sets
Answer set generation time: 0.12914371490478516 s
number of sums: 104
number of prods: 945
Starting optimization
     fun: 5.729333229101383
   maxcv: 1.1102230246251565e-16
 message: 'Optimization terminated successfully.'
    nfev: 70
  status: 1
 success: True
       x: array([0.4       , 0.95      , 0.4       , 0.95      , 0.4       ,
       0.95      , 0.4       , 0.87933323, 0.4       ])
Optimization time: 6.03294563293457 s
Target equation: 0.7000001742688984
Sum of optimizable facts = 5.729333229101383
Optimal probabilities
[0.4        0.95       0.4        0.95       0.4        0.95
 0.4        0.87933323 0.4       ]

real	0m7.286s
user	0m6.975s
sys	0m0.138s
instance 10
Computing answer sets
Answer set generation time: 0.1232759952545166 s
number of sums: 104
number of prods: 945
Starting optimization
     fun: 6.606575691820797
   maxcv: 7.17093340263375e-09
 message: 'Maximum number of function evaluations has been exceeded.'
    nfev: 1000
  status: 2
 success: False
       x: array([0.95      , 0.4       , 0.95      , 0.4       , 0.95      ,
       0.4       , 0.4       , 0.89035689, 0.4       , 0.8662188 ])
Optimization time: 47.08183789253235 s
Target equation: 0.6999999928290664
[93mWarning: Unable to solve the optimization problem.[0m

real	0m48.262s
user	0m47.940s
sys	0m0.140s
Ended at: 
Thu Dec  7 10:22:39 CET 2023
