Started at: 
Thu Dec  7 10:21:05 CET 2023
instance 2
Computing answer sets
Answer set generation time: 1.1566975116729736 s
number of sums: 209
number of prods: 2520
Starting optimization
     fun: 1.7086897103475933
     jac: array([1., 1.])
 message: 'Optimization terminated successfully'
    nfev: 5
     nit: 5
    njev: 5
  status: 0
 success: True
       x: array([0.82434486, 0.88434486])
Optimization time: 6.670772075653076 s
Target equation: 0.6999999922938934
Sum of optimizable facts = 1.7086897103475933
Optimal probabilities
[0.82434486 0.88434486]

real	0m9.051s
user	0m8.743s
sys	0m0.187s
instance 3
Computing answer sets
Answer set generation time: 1.1367008686065674 s
number of sums: 209
number of prods: 2520
Starting optimization
     fun: 2.523294295925749
     jac: array([1., 1., 1.])
 message: 'Optimization terminated successfully'
    nfev: 7
     nit: 6
    njev: 6
  status: 0
 success: True
       x: array([0.8210981, 0.8810981, 0.8210981])
Optimization time: 12.942827701568604 s
Target equation: 0.6999999999129654
Sum of optimizable facts = 2.523294295925749
Optimal probabilities
[0.8210981 0.8810981 0.8210981]

real	0m15.240s
user	0m14.908s
sys	0m0.193s
instance 4
Computing answer sets
Answer set generation time: 1.186781883239746 s
number of sums: 209
number of prods: 2520
Starting optimization
     fun: 3.466994213421984
     jac: array([1., 1., 1., 1.])
 message: 'Optimization terminated successfully'
    nfev: 7
     nit: 6
    njev: 6
  status: 0
 success: True
       x: array([0.83674855, 0.89674855, 0.83674855, 0.89674855])
Optimization time: 24.6645405292511 s
Target equation: 0.6999999998506617
Sum of optimizable facts = 3.466994213421984
Optimal probabilities
[0.83674855 0.89674855 0.83674855 0.89674855]

real	0m27.056s
user	0m26.679s
sys	0m0.220s
instance 5
Computing answer sets
Answer set generation time: 1.0949878692626953 s
number of sums: 209
number of prods: 2520
Starting optimization
     fun: 4.389831709009026
     jac: array([1., 1., 1., 1., 1.])
 message: 'Optimization terminated successfully'
    nfev: 5
     nit: 5
    njev: 5
  status: 0
 success: True
       x: array([0.85396634, 0.91396634, 0.85396634, 0.91396634, 0.85396634])
Optimization time: 33.69088578224182 s
Target equation: 0.699999998679571
Sum of optimizable facts = 4.389831709009026
Optimal probabilities
[0.85396634 0.91396634 0.85396634 0.91396634 0.85396634]

real	0m35.999s
user	0m35.610s
sys	0m0.218s
instance 6
Computing answer sets
Answer set generation time: 1.1179535388946533 s
number of sums: 209
number of prods: 2520
Starting optimization
     fun: 5.368007898888795
     jac: array([1., 1., 1., 1., 1., 1.])
 message: 'Optimization terminated successfully'
    nfev: 17
     nit: 14
    njev: 14
  status: 0
 success: True
       x: array([0.92466798, 0.86466798, 0.92466798, 0.86466798, 0.92466798,
       0.86466798])
Optimization time: 139.75286293029785 s
Target equation: 0.6999999958160728
Sum of optimizable facts = 5.368007898888795
Optimal probabilities
[0.92466798 0.86466798 0.92466798 0.86466798 0.92466798 0.86466798]

real	2m22.174s
user	2m21.591s
sys	0m0.275s
instance 7
Computing answer sets
Answer set generation time: 1.1307637691497803 s
number of sums: 209
number of prods: 2520
Starting optimization
     fun: 6.256318529506121
     jac: array([1., 1., 1., 1., 1., 1., 1.])
 message: 'Optimization terminated successfully'
    nfev: 11
     nit: 9
    njev: 9
  status: 0
 success: True
       x: array([0.90233122, 0.90233122, 0.90233122, 0.90233122, 0.90233122,
       0.90233122, 0.84233122])
Optimization time: 129.29742169380188 s
Target equation: 0.6999999999861056
Sum of optimizable facts = 6.256318529506121
Optimal probabilities
[0.90233122 0.90233122 0.90233122 0.90233122 0.90233122 0.90233122
 0.84233122]

real	2m11.644s
user	2m11.150s
sys	0m0.229s
instance 8
Computing answer sets
Answer set generation time: 1.1228957176208496 s
number of sums: 209
number of prods: 2520
Starting optimization
     fun: 7.271383543467464
     jac: array([1., 1., 1., 1., 1., 1., 1., 1.])
 message: 'Optimization terminated successfully'
    nfev: 19
     nit: 14
    njev: 14
  status: 0
 success: True
       x: array([0.91361858, 0.91361858, 0.91361858, 0.91361858, 0.91361858,
       0.91361858, 0.86483604, 0.92483604])
Optimization time: 262.66401267051697 s
Target equation: 0.6999999917107286
Sum of optimizable facts = 7.271383543467464
Optimal probabilities
[0.91361858 0.91361858 0.91361858 0.91361858 0.91361858 0.91361858
 0.86483604 0.92483604]

real	4m25.020s
user	4m24.314s
sys	0m0.277s
instance 9
Computing answer sets
Answer set generation time: 1.1164507865905762 s
number of sums: 209
number of prods: 2520
Starting optimization
     fun: 8.112973719562337
     jac: array([1., 1., 1., 1., 1., 1., 1., 1., 1.])
 message: 'Optimization terminated successfully'
    nfev: 23
     nit: 17
    njev: 17
  status: 0
 success: True
       x: array([0.90810819, 0.90810819, 0.90810819, 0.90810819, 0.90810819,
       0.90810819, 0.90810819, 0.84810819, 0.90810819])
Optimization time: 414.738840341568 s
Target equation: 0.6999999996857244
Sum of optimizable facts = 8.112973719562337
Optimal probabilities
[0.90810819 0.90810819 0.90810819 0.90810819 0.90810819 0.90810819
 0.90810819 0.84810819 0.90810819]

real	6m57.030s
user	6m56.231s
sys	0m0.288s
instance 10
Computing answer sets
Answer set generation time: 1.0191872119903564 s
number of sums: 209
number of prods: 2520
Starting optimization
     fun: 8.997308054316104
     jac: array([1., 1., 1., 1., 1., 1., 1., 1., 1., 1.])
 message: 'Optimization terminated successfully'
    nfev: 17
     nit: 11
    njev: 11
  status: 0
 success: True
       x: array([0.91341133, 0.91341133, 0.91341133, 0.91341133, 0.91341133,
       0.91341133, 0.87921002, 0.87921002, 0.87921002, 0.87921002])
Optimization time: 354.6240553855896 s
Target equation: 0.6999999986375235
Sum of optimizable facts = 8.997308054316104
Optimal probabilities
[0.91341133 0.91341133 0.91341133 0.91341133 0.91341133 0.91341133
 0.87921002 0.87921002 0.87921002 0.87921002]

real	5m56.981s
user	5m56.064s
sys	0m0.290s
instance 11
Computing answer sets
Answer set generation time: 1.0583364963531494 s
number of sums: 209
number of prods: 2520
Starting optimization
     fun: 9.508473253820727
     jac: array([1., 1., 1., 1., 1., 1., 1., 1., 1., 1., 1.])
 message: 'Optimization terminated successfully'
    nfev: 19
     nit: 11
    njev: 11
  status: 0
 success: True
       x: array([0.85895211, 0.85895211, 0.85895211, 0.85895211, 0.85895211,
       0.85895211, 0.85895211, 0.85895211, 0.85895211, 0.85895211,
       0.91895211])
Optimization time: 453.8494737148285 s
Target equation: 0.6999999999754312
Sum of optimizable facts = 9.508473253820727
Optimal probabilities
[0.85895211 0.85895211 0.85895211 0.85895211 0.85895211 0.85895211
 0.85895211 0.85895211 0.85895211 0.85895211 0.91895211]

real	7m36.227s
user	7m35.243s
sys	0m0.297s
instance 12
Computing answer sets
Answer set generation time: 1.017089605331421 s
number of sums: 209
number of prods: 2520
Starting optimization
     fun: 10.367119885276738
     jac: array([1., 1., 1., 1., 1., 1., 1., 1., 1., 1., 1., 1.])
 message: 'Optimization terminated successfully'
    nfev: 19
     nit: 11
    njev: 11
  status: 0
 success: True
       x: array([0.85892666, 0.85892666, 0.85892666, 0.85892666, 0.85892666,
       0.85892666, 0.85892666, 0.85892666, 0.85892666, 0.85892666,
       0.91892666, 0.85892666])
Optimization time: 562.3184494972229 s
Target equation: 0.7000000001827303
Sum of optimizable facts = 10.367119885276738
Optimal probabilities
[0.85892666 0.85892666 0.85892666 0.85892666 0.85892666 0.85892666
 0.85892666 0.85892666 0.85892666 0.85892666 0.91892666 0.85892666]

real	9m24.688s
user	9m23.604s
sys	0m0.314s
instance 13
Computing answer sets
Answer set generation time: 1.0222642421722412 s
number of sums: 209
number of prods: 2520
Starting optimization
     fun: 11.358769349216537
     jac: array([1., 1., 1., 1., 1., 1., 1., 1., 1., 1., 1., 1., 1.])
 message: 'Optimization terminated successfully'
    nfev: 19
     nit: 11
    njev: 11
  status: 0
 success: True
       x: array([0.86452072, 0.86452072, 0.86452072, 0.86452072, 0.86452072,
       0.86452072, 0.86452072, 0.86452072, 0.86452072, 0.86452072,
       0.92452072, 0.86452072, 0.92452072])
Optimization time: 678.6567645072937 s
Target equation: 0.7000000136264114
Sum of optimizable facts = 11.358769349216537
Optimal probabilities
[0.86452072 0.86452072 0.86452072 0.86452072 0.86452072 0.86452072
 0.86452072 0.86452072 0.86452072 0.86452072 0.92452072 0.86452072
 0.92452072]

real	11m20.789s
user	11m19.829s
sys	0m0.272s
Ended at: 
Thu Dec  7 11:12:47 CET 2023
