Started at: 
Sat Dec  9 09:18:43 CET 2023
Instance 2
[INFO] aspmc: Tree Decomposition #bags: 23 unfolded treewidth: 3 #vertices: 25
[INFO] aspmc: Preprocessing disabled
[INFO] aspmc:    Stats Compilation
[INFO] aspmc: ------------------------------------------------------------
[INFO] aspmc: X/D-Constrained Tree Decomposition #bags: 32 treewidth: 10 #vertices: 51
[INFO] aspmc: Dtree time:               2.0272719860076904
[INFO] aspmc: Compilation time:         0.015416145324707031
[INFO] aspmc: Preparation time:         0.00011658668518066406
[INFO] aspmc: Counting time:            0.0877220630645752
[INFO] aspmc: ------------------------------------------------------------
[0.01::a0., 0.99::a1., 0.01::a2., 0.99::a3., 0.01::a4., 0.99::a5., 0.01::a6., 0.99::a7., 0.01::a8., 0.99::a9., 0.01::a10., 0.99::a11., 0.01::a12., 0.99::a13., 0.01::a14., 0.99::a15., 0.01::a16., 0.99::a17., 0.01::a18., 0.99::a19., qr:-not a0,not a2,not a4,not a6,not a8,not a10,not a12,not a14,not a16,not a18., qr:-a1,a3,a5,a7,a9,a11,a13,a15,a17,a19,not nqr., nqr:-a1,a3,a5,a7,a9,a11,a13,a15,a17,a19,not qr., query(qr).]
tracc
nnf_construction_time: 3.2362890243530273
Pre simplification
number of sums: 1791
number of prods: 5086
0.834513761450087*v_10*v_16 - 0.913517247483641*v_10 + 0.0790034860335532*v_16 + 0.913517247483641
Post simplification
symp_time: 0.9084343910217285
number of sums: 2
number of subs: 1
number of prods: 4
opt_time: 0.0025894641876220703
     fun: 1.0
   maxcv: 0.20599491742577514
 message: 'Did not converge to a solution satisfying the constraints. See `maxcv` for magnitude of violation.'
    nfev: 18
  status: 4
 success: False
       x: array([0.31599492, 0.68400508])

real	0m5.294s
user	0m4.628s
sys	0m0.547s
Instance 3
[INFO] aspmc: Tree Decomposition #bags: 23 unfolded treewidth: 3 #vertices: 25
[INFO] aspmc: Preprocessing disabled
[INFO] aspmc:    Stats Compilation
[INFO] aspmc: ------------------------------------------------------------
[INFO] aspmc: X/D-Constrained Tree Decomposition #bags: 32 treewidth: 10 #vertices: 51
[INFO] aspmc: Dtree time:               2.026977300643921
[INFO] aspmc: Compilation time:         0.015287399291992188
[INFO] aspmc: Preparation time:         0.00010085105895996094
[INFO] aspmc: Counting time:            0.08362007141113281
[INFO] aspmc: ------------------------------------------------------------
[0.01::a0., 0.99::a1., 0.01::a2., 0.99::a3., 0.01::a4., 0.99::a5., 0.01::a6., 0.99::a7., 0.01::a8., 0.99::a9., 0.01::a10., 0.99::a11., 0.01::a12., 0.99::a13., 0.01::a14., 0.99::a15., 0.01::a16., 0.99::a17., 0.01::a18., 0.99::a19., qr:-not a0,not a2,not a4,not a6,not a8,not a10,not a12,not a14,not a16,not a18., qr:-a1,a3,a5,a7,a9,a11,a13,a15,a17,a19,not nqr., nqr:-a1,a3,a5,a7,a9,a11,a13,a15,a17,a19,not qr., query(qr).]
tracc
nnf_construction_time: 3.2357287406921387
Pre simplification
number of sums: 1791
number of prods: 5086
-0.842943193383927*v_10*v_16*v_9 + 0.842943193383927*v_10*v_16 + 0.92274469442792*v_10*v_9 - 0.92274469442792*v_10 + 0.842943193383927*v_16*v_9 + 0.0705740540997139*v_16 - 0.92274469442792*v_9 + 0.92274469442792
Post simplification
symp_time: 1.0661547183990479
number of sums: 5
number of subs: 3
number of prods: 12
opt_time: 0.004384756088256836
     fun: 1.6218344051369076
   maxcv: 0.26816559486309244
 message: 'Did not converge to a solution satisfying the constraints. See `maxcv` for magnitude of violation.'
    nfev: 22
  status: 4
 success: False
       x: array([0.62183441, 0.37816559, 0.62183441])

real	0m5.372s
user	0m4.717s
sys	0m0.540s
Instance 4
[INFO] aspmc: Tree Decomposition #bags: 23 unfolded treewidth: 3 #vertices: 25
[INFO] aspmc: Preprocessing disabled
[INFO] aspmc:    Stats Compilation
[INFO] aspmc: ------------------------------------------------------------
[INFO] aspmc: X/D-Constrained Tree Decomposition #bags: 32 treewidth: 10 #vertices: 51
[INFO] aspmc: Dtree time:               2.02581787109375
[INFO] aspmc: Compilation time:         0.015073537826538086
[INFO] aspmc: Preparation time:         0.00010323524475097656
[INFO] aspmc: Counting time:            0.08686709403991699
[INFO] aspmc: ------------------------------------------------------------
[0.01::a0., 0.99::a1., 0.01::a2., 0.99::a3., 0.01::a4., 0.99::a5., 0.01::a6., 0.99::a7., 0.01::a8., 0.99::a9., 0.01::a10., 0.99::a11., 0.01::a12., 0.99::a13., 0.01::a14., 0.99::a15., 0.01::a16., 0.99::a17., 0.01::a18., 0.99::a19., qr:-not a0,not a2,not a4,not a6,not a8,not a10,not a12,not a14,not a16,not a18., qr:-a1,a3,a5,a7,a9,a11,a13,a15,a17,a19,not nqr., nqr:-a1,a3,a5,a7,a9,a11,a13,a15,a17,a19,not qr., query(qr).]
tracc
nnf_construction_time: 3.242067337036133
Pre simplification
number of sums: 1791
number of prods: 5086
-0.0274064401692036*v_15*(v_10 - 1)*(1.11022302462516e-16*v_16 - 1.0)*(v_9 - 1) + 0.970299*v_15*(0.9509900499*v_16*(-0.970299*v_10*(v_9 - 1) + 0.970299*v_9 + 0.0475543055720799*(v_10 - 1)*(v_9 - 1) + 0.029701) - 0.92274469442792*(v_10 - 1)*(1.11022302462516e-16*v_16 - 1.0)*(v_9 - 1)) + 0.92274469442792*(v_10 - 1)*(v_15 - 1)*(1.11022302462516e-16*v_16 - 1.0)*(v_9 - 1)
Post simplification
symp_time: 1.2641477584838867
number of sums: 5
number of subs: 19
number of prods: 23
opt_time: 0.010830163955688477
     fun: 2.0
   maxcv: 0.34899310834464015
 message: 'Did not converge to a solution satisfying the constraints. See `maxcv` for magnitude of violation.'
    nfev: 35
  status: 4
 success: False
       x: array([0.45899308, 0.54100692, 0.45899308, 0.54100692])

real	0m5.575s
user	0m4.859s
sys	0m0.572s
Instance 5
[INFO] aspmc: Tree Decomposition #bags: 23 unfolded treewidth: 3 #vertices: 25
[INFO] aspmc: Preprocessing disabled
[INFO] aspmc:    Stats Compilation
[INFO] aspmc: ------------------------------------------------------------
[INFO] aspmc: X/D-Constrained Tree Decomposition #bags: 32 treewidth: 10 #vertices: 51
[INFO] aspmc: Dtree time:               2.0262131690979004
[INFO] aspmc: Compilation time:         0.01538705825805664
[INFO] aspmc: Preparation time:         0.00013947486877441406
[INFO] aspmc: Counting time:            0.08966994285583496
[INFO] aspmc: ------------------------------------------------------------
[0.01::a0., 0.99::a1., 0.01::a2., 0.99::a3., 0.01::a4., 0.99::a5., 0.01::a6., 0.99::a7., 0.01::a8., 0.99::a9., 0.01::a10., 0.99::a11., 0.01::a12., 0.99::a13., 0.01::a14., 0.99::a15., 0.01::a16., 0.99::a17., 0.01::a18., 0.99::a19., qr:-not a0,not a2,not a4,not a6,not a8,not a10,not a12,not a14,not a16,not a18., qr:-a1,a3,a5,a7,a9,a11,a13,a15,a17,a19,not nqr., nqr:-a1,a3,a5,a7,a9,a11,a13,a15,a17,a19,not qr., query(qr).]
tracc
nnf_construction_time: 3.239028215408325
Pre simplification
number of sums: 1791
number of prods: 5086
0.0276832728981855*v_15*(v_10 - 1)*(1.11022302462516e-16*v_16 - 1.0)*(v_8 - 1)*(v_9 - 1) + 0.970299*v_15*(0.9509900499*v_16*(0.9801*v_10*(v_8 - 1)*(v_9 - 1) + 0.99*v_8 - 0.99*v_9*(v_8 - 1) - 0.04803465209301*(v_10 - 1)*(v_8 - 1)*(v_9 - 1) + 0.0099*(v_8 - 1)*(v_9 - 1) + 0.01) + 0.93206534790699*(v_10 - 1)*(1.11022302462516e-16*v_16 - 1.0)*(v_8 - 1)*(v_9 - 1)) - 0.93206534790699*(v_10 - 1)*(v_15 - 1)*(1.11022302462516e-16*v_16 - 1.0)*(v_8 - 1)*(v_9 - 1)
Post simplification
symp_time: 1.4801042079925537
number of sums: 5
number of subs: 27
number of prods: 32
opt_time: 0.012782573699951172
     fun: 2.5043977434267504
   maxcv: 0.3856085441826217
 message: 'Did not converge to a solution satisfying the constraints. See `maxcv` for magnitude of violation.'
    nfev: 34
  status: 4
 success: False
       x: array([0.50439774, 0.49560226, 0.50439774, 0.49560226, 0.50439774])

real	0m5.772s
user	0m5.044s
sys	0m0.589s
Instance 6
[INFO] aspmc: Tree Decomposition #bags: 23 unfolded treewidth: 3 #vertices: 25
[INFO] aspmc: Preprocessing disabled
[INFO] aspmc:    Stats Compilation
[INFO] aspmc: ------------------------------------------------------------
[INFO] aspmc: X/D-Constrained Tree Decomposition #bags: 32 treewidth: 10 #vertices: 51
[INFO] aspmc: Dtree time:               2.0261549949645996
[INFO] aspmc: Compilation time:         0.015745878219604492
[INFO] aspmc: Preparation time:         0.00010585784912109375
[INFO] aspmc: Counting time:            0.08800148963928223
[INFO] aspmc: ------------------------------------------------------------
[0.01::a0., 0.99::a1., 0.01::a2., 0.99::a3., 0.01::a4., 0.99::a5., 0.01::a6., 0.99::a7., 0.01::a8., 0.99::a9., 0.01::a10., 0.99::a11., 0.01::a12., 0.99::a13., 0.01::a14., 0.99::a15., 0.01::a16., 0.99::a17., 0.01::a18., 0.99::a19., qr:-not a0,not a2,not a4,not a6,not a8,not a10,not a12,not a14,not a16,not a18., qr:-a1,a3,a5,a7,a9,a11,a13,a15,a17,a19,not nqr., nqr:-a1,a3,a5,a7,a9,a11,a13,a15,a17,a19,not qr., query(qr).]
tracc
nnf_construction_time: 3.2364659309387207
Pre simplification
number of sums: 1791
number of prods: 5086
0.0185481004233491*v_14*(v_10 - 1)*(1.11022302462516e-16*v_16 - 1.0)*(v_8 - 1)*(v_9 - 1) + 0.9801*v_14*(v_15*(0.9509900499*v_16*(0.9801*v_10*(v_8 - 1)*(v_9 - 1) + 0.99*v_8 - 0.99*v_9*(v_8 - 1) - 0.04803465209301*(v_10 - 1)*(v_8 - 1)*(v_9 - 1) + 0.0099*(v_8 - 1)*(v_9 - 1) + 0.01) + 0.93206534790699*(v_10 - 1)*(1.11022302462516e-16*v_16 - 1.0)*(v_8 - 1)*(v_9 - 1)) - 0.93206534790699*(v_10 - 1)*(v_15 - 1)*(1.11022302462516e-16*v_16 - 1.0)*(v_8 - 1)*(v_9 - 1)) - 0.93206534790699*(v_10 - 1)*(v_14 - 1)*(1.11022302462516e-16*v_16 - 1.0)*(v_8 - 1)*(v_9 - 1)
Post simplification
symp_time: 1.6761271953582764
number of sums: 5
number of subs: 34
number of prods: 39
opt_time: 0.019696712493896484
     fun: 3.0
   maxcv: 0.429166242913615
 message: 'Did not converge to a solution satisfying the constraints. See `maxcv` for magnitude of violation.'
    nfev: 42
  status: 4
 success: False
       x: array([0.5391659, 0.4608341, 0.5391659, 0.4608341, 0.5391659, 0.4608341])

real	0m5.989s
user	0m5.248s
sys	0m0.593s
Instance 7
[INFO] aspmc: Tree Decomposition #bags: 23 unfolded treewidth: 3 #vertices: 25
[INFO] aspmc: Preprocessing disabled
[INFO] aspmc:    Stats Compilation
[INFO] aspmc: ------------------------------------------------------------
[INFO] aspmc: X/D-Constrained Tree Decomposition #bags: 32 treewidth: 10 #vertices: 51
[INFO] aspmc: Dtree time:               2.026296377182007
[INFO] aspmc: Compilation time:         0.016294479370117188
[INFO] aspmc: Preparation time:         0.00011277198791503906
[INFO] aspmc: Counting time:            0.08290553092956543
[INFO] aspmc: ------------------------------------------------------------
[0.01::a0., 0.99::a1., 0.01::a2., 0.99::a3., 0.01::a4., 0.99::a5., 0.01::a6., 0.99::a7., 0.01::a8., 0.99::a9., 0.01::a10., 0.99::a11., 0.01::a12., 0.99::a13., 0.01::a14., 0.99::a15., 0.01::a16., 0.99::a17., 0.01::a18., 0.99::a19., qr:-not a0,not a2,not a4,not a6,not a8,not a10,not a12,not a14,not a16,not a18., qr:-a1,a3,a5,a7,a9,a11,a13,a15,a17,a19,not nqr., nqr:-a1,a3,a5,a7,a9,a11,a13,a15,a17,a19,not qr., query(qr).]
tracc
nnf_construction_time: 3.2333524227142334
Pre simplification
number of sums: 1791
number of prods: 5086
-0.0187354549730799*v_14*(v_10 - 1)*(1.11022302462516e-16*v_16 - 1.0)*(v_7 - 1)*(v_8 - 1)*(v_9 - 1) + 0.9801*v_14*(v_15*(0.9509900499*v_16*(0.9801*v_10*(v_8 - 1)*(v_9 - 1) - 0.9509900499*v_7*(v_10 - 1)*(v_8 - 1)*(v_9 - 1) + 0.99*v_8 - 0.99*v_9*(v_8 - 1) + 0.009509900499*(v_10 - 1)*(v_7 - 1)*(v_8 - 1)*(v_9 - 1) - 0.0291099501*(v_10 - 1)*(v_8 - 1)*(v_9 - 1) + 0.0099*(v_8 - 1)*(v_9 - 1) + 0.01) - 0.941480149401*(v_10 - 1)*(1.11022302462516e-16*v_16 - 1.0)*(v_7 - 1)*(v_8 - 1)*(v_9 - 1)) + 0.941480149401*(v_10 - 1)*(v_15 - 1)*(1.11022302462516e-16*v_16 - 1.0)*(v_7 - 1)*(v_8 - 1)*(v_9 - 1)) + 0.941480149401*(v_10 - 1)*(v_14 - 1)*(1.11022302462516e-16*v_16 - 1.0)*(v_7 - 1)*(v_8 - 1)*(v_9 - 1)
Post simplification
symp_time: 1.9925413131713867
number of sums: 7
number of subs: 46
number of prods: 51
opt_time: 0.02456068992614746
     fun: 3.4362291490615586
   maxcv: 0.4537708509384415
 message: 'Did not converge to a solution satisfying the constraints. See `maxcv` for magnitude of violation.'
    nfev: 44
  status: 4
 success: False
       x: array([0.43622915, 0.56377085, 0.43622915, 0.56377085, 0.43622915,
       0.56377085, 0.43622915])

real	0m6.313s
user	0m5.584s
sys	0m0.575s
Instance 8
[INFO] aspmc: Tree Decomposition #bags: 23 unfolded treewidth: 3 #vertices: 25
[INFO] aspmc: Preprocessing disabled
[INFO] aspmc:    Stats Compilation
[INFO] aspmc: ------------------------------------------------------------
[INFO] aspmc: X/D-Constrained Tree Decomposition #bags: 32 treewidth: 10 #vertices: 51
[INFO] aspmc: Dtree time:               2.0258378982543945
[INFO] aspmc: Compilation time:         0.015418767929077148
[INFO] aspmc: Preparation time:         0.00010752677917480469
[INFO] aspmc: Counting time:            0.0845942497253418
[INFO] aspmc: ------------------------------------------------------------
[0.01::a0., 0.99::a1., 0.01::a2., 0.99::a3., 0.01::a4., 0.99::a5., 0.01::a6., 0.99::a7., 0.01::a8., 0.99::a9., 0.01::a10., 0.99::a11., 0.01::a12., 0.99::a13., 0.01::a14., 0.99::a15., 0.01::a16., 0.99::a17., 0.01::a18., 0.99::a19., qr:-not a0,not a2,not a4,not a6,not a8,not a10,not a12,not a14,not a16,not a18., qr:-a1,a3,a5,a7,a9,a11,a13,a15,a17,a19,not nqr., nqr:-a1,a3,a5,a7,a9,a11,a13,a15,a17,a19,not qr., query(qr).]
tracc
nnf_construction_time: 3.2324345111846924
Pre simplification
number of sums: 1791
number of prods: 5086
-0.00941480149401*v_13*(v_10 - 1)*(1.11022302462516e-16*v_16 - 1.0)*(v_7 - 1)*(v_8 - 1)*(v_9 - 1) + 0.99*v_13*(v_14*(v_15*(0.9509900499*v_16*(0.9801*v_10*(v_8 - 1)*(v_9 - 1) - 0.9509900499*v_7*(v_10 - 1)*(v_8 - 1)*(v_9 - 1) + 0.99*v_8 - 0.99*v_9*(v_8 - 1) + 0.009509900499*(v_10 - 1)*(v_7 - 1)*(v_8 - 1)*(v_9 - 1) - 0.0291099501*(v_10 - 1)*(v_8 - 1)*(v_9 - 1) + 0.0099*(v_8 - 1)*(v_9 - 1) + 0.01) - 0.941480149401*(v_10 - 1)*(1.11022302462516e-16*v_16 - 1.0)*(v_7 - 1)*(v_8 - 1)*(v_9 - 1)) + 0.941480149401*(v_10 - 1)*(v_15 - 1)*(1.11022302462516e-16*v_16 - 1.0)*(v_7 - 1)*(v_8 - 1)*(v_9 - 1)) + 0.941480149401*(v_10 - 1)*(v_14 - 1)*(1.11022302462516e-16*v_16 - 1.0)*(v_7 - 1)*(v_8 - 1)*(v_9 - 1)) + 0.941480149401*(v_10 - 1)*(v_13 - 1)*(1.11022302462516e-16*v_16 - 1.0)*(v_7 - 1)*(v_8 - 1)*(v_9 - 1)
Post simplification
symp_time: 2.2425434589385986
number of sums: 8
number of subs: 53
number of prods: 59
opt_time: 0.03538799285888672
     fun: 4.0
   maxcv: 0.4820409323829635
 message: 'Did not converge to a solution satisfying the constraints. See `maxcv` for magnitude of violation.'
    nfev: 54
  status: 4
 success: False
       x: array([0.59204083, 0.40795917, 0.59204083, 0.40795917, 0.59204083,
       0.40795917, 0.59204083, 0.40795917])

real	0m6.581s
user	0m5.881s
sys	0m0.549s
Instance 9
[INFO] aspmc: Tree Decomposition #bags: 23 unfolded treewidth: 3 #vertices: 25
[INFO] aspmc: Preprocessing disabled
[INFO] aspmc:    Stats Compilation
[INFO] aspmc: ------------------------------------------------------------
[INFO] aspmc: X/D-Constrained Tree Decomposition #bags: 32 treewidth: 10 #vertices: 51
[INFO] aspmc: Dtree time:               2.028242588043213
[INFO] aspmc: Compilation time:         0.015478849411010742
[INFO] aspmc: Preparation time:         0.00010657310485839844
[INFO] aspmc: Counting time:            0.0840003490447998
[INFO] aspmc: ------------------------------------------------------------
[0.01::a0., 0.99::a1., 0.01::a2., 0.99::a3., 0.01::a4., 0.99::a5., 0.01::a6., 0.99::a7., 0.01::a8., 0.99::a9., 0.01::a10., 0.99::a11., 0.01::a12., 0.99::a13., 0.01::a14., 0.99::a15., 0.01::a16., 0.99::a17., 0.01::a18., 0.99::a19., qr:-not a0,not a2,not a4,not a6,not a8,not a10,not a12,not a14,not a16,not a18., qr:-a1,a3,a5,a7,a9,a11,a13,a15,a17,a19,not nqr., nqr:-a1,a3,a5,a7,a9,a11,a13,a15,a17,a19,not qr., query(qr).]
tracc
nnf_construction_time: 3.2434728145599365
Pre simplification
number of sums: 1791
number of prods: 5086
0.009509900499*v_13*(v_10 - 1)*(1.11022302462516e-16*v_16 - 1.0)*(v_6 - 1)*(v_7 - 1)*(v_8 - 1)*(v_9 - 1) + 0.941480149401*v_13*(v_14*(v_15*(v_16*(-0.99*v_10*(v_6 - 1)*(v_8 - 1)*(v_9 - 1) + 1.0*v_6 + 0.96059601*v_7*(v_10 - 1)*(v_6 - 1)*(v_8 - 1)*(v_9 - 1) - 1.0*v_8*(v_6 - 1) + 1.0*v_9*(v_6 - 1)*(v_8 - 1) - 0.0096059601*(v_10 - 1)*(v_6 - 1)*(v_7 - 1)*(v_8 - 1)*(v_9 - 1) + 0.02940399*(v_10 - 1)*(v_6 - 1)*(v_8 - 1)*(v_9 - 1) - 0.01*(v_6 - 1)*(v_8 - 1)*(v_9 - 1)) + (v_10 - 1)*(1.11022302462516e-16*v_16 - 1.0)*(v_6 - 1)*(v_7 - 1)*(v_8 - 1)*(v_9 - 1)) - (v_10 - 1)*(v_15 - 1)*(1.11022302462516e-16*v_16 - 1.0)*(v_6 - 1)*(v_7 - 1)*(v_8 - 1)*(v_9 - 1)) - (v_10 - 1)*(v_14 - 1)*(1.11022302462516e-16*v_16 - 1.0)*(v_6 - 1)*(v_7 - 1)*(v_8 - 1)*(v_9 - 1)) - 0.9509900499*(v_10 - 1)*(v_13 - 1)*(1.11022302462516e-16*v_16 - 1.0)*(v_6 - 1)*(v_7 - 1)*(v_8 - 1)*(v_9 - 1)
Post simplification
symp_time: 2.6946499347686768
number of sums: 6
number of subs: 67
number of prods: 68
opt_time: 0.046148061752319336
     fun: 4.390087293211635
   maxcv: 0.4999127067883664
 message: 'Did not converge to a solution satisfying the constraints. See `maxcv` for magnitude of violation.'
    nfev: 58
  status: 4
 success: False
       x: array([0.39008729, 0.60991271, 0.39008729, 0.60991271, 0.39008729,
       0.60991271, 0.39008729, 0.60991271, 0.39008729])

real	0m7.057s
user	0m6.349s
sys	0m0.567s
Instance 10
[INFO] aspmc: Tree Decomposition #bags: 23 unfolded treewidth: 3 #vertices: 25
[INFO] aspmc: Preprocessing disabled
[INFO] aspmc:    Stats Compilation
[INFO] aspmc: ------------------------------------------------------------
[INFO] aspmc: X/D-Constrained Tree Decomposition #bags: 32 treewidth: 10 #vertices: 51
[INFO] aspmc: Dtree time:               2.026216745376587
[INFO] aspmc: Compilation time:         0.015610694885253906
[INFO] aspmc: Preparation time:         0.00010991096496582031
[INFO] aspmc: Counting time:            0.08095860481262207
[INFO] aspmc: ------------------------------------------------------------
[0.01::a0., 0.99::a1., 0.01::a2., 0.99::a3., 0.01::a4., 0.99::a5., 0.01::a6., 0.99::a7., 0.01::a8., 0.99::a9., 0.01::a10., 0.99::a11., 0.01::a12., 0.99::a13., 0.01::a14., 0.99::a15., 0.01::a16., 0.99::a17., 0.01::a18., 0.99::a19., qr:-not a0,not a2,not a4,not a6,not a8,not a10,not a12,not a14,not a16,not a18., qr:-a1,a3,a5,a7,a9,a11,a13,a15,a17,a19,not nqr., nqr:-a1,a3,a5,a7,a9,a11,a13,a15,a17,a19,not qr., query(qr).]
tracc
nnf_construction_time: 3.2357137203216553
Pre simplification
number of sums: 1791
number of prods: 5086
0.9509900499*v_12*(v_13*(v_14*(v_15*(v_16*(-0.99*v_10*(v_6 - 1)*(v_8 - 1)*(v_9 - 1) + 1.0*v_6 + 0.96059601*v_7*(v_10 - 1)*(v_6 - 1)*(v_8 - 1)*(v_9 - 1) - 1.0*v_8*(v_6 - 1) + 1.0*v_9*(v_6 - 1)*(v_8 - 1) - 0.0096059601*(v_10 - 1)*(v_6 - 1)*(v_7 - 1)*(v_8 - 1)*(v_9 - 1) + 0.02940399*(v_10 - 1)*(v_6 - 1)*(v_8 - 1)*(v_9 - 1) - 0.01*(v_6 - 1)*(v_8 - 1)*(v_9 - 1)) + (v_10 - 1)*(1.11022302462516e-16*v_16 - 1.0)*(v_6 - 1)*(v_7 - 1)*(v_8 - 1)*(v_9 - 1)) - (v_10 - 1)*(v_15 - 1)*(1.11022302462516e-16*v_16 - 1.0)*(v_6 - 1)*(v_7 - 1)*(v_8 - 1)*(v_9 - 1)) - (v_10 - 1)*(v_14 - 1)*(1.11022302462516e-16*v_16 - 1.0)*(v_6 - 1)*(v_7 - 1)*(v_8 - 1)*(v_9 - 1)) - (v_10 - 1)*(v_13 - 1)*(1.11022302462516e-16*v_16 - 1.0)*(v_6 - 1)*(v_7 - 1)*(v_8 - 1)*(v_9 - 1)) - 0.9509900499*(v_10 - 1)*(v_12 - 1)*(1.11022302462516e-16*v_16 - 1.0)*(v_6 - 1)*(v_7 - 1)*(v_8 - 1)*(v_9 - 1)
Post simplification
symp_time: 3.0890586376190186
number of sums: 5
number of subs: 69
number of prods: 68
opt_time: 0.06802845001220703
     fun: 4.9999879511710255
   maxcv: 0.5200635219770561
 message: 'Did not converge to a solution satisfying the constraints. See `maxcv` for magnitude of violation.'
    nfev: 80
  status: 4
 success: False
       x: array([0.63005147, 0.36993648, 0.63006352, 0.36993648, 0.63006352,
       0.36993648, 0.63006352, 0.36993648, 0.63006352, 0.36993648])

real	0m7.497s
user	0m6.823s
sys	0m0.556s
Instance 11
[INFO] aspmc: Tree Decomposition #bags: 23 unfolded treewidth: 3 #vertices: 25
[INFO] aspmc: Preprocessing disabled
[INFO] aspmc:    Stats Compilation
[INFO] aspmc: ------------------------------------------------------------
[INFO] aspmc: X/D-Constrained Tree Decomposition #bags: 32 treewidth: 10 #vertices: 51
[INFO] aspmc: Dtree time:               2.025725841522217
[INFO] aspmc: Compilation time:         0.015297651290893555
[INFO] aspmc: Preparation time:         0.00010156631469726562
[INFO] aspmc: Counting time:            0.08771467208862305
[INFO] aspmc: ------------------------------------------------------------
[0.01::a0., 0.99::a1., 0.01::a2., 0.99::a3., 0.01::a4., 0.99::a5., 0.01::a6., 0.99::a7., 0.01::a8., 0.99::a9., 0.01::a10., 0.99::a11., 0.01::a12., 0.99::a13., 0.01::a14., 0.99::a15., 0.01::a16., 0.99::a17., 0.01::a18., 0.99::a19., qr:-not a0,not a2,not a4,not a6,not a8,not a10,not a12,not a14,not a16,not a18., qr:-a1,a3,a5,a7,a9,a11,a13,a15,a17,a19,not nqr., nqr:-a1,a3,a5,a7,a9,a11,a13,a15,a17,a19,not qr., query(qr).]
tracc
nnf_construction_time: 3.2428200244903564
Pre simplification
number of sums: 1791
number of prods: 5086
v_12*(v_13*(-v_14*(v_15*(0.9509900499*v_16*(0.99*v_10*(v_6 - 1)*(v_8 - 1)*(v_9 - 1) - 0.9801*v_5*(v_10 - 1)*(v_6 - 1)*(v_8 - 1)*(v_9 - 1) - 1.0*v_6 + 0.970299*v_7*(v_10 - 1)*(v_5 - 1)*(v_6 - 1)*(v_8 - 1)*(v_9 - 1) + 1.0*v_8*(v_6 - 1) - 1.0*v_9*(v_6 - 1)*(v_8 - 1) - 0.00970299*(v_10 - 1)*(v_5 - 1)*(v_6 - 1)*(v_7 - 1)*(v_8 - 1)*(v_9 - 1) + 0.009801*(v_10 - 1)*(v_5 - 1)*(v_6 - 1)*(v_8 - 1)*(v_9 - 1) - 0.0099*(v_10 - 1)*(v_6 - 1)*(v_8 - 1)*(v_9 - 1) + 0.01*(v_6 - 1)*(v_8 - 1)*(v_9 - 1)) + 0.96059601*(v_10 - 1)*(1.11022302462516e-16*v_16 - 1.0)*(v_5 - 1)*(v_6 - 1)*(v_7 - 1)*(v_8 - 1)*(v_9 - 1)) - 0.96059601*(v_10 - 1)*(v_15 - 1)*(1.11022302462516e-16*v_16 - 1.0)*(v_5 - 1)*(v_6 - 1)*(v_7 - 1)*(v_8 - 1)*(v_9 - 1)) + 0.96059601*(v_10 - 1)*(v_14 - 1)*(1.11022302462516e-16*v_16 - 1.0)*(v_5 - 1)*(v_6 - 1)*(v_7 - 1)*(v_8 - 1)*(v_9 - 1)) + 0.96059601*(v_10 - 1)*(v_13 - 1)*(1.11022302462516e-16*v_16 - 1.0)*(v_5 - 1)*(v_6 - 1)*(v_7 - 1)*(v_8 - 1)*(v_9 - 1)) + 0.96059601*(v_10 - 1)*(v_12 - 1)*(1.11022302462516e-16*v_16 - 1.0)*(v_5 - 1)*(v_6 - 1)*(v_7 - 1)*(v_8 - 1)*(v_9 - 1)
Post simplification
symp_time: 4.749176740646362
number of sums: 8
number of subs: 84
number of prods: 89
opt_time: 0.07997345924377441
     fun: 5.356277845025694
   maxcv: 0.5337221549743061
 message: 'Did not converge to a solution satisfying the constraints. See `maxcv` for magnitude of violation.'
    nfev: 81
  status: 4
 success: False
       x: array([0.64372215, 0.35627785, 0.64372215, 0.35627785, 0.64372215,
       0.35627785, 0.64372215, 0.35627785, 0.35627785, 0.64372215,
       0.35627785])

real	0m9.153s
user	0m8.440s
sys	0m0.568s
Instance 12
[INFO] aspmc: Tree Decomposition #bags: 23 unfolded treewidth: 3 #vertices: 25
[INFO] aspmc: Preprocessing disabled
[INFO] aspmc:    Stats Compilation
[INFO] aspmc: ------------------------------------------------------------
[INFO] aspmc: X/D-Constrained Tree Decomposition #bags: 32 treewidth: 10 #vertices: 51
[INFO] aspmc: Dtree time:               2.026035785675049
[INFO] aspmc: Compilation time:         0.01515054702758789
[INFO] aspmc: Preparation time:         0.00010609626770019531
[INFO] aspmc: Counting time:            0.08504700660705566
[INFO] aspmc: ------------------------------------------------------------
[0.01::a0., 0.99::a1., 0.01::a2., 0.99::a3., 0.01::a4., 0.99::a5., 0.01::a6., 0.99::a7., 0.01::a8., 0.99::a9., 0.01::a10., 0.99::a11., 0.01::a12., 0.99::a13., 0.01::a14., 0.99::a15., 0.01::a16., 0.99::a17., 0.01::a18., 0.99::a19., qr:-not a0,not a2,not a4,not a6,not a8,not a10,not a12,not a14,not a16,not a18., qr:-a1,a3,a5,a7,a9,a11,a13,a15,a17,a19,not nqr., nqr:-a1,a3,a5,a7,a9,a11,a13,a15,a17,a19,not qr., query(qr).]
tracc
nnf_construction_time: 3.2348978519439697
Pre simplification
number of sums: 1791
number of prods: 5086
-0.96059601*v_12*(v_13*(v_14*(v_15*(v_16*v_22*(0.99*v_10*(v_6 - 1)*(v_8 - 1)*(v_9 - 1) - 0.9801*v_5*(v_10 - 1)*(v_6 - 1)*(v_8 - 1)*(v_9 - 1) - 1.0*v_6 + 0.970299*v_7*(v_10 - 1)*(v_5 - 1)*(v_6 - 1)*(v_8 - 1)*(v_9 - 1) + 1.0*v_8*(v_6 - 1) - 1.0*v_9*(v_6 - 1)*(v_8 - 1) - 0.00970299*(v_10 - 1)*(v_5 - 1)*(v_6 - 1)*(v_7 - 1)*(v_8 - 1)*(v_9 - 1) + 0.009801*(v_10 - 1)*(v_5 - 1)*(v_6 - 1)*(v_8 - 1)*(v_9 - 1) - 0.0099*(v_10 - 1)*(v_6 - 1)*(v_8 - 1)*(v_9 - 1) + 0.01*(v_6 - 1)*(v_8 - 1)*(v_9 - 1)) - (v_10 - 1)*(v_5 - 1)*(v_6 - 1)*(v_7 - 1)*(v_8 - 1)*(v_9 - 1)*(0.9801*v_16*v_22 - 0.9801*v_16*(v_22 - 1) - 0.9801*v_16 + 1.0)) + (v_10 - 1)*(v_15 - 1)*(v_5 - 1)*(v_6 - 1)*(v_7 - 1)*(v_8 - 1)*(v_9 - 1)*(0.9801*v_16*v_22 - 0.9801*v_16*(v_22 - 1) - 0.9801*v_16 + 1.0)) + (v_10 - 1)*(v_14 - 1)*(v_5 - 1)*(v_6 - 1)*(v_7 - 1)*(v_8 - 1)*(v_9 - 1)*(0.9801*v_16*v_22 - 0.9801*v_16*(v_22 - 1) - 0.9801*v_16 + 1.0)) + (v_10 - 1)*(v_13 - 1)*(v_5 - 1)*(v_6 - 1)*(v_7 - 1)*(v_8 - 1)*(v_9 - 1)*(0.9801*v_16*v_22 - 0.9801*v_16*(v_22 - 1) - 0.9801*v_16 + 1.0)) - 0.96059601*(v_10 - 1)*(v_12 - 1)*(v_5 - 1)*(v_6 - 1)*(v_7 - 1)*(v_8 - 1)*(v_9 - 1)*(0.9801*v_16*v_22 - 0.9801*v_16*(v_22 - 1) - 0.9801*v_16 + 1.0)
Post simplification
symp_time: 5.003320217132568
number of sums: 12
number of subs: 90
number of prods: 106
opt_time: 0.1018972396850586
     fun: 6.0
   maxcv: 0.5489287425672156
 message: 'Did not converge to a solution satisfying the constraints. See `maxcv` for magnitude of violation.'
    nfev: 89
  status: 4
 success: False
       x: array([0.65892839, 0.34107161, 0.65892839, 0.34107161, 0.65892839,
       0.34107161, 0.65892839, 0.34107161, 0.65892839, 0.34107161,
       0.65892839, 0.34107161])

real	0m9.426s
user	0m8.685s
sys	0m0.594s
Instance 13
[INFO] aspmc: Tree Decomposition #bags: 23 unfolded treewidth: 3 #vertices: 25
[INFO] aspmc: Preprocessing disabled
[INFO] aspmc:    Stats Compilation
[INFO] aspmc: ------------------------------------------------------------
[INFO] aspmc: X/D-Constrained Tree Decomposition #bags: 32 treewidth: 10 #vertices: 51
[INFO] aspmc: Dtree time:               2.027005195617676
[INFO] aspmc: Compilation time:         0.0163424015045166
[INFO] aspmc: Preparation time:         0.00010514259338378906
[INFO] aspmc: Counting time:            0.08281850814819336
[INFO] aspmc: ------------------------------------------------------------
[0.01::a0., 0.99::a1., 0.01::a2., 0.99::a3., 0.01::a4., 0.99::a5., 0.01::a6., 0.99::a7., 0.01::a8., 0.99::a9., 0.01::a10., 0.99::a11., 0.01::a12., 0.99::a13., 0.01::a14., 0.99::a15., 0.01::a16., 0.99::a17., 0.01::a18., 0.99::a19., qr:-not a0,not a2,not a4,not a6,not a8,not a10,not a12,not a14,not a16,not a18., qr:-a1,a3,a5,a7,a9,a11,a13,a15,a17,a19,not nqr., nqr:-a1,a3,a5,a7,a9,a11,a13,a15,a17,a19,not qr., query(qr).]
tracc
nnf_construction_time: 3.233287811279297
Pre simplification
number of sums: 1791
number of prods: 5086
v_12*(v_13*(-v_14*(v_15*(0.96059601*v_16*v_22*(0.99*v_10*(v_6 - 1)*(v_8 - 1)*(v_9 - 1) - 0.99*v_4*(v_10 - 1)*(v_6 - 1)*(v_8 - 1)*(v_9 - 1) + 0.99*v_5*(v_10 - 1)*(v_4 - 1)*(v_6 - 1)*(v_8 - 1)*(v_9 - 1) - 1.0*v_6 - 0.9801*v_7*(v_10 - 1)*(v_4 - 1)*(v_5 - 1)*(v_6 - 1)*(v_8 - 1)*(v_9 - 1) + 1.0*v_8*(v_6 - 1) - 1.0*v_9*(v_6 - 1)*(v_8 - 1) + 0.009801*(v_10 - 1)*(v_4 - 1)*(v_5 - 1)*(v_6 - 1)*(v_7 - 1)*(v_8 - 1)*(v_9 - 1) - 0.0099*(v_10 - 1)*(v_4 - 1)*(v_5 - 1)*(v_6 - 1)*(v_8 - 1)*(v_9 - 1) + 0.01*(v_6 - 1)*(v_8 - 1)*(v_9 - 1)) + 0.970299*(v_10 - 1)*(v_4 - 1)*(v_5 - 1)*(v_6 - 1)*(v_7 - 1)*(v_8 - 1)*(v_9 - 1)*(0.9801*v_16*v_22 - 0.9801*v_16*(v_22 - 1) - 0.9801*v_16 + 1.0)) - 0.970299*(v_10 - 1)*(v_15 - 1)*(v_4 - 1)*(v_5 - 1)*(v_6 - 1)*(v_7 - 1)*(v_8 - 1)*(v_9 - 1)*(0.9801*v_16*v_22 - 0.9801*v_16*(v_22 - 1) - 0.9801*v_16 + 1.0)) + 0.970299*(v_10 - 1)*(v_14 - 1)*(v_4 - 1)*(v_5 - 1)*(v_6 - 1)*(v_7 - 1)*(v_8 - 1)*(v_9 - 1)*(0.9801*v_16*v_22 - 0.9801*v_16*(v_22 - 1) - 0.9801*v_16 + 1.0)) + 0.970299*(v_10 - 1)*(v_13 - 1)*(v_4 - 1)*(v_5 - 1)*(v_6 - 1)*(v_7 - 1)*(v_8 - 1)*(v_9 - 1)*(0.9801*v_16*v_22 - 0.9801*v_16*(v_22 - 1) - 0.9801*v_16 + 1.0)) + 0.970299*(v_10 - 1)*(v_12 - 1)*(v_4 - 1)*(v_5 - 1)*(v_6 - 1)*(v_7 - 1)*(v_8 - 1)*(v_9 - 1)*(0.9801*v_16*v_22 - 0.9801*v_16*(v_22 - 1) - 0.9801*v_16 + 1.0)
Post simplification
symp_time: 9.366235494613647
number of sums: 13
number of subs: 98
number of prods: 120
opt_time: 0.19476532936096191
     fun: 1.2575982292259855
   maxcv: 0.5813779745304462
 message: 'Did not converge to a solution satisfying the constraints. See `maxcv` for magnitude of violation.'
    nfev: 151
  status: 4
 success: False
       x: array([-0.57137797,  0.30862203,  0.69137797,  0.30862203, -0.57137797,
        0.30862203,  0.69137797,  0.30862203,  0.30862203, -0.57137797,
        0.30862203, -0.57137797,  0.30862203])

real	0m13.876s
user	0m13.153s
sys	0m0.561s
Instance 14
[INFO] aspmc: Tree Decomposition #bags: 23 unfolded treewidth: 3 #vertices: 25
[INFO] aspmc: Preprocessing disabled
[INFO] aspmc:    Stats Compilation
[INFO] aspmc: ------------------------------------------------------------
[INFO] aspmc: X/D-Constrained Tree Decomposition #bags: 32 treewidth: 10 #vertices: 51
[INFO] aspmc: Dtree time:               2.0259897708892822
[INFO] aspmc: Compilation time:         0.0157015323638916
[INFO] aspmc: Preparation time:         0.0001049041748046875
[INFO] aspmc: Counting time:            0.08239293098449707
[INFO] aspmc: ------------------------------------------------------------
[0.01::a0., 0.99::a1., 0.01::a2., 0.99::a3., 0.01::a4., 0.99::a5., 0.01::a6., 0.99::a7., 0.01::a8., 0.99::a9., 0.01::a10., 0.99::a11., 0.01::a12., 0.99::a13., 0.01::a14., 0.99::a15., 0.01::a16., 0.99::a17., 0.01::a18., 0.99::a19., qr:-not a0,not a2,not a4,not a6,not a8,not a10,not a12,not a14,not a16,not a18., qr:-a1,a3,a5,a7,a9,a11,a13,a15,a17,a19,not nqr., nqr:-a1,a3,a5,a7,a9,a11,a13,a15,a17,a19,not qr., query(qr).]
tracc
nnf_construction_time: 3.2303988933563232
Pre simplification
number of sums: 1791
number of prods: 5086
-0.970299*v_12*(v_13*(v_14*(v_15*(v_16*v_21*v_22*(0.99*v_10*(v_6 - 1)*(v_8 - 1)*(v_9 - 1) - 0.99*v_4*(v_10 - 1)*(v_6 - 1)*(v_8 - 1)*(v_9 - 1) + 0.99*v_5*(v_10 - 1)*(v_4 - 1)*(v_6 - 1)*(v_8 - 1)*(v_9 - 1) - 1.0*v_6 - 0.9801*v_7*(v_10 - 1)*(v_4 - 1)*(v_5 - 1)*(v_6 - 1)*(v_8 - 1)*(v_9 - 1) + 1.0*v_8*(v_6 - 1) - 1.0*v_9*(v_6 - 1)*(v_8 - 1) + 0.009801*(v_10 - 1)*(v_4 - 1)*(v_5 - 1)*(v_6 - 1)*(v_7 - 1)*(v_8 - 1)*(v_9 - 1) - 0.0099*(v_10 - 1)*(v_4 - 1)*(v_5 - 1)*(v_6 - 1)*(v_8 - 1)*(v_9 - 1) + 0.01*(v_6 - 1)*(v_8 - 1)*(v_9 - 1)) - (v_10 - 1)*(v_4 - 1)*(v_5 - 1)*(v_6 - 1)*(v_7 - 1)*(v_8 - 1)*(v_9 - 1)*(-0.99*v_16*v_21*v_22 + 0.99*v_16*v_21*(v_22 - 1) + 0.99*v_21*(v_16 - 1) + 0.99*v_21 - 1.0)) + (v_10 - 1)*(v_15 - 1)*(v_4 - 1)*(v_5 - 1)*(v_6 - 1)*(v_7 - 1)*(v_8 - 1)*(v_9 - 1)*(-0.99*v_16*v_21*v_22 + 0.99*v_16*v_21*(v_22 - 1) + 0.99*v_21*(v_16 - 1) + 0.99*v_21 - 1.0)) + (v_10 - 1)*(v_14 - 1)*(v_4 - 1)*(v_5 - 1)*(v_6 - 1)*(v_7 - 1)*(v_8 - 1)*(v_9 - 1)*(-0.99*v_16*v_21*v_22 + 0.99*v_16*v_21*(v_22 - 1) + 0.99*v_21*(v_16 - 1) + 0.99*v_21 - 1.0)) + (v_10 - 1)*(v_13 - 1)*(v_4 - 1)*(v_5 - 1)*(v_6 - 1)*(v_7 - 1)*(v_8 - 1)*(v_9 - 1)*(-0.99*v_16*v_21*v_22 + 0.99*v_16*v_21*(v_22 - 1) + 0.99*v_21*(v_16 - 1) + 0.99*v_21 - 1.0)) - 0.970299*(v_10 - 1)*(v_12 - 1)*(v_4 - 1)*(v_5 - 1)*(v_6 - 1)*(v_7 - 1)*(v_8 - 1)*(v_9 - 1)*(-0.99*v_16*v_21*v_22 + 0.99*v_16*v_21*(v_22 - 1) + 0.99*v_21*(v_16 - 1) + 0.99*v_21 - 1.0)
Post simplification
symp_time: 6.163325071334839
number of sums: 22
number of subs: 104
number of prods: 137
opt_time: 0.22798800468444824
     fun: 6.999977504023287
   maxcv: 0.5716745864972749
 message: 'Did not converge to a solution satisfying the constraints. See `maxcv` for magnitude of violation.'
    nfev: 168
  status: 4
 success: False
       x: array([0.68167459, 0.31832541, 0.68167459, 0.31832541, 0.68167459,
       0.31832541, 0.68165209, 0.31832541, 0.68167459, 0.31832541,
       0.68167459, 0.31832541, 0.68167459, 0.31832541])

real	0m10.774s
user	0m9.942s
sys	0m0.643s
Instance 15
[INFO] aspmc: Tree Decomposition #bags: 23 unfolded treewidth: 3 #vertices: 25
[INFO] aspmc: Preprocessing disabled
[INFO] aspmc:    Stats Compilation
[INFO] aspmc: ------------------------------------------------------------
[INFO] aspmc: X/D-Constrained Tree Decomposition #bags: 32 treewidth: 10 #vertices: 51
[INFO] aspmc: Dtree time:               2.025233507156372
[INFO] aspmc: Compilation time:         0.015149354934692383
[INFO] aspmc: Preparation time:         0.00010824203491210938
[INFO] aspmc: Counting time:            0.07984662055969238
[INFO] aspmc: ------------------------------------------------------------
[0.01::a0., 0.99::a1., 0.01::a2., 0.99::a3., 0.01::a4., 0.99::a5., 0.01::a6., 0.99::a7., 0.01::a8., 0.99::a9., 0.01::a10., 0.99::a11., 0.01::a12., 0.99::a13., 0.01::a14., 0.99::a15., 0.01::a16., 0.99::a17., 0.01::a18., 0.99::a19., qr:-not a0,not a2,not a4,not a6,not a8,not a10,not a12,not a14,not a16,not a18., qr:-a1,a3,a5,a7,a9,a11,a13,a15,a17,a19,not nqr., nqr:-a1,a3,a5,a7,a9,a11,a13,a15,a17,a19,not qr., query(qr).]
tracc
nnf_construction_time: 3.2242207527160645
Pre simplification
number of sums: 1791
number of prods: 5086
v_12*(v_13*(v_14*(v_15*(0.970299*v_16*v_21*v_22*(1.0*v_10*(v_3 - 1)*(v_6 - 1)*(v_8 - 1)*(v_9 - 1) - 1.0*v_3*(v_6 - 1)*(v_8 - 1)*(v_9 - 1) - 1.0*v_4*(v_10 - 1)*(v_3 - 1)*(v_6 - 1)*(v_8 - 1)*(v_9 - 1) + 1.0*v_5*(v_10 - 1)*(v_3 - 1)*(v_4 - 1)*(v_6 - 1)*(v_8 - 1)*(v_9 - 1) + 1.0*v_6 - 0.99*v_7*(v_10 - 1)*(v_3 - 1)*(v_4 - 1)*(v_5 - 1)*(v_6 - 1)*(v_8 - 1)*(v_9 - 1) - 1.0*v_8*(v_6 - 1) + 1.0*v_9*(v_6 - 1)*(v_8 - 1) + 0.0099*(v_10 - 1)*(v_3 - 1)*(v_4 - 1)*(v_5 - 1)*(v_6 - 1)*(v_7 - 1)*(v_8 - 1)*(v_9 - 1) - 0.01*(v_10 - 1)*(v_3 - 1)*(v_4 - 1)*(v_5 - 1)*(v_6 - 1)*(v_8 - 1)*(v_9 - 1)) - 0.9801*(v_10 - 1)*(v_3 - 1)*(v_4 - 1)*(v_5 - 1)*(v_6 - 1)*(v_7 - 1)*(v_8 - 1)*(v_9 - 1)*(-0.99*v_16*v_21*v_22 + 0.99*v_16*v_21*(v_22 - 1) + 0.99*v_21*(v_16 - 1) + 0.99*v_21 - 1.0)) + 0.9801*(v_10 - 1)*(v_15 - 1)*(v_3 - 1)*(v_4 - 1)*(v_5 - 1)*(v_6 - 1)*(v_7 - 1)*(v_8 - 1)*(v_9 - 1)*(-0.99*v_16*v_21*v_22 + 0.99*v_16*v_21*(v_22 - 1) + 0.99*v_21*(v_16 - 1) + 0.99*v_21 - 1.0)) + 0.9801*(v_10 - 1)*(v_14 - 1)*(v_3 - 1)*(v_4 - 1)*(v_5 - 1)*(v_6 - 1)*(v_7 - 1)*(v_8 - 1)*(v_9 - 1)*(-0.99*v_16*v_21*v_22 + 0.99*v_16*v_21*(v_22 - 1) + 0.99*v_21*(v_16 - 1) + 0.99*v_21 - 1.0)) + 0.9801*(v_10 - 1)*(v_13 - 1)*(v_3 - 1)*(v_4 - 1)*(v_5 - 1)*(v_6 - 1)*(v_7 - 1)*(v_8 - 1)*(v_9 - 1)*(-0.99*v_16*v_21*v_22 + 0.99*v_16*v_21*(v_22 - 1) + 0.99*v_21*(v_16 - 1) + 0.99*v_21 - 1.0)) + 0.9801*(v_10 - 1)*(v_12 - 1)*(v_3 - 1)*(v_4 - 1)*(v_5 - 1)*(v_6 - 1)*(v_7 - 1)*(v_8 - 1)*(v_9 - 1)*(-0.99*v_16*v_21*v_22 + 0.99*v_16*v_21*(v_22 - 1) + 0.99*v_21*(v_16 - 1) + 0.99*v_21 - 1.0)
Post simplification
symp_time: 11.032541990280151
number of sums: 23
number of subs: 113
number of prods: 153
opt_time: 0.27454543113708496
     fun: 2.1015493914067394
   maxcv: 0.598716735043595
 message: 'Did not converge to a solution satisfying the constraints. See `maxcv` for magnitude of violation.'
    nfev: 178
  status: 4
 success: False
       x: array([ 0.70871673,  0.29128327, -0.58871673,  0.29128327, -0.58871673,
        0.29128327,  0.70871673,  0.29128327,  0.29128327, -0.58871673,
        0.29128327,  0.70871673,  0.29128327, -0.58871673,  0.29128327])

real	0m15.634s
user	0m14.885s
sys	0m0.580s
Instance 16
[INFO] aspmc: Tree Decomposition #bags: 23 unfolded treewidth: 3 #vertices: 25
[INFO] aspmc: Preprocessing disabled
[INFO] aspmc:    Stats Compilation
[INFO] aspmc: ------------------------------------------------------------
[INFO] aspmc: X/D-Constrained Tree Decomposition #bags: 32 treewidth: 10 #vertices: 51
[INFO] aspmc: Dtree time:               2.025315523147583
[INFO] aspmc: Compilation time:         0.015650033950805664
[INFO] aspmc: Preparation time:         0.00010275840759277344
[INFO] aspmc: Counting time:            0.08270001411437988
[INFO] aspmc: ------------------------------------------------------------
[0.01::a0., 0.99::a1., 0.01::a2., 0.99::a3., 0.01::a4., 0.99::a5., 0.01::a6., 0.99::a7., 0.01::a8., 0.99::a9., 0.01::a10., 0.99::a11., 0.01::a12., 0.99::a13., 0.01::a14., 0.99::a15., 0.01::a16., 0.99::a17., 0.01::a18., 0.99::a19., qr:-not a0,not a2,not a4,not a6,not a8,not a10,not a12,not a14,not a16,not a18., qr:-a1,a3,a5,a7,a9,a11,a13,a15,a17,a19,not nqr., nqr:-a1,a3,a5,a7,a9,a11,a13,a15,a17,a19,not qr., query(qr).]
tracc
nnf_construction_time: 3.2262027263641357
Pre simplification
number of sums: 1791
number of prods: 5086
0.9801*v_12*(v_13*(v_14*(v_15*(v_16*v_20*v_21*v_22*(1.0*v_10*(v_3 - 1)*(v_6 - 1)*(v_8 - 1)*(v_9 - 1) - 1.0*v_3*(v_6 - 1)*(v_8 - 1)*(v_9 - 1) - 1.0*v_4*(v_10 - 1)*(v_3 - 1)*(v_6 - 1)*(v_8 - 1)*(v_9 - 1) + 1.0*v_5*(v_10 - 1)*(v_3 - 1)*(v_4 - 1)*(v_6 - 1)*(v_8 - 1)*(v_9 - 1) + 1.0*v_6 - 0.99*v_7*(v_10 - 1)*(v_3 - 1)*(v_4 - 1)*(v_5 - 1)*(v_6 - 1)*(v_8 - 1)*(v_9 - 1) - 1.0*v_8*(v_6 - 1) + 1.0*v_9*(v_6 - 1)*(v_8 - 1) + 0.0099*(v_10 - 1)*(v_3 - 1)*(v_4 - 1)*(v_5 - 1)*(v_6 - 1)*(v_7 - 1)*(v_8 - 1)*(v_9 - 1) - 0.01*(v_10 - 1)*(v_3 - 1)*(v_4 - 1)*(v_5 - 1)*(v_6 - 1)*(v_8 - 1)*(v_9 - 1)) - (v_10 - 1)*(v_3 - 1)*(v_4 - 1)*(v_5 - 1)*(v_6 - 1)*(v_7 - 1)*(v_8 - 1)*(v_9 - 1)*(-v_16*v_20*v_21*v_22 + v_16*v_20*v_21*(v_22 - 1) + v_20*v_21*(v_16 - 1) + v_20*(v_21 - 1) + v_20 - 1)) + (v_10 - 1)*(v_15 - 1)*(v_3 - 1)*(v_4 - 1)*(v_5 - 1)*(v_6 - 1)*(v_7 - 1)*(v_8 - 1)*(v_9 - 1)*(-v_16*v_20*v_21*v_22 + v_16*v_20*v_21*(v_22 - 1) + v_20*v_21*(v_16 - 1) + v_20*(v_21 - 1) + v_20 - 1)) + (v_10 - 1)*(v_14 - 1)*(v_3 - 1)*(v_4 - 1)*(v_5 - 1)*(v_6 - 1)*(v_7 - 1)*(v_8 - 1)*(v_9 - 1)*(-v_16*v_20*v_21*v_22 + v_16*v_20*v_21*(v_22 - 1) + v_20*v_21*(v_16 - 1) + v_20*(v_21 - 1) + v_20 - 1)) + (v_10 - 1)*(v_13 - 1)*(v_3 - 1)*(v_4 - 1)*(v_5 - 1)*(v_6 - 1)*(v_7 - 1)*(v_8 - 1)*(v_9 - 1)*(-v_16*v_20*v_21*v_22 + v_16*v_20*v_21*(v_22 - 1) + v_20*v_21*(v_16 - 1) + v_20*(v_21 - 1) + v_20 - 1)) + 0.9801*(v_10 - 1)*(v_12 - 1)*(v_3 - 1)*(v_4 - 1)*(v_5 - 1)*(v_6 - 1)*(v_7 - 1)*(v_8 - 1)*(v_9 - 1)*(-v_16*v_20*v_21*v_22 + v_16*v_20*v_21*(v_22 - 1) + v_20*v_21*(v_16 - 1) + v_20*(v_21 - 1) + v_20 - 1)
Post simplification
symp_time: 10.718151807785034
number of sums: 28
number of subs: 118
number of prods: 150
opt_time: 0.20656847953796387
     fun: 8.0
   maxcv: 0.5900859467991337
 message: 'Did not converge to a solution satisfying the constraints. See `maxcv` for magnitude of violation.'
    nfev: 125
  status: 4
 success: False
       x: array([0.70008595, 0.29991405, 0.70008595, 0.29991405, 0.70008595,
       0.29991405, 0.70008595, 0.29991405, 0.70008595, 0.29991405,
       0.70008595, 0.29991405, 0.70008595, 0.29991405, 0.70008595,
       0.29991405])

real	0m15.206s
user	0m14.461s
sys	0m0.597s
Instance 17
[INFO] aspmc: Tree Decomposition #bags: 23 unfolded treewidth: 3 #vertices: 25
[INFO] aspmc: Preprocessing disabled
[INFO] aspmc:    Stats Compilation
[INFO] aspmc: ------------------------------------------------------------
[INFO] aspmc: X/D-Constrained Tree Decomposition #bags: 32 treewidth: 10 #vertices: 51
[INFO] aspmc: Dtree time:               2.0252673625946045
[INFO] aspmc: Compilation time:         0.01533818244934082
[INFO] aspmc: Preparation time:         0.00011491775512695312
[INFO] aspmc: Counting time:            0.08020663261413574
[INFO] aspmc: ------------------------------------------------------------
[0.01::a0., 0.99::a1., 0.01::a2., 0.99::a3., 0.01::a4., 0.99::a5., 0.01::a6., 0.99::a7., 0.01::a8., 0.99::a9., 0.01::a10., 0.99::a11., 0.01::a12., 0.99::a13., 0.01::a14., 0.99::a15., 0.01::a16., 0.99::a17., 0.01::a18., 0.99::a19., qr:-not a0,not a2,not a4,not a6,not a8,not a10,not a12,not a14,not a16,not a18., qr:-a1,a3,a5,a7,a9,a11,a13,a15,a17,a19,not nqr., nqr:-a1,a3,a5,a7,a9,a11,a13,a15,a17,a19,not qr., query(qr).]
tracc
nnf_construction_time: 3.224907159805298
Pre simplification
number of sums: 1791
number of prods: 5086
v_12*(v_13*(v_14*(v_15*(0.9801*v_16*v_20*v_21*v_22*(1.0*v_10*(v_3 - 1)*(v_6 - 1)*(v_8 - 1)*(v_9 - 1) - 1.0*v_2*(v_10 - 1)*(v_3 - 1)*(v_4 - 1)*(v_5 - 1)*(v_6 - 1)*(v_8 - 1)*(v_9 - 1) - 1.0*v_3*(v_6 - 1)*(v_8 - 1)*(v_9 - 1) - 1.0*v_4*(v_10 - 1)*(v_3 - 1)*(v_6 - 1)*(v_8 - 1)*(v_9 - 1) + 1.0*v_5*(v_10 - 1)*(v_3 - 1)*(v_4 - 1)*(v_6 - 1)*(v_8 - 1)*(v_9 - 1) + 1.0*v_6 + 1.0*v_7*(v_10 - 1)*(v_2 - 1)*(v_3 - 1)*(v_4 - 1)*(v_5 - 1)*(v_6 - 1)*(v_8 - 1)*(v_9 - 1) - 1.0*v_8*(v_6 - 1) + 1.0*v_9*(v_6 - 1)*(v_8 - 1) - 0.01*(v_10 - 1)*(v_2 - 1)*(v_3 - 1)*(v_4 - 1)*(v_5 - 1)*(v_6 - 1)*(v_7 - 1)*(v_8 - 1)*(v_9 - 1)) + 0.99*(v_10 - 1)*(v_2 - 1)*(v_3 - 1)*(v_4 - 1)*(v_5 - 1)*(v_6 - 1)*(v_7 - 1)*(v_8 - 1)*(v_9 - 1)*(-v_16*v_20*v_21*v_22 + v_16*v_20*v_21*(v_22 - 1) + v_20*v_21*(v_16 - 1) + v_20*(v_21 - 1) + v_20 - 1)) - 0.99*(v_10 - 1)*(v_15 - 1)*(v_2 - 1)*(v_3 - 1)*(v_4 - 1)*(v_5 - 1)*(v_6 - 1)*(v_7 - 1)*(v_8 - 1)*(v_9 - 1)*(-v_16*v_20*v_21*v_22 + v_16*v_20*v_21*(v_22 - 1) + v_20*v_21*(v_16 - 1) + v_20*(v_21 - 1) + v_20 - 1)) - 0.99*(v_10 - 1)*(v_14 - 1)*(v_2 - 1)*(v_3 - 1)*(v_4 - 1)*(v_5 - 1)*(v_6 - 1)*(v_7 - 1)*(v_8 - 1)*(v_9 - 1)*(-v_16*v_20*v_21*v_22 + v_16*v_20*v_21*(v_22 - 1) + v_20*v_21*(v_16 - 1) + v_20*(v_21 - 1) + v_20 - 1)) - 0.99*(v_10 - 1)*(v_13 - 1)*(v_2 - 1)*(v_3 - 1)*(v_4 - 1)*(v_5 - 1)*(v_6 - 1)*(v_7 - 1)*(v_8 - 1)*(v_9 - 1)*(-v_16*v_20*v_21*v_22 + v_16*v_20*v_21*(v_22 - 1) + v_20*v_21*(v_16 - 1) + v_20*(v_21 - 1) + v_20 - 1)) + 0.99*(v_10 - 1)*(v_12 - 1)*(v_2 - 1)*(v_3 - 1)*(v_4 - 1)*(v_5 - 1)*(v_6 - 1)*(v_7 - 1)*(v_8 - 1)*(v_9 - 1)*(v_16*v_20*v_21*v_22 - v_16*v_20*v_21*(v_22 - 1) - v_20*v_21*(v_16 - 1) - v_20*(v_21 - 1) - v_20 + 1)
Post simplification
symp_time: 20.974461555480957
number of sums: 23
number of subs: 129
number of prods: 162
opt_time: 1.742380142211914
     fun: 10.319160069947047
   maxcv: 0.4792299585691152
 message: 'Did not converge to a solution satisfying the constraints. See `maxcv` for magnitude of violation.'
    nfev: 1000
  status: 4
 success: False
       x: array([ 5.89229956e-01,  7.25150107e-01,  5.89229956e-01,  6.62877090e-01,
        5.89229956e-01,  7.03449451e-01,  5.89229956e-01,  7.73768477e-01,
        1.46922996e+00,  3.25846356e-02,  7.51993128e-01, -1.34511855e-03,
        7.56199424e-01,  9.72355552e-02,  7.33041656e-01,  5.89229956e-01,
        6.68825931e-01])

real	0m27.028s
user	0m26.268s
sys	0m0.621s
Instance 18
[INFO] aspmc: Tree Decomposition #bags: 23 unfolded treewidth: 3 #vertices: 25
[INFO] aspmc: Preprocessing disabled
[INFO] aspmc:    Stats Compilation
[INFO] aspmc: ------------------------------------------------------------
[INFO] aspmc: X/D-Constrained Tree Decomposition #bags: 32 treewidth: 10 #vertices: 51
[INFO] aspmc: Dtree time:               2.0238566398620605
[INFO] aspmc: Compilation time:         0.014736652374267578
[INFO] aspmc: Preparation time:         0.00011372566223144531
[INFO] aspmc: Counting time:            0.07495379447937012
[INFO] aspmc: ------------------------------------------------------------
[0.01::a0., 0.99::a1., 0.01::a2., 0.99::a3., 0.01::a4., 0.99::a5., 0.01::a6., 0.99::a7., 0.01::a8., 0.99::a9., 0.01::a10., 0.99::a11., 0.01::a12., 0.99::a13., 0.01::a14., 0.99::a15., 0.01::a16., 0.99::a17., 0.01::a18., 0.99::a19., qr:-not a0,not a2,not a4,not a6,not a8,not a10,not a12,not a14,not a16,not a18., qr:-a1,a3,a5,a7,a9,a11,a13,a15,a17,a19,not nqr., nqr:-a1,a3,a5,a7,a9,a11,a13,a15,a17,a19,not qr., query(qr).]
tracc
nnf_construction_time: 3.2134041786193848
Pre simplification
number of sums: 1791
number of prods: 5086
0.99*v_12*(v_13*(v_14*(v_15*(v_16*v_19*v_20*v_21*v_22*(1.0*v_10*(v_3 - 1)*(v_6 - 1)*(v_8 - 1)*(v_9 - 1) - 1.0*v_2*(v_10 - 1)*(v_3 - 1)*(v_4 - 1)*(v_5 - 1)*(v_6 - 1)*(v_8 - 1)*(v_9 - 1) - 1.0*v_3*(v_6 - 1)*(v_8 - 1)*(v_9 - 1) - 1.0*v_4*(v_10 - 1)*(v_3 - 1)*(v_6 - 1)*(v_8 - 1)*(v_9 - 1) + 1.0*v_5*(v_10 - 1)*(v_3 - 1)*(v_4 - 1)*(v_6 - 1)*(v_8 - 1)*(v_9 - 1) + 1.0*v_6 + 1.0*v_7*(v_10 - 1)*(v_2 - 1)*(v_3 - 1)*(v_4 - 1)*(v_5 - 1)*(v_6 - 1)*(v_8 - 1)*(v_9 - 1) - 1.0*v_8*(v_6 - 1) + 1.0*v_9*(v_6 - 1)*(v_8 - 1) - 0.01*(v_10 - 1)*(v_2 - 1)*(v_3 - 1)*(v_4 - 1)*(v_5 - 1)*(v_6 - 1)*(v_7 - 1)*(v_8 - 1)*(v_9 - 1)) + (v_10 - 1)*(v_2 - 1)*(v_3 - 1)*(v_4 - 1)*(v_5 - 1)*(v_6 - 1)*(v_7 - 1)*(v_8 - 1)*(v_9 - 1)*(-v_16*v_19*v_20*v_21*v_22 + v_16*v_20*v_21*v_22*(v_19 - 1) + v_16*v_20*v_21*(v_22 - 1) + v_20*v_21*(v_16 - 1) + v_20*(v_21 - 1) + v_20 - 1)) - (v_10 - 1)*(v_15 - 1)*(v_2 - 1)*(v_3 - 1)*(v_4 - 1)*(v_5 - 1)*(v_6 - 1)*(v_7 - 1)*(v_8 - 1)*(v_9 - 1)*(-v_16*v_19*v_20*v_21*v_22 + v_16*v_20*v_21*v_22*(v_19 - 1) + v_16*v_20*v_21*(v_22 - 1) + v_20*v_21*(v_16 - 1) + v_20*(v_21 - 1) + v_20 - 1)) - (v_10 - 1)*(v_14 - 1)*(v_2 - 1)*(v_3 - 1)*(v_4 - 1)*(v_5 - 1)*(v_6 - 1)*(v_7 - 1)*(v_8 - 1)*(v_9 - 1)*(-v_16*v_19*v_20*v_21*v_22 + v_16*v_20*v_21*v_22*(v_19 - 1) + v_16*v_20*v_21*(v_22 - 1) + v_20*v_21*(v_16 - 1) + v_20*(v_21 - 1) + v_20 - 1)) - (v_10 - 1)*(v_13 - 1)*(v_2 - 1)*(v_3 - 1)*(v_4 - 1)*(v_5 - 1)*(v_6 - 1)*(v_7 - 1)*(v_8 - 1)*(v_9 - 1)*(-v_16*v_19*v_20*v_21*v_22 + v_16*v_20*v_21*v_22*(v_19 - 1) + v_16*v_20*v_21*(v_22 - 1) + v_20*v_21*(v_16 - 1) + v_20*(v_21 - 1) + v_20 - 1)) + 0.99*(v_10 - 1)*(v_12 - 1)*(v_2 - 1)*(v_3 - 1)*(v_4 - 1)*(v_5 - 1)*(v_6 - 1)*(v_7 - 1)*(v_8 - 1)*(v_9 - 1)*(v_16*v_19*v_20*v_21*v_22 - v_16*v_20*v_21*v_22*(v_19 - 1) - v_16*v_20*v_21*(v_22 - 1) - v_20*v_21*(v_16 - 1) - v_20*(v_21 - 1) - v_20 + 1)
Post simplification
symp_time: 18.86179518699646
number of sums: 27
number of subs: 135
number of prods: 184
opt_time: 1.2758920192718506
     fun: 9.39954403018295
   maxcv: 0.507913321180113
 message: 'Did not converge to a solution satisfying the constraints. See `maxcv` for magnitude of violation.'
    nfev: 711
  status: 4
 success: False
       x: array([ 0.61791332,  0.38208668,  0.61791332,  0.38208668,  0.61791332,
        0.38208668,  0.61791332,  1.49791332,  0.61791332,  1.49791332,
        0.15132119,  0.38208668,  0.36822284,  0.38208668, -0.49791332,
        0.38208668,  0.61791332,  0.38208668])

real	0m24.409s
user	0m23.664s
sys	0m0.579s
Instance 19
[INFO] aspmc: Tree Decomposition #bags: 23 unfolded treewidth: 3 #vertices: 25
[INFO] aspmc: Preprocessing disabled
[INFO] aspmc:    Stats Compilation
[INFO] aspmc: ------------------------------------------------------------
[INFO] aspmc: X/D-Constrained Tree Decomposition #bags: 32 treewidth: 10 #vertices: 51
[INFO] aspmc: Dtree time:               2.022614002227783
[INFO] aspmc: Compilation time:         0.013063907623291016
[INFO] aspmc: Preparation time:         0.00010037422180175781
[INFO] aspmc: Counting time:            0.07214617729187012
[INFO] aspmc: ------------------------------------------------------------
[0.01::a0., 0.99::a1., 0.01::a2., 0.99::a3., 0.01::a4., 0.99::a5., 0.01::a6., 0.99::a7., 0.01::a8., 0.99::a9., 0.01::a10., 0.99::a11., 0.01::a12., 0.99::a13., 0.01::a14., 0.99::a15., 0.01::a16., 0.99::a17., 0.01::a18., 0.99::a19., qr:-not a0,not a2,not a4,not a6,not a8,not a10,not a12,not a14,not a16,not a18., qr:-a1,a3,a5,a7,a9,a11,a13,a15,a17,a19,not nqr., nqr:-a1,a3,a5,a7,a9,a11,a13,a15,a17,a19,not qr., query(qr).]
tracc
nnf_construction_time: 3.202693462371826
Pre simplification
number of sums: 1791
number of prods: 5086
v_12*(v_13*(-v_14*(v_15*(0.99*v_16*v_19*v_20*v_21*v_22*(v_1*(v_10 - 1)*(v_2 - 1)*(v_3 - 1)*(v_4 - 1)*(v_5 - 1)*(v_6 - 1)*(v_7 - 1)*(v_8 - 1)*(v_9 - 1) - v_10*(v_3 - 1)*(v_6 - 1)*(v_8 - 1)*(v_9 - 1) + v_2*(v_10 - 1)*(v_3 - 1)*(v_4 - 1)*(v_5 - 1)*(v_6 - 1)*(v_8 - 1)*(v_9 - 1) + v_3*(v_6 - 1)*(v_8 - 1)*(v_9 - 1) + v_4*(v_10 - 1)*(v_3 - 1)*(v_6 - 1)*(v_8 - 1)*(v_9 - 1) - v_5*(v_10 - 1)*(v_3 - 1)*(v_4 - 1)*(v_6 - 1)*(v_8 - 1)*(v_9 - 1) - v_6 - v_7*(v_10 - 1)*(v_2 - 1)*(v_3 - 1)*(v_4 - 1)*(v_5 - 1)*(v_6 - 1)*(v_8 - 1)*(v_9 - 1) + v_8*(v_6 - 1) - v_9*(v_6 - 1)*(v_8 - 1)) + 1.0*(v_1 - 1)*(v_10 - 1)*(v_2 - 1)*(v_3 - 1)*(v_4 - 1)*(v_5 - 1)*(v_6 - 1)*(v_7 - 1)*(v_8 - 1)*(v_9 - 1)*(-v_16*v_19*v_20*v_21*v_22 + v_16*v_20*v_21*v_22*(v_19 - 1) + v_16*v_20*v_21*(v_22 - 1) + v_20*v_21*(v_16 - 1) + v_20*(v_21 - 1) + v_20 - 1)) - 1.0*(v_1 - 1)*(v_10 - 1)*(v_15 - 1)*(v_2 - 1)*(v_3 - 1)*(v_4 - 1)*(v_5 - 1)*(v_6 - 1)*(v_7 - 1)*(v_8 - 1)*(v_9 - 1)*(-v_16*v_19*v_20*v_21*v_22 + v_16*v_20*v_21*v_22*(v_19 - 1) + v_16*v_20*v_21*(v_22 - 1) + v_20*v_21*(v_16 - 1) + v_20*(v_21 - 1) + v_20 - 1)) + 1.0*(v_1 - 1)*(v_10 - 1)*(v_14 - 1)*(v_2 - 1)*(v_3 - 1)*(v_4 - 1)*(v_5 - 1)*(v_6 - 1)*(v_7 - 1)*(v_8 - 1)*(v_9 - 1)*(-v_16*v_19*v_20*v_21*v_22 + v_16*v_20*v_21*v_22*(v_19 - 1) + v_16*v_20*v_21*(v_22 - 1) + v_20*v_21*(v_16 - 1) + v_20*(v_21 - 1) + v_20 - 1)) + 1.0*(v_1 - 1)*(v_10 - 1)*(v_13 - 1)*(v_2 - 1)*(v_3 - 1)*(v_4 - 1)*(v_5 - 1)*(v_6 - 1)*(v_7 - 1)*(v_8 - 1)*(v_9 - 1)*(-v_16*v_19*v_20*v_21*v_22 + v_16*v_20*v_21*v_22*(v_19 - 1) + v_16*v_20*v_21*(v_22 - 1) + v_20*v_21*(v_16 - 1) + v_20*(v_21 - 1) + v_20 - 1)) + 1.0*(v_1 - 1)*(v_10 - 1)*(v_12 - 1)*(v_2 - 1)*(v_3 - 1)*(v_4 - 1)*(v_5 - 1)*(v_6 - 1)*(v_7 - 1)*(v_8 - 1)*(v_9 - 1)*(-v_16*v_19*v_20*v_21*v_22 + v_16*v_20*v_21*v_22*(v_19 - 1) + v_16*v_20*v_21*(v_22 - 1) + v_20*v_21*(v_16 - 1) + v_20*(v_21 - 1) + v_20 - 1)
Post simplification
symp_time: 37.37078857421875
number of sums: 33
number of subs: 136
number of prods: 184
opt_time: 0.39383578300476074
     fun: 9.108139551593885
   maxcv: 0.018801503468072633
 message: 'Did not converge to a solution satisfying the constraints. See `maxcv` for magnitude of violation.'
    nfev: 231
  status: 4
 success: False
       x: array([0.01      , 0.89002084, 0.01      , 0.89      , 0.01      ,
       0.89      , 0.01      , 0.89      , 0.98995534, 0.01      ,
       0.90084131, 0.01      , 0.89      , 0.01      , 0.89      ,
       0.0171828 , 0.89013927, 0.01      , 0.89      ])

real	0m42.014s
user	0m41.215s
sys	0m0.633s
Instance 20
[INFO] aspmc: Tree Decomposition #bags: 23 unfolded treewidth: 3 #vertices: 25
[INFO] aspmc: Preprocessing disabled
[INFO] aspmc:    Stats Compilation
[INFO] aspmc: ------------------------------------------------------------
[INFO] aspmc: X/D-Constrained Tree Decomposition #bags: 32 treewidth: 10 #vertices: 51
[INFO] aspmc: Dtree time:               2.023040771484375
[INFO] aspmc: Compilation time:         0.013607025146484375
[INFO] aspmc: Preparation time:         9.965896606445312e-05
[INFO] aspmc: Counting time:            0.07454371452331543
[INFO] aspmc: ------------------------------------------------------------
[0.01::a0., 0.99::a1., 0.01::a2., 0.99::a3., 0.01::a4., 0.99::a5., 0.01::a6., 0.99::a7., 0.01::a8., 0.99::a9., 0.01::a10., 0.99::a11., 0.01::a12., 0.99::a13., 0.01::a14., 0.99::a15., 0.01::a16., 0.99::a17., 0.01::a18., 0.99::a19., qr:-not a0,not a2,not a4,not a6,not a8,not a10,not a12,not a14,not a16,not a18., qr:-a1,a3,a5,a7,a9,a11,a13,a15,a17,a19,not nqr., nqr:-a1,a3,a5,a7,a9,a11,a13,a15,a17,a19,not qr., query(qr).]
tracc
nnf_construction_time: 3.2244434356689453
Pre simplification
number of sums: 1791
number of prods: 5086
v_12*(v_13*(v_14*(-v_15*(v_18*(v_16*v_19*v_20*v_21*v_22*(v_1*(v_10 - 1)*(v_2 - 1)*(v_3 - 1)*(v_4 - 1)*(v_5 - 1)*(v_6 - 1)*(v_7 - 1)*(v_8 - 1)*(v_9 - 1) - v_10*(v_3 - 1)*(v_6 - 1)*(v_8 - 1)*(v_9 - 1) + v_2*(v_10 - 1)*(v_3 - 1)*(v_4 - 1)*(v_5 - 1)*(v_6 - 1)*(v_8 - 1)*(v_9 - 1) + v_3*(v_6 - 1)*(v_8 - 1)*(v_9 - 1) + v_4*(v_10 - 1)*(v_3 - 1)*(v_6 - 1)*(v_8 - 1)*(v_9 - 1) - v_5*(v_10 - 1)*(v_3 - 1)*(v_4 - 1)*(v_6 - 1)*(v_8 - 1)*(v_9 - 1) - v_6 - v_7*(v_10 - 1)*(v_2 - 1)*(v_3 - 1)*(v_4 - 1)*(v_5 - 1)*(v_6 - 1)*(v_8 - 1)*(v_9 - 1) + v_8*(v_6 - 1) - v_9*(v_6 - 1)*(v_8 - 1)) + (v_1 - 1)*(v_10 - 1)*(v_2 - 1)*(v_3 - 1)*(v_4 - 1)*(v_5 - 1)*(v_6 - 1)*(v_7 - 1)*(v_8 - 1)*(v_9 - 1)*(-v_16*v_19*v_20*v_21*v_22 + v_16*v_20*v_21*v_22*(v_19 - 1) + v_16*v_20*v_21*(v_22 - 1) + v_20*v_21*(v_16 - 1) + v_20*(v_21 - 1) + v_20 - 1)) - (v_1 - 1)*(v_10 - 1)*(v_18 - 1)*(v_2 - 1)*(v_3 - 1)*(v_4 - 1)*(v_5 - 1)*(v_6 - 1)*(v_7 - 1)*(v_8 - 1)*(v_9 - 1)*(-v_16*v_19*v_20*v_21*v_22 + v_16*v_20*v_21*v_22*(v_19 - 1) + v_16*v_20*v_21*(v_22 - 1) + v_20*v_21*(v_16 - 1) + v_20*(v_21 - 1) + v_20 - 1)) + (v_1 - 1)*(v_10 - 1)*(v_15 - 1)*(v_2 - 1)*(v_3 - 1)*(v_4 - 1)*(v_5 - 1)*(v_6 - 1)*(v_7 - 1)*(v_8 - 1)*(v_9 - 1)*(-v_16*v_19*v_20*v_21*v_22 + v_16*v_20*v_21*v_22*(v_19 - 1) + v_16*v_20*v_21*(v_22 - 1) + v_20*v_21*(v_16 - 1) + v_20*(v_21 - 1) + v_20 - 1)) + (v_1 - 1)*(v_10 - 1)*(v_14 - 1)*(v_2 - 1)*(v_3 - 1)*(v_4 - 1)*(v_5 - 1)*(v_6 - 1)*(v_7 - 1)*(v_8 - 1)*(v_9 - 1)*(-v_16*v_19*v_20*v_21*v_22 + v_16*v_20*v_21*v_22*(v_19 - 1) + v_16*v_20*v_21*(v_22 - 1) + v_20*v_21*(v_16 - 1) + v_20*(v_21 - 1) + v_20 - 1)) + (v_1 - 1)*(v_10 - 1)*(v_13 - 1)*(v_2 - 1)*(v_3 - 1)*(v_4 - 1)*(v_5 - 1)*(v_6 - 1)*(v_7 - 1)*(v_8 - 1)*(v_9 - 1)*(-v_16*v_19*v_20*v_21*v_22 + v_16*v_20*v_21*v_22*(v_19 - 1) + v_16*v_20*v_21*(v_22 - 1) + v_20*v_21*(v_16 - 1) + v_20*(v_21 - 1) + v_20 - 1)) + (v_1 - 1)*(v_10 - 1)*(v_12 - 1)*(v_2 - 1)*(v_3 - 1)*(v_4 - 1)*(v_5 - 1)*(v_6 - 1)*(v_7 - 1)*(v_8 - 1)*(v_9 - 1)*(-v_16*v_19*v_20*v_21*v_22 + v_16*v_20*v_21*v_22*(v_19 - 1) + v_16*v_20*v_21*(v_22 - 1) + v_20*v_21*(v_16 - 1) + v_20*(v_21 - 1) + v_20 - 1)
Post simplification
symp_time: 23.757026433944702
number of sums: 39
number of subs: 153
number of prods: 204
opt_time: 0.4286162853240967
     fun: 9.112920759874594
   maxcv: 0.02607667642956024
 message: 'Did not converge to a solution satisfying the constraints. See `maxcv` for magnitude of violation.'
    nfev: 215
  status: 4
 success: False
       x: array([0.01      , 0.89      , 0.01306693, 0.89000871, 0.01117127,
       0.89      , 0.01      , 0.89      , 0.01      , 0.98995044,
       0.01      , 0.89764669, 0.01      , 0.89      , 0.01      ,
       0.89      , 0.01      , 0.89      , 0.01107671, 0.89      ])

real	0m28.415s
user	0m27.664s
sys	0m0.563s
Ended at: 
Sat Dec  9 09:22:54 CET 2023
