Started at: 
Sat Dec  9 09:18:43 CET 2023
Instance 2
[INFO] aspmc: Tree Decomposition #bags: 13 unfolded treewidth: 3 #vertices: 15
[INFO] aspmc: Preprocessing disabled
[INFO] aspmc:    Stats Compilation
[INFO] aspmc: ------------------------------------------------------------
[INFO] aspmc: X/D-Constrained Tree Decomposition #bags: 16 treewidth: 7 #vertices: 26
[INFO] aspmc: Dtree time:               2.0197653770446777
[INFO] aspmc: Compilation time:         0.01448202133178711
[INFO] aspmc: Preparation time:         8.082389831542969e-05
[INFO] aspmc: Counting time:            0.028477907180786133
[INFO] aspmc: ------------------------------------------------------------
[0.01::a0., 0.99::a1., 0.01::a2., 0.99::a3., 0.01::a4., 0.99::a5., 0.01::a6., 0.99::a7., 0.01::a8., 0.99::a9., qr:-not a0,not a2,not a4,not a6,not a8., qr:-a1,a3,a5,a7,a9,not nqr., nqr:-a1,a3,a5,a7,a9,not qr., query(qr).]
tracc
nnf_construction_time: 3.1646499633789062
Pre simplification
number of sums: 119
number of prods: 190
0.92274469442792*v_11*v_5 + 0.0378513155720799*v_11 - 0.96059601*v_5 + 0.96059601
Post simplification
symp_time: 0.3569633960723877
number of sums: 2
number of subs: 1
number of prods: 4
opt_time: 0.002994537353515625
     fun: 0.9999690108347135
   maxcv: 0.19707764888543
 message: 'Did not converge to a solution satisfying the constraints. See `maxcv` for magnitude of violation.'
    nfev: 20
  status: 4
 success: False
       x: array([0.30704664, 0.69292237])

real	0m4.656s
user	0m3.774s
sys	0m0.756s
Instance 3
[INFO] aspmc: Tree Decomposition #bags: 13 unfolded treewidth: 3 #vertices: 15
[INFO] aspmc: Preprocessing disabled
[INFO] aspmc:    Stats Compilation
[INFO] aspmc: ------------------------------------------------------------
[INFO] aspmc: X/D-Constrained Tree Decomposition #bags: 16 treewidth: 7 #vertices: 26
[INFO] aspmc: Dtree time:               2.018625020980835
[INFO] aspmc: Compilation time:         0.014556169509887695
[INFO] aspmc: Preparation time:         7.534027099609375e-05
[INFO] aspmc: Counting time:            0.025896549224853516
[INFO] aspmc: ------------------------------------------------------------
[0.01::a0., 0.99::a1., 0.01::a2., 0.99::a3., 0.01::a4., 0.99::a5., 0.01::a6., 0.99::a7., 0.01::a8., 0.99::a9., qr:-not a0,not a2,not a4,not a6,not a8., qr:-a1,a3,a5,a7,a9,not nqr., nqr:-a1,a3,a5,a7,a9,not qr., query(qr).]
tracc
nnf_construction_time: 3.1685590744018555
Pre simplification
number of sums: 119
number of prods: 190
-0.93206534790699*v_11*v_4*v_5 + 0.93206534790699*v_11*v_4 + 0.93206534790699*v_11*v_5 + 0.02853066209301*v_11 + 0.970299*v_4*v_5 - 0.970299*v_4 - 0.970299*v_5 + 0.970299
Post simplification
symp_time: 0.436978816986084
number of sums: 5
number of subs: 3
number of prods: 12
opt_time: 0.0036935806274414062
     fun: 1.6304528964649219
   maxcv: 0.2595471035350782
 message: 'Did not converge to a solution satisfying the constraints. See `maxcv` for magnitude of violation.'
    nfev: 19
  status: 4
 success: False
       x: array([0.6304529, 0.3695471, 0.6304529])

real	0m4.659s
user	0m3.743s
sys	0m0.776s
Instance 4
[INFO] aspmc: Tree Decomposition #bags: 13 unfolded treewidth: 3 #vertices: 15
[INFO] aspmc: Preprocessing disabled
[INFO] aspmc:    Stats Compilation
[INFO] aspmc: ------------------------------------------------------------
[INFO] aspmc: X/D-Constrained Tree Decomposition #bags: 16 treewidth: 7 #vertices: 26
[INFO] aspmc: Dtree time:               2.0202085971832275
[INFO] aspmc: Compilation time:         0.014060258865356445
[INFO] aspmc: Preparation time:         6.961822509765625e-05
[INFO] aspmc: Counting time:            0.026382923126220703
[INFO] aspmc: ------------------------------------------------------------
[0.01::a0., 0.99::a1., 0.01::a2., 0.99::a3., 0.01::a4., 0.99::a5., 0.01::a6., 0.99::a7., 0.01::a8., 0.99::a9., qr:-not a0,not a2,not a4,not a6,not a8., qr:-a1,a3,a5,a7,a9,not nqr., nqr:-a1,a3,a5,a7,a9,not qr., query(qr).]
tracc
nnf_construction_time: 3.1647136211395264
Pre simplification
number of sums: 119
number of prods: 190
-0.941480149401*v_10*v_11*v_4*v_5 + 0.941480149401*v_10*v_11*v_4 + 0.941480149401*v_10*v_11*v_5 + 0.028818850599*v_10*v_11 + 0.970299*v_4*v_5 - 0.970299*v_4 - 0.970299*v_5 + 0.970299
Post simplification
symp_time: 0.4640026092529297
number of sums: 5
number of subs: 3
number of prods: 16
opt_time: 0.007834672927856445
     fun: 2.0
   maxcv: 0.34234384260461515
 message: 'Did not converge to a solution satisfying the constraints. See `maxcv` for magnitude of violation.'
    nfev: 31
  status: 4
 success: False
       x: array([0.45234242, 0.54765758, 0.45234242, 0.54765758])

real	0m4.705s
user	0m3.771s
sys	0m0.759s
Instance 5
[INFO] aspmc: Tree Decomposition #bags: 13 unfolded treewidth: 3 #vertices: 15
[INFO] aspmc: Preprocessing disabled
[INFO] aspmc:    Stats Compilation
[INFO] aspmc: ------------------------------------------------------------
[INFO] aspmc: X/D-Constrained Tree Decomposition #bags: 16 treewidth: 7 #vertices: 26
[INFO] aspmc: Dtree time:               2.018648624420166
[INFO] aspmc: Compilation time:         0.014463186264038086
[INFO] aspmc: Preparation time:         7.128715515136719e-05
[INFO] aspmc: Counting time:            0.024753570556640625
[INFO] aspmc: ------------------------------------------------------------
[0.01::a0., 0.99::a1., 0.01::a2., 0.99::a3., 0.01::a4., 0.99::a5., 0.01::a6., 0.99::a7., 0.01::a8., 0.99::a9., qr:-not a0,not a2,not a4,not a6,not a8., qr:-a1,a3,a5,a7,a9,not nqr., nqr:-a1,a3,a5,a7,a9,not qr., query(qr).]
tracc
nnf_construction_time: 3.1579043865203857
Pre simplification
number of sums: 119
number of prods: 190
v_10*(v_11*(0.970299*v_3 - 0.970299*v_4*(v_3 - 1) + 0.970299*v_5*(v_3 - 1)*(v_4 - 1) - 0.9994089501*(v_3 - 1)*(v_4 - 1)*(v_5 - 1)) + 0.9801*(v_11 - 1)*(v_3 - 1)*(v_4 - 1)*(v_5 - 1)) + 0.9801*(v_10 - 1)*(v_3 - 1)*(v_4 - 1)*(v_5 - 1)
Post simplification
symp_time: 0.5619099140167236
number of sums: 3
number of subs: 16
number of prods: 19
opt_time: 0.011887073516845703
     fun: 2.5105939822546164
   maxcv: 0.3794074104955433
 message: 'Did not converge to a solution satisfying the constraints. See `maxcv` for magnitude of violation.'
    nfev: 36
  status: 4
 success: False
       x: array([0.51059398, 0.48940602, 0.51059398, 0.48940602, 0.51059398])

real	0m4.781s
user	0m3.881s
sys	0m0.764s
Instance 6
[INFO] aspmc: Tree Decomposition #bags: 13 unfolded treewidth: 3 #vertices: 15
[INFO] aspmc: Preprocessing disabled
[INFO] aspmc:    Stats Compilation
[INFO] aspmc: ------------------------------------------------------------
[INFO] aspmc: X/D-Constrained Tree Decomposition #bags: 16 treewidth: 7 #vertices: 26
[INFO] aspmc: Dtree time:               2.018159866333008
[INFO] aspmc: Compilation time:         0.014072895050048828
[INFO] aspmc: Preparation time:         7.414817810058594e-05
[INFO] aspmc: Counting time:            0.024883747100830078
[INFO] aspmc: ------------------------------------------------------------
[0.01::a0., 0.99::a1., 0.01::a2., 0.99::a3., 0.01::a4., 0.99::a5., 0.01::a6., 0.99::a7., 0.01::a8., 0.99::a9., qr:-not a0,not a2,not a4,not a6,not a8., qr:-a1,a3,a5,a7,a9,not nqr., nqr:-a1,a3,a5,a7,a9,not qr., query(qr).]
tracc
nnf_construction_time: 3.158413887023926
Pre simplification
number of sums: 119
number of prods: 190
0.9801*v_10*(v_11*(v_9*(1.0*v_3 - 1.0*v_4*(v_3 - 1) + 1.0*v_5*(v_3 - 1)*(v_4 - 1) - 0.0199*(v_3 - 1)*(v_4 - 1)*(v_5 - 1)) - (v_3 - 1)*(v_4 - 1)*(v_5 - 1)) + (v_11 - 1)*(v_3 - 1)*(v_4 - 1)*(v_5 - 1)) + 0.9801*(v_10 - 1)*(v_3 - 1)*(v_4 - 1)*(v_5 - 1)
Post simplification
symp_time: 0.5447452068328857
number of sums: 3
number of subs: 20
number of prods: 22
opt_time: 0.018405437469482422
     fun: 3.0
   maxcv: 0.42391241684264214
 message: 'Did not converge to a solution satisfying the constraints. See `maxcv` for magnitude of violation.'
    nfev: 45
  status: 4
 success: False
       x: array([0.53391233, 0.46608767, 0.53391233, 0.46608767, 0.53391233,
       0.46608767])

real	0m4.770s
user	0m3.890s
sys	0m0.744s
Instance 7
[INFO] aspmc: Tree Decomposition #bags: 13 unfolded treewidth: 3 #vertices: 15
[INFO] aspmc: Preprocessing disabled
[INFO] aspmc:    Stats Compilation
[INFO] aspmc: ------------------------------------------------------------
[INFO] aspmc: X/D-Constrained Tree Decomposition #bags: 16 treewidth: 7 #vertices: 26
[INFO] aspmc: Dtree time:               2.0175721645355225
[INFO] aspmc: Compilation time:         0.0137939453125
[INFO] aspmc: Preparation time:         7.700920104980469e-05
[INFO] aspmc: Counting time:            0.023400306701660156
[INFO] aspmc: ------------------------------------------------------------
[0.01::a0., 0.99::a1., 0.01::a2., 0.99::a3., 0.01::a4., 0.99::a5., 0.01::a6., 0.99::a7., 0.01::a8., 0.99::a9., qr:-not a0,not a2,not a4,not a6,not a8., qr:-a1,a3,a5,a7,a9,not nqr., nqr:-a1,a3,a5,a7,a9,not qr., query(qr).]
tracc
nnf_construction_time: 3.150251626968384
Pre simplification
number of sums: 119
number of prods: 190
v_10*(v_11*(0.9801*v_9*(1.0*v_3 - 1.0*v_4*(v_3 - 1) + 1.0*v_5*(v_3 - 1)*(v_4 - 1) - (0.99*v_2 + 0.01)*(v_3 - 1)*(v_4 - 1)*(v_5 - 1)) + 0.99*(v_2 - 1)*(v_3 - 1)*(v_4 - 1)*(v_5 - 1)) - 0.99*(v_11 - 1)*(v_2 - 1)*(v_3 - 1)*(v_4 - 1)*(v_5 - 1)) - 0.99*(v_10 - 1)*(v_2 - 1)*(v_3 - 1)*(v_4 - 1)*(v_5 - 1)
Post simplification
symp_time: 0.6782512664794922
number of sums: 3
number of subs: 24
number of prods: 28
opt_time: 0.021523714065551758
     fun: 3.4411300665848885
   maxcv: 0.4488699334151115
 message: 'Did not converge to a solution satisfying the constraints. See `maxcv` for magnitude of violation.'
    nfev: 44
  status: 4
 success: False
       x: array([0.44113007, 0.55886993, 0.44113007, 0.55886993, 0.44113007,
       0.55886993, 0.44113007])

real	0m4.894s
user	0m3.999s
sys	0m0.752s
Instance 8
[INFO] aspmc: Tree Decomposition #bags: 13 unfolded treewidth: 3 #vertices: 15
[INFO] aspmc: Preprocessing disabled
[INFO] aspmc:    Stats Compilation
[INFO] aspmc: ------------------------------------------------------------
[INFO] aspmc: X/D-Constrained Tree Decomposition #bags: 16 treewidth: 7 #vertices: 26
[INFO] aspmc: Dtree time:               2.0178263187408447
[INFO] aspmc: Compilation time:         0.013390779495239258
[INFO] aspmc: Preparation time:         6.532669067382812e-05
[INFO] aspmc: Counting time:            0.02364969253540039
[INFO] aspmc: ------------------------------------------------------------
[0.01::a0., 0.99::a1., 0.01::a2., 0.99::a3., 0.01::a4., 0.99::a5., 0.01::a6., 0.99::a7., 0.01::a8., 0.99::a9., qr:-not a0,not a2,not a4,not a6,not a8., qr:-a1,a3,a5,a7,a9,not nqr., nqr:-a1,a3,a5,a7,a9,not qr., query(qr).]
tracc
nnf_construction_time: 3.158259630203247
Pre simplification
number of sums: 119
number of prods: 190
0.99*v_10*(v_11*(v_8*v_9*(1.0*v_3 - 1.0*v_4*(v_3 - 1) + 1.0*v_5*(v_3 - 1)*(v_4 - 1) - (0.99*v_2 + 0.01)*(v_3 - 1)*(v_4 - 1)*(v_5 - 1)) + (v_2 - 1)*(v_3 - 1)*(v_4 - 1)*(v_5 - 1)*(v_8*v_9 - v_8*(v_9 - 1) - v_8 + 1)) - (v_11 - 1)*(v_2 - 1)*(v_3 - 1)*(v_4 - 1)*(v_5 - 1)*(v_8*v_9 - v_8*(v_9 - 1) - v_8 + 1)) - 0.99*(v_10 - 1)*(v_2 - 1)*(v_3 - 1)*(v_4 - 1)*(v_5 - 1)*(v_8*v_9 - v_8*(v_9 - 1) - v_8 + 1)
Post simplification
symp_time: 0.7301647663116455
number of sums: 6
number of subs: 33
number of prods: 36
opt_time: 0.0321507453918457
     fun: 4.0
   maxcv: 0.4777188241414786
 message: 'Did not converge to a solution satisfying the constraints. See `maxcv` for magnitude of violation.'
    nfev: 57
  status: 4
 success: False
       x: array([0.58771882, 0.41228118, 0.58771882, 0.41228118, 0.58771882,
       0.41228118, 0.58771882, 0.41228118])

real	0m4.948s
user	0m4.062s
sys	0m0.750s
Instance 9
[INFO] aspmc: Tree Decomposition #bags: 13 unfolded treewidth: 3 #vertices: 15
[INFO] aspmc: Preprocessing disabled
[INFO] aspmc:    Stats Compilation
[INFO] aspmc: ------------------------------------------------------------
[INFO] aspmc: X/D-Constrained Tree Decomposition #bags: 16 treewidth: 7 #vertices: 26
[INFO] aspmc: Dtree time:               2.017263174057007
[INFO] aspmc: Compilation time:         0.013257026672363281
[INFO] aspmc: Preparation time:         6.651878356933594e-05
[INFO] aspmc: Counting time:            0.023530006408691406
[INFO] aspmc: ------------------------------------------------------------
[0.01::a0., 0.99::a1., 0.01::a2., 0.99::a3., 0.01::a4., 0.99::a5., 0.01::a6., 0.99::a7., 0.01::a8., 0.99::a9., qr:-not a0,not a2,not a4,not a6,not a8., qr:-a1,a3,a5,a7,a9,not nqr., nqr:-a1,a3,a5,a7,a9,not qr., query(qr).]
tracc
nnf_construction_time: 3.1469879150390625
Pre simplification
number of sums: 119
number of prods: 190
v_10*(v_11*(0.99*v_8*v_9*(v_3 - v_4*(v_3 - 1) + v_5*(v_3 - 1)*(v_4 - 1) + (v_3 - 1)*(v_4 - 1)*(v_5 - 1)*(v_1*(v_2 - 1) - v_2)) - 1.0*(v_1 - 1)*(v_2 - 1)*(v_3 - 1)*(v_4 - 1)*(v_5 - 1)*(v_8*v_9 - v_8*(v_9 - 1) - v_8 + 1)) + 1.0*(v_1 - 1)*(v_11 - 1)*(v_2 - 1)*(v_3 - 1)*(v_4 - 1)*(v_5 - 1)*(v_8*v_9 - v_8*(v_9 - 1) - v_8 + 1)) + 1.0*(v_1 - 1)*(v_10 - 1)*(v_2 - 1)*(v_3 - 1)*(v_4 - 1)*(v_5 - 1)*(v_8*v_9 - v_8*(v_9 - 1) - v_8 + 1)
Post simplification
symp_time: 0.9471423625946045
number of sums: 7
number of subs: 36
number of prods: 38
opt_time: 0.043245792388916016
     fun: 4.550322971499429
   maxcv: 0.33967702850057085
 message: 'Did not converge to a solution satisfying the constraints. See `maxcv` for magnitude of violation.'
    nfev: 69
  status: 4
 success: False
       x: array([ 1.32967703,  0.44967703,  1.32967703,  0.44967703,  0.55032297,
       -0.32967703,  0.55032297, -0.32967703,  0.55032297])

real	0m5.141s
user	0m4.242s
sys	0m0.765s
Instance 10
[INFO] aspmc: Tree Decomposition #bags: 13 unfolded treewidth: 3 #vertices: 15
[INFO] aspmc: Preprocessing disabled
[INFO] aspmc:    Stats Compilation
[INFO] aspmc: ------------------------------------------------------------
[INFO] aspmc: X/D-Constrained Tree Decomposition #bags: 16 treewidth: 7 #vertices: 26
[INFO] aspmc: Dtree time:               2.0169482231140137
[INFO] aspmc: Compilation time:         0.013389110565185547
[INFO] aspmc: Preparation time:         6.341934204101562e-05
[INFO] aspmc: Counting time:            0.023059606552124023
[INFO] aspmc: ------------------------------------------------------------
[0.01::a0., 0.99::a1., 0.01::a2., 0.99::a3., 0.01::a4., 0.99::a5., 0.01::a6., 0.99::a7., 0.01::a8., 0.99::a9., qr:-not a0,not a2,not a4,not a6,not a8., qr:-a1,a3,a5,a7,a9,not nqr., nqr:-a1,a3,a5,a7,a9,not qr., query(qr).]
tracc
nnf_construction_time: 3.1514315605163574
Pre simplification
number of sums: 119
number of prods: 190
v_10*(v_11*(v_7*v_8*v_9*(v_3 - v_4*(v_3 - 1) + v_5*(v_3 - 1)*(v_4 - 1) + (v_3 - 1)*(v_4 - 1)*(v_5 - 1)*(v_1*(v_2 - 1) - v_2)) + (v_1 - 1)*(v_2 - 1)*(v_3 - 1)*(v_4 - 1)*(v_5 - 1)*(-v_7*v_8*v_9 + v_8*v_9*(v_7 - 1) + v_8*(v_9 - 1) + v_8 - 1)) - (v_1 - 1)*(v_11 - 1)*(v_2 - 1)*(v_3 - 1)*(v_4 - 1)*(v_5 - 1)*(-v_7*v_8*v_9 + v_8*v_9*(v_7 - 1) + v_8*(v_9 - 1) + v_8 - 1)) - (v_1 - 1)*(v_10 - 1)*(v_2 - 1)*(v_3 - 1)*(v_4 - 1)*(v_5 - 1)*(-v_7*v_8*v_9 + v_8*v_9*(v_7 - 1) + v_8*(v_9 - 1) + v_8 - 1)
Post simplification
symp_time: 0.6994931697845459
number of sums: 12
number of subs: 40
number of prods: 44
opt_time: 0.3265507221221924
     fun: 5.072931038693528
   maxcv: 0.4093928576246933
 message: 'Did not converge to a solution satisfying the constraints. See `maxcv` for magnitude of violation.'
    nfev: 460
  status: 4
 success: False
       x: array([ 0.51939286,  1.39939286,  0.51939286,  0.48060714,  0.51939286,
        0.48060714, -0.32662815,  1.39939286, -0.39922652,  0.48060714])

real	0m5.166s
user	0m4.368s
sys	0m0.677s
Ended at: 
Sat Dec  9 09:19:26 CET 2023
