Started at: 
Sat Dec  9 09:18:43 CET 2023
Instance 2
[INFO] aspmc: Tree Decomposition #bags: 18 unfolded treewidth: 3 #vertices: 20
[INFO] aspmc: Preprocessing disabled
[INFO] aspmc:    Stats Compilation
[INFO] aspmc: ------------------------------------------------------------
[INFO] aspmc: X/D-Constrained Tree Decomposition #bags: 23 treewidth: 7 #vertices: 38
[INFO] aspmc: Dtree time:               2.0216588973999023
[INFO] aspmc: Compilation time:         0.014972209930419922
[INFO] aspmc: Preparation time:         8.511543273925781e-05
[INFO] aspmc: Counting time:            0.03883838653564453
[INFO] aspmc: ------------------------------------------------------------
[0.01::a0., 0.99::a1., 0.01::a2., 0.99::a3., 0.01::a4., 0.99::a5., 0.01::a6., 0.99::a7., 0.01::a8., 0.99::a9., 0.01::a10., 0.99::a11., 0.01::a12., 0.99::a13., 0.01::a14., qr:-not a0,not a2,not a4,not a6,not a8,not a10,not a12,not a14., qr:-a1,a3,a5,a7,a9,a11,a13,not nqr., nqr:-a1,a3,a5,a7,a9,a11,a13,not qr., query(qr).]
tracc
nnf_construction_time: 3.1804392337799072
Pre simplification
number of sums: 199
number of prods: 397
0.877521022998968*v_17*v_8 + 0.0639591264020321*v_17 - 0.93206534790699*v_8 + 0.93206534790699
Post simplification
symp_time: 0.36293935775756836
number of sums: 2
number of subs: 1
number of prods: 4
opt_time: 0.025892972946166992
     fun: 0.9000000000000002
     jac: array([1., 1.])
 message: 'Optimization terminated successfully'
    nfev: 2
     nit: 2
    njev: 2
  status: 0
 success: True
       x: array([0.89, 0.01])

real	0m4.716s
user	0m3.946s
sys	0m0.644s
Instance 3
[INFO] aspmc: Tree Decomposition #bags: 18 unfolded treewidth: 3 #vertices: 20
[INFO] aspmc: Preprocessing disabled
[INFO] aspmc:    Stats Compilation
[INFO] aspmc: ------------------------------------------------------------
[INFO] aspmc: X/D-Constrained Tree Decomposition #bags: 23 treewidth: 7 #vertices: 38
[INFO] aspmc: Dtree time:               2.0230588912963867
[INFO] aspmc: Compilation time:         0.015179872512817383
[INFO] aspmc: Preparation time:         8.392333984375e-05
[INFO] aspmc: Counting time:            0.037772178649902344
[INFO] aspmc: ------------------------------------------------------------
[0.01::a0., 0.99::a1., 0.01::a2., 0.99::a3., 0.01::a4., 0.99::a5., 0.01::a6., 0.99::a7., 0.01::a8., 0.99::a9., 0.01::a10., 0.99::a11., 0.01::a12., 0.99::a13., 0.01::a14., qr:-not a0,not a2,not a4,not a6,not a8,not a10,not a12,not a14., qr:-a1,a3,a5,a7,a9,a11,a13,not nqr., nqr:-a1,a3,a5,a7,a9,a11,a13,not qr., query(qr).]
tracc
nnf_construction_time: 3.184293031692505
Pre simplification
number of sums: 199
number of prods: 397
v_17*(0.93206534790699*v_7 - 0.93206534790699*v_8*(v_7 - 1) + 0.987160625591861*(v_7 - 1)*(v_8 - 1) + 0.00941480149401) - 0.941480149401*(v_17 - 1)*(v_7 - 1)*(v_8 - 1)
Post simplification
symp_time: 0.5461373329162598
number of sums: 2
number of subs: 8
number of prods: 9
opt_time: 0.2813601493835449
     fun: 1.8900000000000001
     jac: array([1., 1., 1.])
 message: 'Positive directional derivative for linesearch'
    nfev: 79
     nit: 13
    njev: 9
  status: 8
 success: False
       x: array([0.89, 0.11, 0.89])

real	0m5.059s
user	0m4.277s
sys	0m0.661s
Instance 4
[INFO] aspmc: Tree Decomposition #bags: 18 unfolded treewidth: 3 #vertices: 20
[INFO] aspmc: Preprocessing disabled
[INFO] aspmc:    Stats Compilation
[INFO] aspmc: ------------------------------------------------------------
[INFO] aspmc: X/D-Constrained Tree Decomposition #bags: 23 treewidth: 7 #vertices: 38
[INFO] aspmc: Dtree time:               2.0217061042785645
[INFO] aspmc: Compilation time:         0.014537811279296875
[INFO] aspmc: Preparation time:         7.963180541992188e-05
[INFO] aspmc: Counting time:            0.037018537521362305
[INFO] aspmc: ------------------------------------------------------------
/home/dazzolin/anaconda3/lib/python3.9/site-packages/scipy/optimize/optimize.py:282: RuntimeWarning: Values in x were outside bounds during a minimize step, clipping to bounds
  warnings.warn("Values in x were outside bounds during a "
[0.01::a0., 0.99::a1., 0.01::a2., 0.99::a3., 0.01::a4., 0.99::a5., 0.01::a6., 0.99::a7., 0.01::a8., 0.99::a9., 0.01::a10., 0.99::a11., 0.01::a12., 0.99::a13., 0.01::a14., qr:-not a0,not a2,not a4,not a6,not a8,not a10,not a12,not a14., qr:-a1,a3,a5,a7,a9,a11,a13,not nqr., nqr:-a1,a3,a5,a7,a9,a11,a13,not qr., query(qr).]
tracc
nnf_construction_time: 3.178819179534912
Pre simplification
number of sums: 199
number of prods: 397
v_17*(0.99*v_16*(0.9509900499*v_7 - 0.9509900499*v_8*(v_7 - 1) + 0.0466079748911955*(v_7 - 1)*(v_8 - 1) + 0.0096059601) + 0.941480149401*(1.11022302462516e-16*v_16 + 1.0)*(v_7 - 1)*(v_8 - 1)) - 0.941480149401*(1.11022302462516e-16*v_16 + 1.0)*(v_17 - 1)*(v_7 - 1)*(v_8 - 1)
Post simplification
symp_time: 0.6034204959869385
number of sums: 5
number of subs: 12
number of prods: 17
opt_time: 0.18824315071105957
     fun: 1.8000000000000007
     jac: array([1., 1., 1., 1.])
 message: 'Optimization terminated successfully'
    nfev: 2
     nit: 2
    njev: 2
  status: 0
 success: True
       x: array([0.89, 0.01, 0.89, 0.01])

real	0m5.026s
user	0m4.197s
sys	0m0.699s
Instance 5
[INFO] aspmc: Tree Decomposition #bags: 18 unfolded treewidth: 3 #vertices: 20
[INFO] aspmc: Preprocessing disabled
[INFO] aspmc:    Stats Compilation
[INFO] aspmc: ------------------------------------------------------------
[INFO] aspmc: X/D-Constrained Tree Decomposition #bags: 23 treewidth: 7 #vertices: 38
[INFO] aspmc: Dtree time:               2.0216732025146484
[INFO] aspmc: Compilation time:         0.014729976654052734
[INFO] aspmc: Preparation time:         8.559226989746094e-05
[INFO] aspmc: Counting time:            0.03644967079162598
[INFO] aspmc: ------------------------------------------------------------
[0.01::a0., 0.99::a1., 0.01::a2., 0.99::a3., 0.01::a4., 0.99::a5., 0.01::a6., 0.99::a7., 0.01::a8., 0.99::a9., 0.01::a10., 0.99::a11., 0.01::a12., 0.99::a13., 0.01::a14., qr:-not a0,not a2,not a4,not a6,not a8,not a10,not a12,not a14., qr:-a1,a3,a5,a7,a9,a11,a13,not nqr., nqr:-a1,a3,a5,a7,a9,a11,a13,not qr., query(qr).]
tracc
nnf_construction_time: 3.1854958534240723
Pre simplification
number of sums: 199
number of prods: 397
v_17*(0.99*v_16*(0.96059601*v_6 - 0.96059601*v_7*(v_6 - 1) + 0.96059601*v_8*(v_6 - 1)*(v_7 - 1) - 0.0470787625163591*(v_6 - 1)*(v_7 - 1)*(v_8 - 1)) - 0.9509900499*(1.11022302462516e-16*v_16 + 1.0)*(v_6 - 1)*(v_7 - 1)*(v_8 - 1)) + 0.9509900499*(1.11022302462516e-16*v_16 + 1.0)*(v_17 - 1)*(v_6 - 1)*(v_7 - 1)*(v_8 - 1)
Post simplification
symp_time: 0.7064878940582275
number of sums: 4
number of subs: 18
number of prods: 23
opt_time: 0.21463847160339355
     fun: 2.89
     jac: array([1., 1., 1., 1., 1.])
 message: 'Positive directional derivative for linesearch'
    nfev: 1
     nit: 5
    njev: 1
  status: 8
 success: False
       x: array([0.89, 0.11, 0.89, 0.11, 0.89])

real	0m5.188s
user	0m4.365s
sys	0m0.703s
Instance 6
[INFO] aspmc: Tree Decomposition #bags: 18 unfolded treewidth: 3 #vertices: 20
[INFO] aspmc: Preprocessing disabled
[INFO] aspmc:    Stats Compilation
[INFO] aspmc: ------------------------------------------------------------
[INFO] aspmc: X/D-Constrained Tree Decomposition #bags: 23 treewidth: 7 #vertices: 38
[INFO] aspmc: Dtree time:               2.021730661392212
[INFO] aspmc: Compilation time:         0.014391660690307617
[INFO] aspmc: Preparation time:         9.393692016601562e-05
[INFO] aspmc: Counting time:            0.036702632904052734
[INFO] aspmc: ------------------------------------------------------------
/home/dazzolin/anaconda3/lib/python3.9/site-packages/scipy/optimize/optimize.py:282: RuntimeWarning: Values in x were outside bounds during a minimize step, clipping to bounds
  warnings.warn("Values in x were outside bounds during a "
[0.01::a0., 0.99::a1., 0.01::a2., 0.99::a3., 0.01::a4., 0.99::a5., 0.01::a6., 0.99::a7., 0.01::a8., 0.99::a9., 0.01::a10., 0.99::a11., 0.01::a12., 0.99::a13., 0.01::a14., qr:-not a0,not a2,not a4,not a6,not a8,not a10,not a12,not a14., qr:-a1,a3,a5,a7,a9,a11,a13,not nqr., nqr:-a1,a3,a5,a7,a9,a11,a13,not qr., query(qr).]
tracc
nnf_construction_time: 3.178619146347046
Pre simplification
number of sums: 199
number of prods: 397
v_17*(0.96059601*v_15*v_16*(1.0*v_6 - 1.0*v_7*(v_6 - 1) + 1.0*v_8*(v_6 - 1)*(v_7 - 1) - 0.0490099501*(v_6 - 1)*(v_7 - 1)*(v_8 - 1)) + 0.9509900499*(v_6 - 1)*(v_7 - 1)*(v_8 - 1)*(0.970299*v_15*(0.99*v_16 - 1.0) + 0.99*v_16*(1.11022302462516e-16*v_15 - 1.0) - (0.970299*v_15 - 1.0)*(0.99*v_16 - 1.0))) - 0.9509900499*(v_17 - 1)*(v_6 - 1)*(v_7 - 1)*(v_8 - 1)*(0.970299*v_15*(0.99*v_16 - 1.0) + 0.99*v_16*(1.11022302462516e-16*v_15 - 1.0) - (0.970299*v_15 - 1.0)*(0.99*v_16 - 1.0))
Post simplification
symp_time: 0.838498592376709
number of sums: 4
number of subs: 28
number of prods: 40
opt_time: 0.5281550884246826
     fun: 2.700000000000001
     jac: array([1., 1., 1., 1., 1., 1.])
 message: 'Optimization terminated successfully'
    nfev: 2
     nit: 2
    njev: 2
  status: 0
 success: True
       x: array([0.89, 0.01, 0.89, 0.01, 0.89, 0.01])

real	0m5.628s
user	0m4.778s
sys	0m0.724s
Instance 7
[INFO] aspmc: Tree Decomposition #bags: 18 unfolded treewidth: 3 #vertices: 20
[INFO] aspmc: Preprocessing disabled
[INFO] aspmc:    Stats Compilation
[INFO] aspmc: ------------------------------------------------------------
[INFO] aspmc: X/D-Constrained Tree Decomposition #bags: 23 treewidth: 7 #vertices: 38
[INFO] aspmc: Dtree time:               2.021780014038086
[INFO] aspmc: Compilation time:         0.014400959014892578
[INFO] aspmc: Preparation time:         9.179115295410156e-05
[INFO] aspmc: Counting time:            0.03660392761230469
[INFO] aspmc: ------------------------------------------------------------
[0.01::a0., 0.99::a1., 0.01::a2., 0.99::a3., 0.01::a4., 0.99::a5., 0.01::a6., 0.99::a7., 0.01::a8., 0.99::a9., 0.01::a10., 0.99::a11., 0.01::a12., 0.99::a13., 0.01::a14., qr:-not a0,not a2,not a4,not a6,not a8,not a10,not a12,not a14., qr:-a1,a3,a5,a7,a9,a11,a13,not nqr., nqr:-a1,a3,a5,a7,a9,a11,a13,not qr., query(qr).]
tracc
nnf_construction_time: 3.179734706878662
Pre simplification
number of sums: 199
number of prods: 397
0.96059601*v_17*(v_15*v_16*(-0.99*v_5*(v_6 - 1)*(v_7 - 1)*(v_8 - 1) + 1.0*v_6 - 1.0*v_7*(v_6 - 1) + 1.0*v_8*(v_6 - 1)*(v_7 - 1) + 0.02940399*(v_5 - 1)*(v_6 - 1)*(v_7 - 1)*(v_8 - 1) - 0.01*(v_6 - 1)*(v_7 - 1)*(v_8 - 1)) - (v_5 - 1)*(v_6 - 1)*(v_7 - 1)*(v_8 - 1)*(0.970299*v_15*(0.99*v_16 - 1.0) + 0.99*v_16*(1.11022302462516e-16*v_15 - 1.0) - (0.970299*v_15 - 1.0)*(0.99*v_16 - 1.0))) + 0.96059601*(v_17 - 1)*(v_5 - 1)*(v_6 - 1)*(v_7 - 1)*(v_8 - 1)*(0.970299*v_15*(0.99*v_16 - 1.0) + 0.99*v_16*(1.11022302462516e-16*v_15 - 1.0) - (0.970299*v_15 - 1.0)*(0.99*v_16 - 1.0))
Post simplification
symp_time: 1.0161941051483154
number of sums: 6
number of subs: 38
number of prods: 49
opt_time: 3.3480706214904785
     fun: 3.8899999999999855
     jac: array([1., 1., 1., 1., 1., 1., 1.])
 message: 'Positive directional derivative for linesearch'
    nfev: 111
     nit: 15
    njev: 11
  status: 8
 success: False
       x: array([0.89, 0.11, 0.89, 0.11, 0.89, 0.11, 0.89])

real	0m8.610s
user	0m7.784s
sys	0m0.698s
Instance 8
[INFO] aspmc: Tree Decomposition #bags: 18 unfolded treewidth: 3 #vertices: 20
[INFO] aspmc: Preprocessing disabled
[INFO] aspmc:    Stats Compilation
[INFO] aspmc: ------------------------------------------------------------
[INFO] aspmc: X/D-Constrained Tree Decomposition #bags: 23 treewidth: 7 #vertices: 38
[INFO] aspmc: Dtree time:               2.021740198135376
[INFO] aspmc: Compilation time:         0.014921188354492188
[INFO] aspmc: Preparation time:         8.630752563476562e-05
[INFO] aspmc: Counting time:            0.03792595863342285
[INFO] aspmc: ------------------------------------------------------------
/home/dazzolin/anaconda3/lib/python3.9/site-packages/scipy/optimize/optimize.py:282: RuntimeWarning: Values in x were outside bounds during a minimize step, clipping to bounds
  warnings.warn("Values in x were outside bounds during a "
[0.01::a0., 0.99::a1., 0.01::a2., 0.99::a3., 0.01::a4., 0.99::a5., 0.01::a6., 0.99::a7., 0.01::a8., 0.99::a9., 0.01::a10., 0.99::a11., 0.01::a12., 0.99::a13., 0.01::a14., qr:-not a0,not a2,not a4,not a6,not a8,not a10,not a12,not a14., qr:-a1,a3,a5,a7,a9,a11,a13,not nqr., nqr:-a1,a3,a5,a7,a9,a11,a13,not qr., query(qr).]
tracc
nnf_construction_time: 3.179716110229492
Pre simplification
number of sums: 199
number of prods: 397
v_17*(0.970299*v_14*v_15*v_16*(-0.99*v_5*(v_6 - 1)*(v_7 - 1)*(v_8 - 1) + 1.0*v_6 - 1.0*v_7*(v_6 - 1) + 1.0*v_8*(v_6 - 1)*(v_7 - 1) + 0.02940399*(v_5 - 1)*(v_6 - 1)*(v_7 - 1)*(v_8 - 1) - 0.01*(v_6 - 1)*(v_7 - 1)*(v_8 - 1)) - 0.96059601*(v_5 - 1)*(v_6 - 1)*(v_7 - 1)*(v_8 - 1)*(0.9801*v_14*v_15*(0.99*v_16 - 1.0) - 0.99*v_16*(v_14*v_15 - v_14*(v_15 - 1) - v_14 + 1) + (0.99*v_16 - 1.0)*(0.0199*v_14*v_15 - 1.0*v_14*(v_15 - 1) - 1.0*v_14 + 1.0))) + 0.96059601*(v_17 - 1)*(v_5 - 1)*(v_6 - 1)*(v_7 - 1)*(v_8 - 1)*(0.9801*v_14*v_15*(0.99*v_16 - 1.0) - 0.99*v_16*(v_14*v_15 - v_14*(v_15 - 1) - v_14 + 1) + (0.99*v_16 - 1.0)*(0.0199*v_14*v_15 - 1.0*v_14*(v_15 - 1) - 1.0*v_14 + 1.0))
Post simplification
symp_time: 0.9884569644927979
number of sums: 10
number of subs: 44
number of prods: 63
opt_time: 1.086775779724121
     fun: 3.6
     jac: array([1., 1., 1., 1., 1., 1., 1., 1.])
 message: 'Optimization terminated successfully'
    nfev: 2
     nit: 2
    njev: 2
  status: 0
 success: True
       x: array([0.89, 0.01, 0.89, 0.01, 0.89, 0.01, 0.89, 0.01])

real	0m6.330s
user	0m5.501s
sys	0m0.683s
Instance 9
[INFO] aspmc: Tree Decomposition #bags: 18 unfolded treewidth: 3 #vertices: 20
[INFO] aspmc: Preprocessing disabled
[INFO] aspmc:    Stats Compilation
[INFO] aspmc: ------------------------------------------------------------
[INFO] aspmc: X/D-Constrained Tree Decomposition #bags: 23 treewidth: 7 #vertices: 38
[INFO] aspmc: Dtree time:               2.021630048751831
[INFO] aspmc: Compilation time:         0.014683961868286133
[INFO] aspmc: Preparation time:         8.392333984375e-05
[INFO] aspmc: Counting time:            0.038036346435546875
[INFO] aspmc: ------------------------------------------------------------
[0.01::a0., 0.99::a1., 0.01::a2., 0.99::a3., 0.01::a4., 0.99::a5., 0.01::a6., 0.99::a7., 0.01::a8., 0.99::a9., 0.01::a10., 0.99::a11., 0.01::a12., 0.99::a13., 0.01::a14., qr:-not a0,not a2,not a4,not a6,not a8,not a10,not a12,not a14., qr:-a1,a3,a5,a7,a9,a11,a13,not nqr., nqr:-a1,a3,a5,a7,a9,a11,a13,not qr., query(qr).]
tracc
nnf_construction_time: 3.178950071334839
Pre simplification
number of sums: 199
number of prods: 397
-0.970299*v_17*(v_14*v_15*v_16*(-0.99*v_4*(v_5 - 1)*(v_6 - 1)*(v_7 - 1)*(v_8 - 1) + 0.99*v_5*(v_6 - 1)*(v_7 - 1)*(v_8 - 1) - 1.0*v_6 + 1.0*v_7*(v_6 - 1) - 1.0*v_8*(v_6 - 1)*(v_7 - 1) + 0.019701*(v_4 - 1)*(v_5 - 1)*(v_6 - 1)*(v_7 - 1)*(v_8 - 1) + 0.01*(v_6 - 1)*(v_7 - 1)*(v_8 - 1)) - (v_4 - 1)*(v_5 - 1)*(v_6 - 1)*(v_7 - 1)*(v_8 - 1)*(0.9801*v_14*v_15*(0.99*v_16 - 1.0) - 0.99*v_16*(v_14*v_15 - v_14*(v_15 - 1) - v_14 + 1) + (0.99*v_16 - 1.0)*(0.0199*v_14*v_15 - 1.0*v_14*(v_15 - 1) - 1.0*v_14 + 1.0))) - 0.970299*(v_17 - 1)*(v_4 - 1)*(v_5 - 1)*(v_6 - 1)*(v_7 - 1)*(v_8 - 1)*(0.9801*v_14*v_15*(0.99*v_16 - 1.0) - 0.99*v_16*(v_14*v_15 - v_14*(v_15 - 1) - v_14 + 1) + (0.99*v_16 - 1.0)*(0.0199*v_14*v_15 - 1.0*v_14*(v_15 - 1) - 1.0*v_14 + 1.0))
Post simplification
symp_time: 1.3120293617248535
number of sums: 10
number of subs: 53
number of prods: 70
opt_time: 0.9081141948699951
     fun: 4.89
     jac: array([1., 1., 1., 1., 1., 1., 1., 1., 1.])
 message: 'Positive directional derivative for linesearch'
    nfev: 1
     nit: 5
    njev: 1
  status: 8
 success: False
       x: array([0.89, 0.11, 0.89, 0.11, 0.89, 0.11, 0.89, 0.11, 0.89])

real	0m6.466s
user	0m5.672s
sys	0m0.673s
Instance 10
[INFO] aspmc: Tree Decomposition #bags: 18 unfolded treewidth: 3 #vertices: 20
[INFO] aspmc: Preprocessing disabled
[INFO] aspmc:    Stats Compilation
[INFO] aspmc: ------------------------------------------------------------
[INFO] aspmc: X/D-Constrained Tree Decomposition #bags: 23 treewidth: 7 #vertices: 38
[INFO] aspmc: Dtree time:               2.0216479301452637
[INFO] aspmc: Compilation time:         0.014405965805053711
[INFO] aspmc: Preparation time:         8.487701416015625e-05
[INFO] aspmc: Counting time:            0.0360713005065918
[INFO] aspmc: ------------------------------------------------------------
/home/dazzolin/anaconda3/lib/python3.9/site-packages/scipy/optimize/optimize.py:282: RuntimeWarning: Values in x were outside bounds during a minimize step, clipping to bounds
  warnings.warn("Values in x were outside bounds during a "
[0.01::a0., 0.99::a1., 0.01::a2., 0.99::a3., 0.01::a4., 0.99::a5., 0.01::a6., 0.99::a7., 0.01::a8., 0.99::a9., 0.01::a10., 0.99::a11., 0.01::a12., 0.99::a13., 0.01::a14., qr:-not a0,not a2,not a4,not a6,not a8,not a10,not a12,not a14., qr:-a1,a3,a5,a7,a9,a11,a13,not nqr., nqr:-a1,a3,a5,a7,a9,a11,a13,not qr., query(qr).]
tracc
nnf_construction_time: 3.17585825920105
Pre simplification
number of sums: 199
number of prods: 397
-v_17*(0.9801*v_13*v_14*v_15*v_16*(-0.99*v_4*(v_5 - 1)*(v_6 - 1)*(v_7 - 1)*(v_8 - 1) + 0.99*v_5*(v_6 - 1)*(v_7 - 1)*(v_8 - 1) - 1.0*v_6 + 1.0*v_7*(v_6 - 1) - 1.0*v_8*(v_6 - 1)*(v_7 - 1) + 0.019701*(v_4 - 1)*(v_5 - 1)*(v_6 - 1)*(v_7 - 1)*(v_8 - 1) + 0.01*(v_6 - 1)*(v_7 - 1)*(v_8 - 1)) - 0.970299*(v_4 - 1)*(v_5 - 1)*(v_6 - 1)*(v_7 - 1)*(v_8 - 1)*(-1.0*v_13*v_16*(v_14*v_15 - v_14*(v_15 - 1) - v_14 + 1) + 0.9801*v_14*v_15*(v_16*(v_13 - 1) + v_16 - 1) + (v_16*(v_13 - 1) + v_16 - 1)*(0.0199*v_14*v_15 - 1.0*v_14*(v_15 - 1) - 1.0*v_14 + 1.0))) - 0.970299*(v_17 - 1)*(v_4 - 1)*(v_5 - 1)*(v_6 - 1)*(v_7 - 1)*(v_8 - 1)*(-1.0*v_13*v_16*(v_14*v_15 - v_14*(v_15 - 1) - v_14 + 1) + 0.9801*v_14*v_15*(v_16*(v_13 - 1) + v_16 - 1) + (v_16*(v_13 - 1) + v_16 - 1)*(0.0199*v_14*v_15 - 1.0*v_14*(v_15 - 1) - 1.0*v_14 + 1.0))
Post simplification
symp_time: 1.3027186393737793
number of sums: 16
number of subs: 57
number of prods: 74
opt_time: 1.9093539714813232
     fun: 4.500000000000003
     jac: array([1., 1., 1., 1., 1., 1., 1., 1., 1., 1.])
 message: 'Optimization terminated successfully'
    nfev: 2
     nit: 2
    njev: 2
  status: 0
 success: True
       x: array([0.89, 0.01, 0.89, 0.01, 0.89, 0.01, 0.89, 0.01, 0.89, 0.01])

real	0m7.455s
user	0m6.631s
sys	0m0.698s
Instance 11
[INFO] aspmc: Tree Decomposition #bags: 18 unfolded treewidth: 3 #vertices: 20
[INFO] aspmc: Preprocessing disabled
[INFO] aspmc:    Stats Compilation
[INFO] aspmc: ------------------------------------------------------------
[INFO] aspmc: X/D-Constrained Tree Decomposition #bags: 23 treewidth: 7 #vertices: 38
[INFO] aspmc: Dtree time:               2.0218844413757324
[INFO] aspmc: Compilation time:         0.014699459075927734
[INFO] aspmc: Preparation time:         8.177757263183594e-05
[INFO] aspmc: Counting time:            0.03624606132507324
[INFO] aspmc: ------------------------------------------------------------
[0.01::a0., 0.99::a1., 0.01::a2., 0.99::a3., 0.01::a4., 0.99::a5., 0.01::a6., 0.99::a7., 0.01::a8., 0.99::a9., 0.01::a10., 0.99::a11., 0.01::a12., 0.99::a13., 0.01::a14., qr:-not a0,not a2,not a4,not a6,not a8,not a10,not a12,not a14., qr:-a1,a3,a5,a7,a9,a11,a13,not nqr., nqr:-a1,a3,a5,a7,a9,a11,a13,not qr., query(qr).]
tracc
nnf_construction_time: 3.17889142036438
Pre simplification
number of sums: 199
number of prods: 397
0.9801*v_17*(v_13*v_14*v_15*v_16*(-1.0*v_3*(v_6 - 1)*(v_7 - 1)*(v_8 - 1) - 1.0*v_4*(v_3 - 1)*(v_5 - 1)*(v_6 - 1)*(v_7 - 1)*(v_8 - 1) + 1.0*v_5*(v_3 - 1)*(v_6 - 1)*(v_7 - 1)*(v_8 - 1) + 1.0*v_6 - 1.0*v_7*(v_6 - 1) + 1.0*v_8*(v_6 - 1)*(v_7 - 1) + 0.0199*(v_3 - 1)*(v_4 - 1)*(v_5 - 1)*(v_6 - 1)*(v_7 - 1)*(v_8 - 1)) - (v_3 - 1)*(v_4 - 1)*(v_5 - 1)*(v_6 - 1)*(v_7 - 1)*(v_8 - 1)*(-1.0*v_13*v_16*(v_14*v_15 - v_14*(v_15 - 1) - v_14 + 1) + 0.9801*v_14*v_15*(v_16*(v_13 - 1) + v_16 - 1) + (v_16*(v_13 - 1) + v_16 - 1)*(0.0199*v_14*v_15 - 1.0*v_14*(v_15 - 1) - 1.0*v_14 + 1.0))) + 0.9801*(v_17 - 1)*(v_3 - 1)*(v_4 - 1)*(v_5 - 1)*(v_6 - 1)*(v_7 - 1)*(v_8 - 1)*(-1.0*v_13*v_16*(v_14*v_15 - v_14*(v_15 - 1) - v_14 + 1) + 0.9801*v_14*v_15*(v_16*(v_13 - 1) + v_16 - 1) + (v_16*(v_13 - 1) + v_16 - 1)*(0.0199*v_14*v_15 - 1.0*v_14*(v_15 - 1) - 1.0*v_14 + 1.0))
Post simplification
symp_time: 1.7826340198516846
number of sums: 17
number of subs: 60
number of prods: 79
opt_time: 6.562956809997559
     fun: 5.89
     jac: array([1., 1., 1., 1., 1., 1., 1., 1., 1., 1., 1.])
 message: 'Positive directional derivative for linesearch'
    nfev: 36
     nit: 10
    njev: 6
  status: 8
 success: False
       x: array([0.89, 0.11, 0.89, 0.11, 0.89, 0.11, 0.89, 0.11, 0.89, 0.11, 0.89])

real	0m12.606s
user	0m11.752s
sys	0m0.715s
Instance 12
[INFO] aspmc: Tree Decomposition #bags: 18 unfolded treewidth: 3 #vertices: 20
[INFO] aspmc: Preprocessing disabled
[INFO] aspmc:    Stats Compilation
[INFO] aspmc: ------------------------------------------------------------
[INFO] aspmc: X/D-Constrained Tree Decomposition #bags: 23 treewidth: 7 #vertices: 38
[INFO] aspmc: Dtree time:               2.0217928886413574
[INFO] aspmc: Compilation time:         0.014950752258300781
[INFO] aspmc: Preparation time:         8.630752563476562e-05
[INFO] aspmc: Counting time:            0.03720355033874512
[INFO] aspmc: ------------------------------------------------------------
/home/dazzolin/anaconda3/lib/python3.9/site-packages/scipy/optimize/optimize.py:282: RuntimeWarning: Values in x were outside bounds during a minimize step, clipping to bounds
  warnings.warn("Values in x were outside bounds during a "
[0.01::a0., 0.99::a1., 0.01::a2., 0.99::a3., 0.01::a4., 0.99::a5., 0.01::a6., 0.99::a7., 0.01::a8., 0.99::a9., 0.01::a10., 0.99::a11., 0.01::a12., 0.99::a13., 0.01::a14., qr:-not a0,not a2,not a4,not a6,not a8,not a10,not a12,not a14., qr:-a1,a3,a5,a7,a9,a11,a13,not nqr., nqr:-a1,a3,a5,a7,a9,a11,a13,not qr., query(qr).]
tracc
nnf_construction_time: 3.186245918273926
Pre simplification
number of sums: 199
number of prods: 397
v_17*(0.99*v_12*v_13*v_14*v_15*v_16*(-1.0*v_3*(v_6 - 1)*(v_7 - 1)*(v_8 - 1) - 1.0*v_4*(v_3 - 1)*(v_5 - 1)*(v_6 - 1)*(v_7 - 1)*(v_8 - 1) + 1.0*v_5*(v_3 - 1)*(v_6 - 1)*(v_7 - 1)*(v_8 - 1) + 1.0*v_6 - 1.0*v_7*(v_6 - 1) + 1.0*v_8*(v_6 - 1)*(v_7 - 1) + 0.0199*(v_3 - 1)*(v_4 - 1)*(v_5 - 1)*(v_6 - 1)*(v_7 - 1)*(v_8 - 1)) - 0.9801*(v_3 - 1)*(v_4 - 1)*(v_5 - 1)*(v_6 - 1)*(v_7 - 1)*(v_8 - 1)*(0.99*v_12*v_14*v_15*(v_16*(v_13 - 1) + v_16 - 1) + 1.0*v_13*v_16*(-v_12*v_14*v_15 + v_14*v_15*(v_12 - 1) + v_14*(v_15 - 1) + v_14 - 1) - (v_16*(v_13 - 1) + v_16 - 1)*(-0.01*v_12*v_14*v_15 + 1.0*v_14*v_15*(v_12 - 1) + 1.0*v_14*(v_15 - 1) + 1.0*v_14 - 1.0))) + 0.9801*(v_17 - 1)*(v_3 - 1)*(v_4 - 1)*(v_5 - 1)*(v_6 - 1)*(v_7 - 1)*(v_8 - 1)*(0.99*v_12*v_14*v_15*(v_16*(v_13 - 1) + v_16 - 1) + 1.0*v_13*v_16*(-v_12*v_14*v_15 + v_14*v_15*(v_12 - 1) + v_14*(v_15 - 1) + v_14 - 1) - (v_16*(v_13 - 1) + v_16 - 1)*(-0.01*v_12*v_14*v_15 + 1.0*v_14*v_15*(v_12 - 1) + 1.0*v_14*(v_15 - 1) + 1.0*v_14 - 1.0))
Post simplification
symp_time: 1.8941071033477783
number of sums: 23
number of subs: 64
number of prods: 97
opt_time: 3.188554048538208
     fun: 5.3999999999999995
     jac: array([1., 1., 1., 1., 1., 1., 1., 1., 1., 1., 1., 1.])
 message: 'Optimization terminated successfully'
    nfev: 2
     nit: 2
    njev: 2
  status: 0
 success: True
       x: array([0.89, 0.01, 0.89, 0.01, 0.89, 0.01, 0.89, 0.01, 0.89, 0.01, 0.89,
       0.01])

real	0m9.386s
user	0m8.563s
sys	0m0.662s
Instance 13
[INFO] aspmc: Tree Decomposition #bags: 18 unfolded treewidth: 3 #vertices: 20
[INFO] aspmc: Preprocessing disabled
[INFO] aspmc:    Stats Compilation
[INFO] aspmc: ------------------------------------------------------------
[INFO] aspmc: X/D-Constrained Tree Decomposition #bags: 23 treewidth: 7 #vertices: 38
[INFO] aspmc: Dtree time:               2.0217623710632324
[INFO] aspmc: Compilation time:         0.014796972274780273
[INFO] aspmc: Preparation time:         8.535385131835938e-05
[INFO] aspmc: Counting time:            0.03650712966918945
[INFO] aspmc: ------------------------------------------------------------
[0.01::a0., 0.99::a1., 0.01::a2., 0.99::a3., 0.01::a4., 0.99::a5., 0.01::a6., 0.99::a7., 0.01::a8., 0.99::a9., 0.01::a10., 0.99::a11., 0.01::a12., 0.99::a13., 0.01::a14., qr:-not a0,not a2,not a4,not a6,not a8,not a10,not a12,not a14., qr:-a1,a3,a5,a7,a9,a11,a13,not nqr., nqr:-a1,a3,a5,a7,a9,a11,a13,not qr., query(qr).]
tracc
nnf_construction_time: 3.177354097366333
Pre simplification
number of sums: 199
number of prods: 397
0.99*v_17*(v_12*v_13*v_14*v_15*v_16*(-1.0*v_3*(v_6 - 1)*(v_7 - 1)*(v_8 - 1) - 1.0*v_4*(v_3 - 1)*(v_5 - 1)*(v_6 - 1)*(v_7 - 1)*(v_8 - 1) + 1.0*v_5*(v_3 - 1)*(v_6 - 1)*(v_7 - 1)*(v_8 - 1) + 1.0*v_6 - 1.0*v_7*(v_6 - 1) + 1.0*v_8*(v_6 - 1)*(v_7 - 1) + (0.99*v_2 + 0.01)*(v_3 - 1)*(v_4 - 1)*(v_5 - 1)*(v_6 - 1)*(v_7 - 1)*(v_8 - 1)) + (v_2 - 1)*(v_3 - 1)*(v_4 - 1)*(v_5 - 1)*(v_6 - 1)*(v_7 - 1)*(v_8 - 1)*(0.99*v_12*v_14*v_15*(v_16*(v_13 - 1) + v_16 - 1) + 1.0*v_13*v_16*(-v_12*v_14*v_15 + v_14*v_15*(v_12 - 1) + v_14*(v_15 - 1) + v_14 - 1) - (v_16*(v_13 - 1) + v_16 - 1)*(-0.01*v_12*v_14*v_15 + 1.0*v_14*v_15*(v_12 - 1) + 1.0*v_14*(v_15 - 1) + 1.0*v_14 - 1.0))) - 0.99*(v_17 - 1)*(v_2 - 1)*(v_3 - 1)*(v_4 - 1)*(v_5 - 1)*(v_6 - 1)*(v_7 - 1)*(v_8 - 1)*(0.99*v_12*v_14*v_15*(v_16*(v_13 - 1) + v_16 - 1) + 1.0*v_13*v_16*(-v_12*v_14*v_15 + v_14*v_15*(v_12 - 1) + v_14*(v_15 - 1) + v_14 - 1) - (v_16*(v_13 - 1) + v_16 - 1)*(-0.01*v_12*v_14*v_15 + 1.0*v_14*v_15*(v_12 - 1) + 1.0*v_14*(v_15 - 1) + 1.0*v_14 - 1.0))
Post simplification
symp_time: 3.5341238975524902
number of sums: 24
number of subs: 66
number of prods: 99
opt_time: 25.40926718711853
     fun: 6.889999999999934
     jac: array([1., 1., 1., 1., 1., 1., 1., 1., 1., 1., 1., 1., 1.])
 message: 'Positive directional derivative for linesearch'
    nfev: 151
     nit: 19
    njev: 15
  status: 8
 success: False
       x: array([0.89, 0.11, 0.89, 0.11, 0.89, 0.11, 0.89, 0.11, 0.89, 0.11, 0.89,
       0.11, 0.89])

real	0m33.206s
user	0m32.343s
sys	0m0.692s
Instance 14
[INFO] aspmc: Tree Decomposition #bags: 18 unfolded treewidth: 3 #vertices: 20
[INFO] aspmc: Preprocessing disabled
[INFO] aspmc:    Stats Compilation
[INFO] aspmc: ------------------------------------------------------------
[INFO] aspmc: X/D-Constrained Tree Decomposition #bags: 23 treewidth: 7 #vertices: 38
[INFO] aspmc: Dtree time:               2.0214200019836426
[INFO] aspmc: Compilation time:         0.015472173690795898
[INFO] aspmc: Preparation time:         9.369850158691406e-05
[INFO] aspmc: Counting time:            0.034993648529052734
[INFO] aspmc: ------------------------------------------------------------
[0.01::a0., 0.99::a1., 0.01::a2., 0.99::a3., 0.01::a4., 0.99::a5., 0.01::a6., 0.99::a7., 0.01::a8., 0.99::a9., 0.01::a10., 0.99::a11., 0.01::a12., 0.99::a13., 0.01::a14., qr:-not a0,not a2,not a4,not a6,not a8,not a10,not a12,not a14., qr:-a1,a3,a5,a7,a9,a11,a13,not nqr., nqr:-a1,a3,a5,a7,a9,a11,a13,not qr., query(qr).]
tracc
nnf_construction_time: 3.181523084640503
Pre simplification
number of sums: 199
number of prods: 397
v_17*(v_11*v_12*v_13*v_14*v_15*v_16*(-1.0*v_3*(v_6 - 1)*(v_7 - 1)*(v_8 - 1) - 1.0*v_4*(v_3 - 1)*(v_5 - 1)*(v_6 - 1)*(v_7 - 1)*(v_8 - 1) + 1.0*v_5*(v_3 - 1)*(v_6 - 1)*(v_7 - 1)*(v_8 - 1) + 1.0*v_6 - 1.0*v_7*(v_6 - 1) + 1.0*v_8*(v_6 - 1)*(v_7 - 1) + (0.99*v_2 + 0.01)*(v_3 - 1)*(v_4 - 1)*(v_5 - 1)*(v_6 - 1)*(v_7 - 1)*(v_8 - 1)) + 0.99*(v_2 - 1)*(v_3 - 1)*(v_4 - 1)*(v_5 - 1)*(v_6 - 1)*(v_7 - 1)*(v_8 - 1)*(v_11*v_12*v_14*v_15*(v_16*(v_13 - 1) + v_16 - 1) + v_13*v_16*(-v_11*v_12*v_14*v_15 + v_12*v_14*v_15*(v_11 - 1) + v_14*v_15*(v_12 - 1) + v_14*(v_15 - 1) + v_14 - 1) - (v_16*(v_13 - 1) + v_16 - 1)*(v_12*v_14*v_15*(v_11 - 1) + v_14*v_15*(v_12 - 1) + v_14*(v_15 - 1) + v_14 - 1))) - 0.99*(v_17 - 1)*(v_2 - 1)*(v_3 - 1)*(v_4 - 1)*(v_5 - 1)*(v_6 - 1)*(v_7 - 1)*(v_8 - 1)*(v_11*v_12*v_14*v_15*(v_16*(v_13 - 1) + v_16 - 1) + v_13*v_16*(-v_11*v_12*v_14*v_15 + v_12*v_14*v_15*(v_11 - 1) + v_14*v_15*(v_12 - 1) + v_14*(v_15 - 1) + v_14 - 1) - (v_16*(v_13 - 1) + v_16 - 1)*(v_12*v_14*v_15*(v_11 - 1) + v_14*v_15*(v_12 - 1) + v_14*(v_15 - 1) + v_14 - 1))
Post simplification
symp_time: 3.3180959224700928
number of sums: 26
number of subs: 68
number of prods: 100
opt_time: 4.625138998031616
     fun: 6.30000000000002
     jac: array([1., 1., 1., 1., 1., 1., 1., 1., 1., 1., 1., 1., 1., 1.])
 message: 'Optimization terminated successfully'
    nfev: 2
     nit: 2
    njev: 2
  status: 0
 success: True
       x: array([0.89, 0.01, 0.89, 0.01, 0.89, 0.01, 0.89, 0.01, 0.89, 0.01, 0.89,
       0.01, 0.89, 0.01])

real	0m12.206s
user	0m11.304s
sys	0m0.729s
Instance 15
[INFO] aspmc: Tree Decomposition #bags: 18 unfolded treewidth: 3 #vertices: 20
[INFO] aspmc: Preprocessing disabled
[INFO] aspmc:    Stats Compilation
[INFO] aspmc: ------------------------------------------------------------
[INFO] aspmc: X/D-Constrained Tree Decomposition #bags: 23 treewidth: 7 #vertices: 38
[INFO] aspmc: Dtree time:               2.021127700805664
[INFO] aspmc: Compilation time:         0.014269113540649414
[INFO] aspmc: Preparation time:         9.512901306152344e-05
[INFO] aspmc: Counting time:            0.03440976142883301
[INFO] aspmc: ------------------------------------------------------------
[0.01::a0., 0.99::a1., 0.01::a2., 0.99::a3., 0.01::a4., 0.99::a5., 0.01::a6., 0.99::a7., 0.01::a8., 0.99::a9., 0.01::a10., 0.99::a11., 0.01::a12., 0.99::a13., 0.01::a14., qr:-not a0,not a2,not a4,not a6,not a8,not a10,not a12,not a14., qr:-a1,a3,a5,a7,a9,a11,a13,not nqr., nqr:-a1,a3,a5,a7,a9,a11,a13,not qr., query(qr).]
tracc
nnf_construction_time: 3.1697003841400146
Pre simplification
number of sums: 199
number of prods: 397
-v_17*(v_11*v_12*v_13*v_14*v_15*v_16*(v_3*(v_6 - 1)*(v_7 - 1)*(v_8 - 1) + v_4*(v_3 - 1)*(v_5 - 1)*(v_6 - 1)*(v_7 - 1)*(v_8 - 1) - v_5*(v_3 - 1)*(v_6 - 1)*(v_7 - 1)*(v_8 - 1) - v_6 + v_7*(v_6 - 1) - v_8*(v_6 - 1)*(v_7 - 1) + (v_3 - 1)*(v_4 - 1)*(v_5 - 1)*(v_6 - 1)*(v_7 - 1)*(v_8 - 1)*(v_1*(v_2 - 1) - v_2)) + (v_1 - 1)*(v_2 - 1)*(v_3 - 1)*(v_4 - 1)*(v_5 - 1)*(v_6 - 1)*(v_7 - 1)*(v_8 - 1)*(v_11*v_12*v_14*v_15*(v_16*(v_13 - 1) + v_16 - 1) + v_13*v_16*(-v_11*v_12*v_14*v_15 + v_12*v_14*v_15*(v_11 - 1) + v_14*v_15*(v_12 - 1) + v_14*(v_15 - 1) + v_14 - 1) - (v_16*(v_13 - 1) + v_16 - 1)*(v_12*v_14*v_15*(v_11 - 1) + v_14*v_15*(v_12 - 1) + v_14*(v_15 - 1) + v_14 - 1))) + (v_1 - 1)*(v_17 - 1)*(v_2 - 1)*(v_3 - 1)*(v_4 - 1)*(v_5 - 1)*(v_6 - 1)*(v_7 - 1)*(v_8 - 1)*(v_11*v_12*v_14*v_15*(v_16*(v_13 - 1) + v_16 - 1) + v_13*v_16*(-v_11*v_12*v_14*v_15 + v_12*v_14*v_15*(v_11 - 1) + v_14*v_15*(v_12 - 1) + v_14*(v_15 - 1) + v_14 - 1) - (v_16*(v_13 - 1) + v_16 - 1)*(v_12*v_14*v_15*(v_11 - 1) + v_14*v_15*(v_12 - 1) + v_14*(v_15 - 1) + v_14 - 1))
Post simplification
symp_time: 3.7234249114990234
number of sums: 25
number of subs: 72
number of prods: 94
opt_time: 27.838786125183105
     fun: 7.88999999999999
     jac: array([1., 1., 1., 1., 1., 1., 1., 1., 1., 1., 1., 1., 1., 1., 1.])
 message: 'Positive directional derivative for linesearch'
    nfev: 112
     nit: 16
    njev: 12
  status: 8
 success: False
       x: array([0.89, 0.11, 0.89, 0.11, 0.89, 0.11, 0.89, 0.11, 0.89, 0.11, 0.89,
       0.11, 0.89, 0.11, 0.89])

real	0m35.800s
user	0m34.908s
sys	0m0.705s
Ended at: 
Sat Dec  9 09:21:21 CET 2023
