Started at: 
Sat Dec  9 09:18:44 CET 2023
Instance 2
[INFO] aspmc: Tree Decomposition #bags: 23 unfolded treewidth: 3 #vertices: 25
[INFO] aspmc: Preprocessing disabled
[INFO] aspmc:    Stats Compilation
[INFO] aspmc: ------------------------------------------------------------
[INFO] aspmc: X/D-Constrained Tree Decomposition #bags: 32 treewidth: 10 #vertices: 51
[INFO] aspmc: Dtree time:               2.0272557735443115
[INFO] aspmc: Compilation time:         0.015304327011108398
[INFO] aspmc: Preparation time:         0.00010895729064941406
[INFO] aspmc: Counting time:            0.090789794921875
[INFO] aspmc: ------------------------------------------------------------
[0.01::a0., 0.99::a1., 0.01::a2., 0.99::a3., 0.01::a4., 0.99::a5., 0.01::a6., 0.99::a7., 0.01::a8., 0.99::a9., 0.01::a10., 0.99::a11., 0.01::a12., 0.99::a13., 0.01::a14., 0.99::a15., 0.01::a16., 0.99::a17., 0.01::a18., 0.99::a19., qr:-not a0,not a2,not a4,not a6,not a8,not a10,not a12,not a14,not a16,not a18., qr:-a1,a3,a5,a7,a9,a11,a13,a15,a17,a19,not nqr., nqr:-a1,a3,a5,a7,a9,a11,a13,a15,a17,a19,not qr., query(qr).]
tracc
nnf_construction_time: 3.240807056427002
Pre simplification
number of sums: 1791
number of prods: 5086
0.834513761450087*v_10*v_16 - 0.913517247483641*v_10 + 0.0790034860335532*v_16 + 0.913517247483641
Post simplification
symp_time: 0.9093124866485596
number of sums: 2
number of subs: 1
number of prods: 4
opt_time: 0.025824546813964844
     fun: 0.9000000000000002
     jac: array([1., 1.])
 message: 'Optimization terminated successfully'
    nfev: 2
     nit: 2
    njev: 2
  status: 0
 success: True
       x: array([0.89, 0.01])

real	0m5.354s
user	0m4.683s
sys	0m0.550s
Instance 3
[INFO] aspmc: Tree Decomposition #bags: 23 unfolded treewidth: 3 #vertices: 25
[INFO] aspmc: Preprocessing disabled
[INFO] aspmc:    Stats Compilation
[INFO] aspmc: ------------------------------------------------------------
[INFO] aspmc: X/D-Constrained Tree Decomposition #bags: 32 treewidth: 10 #vertices: 51
[INFO] aspmc: Dtree time:               2.025895833969116
[INFO] aspmc: Compilation time:         0.015268325805664062
[INFO] aspmc: Preparation time:         0.00010180473327636719
[INFO] aspmc: Counting time:            0.08805513381958008
[INFO] aspmc: ------------------------------------------------------------
[0.01::a0., 0.99::a1., 0.01::a2., 0.99::a3., 0.01::a4., 0.99::a5., 0.01::a6., 0.99::a7., 0.01::a8., 0.99::a9., 0.01::a10., 0.99::a11., 0.01::a12., 0.99::a13., 0.01::a14., 0.99::a15., 0.01::a16., 0.99::a17., 0.01::a18., 0.99::a19., qr:-not a0,not a2,not a4,not a6,not a8,not a10,not a12,not a14,not a16,not a18., qr:-a1,a3,a5,a7,a9,a11,a13,a15,a17,a19,not nqr., nqr:-a1,a3,a5,a7,a9,a11,a13,a15,a17,a19,not qr., query(qr).]
tracc
nnf_construction_time: 3.2405483722686768
Pre simplification
number of sums: 1791
number of prods: 5086
-0.842943193383927*v_10*v_16*v_9 + 0.842943193383927*v_10*v_16 + 0.92274469442792*v_10*v_9 - 0.92274469442792*v_10 + 0.842943193383927*v_16*v_9 + 0.0705740540997139*v_16 - 0.92274469442792*v_9 + 0.92274469442792
Post simplification
symp_time: 1.0772194862365723
number of sums: 5
number of subs: 3
number of prods: 12
opt_time: 0.06200742721557617
     fun: 1.8900000000000001
     jac: array([1., 1., 1.])
 message: 'Positive directional derivative for linesearch'
    nfev: 1
     nit: 5
    njev: 1
  status: 8
 success: False
       x: array([0.89, 0.11, 0.89])

real	0m5.460s
user	0m4.779s
sys	0m0.550s
Instance 4
[INFO] aspmc: Tree Decomposition #bags: 23 unfolded treewidth: 3 #vertices: 25
[INFO] aspmc: Preprocessing disabled
[INFO] aspmc:    Stats Compilation
[INFO] aspmc: ------------------------------------------------------------
[INFO] aspmc: X/D-Constrained Tree Decomposition #bags: 32 treewidth: 10 #vertices: 51
[INFO] aspmc: Dtree time:               2.0261707305908203
[INFO] aspmc: Compilation time:         0.01571512222290039
[INFO] aspmc: Preparation time:         0.00010418891906738281
[INFO] aspmc: Counting time:            0.08706188201904297
[INFO] aspmc: ------------------------------------------------------------
/home/dazzolin/anaconda3/lib/python3.9/site-packages/scipy/optimize/optimize.py:282: RuntimeWarning: Values in x were outside bounds during a minimize step, clipping to bounds
  warnings.warn("Values in x were outside bounds during a "
[0.01::a0., 0.99::a1., 0.01::a2., 0.99::a3., 0.01::a4., 0.99::a5., 0.01::a6., 0.99::a7., 0.01::a8., 0.99::a9., 0.01::a10., 0.99::a11., 0.01::a12., 0.99::a13., 0.01::a14., 0.99::a15., 0.01::a16., 0.99::a17., 0.01::a18., 0.99::a19., qr:-not a0,not a2,not a4,not a6,not a8,not a10,not a12,not a14,not a16,not a18., qr:-a1,a3,a5,a7,a9,a11,a13,a15,a17,a19,not nqr., nqr:-a1,a3,a5,a7,a9,a11,a13,a15,a17,a19,not qr., query(qr).]
tracc
nnf_construction_time: 3.2341275215148926
Pre simplification
number of sums: 1791
number of prods: 5086
-0.0274064401692036*v_15*(v_10 - 1)*(1.11022302462516e-16*v_16 - 1.0)*(v_9 - 1) + 0.970299*v_15*(0.9509900499*v_16*(-0.970299*v_10*(v_9 - 1) + 0.970299*v_9 + 0.0475543055720799*(v_10 - 1)*(v_9 - 1) + 0.029701) - 0.92274469442792*(v_10 - 1)*(1.11022302462516e-16*v_16 - 1.0)*(v_9 - 1)) + 0.92274469442792*(v_10 - 1)*(v_15 - 1)*(1.11022302462516e-16*v_16 - 1.0)*(v_9 - 1)
Post simplification
symp_time: 1.280019760131836
number of sums: 5
number of subs: 19
number of prods: 23
opt_time: 0.2825899124145508
     fun: 1.8000000000000007
     jac: array([1., 1., 1., 1.])
 message: 'Optimization terminated successfully'
    nfev: 2
     nit: 2
    njev: 2
  status: 0
 success: True
       x: array([0.89, 0.01, 0.89, 0.01])

real	0m5.856s
user	0m5.083s
sys	0m0.594s
Instance 5
[INFO] aspmc: Tree Decomposition #bags: 23 unfolded treewidth: 3 #vertices: 25
[INFO] aspmc: Preprocessing disabled
[INFO] aspmc:    Stats Compilation
[INFO] aspmc: ------------------------------------------------------------
[INFO] aspmc: X/D-Constrained Tree Decomposition #bags: 32 treewidth: 10 #vertices: 51
[INFO] aspmc: Dtree time:               2.026167869567871
[INFO] aspmc: Compilation time:         0.015109539031982422
[INFO] aspmc: Preparation time:         0.00010967254638671875
[INFO] aspmc: Counting time:            0.08997344970703125
[INFO] aspmc: ------------------------------------------------------------
[0.01::a0., 0.99::a1., 0.01::a2., 0.99::a3., 0.01::a4., 0.99::a5., 0.01::a6., 0.99::a7., 0.01::a8., 0.99::a9., 0.01::a10., 0.99::a11., 0.01::a12., 0.99::a13., 0.01::a14., 0.99::a15., 0.01::a16., 0.99::a17., 0.01::a18., 0.99::a19., qr:-not a0,not a2,not a4,not a6,not a8,not a10,not a12,not a14,not a16,not a18., qr:-a1,a3,a5,a7,a9,a11,a13,a15,a17,a19,not nqr., nqr:-a1,a3,a5,a7,a9,a11,a13,a15,a17,a19,not qr., query(qr).]
tracc
nnf_construction_time: 3.2367446422576904
Pre simplification
number of sums: 1791
number of prods: 5086
0.0276832728981855*v_15*(v_10 - 1)*(1.11022302462516e-16*v_16 - 1.0)*(v_8 - 1)*(v_9 - 1) + 0.970299*v_15*(0.9509900499*v_16*(0.9801*v_10*(v_8 - 1)*(v_9 - 1) + 0.99*v_8 - 0.99*v_9*(v_8 - 1) - 0.04803465209301*(v_10 - 1)*(v_8 - 1)*(v_9 - 1) + 0.0099*(v_8 - 1)*(v_9 - 1) + 0.01) + 0.93206534790699*(v_10 - 1)*(1.11022302462516e-16*v_16 - 1.0)*(v_8 - 1)*(v_9 - 1)) - 0.93206534790699*(v_10 - 1)*(v_15 - 1)*(1.11022302462516e-16*v_16 - 1.0)*(v_8 - 1)*(v_9 - 1)
Post simplification
symp_time: 1.4960989952087402
number of sums: 5
number of subs: 27
number of prods: 32
opt_time: 0.40288233757019043
     fun: 2.8899999999999997
     jac: array([1., 1., 1., 1., 1.])
 message: 'Inequality constraints incompatible'
    nfev: 12
     nit: 2
    njev: 2
  status: 4
 success: False
       x: array([0.89, 0.11, 0.89, 0.11, 0.89])

real	0m6.192s
user	0m5.520s
sys	0m0.538s
Instance 6
[INFO] aspmc: Tree Decomposition #bags: 23 unfolded treewidth: 3 #vertices: 25
[INFO] aspmc: Preprocessing disabled
[INFO] aspmc:    Stats Compilation
[INFO] aspmc: ------------------------------------------------------------
[INFO] aspmc: X/D-Constrained Tree Decomposition #bags: 32 treewidth: 10 #vertices: 51
[INFO] aspmc: Dtree time:               2.0260963439941406
[INFO] aspmc: Compilation time:         0.014844894409179688
[INFO] aspmc: Preparation time:         9.751319885253906e-05
[INFO] aspmc: Counting time:            0.08251738548278809
[INFO] aspmc: ------------------------------------------------------------
/home/dazzolin/anaconda3/lib/python3.9/site-packages/scipy/optimize/optimize.py:282: RuntimeWarning: Values in x were outside bounds during a minimize step, clipping to bounds
  warnings.warn("Values in x were outside bounds during a "
[0.01::a0., 0.99::a1., 0.01::a2., 0.99::a3., 0.01::a4., 0.99::a5., 0.01::a6., 0.99::a7., 0.01::a8., 0.99::a9., 0.01::a10., 0.99::a11., 0.01::a12., 0.99::a13., 0.01::a14., 0.99::a15., 0.01::a16., 0.99::a17., 0.01::a18., 0.99::a19., qr:-not a0,not a2,not a4,not a6,not a8,not a10,not a12,not a14,not a16,not a18., qr:-a1,a3,a5,a7,a9,a11,a13,a15,a17,a19,not nqr., nqr:-a1,a3,a5,a7,a9,a11,a13,a15,a17,a19,not qr., query(qr).]
tracc
nnf_construction_time: 3.2310373783111572
Pre simplification
number of sums: 1791
number of prods: 5086
0.0185481004233491*v_14*(v_10 - 1)*(1.11022302462516e-16*v_16 - 1.0)*(v_8 - 1)*(v_9 - 1) + 0.9801*v_14*(v_15*(0.9509900499*v_16*(0.9801*v_10*(v_8 - 1)*(v_9 - 1) + 0.99*v_8 - 0.99*v_9*(v_8 - 1) - 0.04803465209301*(v_10 - 1)*(v_8 - 1)*(v_9 - 1) + 0.0099*(v_8 - 1)*(v_9 - 1) + 0.01) + 0.93206534790699*(v_10 - 1)*(1.11022302462516e-16*v_16 - 1.0)*(v_8 - 1)*(v_9 - 1)) - 0.93206534790699*(v_10 - 1)*(v_15 - 1)*(1.11022302462516e-16*v_16 - 1.0)*(v_8 - 1)*(v_9 - 1)) - 0.93206534790699*(v_10 - 1)*(v_14 - 1)*(1.11022302462516e-16*v_16 - 1.0)*(v_8 - 1)*(v_9 - 1)
Post simplification
symp_time: 1.6523990631103516
number of sums: 5
number of subs: 34
number of prods: 39
opt_time: 0.5678377151489258
     fun: 2.700000000000001
     jac: array([1., 1., 1., 1., 1., 1.])
 message: 'Optimization terminated successfully'
    nfev: 2
     nit: 2
    njev: 2
  status: 0
 success: True
       x: array([0.89, 0.01, 0.89, 0.01, 0.89, 0.01])

real	0m6.505s
user	0m5.834s
sys	0m0.542s
Instance 7
[INFO] aspmc: Tree Decomposition #bags: 23 unfolded treewidth: 3 #vertices: 25
[INFO] aspmc: Preprocessing disabled
[INFO] aspmc:    Stats Compilation
[INFO] aspmc: ------------------------------------------------------------
[INFO] aspmc: X/D-Constrained Tree Decomposition #bags: 32 treewidth: 10 #vertices: 51
[INFO] aspmc: Dtree time:               2.0278642177581787
[INFO] aspmc: Compilation time:         0.01543426513671875
[INFO] aspmc: Preparation time:         0.00010585784912109375
[INFO] aspmc: Counting time:            0.08259725570678711
[INFO] aspmc: ------------------------------------------------------------
/home/dazzolin/anaconda3/lib/python3.9/site-packages/scipy/optimize/optimize.py:282: RuntimeWarning: Values in x were outside bounds during a minimize step, clipping to bounds
  warnings.warn("Values in x were outside bounds during a "
[0.01::a0., 0.99::a1., 0.01::a2., 0.99::a3., 0.01::a4., 0.99::a5., 0.01::a6., 0.99::a7., 0.01::a8., 0.99::a9., 0.01::a10., 0.99::a11., 0.01::a12., 0.99::a13., 0.01::a14., 0.99::a15., 0.01::a16., 0.99::a17., 0.01::a18., 0.99::a19., qr:-not a0,not a2,not a4,not a6,not a8,not a10,not a12,not a14,not a16,not a18., qr:-a1,a3,a5,a7,a9,a11,a13,a15,a17,a19,not nqr., nqr:-a1,a3,a5,a7,a9,a11,a13,a15,a17,a19,not qr., query(qr).]
tracc
nnf_construction_time: 3.2341222763061523
Pre simplification
number of sums: 1791
number of prods: 5086
-0.0187354549730799*v_14*(v_10 - 1)*(1.11022302462516e-16*v_16 - 1.0)*(v_7 - 1)*(v_8 - 1)*(v_9 - 1) + 0.9801*v_14*(v_15*(0.9509900499*v_16*(0.9801*v_10*(v_8 - 1)*(v_9 - 1) - 0.9509900499*v_7*(v_10 - 1)*(v_8 - 1)*(v_9 - 1) + 0.99*v_8 - 0.99*v_9*(v_8 - 1) + 0.009509900499*(v_10 - 1)*(v_7 - 1)*(v_8 - 1)*(v_9 - 1) - 0.0291099501*(v_10 - 1)*(v_8 - 1)*(v_9 - 1) + 0.0099*(v_8 - 1)*(v_9 - 1) + 0.01) - 0.941480149401*(v_10 - 1)*(1.11022302462516e-16*v_16 - 1.0)*(v_7 - 1)*(v_8 - 1)*(v_9 - 1)) + 0.941480149401*(v_10 - 1)*(v_15 - 1)*(1.11022302462516e-16*v_16 - 1.0)*(v_7 - 1)*(v_8 - 1)*(v_9 - 1)) + 0.941480149401*(v_10 - 1)*(v_14 - 1)*(1.11022302462516e-16*v_16 - 1.0)*(v_7 - 1)*(v_8 - 1)*(v_9 - 1)
Post simplification
symp_time: 2.0072314739227295
number of sums: 7
number of subs: 46
number of prods: 51
opt_time: 1.4841358661651611
     fun: 3.8899999999998784
     jac: array([1., 1., 1., 1., 1., 1., 1.])
 message: 'Positive directional derivative for linesearch'
    nfev: 34
     nit: 8
    njev: 4
  status: 8
 success: False
       x: array([0.89, 0.11, 0.89, 0.11, 0.89, 0.11, 0.89])

real	0m7.802s
user	0m7.135s
sys	0m0.544s
Instance 8
[INFO] aspmc: Tree Decomposition #bags: 23 unfolded treewidth: 3 #vertices: 25
[INFO] aspmc: Preprocessing disabled
[INFO] aspmc:    Stats Compilation
[INFO] aspmc: ------------------------------------------------------------
[INFO] aspmc: X/D-Constrained Tree Decomposition #bags: 32 treewidth: 10 #vertices: 51
[INFO] aspmc: Dtree time:               2.0259573459625244
[INFO] aspmc: Compilation time:         0.015538215637207031
[INFO] aspmc: Preparation time:         9.989738464355469e-05
[INFO] aspmc: Counting time:            0.08618521690368652
[INFO] aspmc: ------------------------------------------------------------
/home/dazzolin/anaconda3/lib/python3.9/site-packages/scipy/optimize/optimize.py:282: RuntimeWarning: Values in x were outside bounds during a minimize step, clipping to bounds
  warnings.warn("Values in x were outside bounds during a "
[0.01::a0., 0.99::a1., 0.01::a2., 0.99::a3., 0.01::a4., 0.99::a5., 0.01::a6., 0.99::a7., 0.01::a8., 0.99::a9., 0.01::a10., 0.99::a11., 0.01::a12., 0.99::a13., 0.01::a14., 0.99::a15., 0.01::a16., 0.99::a17., 0.01::a18., 0.99::a19., qr:-not a0,not a2,not a4,not a6,not a8,not a10,not a12,not a14,not a16,not a18., qr:-a1,a3,a5,a7,a9,a11,a13,a15,a17,a19,not nqr., nqr:-a1,a3,a5,a7,a9,a11,a13,a15,a17,a19,not qr., query(qr).]
tracc
nnf_construction_time: 3.2328269481658936
Pre simplification
number of sums: 1791
number of prods: 5086
-0.00941480149401*v_13*(v_10 - 1)*(1.11022302462516e-16*v_16 - 1.0)*(v_7 - 1)*(v_8 - 1)*(v_9 - 1) + 0.99*v_13*(v_14*(v_15*(0.9509900499*v_16*(0.9801*v_10*(v_8 - 1)*(v_9 - 1) - 0.9509900499*v_7*(v_10 - 1)*(v_8 - 1)*(v_9 - 1) + 0.99*v_8 - 0.99*v_9*(v_8 - 1) + 0.009509900499*(v_10 - 1)*(v_7 - 1)*(v_8 - 1)*(v_9 - 1) - 0.0291099501*(v_10 - 1)*(v_8 - 1)*(v_9 - 1) + 0.0099*(v_8 - 1)*(v_9 - 1) + 0.01) - 0.941480149401*(v_10 - 1)*(1.11022302462516e-16*v_16 - 1.0)*(v_7 - 1)*(v_8 - 1)*(v_9 - 1)) + 0.941480149401*(v_10 - 1)*(v_15 - 1)*(1.11022302462516e-16*v_16 - 1.0)*(v_7 - 1)*(v_8 - 1)*(v_9 - 1)) + 0.941480149401*(v_10 - 1)*(v_14 - 1)*(1.11022302462516e-16*v_16 - 1.0)*(v_7 - 1)*(v_8 - 1)*(v_9 - 1)) + 0.941480149401*(v_10 - 1)*(v_13 - 1)*(1.11022302462516e-16*v_16 - 1.0)*(v_7 - 1)*(v_8 - 1)*(v_9 - 1)
Post simplification
symp_time: 2.2644808292388916
number of sums: 8
number of subs: 53
number of prods: 59
opt_time: 1.173161506652832
     fun: 3.6
     jac: array([1., 1., 1., 1., 1., 1., 1., 1.])
 message: 'Optimization terminated successfully'
    nfev: 2
     nit: 2
    njev: 2
  status: 0
 success: True
       x: array([0.89, 0.01, 0.89, 0.01, 0.89, 0.01, 0.89, 0.01])

real	0m7.718s
user	0m7.028s
sys	0m0.576s
Instance 9
[INFO] aspmc: Tree Decomposition #bags: 23 unfolded treewidth: 3 #vertices: 25
[INFO] aspmc: Preprocessing disabled
[INFO] aspmc:    Stats Compilation
[INFO] aspmc: ------------------------------------------------------------
[INFO] aspmc: X/D-Constrained Tree Decomposition #bags: 32 treewidth: 10 #vertices: 51
[INFO] aspmc: Dtree time:               2.0263025760650635
[INFO] aspmc: Compilation time:         0.015387773513793945
[INFO] aspmc: Preparation time:         0.00010371208190917969
[INFO] aspmc: Counting time:            0.08328843116760254
[INFO] aspmc: ------------------------------------------------------------
[0.01::a0., 0.99::a1., 0.01::a2., 0.99::a3., 0.01::a4., 0.99::a5., 0.01::a6., 0.99::a7., 0.01::a8., 0.99::a9., 0.01::a10., 0.99::a11., 0.01::a12., 0.99::a13., 0.01::a14., 0.99::a15., 0.01::a16., 0.99::a17., 0.01::a18., 0.99::a19., qr:-not a0,not a2,not a4,not a6,not a8,not a10,not a12,not a14,not a16,not a18., qr:-a1,a3,a5,a7,a9,a11,a13,a15,a17,a19,not nqr., nqr:-a1,a3,a5,a7,a9,a11,a13,a15,a17,a19,not qr., query(qr).]
tracc
nnf_construction_time: 3.239643096923828
Pre simplification
number of sums: 1791
number of prods: 5086
0.009509900499*v_13*(v_10 - 1)*(1.11022302462516e-16*v_16 - 1.0)*(v_6 - 1)*(v_7 - 1)*(v_8 - 1)*(v_9 - 1) + 0.941480149401*v_13*(v_14*(v_15*(v_16*(-0.99*v_10*(v_6 - 1)*(v_8 - 1)*(v_9 - 1) + 1.0*v_6 + 0.96059601*v_7*(v_10 - 1)*(v_6 - 1)*(v_8 - 1)*(v_9 - 1) - 1.0*v_8*(v_6 - 1) + 1.0*v_9*(v_6 - 1)*(v_8 - 1) - 0.0096059601*(v_10 - 1)*(v_6 - 1)*(v_7 - 1)*(v_8 - 1)*(v_9 - 1) + 0.02940399*(v_10 - 1)*(v_6 - 1)*(v_8 - 1)*(v_9 - 1) - 0.01*(v_6 - 1)*(v_8 - 1)*(v_9 - 1)) + (v_10 - 1)*(1.11022302462516e-16*v_16 - 1.0)*(v_6 - 1)*(v_7 - 1)*(v_8 - 1)*(v_9 - 1)) - (v_10 - 1)*(v_15 - 1)*(1.11022302462516e-16*v_16 - 1.0)*(v_6 - 1)*(v_7 - 1)*(v_8 - 1)*(v_9 - 1)) - (v_10 - 1)*(v_14 - 1)*(1.11022302462516e-16*v_16 - 1.0)*(v_6 - 1)*(v_7 - 1)*(v_8 - 1)*(v_9 - 1)) - 0.9509900499*(v_10 - 1)*(v_13 - 1)*(1.11022302462516e-16*v_16 - 1.0)*(v_6 - 1)*(v_7 - 1)*(v_8 - 1)*(v_9 - 1)
Post simplification
symp_time: 2.770352363586426
number of sums: 6
number of subs: 67
number of prods: 68
opt_time: 2.837702989578247
     fun: 4.89
     jac: array([1., 1., 1., 1., 1., 1., 1., 1., 1.])
 message: 'Positive directional derivative for linesearch'
    nfev: 26
     nit: 8
    njev: 4
  status: 8
 success: False
       x: array([0.89, 0.11, 0.89, 0.11, 0.89, 0.11, 0.89, 0.11, 0.89])

real	0m9.905s
user	0m9.185s
sys	0m0.591s
Instance 10
[INFO] aspmc: Tree Decomposition #bags: 23 unfolded treewidth: 3 #vertices: 25
[INFO] aspmc: Preprocessing disabled
[INFO] aspmc:    Stats Compilation
[INFO] aspmc: ------------------------------------------------------------
[INFO] aspmc: X/D-Constrained Tree Decomposition #bags: 32 treewidth: 10 #vertices: 51
[INFO] aspmc: Dtree time:               2.026080369949341
[INFO] aspmc: Compilation time:         0.015427827835083008
[INFO] aspmc: Preparation time:         0.00010561943054199219
[INFO] aspmc: Counting time:            0.0851447582244873
[INFO] aspmc: ------------------------------------------------------------
/home/dazzolin/anaconda3/lib/python3.9/site-packages/scipy/optimize/optimize.py:282: RuntimeWarning: Values in x were outside bounds during a minimize step, clipping to bounds
  warnings.warn("Values in x were outside bounds during a "
[0.01::a0., 0.99::a1., 0.01::a2., 0.99::a3., 0.01::a4., 0.99::a5., 0.01::a6., 0.99::a7., 0.01::a8., 0.99::a9., 0.01::a10., 0.99::a11., 0.01::a12., 0.99::a13., 0.01::a14., 0.99::a15., 0.01::a16., 0.99::a17., 0.01::a18., 0.99::a19., qr:-not a0,not a2,not a4,not a6,not a8,not a10,not a12,not a14,not a16,not a18., qr:-a1,a3,a5,a7,a9,a11,a13,a15,a17,a19,not nqr., nqr:-a1,a3,a5,a7,a9,a11,a13,a15,a17,a19,not qr., query(qr).]
tracc
nnf_construction_time: 3.235527276992798
Pre simplification
number of sums: 1791
number of prods: 5086
0.9509900499*v_12*(v_13*(v_14*(v_15*(v_16*(-0.99*v_10*(v_6 - 1)*(v_8 - 1)*(v_9 - 1) + 1.0*v_6 + 0.96059601*v_7*(v_10 - 1)*(v_6 - 1)*(v_8 - 1)*(v_9 - 1) - 1.0*v_8*(v_6 - 1) + 1.0*v_9*(v_6 - 1)*(v_8 - 1) - 0.0096059601*(v_10 - 1)*(v_6 - 1)*(v_7 - 1)*(v_8 - 1)*(v_9 - 1) + 0.02940399*(v_10 - 1)*(v_6 - 1)*(v_8 - 1)*(v_9 - 1) - 0.01*(v_6 - 1)*(v_8 - 1)*(v_9 - 1)) + (v_10 - 1)*(1.11022302462516e-16*v_16 - 1.0)*(v_6 - 1)*(v_7 - 1)*(v_8 - 1)*(v_9 - 1)) - (v_10 - 1)*(v_15 - 1)*(1.11022302462516e-16*v_16 - 1.0)*(v_6 - 1)*(v_7 - 1)*(v_8 - 1)*(v_9 - 1)) - (v_10 - 1)*(v_14 - 1)*(1.11022302462516e-16*v_16 - 1.0)*(v_6 - 1)*(v_7 - 1)*(v_8 - 1)*(v_9 - 1)) - (v_10 - 1)*(v_13 - 1)*(1.11022302462516e-16*v_16 - 1.0)*(v_6 - 1)*(v_7 - 1)*(v_8 - 1)*(v_9 - 1)) - 0.9509900499*(v_10 - 1)*(v_12 - 1)*(1.11022302462516e-16*v_16 - 1.0)*(v_6 - 1)*(v_7 - 1)*(v_8 - 1)*(v_9 - 1)
Post simplification
symp_time: 3.0952014923095703
number of sums: 5
number of subs: 69
number of prods: 68
opt_time: 1.993187665939331
     fun: 4.500000000000003
     jac: array([1., 1., 1., 1., 1., 1., 1., 1., 1., 1.])
 message: 'Optimization terminated successfully'
    nfev: 2
     nit: 2
    njev: 2
  status: 0
 success: True
       x: array([0.89, 0.01, 0.89, 0.01, 0.89, 0.01, 0.89, 0.01, 0.89, 0.01])

real	0m9.399s
user	0m8.691s
sys	0m0.562s
Instance 11
[INFO] aspmc: Tree Decomposition #bags: 23 unfolded treewidth: 3 #vertices: 25
[INFO] aspmc: Preprocessing disabled
[INFO] aspmc:    Stats Compilation
[INFO] aspmc: ------------------------------------------------------------
[INFO] aspmc: X/D-Constrained Tree Decomposition #bags: 32 treewidth: 10 #vertices: 51
[INFO] aspmc: Dtree time:               2.0260190963745117
[INFO] aspmc: Compilation time:         0.015491962432861328
[INFO] aspmc: Preparation time:         0.00010085105895996094
[INFO] aspmc: Counting time:            0.08460640907287598
[INFO] aspmc: ------------------------------------------------------------
[0.01::a0., 0.99::a1., 0.01::a2., 0.99::a3., 0.01::a4., 0.99::a5., 0.01::a6., 0.99::a7., 0.01::a8., 0.99::a9., 0.01::a10., 0.99::a11., 0.01::a12., 0.99::a13., 0.01::a14., 0.99::a15., 0.01::a16., 0.99::a17., 0.01::a18., 0.99::a19., qr:-not a0,not a2,not a4,not a6,not a8,not a10,not a12,not a14,not a16,not a18., qr:-a1,a3,a5,a7,a9,a11,a13,a15,a17,a19,not nqr., nqr:-a1,a3,a5,a7,a9,a11,a13,a15,a17,a19,not qr., query(qr).]
tracc
nnf_construction_time: 3.2334723472595215
Pre simplification
number of sums: 1791
number of prods: 5086
v_12*(v_13*(-v_14*(v_15*(0.9509900499*v_16*(0.99*v_10*(v_6 - 1)*(v_8 - 1)*(v_9 - 1) - 0.9801*v_5*(v_10 - 1)*(v_6 - 1)*(v_8 - 1)*(v_9 - 1) - 1.0*v_6 + 0.970299*v_7*(v_10 - 1)*(v_5 - 1)*(v_6 - 1)*(v_8 - 1)*(v_9 - 1) + 1.0*v_8*(v_6 - 1) - 1.0*v_9*(v_6 - 1)*(v_8 - 1) - 0.00970299*(v_10 - 1)*(v_5 - 1)*(v_6 - 1)*(v_7 - 1)*(v_8 - 1)*(v_9 - 1) + 0.009801*(v_10 - 1)*(v_5 - 1)*(v_6 - 1)*(v_8 - 1)*(v_9 - 1) - 0.0099*(v_10 - 1)*(v_6 - 1)*(v_8 - 1)*(v_9 - 1) + 0.01*(v_6 - 1)*(v_8 - 1)*(v_9 - 1)) + 0.96059601*(v_10 - 1)*(1.11022302462516e-16*v_16 - 1.0)*(v_5 - 1)*(v_6 - 1)*(v_7 - 1)*(v_8 - 1)*(v_9 - 1)) - 0.96059601*(v_10 - 1)*(v_15 - 1)*(1.11022302462516e-16*v_16 - 1.0)*(v_5 - 1)*(v_6 - 1)*(v_7 - 1)*(v_8 - 1)*(v_9 - 1)) + 0.96059601*(v_10 - 1)*(v_14 - 1)*(1.11022302462516e-16*v_16 - 1.0)*(v_5 - 1)*(v_6 - 1)*(v_7 - 1)*(v_8 - 1)*(v_9 - 1)) + 0.96059601*(v_10 - 1)*(v_13 - 1)*(1.11022302462516e-16*v_16 - 1.0)*(v_5 - 1)*(v_6 - 1)*(v_7 - 1)*(v_8 - 1)*(v_9 - 1)) + 0.96059601*(v_10 - 1)*(v_12 - 1)*(1.11022302462516e-16*v_16 - 1.0)*(v_5 - 1)*(v_6 - 1)*(v_7 - 1)*(v_8 - 1)*(v_9 - 1)
Post simplification
symp_time: 4.874133110046387
number of sums: 8
number of subs: 84
number of prods: 89
opt_time: 1.6987755298614502
     fun: 5.89
     jac: array([1., 1., 1., 1., 1., 1., 1., 1., 1., 1., 1.])
 message: 'Positive directional derivative for linesearch'
    nfev: 1
     nit: 5
    njev: 1
  status: 8
 success: False
       x: array([0.89, 0.11, 0.89, 0.11, 0.89, 0.11, 0.89, 0.11, 0.89, 0.11, 0.89])

real	0m10.887s
user	0m10.203s
sys	0m0.537s
Instance 12
[INFO] aspmc: Tree Decomposition #bags: 23 unfolded treewidth: 3 #vertices: 25
[INFO] aspmc: Preprocessing disabled
[INFO] aspmc:    Stats Compilation
[INFO] aspmc: ------------------------------------------------------------
[INFO] aspmc: X/D-Constrained Tree Decomposition #bags: 32 treewidth: 10 #vertices: 51
[INFO] aspmc: Dtree time:               2.0263283252716064
[INFO] aspmc: Compilation time:         0.015911102294921875
[INFO] aspmc: Preparation time:         0.00010919570922851562
[INFO] aspmc: Counting time:            0.08214020729064941
[INFO] aspmc: ------------------------------------------------------------
/home/dazzolin/anaconda3/lib/python3.9/site-packages/scipy/optimize/optimize.py:282: RuntimeWarning: Values in x were outside bounds during a minimize step, clipping to bounds
  warnings.warn("Values in x were outside bounds during a "
[0.01::a0., 0.99::a1., 0.01::a2., 0.99::a3., 0.01::a4., 0.99::a5., 0.01::a6., 0.99::a7., 0.01::a8., 0.99::a9., 0.01::a10., 0.99::a11., 0.01::a12., 0.99::a13., 0.01::a14., 0.99::a15., 0.01::a16., 0.99::a17., 0.01::a18., 0.99::a19., qr:-not a0,not a2,not a4,not a6,not a8,not a10,not a12,not a14,not a16,not a18., qr:-a1,a3,a5,a7,a9,a11,a13,a15,a17,a19,not nqr., nqr:-a1,a3,a5,a7,a9,a11,a13,a15,a17,a19,not qr., query(qr).]
tracc
nnf_construction_time: 3.229515790939331
Pre simplification
number of sums: 1791
number of prods: 5086
-0.96059601*v_12*(v_13*(v_14*(v_15*(v_16*v_22*(0.99*v_10*(v_6 - 1)*(v_8 - 1)*(v_9 - 1) - 0.9801*v_5*(v_10 - 1)*(v_6 - 1)*(v_8 - 1)*(v_9 - 1) - 1.0*v_6 + 0.970299*v_7*(v_10 - 1)*(v_5 - 1)*(v_6 - 1)*(v_8 - 1)*(v_9 - 1) + 1.0*v_8*(v_6 - 1) - 1.0*v_9*(v_6 - 1)*(v_8 - 1) - 0.00970299*(v_10 - 1)*(v_5 - 1)*(v_6 - 1)*(v_7 - 1)*(v_8 - 1)*(v_9 - 1) + 0.009801*(v_10 - 1)*(v_5 - 1)*(v_6 - 1)*(v_8 - 1)*(v_9 - 1) - 0.0099*(v_10 - 1)*(v_6 - 1)*(v_8 - 1)*(v_9 - 1) + 0.01*(v_6 - 1)*(v_8 - 1)*(v_9 - 1)) - (v_10 - 1)*(v_5 - 1)*(v_6 - 1)*(v_7 - 1)*(v_8 - 1)*(v_9 - 1)*(0.9801*v_16*v_22 - 0.9801*v_16*(v_22 - 1) - 0.9801*v_16 + 1.0)) + (v_10 - 1)*(v_15 - 1)*(v_5 - 1)*(v_6 - 1)*(v_7 - 1)*(v_8 - 1)*(v_9 - 1)*(0.9801*v_16*v_22 - 0.9801*v_16*(v_22 - 1) - 0.9801*v_16 + 1.0)) + (v_10 - 1)*(v_14 - 1)*(v_5 - 1)*(v_6 - 1)*(v_7 - 1)*(v_8 - 1)*(v_9 - 1)*(0.9801*v_16*v_22 - 0.9801*v_16*(v_22 - 1) - 0.9801*v_16 + 1.0)) + (v_10 - 1)*(v_13 - 1)*(v_5 - 1)*(v_6 - 1)*(v_7 - 1)*(v_8 - 1)*(v_9 - 1)*(0.9801*v_16*v_22 - 0.9801*v_16*(v_22 - 1) - 0.9801*v_16 + 1.0)) - 0.96059601*(v_10 - 1)*(v_12 - 1)*(v_5 - 1)*(v_6 - 1)*(v_7 - 1)*(v_8 - 1)*(v_9 - 1)*(0.9801*v_16*v_22 - 0.9801*v_16*(v_22 - 1) - 0.9801*v_16 + 1.0)
Post simplification
symp_time: 4.965099334716797
number of sums: 12
number of subs: 90
number of prods: 106
opt_time: 3.289860486984253
     fun: 5.3999999999999995
     jac: array([1., 1., 1., 1., 1., 1., 1., 1., 1., 1., 1., 1.])
 message: 'Optimization terminated successfully'
    nfev: 2
     nit: 2
    njev: 2
  status: 0
 success: True
       x: array([0.89, 0.01, 0.89, 0.01, 0.89, 0.01, 0.89, 0.01, 0.89, 0.01, 0.89,
       0.01])

real	0m12.555s
user	0m11.818s
sys	0m0.600s
Instance 13
[INFO] aspmc: Tree Decomposition #bags: 23 unfolded treewidth: 3 #vertices: 25
[INFO] aspmc: Preprocessing disabled
[INFO] aspmc:    Stats Compilation
[INFO] aspmc: ------------------------------------------------------------
[INFO] aspmc: X/D-Constrained Tree Decomposition #bags: 32 treewidth: 10 #vertices: 51
[INFO] aspmc: Dtree time:               2.026144504547119
[INFO] aspmc: Compilation time:         0.015707731246948242
[INFO] aspmc: Preparation time:         0.00010514259338378906
[INFO] aspmc: Counting time:            0.08148717880249023
[INFO] aspmc: ------------------------------------------------------------
[0.01::a0., 0.99::a1., 0.01::a2., 0.99::a3., 0.01::a4., 0.99::a5., 0.01::a6., 0.99::a7., 0.01::a8., 0.99::a9., 0.01::a10., 0.99::a11., 0.01::a12., 0.99::a13., 0.01::a14., 0.99::a15., 0.01::a16., 0.99::a17., 0.01::a18., 0.99::a19., qr:-not a0,not a2,not a4,not a6,not a8,not a10,not a12,not a14,not a16,not a18., qr:-a1,a3,a5,a7,a9,a11,a13,a15,a17,a19,not nqr., nqr:-a1,a3,a5,a7,a9,a11,a13,a15,a17,a19,not qr., query(qr).]
tracc
nnf_construction_time: 3.2298667430877686
Pre simplification
number of sums: 1791
number of prods: 5086
v_12*(v_13*(-v_14*(v_15*(0.96059601*v_16*v_22*(0.99*v_10*(v_6 - 1)*(v_8 - 1)*(v_9 - 1) - 0.99*v_4*(v_10 - 1)*(v_6 - 1)*(v_8 - 1)*(v_9 - 1) + 0.99*v_5*(v_10 - 1)*(v_4 - 1)*(v_6 - 1)*(v_8 - 1)*(v_9 - 1) - 1.0*v_6 - 0.9801*v_7*(v_10 - 1)*(v_4 - 1)*(v_5 - 1)*(v_6 - 1)*(v_8 - 1)*(v_9 - 1) + 1.0*v_8*(v_6 - 1) - 1.0*v_9*(v_6 - 1)*(v_8 - 1) + 0.009801*(v_10 - 1)*(v_4 - 1)*(v_5 - 1)*(v_6 - 1)*(v_7 - 1)*(v_8 - 1)*(v_9 - 1) - 0.0099*(v_10 - 1)*(v_4 - 1)*(v_5 - 1)*(v_6 - 1)*(v_8 - 1)*(v_9 - 1) + 0.01*(v_6 - 1)*(v_8 - 1)*(v_9 - 1)) + 0.970299*(v_10 - 1)*(v_4 - 1)*(v_5 - 1)*(v_6 - 1)*(v_7 - 1)*(v_8 - 1)*(v_9 - 1)*(0.9801*v_16*v_22 - 0.9801*v_16*(v_22 - 1) - 0.9801*v_16 + 1.0)) - 0.970299*(v_10 - 1)*(v_15 - 1)*(v_4 - 1)*(v_5 - 1)*(v_6 - 1)*(v_7 - 1)*(v_8 - 1)*(v_9 - 1)*(0.9801*v_16*v_22 - 0.9801*v_16*(v_22 - 1) - 0.9801*v_16 + 1.0)) + 0.970299*(v_10 - 1)*(v_14 - 1)*(v_4 - 1)*(v_5 - 1)*(v_6 - 1)*(v_7 - 1)*(v_8 - 1)*(v_9 - 1)*(0.9801*v_16*v_22 - 0.9801*v_16*(v_22 - 1) - 0.9801*v_16 + 1.0)) + 0.970299*(v_10 - 1)*(v_13 - 1)*(v_4 - 1)*(v_5 - 1)*(v_6 - 1)*(v_7 - 1)*(v_8 - 1)*(v_9 - 1)*(0.9801*v_16*v_22 - 0.9801*v_16*(v_22 - 1) - 0.9801*v_16 + 1.0)) + 0.970299*(v_10 - 1)*(v_12 - 1)*(v_4 - 1)*(v_5 - 1)*(v_6 - 1)*(v_7 - 1)*(v_8 - 1)*(v_9 - 1)*(0.9801*v_16*v_22 - 0.9801*v_16*(v_22 - 1) - 0.9801*v_16 + 1.0)
Post simplification
symp_time: 9.121118307113647
number of sums: 13
number of subs: 98
number of prods: 120
opt_time: 27.04729652404785
     fun: 6.889999999999934
     jac: array([1., 1., 1., 1., 1., 1., 1., 1., 1., 1., 1., 1., 1.])
 message: 'Positive directional derivative for linesearch'
    nfev: 151
     nit: 19
    njev: 15
  status: 8
 success: False
       x: array([0.89, 0.11, 0.89, 0.11, 0.89, 0.11, 0.89, 0.11, 0.89, 0.11, 0.89,
       0.11, 0.89])

real	0m40.546s
user	0m39.735s
sys	0m0.598s
Instance 14
[INFO] aspmc: Tree Decomposition #bags: 23 unfolded treewidth: 3 #vertices: 25
[INFO] aspmc: Preprocessing disabled
[INFO] aspmc:    Stats Compilation
[INFO] aspmc: ------------------------------------------------------------
[INFO] aspmc: X/D-Constrained Tree Decomposition #bags: 32 treewidth: 10 #vertices: 51
[INFO] aspmc: Dtree time:               2.025798797607422
[INFO] aspmc: Compilation time:         0.015469789505004883
[INFO] aspmc: Preparation time:         0.00010609626770019531
[INFO] aspmc: Counting time:            0.08448314666748047
[INFO] aspmc: ------------------------------------------------------------
[0.01::a0., 0.99::a1., 0.01::a2., 0.99::a3., 0.01::a4., 0.99::a5., 0.01::a6., 0.99::a7., 0.01::a8., 0.99::a9., 0.01::a10., 0.99::a11., 0.01::a12., 0.99::a13., 0.01::a14., 0.99::a15., 0.01::a16., 0.99::a17., 0.01::a18., 0.99::a19., qr:-not a0,not a2,not a4,not a6,not a8,not a10,not a12,not a14,not a16,not a18., qr:-a1,a3,a5,a7,a9,a11,a13,a15,a17,a19,not nqr., nqr:-a1,a3,a5,a7,a9,a11,a13,a15,a17,a19,not qr., query(qr).]
tracc
nnf_construction_time: 3.231083869934082
Pre simplification
number of sums: 1791
number of prods: 5086
-0.970299*v_12*(v_13*(v_14*(v_15*(v_16*v_21*v_22*(0.99*v_10*(v_6 - 1)*(v_8 - 1)*(v_9 - 1) - 0.99*v_4*(v_10 - 1)*(v_6 - 1)*(v_8 - 1)*(v_9 - 1) + 0.99*v_5*(v_10 - 1)*(v_4 - 1)*(v_6 - 1)*(v_8 - 1)*(v_9 - 1) - 1.0*v_6 - 0.9801*v_7*(v_10 - 1)*(v_4 - 1)*(v_5 - 1)*(v_6 - 1)*(v_8 - 1)*(v_9 - 1) + 1.0*v_8*(v_6 - 1) - 1.0*v_9*(v_6 - 1)*(v_8 - 1) + 0.009801*(v_10 - 1)*(v_4 - 1)*(v_5 - 1)*(v_6 - 1)*(v_7 - 1)*(v_8 - 1)*(v_9 - 1) - 0.0099*(v_10 - 1)*(v_4 - 1)*(v_5 - 1)*(v_6 - 1)*(v_8 - 1)*(v_9 - 1) + 0.01*(v_6 - 1)*(v_8 - 1)*(v_9 - 1)) - (v_10 - 1)*(v_4 - 1)*(v_5 - 1)*(v_6 - 1)*(v_7 - 1)*(v_8 - 1)*(v_9 - 1)*(-0.99*v_16*v_21*v_22 + 0.99*v_16*v_21*(v_22 - 1) + 0.99*v_21*(v_16 - 1) + 0.99*v_21 - 1.0)) + (v_10 - 1)*(v_15 - 1)*(v_4 - 1)*(v_5 - 1)*(v_6 - 1)*(v_7 - 1)*(v_8 - 1)*(v_9 - 1)*(-0.99*v_16*v_21*v_22 + 0.99*v_16*v_21*(v_22 - 1) + 0.99*v_21*(v_16 - 1) + 0.99*v_21 - 1.0)) + (v_10 - 1)*(v_14 - 1)*(v_4 - 1)*(v_5 - 1)*(v_6 - 1)*(v_7 - 1)*(v_8 - 1)*(v_9 - 1)*(-0.99*v_16*v_21*v_22 + 0.99*v_16*v_21*(v_22 - 1) + 0.99*v_21*(v_16 - 1) + 0.99*v_21 - 1.0)) + (v_10 - 1)*(v_13 - 1)*(v_4 - 1)*(v_5 - 1)*(v_6 - 1)*(v_7 - 1)*(v_8 - 1)*(v_9 - 1)*(-0.99*v_16*v_21*v_22 + 0.99*v_16*v_21*(v_22 - 1) + 0.99*v_21*(v_16 - 1) + 0.99*v_21 - 1.0)) - 0.970299*(v_10 - 1)*(v_12 - 1)*(v_4 - 1)*(v_5 - 1)*(v_6 - 1)*(v_7 - 1)*(v_8 - 1)*(v_9 - 1)*(-0.99*v_16*v_21*v_22 + 0.99*v_16*v_21*(v_22 - 1) + 0.99*v_21*(v_16 - 1) + 0.99*v_21 - 1.0)
Post simplification
symp_time: 6.208525896072388
number of sums: 22
number of subs: 104
number of prods: 137
opt_time: 5.084426164627075
     fun: 6.30000000000002
     jac: array([1., 1., 1., 1., 1., 1., 1., 1., 1., 1., 1., 1., 1., 1.])
 message: 'Optimization terminated successfully'
    nfev: 2
     nit: 2
    njev: 2
  status: 0
 success: True
       x: array([0.89, 0.01, 0.89, 0.01, 0.89, 0.01, 0.89, 0.01, 0.89, 0.01, 0.89,
       0.01, 0.89, 0.01])

real	0m15.597s
user	0m14.857s
sys	0m0.603s
Instance 15
[INFO] aspmc: Tree Decomposition #bags: 23 unfolded treewidth: 3 #vertices: 25
[INFO] aspmc: Preprocessing disabled
[INFO] aspmc:    Stats Compilation
[INFO] aspmc: ------------------------------------------------------------
[INFO] aspmc: X/D-Constrained Tree Decomposition #bags: 32 treewidth: 10 #vertices: 51
[INFO] aspmc: Dtree time:               2.0263161659240723
[INFO] aspmc: Compilation time:         0.015669822692871094
[INFO] aspmc: Preparation time:         9.751319885253906e-05
[INFO] aspmc: Counting time:            0.08150506019592285
[INFO] aspmc: ------------------------------------------------------------
[0.01::a0., 0.99::a1., 0.01::a2., 0.99::a3., 0.01::a4., 0.99::a5., 0.01::a6., 0.99::a7., 0.01::a8., 0.99::a9., 0.01::a10., 0.99::a11., 0.01::a12., 0.99::a13., 0.01::a14., 0.99::a15., 0.01::a16., 0.99::a17., 0.01::a18., 0.99::a19., qr:-not a0,not a2,not a4,not a6,not a8,not a10,not a12,not a14,not a16,not a18., qr:-a1,a3,a5,a7,a9,a11,a13,a15,a17,a19,not nqr., nqr:-a1,a3,a5,a7,a9,a11,a13,a15,a17,a19,not qr., query(qr).]
tracc
nnf_construction_time: 3.2298779487609863
Pre simplification
number of sums: 1791
number of prods: 5086
v_12*(v_13*(v_14*(v_15*(0.970299*v_16*v_21*v_22*(1.0*v_10*(v_3 - 1)*(v_6 - 1)*(v_8 - 1)*(v_9 - 1) - 1.0*v_3*(v_6 - 1)*(v_8 - 1)*(v_9 - 1) - 1.0*v_4*(v_10 - 1)*(v_3 - 1)*(v_6 - 1)*(v_8 - 1)*(v_9 - 1) + 1.0*v_5*(v_10 - 1)*(v_3 - 1)*(v_4 - 1)*(v_6 - 1)*(v_8 - 1)*(v_9 - 1) + 1.0*v_6 - 0.99*v_7*(v_10 - 1)*(v_3 - 1)*(v_4 - 1)*(v_5 - 1)*(v_6 - 1)*(v_8 - 1)*(v_9 - 1) - 1.0*v_8*(v_6 - 1) + 1.0*v_9*(v_6 - 1)*(v_8 - 1) + 0.0099*(v_10 - 1)*(v_3 - 1)*(v_4 - 1)*(v_5 - 1)*(v_6 - 1)*(v_7 - 1)*(v_8 - 1)*(v_9 - 1) - 0.01*(v_10 - 1)*(v_3 - 1)*(v_4 - 1)*(v_5 - 1)*(v_6 - 1)*(v_8 - 1)*(v_9 - 1)) - 0.9801*(v_10 - 1)*(v_3 - 1)*(v_4 - 1)*(v_5 - 1)*(v_6 - 1)*(v_7 - 1)*(v_8 - 1)*(v_9 - 1)*(-0.99*v_16*v_21*v_22 + 0.99*v_16*v_21*(v_22 - 1) + 0.99*v_21*(v_16 - 1) + 0.99*v_21 - 1.0)) + 0.9801*(v_10 - 1)*(v_15 - 1)*(v_3 - 1)*(v_4 - 1)*(v_5 - 1)*(v_6 - 1)*(v_7 - 1)*(v_8 - 1)*(v_9 - 1)*(-0.99*v_16*v_21*v_22 + 0.99*v_16*v_21*(v_22 - 1) + 0.99*v_21*(v_16 - 1) + 0.99*v_21 - 1.0)) + 0.9801*(v_10 - 1)*(v_14 - 1)*(v_3 - 1)*(v_4 - 1)*(v_5 - 1)*(v_6 - 1)*(v_7 - 1)*(v_8 - 1)*(v_9 - 1)*(-0.99*v_16*v_21*v_22 + 0.99*v_16*v_21*(v_22 - 1) + 0.99*v_21*(v_16 - 1) + 0.99*v_21 - 1.0)) + 0.9801*(v_10 - 1)*(v_13 - 1)*(v_3 - 1)*(v_4 - 1)*(v_5 - 1)*(v_6 - 1)*(v_7 - 1)*(v_8 - 1)*(v_9 - 1)*(-0.99*v_16*v_21*v_22 + 0.99*v_16*v_21*(v_22 - 1) + 0.99*v_21*(v_16 - 1) + 0.99*v_21 - 1.0)) + 0.9801*(v_10 - 1)*(v_12 - 1)*(v_3 - 1)*(v_4 - 1)*(v_5 - 1)*(v_6 - 1)*(v_7 - 1)*(v_8 - 1)*(v_9 - 1)*(-0.99*v_16*v_21*v_22 + 0.99*v_16*v_21*(v_22 - 1) + 0.99*v_21*(v_16 - 1) + 0.99*v_21 - 1.0)
Post simplification
symp_time: 11.350462913513184
number of sums: 23
number of subs: 113
number of prods: 153
opt_time: 32.92799973487854
     fun: 7.88999999999999
     jac: array([1., 1., 1., 1., 1., 1., 1., 1., 1., 1., 1., 1., 1., 1., 1.])
 message: 'Positive directional derivative for linesearch'
    nfev: 112
     nit: 16
    njev: 12
  status: 8
 success: False
       x: array([0.89, 0.11, 0.89, 0.11, 0.89, 0.11, 0.89, 0.11, 0.89, 0.11, 0.89,
       0.11, 0.89, 0.11, 0.89])

real	0m48.626s
user	0m47.831s
sys	0m0.602s
Instance 16
[INFO] aspmc: Tree Decomposition #bags: 23 unfolded treewidth: 3 #vertices: 25
[INFO] aspmc: Preprocessing disabled
[INFO] aspmc:    Stats Compilation
[INFO] aspmc: ------------------------------------------------------------
[INFO] aspmc: X/D-Constrained Tree Decomposition #bags: 32 treewidth: 10 #vertices: 51
[INFO] aspmc: Dtree time:               2.026235580444336
[INFO] aspmc: Compilation time:         0.015603065490722656
[INFO] aspmc: Preparation time:         0.000102996826171875
[INFO] aspmc: Counting time:            0.08099126815795898
[INFO] aspmc: ------------------------------------------------------------
/home/dazzolin/anaconda3/lib/python3.9/site-packages/scipy/optimize/optimize.py:282: RuntimeWarning: Values in x were outside bounds during a minimize step, clipping to bounds
  warnings.warn("Values in x were outside bounds during a "
[0.01::a0., 0.99::a1., 0.01::a2., 0.99::a3., 0.01::a4., 0.99::a5., 0.01::a6., 0.99::a7., 0.01::a8., 0.99::a9., 0.01::a10., 0.99::a11., 0.01::a12., 0.99::a13., 0.01::a14., 0.99::a15., 0.01::a16., 0.99::a17., 0.01::a18., 0.99::a19., qr:-not a0,not a2,not a4,not a6,not a8,not a10,not a12,not a14,not a16,not a18., qr:-a1,a3,a5,a7,a9,a11,a13,a15,a17,a19,not nqr., nqr:-a1,a3,a5,a7,a9,a11,a13,a15,a17,a19,not qr., query(qr).]
tracc
nnf_construction_time: 3.2306413650512695
Pre simplification
number of sums: 1791
number of prods: 5086
0.9801*v_12*(v_13*(v_14*(v_15*(v_16*v_20*v_21*v_22*(1.0*v_10*(v_3 - 1)*(v_6 - 1)*(v_8 - 1)*(v_9 - 1) - 1.0*v_3*(v_6 - 1)*(v_8 - 1)*(v_9 - 1) - 1.0*v_4*(v_10 - 1)*(v_3 - 1)*(v_6 - 1)*(v_8 - 1)*(v_9 - 1) + 1.0*v_5*(v_10 - 1)*(v_3 - 1)*(v_4 - 1)*(v_6 - 1)*(v_8 - 1)*(v_9 - 1) + 1.0*v_6 - 0.99*v_7*(v_10 - 1)*(v_3 - 1)*(v_4 - 1)*(v_5 - 1)*(v_6 - 1)*(v_8 - 1)*(v_9 - 1) - 1.0*v_8*(v_6 - 1) + 1.0*v_9*(v_6 - 1)*(v_8 - 1) + 0.0099*(v_10 - 1)*(v_3 - 1)*(v_4 - 1)*(v_5 - 1)*(v_6 - 1)*(v_7 - 1)*(v_8 - 1)*(v_9 - 1) - 0.01*(v_10 - 1)*(v_3 - 1)*(v_4 - 1)*(v_5 - 1)*(v_6 - 1)*(v_8 - 1)*(v_9 - 1)) - (v_10 - 1)*(v_3 - 1)*(v_4 - 1)*(v_5 - 1)*(v_6 - 1)*(v_7 - 1)*(v_8 - 1)*(v_9 - 1)*(-v_16*v_20*v_21*v_22 + v_16*v_20*v_21*(v_22 - 1) + v_20*v_21*(v_16 - 1) + v_20*(v_21 - 1) + v_20 - 1)) + (v_10 - 1)*(v_15 - 1)*(v_3 - 1)*(v_4 - 1)*(v_5 - 1)*(v_6 - 1)*(v_7 - 1)*(v_8 - 1)*(v_9 - 1)*(-v_16*v_20*v_21*v_22 + v_16*v_20*v_21*(v_22 - 1) + v_20*v_21*(v_16 - 1) + v_20*(v_21 - 1) + v_20 - 1)) + (v_10 - 1)*(v_14 - 1)*(v_3 - 1)*(v_4 - 1)*(v_5 - 1)*(v_6 - 1)*(v_7 - 1)*(v_8 - 1)*(v_9 - 1)*(-v_16*v_20*v_21*v_22 + v_16*v_20*v_21*(v_22 - 1) + v_20*v_21*(v_16 - 1) + v_20*(v_21 - 1) + v_20 - 1)) + (v_10 - 1)*(v_13 - 1)*(v_3 - 1)*(v_4 - 1)*(v_5 - 1)*(v_6 - 1)*(v_7 - 1)*(v_8 - 1)*(v_9 - 1)*(-v_16*v_20*v_21*v_22 + v_16*v_20*v_21*(v_22 - 1) + v_20*v_21*(v_16 - 1) + v_20*(v_21 - 1) + v_20 - 1)) + 0.9801*(v_10 - 1)*(v_12 - 1)*(v_3 - 1)*(v_4 - 1)*(v_5 - 1)*(v_6 - 1)*(v_7 - 1)*(v_8 - 1)*(v_9 - 1)*(-v_16*v_20*v_21*v_22 + v_16*v_20*v_21*(v_22 - 1) + v_20*v_21*(v_16 - 1) + v_20*(v_21 - 1) + v_20 - 1)
Post simplification
symp_time: 10.979938745498657
number of sums: 28
number of subs: 118
number of prods: 150
opt_time: 7.310808420181274
     fun: 7.199999999999998
     jac: array([1., 1., 1., 1., 1., 1., 1., 1., 1., 1., 1., 1., 1., 1., 1., 1.])
 message: 'Optimization terminated successfully'
    nfev: 2
     nit: 2
    njev: 2
  status: 0
 success: True
       x: array([0.89, 0.01, 0.89, 0.01, 0.89, 0.01, 0.89, 0.01, 0.89, 0.01, 0.89,
       0.01, 0.89, 0.01, 0.89, 0.01])

real	0m22.645s
user	0m21.866s
sys	0m0.592s
Instance 17
[INFO] aspmc: Tree Decomposition #bags: 23 unfolded treewidth: 3 #vertices: 25
[INFO] aspmc: Preprocessing disabled
[INFO] aspmc:    Stats Compilation
[INFO] aspmc: ------------------------------------------------------------
[INFO] aspmc: X/D-Constrained Tree Decomposition #bags: 32 treewidth: 10 #vertices: 51
[INFO] aspmc: Dtree time:               2.0262179374694824
[INFO] aspmc: Compilation time:         0.015464305877685547
[INFO] aspmc: Preparation time:         0.00010228157043457031
[INFO] aspmc: Counting time:            0.0870509147644043
[INFO] aspmc: ------------------------------------------------------------
[0.01::a0., 0.99::a1., 0.01::a2., 0.99::a3., 0.01::a4., 0.99::a5., 0.01::a6., 0.99::a7., 0.01::a8., 0.99::a9., 0.01::a10., 0.99::a11., 0.01::a12., 0.99::a13., 0.01::a14., 0.99::a15., 0.01::a16., 0.99::a17., 0.01::a18., 0.99::a19., qr:-not a0,not a2,not a4,not a6,not a8,not a10,not a12,not a14,not a16,not a18., qr:-a1,a3,a5,a7,a9,a11,a13,a15,a17,a19,not nqr., nqr:-a1,a3,a5,a7,a9,a11,a13,a15,a17,a19,not qr., query(qr).]
tracc
nnf_construction_time: 3.2347562313079834
Pre simplification
number of sums: 1791
number of prods: 5086
v_12*(v_13*(v_14*(v_15*(0.9801*v_16*v_20*v_21*v_22*(1.0*v_10*(v_3 - 1)*(v_6 - 1)*(v_8 - 1)*(v_9 - 1) - 1.0*v_2*(v_10 - 1)*(v_3 - 1)*(v_4 - 1)*(v_5 - 1)*(v_6 - 1)*(v_8 - 1)*(v_9 - 1) - 1.0*v_3*(v_6 - 1)*(v_8 - 1)*(v_9 - 1) - 1.0*v_4*(v_10 - 1)*(v_3 - 1)*(v_6 - 1)*(v_8 - 1)*(v_9 - 1) + 1.0*v_5*(v_10 - 1)*(v_3 - 1)*(v_4 - 1)*(v_6 - 1)*(v_8 - 1)*(v_9 - 1) + 1.0*v_6 + 1.0*v_7*(v_10 - 1)*(v_2 - 1)*(v_3 - 1)*(v_4 - 1)*(v_5 - 1)*(v_6 - 1)*(v_8 - 1)*(v_9 - 1) - 1.0*v_8*(v_6 - 1) + 1.0*v_9*(v_6 - 1)*(v_8 - 1) - 0.01*(v_10 - 1)*(v_2 - 1)*(v_3 - 1)*(v_4 - 1)*(v_5 - 1)*(v_6 - 1)*(v_7 - 1)*(v_8 - 1)*(v_9 - 1)) + 0.99*(v_10 - 1)*(v_2 - 1)*(v_3 - 1)*(v_4 - 1)*(v_5 - 1)*(v_6 - 1)*(v_7 - 1)*(v_8 - 1)*(v_9 - 1)*(-v_16*v_20*v_21*v_22 + v_16*v_20*v_21*(v_22 - 1) + v_20*v_21*(v_16 - 1) + v_20*(v_21 - 1) + v_20 - 1)) - 0.99*(v_10 - 1)*(v_15 - 1)*(v_2 - 1)*(v_3 - 1)*(v_4 - 1)*(v_5 - 1)*(v_6 - 1)*(v_7 - 1)*(v_8 - 1)*(v_9 - 1)*(-v_16*v_20*v_21*v_22 + v_16*v_20*v_21*(v_22 - 1) + v_20*v_21*(v_16 - 1) + v_20*(v_21 - 1) + v_20 - 1)) - 0.99*(v_10 - 1)*(v_14 - 1)*(v_2 - 1)*(v_3 - 1)*(v_4 - 1)*(v_5 - 1)*(v_6 - 1)*(v_7 - 1)*(v_8 - 1)*(v_9 - 1)*(-v_16*v_20*v_21*v_22 + v_16*v_20*v_21*(v_22 - 1) + v_20*v_21*(v_16 - 1) + v_20*(v_21 - 1) + v_20 - 1)) - 0.99*(v_10 - 1)*(v_13 - 1)*(v_2 - 1)*(v_3 - 1)*(v_4 - 1)*(v_5 - 1)*(v_6 - 1)*(v_7 - 1)*(v_8 - 1)*(v_9 - 1)*(-v_16*v_20*v_21*v_22 + v_16*v_20*v_21*(v_22 - 1) + v_20*v_21*(v_16 - 1) + v_20*(v_21 - 1) + v_20 - 1)) + 0.99*(v_10 - 1)*(v_12 - 1)*(v_2 - 1)*(v_3 - 1)*(v_4 - 1)*(v_5 - 1)*(v_6 - 1)*(v_7 - 1)*(v_8 - 1)*(v_9 - 1)*(v_16*v_20*v_21*v_22 - v_16*v_20*v_21*(v_22 - 1) - v_20*v_21*(v_16 - 1) - v_20*(v_21 - 1) - v_20 + 1)
Post simplification
symp_time: 22.09214162826538
number of sums: 23
number of subs: 129
number of prods: 162
opt_time: 45.4340660572052
     fun: 8.889999999999999
     jac: array([1., 1., 1., 1., 1., 1., 1., 1., 1., 1., 1., 1., 1., 1., 1., 1., 1.])
 message: 'Positive directional derivative for linesearch'
    nfev: 117
     nit: 16
    njev: 12
  status: 8
 success: False
       x: array([0.89, 0.11, 0.89, 0.11, 0.89, 0.11, 0.89, 0.11, 0.89, 0.11, 0.89,
       0.11, 0.89, 0.11, 0.89, 0.11, 0.89])

real	1m11.879s
user	1m11.016s
sys	0m0.657s
Instance 18
[INFO] aspmc: Tree Decomposition #bags: 23 unfolded treewidth: 3 #vertices: 25
[INFO] aspmc: Preprocessing disabled
[INFO] aspmc:    Stats Compilation
[INFO] aspmc: ------------------------------------------------------------
[INFO] aspmc: X/D-Constrained Tree Decomposition #bags: 32 treewidth: 10 #vertices: 51
[INFO] aspmc: Dtree time:               2.0259642601013184
[INFO] aspmc: Compilation time:         0.015413522720336914
[INFO] aspmc: Preparation time:         0.00010895729064941406
[INFO] aspmc: Counting time:            0.08004975318908691
[INFO] aspmc: ------------------------------------------------------------
/home/dazzolin/anaconda3/lib/python3.9/site-packages/scipy/optimize/optimize.py:282: RuntimeWarning: Values in x were outside bounds during a minimize step, clipping to bounds
  warnings.warn("Values in x were outside bounds during a "
[0.01::a0., 0.99::a1., 0.01::a2., 0.99::a3., 0.01::a4., 0.99::a5., 0.01::a6., 0.99::a7., 0.01::a8., 0.99::a9., 0.01::a10., 0.99::a11., 0.01::a12., 0.99::a13., 0.01::a14., 0.99::a15., 0.01::a16., 0.99::a17., 0.01::a18., 0.99::a19., qr:-not a0,not a2,not a4,not a6,not a8,not a10,not a12,not a14,not a16,not a18., qr:-a1,a3,a5,a7,a9,a11,a13,a15,a17,a19,not nqr., nqr:-a1,a3,a5,a7,a9,a11,a13,a15,a17,a19,not qr., query(qr).]
tracc
nnf_construction_time: 3.2258830070495605
Pre simplification
number of sums: 1791
number of prods: 5086
0.99*v_12*(v_13*(v_14*(v_15*(v_16*v_19*v_20*v_21*v_22*(1.0*v_10*(v_3 - 1)*(v_6 - 1)*(v_8 - 1)*(v_9 - 1) - 1.0*v_2*(v_10 - 1)*(v_3 - 1)*(v_4 - 1)*(v_5 - 1)*(v_6 - 1)*(v_8 - 1)*(v_9 - 1) - 1.0*v_3*(v_6 - 1)*(v_8 - 1)*(v_9 - 1) - 1.0*v_4*(v_10 - 1)*(v_3 - 1)*(v_6 - 1)*(v_8 - 1)*(v_9 - 1) + 1.0*v_5*(v_10 - 1)*(v_3 - 1)*(v_4 - 1)*(v_6 - 1)*(v_8 - 1)*(v_9 - 1) + 1.0*v_6 + 1.0*v_7*(v_10 - 1)*(v_2 - 1)*(v_3 - 1)*(v_4 - 1)*(v_5 - 1)*(v_6 - 1)*(v_8 - 1)*(v_9 - 1) - 1.0*v_8*(v_6 - 1) + 1.0*v_9*(v_6 - 1)*(v_8 - 1) - 0.01*(v_10 - 1)*(v_2 - 1)*(v_3 - 1)*(v_4 - 1)*(v_5 - 1)*(v_6 - 1)*(v_7 - 1)*(v_8 - 1)*(v_9 - 1)) + (v_10 - 1)*(v_2 - 1)*(v_3 - 1)*(v_4 - 1)*(v_5 - 1)*(v_6 - 1)*(v_7 - 1)*(v_8 - 1)*(v_9 - 1)*(-v_16*v_19*v_20*v_21*v_22 + v_16*v_20*v_21*v_22*(v_19 - 1) + v_16*v_20*v_21*(v_22 - 1) + v_20*v_21*(v_16 - 1) + v_20*(v_21 - 1) + v_20 - 1)) - (v_10 - 1)*(v_15 - 1)*(v_2 - 1)*(v_3 - 1)*(v_4 - 1)*(v_5 - 1)*(v_6 - 1)*(v_7 - 1)*(v_8 - 1)*(v_9 - 1)*(-v_16*v_19*v_20*v_21*v_22 + v_16*v_20*v_21*v_22*(v_19 - 1) + v_16*v_20*v_21*(v_22 - 1) + v_20*v_21*(v_16 - 1) + v_20*(v_21 - 1) + v_20 - 1)) - (v_10 - 1)*(v_14 - 1)*(v_2 - 1)*(v_3 - 1)*(v_4 - 1)*(v_5 - 1)*(v_6 - 1)*(v_7 - 1)*(v_8 - 1)*(v_9 - 1)*(-v_16*v_19*v_20*v_21*v_22 + v_16*v_20*v_21*v_22*(v_19 - 1) + v_16*v_20*v_21*(v_22 - 1) + v_20*v_21*(v_16 - 1) + v_20*(v_21 - 1) + v_20 - 1)) - (v_10 - 1)*(v_13 - 1)*(v_2 - 1)*(v_3 - 1)*(v_4 - 1)*(v_5 - 1)*(v_6 - 1)*(v_7 - 1)*(v_8 - 1)*(v_9 - 1)*(-v_16*v_19*v_20*v_21*v_22 + v_16*v_20*v_21*v_22*(v_19 - 1) + v_16*v_20*v_21*(v_22 - 1) + v_20*v_21*(v_16 - 1) + v_20*(v_21 - 1) + v_20 - 1)) + 0.99*(v_10 - 1)*(v_12 - 1)*(v_2 - 1)*(v_3 - 1)*(v_4 - 1)*(v_5 - 1)*(v_6 - 1)*(v_7 - 1)*(v_8 - 1)*(v_9 - 1)*(v_16*v_19*v_20*v_21*v_22 - v_16*v_20*v_21*v_22*(v_19 - 1) - v_16*v_20*v_21*(v_22 - 1) - v_20*v_21*(v_16 - 1) - v_20*(v_21 - 1) - v_20 + 1)
Post simplification
symp_time: 19.705273389816284
number of sums: 27
number of subs: 135
number of prods: 184
opt_time: 9.420674085617065
     fun: 8.100000000000016
     jac: array([1., 1., 1., 1., 1., 1., 1., 1., 1., 1., 1., 1., 1., 1., 1., 1., 1.,
       1.])
 message: 'Optimization terminated successfully'
    nfev: 2
     nit: 2
    njev: 2
  status: 0
 success: True
       x: array([0.89, 0.01, 0.89, 0.01, 0.89, 0.01, 0.89, 0.01, 0.89, 0.01, 0.89,
       0.01, 0.89, 0.01, 0.89, 0.01, 0.89, 0.01])

real	0m33.492s
user	0m32.654s
sys	0m0.643s
Instance 19
[INFO] aspmc: Tree Decomposition #bags: 23 unfolded treewidth: 3 #vertices: 25
[INFO] aspmc: Preprocessing disabled
[INFO] aspmc:    Stats Compilation
[INFO] aspmc: ------------------------------------------------------------
[INFO] aspmc: X/D-Constrained Tree Decomposition #bags: 32 treewidth: 10 #vertices: 51
[INFO] aspmc: Dtree time:               2.025310754776001
[INFO] aspmc: Compilation time:         0.015020608901977539
[INFO] aspmc: Preparation time:         9.679794311523438e-05
[INFO] aspmc: Counting time:            0.07578039169311523
[INFO] aspmc: ------------------------------------------------------------
[0.01::a0., 0.99::a1., 0.01::a2., 0.99::a3., 0.01::a4., 0.99::a5., 0.01::a6., 0.99::a7., 0.01::a8., 0.99::a9., 0.01::a10., 0.99::a11., 0.01::a12., 0.99::a13., 0.01::a14., 0.99::a15., 0.01::a16., 0.99::a17., 0.01::a18., 0.99::a19., qr:-not a0,not a2,not a4,not a6,not a8,not a10,not a12,not a14,not a16,not a18., qr:-a1,a3,a5,a7,a9,a11,a13,a15,a17,a19,not nqr., nqr:-a1,a3,a5,a7,a9,a11,a13,a15,a17,a19,not qr., query(qr).]
tracc
nnf_construction_time: 3.2167739868164062
Pre simplification
number of sums: 1791
number of prods: 5086
v_12*(v_13*(-v_14*(v_15*(0.99*v_16*v_19*v_20*v_21*v_22*(v_1*(v_10 - 1)*(v_2 - 1)*(v_3 - 1)*(v_4 - 1)*(v_5 - 1)*(v_6 - 1)*(v_7 - 1)*(v_8 - 1)*(v_9 - 1) - v_10*(v_3 - 1)*(v_6 - 1)*(v_8 - 1)*(v_9 - 1) + v_2*(v_10 - 1)*(v_3 - 1)*(v_4 - 1)*(v_5 - 1)*(v_6 - 1)*(v_8 - 1)*(v_9 - 1) + v_3*(v_6 - 1)*(v_8 - 1)*(v_9 - 1) + v_4*(v_10 - 1)*(v_3 - 1)*(v_6 - 1)*(v_8 - 1)*(v_9 - 1) - v_5*(v_10 - 1)*(v_3 - 1)*(v_4 - 1)*(v_6 - 1)*(v_8 - 1)*(v_9 - 1) - v_6 - v_7*(v_10 - 1)*(v_2 - 1)*(v_3 - 1)*(v_4 - 1)*(v_5 - 1)*(v_6 - 1)*(v_8 - 1)*(v_9 - 1) + v_8*(v_6 - 1) - v_9*(v_6 - 1)*(v_8 - 1)) + 1.0*(v_1 - 1)*(v_10 - 1)*(v_2 - 1)*(v_3 - 1)*(v_4 - 1)*(v_5 - 1)*(v_6 - 1)*(v_7 - 1)*(v_8 - 1)*(v_9 - 1)*(-v_16*v_19*v_20*v_21*v_22 + v_16*v_20*v_21*v_22*(v_19 - 1) + v_16*v_20*v_21*(v_22 - 1) + v_20*v_21*(v_16 - 1) + v_20*(v_21 - 1) + v_20 - 1)) - 1.0*(v_1 - 1)*(v_10 - 1)*(v_15 - 1)*(v_2 - 1)*(v_3 - 1)*(v_4 - 1)*(v_5 - 1)*(v_6 - 1)*(v_7 - 1)*(v_8 - 1)*(v_9 - 1)*(-v_16*v_19*v_20*v_21*v_22 + v_16*v_20*v_21*v_22*(v_19 - 1) + v_16*v_20*v_21*(v_22 - 1) + v_20*v_21*(v_16 - 1) + v_20*(v_21 - 1) + v_20 - 1)) + 1.0*(v_1 - 1)*(v_10 - 1)*(v_14 - 1)*(v_2 - 1)*(v_3 - 1)*(v_4 - 1)*(v_5 - 1)*(v_6 - 1)*(v_7 - 1)*(v_8 - 1)*(v_9 - 1)*(-v_16*v_19*v_20*v_21*v_22 + v_16*v_20*v_21*v_22*(v_19 - 1) + v_16*v_20*v_21*(v_22 - 1) + v_20*v_21*(v_16 - 1) + v_20*(v_21 - 1) + v_20 - 1)) + 1.0*(v_1 - 1)*(v_10 - 1)*(v_13 - 1)*(v_2 - 1)*(v_3 - 1)*(v_4 - 1)*(v_5 - 1)*(v_6 - 1)*(v_7 - 1)*(v_8 - 1)*(v_9 - 1)*(-v_16*v_19*v_20*v_21*v_22 + v_16*v_20*v_21*v_22*(v_19 - 1) + v_16*v_20*v_21*(v_22 - 1) + v_20*v_21*(v_16 - 1) + v_20*(v_21 - 1) + v_20 - 1)) + 1.0*(v_1 - 1)*(v_10 - 1)*(v_12 - 1)*(v_2 - 1)*(v_3 - 1)*(v_4 - 1)*(v_5 - 1)*(v_6 - 1)*(v_7 - 1)*(v_8 - 1)*(v_9 - 1)*(-v_16*v_19*v_20*v_21*v_22 + v_16*v_20*v_21*v_22*(v_19 - 1) + v_16*v_20*v_21*(v_22 - 1) + v_20*v_21*(v_16 - 1) + v_20*(v_21 - 1) + v_20 - 1)
Post simplification
symp_time: 40.77973484992981
number of sums: 33
number of subs: 136
number of prods: 184
opt_time: 5.660681962966919
     fun: 9.89
     jac: array([1., 1., 1., 1., 1., 1., 1., 1., 1., 1., 1., 1., 1., 1., 1., 1., 1.,
       1., 1.])
 message: 'Positive directional derivative for linesearch'
    nfev: 1
     nit: 5
    njev: 1
  status: 8
 success: False
       x: array([0.89, 0.11, 0.89, 0.11, 0.89, 0.11, 0.89, 0.11, 0.89, 0.11, 0.89,
       0.11, 0.89, 0.11, 0.89, 0.11, 0.89, 0.11, 0.89])

real	0m50.818s
user	0m49.929s
sys	0m0.668s
Instance 20
[INFO] aspmc: Tree Decomposition #bags: 23 unfolded treewidth: 3 #vertices: 25
[INFO] aspmc: Preprocessing disabled
[INFO] aspmc:    Stats Compilation
[INFO] aspmc: ------------------------------------------------------------
[INFO] aspmc: X/D-Constrained Tree Decomposition #bags: 32 treewidth: 10 #vertices: 51
[INFO] aspmc: Dtree time:               2.0256710052490234
[INFO] aspmc: Compilation time:         0.014276981353759766
[INFO] aspmc: Preparation time:         9.870529174804688e-05
[INFO] aspmc: Counting time:            0.07833623886108398
[INFO] aspmc: ------------------------------------------------------------
/home/dazzolin/anaconda3/lib/python3.9/site-packages/scipy/optimize/optimize.py:282: RuntimeWarning: Values in x were outside bounds during a minimize step, clipping to bounds
  warnings.warn("Values in x were outside bounds during a "
[0.01::a0., 0.99::a1., 0.01::a2., 0.99::a3., 0.01::a4., 0.99::a5., 0.01::a6., 0.99::a7., 0.01::a8., 0.99::a9., 0.01::a10., 0.99::a11., 0.01::a12., 0.99::a13., 0.01::a14., 0.99::a15., 0.01::a16., 0.99::a17., 0.01::a18., 0.99::a19., qr:-not a0,not a2,not a4,not a6,not a8,not a10,not a12,not a14,not a16,not a18., qr:-a1,a3,a5,a7,a9,a11,a13,a15,a17,a19,not nqr., nqr:-a1,a3,a5,a7,a9,a11,a13,a15,a17,a19,not qr., query(qr).]
tracc
nnf_construction_time: 3.2283740043640137
Pre simplification
number of sums: 1791
number of prods: 5086
v_12*(v_13*(v_14*(-v_15*(v_18*(v_16*v_19*v_20*v_21*v_22*(v_1*(v_10 - 1)*(v_2 - 1)*(v_3 - 1)*(v_4 - 1)*(v_5 - 1)*(v_6 - 1)*(v_7 - 1)*(v_8 - 1)*(v_9 - 1) - v_10*(v_3 - 1)*(v_6 - 1)*(v_8 - 1)*(v_9 - 1) + v_2*(v_10 - 1)*(v_3 - 1)*(v_4 - 1)*(v_5 - 1)*(v_6 - 1)*(v_8 - 1)*(v_9 - 1) + v_3*(v_6 - 1)*(v_8 - 1)*(v_9 - 1) + v_4*(v_10 - 1)*(v_3 - 1)*(v_6 - 1)*(v_8 - 1)*(v_9 - 1) - v_5*(v_10 - 1)*(v_3 - 1)*(v_4 - 1)*(v_6 - 1)*(v_8 - 1)*(v_9 - 1) - v_6 - v_7*(v_10 - 1)*(v_2 - 1)*(v_3 - 1)*(v_4 - 1)*(v_5 - 1)*(v_6 - 1)*(v_8 - 1)*(v_9 - 1) + v_8*(v_6 - 1) - v_9*(v_6 - 1)*(v_8 - 1)) + (v_1 - 1)*(v_10 - 1)*(v_2 - 1)*(v_3 - 1)*(v_4 - 1)*(v_5 - 1)*(v_6 - 1)*(v_7 - 1)*(v_8 - 1)*(v_9 - 1)*(-v_16*v_19*v_20*v_21*v_22 + v_16*v_20*v_21*v_22*(v_19 - 1) + v_16*v_20*v_21*(v_22 - 1) + v_20*v_21*(v_16 - 1) + v_20*(v_21 - 1) + v_20 - 1)) - (v_1 - 1)*(v_10 - 1)*(v_18 - 1)*(v_2 - 1)*(v_3 - 1)*(v_4 - 1)*(v_5 - 1)*(v_6 - 1)*(v_7 - 1)*(v_8 - 1)*(v_9 - 1)*(-v_16*v_19*v_20*v_21*v_22 + v_16*v_20*v_21*v_22*(v_19 - 1) + v_16*v_20*v_21*(v_22 - 1) + v_20*v_21*(v_16 - 1) + v_20*(v_21 - 1) + v_20 - 1)) + (v_1 - 1)*(v_10 - 1)*(v_15 - 1)*(v_2 - 1)*(v_3 - 1)*(v_4 - 1)*(v_5 - 1)*(v_6 - 1)*(v_7 - 1)*(v_8 - 1)*(v_9 - 1)*(-v_16*v_19*v_20*v_21*v_22 + v_16*v_20*v_21*v_22*(v_19 - 1) + v_16*v_20*v_21*(v_22 - 1) + v_20*v_21*(v_16 - 1) + v_20*(v_21 - 1) + v_20 - 1)) + (v_1 - 1)*(v_10 - 1)*(v_14 - 1)*(v_2 - 1)*(v_3 - 1)*(v_4 - 1)*(v_5 - 1)*(v_6 - 1)*(v_7 - 1)*(v_8 - 1)*(v_9 - 1)*(-v_16*v_19*v_20*v_21*v_22 + v_16*v_20*v_21*v_22*(v_19 - 1) + v_16*v_20*v_21*(v_22 - 1) + v_20*v_21*(v_16 - 1) + v_20*(v_21 - 1) + v_20 - 1)) + (v_1 - 1)*(v_10 - 1)*(v_13 - 1)*(v_2 - 1)*(v_3 - 1)*(v_4 - 1)*(v_5 - 1)*(v_6 - 1)*(v_7 - 1)*(v_8 - 1)*(v_9 - 1)*(-v_16*v_19*v_20*v_21*v_22 + v_16*v_20*v_21*v_22*(v_19 - 1) + v_16*v_20*v_21*(v_22 - 1) + v_20*v_21*(v_16 - 1) + v_20*(v_21 - 1) + v_20 - 1)) + (v_1 - 1)*(v_10 - 1)*(v_12 - 1)*(v_2 - 1)*(v_3 - 1)*(v_4 - 1)*(v_5 - 1)*(v_6 - 1)*(v_7 - 1)*(v_8 - 1)*(v_9 - 1)*(-v_16*v_19*v_20*v_21*v_22 + v_16*v_20*v_21*v_22*(v_19 - 1) + v_16*v_20*v_21*(v_22 - 1) + v_20*v_21*(v_16 - 1) + v_20*(v_21 - 1) + v_20 - 1)
Post simplification
symp_time: 25.21714448928833
number of sums: 39
number of subs: 153
number of prods: 204
opt_time: 11.88505220413208
     fun: 8.999999999999998
     jac: array([1., 1., 1., 1., 1., 1., 1., 1., 1., 1., 1., 1., 1., 1., 1., 1., 1.,
       1., 1., 1.])
 message: 'Optimization terminated successfully'
    nfev: 2
     nit: 2
    njev: 2
  status: 0
 success: True
       x: array([0.89, 0.01, 0.89, 0.01, 0.89, 0.01, 0.89, 0.01, 0.89, 0.01, 0.89,
       0.01, 0.89, 0.01, 0.89, 0.01, 0.89, 0.01, 0.89, 0.01])

real	0m41.399s
user	0m40.568s
sys	0m0.634s
Ended at: 
Sat Dec  9 09:25:37 CET 2023
