Started at: 
Sat Dec  9 09:18:43 CET 2023
Instance 2
[INFO] aspmc: Tree Decomposition #bags: 13 unfolded treewidth: 3 #vertices: 15
[INFO] aspmc: Preprocessing disabled
[INFO] aspmc:    Stats Compilation
[INFO] aspmc: ------------------------------------------------------------
[INFO] aspmc: X/D-Constrained Tree Decomposition #bags: 16 treewidth: 7 #vertices: 26
[INFO] aspmc: Dtree time:               2.019420862197876
[INFO] aspmc: Compilation time:         0.013536691665649414
[INFO] aspmc: Preparation time:         6.866455078125e-05
[INFO] aspmc: Counting time:            0.026272296905517578
[INFO] aspmc: ------------------------------------------------------------
[0.01::a0., 0.99::a1., 0.01::a2., 0.99::a3., 0.01::a4., 0.99::a5., 0.01::a6., 0.99::a7., 0.01::a8., 0.99::a9., qr:-not a0,not a2,not a4,not a6,not a8., qr:-a1,a3,a5,a7,a9,not nqr., nqr:-a1,a3,a5,a7,a9,not qr., query(qr).]
tracc
nnf_construction_time: 3.165165901184082
Pre simplification
number of sums: 119
number of prods: 190
0.92274469442792*v_11*v_5 + 0.0378513155720799*v_11 - 0.96059601*v_5 + 0.96059601
Post simplification
symp_time: 0.3417041301727295
number of sums: 2
number of subs: 1
number of prods: 4
opt_time: 0.02481865882873535
     fun: 0.9000000000000002
     jac: array([1., 1.])
 message: 'Optimization terminated successfully'
    nfev: 2
     nit: 2
    njev: 2
  status: 0
 success: True
       x: array([0.89, 0.01])

real	0m4.679s
user	0m3.784s
sys	0m0.784s
Instance 3
[INFO] aspmc: Tree Decomposition #bags: 13 unfolded treewidth: 3 #vertices: 15
[INFO] aspmc: Preprocessing disabled
[INFO] aspmc:    Stats Compilation
[INFO] aspmc: ------------------------------------------------------------
[INFO] aspmc: X/D-Constrained Tree Decomposition #bags: 16 treewidth: 7 #vertices: 26
[INFO] aspmc: Dtree time:               2.0178911685943604
[INFO] aspmc: Compilation time:         0.014095783233642578
[INFO] aspmc: Preparation time:         7.295608520507812e-05
[INFO] aspmc: Counting time:            0.025280237197875977
[INFO] aspmc: ------------------------------------------------------------
[0.01::a0., 0.99::a1., 0.01::a2., 0.99::a3., 0.01::a4., 0.99::a5., 0.01::a6., 0.99::a7., 0.01::a8., 0.99::a9., qr:-not a0,not a2,not a4,not a6,not a8., qr:-a1,a3,a5,a7,a9,not nqr., nqr:-a1,a3,a5,a7,a9,not qr., query(qr).]
tracc
nnf_construction_time: 3.161652088165283
Pre simplification
number of sums: 119
number of prods: 190
-0.93206534790699*v_11*v_4*v_5 + 0.93206534790699*v_11*v_4 + 0.93206534790699*v_11*v_5 + 0.02853066209301*v_11 + 0.970299*v_4*v_5 - 0.970299*v_4 - 0.970299*v_5 + 0.970299
Post simplification
symp_time: 0.42667651176452637
number of sums: 5
number of subs: 3
number of prods: 12
opt_time: 0.18839311599731445
     fun: 1.8900000000000001
     jac: array([1., 1., 1.])
 message: 'Positive directional derivative for linesearch'
    nfev: 76
     nit: 14
    njev: 10
  status: 8
 success: False
       x: array([0.89, 0.11, 0.89])

real	0m4.831s
user	0m3.975s
sys	0m0.720s
Instance 4
[INFO] aspmc: Tree Decomposition #bags: 13 unfolded treewidth: 3 #vertices: 15
[INFO] aspmc: Preprocessing disabled
[INFO] aspmc:    Stats Compilation
[INFO] aspmc: ------------------------------------------------------------
[INFO] aspmc: X/D-Constrained Tree Decomposition #bags: 16 treewidth: 7 #vertices: 26
[INFO] aspmc: Dtree time:               2.0184874534606934
[INFO] aspmc: Compilation time:         0.013965606689453125
[INFO] aspmc: Preparation time:         6.747245788574219e-05
[INFO] aspmc: Counting time:            0.025137901306152344
[INFO] aspmc: ------------------------------------------------------------
/home/dazzolin/anaconda3/lib/python3.9/site-packages/scipy/optimize/optimize.py:282: RuntimeWarning: Values in x were outside bounds during a minimize step, clipping to bounds
  warnings.warn("Values in x were outside bounds during a "
[0.01::a0., 0.99::a1., 0.01::a2., 0.99::a3., 0.01::a4., 0.99::a5., 0.01::a6., 0.99::a7., 0.01::a8., 0.99::a9., qr:-not a0,not a2,not a4,not a6,not a8., qr:-a1,a3,a5,a7,a9,not nqr., nqr:-a1,a3,a5,a7,a9,not qr., query(qr).]
tracc
nnf_construction_time: 3.1597917079925537
Pre simplification
number of sums: 119
number of prods: 190
-0.941480149401*v_10*v_11*v_4*v_5 + 0.941480149401*v_10*v_11*v_4 + 0.941480149401*v_10*v_11*v_5 + 0.028818850599*v_10*v_11 + 0.970299*v_4*v_5 - 0.970299*v_4 - 0.970299*v_5 + 0.970299
Post simplification
symp_time: 0.45557188987731934
number of sums: 5
number of subs: 3
number of prods: 16
opt_time: 0.09298968315124512
     fun: 1.8000000000000007
     jac: array([1., 1., 1., 1.])
 message: 'Optimization terminated successfully'
    nfev: 2
     nit: 2
    njev: 2
  status: 0
 success: True
       x: array([0.89, 0.01, 0.89, 0.01])

real	0m4.768s
user	0m3.853s
sys	0m0.777s
Instance 5
[INFO] aspmc: Tree Decomposition #bags: 13 unfolded treewidth: 3 #vertices: 15
[INFO] aspmc: Preprocessing disabled
[INFO] aspmc:    Stats Compilation
[INFO] aspmc: ------------------------------------------------------------
[INFO] aspmc: X/D-Constrained Tree Decomposition #bags: 16 treewidth: 7 #vertices: 26
[INFO] aspmc: Dtree time:               2.017752170562744
[INFO] aspmc: Compilation time:         0.013804435729980469
[INFO] aspmc: Preparation time:         7.462501525878906e-05
[INFO] aspmc: Counting time:            0.025708436965942383
[INFO] aspmc: ------------------------------------------------------------
[0.01::a0., 0.99::a1., 0.01::a2., 0.99::a3., 0.01::a4., 0.99::a5., 0.01::a6., 0.99::a7., 0.01::a8., 0.99::a9., qr:-not a0,not a2,not a4,not a6,not a8., qr:-a1,a3,a5,a7,a9,not nqr., nqr:-a1,a3,a5,a7,a9,not qr., query(qr).]
tracc
nnf_construction_time: 3.1587491035461426
Pre simplification
number of sums: 119
number of prods: 190
v_10*(v_11*(0.970299*v_3 - 0.970299*v_4*(v_3 - 1) + 0.970299*v_5*(v_3 - 1)*(v_4 - 1) - 0.9994089501*(v_3 - 1)*(v_4 - 1)*(v_5 - 1)) + 0.9801*(v_11 - 1)*(v_3 - 1)*(v_4 - 1)*(v_5 - 1)) + 0.9801*(v_10 - 1)*(v_3 - 1)*(v_4 - 1)*(v_5 - 1)
Post simplification
symp_time: 0.5419764518737793
number of sums: 3
number of subs: 16
number of prods: 19
opt_time: 0.12017822265625
     fun: 2.89
     jac: array([1., 1., 1., 1., 1.])
 message: 'Positive directional derivative for linesearch'
    nfev: 1
     nit: 5
    njev: 1
  status: 8
 success: False
       x: array([0.89, 0.11, 0.89, 0.11, 0.89])

real	0m4.883s
user	0m3.981s
sys	0m0.763s
Instance 6
[INFO] aspmc: Tree Decomposition #bags: 13 unfolded treewidth: 3 #vertices: 15
[INFO] aspmc: Preprocessing disabled
[INFO] aspmc:    Stats Compilation
[INFO] aspmc: ------------------------------------------------------------
[INFO] aspmc: X/D-Constrained Tree Decomposition #bags: 16 treewidth: 7 #vertices: 26
[INFO] aspmc: Dtree time:               2.0183181762695312
[INFO] aspmc: Compilation time:         0.014051198959350586
[INFO] aspmc: Preparation time:         8.320808410644531e-05
[INFO] aspmc: Counting time:            0.024878740310668945
[INFO] aspmc: ------------------------------------------------------------
/home/dazzolin/anaconda3/lib/python3.9/site-packages/scipy/optimize/optimize.py:282: RuntimeWarning: Values in x were outside bounds during a minimize step, clipping to bounds
  warnings.warn("Values in x were outside bounds during a "
[0.01::a0., 0.99::a1., 0.01::a2., 0.99::a3., 0.01::a4., 0.99::a5., 0.01::a6., 0.99::a7., 0.01::a8., 0.99::a9., qr:-not a0,not a2,not a4,not a6,not a8., qr:-a1,a3,a5,a7,a9,not nqr., nqr:-a1,a3,a5,a7,a9,not qr., query(qr).]
tracc
nnf_construction_time: 3.1636176109313965
Pre simplification
number of sums: 119
number of prods: 190
0.9801*v_10*(v_11*(v_9*(1.0*v_3 - 1.0*v_4*(v_3 - 1) + 1.0*v_5*(v_3 - 1)*(v_4 - 1) - 0.0199*(v_3 - 1)*(v_4 - 1)*(v_5 - 1)) - (v_3 - 1)*(v_4 - 1)*(v_5 - 1)) + (v_11 - 1)*(v_3 - 1)*(v_4 - 1)*(v_5 - 1)) + 0.9801*(v_10 - 1)*(v_3 - 1)*(v_4 - 1)*(v_5 - 1)
Post simplification
symp_time: 0.5547523498535156
number of sums: 3
number of subs: 20
number of prods: 22
opt_time: 0.20153236389160156
     fun: 2.700000000000001
     jac: array([1., 1., 1., 1., 1., 1.])
 message: 'Optimization terminated successfully'
    nfev: 2
     nit: 2
    njev: 2
  status: 0
 success: True
       x: array([0.89, 0.01, 0.89, 0.01, 0.89, 0.01])

real	0m4.962s
user	0m4.066s
sys	0m0.749s
Instance 7
[INFO] aspmc: Tree Decomposition #bags: 13 unfolded treewidth: 3 #vertices: 15
[INFO] aspmc: Preprocessing disabled
[INFO] aspmc:    Stats Compilation
[INFO] aspmc: ------------------------------------------------------------
[INFO] aspmc: X/D-Constrained Tree Decomposition #bags: 16 treewidth: 7 #vertices: 26
[INFO] aspmc: Dtree time:               2.017974615097046
[INFO] aspmc: Compilation time:         0.014150142669677734
[INFO] aspmc: Preparation time:         7.963180541992188e-05
[INFO] aspmc: Counting time:            0.02549266815185547
[INFO] aspmc: ------------------------------------------------------------
[0.01::a0., 0.99::a1., 0.01::a2., 0.99::a3., 0.01::a4., 0.99::a5., 0.01::a6., 0.99::a7., 0.01::a8., 0.99::a9., qr:-not a0,not a2,not a4,not a6,not a8., qr:-a1,a3,a5,a7,a9,not nqr., nqr:-a1,a3,a5,a7,a9,not qr., query(qr).]
tracc
nnf_construction_time: 3.1585168838500977
Pre simplification
number of sums: 119
number of prods: 190
v_10*(v_11*(0.9801*v_9*(1.0*v_3 - 1.0*v_4*(v_3 - 1) + 1.0*v_5*(v_3 - 1)*(v_4 - 1) - (0.99*v_2 + 0.01)*(v_3 - 1)*(v_4 - 1)*(v_5 - 1)) + 0.99*(v_2 - 1)*(v_3 - 1)*(v_4 - 1)*(v_5 - 1)) - 0.99*(v_11 - 1)*(v_2 - 1)*(v_3 - 1)*(v_4 - 1)*(v_5 - 1)) - 0.99*(v_10 - 1)*(v_2 - 1)*(v_3 - 1)*(v_4 - 1)*(v_5 - 1)
Post simplification
symp_time: 0.7039825916290283
number of sums: 3
number of subs: 24
number of prods: 28
opt_time: 0.33779072761535645
     fun: 3.889999999999999
     jac: array([1., 1., 1., 1., 1., 1., 1.])
 message: 'Positive directional derivative for linesearch'
    nfev: 23
     nit: 7
    njev: 3
  status: 8
 success: False
       x: array([0.89, 0.11, 0.89, 0.11, 0.89, 0.11, 0.89])

real	0m5.261s
user	0m4.374s
sys	0m0.749s
Instance 8
[INFO] aspmc: Tree Decomposition #bags: 13 unfolded treewidth: 3 #vertices: 15
[INFO] aspmc: Preprocessing disabled
[INFO] aspmc:    Stats Compilation
[INFO] aspmc: ------------------------------------------------------------
[INFO] aspmc: X/D-Constrained Tree Decomposition #bags: 16 treewidth: 7 #vertices: 26
[INFO] aspmc: Dtree time:               2.0179085731506348
[INFO] aspmc: Compilation time:         0.014002323150634766
[INFO] aspmc: Preparation time:         6.842613220214844e-05
[INFO] aspmc: Counting time:            0.024422407150268555
[INFO] aspmc: ------------------------------------------------------------
/home/dazzolin/anaconda3/lib/python3.9/site-packages/scipy/optimize/optimize.py:282: RuntimeWarning: Values in x were outside bounds during a minimize step, clipping to bounds
  warnings.warn("Values in x were outside bounds during a "
[0.01::a0., 0.99::a1., 0.01::a2., 0.99::a3., 0.01::a4., 0.99::a5., 0.01::a6., 0.99::a7., 0.01::a8., 0.99::a9., qr:-not a0,not a2,not a4,not a6,not a8., qr:-a1,a3,a5,a7,a9,not nqr., nqr:-a1,a3,a5,a7,a9,not qr., query(qr).]
tracc
nnf_construction_time: 3.1585986614227295
Pre simplification
number of sums: 119
number of prods: 190
0.99*v_10*(v_11*(v_8*v_9*(1.0*v_3 - 1.0*v_4*(v_3 - 1) + 1.0*v_5*(v_3 - 1)*(v_4 - 1) - (0.99*v_2 + 0.01)*(v_3 - 1)*(v_4 - 1)*(v_5 - 1)) + (v_2 - 1)*(v_3 - 1)*(v_4 - 1)*(v_5 - 1)*(v_8*v_9 - v_8*(v_9 - 1) - v_8 + 1)) - (v_11 - 1)*(v_2 - 1)*(v_3 - 1)*(v_4 - 1)*(v_5 - 1)*(v_8*v_9 - v_8*(v_9 - 1) - v_8 + 1)) - 0.99*(v_10 - 1)*(v_2 - 1)*(v_3 - 1)*(v_4 - 1)*(v_5 - 1)*(v_8*v_9 - v_8*(v_9 - 1) - v_8 + 1)
Post simplification
symp_time: 0.7834224700927734
number of sums: 6
number of subs: 33
number of prods: 36
opt_time: 0.3568739891052246
     fun: 3.6
     jac: array([1., 1., 1., 1., 1., 1., 1., 1.])
 message: 'Optimization terminated successfully'
    nfev: 2
     nit: 2
    njev: 2
  status: 0
 success: True
       x: array([0.89, 0.01, 0.89, 0.01, 0.89, 0.01, 0.89, 0.01])

real	0m5.371s
user	0m4.445s
sys	0m0.782s
Instance 9
[INFO] aspmc: Tree Decomposition #bags: 13 unfolded treewidth: 3 #vertices: 15
[INFO] aspmc: Preprocessing disabled
[INFO] aspmc:    Stats Compilation
[INFO] aspmc: ------------------------------------------------------------
[INFO] aspmc: X/D-Constrained Tree Decomposition #bags: 16 treewidth: 7 #vertices: 26
[INFO] aspmc: Dtree time:               2.0181968212127686
[INFO] aspmc: Compilation time:         0.014185905456542969
[INFO] aspmc: Preparation time:         7.128715515136719e-05
[INFO] aspmc: Counting time:            0.024572372436523438
[INFO] aspmc: ------------------------------------------------------------
/home/dazzolin/anaconda3/lib/python3.9/site-packages/scipy/optimize/optimize.py:282: RuntimeWarning: Values in x were outside bounds during a minimize step, clipping to bounds
  warnings.warn("Values in x were outside bounds during a "
[0.01::a0., 0.99::a1., 0.01::a2., 0.99::a3., 0.01::a4., 0.99::a5., 0.01::a6., 0.99::a7., 0.01::a8., 0.99::a9., qr:-not a0,not a2,not a4,not a6,not a8., qr:-a1,a3,a5,a7,a9,not nqr., nqr:-a1,a3,a5,a7,a9,not qr., query(qr).]
tracc
nnf_construction_time: 3.1586415767669678
Pre simplification
number of sums: 119
number of prods: 190
v_10*(v_11*(0.99*v_8*v_9*(v_3 - v_4*(v_3 - 1) + v_5*(v_3 - 1)*(v_4 - 1) + (v_3 - 1)*(v_4 - 1)*(v_5 - 1)*(v_1*(v_2 - 1) - v_2)) - 1.0*(v_1 - 1)*(v_2 - 1)*(v_3 - 1)*(v_4 - 1)*(v_5 - 1)*(v_8*v_9 - v_8*(v_9 - 1) - v_8 + 1)) + 1.0*(v_1 - 1)*(v_11 - 1)*(v_2 - 1)*(v_3 - 1)*(v_4 - 1)*(v_5 - 1)*(v_8*v_9 - v_8*(v_9 - 1) - v_8 + 1)) + 1.0*(v_1 - 1)*(v_10 - 1)*(v_2 - 1)*(v_3 - 1)*(v_4 - 1)*(v_5 - 1)*(v_8*v_9 - v_8*(v_9 - 1) - v_8 + 1)
Post simplification
symp_time: 0.9816210269927979
number of sums: 7
number of subs: 36
number of prods: 38
opt_time: 0.722766637802124
     fun: 4.690000000001995
     jac: array([1., 1., 1., 1., 1., 1., 1., 1., 1.])
 message: 'Positive directional derivative for linesearch'
    nfev: 33
     nit: 10
    njev: 6
  status: 8
 success: False
       x: array([0.89, 0.11, 0.89, 0.11, 0.89, 0.01, 0.89, 0.01, 0.89])

real	0m5.943s
user	0m5.007s
sys	0m0.785s
Instance 10
[INFO] aspmc: Tree Decomposition #bags: 13 unfolded treewidth: 3 #vertices: 15
[INFO] aspmc: Preprocessing disabled
[INFO] aspmc:    Stats Compilation
[INFO] aspmc: ------------------------------------------------------------
[INFO] aspmc: X/D-Constrained Tree Decomposition #bags: 16 treewidth: 7 #vertices: 26
[INFO] aspmc: Dtree time:               2.0180563926696777
[INFO] aspmc: Compilation time:         0.013853311538696289
[INFO] aspmc: Preparation time:         8.082389831542969e-05
[INFO] aspmc: Counting time:            0.023366689682006836
[INFO] aspmc: ------------------------------------------------------------
/home/dazzolin/anaconda3/lib/python3.9/site-packages/scipy/optimize/optimize.py:282: RuntimeWarning: Values in x were outside bounds during a minimize step, clipping to bounds
  warnings.warn("Values in x were outside bounds during a "
[0.01::a0., 0.99::a1., 0.01::a2., 0.99::a3., 0.01::a4., 0.99::a5., 0.01::a6., 0.99::a7., 0.01::a8., 0.99::a9., qr:-not a0,not a2,not a4,not a6,not a8., qr:-a1,a3,a5,a7,a9,not nqr., nqr:-a1,a3,a5,a7,a9,not qr., query(qr).]
tracc
nnf_construction_time: 3.15669584274292
Pre simplification
number of sums: 119
number of prods: 190
v_10*(v_11*(v_7*v_8*v_9*(v_3 - v_4*(v_3 - 1) + v_5*(v_3 - 1)*(v_4 - 1) + (v_3 - 1)*(v_4 - 1)*(v_5 - 1)*(v_1*(v_2 - 1) - v_2)) + (v_1 - 1)*(v_2 - 1)*(v_3 - 1)*(v_4 - 1)*(v_5 - 1)*(-v_7*v_8*v_9 + v_8*v_9*(v_7 - 1) + v_8*(v_9 - 1) + v_8 - 1)) - (v_1 - 1)*(v_11 - 1)*(v_2 - 1)*(v_3 - 1)*(v_4 - 1)*(v_5 - 1)*(-v_7*v_8*v_9 + v_8*v_9*(v_7 - 1) + v_8*(v_9 - 1) + v_8 - 1)) - (v_1 - 1)*(v_10 - 1)*(v_2 - 1)*(v_3 - 1)*(v_4 - 1)*(v_5 - 1)*(-v_7*v_8*v_9 + v_8*v_9*(v_7 - 1) + v_8*(v_9 - 1) + v_8 - 1)
Post simplification
symp_time: 0.725684642791748
number of sums: 12
number of subs: 40
number of prods: 44
opt_time: 0.41746091842651367
     fun: 4.500000000000003
     jac: array([1., 1., 1., 1., 1., 1., 1., 1., 1., 1.])
 message: 'Optimization terminated successfully'
    nfev: 2
     nit: 2
    njev: 2
  status: 0
 success: True
       x: array([0.89, 0.01, 0.89, 0.01, 0.89, 0.01, 0.89, 0.01, 0.89, 0.01])

real	0m5.361s
user	0m4.486s
sys	0m0.745s
Ended at: 
Sat Dec  9 09:19:29 CET 2023
