Started at: 
Sat Dec  9 09:18:44 CET 2023
Instance 2
[INFO] aspmc: Tree Decomposition #bags: 18 unfolded treewidth: 3 #vertices: 20
[INFO] aspmc: Preprocessing disabled
[INFO] aspmc:    Stats Compilation
[INFO] aspmc: ------------------------------------------------------------
[INFO] aspmc: X/D-Constrained Tree Decomposition #bags: 23 treewidth: 7 #vertices: 38
[INFO] aspmc: Dtree time:               2.0214803218841553
[INFO] aspmc: Compilation time:         0.014978885650634766
[INFO] aspmc: Preparation time:         8.440017700195312e-05
[INFO] aspmc: Counting time:            0.0360865592956543
[INFO] aspmc: ------------------------------------------------------------
[0.01::a0., 0.99::a1., 0.01::a2., 0.99::a3., 0.01::a4., 0.99::a5., 0.01::a6., 0.99::a7., 0.01::a8., 0.99::a9., 0.01::a10., 0.99::a11., 0.01::a12., 0.99::a13., 0.01::a14., qr:-not a0,not a2,not a4,not a6,not a8,not a10,not a12,not a14., qr:-a1,a3,a5,a7,a9,a11,a13,not nqr., nqr:-a1,a3,a5,a7,a9,a11,a13,not qr., query(qr).]
tracc
nnf_construction_time: 3.174309730529785
Pre simplification
number of sums: 199
number of prods: 397
0.877521022998968*v_17*v_8 + 0.0639591264020321*v_17 - 0.93206534790699*v_8 + 0.93206534790699
Post simplification
symp_time: 0.3690755367279053
number of sums: 2
number of subs: 1
number of prods: 4
opt_time: 0.0025663375854492188
     fun: 0.9999919255867064
   maxcv: 0.20151884419824573
 message: 'Did not converge to a solution satisfying the constraints. See `maxcv` for magnitude of violation.'
    nfev: 20
  status: 4
 success: False
       x: array([0.31151074, 0.68848118])

real	0m4.669s
user	0m3.839s
sys	0m0.708s
Instance 3
[INFO] aspmc: Tree Decomposition #bags: 18 unfolded treewidth: 3 #vertices: 20
[INFO] aspmc: Preprocessing disabled
[INFO] aspmc:    Stats Compilation
[INFO] aspmc: ------------------------------------------------------------
[INFO] aspmc: X/D-Constrained Tree Decomposition #bags: 23 treewidth: 7 #vertices: 38
[INFO] aspmc: Dtree time:               2.02105450630188
[INFO] aspmc: Compilation time:         0.01420140266418457
[INFO] aspmc: Preparation time:         8.225440979003906e-05
[INFO] aspmc: Counting time:            0.037163496017456055
[INFO] aspmc: ------------------------------------------------------------
[0.01::a0., 0.99::a1., 0.01::a2., 0.99::a3., 0.01::a4., 0.99::a5., 0.01::a6., 0.99::a7., 0.01::a8., 0.99::a9., 0.01::a10., 0.99::a11., 0.01::a12., 0.99::a13., 0.01::a14., qr:-not a0,not a2,not a4,not a6,not a8,not a10,not a12,not a14., qr:-a1,a3,a5,a7,a9,a11,a13,not nqr., nqr:-a1,a3,a5,a7,a9,a11,a13,not qr., query(qr).]
tracc
nnf_construction_time: 3.171729803085327
Pre simplification
number of sums: 199
number of prods: 397
v_17*(0.93206534790699*v_7 - 0.93206534790699*v_8*(v_7 - 1) + 0.987160625591861*(v_7 - 1)*(v_8 - 1) + 0.00941480149401) - 0.941480149401*(v_17 - 1)*(v_7 - 1)*(v_8 - 1)
Post simplification
symp_time: 0.5452964305877686
number of sums: 2
number of subs: 8
number of prods: 9
opt_time: 0.005550861358642578
     fun: 1.6266306613067543
   maxcv: 0.26336933869324575
 message: 'Did not converge to a solution satisfying the constraints. See `maxcv` for magnitude of violation.'
    nfev: 21
  status: 4
 success: False
       x: array([0.62663066, 0.37336934, 0.62663066])

real	0m4.752s
user	0m3.998s
sys	0m0.632s
Instance 4
[INFO] aspmc: Tree Decomposition #bags: 18 unfolded treewidth: 3 #vertices: 20
[INFO] aspmc: Preprocessing disabled
[INFO] aspmc:    Stats Compilation
[INFO] aspmc: ------------------------------------------------------------
[INFO] aspmc: X/D-Constrained Tree Decomposition #bags: 23 treewidth: 7 #vertices: 38
[INFO] aspmc: Dtree time:               2.0211596488952637
[INFO] aspmc: Compilation time:         0.014571189880371094
[INFO] aspmc: Preparation time:         9.083747863769531e-05
[INFO] aspmc: Counting time:            0.03813362121582031
[INFO] aspmc: ------------------------------------------------------------
[0.01::a0., 0.99::a1., 0.01::a2., 0.99::a3., 0.01::a4., 0.99::a5., 0.01::a6., 0.99::a7., 0.01::a8., 0.99::a9., 0.01::a10., 0.99::a11., 0.01::a12., 0.99::a13., 0.01::a14., qr:-not a0,not a2,not a4,not a6,not a8,not a10,not a12,not a14., qr:-a1,a3,a5,a7,a9,a11,a13,not nqr., nqr:-a1,a3,a5,a7,a9,a11,a13,not qr., query(qr).]
tracc
nnf_construction_time: 3.1735637187957764
Pre simplification
number of sums: 199
number of prods: 397
v_17*(0.99*v_16*(0.9509900499*v_7 - 0.9509900499*v_8*(v_7 - 1) + 0.0466079748911955*(v_7 - 1)*(v_8 - 1) + 0.0096059601) + 0.941480149401*(1.11022302462516e-16*v_16 + 1.0)*(v_7 - 1)*(v_8 - 1)) - 0.941480149401*(1.11022302462516e-16*v_16 + 1.0)*(v_17 - 1)*(v_7 - 1)*(v_8 - 1)
Post simplification
symp_time: 0.6020846366882324
number of sums: 5
number of subs: 12
number of prods: 17
opt_time: 0.012160301208496094
     fun: 2.0000000000000004
   maxcv: 0.34566467906355486
 message: 'Did not converge to a solution satisfying the constraints. See `maxcv` for magnitude of violation.'
    nfev: 32
  status: 4
 success: False
       x: array([0.45566468, 0.54433532, 0.45566468, 0.54433532])

real	0m4.832s
user	0m4.018s
sys	0m0.679s
Instance 5
[INFO] aspmc: Tree Decomposition #bags: 18 unfolded treewidth: 3 #vertices: 20
[INFO] aspmc: Preprocessing disabled
[INFO] aspmc:    Stats Compilation
[INFO] aspmc: ------------------------------------------------------------
[INFO] aspmc: X/D-Constrained Tree Decomposition #bags: 23 treewidth: 7 #vertices: 38
[INFO] aspmc: Dtree time:               2.0213825702667236
[INFO] aspmc: Compilation time:         0.014719486236572266
[INFO] aspmc: Preparation time:         9.107589721679688e-05
[INFO] aspmc: Counting time:            0.03723502159118652
[INFO] aspmc: ------------------------------------------------------------
[0.01::a0., 0.99::a1., 0.01::a2., 0.99::a3., 0.01::a4., 0.99::a5., 0.01::a6., 0.99::a7., 0.01::a8., 0.99::a9., 0.01::a10., 0.99::a11., 0.01::a12., 0.99::a13., 0.01::a14., qr:-not a0,not a2,not a4,not a6,not a8,not a10,not a12,not a14., qr:-a1,a3,a5,a7,a9,a11,a13,not nqr., nqr:-a1,a3,a5,a7,a9,a11,a13,not qr., query(qr).]
tracc
nnf_construction_time: 3.174607038497925
Pre simplification
number of sums: 199
number of prods: 397
v_17*(0.99*v_16*(0.96059601*v_6 - 0.96059601*v_7*(v_6 - 1) + 0.96059601*v_8*(v_6 - 1)*(v_7 - 1) - 0.0470787625163591*(v_6 - 1)*(v_7 - 1)*(v_8 - 1)) - 0.9509900499*(1.11022302462516e-16*v_16 + 1.0)*(v_6 - 1)*(v_7 - 1)*(v_8 - 1)) + 0.9509900499*(1.11022302462516e-16*v_16 + 1.0)*(v_17 - 1)*(v_6 - 1)*(v_7 - 1)*(v_8 - 1)
Post simplification
symp_time: 0.6842124462127686
number of sums: 4
number of subs: 18
number of prods: 23
opt_time: 0.019705533981323242
     fun: 2.507739886636153
   maxcv: 0.38226011336384735
 message: 'Did not converge to a solution satisfying the constraints. See `maxcv` for magnitude of violation.'
    nfev: 37
  status: 4
 success: False
       x: array([0.50773989, 0.49226011, 0.50773989, 0.49226011, 0.50773989])

real	0m4.940s
user	0m4.112s
sys	0m0.686s
Instance 6
[INFO] aspmc: Tree Decomposition #bags: 18 unfolded treewidth: 3 #vertices: 20
[INFO] aspmc: Preprocessing disabled
[INFO] aspmc:    Stats Compilation
[INFO] aspmc: ------------------------------------------------------------
[INFO] aspmc: X/D-Constrained Tree Decomposition #bags: 23 treewidth: 7 #vertices: 38
[INFO] aspmc: Dtree time:               2.0212149620056152
[INFO] aspmc: Compilation time:         0.01428985595703125
[INFO] aspmc: Preparation time:         9.584426879882812e-05
[INFO] aspmc: Counting time:            0.0380854606628418
[INFO] aspmc: ------------------------------------------------------------
[0.01::a0., 0.99::a1., 0.01::a2., 0.99::a3., 0.01::a4., 0.99::a5., 0.01::a6., 0.99::a7., 0.01::a8., 0.99::a9., 0.01::a10., 0.99::a11., 0.01::a12., 0.99::a13., 0.01::a14., qr:-not a0,not a2,not a4,not a6,not a8,not a10,not a12,not a14., qr:-a1,a3,a5,a7,a9,a11,a13,not nqr., nqr:-a1,a3,a5,a7,a9,a11,a13,not qr., query(qr).]
tracc
nnf_construction_time: 3.1754138469696045
Pre simplification
number of sums: 199
number of prods: 397
v_17*(0.96059601*v_15*v_16*(1.0*v_6 - 1.0*v_7*(v_6 - 1) + 1.0*v_8*(v_6 - 1)*(v_7 - 1) - 0.0490099501*(v_6 - 1)*(v_7 - 1)*(v_8 - 1)) + 0.9509900499*(v_6 - 1)*(v_7 - 1)*(v_8 - 1)*(0.970299*v_15*(0.99*v_16 - 1.0) + 0.99*v_16*(1.11022302462516e-16*v_15 - 1.0) - (0.970299*v_15 - 1.0)*(0.99*v_16 - 1.0))) - 0.9509900499*(v_17 - 1)*(v_6 - 1)*(v_7 - 1)*(v_8 - 1)*(0.970299*v_15*(0.99*v_16 - 1.0) + 0.99*v_16*(1.11022302462516e-16*v_15 - 1.0) - (0.970299*v_15 - 1.0)*(0.99*v_16 - 1.0))
Post simplification
symp_time: 0.8431499004364014
number of sums: 4
number of subs: 28
number of prods: 40
opt_time: 0.03196001052856445
     fun: 3.0
   maxcv: 0.4265387774330674
 message: 'Did not converge to a solution satisfying the constraints. See `maxcv` for magnitude of violation.'
    nfev: 44
  status: 4
 success: False
       x: array([0.53653848, 0.46346152, 0.53653848, 0.46346152, 0.53653848,
       0.46346152])

real	0m5.101s
user	0m4.293s
sys	0m0.668s
Instance 7
[INFO] aspmc: Tree Decomposition #bags: 18 unfolded treewidth: 3 #vertices: 20
[INFO] aspmc: Preprocessing disabled
[INFO] aspmc:    Stats Compilation
[INFO] aspmc: ------------------------------------------------------------
[INFO] aspmc: X/D-Constrained Tree Decomposition #bags: 23 treewidth: 7 #vertices: 38
[INFO] aspmc: Dtree time:               2.0215373039245605
[INFO] aspmc: Compilation time:         0.013898372650146484
[INFO] aspmc: Preparation time:         8.606910705566406e-05
[INFO] aspmc: Counting time:            0.03554081916809082
[INFO] aspmc: ------------------------------------------------------------
[0.01::a0., 0.99::a1., 0.01::a2., 0.99::a3., 0.01::a4., 0.99::a5., 0.01::a6., 0.99::a7., 0.01::a8., 0.99::a9., 0.01::a10., 0.99::a11., 0.01::a12., 0.99::a13., 0.01::a14., qr:-not a0,not a2,not a4,not a6,not a8,not a10,not a12,not a14., qr:-a1,a3,a5,a7,a9,a11,a13,not nqr., nqr:-a1,a3,a5,a7,a9,a11,a13,not qr., query(qr).]
tracc
nnf_construction_time: 3.171173334121704
Pre simplification
number of sums: 199
number of prods: 397
0.96059601*v_17*(v_15*v_16*(-0.99*v_5*(v_6 - 1)*(v_7 - 1)*(v_8 - 1) + 1.0*v_6 - 1.0*v_7*(v_6 - 1) + 1.0*v_8*(v_6 - 1)*(v_7 - 1) + 0.02940399*(v_5 - 1)*(v_6 - 1)*(v_7 - 1)*(v_8 - 1) - 0.01*(v_6 - 1)*(v_7 - 1)*(v_8 - 1)) - (v_5 - 1)*(v_6 - 1)*(v_7 - 1)*(v_8 - 1)*(0.970299*v_15*(0.99*v_16 - 1.0) + 0.99*v_16*(1.11022302462516e-16*v_15 - 1.0) - (0.970299*v_15 - 1.0)*(0.99*v_16 - 1.0))) + 0.96059601*(v_17 - 1)*(v_5 - 1)*(v_6 - 1)*(v_7 - 1)*(v_8 - 1)*(0.970299*v_15*(0.99*v_16 - 1.0) + 0.99*v_16*(1.11022302462516e-16*v_15 - 1.0) - (0.970299*v_15 - 1.0)*(0.99*v_16 - 1.0))
Post simplification
symp_time: 1.002181053161621
number of sums: 6
number of subs: 38
number of prods: 49
opt_time: 0.04403066635131836
     fun: 3.4388356966292153
   maxcv: 0.4511643033707846
 message: 'Did not converge to a solution satisfying the constraints. See `maxcv` for magnitude of violation.'
    nfev: 45
  status: 4
 success: False
       x: array([0.4388357, 0.5611643, 0.4388357, 0.5611643, 0.4388357, 0.5611643,
       0.4388357])

real	0m5.280s
user	0m4.459s
sys	0m0.685s
Instance 8
[INFO] aspmc: Tree Decomposition #bags: 18 unfolded treewidth: 3 #vertices: 20
[INFO] aspmc: Preprocessing disabled
[INFO] aspmc:    Stats Compilation
[INFO] aspmc: ------------------------------------------------------------
[INFO] aspmc: X/D-Constrained Tree Decomposition #bags: 23 treewidth: 7 #vertices: 38
[INFO] aspmc: Dtree time:               2.0212814807891846
[INFO] aspmc: Compilation time:         0.014293193817138672
[INFO] aspmc: Preparation time:         8.916854858398438e-05
[INFO] aspmc: Counting time:            0.03526425361633301
[INFO] aspmc: ------------------------------------------------------------
[0.01::a0., 0.99::a1., 0.01::a2., 0.99::a3., 0.01::a4., 0.99::a5., 0.01::a6., 0.99::a7., 0.01::a8., 0.99::a9., 0.01::a10., 0.99::a11., 0.01::a12., 0.99::a13., 0.01::a14., qr:-not a0,not a2,not a4,not a6,not a8,not a10,not a12,not a14., qr:-a1,a3,a5,a7,a9,a11,a13,not nqr., nqr:-a1,a3,a5,a7,a9,a11,a13,not qr., query(qr).]
tracc
nnf_construction_time: 3.1733834743499756
Pre simplification
number of sums: 199
number of prods: 397
v_17*(0.970299*v_14*v_15*v_16*(-0.99*v_5*(v_6 - 1)*(v_7 - 1)*(v_8 - 1) + 1.0*v_6 - 1.0*v_7*(v_6 - 1) + 1.0*v_8*(v_6 - 1)*(v_7 - 1) + 0.02940399*(v_5 - 1)*(v_6 - 1)*(v_7 - 1)*(v_8 - 1) - 0.01*(v_6 - 1)*(v_7 - 1)*(v_8 - 1)) - 0.96059601*(v_5 - 1)*(v_6 - 1)*(v_7 - 1)*(v_8 - 1)*(0.9801*v_14*v_15*(0.99*v_16 - 1.0) - 0.99*v_16*(v_14*v_15 - v_14*(v_15 - 1) - v_14 + 1) + (0.99*v_16 - 1.0)*(0.0199*v_14*v_15 - 1.0*v_14*(v_15 - 1) - 1.0*v_14 + 1.0))) + 0.96059601*(v_17 - 1)*(v_5 - 1)*(v_6 - 1)*(v_7 - 1)*(v_8 - 1)*(0.9801*v_14*v_15*(0.99*v_16 - 1.0) - 0.99*v_16*(v_14*v_15 - v_14*(v_15 - 1) - v_14 + 1) + (0.99*v_16 - 1.0)*(0.0199*v_14*v_15 - 1.0*v_14*(v_15 - 1) - 1.0*v_14 + 1.0))
Post simplification
symp_time: 0.9754765033721924
number of sums: 10
number of subs: 44
number of prods: 63
opt_time: 0.06561517715454102
     fun: 4.0
   maxcv: 0.47988003833663656
 message: 'Did not converge to a solution satisfying the constraints. See `maxcv` for magnitude of violation.'
    nfev: 52
  status: 4
 success: False
       x: array([0.58988003, 0.41011997, 0.58988003, 0.41011997, 0.58988003,
       0.41011997, 0.58988003, 0.41011997])

real	0m5.307s
user	0m4.480s
sys	0m0.677s
Instance 9
[INFO] aspmc: Tree Decomposition #bags: 18 unfolded treewidth: 3 #vertices: 20
[INFO] aspmc: Preprocessing disabled
[INFO] aspmc:    Stats Compilation
[INFO] aspmc: ------------------------------------------------------------
[INFO] aspmc: X/D-Constrained Tree Decomposition #bags: 23 treewidth: 7 #vertices: 38
[INFO] aspmc: Dtree time:               2.0231845378875732
[INFO] aspmc: Compilation time:         0.014535903930664062
[INFO] aspmc: Preparation time:         9.1552734375e-05
[INFO] aspmc: Counting time:            0.03565478324890137
[INFO] aspmc: ------------------------------------------------------------
[0.01::a0., 0.99::a1., 0.01::a2., 0.99::a3., 0.01::a4., 0.99::a5., 0.01::a6., 0.99::a7., 0.01::a8., 0.99::a9., 0.01::a10., 0.99::a11., 0.01::a12., 0.99::a13., 0.01::a14., qr:-not a0,not a2,not a4,not a6,not a8,not a10,not a12,not a14., qr:-a1,a3,a5,a7,a9,a11,a13,not nqr., nqr:-a1,a3,a5,a7,a9,a11,a13,not qr., query(qr).]
tracc
nnf_construction_time: 3.2059271335601807
Pre simplification
number of sums: 199
number of prods: 397
-0.970299*v_17*(v_14*v_15*v_16*(-0.99*v_4*(v_5 - 1)*(v_6 - 1)*(v_7 - 1)*(v_8 - 1) + 0.99*v_5*(v_6 - 1)*(v_7 - 1)*(v_8 - 1) - 1.0*v_6 + 1.0*v_7*(v_6 - 1) - 1.0*v_8*(v_6 - 1)*(v_7 - 1) + 0.019701*(v_4 - 1)*(v_5 - 1)*(v_6 - 1)*(v_7 - 1)*(v_8 - 1) + 0.01*(v_6 - 1)*(v_7 - 1)*(v_8 - 1)) - (v_4 - 1)*(v_5 - 1)*(v_6 - 1)*(v_7 - 1)*(v_8 - 1)*(0.9801*v_14*v_15*(0.99*v_16 - 1.0) - 0.99*v_16*(v_14*v_15 - v_14*(v_15 - 1) - v_14 + 1) + (0.99*v_16 - 1.0)*(0.0199*v_14*v_15 - 1.0*v_14*(v_15 - 1) - 1.0*v_14 + 1.0))) - 0.970299*(v_17 - 1)*(v_4 - 1)*(v_5 - 1)*(v_6 - 1)*(v_7 - 1)*(v_8 - 1)*(0.9801*v_14*v_15*(0.99*v_16 - 1.0) - 0.99*v_16*(v_14*v_15 - v_14*(v_15 - 1) - v_14 + 1) + (0.99*v_16 - 1.0)*(0.0199*v_14*v_15 - 1.0*v_14*(v_15 - 1) - 1.0*v_14 + 1.0))
Post simplification
symp_time: 1.274916648864746
number of sums: 10
number of subs: 53
number of prods: 70
opt_time: 0.09209370613098145
     fun: 4.392218842113053
   maxcv: 0.49778115788694766
 message: 'Did not converge to a solution satisfying the constraints. See `maxcv` for magnitude of violation.'
    nfev: 58
  status: 4
 success: False
       x: array([0.39221884, 0.60778116, 0.39221884, 0.60778116, 0.39221884,
       0.60778116, 0.39221884, 0.60778116, 0.39221884])

real	0m5.633s
user	0m4.746s
sys	0m0.723s
Instance 10
[INFO] aspmc: Tree Decomposition #bags: 18 unfolded treewidth: 3 #vertices: 20
[INFO] aspmc: Preprocessing disabled
[INFO] aspmc:    Stats Compilation
[INFO] aspmc: ------------------------------------------------------------
[INFO] aspmc: X/D-Constrained Tree Decomposition #bags: 23 treewidth: 7 #vertices: 38
[INFO] aspmc: Dtree time:               2.021049737930298
[INFO] aspmc: Compilation time:         0.014313936233520508
[INFO] aspmc: Preparation time:         9.012222290039062e-05
[INFO] aspmc: Counting time:            0.03521537780761719
[INFO] aspmc: ------------------------------------------------------------
[0.01::a0., 0.99::a1., 0.01::a2., 0.99::a3., 0.01::a4., 0.99::a5., 0.01::a6., 0.99::a7., 0.01::a8., 0.99::a9., 0.01::a10., 0.99::a11., 0.01::a12., 0.99::a13., 0.01::a14., qr:-not a0,not a2,not a4,not a6,not a8,not a10,not a12,not a14., qr:-a1,a3,a5,a7,a9,a11,a13,not nqr., nqr:-a1,a3,a5,a7,a9,a11,a13,not qr., query(qr).]
tracc
nnf_construction_time: 3.1712417602539062
Pre simplification
number of sums: 199
number of prods: 397
-v_17*(0.9801*v_13*v_14*v_15*v_16*(-0.99*v_4*(v_5 - 1)*(v_6 - 1)*(v_7 - 1)*(v_8 - 1) + 0.99*v_5*(v_6 - 1)*(v_7 - 1)*(v_8 - 1) - 1.0*v_6 + 1.0*v_7*(v_6 - 1) - 1.0*v_8*(v_6 - 1)*(v_7 - 1) + 0.019701*(v_4 - 1)*(v_5 - 1)*(v_6 - 1)*(v_7 - 1)*(v_8 - 1) + 0.01*(v_6 - 1)*(v_7 - 1)*(v_8 - 1)) - 0.970299*(v_4 - 1)*(v_5 - 1)*(v_6 - 1)*(v_7 - 1)*(v_8 - 1)*(-1.0*v_13*v_16*(v_14*v_15 - v_14*(v_15 - 1) - v_14 + 1) + 0.9801*v_14*v_15*(v_16*(v_13 - 1) + v_16 - 1) + (v_16*(v_13 - 1) + v_16 - 1)*(0.0199*v_14*v_15 - 1.0*v_14*(v_15 - 1) - 1.0*v_14 + 1.0))) - 0.970299*(v_17 - 1)*(v_4 - 1)*(v_5 - 1)*(v_6 - 1)*(v_7 - 1)*(v_8 - 1)*(-1.0*v_13*v_16*(v_14*v_15 - v_14*(v_15 - 1) - v_14 + 1) + 0.9801*v_14*v_15*(v_16*(v_13 - 1) + v_16 - 1) + (v_16*(v_13 - 1) + v_16 - 1)*(0.0199*v_14*v_15 - 1.0*v_14*(v_15 - 1) - 1.0*v_14 + 1.0))
Post simplification
symp_time: 1.2180895805358887
number of sums: 16
number of subs: 57
number of prods: 74
opt_time: 0.11794137954711914
     fun: 5.0
   maxcv: 0.5182366967057909
 message: 'Did not converge to a solution satisfying the constraints. See `maxcv` for magnitude of violation.'
    nfev: 65
  status: 4
 success: False
       x: array([0.6282367, 0.3717633, 0.6282367, 0.3717633, 0.6282367, 0.3717633,
       0.6282367, 0.3717633, 0.6282367, 0.3717633])

real	0m5.555s
user	0m4.745s
sys	0m0.673s
Instance 11
[INFO] aspmc: Tree Decomposition #bags: 18 unfolded treewidth: 3 #vertices: 20
[INFO] aspmc: Preprocessing disabled
[INFO] aspmc:    Stats Compilation
[INFO] aspmc: ------------------------------------------------------------
[INFO] aspmc: X/D-Constrained Tree Decomposition #bags: 23 treewidth: 7 #vertices: 38
[INFO] aspmc: Dtree time:               2.019897222518921
[INFO] aspmc: Compilation time:         0.014045238494873047
[INFO] aspmc: Preparation time:         9.322166442871094e-05
[INFO] aspmc: Counting time:            0.033888816833496094
[INFO] aspmc: ------------------------------------------------------------
[0.01::a0., 0.99::a1., 0.01::a2., 0.99::a3., 0.01::a4., 0.99::a5., 0.01::a6., 0.99::a7., 0.01::a8., 0.99::a9., 0.01::a10., 0.99::a11., 0.01::a12., 0.99::a13., 0.01::a14., qr:-not a0,not a2,not a4,not a6,not a8,not a10,not a12,not a14., qr:-a1,a3,a5,a7,a9,a11,a13,not nqr., nqr:-a1,a3,a5,a7,a9,a11,a13,not qr., query(qr).]
tracc
nnf_construction_time: 3.1656746864318848
Pre simplification
number of sums: 199
number of prods: 397
0.9801*v_17*(v_13*v_14*v_15*v_16*(-1.0*v_3*(v_6 - 1)*(v_7 - 1)*(v_8 - 1) - 1.0*v_4*(v_3 - 1)*(v_5 - 1)*(v_6 - 1)*(v_7 - 1)*(v_8 - 1) + 1.0*v_5*(v_3 - 1)*(v_6 - 1)*(v_7 - 1)*(v_8 - 1) + 1.0*v_6 - 1.0*v_7*(v_6 - 1) + 1.0*v_8*(v_6 - 1)*(v_7 - 1) + 0.0199*(v_3 - 1)*(v_4 - 1)*(v_5 - 1)*(v_6 - 1)*(v_7 - 1)*(v_8 - 1)) - (v_3 - 1)*(v_4 - 1)*(v_5 - 1)*(v_6 - 1)*(v_7 - 1)*(v_8 - 1)*(-1.0*v_13*v_16*(v_14*v_15 - v_14*(v_15 - 1) - v_14 + 1) + 0.9801*v_14*v_15*(v_16*(v_13 - 1) + v_16 - 1) + (v_16*(v_13 - 1) + v_16 - 1)*(0.0199*v_14*v_15 - 1.0*v_14*(v_15 - 1) - 1.0*v_14 + 1.0))) + 0.9801*(v_17 - 1)*(v_3 - 1)*(v_4 - 1)*(v_5 - 1)*(v_6 - 1)*(v_7 - 1)*(v_8 - 1)*(-1.0*v_13*v_16*(v_14*v_15 - v_14*(v_15 - 1) - v_14 + 1) + 0.9801*v_14*v_15*(v_16*(v_13 - 1) + v_16 - 1) + (v_16*(v_13 - 1) + v_16 - 1)*(0.0199*v_14*v_15 - 1.0*v_14*(v_15 - 1) - 1.0*v_14 + 1.0))
Post simplification
symp_time: 1.6311357021331787
number of sums: 17
number of subs: 60
number of prods: 79
opt_time: 0.16259551048278809
     fun: 5.35807724602958
   maxcv: 0.5319227581386923
 message: 'Did not converge to a solution satisfying the constraints. See `maxcv` for magnitude of violation.'
    nfev: 75
  status: 4
 success: False
       x: array([0.64192275, 0.35807725, 0.64192275, 0.35807725, 0.64192275,
       0.35807725, 0.64192275, 0.35807725, 0.35807725, 0.64192275,
       0.35807725])

real	0m5.973s
user	0m5.156s
sys	0m0.667s
Instance 12
[INFO] aspmc: Tree Decomposition #bags: 18 unfolded treewidth: 3 #vertices: 20
[INFO] aspmc: Preprocessing disabled
[INFO] aspmc:    Stats Compilation
[INFO] aspmc: ------------------------------------------------------------
[INFO] aspmc: X/D-Constrained Tree Decomposition #bags: 23 treewidth: 7 #vertices: 38
[INFO] aspmc: Dtree time:               2.0282599925994873
[INFO] aspmc: Compilation time:         0.013778924942016602
[INFO] aspmc: Preparation time:         8.249282836914062e-05
[INFO] aspmc: Counting time:            0.03504610061645508
[INFO] aspmc: ------------------------------------------------------------
[0.01::a0., 0.99::a1., 0.01::a2., 0.99::a3., 0.01::a4., 0.99::a5., 0.01::a6., 0.99::a7., 0.01::a8., 0.99::a9., 0.01::a10., 0.99::a11., 0.01::a12., 0.99::a13., 0.01::a14., qr:-not a0,not a2,not a4,not a6,not a8,not a10,not a12,not a14., qr:-a1,a3,a5,a7,a9,a11,a13,not nqr., nqr:-a1,a3,a5,a7,a9,a11,a13,not qr., query(qr).]
tracc
nnf_construction_time: 3.1692328453063965
Pre simplification
number of sums: 199
number of prods: 397
v_17*(0.99*v_12*v_13*v_14*v_15*v_16*(-1.0*v_3*(v_6 - 1)*(v_7 - 1)*(v_8 - 1) - 1.0*v_4*(v_3 - 1)*(v_5 - 1)*(v_6 - 1)*(v_7 - 1)*(v_8 - 1) + 1.0*v_5*(v_3 - 1)*(v_6 - 1)*(v_7 - 1)*(v_8 - 1) + 1.0*v_6 - 1.0*v_7*(v_6 - 1) + 1.0*v_8*(v_6 - 1)*(v_7 - 1) + 0.0199*(v_3 - 1)*(v_4 - 1)*(v_5 - 1)*(v_6 - 1)*(v_7 - 1)*(v_8 - 1)) - 0.9801*(v_3 - 1)*(v_4 - 1)*(v_5 - 1)*(v_6 - 1)*(v_7 - 1)*(v_8 - 1)*(0.99*v_12*v_14*v_15*(v_16*(v_13 - 1) + v_16 - 1) + 1.0*v_13*v_16*(-v_12*v_14*v_15 + v_14*v_15*(v_12 - 1) + v_14*(v_15 - 1) + v_14 - 1) - (v_16*(v_13 - 1) + v_16 - 1)*(-0.01*v_12*v_14*v_15 + 1.0*v_14*v_15*(v_12 - 1) + 1.0*v_14*(v_15 - 1) + 1.0*v_14 - 1.0))) + 0.9801*(v_17 - 1)*(v_3 - 1)*(v_4 - 1)*(v_5 - 1)*(v_6 - 1)*(v_7 - 1)*(v_8 - 1)*(0.99*v_12*v_14*v_15*(v_16*(v_13 - 1) + v_16 - 1) + 1.0*v_13*v_16*(-v_12*v_14*v_15 + v_14*v_15*(v_12 - 1) + v_14*(v_15 - 1) + v_14 - 1) - (v_16*(v_13 - 1) + v_16 - 1)*(-0.01*v_12*v_14*v_15 + 1.0*v_14*v_15*(v_12 - 1) + 1.0*v_14*(v_15 - 1) + 1.0*v_14 - 1.0))
Post simplification
symp_time: 1.6767549514770508
number of sums: 23
number of subs: 64
number of prods: 97
opt_time: 0.6933102607727051
     fun: 3.1137639459033903
   maxcv: 0.5866009801729337
 message: 'Did not converge to a solution satisfying the constraints. See `maxcv` for magnitude of violation.'
    nfev: 250
  status: 4
 success: False
       x: array([ 0.4310953 ,  0.30339902,  0.4310953 ,  0.30339902,  0.4310953 ,
        0.30339902, -0.21550568,  0.30339902, -0.21550568,  0.30339902,
        0.4310953 ,  0.30339902])

real	0m6.525s
user	0m5.693s
sys	0m0.671s
Instance 13
[INFO] aspmc: Tree Decomposition #bags: 18 unfolded treewidth: 3 #vertices: 20
[INFO] aspmc: Preprocessing disabled
[INFO] aspmc:    Stats Compilation
[INFO] aspmc: ------------------------------------------------------------
[INFO] aspmc: X/D-Constrained Tree Decomposition #bags: 23 treewidth: 7 #vertices: 38
[INFO] aspmc: Dtree time:               2.019589900970459
[INFO] aspmc: Compilation time:         0.013616323471069336
[INFO] aspmc: Preparation time:         8.654594421386719e-05
[INFO] aspmc: Counting time:            0.032605648040771484
[INFO] aspmc: ------------------------------------------------------------
[0.01::a0., 0.99::a1., 0.01::a2., 0.99::a3., 0.01::a4., 0.99::a5., 0.01::a6., 0.99::a7., 0.01::a8., 0.99::a9., 0.01::a10., 0.99::a11., 0.01::a12., 0.99::a13., 0.01::a14., qr:-not a0,not a2,not a4,not a6,not a8,not a10,not a12,not a14., qr:-a1,a3,a5,a7,a9,a11,a13,not nqr., nqr:-a1,a3,a5,a7,a9,a11,a13,not qr., query(qr).]
tracc
nnf_construction_time: 3.1596734523773193
Pre simplification
number of sums: 199
number of prods: 397
0.99*v_17*(v_12*v_13*v_14*v_15*v_16*(-1.0*v_3*(v_6 - 1)*(v_7 - 1)*(v_8 - 1) - 1.0*v_4*(v_3 - 1)*(v_5 - 1)*(v_6 - 1)*(v_7 - 1)*(v_8 - 1) + 1.0*v_5*(v_3 - 1)*(v_6 - 1)*(v_7 - 1)*(v_8 - 1) + 1.0*v_6 - 1.0*v_7*(v_6 - 1) + 1.0*v_8*(v_6 - 1)*(v_7 - 1) + (0.99*v_2 + 0.01)*(v_3 - 1)*(v_4 - 1)*(v_5 - 1)*(v_6 - 1)*(v_7 - 1)*(v_8 - 1)) + (v_2 - 1)*(v_3 - 1)*(v_4 - 1)*(v_5 - 1)*(v_6 - 1)*(v_7 - 1)*(v_8 - 1)*(0.99*v_12*v_14*v_15*(v_16*(v_13 - 1) + v_16 - 1) + 1.0*v_13*v_16*(-v_12*v_14*v_15 + v_14*v_15*(v_12 - 1) + v_14*(v_15 - 1) + v_14 - 1) - (v_16*(v_13 - 1) + v_16 - 1)*(-0.01*v_12*v_14*v_15 + 1.0*v_14*v_15*(v_12 - 1) + 1.0*v_14*(v_15 - 1) + 1.0*v_14 - 1.0))) - 0.99*(v_17 - 1)*(v_2 - 1)*(v_3 - 1)*(v_4 - 1)*(v_5 - 1)*(v_6 - 1)*(v_7 - 1)*(v_8 - 1)*(0.99*v_12*v_14*v_15*(v_16*(v_13 - 1) + v_16 - 1) + 1.0*v_13*v_16*(-v_12*v_14*v_15 + v_14*v_15*(v_12 - 1) + v_14*(v_15 - 1) + v_14 - 1) - (v_16*(v_13 - 1) + v_16 - 1)*(-0.01*v_12*v_14*v_15 + 1.0*v_14*v_15*(v_12 - 1) + 1.0*v_14*(v_15 - 1) + 1.0*v_14 - 1.0))
Post simplification
symp_time: 3.1193933486938477
number of sums: 24
number of subs: 66
number of prods: 99
opt_time: 0.28589677810668945
     fun: 6.3318057961344865
   maxcv: 0.5581946016933317
 message: 'Did not converge to a solution satisfying the constraints. See `maxcv` for magnitude of violation.'
    nfev: 93
  status: 4
 success: False
       x: array([0.6681942, 0.3318058, 0.6681942, 0.3318058, 0.6681942, 0.3318058,
       0.6681942, 0.3318058, 0.3318058, 0.6681942, 0.3318058, 0.6681942,
       0.3318058])

real	0m7.542s
user	0m6.662s
sys	0m0.734s
Instance 14
[INFO] aspmc: Tree Decomposition #bags: 18 unfolded treewidth: 3 #vertices: 20
[INFO] aspmc: Preprocessing disabled
[INFO] aspmc:    Stats Compilation
[INFO] aspmc: ------------------------------------------------------------
[INFO] aspmc: X/D-Constrained Tree Decomposition #bags: 23 treewidth: 7 #vertices: 38
[INFO] aspmc: Dtree time:               2.0193002223968506
[INFO] aspmc: Compilation time:         0.013115406036376953
[INFO] aspmc: Preparation time:         8.678436279296875e-05
[INFO] aspmc: Counting time:            0.031855106353759766
[INFO] aspmc: ------------------------------------------------------------
[0.01::a0., 0.99::a1., 0.01::a2., 0.99::a3., 0.01::a4., 0.99::a5., 0.01::a6., 0.99::a7., 0.01::a8., 0.99::a9., 0.01::a10., 0.99::a11., 0.01::a12., 0.99::a13., 0.01::a14., qr:-not a0,not a2,not a4,not a6,not a8,not a10,not a12,not a14., qr:-a1,a3,a5,a7,a9,a11,a13,not nqr., nqr:-a1,a3,a5,a7,a9,a11,a13,not qr., query(qr).]
tracc
nnf_construction_time: 3.1562793254852295
Pre simplification
number of sums: 199
number of prods: 397
v_17*(v_11*v_12*v_13*v_14*v_15*v_16*(-1.0*v_3*(v_6 - 1)*(v_7 - 1)*(v_8 - 1) - 1.0*v_4*(v_3 - 1)*(v_5 - 1)*(v_6 - 1)*(v_7 - 1)*(v_8 - 1) + 1.0*v_5*(v_3 - 1)*(v_6 - 1)*(v_7 - 1)*(v_8 - 1) + 1.0*v_6 - 1.0*v_7*(v_6 - 1) + 1.0*v_8*(v_6 - 1)*(v_7 - 1) + (0.99*v_2 + 0.01)*(v_3 - 1)*(v_4 - 1)*(v_5 - 1)*(v_6 - 1)*(v_7 - 1)*(v_8 - 1)) + 0.99*(v_2 - 1)*(v_3 - 1)*(v_4 - 1)*(v_5 - 1)*(v_6 - 1)*(v_7 - 1)*(v_8 - 1)*(v_11*v_12*v_14*v_15*(v_16*(v_13 - 1) + v_16 - 1) + v_13*v_16*(-v_11*v_12*v_14*v_15 + v_12*v_14*v_15*(v_11 - 1) + v_14*v_15*(v_12 - 1) + v_14*(v_15 - 1) + v_14 - 1) - (v_16*(v_13 - 1) + v_16 - 1)*(v_12*v_14*v_15*(v_11 - 1) + v_14*v_15*(v_12 - 1) + v_14*(v_15 - 1) + v_14 - 1))) - 0.99*(v_17 - 1)*(v_2 - 1)*(v_3 - 1)*(v_4 - 1)*(v_5 - 1)*(v_6 - 1)*(v_7 - 1)*(v_8 - 1)*(v_11*v_12*v_14*v_15*(v_16*(v_13 - 1) + v_16 - 1) + v_13*v_16*(-v_11*v_12*v_14*v_15 + v_12*v_14*v_15*(v_11 - 1) + v_14*v_15*(v_12 - 1) + v_14*(v_15 - 1) + v_14 - 1) - (v_16*(v_13 - 1) + v_16 - 1)*(v_12*v_14*v_15*(v_11 - 1) + v_14*v_15*(v_12 - 1) + v_14*(v_15 - 1) + v_14 - 1))
Post simplification
symp_time: 3.010176181793213
number of sums: 26
number of subs: 68
number of prods: 100
opt_time: 0.5639841556549072
     fun: 6.999969845672101
   maxcv: 0.5703017399186957
 message: 'Did not converge to a solution satisfying the constraints. See `maxcv` for magnitude of violation.'
    nfev: 155
  status: 4
 success: False
       x: array([0.68030174, 0.31969826, 0.68030174, 0.31969826, 0.6802716 ,
       0.31969826, 0.68030174, 0.31969826, 0.68030174, 0.31969826,
       0.68030174, 0.31969826, 0.68030173, 0.31969826])

real	0m7.722s
user	0m6.879s
sys	0m0.674s
Instance 15
[INFO] aspmc: Tree Decomposition #bags: 18 unfolded treewidth: 3 #vertices: 20
[INFO] aspmc: Preprocessing disabled
[INFO] aspmc:    Stats Compilation
[INFO] aspmc: ------------------------------------------------------------
[INFO] aspmc: X/D-Constrained Tree Decomposition #bags: 23 treewidth: 7 #vertices: 38
[INFO] aspmc: Dtree time:               2.019507646560669
[INFO] aspmc: Compilation time:         0.013516664505004883
[INFO] aspmc: Preparation time:         8.273124694824219e-05
[INFO] aspmc: Counting time:            0.03313851356506348
[INFO] aspmc: ------------------------------------------------------------
[0.01::a0., 0.99::a1., 0.01::a2., 0.99::a3., 0.01::a4., 0.99::a5., 0.01::a6., 0.99::a7., 0.01::a8., 0.99::a9., 0.01::a10., 0.99::a11., 0.01::a12., 0.99::a13., 0.01::a14., qr:-not a0,not a2,not a4,not a6,not a8,not a10,not a12,not a14., qr:-a1,a3,a5,a7,a9,a11,a13,not nqr., nqr:-a1,a3,a5,a7,a9,a11,a13,not qr., query(qr).]
tracc
nnf_construction_time: 3.157804012298584
Pre simplification
number of sums: 199
number of prods: 397
-v_17*(v_11*v_12*v_13*v_14*v_15*v_16*(v_3*(v_6 - 1)*(v_7 - 1)*(v_8 - 1) + v_4*(v_3 - 1)*(v_5 - 1)*(v_6 - 1)*(v_7 - 1)*(v_8 - 1) - v_5*(v_3 - 1)*(v_6 - 1)*(v_7 - 1)*(v_8 - 1) - v_6 + v_7*(v_6 - 1) - v_8*(v_6 - 1)*(v_7 - 1) + (v_3 - 1)*(v_4 - 1)*(v_5 - 1)*(v_6 - 1)*(v_7 - 1)*(v_8 - 1)*(v_1*(v_2 - 1) - v_2)) + (v_1 - 1)*(v_2 - 1)*(v_3 - 1)*(v_4 - 1)*(v_5 - 1)*(v_6 - 1)*(v_7 - 1)*(v_8 - 1)*(v_11*v_12*v_14*v_15*(v_16*(v_13 - 1) + v_16 - 1) + v_13*v_16*(-v_11*v_12*v_14*v_15 + v_12*v_14*v_15*(v_11 - 1) + v_14*v_15*(v_12 - 1) + v_14*(v_15 - 1) + v_14 - 1) - (v_16*(v_13 - 1) + v_16 - 1)*(v_12*v_14*v_15*(v_11 - 1) + v_14*v_15*(v_12 - 1) + v_14*(v_15 - 1) + v_14 - 1))) + (v_1 - 1)*(v_17 - 1)*(v_2 - 1)*(v_3 - 1)*(v_4 - 1)*(v_5 - 1)*(v_6 - 1)*(v_7 - 1)*(v_8 - 1)*(v_11*v_12*v_14*v_15*(v_16*(v_13 - 1) + v_16 - 1) + v_13*v_16*(-v_11*v_12*v_14*v_15 + v_12*v_14*v_15*(v_11 - 1) + v_14*v_15*(v_12 - 1) + v_14*(v_15 - 1) + v_14 - 1) - (v_16*(v_13 - 1) + v_16 - 1)*(v_12*v_14*v_15*(v_11 - 1) + v_14*v_15*(v_12 - 1) + v_14*(v_15 - 1) + v_14 - 1))
Post simplification
symp_time: 3.278960943222046
number of sums: 25
number of subs: 72
number of prods: 94
opt_time: 0.4946143627166748
     fun: 7.252582028644427
   maxcv: 2.3262631876352913e-07
 message: 'Optimization terminated successfully.'
    nfev: 120
  status: 1
 success: True
       x: array([0.01      , 0.89032275, 0.01      , 0.89032275, 0.01      ,
       0.89032275, 0.01      , 0.89032275, 0.95032275, 0.01      ,
       0.89032275, 0.01      , 0.89032275, 0.01      , 0.89032275])

real	0m7.898s
user	0m7.015s
sys	0m0.730s
Ended at: 
Sat Dec  9 09:20:05 CET 2023
