Started at: 
Sat Dec  9 09:18:44 CET 2023
Instance 2
[INFO] aspmc: Tree Decomposition #bags: 18 unfolded treewidth: 3 #vertices: 20
[INFO] aspmc: Preprocessing disabled
[INFO] aspmc:    Stats Compilation
[INFO] aspmc: ------------------------------------------------------------
[INFO] aspmc: X/D-Constrained Tree Decomposition #bags: 23 treewidth: 7 #vertices: 38
[INFO] aspmc: Dtree time:               2.021984815597534
[INFO] aspmc: Compilation time:         0.014775991439819336
[INFO] aspmc: Preparation time:         9.012222290039062e-05
[INFO] aspmc: Counting time:            0.038773298263549805
[INFO] aspmc: ------------------------------------------------------------
[0.01::a0., 0.99::a1., 0.01::a2., 0.99::a3., 0.01::a4., 0.99::a5., 0.01::a6., 0.99::a7., 0.01::a8., 0.99::a9., 0.01::a10., 0.99::a11., 0.01::a12., 0.99::a13., 0.01::a14., qr:-not a0,not a2,not a4,not a6,not a8,not a10,not a12,not a14., qr:-a1,a3,a5,a7,a9,a11,a13,not nqr., nqr:-a1,a3,a5,a7,a9,a11,a13,not qr., query(qr).]
tracc
nnf_construction_time: 3.1809020042419434
Pre simplification
number of sums: 199
number of prods: 397
0.877521022998968*v_17*v_8 + 0.0639591264020321*v_17 - 0.93206534790699*v_8 + 0.93206534790699
Post simplification
symp_time: 0.3746459484100342
number of sums: 2
number of subs: 1
number of prods: 4
opt_time: 0.02574753761291504
     fun: 0.9000000000000002
     jac: array([1., 1.])
 message: 'Optimization terminated successfully'
    nfev: 2
     nit: 2
    njev: 2
  status: 0
 success: True
       x: array([0.89, 0.01])

real	0m4.724s
user	0m3.899s
sys	0m0.692s
Instance 3
[INFO] aspmc: Tree Decomposition #bags: 18 unfolded treewidth: 3 #vertices: 20
[INFO] aspmc: Preprocessing disabled
[INFO] aspmc:    Stats Compilation
[INFO] aspmc: ------------------------------------------------------------
[INFO] aspmc: X/D-Constrained Tree Decomposition #bags: 23 treewidth: 7 #vertices: 38
[INFO] aspmc: Dtree time:               2.0217173099517822
[INFO] aspmc: Compilation time:         0.014831304550170898
[INFO] aspmc: Preparation time:         8.678436279296875e-05
[INFO] aspmc: Counting time:            0.04058098793029785
[INFO] aspmc: ------------------------------------------------------------
[0.01::a0., 0.99::a1., 0.01::a2., 0.99::a3., 0.01::a4., 0.99::a5., 0.01::a6., 0.99::a7., 0.01::a8., 0.99::a9., 0.01::a10., 0.99::a11., 0.01::a12., 0.99::a13., 0.01::a14., qr:-not a0,not a2,not a4,not a6,not a8,not a10,not a12,not a14., qr:-a1,a3,a5,a7,a9,a11,a13,not nqr., nqr:-a1,a3,a5,a7,a9,a11,a13,not qr., query(qr).]
tracc
nnf_construction_time: 3.1808321475982666
Pre simplification
number of sums: 199
number of prods: 397
v_17*(0.93206534790699*v_7 - 0.93206534790699*v_8*(v_7 - 1) + 0.987160625591861*(v_7 - 1)*(v_8 - 1) + 0.00941480149401) - 0.941480149401*(v_17 - 1)*(v_7 - 1)*(v_8 - 1)
Post simplification
symp_time: 0.5462779998779297
number of sums: 2
number of subs: 8
number of prods: 9
opt_time: 0.19709014892578125
     fun: 1.8900000000000001
     jac: array([1., 1., 1.])
 message: 'Positive directional derivative for linesearch'
    nfev: 79
     nit: 13
    njev: 9
  status: 8
 success: False
       x: array([0.89, 0.11, 0.89])

real	0m4.992s
user	0m4.174s
sys	0m0.693s
Instance 4
[INFO] aspmc: Tree Decomposition #bags: 18 unfolded treewidth: 3 #vertices: 20
[INFO] aspmc: Preprocessing disabled
[INFO] aspmc:    Stats Compilation
[INFO] aspmc: ------------------------------------------------------------
[INFO] aspmc: X/D-Constrained Tree Decomposition #bags: 23 treewidth: 7 #vertices: 38
[INFO] aspmc: Dtree time:               2.023468255996704
[INFO] aspmc: Compilation time:         0.014797687530517578
[INFO] aspmc: Preparation time:         8.487701416015625e-05
[INFO] aspmc: Counting time:            0.03980660438537598
[INFO] aspmc: ------------------------------------------------------------
/home/dazzolin/anaconda3/lib/python3.9/site-packages/scipy/optimize/optimize.py:282: RuntimeWarning: Values in x were outside bounds during a minimize step, clipping to bounds
  warnings.warn("Values in x were outside bounds during a "
[0.01::a0., 0.99::a1., 0.01::a2., 0.99::a3., 0.01::a4., 0.99::a5., 0.01::a6., 0.99::a7., 0.01::a8., 0.99::a9., 0.01::a10., 0.99::a11., 0.01::a12., 0.99::a13., 0.01::a14., qr:-not a0,not a2,not a4,not a6,not a8,not a10,not a12,not a14., qr:-a1,a3,a5,a7,a9,a11,a13,not nqr., nqr:-a1,a3,a5,a7,a9,a11,a13,not qr., query(qr).]
tracc
nnf_construction_time: 3.190207004547119
Pre simplification
number of sums: 199
number of prods: 397
v_17*(0.99*v_16*(0.9509900499*v_7 - 0.9509900499*v_8*(v_7 - 1) + 0.0466079748911955*(v_7 - 1)*(v_8 - 1) + 0.0096059601) + 0.941480149401*(1.11022302462516e-16*v_16 + 1.0)*(v_7 - 1)*(v_8 - 1)) - 0.941480149401*(1.11022302462516e-16*v_16 + 1.0)*(v_17 - 1)*(v_7 - 1)*(v_8 - 1)
Post simplification
symp_time: 0.612835168838501
number of sums: 5
number of subs: 12
number of prods: 17
opt_time: 0.13839507102966309
     fun: 1.8000000000000007
     jac: array([1., 1., 1., 1.])
 message: 'Optimization terminated successfully'
    nfev: 2
     nit: 2
    njev: 2
  status: 0
 success: True
       x: array([0.89, 0.01, 0.89, 0.01])

real	0m4.994s
user	0m4.156s
sys	0m0.711s
Instance 5
[INFO] aspmc: Tree Decomposition #bags: 18 unfolded treewidth: 3 #vertices: 20
[INFO] aspmc: Preprocessing disabled
[INFO] aspmc:    Stats Compilation
[INFO] aspmc: ------------------------------------------------------------
[INFO] aspmc: X/D-Constrained Tree Decomposition #bags: 23 treewidth: 7 #vertices: 38
[INFO] aspmc: Dtree time:               2.0216803550720215
[INFO] aspmc: Compilation time:         0.01534271240234375
[INFO] aspmc: Preparation time:         8.845329284667969e-05
[INFO] aspmc: Counting time:            0.037775278091430664
[INFO] aspmc: ------------------------------------------------------------
[0.01::a0., 0.99::a1., 0.01::a2., 0.99::a3., 0.01::a4., 0.99::a5., 0.01::a6., 0.99::a7., 0.01::a8., 0.99::a9., 0.01::a10., 0.99::a11., 0.01::a12., 0.99::a13., 0.01::a14., qr:-not a0,not a2,not a4,not a6,not a8,not a10,not a12,not a14., qr:-a1,a3,a5,a7,a9,a11,a13,not nqr., nqr:-a1,a3,a5,a7,a9,a11,a13,not qr., query(qr).]
tracc
nnf_construction_time: 3.180310010910034
Pre simplification
number of sums: 199
number of prods: 397
v_17*(0.99*v_16*(0.96059601*v_6 - 0.96059601*v_7*(v_6 - 1) + 0.96059601*v_8*(v_6 - 1)*(v_7 - 1) - 0.0470787625163591*(v_6 - 1)*(v_7 - 1)*(v_8 - 1)) - 0.9509900499*(1.11022302462516e-16*v_16 + 1.0)*(v_6 - 1)*(v_7 - 1)*(v_8 - 1)) + 0.9509900499*(1.11022302462516e-16*v_16 + 1.0)*(v_17 - 1)*(v_6 - 1)*(v_7 - 1)*(v_8 - 1)
Post simplification
symp_time: 0.7051620483398438
number of sums: 4
number of subs: 18
number of prods: 23
opt_time: 0.1463465690612793
     fun: 2.89
     jac: array([1., 1., 1., 1., 1.])
 message: 'Positive directional derivative for linesearch'
    nfev: 1
     nit: 5
    njev: 1
  status: 8
 success: False
       x: array([0.89, 0.11, 0.89, 0.11, 0.89])

real	0m5.096s
user	0m4.256s
sys	0m0.722s
Instance 6
[INFO] aspmc: Tree Decomposition #bags: 18 unfolded treewidth: 3 #vertices: 20
[INFO] aspmc: Preprocessing disabled
[INFO] aspmc:    Stats Compilation
[INFO] aspmc: ------------------------------------------------------------
[INFO] aspmc: X/D-Constrained Tree Decomposition #bags: 23 treewidth: 7 #vertices: 38
[INFO] aspmc: Dtree time:               2.022786855697632
[INFO] aspmc: Compilation time:         0.014639139175415039
[INFO] aspmc: Preparation time:         8.845329284667969e-05
[INFO] aspmc: Counting time:            0.03669476509094238
[INFO] aspmc: ------------------------------------------------------------
/home/dazzolin/anaconda3/lib/python3.9/site-packages/scipy/optimize/optimize.py:282: RuntimeWarning: Values in x were outside bounds during a minimize step, clipping to bounds
  warnings.warn("Values in x were outside bounds during a "
[0.01::a0., 0.99::a1., 0.01::a2., 0.99::a3., 0.01::a4., 0.99::a5., 0.01::a6., 0.99::a7., 0.01::a8., 0.99::a9., 0.01::a10., 0.99::a11., 0.01::a12., 0.99::a13., 0.01::a14., qr:-not a0,not a2,not a4,not a6,not a8,not a10,not a12,not a14., qr:-a1,a3,a5,a7,a9,a11,a13,not nqr., nqr:-a1,a3,a5,a7,a9,a11,a13,not qr., query(qr).]
tracc
nnf_construction_time: 3.1818652153015137
Pre simplification
number of sums: 199
number of prods: 397
v_17*(0.96059601*v_15*v_16*(1.0*v_6 - 1.0*v_7*(v_6 - 1) + 1.0*v_8*(v_6 - 1)*(v_7 - 1) - 0.0490099501*(v_6 - 1)*(v_7 - 1)*(v_8 - 1)) + 0.9509900499*(v_6 - 1)*(v_7 - 1)*(v_8 - 1)*(0.970299*v_15*(0.99*v_16 - 1.0) + 0.99*v_16*(1.11022302462516e-16*v_15 - 1.0) - (0.970299*v_15 - 1.0)*(0.99*v_16 - 1.0))) - 0.9509900499*(v_17 - 1)*(v_6 - 1)*(v_7 - 1)*(v_8 - 1)*(0.970299*v_15*(0.99*v_16 - 1.0) + 0.99*v_16*(1.11022302462516e-16*v_15 - 1.0) - (0.970299*v_15 - 1.0)*(0.99*v_16 - 1.0))
Post simplification
symp_time: 0.857464075088501
number of sums: 4
number of subs: 28
number of prods: 40
opt_time: 0.31135058403015137
     fun: 2.700000000000001
     jac: array([1., 1., 1., 1., 1., 1.])
 message: 'Optimization terminated successfully'
    nfev: 2
     nit: 2
    njev: 2
  status: 0
 success: True
       x: array([0.89, 0.01, 0.89, 0.01, 0.89, 0.01])

real	0m5.434s
user	0m4.623s
sys	0m0.688s
Instance 7
[INFO] aspmc: Tree Decomposition #bags: 18 unfolded treewidth: 3 #vertices: 20
[INFO] aspmc: Preprocessing disabled
[INFO] aspmc:    Stats Compilation
[INFO] aspmc: ------------------------------------------------------------
[INFO] aspmc: X/D-Constrained Tree Decomposition #bags: 23 treewidth: 7 #vertices: 38
[INFO] aspmc: Dtree time:               2.0215630531311035
[INFO] aspmc: Compilation time:         0.014302730560302734
[INFO] aspmc: Preparation time:         8.320808410644531e-05
[INFO] aspmc: Counting time:            0.03955197334289551
[INFO] aspmc: ------------------------------------------------------------
[0.01::a0., 0.99::a1., 0.01::a2., 0.99::a3., 0.01::a4., 0.99::a5., 0.01::a6., 0.99::a7., 0.01::a8., 0.99::a9., 0.01::a10., 0.99::a11., 0.01::a12., 0.99::a13., 0.01::a14., qr:-not a0,not a2,not a4,not a6,not a8,not a10,not a12,not a14., qr:-a1,a3,a5,a7,a9,a11,a13,not nqr., nqr:-a1,a3,a5,a7,a9,a11,a13,not qr., query(qr).]
tracc
nnf_construction_time: 3.1814019680023193
Pre simplification
number of sums: 199
number of prods: 397
0.96059601*v_17*(v_15*v_16*(-0.99*v_5*(v_6 - 1)*(v_7 - 1)*(v_8 - 1) + 1.0*v_6 - 1.0*v_7*(v_6 - 1) + 1.0*v_8*(v_6 - 1)*(v_7 - 1) + 0.02940399*(v_5 - 1)*(v_6 - 1)*(v_7 - 1)*(v_8 - 1) - 0.01*(v_6 - 1)*(v_7 - 1)*(v_8 - 1)) - (v_5 - 1)*(v_6 - 1)*(v_7 - 1)*(v_8 - 1)*(0.970299*v_15*(0.99*v_16 - 1.0) + 0.99*v_16*(1.11022302462516e-16*v_15 - 1.0) - (0.970299*v_15 - 1.0)*(0.99*v_16 - 1.0))) + 0.96059601*(v_17 - 1)*(v_5 - 1)*(v_6 - 1)*(v_7 - 1)*(v_8 - 1)*(0.970299*v_15*(0.99*v_16 - 1.0) + 0.99*v_16*(1.11022302462516e-16*v_15 - 1.0) - (0.970299*v_15 - 1.0)*(0.99*v_16 - 1.0))
Post simplification
symp_time: 1.0338096618652344
number of sums: 6
number of subs: 38
number of prods: 49
opt_time: 1.2842433452606201
     fun: 3.8899999999999855
     jac: array([1., 1., 1., 1., 1., 1., 1.])
 message: 'Positive directional derivative for linesearch'
    nfev: 111
     nit: 15
    njev: 11
  status: 8
 success: False
       x: array([0.89, 0.11, 0.89, 0.11, 0.89, 0.11, 0.89])

real	0m6.570s
user	0m5.727s
sys	0m0.710s
Instance 8
[INFO] aspmc: Tree Decomposition #bags: 18 unfolded treewidth: 3 #vertices: 20
[INFO] aspmc: Preprocessing disabled
[INFO] aspmc:    Stats Compilation
[INFO] aspmc: ------------------------------------------------------------
[INFO] aspmc: X/D-Constrained Tree Decomposition #bags: 23 treewidth: 7 #vertices: 38
[INFO] aspmc: Dtree time:               2.0217809677124023
[INFO] aspmc: Compilation time:         0.014157295227050781
[INFO] aspmc: Preparation time:         8.58306884765625e-05
[INFO] aspmc: Counting time:            0.03758430480957031
[INFO] aspmc: ------------------------------------------------------------
/home/dazzolin/anaconda3/lib/python3.9/site-packages/scipy/optimize/optimize.py:282: RuntimeWarning: Values in x were outside bounds during a minimize step, clipping to bounds
  warnings.warn("Values in x were outside bounds during a "
[0.01::a0., 0.99::a1., 0.01::a2., 0.99::a3., 0.01::a4., 0.99::a5., 0.01::a6., 0.99::a7., 0.01::a8., 0.99::a9., 0.01::a10., 0.99::a11., 0.01::a12., 0.99::a13., 0.01::a14., qr:-not a0,not a2,not a4,not a6,not a8,not a10,not a12,not a14., qr:-a1,a3,a5,a7,a9,a11,a13,not nqr., nqr:-a1,a3,a5,a7,a9,a11,a13,not qr., query(qr).]
tracc
nnf_construction_time: 3.182915449142456
Pre simplification
number of sums: 199
number of prods: 397
v_17*(0.970299*v_14*v_15*v_16*(-0.99*v_5*(v_6 - 1)*(v_7 - 1)*(v_8 - 1) + 1.0*v_6 - 1.0*v_7*(v_6 - 1) + 1.0*v_8*(v_6 - 1)*(v_7 - 1) + 0.02940399*(v_5 - 1)*(v_6 - 1)*(v_7 - 1)*(v_8 - 1) - 0.01*(v_6 - 1)*(v_7 - 1)*(v_8 - 1)) - 0.96059601*(v_5 - 1)*(v_6 - 1)*(v_7 - 1)*(v_8 - 1)*(0.9801*v_14*v_15*(0.99*v_16 - 1.0) - 0.99*v_16*(v_14*v_15 - v_14*(v_15 - 1) - v_14 + 1) + (0.99*v_16 - 1.0)*(0.0199*v_14*v_15 - 1.0*v_14*(v_15 - 1) - 1.0*v_14 + 1.0))) + 0.96059601*(v_17 - 1)*(v_5 - 1)*(v_6 - 1)*(v_7 - 1)*(v_8 - 1)*(0.9801*v_14*v_15*(0.99*v_16 - 1.0) - 0.99*v_16*(v_14*v_15 - v_14*(v_15 - 1) - v_14 + 1) + (0.99*v_16 - 1.0)*(0.0199*v_14*v_15 - 1.0*v_14*(v_15 - 1) - 1.0*v_14 + 1.0))
Post simplification
symp_time: 0.9904680252075195
number of sums: 10
number of subs: 44
number of prods: 63
opt_time: 0.5093743801116943
     fun: 3.6
     jac: array([1., 1., 1., 1., 1., 1., 1., 1.])
 message: 'Optimization terminated successfully'
    nfev: 2
     nit: 2
    njev: 2
  status: 0
 success: True
       x: array([0.89, 0.01, 0.89, 0.01, 0.89, 0.01, 0.89, 0.01])

real	0m5.745s
user	0m4.922s
sys	0m0.680s
Instance 9
[INFO] aspmc: Tree Decomposition #bags: 18 unfolded treewidth: 3 #vertices: 20
[INFO] aspmc: Preprocessing disabled
[INFO] aspmc:    Stats Compilation
[INFO] aspmc: ------------------------------------------------------------
[INFO] aspmc: X/D-Constrained Tree Decomposition #bags: 23 treewidth: 7 #vertices: 38
[INFO] aspmc: Dtree time:               2.021923542022705
[INFO] aspmc: Compilation time:         0.014569997787475586
[INFO] aspmc: Preparation time:         8.296966552734375e-05
[INFO] aspmc: Counting time:            0.03583788871765137
[INFO] aspmc: ------------------------------------------------------------
[0.01::a0., 0.99::a1., 0.01::a2., 0.99::a3., 0.01::a4., 0.99::a5., 0.01::a6., 0.99::a7., 0.01::a8., 0.99::a9., 0.01::a10., 0.99::a11., 0.01::a12., 0.99::a13., 0.01::a14., qr:-not a0,not a2,not a4,not a6,not a8,not a10,not a12,not a14., qr:-a1,a3,a5,a7,a9,a11,a13,not nqr., nqr:-a1,a3,a5,a7,a9,a11,a13,not qr., query(qr).]
tracc
nnf_construction_time: 3.1776037216186523
Pre simplification
number of sums: 199
number of prods: 397
-0.970299*v_17*(v_14*v_15*v_16*(-0.99*v_4*(v_5 - 1)*(v_6 - 1)*(v_7 - 1)*(v_8 - 1) + 0.99*v_5*(v_6 - 1)*(v_7 - 1)*(v_8 - 1) - 1.0*v_6 + 1.0*v_7*(v_6 - 1) - 1.0*v_8*(v_6 - 1)*(v_7 - 1) + 0.019701*(v_4 - 1)*(v_5 - 1)*(v_6 - 1)*(v_7 - 1)*(v_8 - 1) + 0.01*(v_6 - 1)*(v_7 - 1)*(v_8 - 1)) - (v_4 - 1)*(v_5 - 1)*(v_6 - 1)*(v_7 - 1)*(v_8 - 1)*(0.9801*v_14*v_15*(0.99*v_16 - 1.0) - 0.99*v_16*(v_14*v_15 - v_14*(v_15 - 1) - v_14 + 1) + (0.99*v_16 - 1.0)*(0.0199*v_14*v_15 - 1.0*v_14*(v_15 - 1) - 1.0*v_14 + 1.0))) - 0.970299*(v_17 - 1)*(v_4 - 1)*(v_5 - 1)*(v_6 - 1)*(v_7 - 1)*(v_8 - 1)*(0.9801*v_14*v_15*(0.99*v_16 - 1.0) - 0.99*v_16*(v_14*v_15 - v_14*(v_15 - 1) - v_14 + 1) + (0.99*v_16 - 1.0)*(0.0199*v_14*v_15 - 1.0*v_14*(v_15 - 1) - 1.0*v_14 + 1.0))
Post simplification
symp_time: 1.3109383583068848
number of sums: 10
number of subs: 53
number of prods: 70
opt_time: 0.4651920795440674
     fun: 4.89
     jac: array([1., 1., 1., 1., 1., 1., 1., 1., 1.])
 message: 'Positive directional derivative for linesearch'
    nfev: 1
     nit: 5
    njev: 1
  status: 8
 success: False
       x: array([0.89, 0.11, 0.89, 0.11, 0.89, 0.11, 0.89, 0.11, 0.89])

real	0m6.012s
user	0m5.193s
sys	0m0.701s
Instance 10
[INFO] aspmc: Tree Decomposition #bags: 18 unfolded treewidth: 3 #vertices: 20
[INFO] aspmc: Preprocessing disabled
[INFO] aspmc:    Stats Compilation
[INFO] aspmc: ------------------------------------------------------------
[INFO] aspmc: X/D-Constrained Tree Decomposition #bags: 23 treewidth: 7 #vertices: 38
[INFO] aspmc: Dtree time:               2.0218405723571777
[INFO] aspmc: Compilation time:         0.014956474304199219
[INFO] aspmc: Preparation time:         8.225440979003906e-05
[INFO] aspmc: Counting time:            0.037268877029418945
[INFO] aspmc: ------------------------------------------------------------
/home/dazzolin/anaconda3/lib/python3.9/site-packages/scipy/optimize/optimize.py:282: RuntimeWarning: Values in x were outside bounds during a minimize step, clipping to bounds
  warnings.warn("Values in x were outside bounds during a "
[0.01::a0., 0.99::a1., 0.01::a2., 0.99::a3., 0.01::a4., 0.99::a5., 0.01::a6., 0.99::a7., 0.01::a8., 0.99::a9., 0.01::a10., 0.99::a11., 0.01::a12., 0.99::a13., 0.01::a14., qr:-not a0,not a2,not a4,not a6,not a8,not a10,not a12,not a14., qr:-a1,a3,a5,a7,a9,a11,a13,not nqr., nqr:-a1,a3,a5,a7,a9,a11,a13,not qr., query(qr).]
tracc
nnf_construction_time: 3.177886486053467
Pre simplification
number of sums: 199
number of prods: 397
-v_17*(0.9801*v_13*v_14*v_15*v_16*(-0.99*v_4*(v_5 - 1)*(v_6 - 1)*(v_7 - 1)*(v_8 - 1) + 0.99*v_5*(v_6 - 1)*(v_7 - 1)*(v_8 - 1) - 1.0*v_6 + 1.0*v_7*(v_6 - 1) - 1.0*v_8*(v_6 - 1)*(v_7 - 1) + 0.019701*(v_4 - 1)*(v_5 - 1)*(v_6 - 1)*(v_7 - 1)*(v_8 - 1) + 0.01*(v_6 - 1)*(v_7 - 1)*(v_8 - 1)) - 0.970299*(v_4 - 1)*(v_5 - 1)*(v_6 - 1)*(v_7 - 1)*(v_8 - 1)*(-1.0*v_13*v_16*(v_14*v_15 - v_14*(v_15 - 1) - v_14 + 1) + 0.9801*v_14*v_15*(v_16*(v_13 - 1) + v_16 - 1) + (v_16*(v_13 - 1) + v_16 - 1)*(0.0199*v_14*v_15 - 1.0*v_14*(v_15 - 1) - 1.0*v_14 + 1.0))) - 0.970299*(v_17 - 1)*(v_4 - 1)*(v_5 - 1)*(v_6 - 1)*(v_7 - 1)*(v_8 - 1)*(-1.0*v_13*v_16*(v_14*v_15 - v_14*(v_15 - 1) - v_14 + 1) + 0.9801*v_14*v_15*(v_16*(v_13 - 1) + v_16 - 1) + (v_16*(v_13 - 1) + v_16 - 1)*(0.0199*v_14*v_15 - 1.0*v_14*(v_15 - 1) - 1.0*v_14 + 1.0))
Post simplification
symp_time: 1.276252269744873
number of sums: 16
number of subs: 57
number of prods: 74
opt_time: 0.720545768737793
     fun: 4.500000000000003
     jac: array([1., 1., 1., 1., 1., 1., 1., 1., 1., 1.])
 message: 'Optimization terminated successfully'
    nfev: 2
     nit: 2
    njev: 2
  status: 0
 success: True
       x: array([0.89, 0.01, 0.89, 0.01, 0.89, 0.01, 0.89, 0.01, 0.89, 0.01])

real	0m6.223s
user	0m5.414s
sys	0m0.691s
Instance 11
[INFO] aspmc: Tree Decomposition #bags: 18 unfolded treewidth: 3 #vertices: 20
[INFO] aspmc: Preprocessing disabled
[INFO] aspmc:    Stats Compilation
[INFO] aspmc: ------------------------------------------------------------
[INFO] aspmc: X/D-Constrained Tree Decomposition #bags: 23 treewidth: 7 #vertices: 38
[INFO] aspmc: Dtree time:               2.0218398571014404
[INFO] aspmc: Compilation time:         0.01478266716003418
[INFO] aspmc: Preparation time:         8.320808410644531e-05
[INFO] aspmc: Counting time:            0.03630781173706055
[INFO] aspmc: ------------------------------------------------------------
/home/dazzolin/anaconda3/lib/python3.9/site-packages/scipy/optimize/optimize.py:282: RuntimeWarning: Values in x were outside bounds during a minimize step, clipping to bounds
  warnings.warn("Values in x were outside bounds during a "
[0.01::a0., 0.99::a1., 0.01::a2., 0.99::a3., 0.01::a4., 0.99::a5., 0.01::a6., 0.99::a7., 0.01::a8., 0.99::a9., 0.01::a10., 0.99::a11., 0.01::a12., 0.99::a13., 0.01::a14., qr:-not a0,not a2,not a4,not a6,not a8,not a10,not a12,not a14., qr:-a1,a3,a5,a7,a9,a11,a13,not nqr., nqr:-a1,a3,a5,a7,a9,a11,a13,not qr., query(qr).]
tracc
nnf_construction_time: 3.176704168319702
Pre simplification
number of sums: 199
number of prods: 397
0.9801*v_17*(v_13*v_14*v_15*v_16*(-1.0*v_3*(v_6 - 1)*(v_7 - 1)*(v_8 - 1) - 1.0*v_4*(v_3 - 1)*(v_5 - 1)*(v_6 - 1)*(v_7 - 1)*(v_8 - 1) + 1.0*v_5*(v_3 - 1)*(v_6 - 1)*(v_7 - 1)*(v_8 - 1) + 1.0*v_6 - 1.0*v_7*(v_6 - 1) + 1.0*v_8*(v_6 - 1)*(v_7 - 1) + 0.0199*(v_3 - 1)*(v_4 - 1)*(v_5 - 1)*(v_6 - 1)*(v_7 - 1)*(v_8 - 1)) - (v_3 - 1)*(v_4 - 1)*(v_5 - 1)*(v_6 - 1)*(v_7 - 1)*(v_8 - 1)*(-1.0*v_13*v_16*(v_14*v_15 - v_14*(v_15 - 1) - v_14 + 1) + 0.9801*v_14*v_15*(v_16*(v_13 - 1) + v_16 - 1) + (v_16*(v_13 - 1) + v_16 - 1)*(0.0199*v_14*v_15 - 1.0*v_14*(v_15 - 1) - 1.0*v_14 + 1.0))) + 0.9801*(v_17 - 1)*(v_3 - 1)*(v_4 - 1)*(v_5 - 1)*(v_6 - 1)*(v_7 - 1)*(v_8 - 1)*(-1.0*v_13*v_16*(v_14*v_15 - v_14*(v_15 - 1) - v_14 + 1) + 0.9801*v_14*v_15*(v_16*(v_13 - 1) + v_16 - 1) + (v_16*(v_13 - 1) + v_16 - 1)*(0.0199*v_14*v_15 - 1.0*v_14*(v_15 - 1) - 1.0*v_14 + 1.0))
Post simplification
symp_time: 1.846015453338623
number of sums: 17
number of subs: 60
number of prods: 79
opt_time: 1.0380549430847168
     fun: 5.89
     jac: array([1., 1., 1., 1., 1., 1., 1., 1., 1., 1., 1.])
 message: 'Positive directional derivative for linesearch'
    nfev: 3
     nit: 7
    njev: 3
  status: 8
 success: False
       x: array([0.99, 0.01, 0.99, 0.01, 0.99, 0.01, 0.99, 0.01, 0.89, 0.11, 0.89])

real	0m7.132s
user	0m6.286s
sys	0m0.715s
Instance 12
[INFO] aspmc: Tree Decomposition #bags: 18 unfolded treewidth: 3 #vertices: 20
[INFO] aspmc: Preprocessing disabled
[INFO] aspmc:    Stats Compilation
[INFO] aspmc: ------------------------------------------------------------
[INFO] aspmc: X/D-Constrained Tree Decomposition #bags: 23 treewidth: 7 #vertices: 38
[INFO] aspmc: Dtree time:               2.0216915607452393
[INFO] aspmc: Compilation time:         0.014648199081420898
[INFO] aspmc: Preparation time:         8.463859558105469e-05
[INFO] aspmc: Counting time:            0.036113739013671875
[INFO] aspmc: ------------------------------------------------------------
/home/dazzolin/anaconda3/lib/python3.9/site-packages/scipy/optimize/optimize.py:282: RuntimeWarning: Values in x were outside bounds during a minimize step, clipping to bounds
  warnings.warn("Values in x were outside bounds during a "
[0.01::a0., 0.99::a1., 0.01::a2., 0.99::a3., 0.01::a4., 0.99::a5., 0.01::a6., 0.99::a7., 0.01::a8., 0.99::a9., 0.01::a10., 0.99::a11., 0.01::a12., 0.99::a13., 0.01::a14., qr:-not a0,not a2,not a4,not a6,not a8,not a10,not a12,not a14., qr:-a1,a3,a5,a7,a9,a11,a13,not nqr., nqr:-a1,a3,a5,a7,a9,a11,a13,not qr., query(qr).]
tracc
nnf_construction_time: 3.17557430267334
Pre simplification
number of sums: 199
number of prods: 397
v_17*(0.99*v_12*v_13*v_14*v_15*v_16*(-1.0*v_3*(v_6 - 1)*(v_7 - 1)*(v_8 - 1) - 1.0*v_4*(v_3 - 1)*(v_5 - 1)*(v_6 - 1)*(v_7 - 1)*(v_8 - 1) + 1.0*v_5*(v_3 - 1)*(v_6 - 1)*(v_7 - 1)*(v_8 - 1) + 1.0*v_6 - 1.0*v_7*(v_6 - 1) + 1.0*v_8*(v_6 - 1)*(v_7 - 1) + 0.0199*(v_3 - 1)*(v_4 - 1)*(v_5 - 1)*(v_6 - 1)*(v_7 - 1)*(v_8 - 1)) - 0.9801*(v_3 - 1)*(v_4 - 1)*(v_5 - 1)*(v_6 - 1)*(v_7 - 1)*(v_8 - 1)*(0.99*v_12*v_14*v_15*(v_16*(v_13 - 1) + v_16 - 1) + 1.0*v_13*v_16*(-v_12*v_14*v_15 + v_14*v_15*(v_12 - 1) + v_14*(v_15 - 1) + v_14 - 1) - (v_16*(v_13 - 1) + v_16 - 1)*(-0.01*v_12*v_14*v_15 + 1.0*v_14*v_15*(v_12 - 1) + 1.0*v_14*(v_15 - 1) + 1.0*v_14 - 1.0))) + 0.9801*(v_17 - 1)*(v_3 - 1)*(v_4 - 1)*(v_5 - 1)*(v_6 - 1)*(v_7 - 1)*(v_8 - 1)*(0.99*v_12*v_14*v_15*(v_16*(v_13 - 1) + v_16 - 1) + 1.0*v_13*v_16*(-v_12*v_14*v_15 + v_14*v_15*(v_12 - 1) + v_14*(v_15 - 1) + v_14 - 1) - (v_16*(v_13 - 1) + v_16 - 1)*(-0.01*v_12*v_14*v_15 + 1.0*v_14*v_15*(v_12 - 1) + 1.0*v_14*(v_15 - 1) + 1.0*v_14 - 1.0))
Post simplification
symp_time: 1.8462772369384766
number of sums: 23
number of subs: 64
number of prods: 97
opt_time: 1.0472943782806396
     fun: 5.3999999999999995
     jac: array([1., 1., 1., 1., 1., 1., 1., 1., 1., 1., 1., 1.])
 message: 'Optimization terminated successfully'
    nfev: 2
     nit: 2
    njev: 2
  status: 0
 success: True
       x: array([0.89, 0.01, 0.89, 0.01, 0.89, 0.01, 0.89, 0.01, 0.89, 0.01, 0.89,
       0.01])

real	0m7.146s
user	0m6.318s
sys	0m0.681s
Instance 13
[INFO] aspmc: Tree Decomposition #bags: 18 unfolded treewidth: 3 #vertices: 20
[INFO] aspmc: Preprocessing disabled
[INFO] aspmc:    Stats Compilation
[INFO] aspmc: ------------------------------------------------------------
[INFO] aspmc: X/D-Constrained Tree Decomposition #bags: 23 treewidth: 7 #vertices: 38
[INFO] aspmc: Dtree time:               2.021739959716797
[INFO] aspmc: Compilation time:         0.015009880065917969
[INFO] aspmc: Preparation time:         9.059906005859375e-05
[INFO] aspmc: Counting time:            0.03561878204345703
[INFO] aspmc: ------------------------------------------------------------
[0.01::a0., 0.99::a1., 0.01::a2., 0.99::a3., 0.01::a4., 0.99::a5., 0.01::a6., 0.99::a7., 0.01::a8., 0.99::a9., 0.01::a10., 0.99::a11., 0.01::a12., 0.99::a13., 0.01::a14., qr:-not a0,not a2,not a4,not a6,not a8,not a10,not a12,not a14., qr:-a1,a3,a5,a7,a9,a11,a13,not nqr., nqr:-a1,a3,a5,a7,a9,a11,a13,not qr., query(qr).]
tracc
nnf_construction_time: 3.176032304763794
Pre simplification
number of sums: 199
number of prods: 397
0.99*v_17*(v_12*v_13*v_14*v_15*v_16*(-1.0*v_3*(v_6 - 1)*(v_7 - 1)*(v_8 - 1) - 1.0*v_4*(v_3 - 1)*(v_5 - 1)*(v_6 - 1)*(v_7 - 1)*(v_8 - 1) + 1.0*v_5*(v_3 - 1)*(v_6 - 1)*(v_7 - 1)*(v_8 - 1) + 1.0*v_6 - 1.0*v_7*(v_6 - 1) + 1.0*v_8*(v_6 - 1)*(v_7 - 1) + (0.99*v_2 + 0.01)*(v_3 - 1)*(v_4 - 1)*(v_5 - 1)*(v_6 - 1)*(v_7 - 1)*(v_8 - 1)) + (v_2 - 1)*(v_3 - 1)*(v_4 - 1)*(v_5 - 1)*(v_6 - 1)*(v_7 - 1)*(v_8 - 1)*(0.99*v_12*v_14*v_15*(v_16*(v_13 - 1) + v_16 - 1) + 1.0*v_13*v_16*(-v_12*v_14*v_15 + v_14*v_15*(v_12 - 1) + v_14*(v_15 - 1) + v_14 - 1) - (v_16*(v_13 - 1) + v_16 - 1)*(-0.01*v_12*v_14*v_15 + 1.0*v_14*v_15*(v_12 - 1) + 1.0*v_14*(v_15 - 1) + 1.0*v_14 - 1.0))) - 0.99*(v_17 - 1)*(v_2 - 1)*(v_3 - 1)*(v_4 - 1)*(v_5 - 1)*(v_6 - 1)*(v_7 - 1)*(v_8 - 1)*(0.99*v_12*v_14*v_15*(v_16*(v_13 - 1) + v_16 - 1) + 1.0*v_13*v_16*(-v_12*v_14*v_15 + v_14*v_15*(v_12 - 1) + v_14*(v_15 - 1) + v_14 - 1) - (v_16*(v_13 - 1) + v_16 - 1)*(-0.01*v_12*v_14*v_15 + 1.0*v_14*v_15*(v_12 - 1) + 1.0*v_14*(v_15 - 1) + 1.0*v_14 - 1.0))
Post simplification
symp_time: 3.4554314613342285
number of sums: 24
number of subs: 66
number of prods: 99
opt_time: 3.2570912837982178
     fun: 6.890000000004759
     jac: array([1., 1., 1., 1., 1., 1., 1., 1., 1., 1., 1., 1., 1.])
 message: 'Positive directional derivative for linesearch'
    nfev: 59
     nit: 13
    njev: 9
  status: 8
 success: False
       x: array([0.99, 0.01, 0.99, 0.01, 0.99, 0.01, 0.99, 0.01, 0.89, 0.11, 0.89,
       0.11, 0.89])

real	0m10.966s
user	0m10.139s
sys	0m0.692s
Instance 14
[INFO] aspmc: Tree Decomposition #bags: 18 unfolded treewidth: 3 #vertices: 20
[INFO] aspmc: Preprocessing disabled
[INFO] aspmc:    Stats Compilation
[INFO] aspmc: ------------------------------------------------------------
[INFO] aspmc: X/D-Constrained Tree Decomposition #bags: 23 treewidth: 7 #vertices: 38
[INFO] aspmc: Dtree time:               2.0217440128326416
[INFO] aspmc: Compilation time:         0.015115499496459961
[INFO] aspmc: Preparation time:         8.821487426757812e-05
[INFO] aspmc: Counting time:            0.03701424598693848
[INFO] aspmc: ------------------------------------------------------------
[0.01::a0., 0.99::a1., 0.01::a2., 0.99::a3., 0.01::a4., 0.99::a5., 0.01::a6., 0.99::a7., 0.01::a8., 0.99::a9., 0.01::a10., 0.99::a11., 0.01::a12., 0.99::a13., 0.01::a14., qr:-not a0,not a2,not a4,not a6,not a8,not a10,not a12,not a14., qr:-a1,a3,a5,a7,a9,a11,a13,not nqr., nqr:-a1,a3,a5,a7,a9,a11,a13,not qr., query(qr).]
tracc
nnf_construction_time: 3.185256004333496
Pre simplification
number of sums: 199
number of prods: 397
v_17*(v_11*v_12*v_13*v_14*v_15*v_16*(-1.0*v_3*(v_6 - 1)*(v_7 - 1)*(v_8 - 1) - 1.0*v_4*(v_3 - 1)*(v_5 - 1)*(v_6 - 1)*(v_7 - 1)*(v_8 - 1) + 1.0*v_5*(v_3 - 1)*(v_6 - 1)*(v_7 - 1)*(v_8 - 1) + 1.0*v_6 - 1.0*v_7*(v_6 - 1) + 1.0*v_8*(v_6 - 1)*(v_7 - 1) + (0.99*v_2 + 0.01)*(v_3 - 1)*(v_4 - 1)*(v_5 - 1)*(v_6 - 1)*(v_7 - 1)*(v_8 - 1)) + 0.99*(v_2 - 1)*(v_3 - 1)*(v_4 - 1)*(v_5 - 1)*(v_6 - 1)*(v_7 - 1)*(v_8 - 1)*(v_11*v_12*v_14*v_15*(v_16*(v_13 - 1) + v_16 - 1) + v_13*v_16*(-v_11*v_12*v_14*v_15 + v_12*v_14*v_15*(v_11 - 1) + v_14*v_15*(v_12 - 1) + v_14*(v_15 - 1) + v_14 - 1) - (v_16*(v_13 - 1) + v_16 - 1)*(v_12*v_14*v_15*(v_11 - 1) + v_14*v_15*(v_12 - 1) + v_14*(v_15 - 1) + v_14 - 1))) - 0.99*(v_17 - 1)*(v_2 - 1)*(v_3 - 1)*(v_4 - 1)*(v_5 - 1)*(v_6 - 1)*(v_7 - 1)*(v_8 - 1)*(v_11*v_12*v_14*v_15*(v_16*(v_13 - 1) + v_16 - 1) + v_13*v_16*(-v_11*v_12*v_14*v_15 + v_12*v_14*v_15*(v_11 - 1) + v_14*v_15*(v_12 - 1) + v_14*(v_15 - 1) + v_14 - 1) - (v_16*(v_13 - 1) + v_16 - 1)*(v_12*v_14*v_15*(v_11 - 1) + v_14*v_15*(v_12 - 1) + v_14*(v_15 - 1) + v_14 - 1))
Post simplification
symp_time: 3.4404759407043457
number of sums: 26
number of subs: 68
number of prods: 100
opt_time: 1.1618022918701172
     fun: 6.30000000000002
     jac: array([1., 1., 1., 1., 1., 1., 1., 1., 1., 1., 1., 1., 1., 1.])
 message: 'Optimization terminated successfully'
    nfev: 2
     nit: 2
    njev: 2
  status: 0
 success: True
       x: array([0.89, 0.01, 0.89, 0.01, 0.89, 0.01, 0.89, 0.01, 0.89, 0.01, 0.89,
       0.01, 0.89, 0.01])

real	0m8.871s
user	0m8.067s
sys	0m0.657s
Instance 15
[INFO] aspmc: Tree Decomposition #bags: 18 unfolded treewidth: 3 #vertices: 20
[INFO] aspmc: Preprocessing disabled
[INFO] aspmc:    Stats Compilation
[INFO] aspmc: ------------------------------------------------------------
[INFO] aspmc: X/D-Constrained Tree Decomposition #bags: 23 treewidth: 7 #vertices: 38
[INFO] aspmc: Dtree time:               2.022768497467041
[INFO] aspmc: Compilation time:         0.014424324035644531
[INFO] aspmc: Preparation time:         8.535385131835938e-05
[INFO] aspmc: Counting time:            0.034728050231933594
[INFO] aspmc: ------------------------------------------------------------
/home/dazzolin/anaconda3/lib/python3.9/site-packages/scipy/optimize/optimize.py:282: RuntimeWarning: Values in x were outside bounds during a minimize step, clipping to bounds
  warnings.warn("Values in x were outside bounds during a "
[0.01::a0., 0.99::a1., 0.01::a2., 0.99::a3., 0.01::a4., 0.99::a5., 0.01::a6., 0.99::a7., 0.01::a8., 0.99::a9., 0.01::a10., 0.99::a11., 0.01::a12., 0.99::a13., 0.01::a14., qr:-not a0,not a2,not a4,not a6,not a8,not a10,not a12,not a14., qr:-a1,a3,a5,a7,a9,a11,a13,not nqr., nqr:-a1,a3,a5,a7,a9,a11,a13,not qr., query(qr).]
tracc
nnf_construction_time: 3.1783130168914795
Pre simplification
number of sums: 199
number of prods: 397
-v_17*(v_11*v_12*v_13*v_14*v_15*v_16*(v_3*(v_6 - 1)*(v_7 - 1)*(v_8 - 1) + v_4*(v_3 - 1)*(v_5 - 1)*(v_6 - 1)*(v_7 - 1)*(v_8 - 1) - v_5*(v_3 - 1)*(v_6 - 1)*(v_7 - 1)*(v_8 - 1) - v_6 + v_7*(v_6 - 1) - v_8*(v_6 - 1)*(v_7 - 1) + (v_3 - 1)*(v_4 - 1)*(v_5 - 1)*(v_6 - 1)*(v_7 - 1)*(v_8 - 1)*(v_1*(v_2 - 1) - v_2)) + (v_1 - 1)*(v_2 - 1)*(v_3 - 1)*(v_4 - 1)*(v_5 - 1)*(v_6 - 1)*(v_7 - 1)*(v_8 - 1)*(v_11*v_12*v_14*v_15*(v_16*(v_13 - 1) + v_16 - 1) + v_13*v_16*(-v_11*v_12*v_14*v_15 + v_12*v_14*v_15*(v_11 - 1) + v_14*v_15*(v_12 - 1) + v_14*(v_15 - 1) + v_14 - 1) - (v_16*(v_13 - 1) + v_16 - 1)*(v_12*v_14*v_15*(v_11 - 1) + v_14*v_15*(v_12 - 1) + v_14*(v_15 - 1) + v_14 - 1))) + (v_1 - 1)*(v_17 - 1)*(v_2 - 1)*(v_3 - 1)*(v_4 - 1)*(v_5 - 1)*(v_6 - 1)*(v_7 - 1)*(v_8 - 1)*(v_11*v_12*v_14*v_15*(v_16*(v_13 - 1) + v_16 - 1) + v_13*v_16*(-v_11*v_12*v_14*v_15 + v_12*v_14*v_15*(v_11 - 1) + v_14*v_15*(v_12 - 1) + v_14*(v_15 - 1) + v_14 - 1) - (v_16*(v_13 - 1) + v_16 - 1)*(v_12*v_14*v_15*(v_11 - 1) + v_14*v_15*(v_12 - 1) + v_14*(v_15 - 1) + v_14 - 1))
Post simplification
symp_time: 3.7515735626220703
number of sums: 25
number of subs: 72
number of prods: 94
opt_time: 3.173919200897217
     fun: 7.19
     jac: array([1., 1., 1., 1., 1., 1., 1., 1., 1., 1., 1., 1., 1., 1., 1.])
 message: 'Positive directional derivative for linesearch'
    nfev: 103
     nit: 16
    njev: 12
  status: 8
 success: False
       x: array([0.89, 0.01, 0.89, 0.01, 0.89, 0.01, 0.89, 0.01, 0.89, 0.01, 0.89,
       0.01, 0.89, 0.01, 0.89])

real	0m11.169s
user	0m10.352s
sys	0m0.677s
Ended at: 
Sat Dec  9 09:20:19 CET 2023
