Started at: 
Sat Dec  9 09:18:44 CET 2023
Instance 2
[INFO] aspmc: Tree Decomposition #bags: 23 unfolded treewidth: 3 #vertices: 25
[INFO] aspmc: Preprocessing disabled
[INFO] aspmc:    Stats Compilation
[INFO] aspmc: ------------------------------------------------------------
[INFO] aspmc: X/D-Constrained Tree Decomposition #bags: 32 treewidth: 10 #vertices: 51
[INFO] aspmc: Dtree time:               2.025423049926758
[INFO] aspmc: Compilation time:         0.015261173248291016
[INFO] aspmc: Preparation time:         0.00010371208190917969
[INFO] aspmc: Counting time:            0.08408164978027344
[INFO] aspmc: ------------------------------------------------------------
[0.01::a0., 0.99::a1., 0.01::a2., 0.99::a3., 0.01::a4., 0.99::a5., 0.01::a6., 0.99::a7., 0.01::a8., 0.99::a9., 0.01::a10., 0.99::a11., 0.01::a12., 0.99::a13., 0.01::a14., 0.99::a15., 0.01::a16., 0.99::a17., 0.01::a18., 0.99::a19., qr:-not a0,not a2,not a4,not a6,not a8,not a10,not a12,not a14,not a16,not a18., qr:-a1,a3,a5,a7,a9,a11,a13,a15,a17,a19,not nqr., nqr:-a1,a3,a5,a7,a9,a11,a13,a15,a17,a19,not qr., query(qr).]
tracc
nnf_construction_time: 3.231588840484619
Pre simplification
number of sums: 1791
number of prods: 5086
0.834513761450087*v_10*v_16 - 0.913517247483641*v_10 + 0.0790034860335532*v_16 + 0.913517247483641
Post simplification
symp_time: 0.9039430618286133
number of sums: 2
number of subs: 1
number of prods: 4
opt_time: 0.025740385055541992
     fun: 0.9000000000000002
     jac: array([1., 1.])
 message: 'Optimization terminated successfully'
    nfev: 2
     nit: 2
    njev: 2
  status: 0
 success: True
       x: array([0.89, 0.01])

real	0m5.325s
user	0m4.649s
sys	0m0.551s
Instance 3
[INFO] aspmc: Tree Decomposition #bags: 23 unfolded treewidth: 3 #vertices: 25
[INFO] aspmc: Preprocessing disabled
[INFO] aspmc:    Stats Compilation
[INFO] aspmc: ------------------------------------------------------------
[INFO] aspmc: X/D-Constrained Tree Decomposition #bags: 32 treewidth: 10 #vertices: 51
[INFO] aspmc: Dtree time:               2.0259225368499756
[INFO] aspmc: Compilation time:         0.015542745590209961
[INFO] aspmc: Preparation time:         0.00010371208190917969
[INFO] aspmc: Counting time:            0.0883641242980957
[INFO] aspmc: ------------------------------------------------------------
[0.01::a0., 0.99::a1., 0.01::a2., 0.99::a3., 0.01::a4., 0.99::a5., 0.01::a6., 0.99::a7., 0.01::a8., 0.99::a9., 0.01::a10., 0.99::a11., 0.01::a12., 0.99::a13., 0.01::a14., 0.99::a15., 0.01::a16., 0.99::a17., 0.01::a18., 0.99::a19., qr:-not a0,not a2,not a4,not a6,not a8,not a10,not a12,not a14,not a16,not a18., qr:-a1,a3,a5,a7,a9,a11,a13,a15,a17,a19,not nqr., nqr:-a1,a3,a5,a7,a9,a11,a13,a15,a17,a19,not qr., query(qr).]
tracc
nnf_construction_time: 3.236288070678711
Pre simplification
number of sums: 1791
number of prods: 5086
-0.842943193383927*v_10*v_16*v_9 + 0.842943193383927*v_10*v_16 + 0.92274469442792*v_10*v_9 - 0.92274469442792*v_10 + 0.842943193383927*v_16*v_9 + 0.0705740540997139*v_16 - 0.92274469442792*v_9 + 0.92274469442792
Post simplification
symp_time: 1.085662841796875
number of sums: 5
number of subs: 3
number of prods: 12
opt_time: 0.09885835647583008
     fun: 1.8900000000000001
     jac: array([1., 1., 1.])
 message: 'Positive directional derivative for linesearch'
    nfev: 1
     nit: 5
    njev: 1
  status: 8
 success: False
       x: array([0.89, 0.11, 0.89])

real	0m5.496s
user	0m4.829s
sys	0m0.530s
Instance 4
[INFO] aspmc: Tree Decomposition #bags: 23 unfolded treewidth: 3 #vertices: 25
[INFO] aspmc: Preprocessing disabled
[INFO] aspmc:    Stats Compilation
[INFO] aspmc: ------------------------------------------------------------
[INFO] aspmc: X/D-Constrained Tree Decomposition #bags: 32 treewidth: 10 #vertices: 51
[INFO] aspmc: Dtree time:               2.0261964797973633
[INFO] aspmc: Compilation time:         0.015020370483398438
[INFO] aspmc: Preparation time:         0.00010752677917480469
[INFO] aspmc: Counting time:            0.08541274070739746
[INFO] aspmc: ------------------------------------------------------------
/home/dazzolin/anaconda3/lib/python3.9/site-packages/scipy/optimize/optimize.py:282: RuntimeWarning: Values in x were outside bounds during a minimize step, clipping to bounds
  warnings.warn("Values in x were outside bounds during a "
[0.01::a0., 0.99::a1., 0.01::a2., 0.99::a3., 0.01::a4., 0.99::a5., 0.01::a6., 0.99::a7., 0.01::a8., 0.99::a9., 0.01::a10., 0.99::a11., 0.01::a12., 0.99::a13., 0.01::a14., 0.99::a15., 0.01::a16., 0.99::a17., 0.01::a18., 0.99::a19., qr:-not a0,not a2,not a4,not a6,not a8,not a10,not a12,not a14,not a16,not a18., qr:-a1,a3,a5,a7,a9,a11,a13,a15,a17,a19,not nqr., nqr:-a1,a3,a5,a7,a9,a11,a13,a15,a17,a19,not qr., query(qr).]
tracc
nnf_construction_time: 3.234457015991211
Pre simplification
number of sums: 1791
number of prods: 5086
-0.0274064401692036*v_15*(v_10 - 1)*(1.11022302462516e-16*v_16 - 1.0)*(v_9 - 1) + 0.970299*v_15*(0.9509900499*v_16*(-0.970299*v_10*(v_9 - 1) + 0.970299*v_9 + 0.0475543055720799*(v_10 - 1)*(v_9 - 1) + 0.029701) - 0.92274469442792*(v_10 - 1)*(1.11022302462516e-16*v_16 - 1.0)*(v_9 - 1)) + 0.92274469442792*(v_10 - 1)*(v_15 - 1)*(1.11022302462516e-16*v_16 - 1.0)*(v_9 - 1)
Post simplification
symp_time: 1.2731685638427734
number of sums: 5
number of subs: 19
number of prods: 23
opt_time: 0.17817306518554688
     fun: 1.8000000000000007
     jac: array([1., 1., 1., 1.])
 message: 'Optimization terminated successfully'
    nfev: 2
     nit: 2
    njev: 2
  status: 0
 success: True
       x: array([0.89, 0.01, 0.89, 0.01])

real	0m5.757s
user	0m5.060s
sys	0m0.559s
Instance 5
[INFO] aspmc: Tree Decomposition #bags: 23 unfolded treewidth: 3 #vertices: 25
[INFO] aspmc: Preprocessing disabled
[INFO] aspmc:    Stats Compilation
[INFO] aspmc: ------------------------------------------------------------
[INFO] aspmc: X/D-Constrained Tree Decomposition #bags: 32 treewidth: 10 #vertices: 51
[INFO] aspmc: Dtree time:               2.0260353088378906
[INFO] aspmc: Compilation time:         0.015421867370605469
[INFO] aspmc: Preparation time:         0.00011205673217773438
[INFO] aspmc: Counting time:            0.08361935615539551
[INFO] aspmc: ------------------------------------------------------------
[0.01::a0., 0.99::a1., 0.01::a2., 0.99::a3., 0.01::a4., 0.99::a5., 0.01::a6., 0.99::a7., 0.01::a8., 0.99::a9., 0.01::a10., 0.99::a11., 0.01::a12., 0.99::a13., 0.01::a14., 0.99::a15., 0.01::a16., 0.99::a17., 0.01::a18., 0.99::a19., qr:-not a0,not a2,not a4,not a6,not a8,not a10,not a12,not a14,not a16,not a18., qr:-a1,a3,a5,a7,a9,a11,a13,a15,a17,a19,not nqr., nqr:-a1,a3,a5,a7,a9,a11,a13,a15,a17,a19,not qr., query(qr).]
tracc
nnf_construction_time: 3.2314088344573975
Pre simplification
number of sums: 1791
number of prods: 5086
0.0276832728981855*v_15*(v_10 - 1)*(1.11022302462516e-16*v_16 - 1.0)*(v_8 - 1)*(v_9 - 1) + 0.970299*v_15*(0.9509900499*v_16*(0.9801*v_10*(v_8 - 1)*(v_9 - 1) + 0.99*v_8 - 0.99*v_9*(v_8 - 1) - 0.04803465209301*(v_10 - 1)*(v_8 - 1)*(v_9 - 1) + 0.0099*(v_8 - 1)*(v_9 - 1) + 0.01) + 0.93206534790699*(v_10 - 1)*(1.11022302462516e-16*v_16 - 1.0)*(v_8 - 1)*(v_9 - 1)) - 0.93206534790699*(v_10 - 1)*(v_15 - 1)*(1.11022302462516e-16*v_16 - 1.0)*(v_8 - 1)*(v_9 - 1)
Post simplification
symp_time: 1.4985356330871582
number of sums: 5
number of subs: 27
number of prods: 32
opt_time: 0.27501845359802246
     fun: 2.8899999999999997
     jac: array([1., 1., 1., 1., 1.])
 message: 'Inequality constraints incompatible'
    nfev: 12
     nit: 2
    njev: 2
  status: 4
 success: False
       x: array([0.89, 0.11, 0.89, 0.11, 0.89])

real	0m6.069s
user	0m5.367s
sys	0m0.563s
Instance 6
[INFO] aspmc: Tree Decomposition #bags: 23 unfolded treewidth: 3 #vertices: 25
[INFO] aspmc: Preprocessing disabled
[INFO] aspmc:    Stats Compilation
[INFO] aspmc: ------------------------------------------------------------
[INFO] aspmc: X/D-Constrained Tree Decomposition #bags: 32 treewidth: 10 #vertices: 51
[INFO] aspmc: Dtree time:               2.026306390762329
[INFO] aspmc: Compilation time:         0.015378475189208984
[INFO] aspmc: Preparation time:         0.00010013580322265625
[INFO] aspmc: Counting time:            0.08318138122558594
[INFO] aspmc: ------------------------------------------------------------
/home/dazzolin/anaconda3/lib/python3.9/site-packages/scipy/optimize/optimize.py:282: RuntimeWarning: Values in x were outside bounds during a minimize step, clipping to bounds
  warnings.warn("Values in x were outside bounds during a "
[0.01::a0., 0.99::a1., 0.01::a2., 0.99::a3., 0.01::a4., 0.99::a5., 0.01::a6., 0.99::a7., 0.01::a8., 0.99::a9., 0.01::a10., 0.99::a11., 0.01::a12., 0.99::a13., 0.01::a14., 0.99::a15., 0.01::a16., 0.99::a17., 0.01::a18., 0.99::a19., qr:-not a0,not a2,not a4,not a6,not a8,not a10,not a12,not a14,not a16,not a18., qr:-a1,a3,a5,a7,a9,a11,a13,a15,a17,a19,not nqr., nqr:-a1,a3,a5,a7,a9,a11,a13,a15,a17,a19,not qr., query(qr).]
tracc
nnf_construction_time: 3.2313358783721924
Pre simplification
number of sums: 1791
number of prods: 5086
0.0185481004233491*v_14*(v_10 - 1)*(1.11022302462516e-16*v_16 - 1.0)*(v_8 - 1)*(v_9 - 1) + 0.9801*v_14*(v_15*(0.9509900499*v_16*(0.9801*v_10*(v_8 - 1)*(v_9 - 1) + 0.99*v_8 - 0.99*v_9*(v_8 - 1) - 0.04803465209301*(v_10 - 1)*(v_8 - 1)*(v_9 - 1) + 0.0099*(v_8 - 1)*(v_9 - 1) + 0.01) + 0.93206534790699*(v_10 - 1)*(1.11022302462516e-16*v_16 - 1.0)*(v_8 - 1)*(v_9 - 1)) - 0.93206534790699*(v_10 - 1)*(v_15 - 1)*(1.11022302462516e-16*v_16 - 1.0)*(v_8 - 1)*(v_9 - 1)) - 0.93206534790699*(v_10 - 1)*(v_14 - 1)*(1.11022302462516e-16*v_16 - 1.0)*(v_8 - 1)*(v_9 - 1)
Post simplification
symp_time: 1.6823139190673828
number of sums: 5
number of subs: 34
number of prods: 39
opt_time: 0.34906888008117676
     fun: 2.700000000000001
     jac: array([1., 1., 1., 1., 1., 1.])
 message: 'Optimization terminated successfully'
    nfev: 2
     nit: 2
    njev: 2
  status: 0
 success: True
       x: array([0.89, 0.01, 0.89, 0.01, 0.89, 0.01])

real	0m6.321s
user	0m5.639s
sys	0m0.540s
Instance 7
[INFO] aspmc: Tree Decomposition #bags: 23 unfolded treewidth: 3 #vertices: 25
[INFO] aspmc: Preprocessing disabled
[INFO] aspmc:    Stats Compilation
[INFO] aspmc: ------------------------------------------------------------
[INFO] aspmc: X/D-Constrained Tree Decomposition #bags: 32 treewidth: 10 #vertices: 51
[INFO] aspmc: Dtree time:               2.0269763469696045
[INFO] aspmc: Compilation time:         0.015618085861206055
[INFO] aspmc: Preparation time:         0.00010371208190917969
[INFO] aspmc: Counting time:            0.08641552925109863
[INFO] aspmc: ------------------------------------------------------------
/home/dazzolin/anaconda3/lib/python3.9/site-packages/scipy/optimize/optimize.py:282: RuntimeWarning: Values in x were outside bounds during a minimize step, clipping to bounds
  warnings.warn("Values in x were outside bounds during a "
[0.01::a0., 0.99::a1., 0.01::a2., 0.99::a3., 0.01::a4., 0.99::a5., 0.01::a6., 0.99::a7., 0.01::a8., 0.99::a9., 0.01::a10., 0.99::a11., 0.01::a12., 0.99::a13., 0.01::a14., 0.99::a15., 0.01::a16., 0.99::a17., 0.01::a18., 0.99::a19., qr:-not a0,not a2,not a4,not a6,not a8,not a10,not a12,not a14,not a16,not a18., qr:-a1,a3,a5,a7,a9,a11,a13,a15,a17,a19,not nqr., nqr:-a1,a3,a5,a7,a9,a11,a13,a15,a17,a19,not qr., query(qr).]
tracc
nnf_construction_time: 3.2363510131835938
Pre simplification
number of sums: 1791
number of prods: 5086
-0.0187354549730799*v_14*(v_10 - 1)*(1.11022302462516e-16*v_16 - 1.0)*(v_7 - 1)*(v_8 - 1)*(v_9 - 1) + 0.9801*v_14*(v_15*(0.9509900499*v_16*(0.9801*v_10*(v_8 - 1)*(v_9 - 1) - 0.9509900499*v_7*(v_10 - 1)*(v_8 - 1)*(v_9 - 1) + 0.99*v_8 - 0.99*v_9*(v_8 - 1) + 0.009509900499*(v_10 - 1)*(v_7 - 1)*(v_8 - 1)*(v_9 - 1) - 0.0291099501*(v_10 - 1)*(v_8 - 1)*(v_9 - 1) + 0.0099*(v_8 - 1)*(v_9 - 1) + 0.01) - 0.941480149401*(v_10 - 1)*(1.11022302462516e-16*v_16 - 1.0)*(v_7 - 1)*(v_8 - 1)*(v_9 - 1)) + 0.941480149401*(v_10 - 1)*(v_15 - 1)*(1.11022302462516e-16*v_16 - 1.0)*(v_7 - 1)*(v_8 - 1)*(v_9 - 1)) + 0.941480149401*(v_10 - 1)*(v_14 - 1)*(1.11022302462516e-16*v_16 - 1.0)*(v_7 - 1)*(v_8 - 1)*(v_9 - 1)
Post simplification
symp_time: 1.9742579460144043
number of sums: 7
number of subs: 46
number of prods: 51
opt_time: 0.7062098979949951
     fun: 3.8899999999998784
     jac: array([1., 1., 1., 1., 1., 1., 1.])
 message: 'Positive directional derivative for linesearch'
    nfev: 34
     nit: 8
    njev: 4
  status: 8
 success: False
       x: array([0.89, 0.11, 0.89, 0.11, 0.89, 0.11, 0.89])

real	0m6.974s
user	0m6.267s
sys	0m0.581s
Instance 8
[INFO] aspmc: Tree Decomposition #bags: 23 unfolded treewidth: 3 #vertices: 25
[INFO] aspmc: Preprocessing disabled
[INFO] aspmc:    Stats Compilation
[INFO] aspmc: ------------------------------------------------------------
[INFO] aspmc: X/D-Constrained Tree Decomposition #bags: 32 treewidth: 10 #vertices: 51
[INFO] aspmc: Dtree time:               2.025942325592041
[INFO] aspmc: Compilation time:         0.015187740325927734
[INFO] aspmc: Preparation time:         0.00010132789611816406
[INFO] aspmc: Counting time:            0.0842902660369873
[INFO] aspmc: ------------------------------------------------------------
/home/dazzolin/anaconda3/lib/python3.9/site-packages/scipy/optimize/optimize.py:282: RuntimeWarning: Values in x were outside bounds during a minimize step, clipping to bounds
  warnings.warn("Values in x were outside bounds during a "
[0.01::a0., 0.99::a1., 0.01::a2., 0.99::a3., 0.01::a4., 0.99::a5., 0.01::a6., 0.99::a7., 0.01::a8., 0.99::a9., 0.01::a10., 0.99::a11., 0.01::a12., 0.99::a13., 0.01::a14., 0.99::a15., 0.01::a16., 0.99::a17., 0.01::a18., 0.99::a19., qr:-not a0,not a2,not a4,not a6,not a8,not a10,not a12,not a14,not a16,not a18., qr:-a1,a3,a5,a7,a9,a11,a13,a15,a17,a19,not nqr., nqr:-a1,a3,a5,a7,a9,a11,a13,a15,a17,a19,not qr., query(qr).]
tracc
nnf_construction_time: 3.2319540977478027
Pre simplification
number of sums: 1791
number of prods: 5086
-0.00941480149401*v_13*(v_10 - 1)*(1.11022302462516e-16*v_16 - 1.0)*(v_7 - 1)*(v_8 - 1)*(v_9 - 1) + 0.99*v_13*(v_14*(v_15*(0.9509900499*v_16*(0.9801*v_10*(v_8 - 1)*(v_9 - 1) - 0.9509900499*v_7*(v_10 - 1)*(v_8 - 1)*(v_9 - 1) + 0.99*v_8 - 0.99*v_9*(v_8 - 1) + 0.009509900499*(v_10 - 1)*(v_7 - 1)*(v_8 - 1)*(v_9 - 1) - 0.0291099501*(v_10 - 1)*(v_8 - 1)*(v_9 - 1) + 0.0099*(v_8 - 1)*(v_9 - 1) + 0.01) - 0.941480149401*(v_10 - 1)*(1.11022302462516e-16*v_16 - 1.0)*(v_7 - 1)*(v_8 - 1)*(v_9 - 1)) + 0.941480149401*(v_10 - 1)*(v_15 - 1)*(1.11022302462516e-16*v_16 - 1.0)*(v_7 - 1)*(v_8 - 1)*(v_9 - 1)) + 0.941480149401*(v_10 - 1)*(v_14 - 1)*(1.11022302462516e-16*v_16 - 1.0)*(v_7 - 1)*(v_8 - 1)*(v_9 - 1)) + 0.941480149401*(v_10 - 1)*(v_13 - 1)*(1.11022302462516e-16*v_16 - 1.0)*(v_7 - 1)*(v_8 - 1)*(v_9 - 1)
Post simplification
symp_time: 2.2776081562042236
number of sums: 8
number of subs: 53
number of prods: 59
opt_time: 0.5982780456542969
     fun: 3.6
     jac: array([1., 1., 1., 1., 1., 1., 1., 1.])
 message: 'Optimization terminated successfully'
    nfev: 2
     nit: 2
    njev: 2
  status: 0
 success: True
       x: array([0.89, 0.01, 0.89, 0.01, 0.89, 0.01, 0.89, 0.01])

real	0m7.195s
user	0m6.503s
sys	0m0.553s
Instance 9
[INFO] aspmc: Tree Decomposition #bags: 23 unfolded treewidth: 3 #vertices: 25
[INFO] aspmc: Preprocessing disabled
[INFO] aspmc:    Stats Compilation
[INFO] aspmc: ------------------------------------------------------------
[INFO] aspmc: X/D-Constrained Tree Decomposition #bags: 32 treewidth: 10 #vertices: 51
[INFO] aspmc: Dtree time:               2.0259623527526855
[INFO] aspmc: Compilation time:         0.015439987182617188
[INFO] aspmc: Preparation time:         0.00010609626770019531
[INFO] aspmc: Counting time:            0.08192205429077148
[INFO] aspmc: ------------------------------------------------------------
[0.01::a0., 0.99::a1., 0.01::a2., 0.99::a3., 0.01::a4., 0.99::a5., 0.01::a6., 0.99::a7., 0.01::a8., 0.99::a9., 0.01::a10., 0.99::a11., 0.01::a12., 0.99::a13., 0.01::a14., 0.99::a15., 0.01::a16., 0.99::a17., 0.01::a18., 0.99::a19., qr:-not a0,not a2,not a4,not a6,not a8,not a10,not a12,not a14,not a16,not a18., qr:-a1,a3,a5,a7,a9,a11,a13,a15,a17,a19,not nqr., nqr:-a1,a3,a5,a7,a9,a11,a13,a15,a17,a19,not qr., query(qr).]
tracc
nnf_construction_time: 3.233124256134033
Pre simplification
number of sums: 1791
number of prods: 5086
0.009509900499*v_13*(v_10 - 1)*(1.11022302462516e-16*v_16 - 1.0)*(v_6 - 1)*(v_7 - 1)*(v_8 - 1)*(v_9 - 1) + 0.941480149401*v_13*(v_14*(v_15*(v_16*(-0.99*v_10*(v_6 - 1)*(v_8 - 1)*(v_9 - 1) + 1.0*v_6 + 0.96059601*v_7*(v_10 - 1)*(v_6 - 1)*(v_8 - 1)*(v_9 - 1) - 1.0*v_8*(v_6 - 1) + 1.0*v_9*(v_6 - 1)*(v_8 - 1) - 0.0096059601*(v_10 - 1)*(v_6 - 1)*(v_7 - 1)*(v_8 - 1)*(v_9 - 1) + 0.02940399*(v_10 - 1)*(v_6 - 1)*(v_8 - 1)*(v_9 - 1) - 0.01*(v_6 - 1)*(v_8 - 1)*(v_9 - 1)) + (v_10 - 1)*(1.11022302462516e-16*v_16 - 1.0)*(v_6 - 1)*(v_7 - 1)*(v_8 - 1)*(v_9 - 1)) - (v_10 - 1)*(v_15 - 1)*(1.11022302462516e-16*v_16 - 1.0)*(v_6 - 1)*(v_7 - 1)*(v_8 - 1)*(v_9 - 1)) - (v_10 - 1)*(v_14 - 1)*(1.11022302462516e-16*v_16 - 1.0)*(v_6 - 1)*(v_7 - 1)*(v_8 - 1)*(v_9 - 1)) - 0.9509900499*(v_10 - 1)*(v_13 - 1)*(1.11022302462516e-16*v_16 - 1.0)*(v_6 - 1)*(v_7 - 1)*(v_8 - 1)*(v_9 - 1)
Post simplification
symp_time: 2.7538135051727295
number of sums: 6
number of subs: 67
number of prods: 68
opt_time: 1.0943593978881836
     fun: 4.89
     jac: array([1., 1., 1., 1., 1., 1., 1., 1., 1.])
 message: 'Positive directional derivative for linesearch'
    nfev: 26
     nit: 8
    njev: 4
  status: 8
 success: False
       x: array([0.89, 0.11, 0.89, 0.11, 0.89, 0.11, 0.89, 0.11, 0.89])

real	0m8.151s
user	0m7.479s
sys	0m0.553s
Instance 10
[INFO] aspmc: Tree Decomposition #bags: 23 unfolded treewidth: 3 #vertices: 25
[INFO] aspmc: Preprocessing disabled
[INFO] aspmc:    Stats Compilation
[INFO] aspmc: ------------------------------------------------------------
[INFO] aspmc: X/D-Constrained Tree Decomposition #bags: 32 treewidth: 10 #vertices: 51
[INFO] aspmc: Dtree time:               2.0270774364471436
[INFO] aspmc: Compilation time:         0.015405416488647461
[INFO] aspmc: Preparation time:         9.942054748535156e-05
[INFO] aspmc: Counting time:            0.08480620384216309
[INFO] aspmc: ------------------------------------------------------------
/home/dazzolin/anaconda3/lib/python3.9/site-packages/scipy/optimize/optimize.py:282: RuntimeWarning: Values in x were outside bounds during a minimize step, clipping to bounds
  warnings.warn("Values in x were outside bounds during a "
[0.01::a0., 0.99::a1., 0.01::a2., 0.99::a3., 0.01::a4., 0.99::a5., 0.01::a6., 0.99::a7., 0.01::a8., 0.99::a9., 0.01::a10., 0.99::a11., 0.01::a12., 0.99::a13., 0.01::a14., 0.99::a15., 0.01::a16., 0.99::a17., 0.01::a18., 0.99::a19., qr:-not a0,not a2,not a4,not a6,not a8,not a10,not a12,not a14,not a16,not a18., qr:-a1,a3,a5,a7,a9,a11,a13,a15,a17,a19,not nqr., nqr:-a1,a3,a5,a7,a9,a11,a13,a15,a17,a19,not qr., query(qr).]
tracc
nnf_construction_time: 3.235018014907837
Pre simplification
number of sums: 1791
number of prods: 5086
0.9509900499*v_12*(v_13*(v_14*(v_15*(v_16*(-0.99*v_10*(v_6 - 1)*(v_8 - 1)*(v_9 - 1) + 1.0*v_6 + 0.96059601*v_7*(v_10 - 1)*(v_6 - 1)*(v_8 - 1)*(v_9 - 1) - 1.0*v_8*(v_6 - 1) + 1.0*v_9*(v_6 - 1)*(v_8 - 1) - 0.0096059601*(v_10 - 1)*(v_6 - 1)*(v_7 - 1)*(v_8 - 1)*(v_9 - 1) + 0.02940399*(v_10 - 1)*(v_6 - 1)*(v_8 - 1)*(v_9 - 1) - 0.01*(v_6 - 1)*(v_8 - 1)*(v_9 - 1)) + (v_10 - 1)*(1.11022302462516e-16*v_16 - 1.0)*(v_6 - 1)*(v_7 - 1)*(v_8 - 1)*(v_9 - 1)) - (v_10 - 1)*(v_15 - 1)*(1.11022302462516e-16*v_16 - 1.0)*(v_6 - 1)*(v_7 - 1)*(v_8 - 1)*(v_9 - 1)) - (v_10 - 1)*(v_14 - 1)*(1.11022302462516e-16*v_16 - 1.0)*(v_6 - 1)*(v_7 - 1)*(v_8 - 1)*(v_9 - 1)) - (v_10 - 1)*(v_13 - 1)*(1.11022302462516e-16*v_16 - 1.0)*(v_6 - 1)*(v_7 - 1)*(v_8 - 1)*(v_9 - 1)) - 0.9509900499*(v_10 - 1)*(v_12 - 1)*(1.11022302462516e-16*v_16 - 1.0)*(v_6 - 1)*(v_7 - 1)*(v_8 - 1)*(v_9 - 1)
Post simplification
symp_time: 3.092480182647705
number of sums: 5
number of subs: 69
number of prods: 68
opt_time: 0.8025350570678711
     fun: 4.500000000000003
     jac: array([1., 1., 1., 1., 1., 1., 1., 1., 1., 1.])
 message: 'Optimization terminated successfully'
    nfev: 2
     nit: 2
    njev: 2
  status: 0
 success: True
       x: array([0.89, 0.01, 0.89, 0.01, 0.89, 0.01, 0.89, 0.01, 0.89, 0.01])

real	0m8.219s
user	0m7.482s
sys	0m0.594s
Instance 11
[INFO] aspmc: Tree Decomposition #bags: 23 unfolded treewidth: 3 #vertices: 25
[INFO] aspmc: Preprocessing disabled
[INFO] aspmc:    Stats Compilation
[INFO] aspmc: ------------------------------------------------------------
[INFO] aspmc: X/D-Constrained Tree Decomposition #bags: 32 treewidth: 10 #vertices: 51
[INFO] aspmc: Dtree time:               2.0259201526641846
[INFO] aspmc: Compilation time:         0.015359163284301758
[INFO] aspmc: Preparation time:         9.870529174804688e-05
[INFO] aspmc: Counting time:            0.0857384204864502
[INFO] aspmc: ------------------------------------------------------------
[0.01::a0., 0.99::a1., 0.01::a2., 0.99::a3., 0.01::a4., 0.99::a5., 0.01::a6., 0.99::a7., 0.01::a8., 0.99::a9., 0.01::a10., 0.99::a11., 0.01::a12., 0.99::a13., 0.01::a14., 0.99::a15., 0.01::a16., 0.99::a17., 0.01::a18., 0.99::a19., qr:-not a0,not a2,not a4,not a6,not a8,not a10,not a12,not a14,not a16,not a18., qr:-a1,a3,a5,a7,a9,a11,a13,a15,a17,a19,not nqr., nqr:-a1,a3,a5,a7,a9,a11,a13,a15,a17,a19,not qr., query(qr).]
tracc
nnf_construction_time: 3.232548475265503
Pre simplification
number of sums: 1791
number of prods: 5086
v_12*(v_13*(-v_14*(v_15*(0.9509900499*v_16*(0.99*v_10*(v_6 - 1)*(v_8 - 1)*(v_9 - 1) - 0.9801*v_5*(v_10 - 1)*(v_6 - 1)*(v_8 - 1)*(v_9 - 1) - 1.0*v_6 + 0.970299*v_7*(v_10 - 1)*(v_5 - 1)*(v_6 - 1)*(v_8 - 1)*(v_9 - 1) + 1.0*v_8*(v_6 - 1) - 1.0*v_9*(v_6 - 1)*(v_8 - 1) - 0.00970299*(v_10 - 1)*(v_5 - 1)*(v_6 - 1)*(v_7 - 1)*(v_8 - 1)*(v_9 - 1) + 0.009801*(v_10 - 1)*(v_5 - 1)*(v_6 - 1)*(v_8 - 1)*(v_9 - 1) - 0.0099*(v_10 - 1)*(v_6 - 1)*(v_8 - 1)*(v_9 - 1) + 0.01*(v_6 - 1)*(v_8 - 1)*(v_9 - 1)) + 0.96059601*(v_10 - 1)*(1.11022302462516e-16*v_16 - 1.0)*(v_5 - 1)*(v_6 - 1)*(v_7 - 1)*(v_8 - 1)*(v_9 - 1)) - 0.96059601*(v_10 - 1)*(v_15 - 1)*(1.11022302462516e-16*v_16 - 1.0)*(v_5 - 1)*(v_6 - 1)*(v_7 - 1)*(v_8 - 1)*(v_9 - 1)) + 0.96059601*(v_10 - 1)*(v_14 - 1)*(1.11022302462516e-16*v_16 - 1.0)*(v_5 - 1)*(v_6 - 1)*(v_7 - 1)*(v_8 - 1)*(v_9 - 1)) + 0.96059601*(v_10 - 1)*(v_13 - 1)*(1.11022302462516e-16*v_16 - 1.0)*(v_5 - 1)*(v_6 - 1)*(v_7 - 1)*(v_8 - 1)*(v_9 - 1)) + 0.96059601*(v_10 - 1)*(v_12 - 1)*(1.11022302462516e-16*v_16 - 1.0)*(v_5 - 1)*(v_6 - 1)*(v_7 - 1)*(v_8 - 1)*(v_9 - 1)
Post simplification
symp_time: 4.7955076694488525
number of sums: 8
number of subs: 84
number of prods: 89
opt_time: 3.9969301223754883
     fun: 5.8899999999986665
     jac: array([1., 1., 1., 1., 1., 1., 1., 1., 1., 1., 1.])
 message: 'Positive directional derivative for linesearch'
    nfev: 108
     nit: 17
    njev: 13
  status: 8
 success: False
       x: array([0.99, 0.01, 0.99, 0.01, 0.99, 0.01, 0.99, 0.01, 0.89, 0.11, 0.89])

real	0m13.112s
user	0m12.384s
sys	0m0.570s
Instance 12
[INFO] aspmc: Tree Decomposition #bags: 23 unfolded treewidth: 3 #vertices: 25
[INFO] aspmc: Preprocessing disabled
[INFO] aspmc:    Stats Compilation
[INFO] aspmc: ------------------------------------------------------------
[INFO] aspmc: X/D-Constrained Tree Decomposition #bags: 32 treewidth: 10 #vertices: 51
[INFO] aspmc: Dtree time:               2.0265021324157715
[INFO] aspmc: Compilation time:         0.016551971435546875
[INFO] aspmc: Preparation time:         0.00010514259338378906
[INFO] aspmc: Counting time:            0.08181643486022949
[INFO] aspmc: ------------------------------------------------------------
/home/dazzolin/anaconda3/lib/python3.9/site-packages/scipy/optimize/optimize.py:282: RuntimeWarning: Values in x were outside bounds during a minimize step, clipping to bounds
  warnings.warn("Values in x were outside bounds during a "
[0.01::a0., 0.99::a1., 0.01::a2., 0.99::a3., 0.01::a4., 0.99::a5., 0.01::a6., 0.99::a7., 0.01::a8., 0.99::a9., 0.01::a10., 0.99::a11., 0.01::a12., 0.99::a13., 0.01::a14., 0.99::a15., 0.01::a16., 0.99::a17., 0.01::a18., 0.99::a19., qr:-not a0,not a2,not a4,not a6,not a8,not a10,not a12,not a14,not a16,not a18., qr:-a1,a3,a5,a7,a9,a11,a13,a15,a17,a19,not nqr., nqr:-a1,a3,a5,a7,a9,a11,a13,a15,a17,a19,not qr., query(qr).]
tracc
nnf_construction_time: 3.2325515747070312
Pre simplification
number of sums: 1791
number of prods: 5086
-0.96059601*v_12*(v_13*(v_14*(v_15*(v_16*v_22*(0.99*v_10*(v_6 - 1)*(v_8 - 1)*(v_9 - 1) - 0.9801*v_5*(v_10 - 1)*(v_6 - 1)*(v_8 - 1)*(v_9 - 1) - 1.0*v_6 + 0.970299*v_7*(v_10 - 1)*(v_5 - 1)*(v_6 - 1)*(v_8 - 1)*(v_9 - 1) + 1.0*v_8*(v_6 - 1) - 1.0*v_9*(v_6 - 1)*(v_8 - 1) - 0.00970299*(v_10 - 1)*(v_5 - 1)*(v_6 - 1)*(v_7 - 1)*(v_8 - 1)*(v_9 - 1) + 0.009801*(v_10 - 1)*(v_5 - 1)*(v_6 - 1)*(v_8 - 1)*(v_9 - 1) - 0.0099*(v_10 - 1)*(v_6 - 1)*(v_8 - 1)*(v_9 - 1) + 0.01*(v_6 - 1)*(v_8 - 1)*(v_9 - 1)) - (v_10 - 1)*(v_5 - 1)*(v_6 - 1)*(v_7 - 1)*(v_8 - 1)*(v_9 - 1)*(0.9801*v_16*v_22 - 0.9801*v_16*(v_22 - 1) - 0.9801*v_16 + 1.0)) + (v_10 - 1)*(v_15 - 1)*(v_5 - 1)*(v_6 - 1)*(v_7 - 1)*(v_8 - 1)*(v_9 - 1)*(0.9801*v_16*v_22 - 0.9801*v_16*(v_22 - 1) - 0.9801*v_16 + 1.0)) + (v_10 - 1)*(v_14 - 1)*(v_5 - 1)*(v_6 - 1)*(v_7 - 1)*(v_8 - 1)*(v_9 - 1)*(0.9801*v_16*v_22 - 0.9801*v_16*(v_22 - 1) - 0.9801*v_16 + 1.0)) + (v_10 - 1)*(v_13 - 1)*(v_5 - 1)*(v_6 - 1)*(v_7 - 1)*(v_8 - 1)*(v_9 - 1)*(0.9801*v_16*v_22 - 0.9801*v_16*(v_22 - 1) - 0.9801*v_16 + 1.0)) - 0.96059601*(v_10 - 1)*(v_12 - 1)*(v_5 - 1)*(v_6 - 1)*(v_7 - 1)*(v_8 - 1)*(v_9 - 1)*(0.9801*v_16*v_22 - 0.9801*v_16*(v_22 - 1) - 0.9801*v_16 + 1.0)
Post simplification
symp_time: 4.961684226989746
number of sums: 12
number of subs: 90
number of prods: 106
opt_time: 1.1811413764953613
     fun: 5.3999999999999995
     jac: array([1., 1., 1., 1., 1., 1., 1., 1., 1., 1., 1., 1.])
 message: 'Optimization terminated successfully'
    nfev: 2
     nit: 2
    njev: 2
  status: 0
 success: True
       x: array([0.89, 0.01, 0.89, 0.01, 0.89, 0.01, 0.89, 0.01, 0.89, 0.01, 0.89,
       0.01])

real	0m10.649s
user	0m9.743s
sys	0m0.600s
Instance 13
[INFO] aspmc: Tree Decomposition #bags: 23 unfolded treewidth: 3 #vertices: 25
[INFO] aspmc: Preprocessing disabled
[INFO] aspmc:    Stats Compilation
[INFO] aspmc: ------------------------------------------------------------
[INFO] aspmc: X/D-Constrained Tree Decomposition #bags: 32 treewidth: 10 #vertices: 51
[INFO] aspmc: Dtree time:               2.026430606842041
[INFO] aspmc: Compilation time:         0.01542210578918457
[INFO] aspmc: Preparation time:         0.00010418891906738281
[INFO] aspmc: Counting time:            0.08157062530517578
[INFO] aspmc: ------------------------------------------------------------
[0.01::a0., 0.99::a1., 0.01::a2., 0.99::a3., 0.01::a4., 0.99::a5., 0.01::a6., 0.99::a7., 0.01::a8., 0.99::a9., 0.01::a10., 0.99::a11., 0.01::a12., 0.99::a13., 0.01::a14., 0.99::a15., 0.01::a16., 0.99::a17., 0.01::a18., 0.99::a19., qr:-not a0,not a2,not a4,not a6,not a8,not a10,not a12,not a14,not a16,not a18., qr:-a1,a3,a5,a7,a9,a11,a13,a15,a17,a19,not nqr., nqr:-a1,a3,a5,a7,a9,a11,a13,a15,a17,a19,not qr., query(qr).]
tracc
nnf_construction_time: 3.2304458618164062
Pre simplification
number of sums: 1791
number of prods: 5086
v_12*(v_13*(-v_14*(v_15*(0.96059601*v_16*v_22*(0.99*v_10*(v_6 - 1)*(v_8 - 1)*(v_9 - 1) - 0.99*v_4*(v_10 - 1)*(v_6 - 1)*(v_8 - 1)*(v_9 - 1) + 0.99*v_5*(v_10 - 1)*(v_4 - 1)*(v_6 - 1)*(v_8 - 1)*(v_9 - 1) - 1.0*v_6 - 0.9801*v_7*(v_10 - 1)*(v_4 - 1)*(v_5 - 1)*(v_6 - 1)*(v_8 - 1)*(v_9 - 1) + 1.0*v_8*(v_6 - 1) - 1.0*v_9*(v_6 - 1)*(v_8 - 1) + 0.009801*(v_10 - 1)*(v_4 - 1)*(v_5 - 1)*(v_6 - 1)*(v_7 - 1)*(v_8 - 1)*(v_9 - 1) - 0.0099*(v_10 - 1)*(v_4 - 1)*(v_5 - 1)*(v_6 - 1)*(v_8 - 1)*(v_9 - 1) + 0.01*(v_6 - 1)*(v_8 - 1)*(v_9 - 1)) + 0.970299*(v_10 - 1)*(v_4 - 1)*(v_5 - 1)*(v_6 - 1)*(v_7 - 1)*(v_8 - 1)*(v_9 - 1)*(0.9801*v_16*v_22 - 0.9801*v_16*(v_22 - 1) - 0.9801*v_16 + 1.0)) - 0.970299*(v_10 - 1)*(v_15 - 1)*(v_4 - 1)*(v_5 - 1)*(v_6 - 1)*(v_7 - 1)*(v_8 - 1)*(v_9 - 1)*(0.9801*v_16*v_22 - 0.9801*v_16*(v_22 - 1) - 0.9801*v_16 + 1.0)) + 0.970299*(v_10 - 1)*(v_14 - 1)*(v_4 - 1)*(v_5 - 1)*(v_6 - 1)*(v_7 - 1)*(v_8 - 1)*(v_9 - 1)*(0.9801*v_16*v_22 - 0.9801*v_16*(v_22 - 1) - 0.9801*v_16 + 1.0)) + 0.970299*(v_10 - 1)*(v_13 - 1)*(v_4 - 1)*(v_5 - 1)*(v_6 - 1)*(v_7 - 1)*(v_8 - 1)*(v_9 - 1)*(0.9801*v_16*v_22 - 0.9801*v_16*(v_22 - 1) - 0.9801*v_16 + 1.0)) + 0.970299*(v_10 - 1)*(v_12 - 1)*(v_4 - 1)*(v_5 - 1)*(v_6 - 1)*(v_7 - 1)*(v_8 - 1)*(v_9 - 1)*(0.9801*v_16*v_22 - 0.9801*v_16*(v_22 - 1) - 0.9801*v_16 + 1.0)
Post simplification
symp_time: 9.252806425094604
number of sums: 13
number of subs: 98
number of prods: 120
opt_time: 4.853362083435059
     fun: 6.889999999993069
     jac: array([1., 1., 1., 1., 1., 1., 1., 1., 1., 1., 1., 1., 1.])
 message: 'Inequality constraints incompatible'
    nfev: 91
     nit: 11
    njev: 11
  status: 4
 success: False
       x: array([0.99, 0.01, 0.99, 0.01, 0.99, 0.01, 0.99, 0.01, 0.89, 0.11, 0.89,
       0.11, 0.89])

real	0m18.436s
user	0m17.702s
sys	0m0.580s
Instance 14
[INFO] aspmc: Tree Decomposition #bags: 23 unfolded treewidth: 3 #vertices: 25
[INFO] aspmc: Preprocessing disabled
[INFO] aspmc:    Stats Compilation
[INFO] aspmc: ------------------------------------------------------------
[INFO] aspmc: X/D-Constrained Tree Decomposition #bags: 32 treewidth: 10 #vertices: 51
[INFO] aspmc: Dtree time:               2.0263724327087402
[INFO] aspmc: Compilation time:         0.015545368194580078
[INFO] aspmc: Preparation time:         0.00010895729064941406
[INFO] aspmc: Counting time:            0.08312368392944336
[INFO] aspmc: ------------------------------------------------------------
[0.01::a0., 0.99::a1., 0.01::a2., 0.99::a3., 0.01::a4., 0.99::a5., 0.01::a6., 0.99::a7., 0.01::a8., 0.99::a9., 0.01::a10., 0.99::a11., 0.01::a12., 0.99::a13., 0.01::a14., 0.99::a15., 0.01::a16., 0.99::a17., 0.01::a18., 0.99::a19., qr:-not a0,not a2,not a4,not a6,not a8,not a10,not a12,not a14,not a16,not a18., qr:-a1,a3,a5,a7,a9,a11,a13,a15,a17,a19,not nqr., nqr:-a1,a3,a5,a7,a9,a11,a13,a15,a17,a19,not qr., query(qr).]
tracc
nnf_construction_time: 3.2309231758117676
Pre simplification
number of sums: 1791
number of prods: 5086
-0.970299*v_12*(v_13*(v_14*(v_15*(v_16*v_21*v_22*(0.99*v_10*(v_6 - 1)*(v_8 - 1)*(v_9 - 1) - 0.99*v_4*(v_10 - 1)*(v_6 - 1)*(v_8 - 1)*(v_9 - 1) + 0.99*v_5*(v_10 - 1)*(v_4 - 1)*(v_6 - 1)*(v_8 - 1)*(v_9 - 1) - 1.0*v_6 - 0.9801*v_7*(v_10 - 1)*(v_4 - 1)*(v_5 - 1)*(v_6 - 1)*(v_8 - 1)*(v_9 - 1) + 1.0*v_8*(v_6 - 1) - 1.0*v_9*(v_6 - 1)*(v_8 - 1) + 0.009801*(v_10 - 1)*(v_4 - 1)*(v_5 - 1)*(v_6 - 1)*(v_7 - 1)*(v_8 - 1)*(v_9 - 1) - 0.0099*(v_10 - 1)*(v_4 - 1)*(v_5 - 1)*(v_6 - 1)*(v_8 - 1)*(v_9 - 1) + 0.01*(v_6 - 1)*(v_8 - 1)*(v_9 - 1)) - (v_10 - 1)*(v_4 - 1)*(v_5 - 1)*(v_6 - 1)*(v_7 - 1)*(v_8 - 1)*(v_9 - 1)*(-0.99*v_16*v_21*v_22 + 0.99*v_16*v_21*(v_22 - 1) + 0.99*v_21*(v_16 - 1) + 0.99*v_21 - 1.0)) + (v_10 - 1)*(v_15 - 1)*(v_4 - 1)*(v_5 - 1)*(v_6 - 1)*(v_7 - 1)*(v_8 - 1)*(v_9 - 1)*(-0.99*v_16*v_21*v_22 + 0.99*v_16*v_21*(v_22 - 1) + 0.99*v_21*(v_16 - 1) + 0.99*v_21 - 1.0)) + (v_10 - 1)*(v_14 - 1)*(v_4 - 1)*(v_5 - 1)*(v_6 - 1)*(v_7 - 1)*(v_8 - 1)*(v_9 - 1)*(-0.99*v_16*v_21*v_22 + 0.99*v_16*v_21*(v_22 - 1) + 0.99*v_21*(v_16 - 1) + 0.99*v_21 - 1.0)) + (v_10 - 1)*(v_13 - 1)*(v_4 - 1)*(v_5 - 1)*(v_6 - 1)*(v_7 - 1)*(v_8 - 1)*(v_9 - 1)*(-0.99*v_16*v_21*v_22 + 0.99*v_16*v_21*(v_22 - 1) + 0.99*v_21*(v_16 - 1) + 0.99*v_21 - 1.0)) - 0.970299*(v_10 - 1)*(v_12 - 1)*(v_4 - 1)*(v_5 - 1)*(v_6 - 1)*(v_7 - 1)*(v_8 - 1)*(v_9 - 1)*(-0.99*v_16*v_21*v_22 + 0.99*v_16*v_21*(v_22 - 1) + 0.99*v_21*(v_16 - 1) + 0.99*v_21 - 1.0)
Post simplification
symp_time: 6.156514883041382
number of sums: 22
number of subs: 104
number of prods: 137
opt_time: 1.6677346229553223
     fun: 6.30000000000002
     jac: array([1., 1., 1., 1., 1., 1., 1., 1., 1., 1., 1., 1., 1., 1.])
 message: 'Optimization terminated successfully'
    nfev: 2
     nit: 2
    njev: 2
  status: 0
 success: True
       x: array([0.89, 0.01, 0.89, 0.01, 0.89, 0.01, 0.89, 0.01, 0.89, 0.01, 0.89,
       0.01, 0.89, 0.01])

real	0m12.132s
user	0m11.420s
sys	0m0.565s
Instance 15
[INFO] aspmc: Tree Decomposition #bags: 23 unfolded treewidth: 3 #vertices: 25
[INFO] aspmc: Preprocessing disabled
[INFO] aspmc:    Stats Compilation
[INFO] aspmc: ------------------------------------------------------------
[INFO] aspmc: X/D-Constrained Tree Decomposition #bags: 32 treewidth: 10 #vertices: 51
[INFO] aspmc: Dtree time:               2.0260276794433594
[INFO] aspmc: Compilation time:         0.015572786331176758
[INFO] aspmc: Preparation time:         0.00010180473327636719
[INFO] aspmc: Counting time:            0.08742547035217285
[INFO] aspmc: ------------------------------------------------------------
[0.01::a0., 0.99::a1., 0.01::a2., 0.99::a3., 0.01::a4., 0.99::a5., 0.01::a6., 0.99::a7., 0.01::a8., 0.99::a9., 0.01::a10., 0.99::a11., 0.01::a12., 0.99::a13., 0.01::a14., 0.99::a15., 0.01::a16., 0.99::a17., 0.01::a18., 0.99::a19., qr:-not a0,not a2,not a4,not a6,not a8,not a10,not a12,not a14,not a16,not a18., qr:-a1,a3,a5,a7,a9,a11,a13,a15,a17,a19,not nqr., nqr:-a1,a3,a5,a7,a9,a11,a13,a15,a17,a19,not qr., query(qr).]
tracc
nnf_construction_time: 3.2341482639312744
Pre simplification
number of sums: 1791
number of prods: 5086
v_12*(v_13*(v_14*(v_15*(0.970299*v_16*v_21*v_22*(1.0*v_10*(v_3 - 1)*(v_6 - 1)*(v_8 - 1)*(v_9 - 1) - 1.0*v_3*(v_6 - 1)*(v_8 - 1)*(v_9 - 1) - 1.0*v_4*(v_10 - 1)*(v_3 - 1)*(v_6 - 1)*(v_8 - 1)*(v_9 - 1) + 1.0*v_5*(v_10 - 1)*(v_3 - 1)*(v_4 - 1)*(v_6 - 1)*(v_8 - 1)*(v_9 - 1) + 1.0*v_6 - 0.99*v_7*(v_10 - 1)*(v_3 - 1)*(v_4 - 1)*(v_5 - 1)*(v_6 - 1)*(v_8 - 1)*(v_9 - 1) - 1.0*v_8*(v_6 - 1) + 1.0*v_9*(v_6 - 1)*(v_8 - 1) + 0.0099*(v_10 - 1)*(v_3 - 1)*(v_4 - 1)*(v_5 - 1)*(v_6 - 1)*(v_7 - 1)*(v_8 - 1)*(v_9 - 1) - 0.01*(v_10 - 1)*(v_3 - 1)*(v_4 - 1)*(v_5 - 1)*(v_6 - 1)*(v_8 - 1)*(v_9 - 1)) - 0.9801*(v_10 - 1)*(v_3 - 1)*(v_4 - 1)*(v_5 - 1)*(v_6 - 1)*(v_7 - 1)*(v_8 - 1)*(v_9 - 1)*(-0.99*v_16*v_21*v_22 + 0.99*v_16*v_21*(v_22 - 1) + 0.99*v_21*(v_16 - 1) + 0.99*v_21 - 1.0)) + 0.9801*(v_10 - 1)*(v_15 - 1)*(v_3 - 1)*(v_4 - 1)*(v_5 - 1)*(v_6 - 1)*(v_7 - 1)*(v_8 - 1)*(v_9 - 1)*(-0.99*v_16*v_21*v_22 + 0.99*v_16*v_21*(v_22 - 1) + 0.99*v_21*(v_16 - 1) + 0.99*v_21 - 1.0)) + 0.9801*(v_10 - 1)*(v_14 - 1)*(v_3 - 1)*(v_4 - 1)*(v_5 - 1)*(v_6 - 1)*(v_7 - 1)*(v_8 - 1)*(v_9 - 1)*(-0.99*v_16*v_21*v_22 + 0.99*v_16*v_21*(v_22 - 1) + 0.99*v_21*(v_16 - 1) + 0.99*v_21 - 1.0)) + 0.9801*(v_10 - 1)*(v_13 - 1)*(v_3 - 1)*(v_4 - 1)*(v_5 - 1)*(v_6 - 1)*(v_7 - 1)*(v_8 - 1)*(v_9 - 1)*(-0.99*v_16*v_21*v_22 + 0.99*v_16*v_21*(v_22 - 1) + 0.99*v_21*(v_16 - 1) + 0.99*v_21 - 1.0)) + 0.9801*(v_10 - 1)*(v_12 - 1)*(v_3 - 1)*(v_4 - 1)*(v_5 - 1)*(v_6 - 1)*(v_7 - 1)*(v_8 - 1)*(v_9 - 1)*(-0.99*v_16*v_21*v_22 + 0.99*v_16*v_21*(v_22 - 1) + 0.99*v_21*(v_16 - 1) + 0.99*v_21 - 1.0)
Post simplification
symp_time: 11.357749938964844
number of sums: 23
number of subs: 113
number of prods: 153
opt_time: 6.147371768951416
     fun: 7.890000000014449
     jac: array([1., 1., 1., 1., 1., 1., 1., 1., 1., 1., 1., 1., 1., 1., 1.])
 message: 'Positive directional derivative for linesearch'
    nfev: 90
     nit: 14
    njev: 10
  status: 8
 success: False
       x: array([0.99, 0.01, 0.99, 0.01, 0.99, 0.01, 0.99, 0.01, 0.89, 0.11, 0.89,
       0.11, 0.89, 0.11, 0.89])

real	0m21.830s
user	0m21.056s
sys	0m0.593s
Instance 16
[INFO] aspmc: Tree Decomposition #bags: 23 unfolded treewidth: 3 #vertices: 25
[INFO] aspmc: Preprocessing disabled
[INFO] aspmc:    Stats Compilation
[INFO] aspmc: ------------------------------------------------------------
[INFO] aspmc: X/D-Constrained Tree Decomposition #bags: 32 treewidth: 10 #vertices: 51
[INFO] aspmc: Dtree time:               2.0261387825012207
[INFO] aspmc: Compilation time:         0.015182018280029297
[INFO] aspmc: Preparation time:         0.00011324882507324219
[INFO] aspmc: Counting time:            0.08275866508483887
[INFO] aspmc: ------------------------------------------------------------
/home/dazzolin/anaconda3/lib/python3.9/site-packages/scipy/optimize/optimize.py:282: RuntimeWarning: Values in x were outside bounds during a minimize step, clipping to bounds
  warnings.warn("Values in x were outside bounds during a "
[0.01::a0., 0.99::a1., 0.01::a2., 0.99::a3., 0.01::a4., 0.99::a5., 0.01::a6., 0.99::a7., 0.01::a8., 0.99::a9., 0.01::a10., 0.99::a11., 0.01::a12., 0.99::a13., 0.01::a14., 0.99::a15., 0.01::a16., 0.99::a17., 0.01::a18., 0.99::a19., qr:-not a0,not a2,not a4,not a6,not a8,not a10,not a12,not a14,not a16,not a18., qr:-a1,a3,a5,a7,a9,a11,a13,a15,a17,a19,not nqr., nqr:-a1,a3,a5,a7,a9,a11,a13,a15,a17,a19,not qr., query(qr).]
tracc
nnf_construction_time: 3.2521934509277344
Pre simplification
number of sums: 1791
number of prods: 5086
0.9801*v_12*(v_13*(v_14*(v_15*(v_16*v_20*v_21*v_22*(1.0*v_10*(v_3 - 1)*(v_6 - 1)*(v_8 - 1)*(v_9 - 1) - 1.0*v_3*(v_6 - 1)*(v_8 - 1)*(v_9 - 1) - 1.0*v_4*(v_10 - 1)*(v_3 - 1)*(v_6 - 1)*(v_8 - 1)*(v_9 - 1) + 1.0*v_5*(v_10 - 1)*(v_3 - 1)*(v_4 - 1)*(v_6 - 1)*(v_8 - 1)*(v_9 - 1) + 1.0*v_6 - 0.99*v_7*(v_10 - 1)*(v_3 - 1)*(v_4 - 1)*(v_5 - 1)*(v_6 - 1)*(v_8 - 1)*(v_9 - 1) - 1.0*v_8*(v_6 - 1) + 1.0*v_9*(v_6 - 1)*(v_8 - 1) + 0.0099*(v_10 - 1)*(v_3 - 1)*(v_4 - 1)*(v_5 - 1)*(v_6 - 1)*(v_7 - 1)*(v_8 - 1)*(v_9 - 1) - 0.01*(v_10 - 1)*(v_3 - 1)*(v_4 - 1)*(v_5 - 1)*(v_6 - 1)*(v_8 - 1)*(v_9 - 1)) - (v_10 - 1)*(v_3 - 1)*(v_4 - 1)*(v_5 - 1)*(v_6 - 1)*(v_7 - 1)*(v_8 - 1)*(v_9 - 1)*(-v_16*v_20*v_21*v_22 + v_16*v_20*v_21*(v_22 - 1) + v_20*v_21*(v_16 - 1) + v_20*(v_21 - 1) + v_20 - 1)) + (v_10 - 1)*(v_15 - 1)*(v_3 - 1)*(v_4 - 1)*(v_5 - 1)*(v_6 - 1)*(v_7 - 1)*(v_8 - 1)*(v_9 - 1)*(-v_16*v_20*v_21*v_22 + v_16*v_20*v_21*(v_22 - 1) + v_20*v_21*(v_16 - 1) + v_20*(v_21 - 1) + v_20 - 1)) + (v_10 - 1)*(v_14 - 1)*(v_3 - 1)*(v_4 - 1)*(v_5 - 1)*(v_6 - 1)*(v_7 - 1)*(v_8 - 1)*(v_9 - 1)*(-v_16*v_20*v_21*v_22 + v_16*v_20*v_21*(v_22 - 1) + v_20*v_21*(v_16 - 1) + v_20*(v_21 - 1) + v_20 - 1)) + (v_10 - 1)*(v_13 - 1)*(v_3 - 1)*(v_4 - 1)*(v_5 - 1)*(v_6 - 1)*(v_7 - 1)*(v_8 - 1)*(v_9 - 1)*(-v_16*v_20*v_21*v_22 + v_16*v_20*v_21*(v_22 - 1) + v_20*v_21*(v_16 - 1) + v_20*(v_21 - 1) + v_20 - 1)) + 0.9801*(v_10 - 1)*(v_12 - 1)*(v_3 - 1)*(v_4 - 1)*(v_5 - 1)*(v_6 - 1)*(v_7 - 1)*(v_8 - 1)*(v_9 - 1)*(-v_16*v_20*v_21*v_22 + v_16*v_20*v_21*(v_22 - 1) + v_20*v_21*(v_16 - 1) + v_20*(v_21 - 1) + v_20 - 1)
Post simplification
symp_time: 10.877086877822876
number of sums: 28
number of subs: 118
number of prods: 150
opt_time: 2.053684711456299
     fun: 7.199999999999998
     jac: array([1., 1., 1., 1., 1., 1., 1., 1., 1., 1., 1., 1., 1., 1., 1., 1.])
 message: 'Optimization terminated successfully'
    nfev: 2
     nit: 2
    njev: 2
  status: 0
 success: True
       x: array([0.89, 0.01, 0.89, 0.01, 0.89, 0.01, 0.89, 0.01, 0.89, 0.01, 0.89,
       0.01, 0.89, 0.01, 0.89, 0.01])

real	0m17.292s
user	0m16.519s
sys	0m0.585s
Instance 17
[INFO] aspmc: Tree Decomposition #bags: 23 unfolded treewidth: 3 #vertices: 25
[INFO] aspmc: Preprocessing disabled
[INFO] aspmc:    Stats Compilation
[INFO] aspmc: ------------------------------------------------------------
[INFO] aspmc: X/D-Constrained Tree Decomposition #bags: 32 treewidth: 10 #vertices: 51
[INFO] aspmc: Dtree time:               2.0299882888793945
[INFO] aspmc: Compilation time:         0.015590906143188477
[INFO] aspmc: Preparation time:         0.00010442733764648438
[INFO] aspmc: Counting time:            0.08359932899475098
[INFO] aspmc: ------------------------------------------------------------
[0.01::a0., 0.99::a1., 0.01::a2., 0.99::a3., 0.01::a4., 0.99::a5., 0.01::a6., 0.99::a7., 0.01::a8., 0.99::a9., 0.01::a10., 0.99::a11., 0.01::a12., 0.99::a13., 0.01::a14., 0.99::a15., 0.01::a16., 0.99::a17., 0.01::a18., 0.99::a19., qr:-not a0,not a2,not a4,not a6,not a8,not a10,not a12,not a14,not a16,not a18., qr:-a1,a3,a5,a7,a9,a11,a13,a15,a17,a19,not nqr., nqr:-a1,a3,a5,a7,a9,a11,a13,a15,a17,a19,not qr., query(qr).]
tracc
nnf_construction_time: 3.235049247741699
Pre simplification
number of sums: 1791
number of prods: 5086
v_12*(v_13*(v_14*(v_15*(0.9801*v_16*v_20*v_21*v_22*(1.0*v_10*(v_3 - 1)*(v_6 - 1)*(v_8 - 1)*(v_9 - 1) - 1.0*v_2*(v_10 - 1)*(v_3 - 1)*(v_4 - 1)*(v_5 - 1)*(v_6 - 1)*(v_8 - 1)*(v_9 - 1) - 1.0*v_3*(v_6 - 1)*(v_8 - 1)*(v_9 - 1) - 1.0*v_4*(v_10 - 1)*(v_3 - 1)*(v_6 - 1)*(v_8 - 1)*(v_9 - 1) + 1.0*v_5*(v_10 - 1)*(v_3 - 1)*(v_4 - 1)*(v_6 - 1)*(v_8 - 1)*(v_9 - 1) + 1.0*v_6 + 1.0*v_7*(v_10 - 1)*(v_2 - 1)*(v_3 - 1)*(v_4 - 1)*(v_5 - 1)*(v_6 - 1)*(v_8 - 1)*(v_9 - 1) - 1.0*v_8*(v_6 - 1) + 1.0*v_9*(v_6 - 1)*(v_8 - 1) - 0.01*(v_10 - 1)*(v_2 - 1)*(v_3 - 1)*(v_4 - 1)*(v_5 - 1)*(v_6 - 1)*(v_7 - 1)*(v_8 - 1)*(v_9 - 1)) + 0.99*(v_10 - 1)*(v_2 - 1)*(v_3 - 1)*(v_4 - 1)*(v_5 - 1)*(v_6 - 1)*(v_7 - 1)*(v_8 - 1)*(v_9 - 1)*(-v_16*v_20*v_21*v_22 + v_16*v_20*v_21*(v_22 - 1) + v_20*v_21*(v_16 - 1) + v_20*(v_21 - 1) + v_20 - 1)) - 0.99*(v_10 - 1)*(v_15 - 1)*(v_2 - 1)*(v_3 - 1)*(v_4 - 1)*(v_5 - 1)*(v_6 - 1)*(v_7 - 1)*(v_8 - 1)*(v_9 - 1)*(-v_16*v_20*v_21*v_22 + v_16*v_20*v_21*(v_22 - 1) + v_20*v_21*(v_16 - 1) + v_20*(v_21 - 1) + v_20 - 1)) - 0.99*(v_10 - 1)*(v_14 - 1)*(v_2 - 1)*(v_3 - 1)*(v_4 - 1)*(v_5 - 1)*(v_6 - 1)*(v_7 - 1)*(v_8 - 1)*(v_9 - 1)*(-v_16*v_20*v_21*v_22 + v_16*v_20*v_21*(v_22 - 1) + v_20*v_21*(v_16 - 1) + v_20*(v_21 - 1) + v_20 - 1)) - 0.99*(v_10 - 1)*(v_13 - 1)*(v_2 - 1)*(v_3 - 1)*(v_4 - 1)*(v_5 - 1)*(v_6 - 1)*(v_7 - 1)*(v_8 - 1)*(v_9 - 1)*(-v_16*v_20*v_21*v_22 + v_16*v_20*v_21*(v_22 - 1) + v_20*v_21*(v_16 - 1) + v_20*(v_21 - 1) + v_20 - 1)) + 0.99*(v_10 - 1)*(v_12 - 1)*(v_2 - 1)*(v_3 - 1)*(v_4 - 1)*(v_5 - 1)*(v_6 - 1)*(v_7 - 1)*(v_8 - 1)*(v_9 - 1)*(v_16*v_20*v_21*v_22 - v_16*v_20*v_21*(v_22 - 1) - v_20*v_21*(v_16 - 1) - v_20*(v_21 - 1) - v_20 + 1)
Post simplification
symp_time: 22.055681228637695
number of sums: 23
number of subs: 129
number of prods: 162
opt_time: 2.2286558151245117
     fun: 8.590000000067043
     jac: array([1., 1., 1., 1., 1., 1., 1., 1., 1., 1., 1., 1., 1., 1., 1., 1., 1.])
 message: 'Positive directional derivative for linesearch'
    nfev: 2
     nit: 6
    njev: 2
  status: 8
 success: False
       x: array([0.99, 0.01, 0.99, 0.01, 0.99, 0.01, 0.99, 0.01, 0.89, 0.01, 0.89,
       0.01, 0.89, 0.01, 0.89, 0.11, 0.89])

real	0m28.619s
user	0m27.816s
sys	0m0.639s
Instance 18
[INFO] aspmc: Tree Decomposition #bags: 23 unfolded treewidth: 3 #vertices: 25
[INFO] aspmc: Preprocessing disabled
[INFO] aspmc:    Stats Compilation
[INFO] aspmc: ------------------------------------------------------------
[INFO] aspmc: X/D-Constrained Tree Decomposition #bags: 32 treewidth: 10 #vertices: 51
[INFO] aspmc: Dtree time:               2.028029441833496
[INFO] aspmc: Compilation time:         0.01518869400024414
[INFO] aspmc: Preparation time:         9.775161743164062e-05
[INFO] aspmc: Counting time:            0.08109736442565918
[INFO] aspmc: ------------------------------------------------------------
/home/dazzolin/anaconda3/lib/python3.9/site-packages/scipy/optimize/optimize.py:282: RuntimeWarning: Values in x were outside bounds during a minimize step, clipping to bounds
  warnings.warn("Values in x were outside bounds during a "
[0.01::a0., 0.99::a1., 0.01::a2., 0.99::a3., 0.01::a4., 0.99::a5., 0.01::a6., 0.99::a7., 0.01::a8., 0.99::a9., 0.01::a10., 0.99::a11., 0.01::a12., 0.99::a13., 0.01::a14., 0.99::a15., 0.01::a16., 0.99::a17., 0.01::a18., 0.99::a19., qr:-not a0,not a2,not a4,not a6,not a8,not a10,not a12,not a14,not a16,not a18., qr:-a1,a3,a5,a7,a9,a11,a13,a15,a17,a19,not nqr., nqr:-a1,a3,a5,a7,a9,a11,a13,a15,a17,a19,not qr., query(qr).]
tracc
nnf_construction_time: 3.229121208190918
Pre simplification
number of sums: 1791
number of prods: 5086
0.99*v_12*(v_13*(v_14*(v_15*(v_16*v_19*v_20*v_21*v_22*(1.0*v_10*(v_3 - 1)*(v_6 - 1)*(v_8 - 1)*(v_9 - 1) - 1.0*v_2*(v_10 - 1)*(v_3 - 1)*(v_4 - 1)*(v_5 - 1)*(v_6 - 1)*(v_8 - 1)*(v_9 - 1) - 1.0*v_3*(v_6 - 1)*(v_8 - 1)*(v_9 - 1) - 1.0*v_4*(v_10 - 1)*(v_3 - 1)*(v_6 - 1)*(v_8 - 1)*(v_9 - 1) + 1.0*v_5*(v_10 - 1)*(v_3 - 1)*(v_4 - 1)*(v_6 - 1)*(v_8 - 1)*(v_9 - 1) + 1.0*v_6 + 1.0*v_7*(v_10 - 1)*(v_2 - 1)*(v_3 - 1)*(v_4 - 1)*(v_5 - 1)*(v_6 - 1)*(v_8 - 1)*(v_9 - 1) - 1.0*v_8*(v_6 - 1) + 1.0*v_9*(v_6 - 1)*(v_8 - 1) - 0.01*(v_10 - 1)*(v_2 - 1)*(v_3 - 1)*(v_4 - 1)*(v_5 - 1)*(v_6 - 1)*(v_7 - 1)*(v_8 - 1)*(v_9 - 1)) + (v_10 - 1)*(v_2 - 1)*(v_3 - 1)*(v_4 - 1)*(v_5 - 1)*(v_6 - 1)*(v_7 - 1)*(v_8 - 1)*(v_9 - 1)*(-v_16*v_19*v_20*v_21*v_22 + v_16*v_20*v_21*v_22*(v_19 - 1) + v_16*v_20*v_21*(v_22 - 1) + v_20*v_21*(v_16 - 1) + v_20*(v_21 - 1) + v_20 - 1)) - (v_10 - 1)*(v_15 - 1)*(v_2 - 1)*(v_3 - 1)*(v_4 - 1)*(v_5 - 1)*(v_6 - 1)*(v_7 - 1)*(v_8 - 1)*(v_9 - 1)*(-v_16*v_19*v_20*v_21*v_22 + v_16*v_20*v_21*v_22*(v_19 - 1) + v_16*v_20*v_21*(v_22 - 1) + v_20*v_21*(v_16 - 1) + v_20*(v_21 - 1) + v_20 - 1)) - (v_10 - 1)*(v_14 - 1)*(v_2 - 1)*(v_3 - 1)*(v_4 - 1)*(v_5 - 1)*(v_6 - 1)*(v_7 - 1)*(v_8 - 1)*(v_9 - 1)*(-v_16*v_19*v_20*v_21*v_22 + v_16*v_20*v_21*v_22*(v_19 - 1) + v_16*v_20*v_21*(v_22 - 1) + v_20*v_21*(v_16 - 1) + v_20*(v_21 - 1) + v_20 - 1)) - (v_10 - 1)*(v_13 - 1)*(v_2 - 1)*(v_3 - 1)*(v_4 - 1)*(v_5 - 1)*(v_6 - 1)*(v_7 - 1)*(v_8 - 1)*(v_9 - 1)*(-v_16*v_19*v_20*v_21*v_22 + v_16*v_20*v_21*v_22*(v_19 - 1) + v_16*v_20*v_21*(v_22 - 1) + v_20*v_21*(v_16 - 1) + v_20*(v_21 - 1) + v_20 - 1)) + 0.99*(v_10 - 1)*(v_12 - 1)*(v_2 - 1)*(v_3 - 1)*(v_4 - 1)*(v_5 - 1)*(v_6 - 1)*(v_7 - 1)*(v_8 - 1)*(v_9 - 1)*(v_16*v_19*v_20*v_21*v_22 - v_16*v_20*v_21*v_22*(v_19 - 1) - v_16*v_20*v_21*(v_22 - 1) - v_20*v_21*(v_16 - 1) - v_20*(v_21 - 1) - v_20 + 1)
Post simplification
symp_time: 20.65874719619751
number of sums: 27
number of subs: 135
number of prods: 184
opt_time: 2.41758131980896
     fun: 8.1
     jac: array([1., 1., 1., 1., 1., 1., 1., 1., 1., 1., 1., 1., 1., 1., 1., 1., 1.,
       1.])
 message: 'Optimization terminated successfully'
    nfev: 2
     nit: 2
    njev: 2
  status: 0
 success: True
       x: array([0.89, 0.01, 0.89, 0.01, 0.89, 0.01, 0.89, 0.01, 0.89, 0.01, 0.89,
       0.01, 0.89, 0.01, 0.89, 0.01, 0.89, 0.01])

real	0m27.462s
user	0m26.622s
sys	0m0.656s
Instance 19
[INFO] aspmc: Tree Decomposition #bags: 23 unfolded treewidth: 3 #vertices: 25
[INFO] aspmc: Preprocessing disabled
[INFO] aspmc:    Stats Compilation
[INFO] aspmc: ------------------------------------------------------------
[INFO] aspmc: X/D-Constrained Tree Decomposition #bags: 32 treewidth: 10 #vertices: 51
[INFO] aspmc: Dtree time:               2.026472568511963
[INFO] aspmc: Compilation time:         0.01521158218383789
[INFO] aspmc: Preparation time:         0.00010704994201660156
[INFO] aspmc: Counting time:            0.08053374290466309
[INFO] aspmc: ------------------------------------------------------------
/home/dazzolin/anaconda3/lib/python3.9/site-packages/scipy/optimize/optimize.py:282: RuntimeWarning: Values in x were outside bounds during a minimize step, clipping to bounds
  warnings.warn("Values in x were outside bounds during a "
[0.01::a0., 0.99::a1., 0.01::a2., 0.99::a3., 0.01::a4., 0.99::a5., 0.01::a6., 0.99::a7., 0.01::a8., 0.99::a9., 0.01::a10., 0.99::a11., 0.01::a12., 0.99::a13., 0.01::a14., 0.99::a15., 0.01::a16., 0.99::a17., 0.01::a18., 0.99::a19., qr:-not a0,not a2,not a4,not a6,not a8,not a10,not a12,not a14,not a16,not a18., qr:-a1,a3,a5,a7,a9,a11,a13,a15,a17,a19,not nqr., nqr:-a1,a3,a5,a7,a9,a11,a13,a15,a17,a19,not qr., query(qr).]
tracc
nnf_construction_time: 3.2283129692077637
Pre simplification
number of sums: 1791
number of prods: 5086
v_12*(v_13*(-v_14*(v_15*(0.99*v_16*v_19*v_20*v_21*v_22*(v_1*(v_10 - 1)*(v_2 - 1)*(v_3 - 1)*(v_4 - 1)*(v_5 - 1)*(v_6 - 1)*(v_7 - 1)*(v_8 - 1)*(v_9 - 1) - v_10*(v_3 - 1)*(v_6 - 1)*(v_8 - 1)*(v_9 - 1) + v_2*(v_10 - 1)*(v_3 - 1)*(v_4 - 1)*(v_5 - 1)*(v_6 - 1)*(v_8 - 1)*(v_9 - 1) + v_3*(v_6 - 1)*(v_8 - 1)*(v_9 - 1) + v_4*(v_10 - 1)*(v_3 - 1)*(v_6 - 1)*(v_8 - 1)*(v_9 - 1) - v_5*(v_10 - 1)*(v_3 - 1)*(v_4 - 1)*(v_6 - 1)*(v_8 - 1)*(v_9 - 1) - v_6 - v_7*(v_10 - 1)*(v_2 - 1)*(v_3 - 1)*(v_4 - 1)*(v_5 - 1)*(v_6 - 1)*(v_8 - 1)*(v_9 - 1) + v_8*(v_6 - 1) - v_9*(v_6 - 1)*(v_8 - 1)) + 1.0*(v_1 - 1)*(v_10 - 1)*(v_2 - 1)*(v_3 - 1)*(v_4 - 1)*(v_5 - 1)*(v_6 - 1)*(v_7 - 1)*(v_8 - 1)*(v_9 - 1)*(-v_16*v_19*v_20*v_21*v_22 + v_16*v_20*v_21*v_22*(v_19 - 1) + v_16*v_20*v_21*(v_22 - 1) + v_20*v_21*(v_16 - 1) + v_20*(v_21 - 1) + v_20 - 1)) - 1.0*(v_1 - 1)*(v_10 - 1)*(v_15 - 1)*(v_2 - 1)*(v_3 - 1)*(v_4 - 1)*(v_5 - 1)*(v_6 - 1)*(v_7 - 1)*(v_8 - 1)*(v_9 - 1)*(-v_16*v_19*v_20*v_21*v_22 + v_16*v_20*v_21*v_22*(v_19 - 1) + v_16*v_20*v_21*(v_22 - 1) + v_20*v_21*(v_16 - 1) + v_20*(v_21 - 1) + v_20 - 1)) + 1.0*(v_1 - 1)*(v_10 - 1)*(v_14 - 1)*(v_2 - 1)*(v_3 - 1)*(v_4 - 1)*(v_5 - 1)*(v_6 - 1)*(v_7 - 1)*(v_8 - 1)*(v_9 - 1)*(-v_16*v_19*v_20*v_21*v_22 + v_16*v_20*v_21*v_22*(v_19 - 1) + v_16*v_20*v_21*(v_22 - 1) + v_20*v_21*(v_16 - 1) + v_20*(v_21 - 1) + v_20 - 1)) + 1.0*(v_1 - 1)*(v_10 - 1)*(v_13 - 1)*(v_2 - 1)*(v_3 - 1)*(v_4 - 1)*(v_5 - 1)*(v_6 - 1)*(v_7 - 1)*(v_8 - 1)*(v_9 - 1)*(-v_16*v_19*v_20*v_21*v_22 + v_16*v_20*v_21*v_22*(v_19 - 1) + v_16*v_20*v_21*(v_22 - 1) + v_20*v_21*(v_16 - 1) + v_20*(v_21 - 1) + v_20 - 1)) + 1.0*(v_1 - 1)*(v_10 - 1)*(v_12 - 1)*(v_2 - 1)*(v_3 - 1)*(v_4 - 1)*(v_5 - 1)*(v_6 - 1)*(v_7 - 1)*(v_8 - 1)*(v_9 - 1)*(-v_16*v_19*v_20*v_21*v_22 + v_16*v_20*v_21*v_22*(v_19 - 1) + v_16*v_20*v_21*(v_22 - 1) + v_20*v_21*(v_16 - 1) + v_20*(v_21 - 1) + v_20 - 1)
Post simplification
symp_time: 42.823362588882446
number of sums: 33
number of subs: 136
number of prods: 184
opt_time: 4.670922756195068
     fun: 8.989999999999998
     jac: array([1., 1., 1., 1., 1., 1., 1., 1., 1., 1., 1., 1., 1., 1., 1., 1., 1.,
       1., 1.])
 message: 'Positive directional derivative for linesearch'
    nfev: 14
     nit: 12
    njev: 4
  status: 8
 success: False
       x: array([0.89, 0.01, 0.89, 0.01, 0.89, 0.01, 0.89, 0.01, 0.89, 0.01, 0.89,
       0.01, 0.89, 0.01, 0.89, 0.01, 0.89, 0.01, 0.89])

real	0m51.878s
user	0m51.059s
sys	0m0.620s
Instance 20
[INFO] aspmc: Tree Decomposition #bags: 23 unfolded treewidth: 3 #vertices: 25
[INFO] aspmc: Preprocessing disabled
[INFO] aspmc:    Stats Compilation
[INFO] aspmc: ------------------------------------------------------------
[INFO] aspmc: X/D-Constrained Tree Decomposition #bags: 32 treewidth: 10 #vertices: 51
[INFO] aspmc: Dtree time:               2.026870012283325
[INFO] aspmc: Compilation time:         0.01624441146850586
[INFO] aspmc: Preparation time:         9.965896606445312e-05
[INFO] aspmc: Counting time:            0.08020162582397461
[INFO] aspmc: ------------------------------------------------------------
/home/dazzolin/anaconda3/lib/python3.9/site-packages/scipy/optimize/optimize.py:282: RuntimeWarning: Values in x were outside bounds during a minimize step, clipping to bounds
  warnings.warn("Values in x were outside bounds during a "
[0.01::a0., 0.99::a1., 0.01::a2., 0.99::a3., 0.01::a4., 0.99::a5., 0.01::a6., 0.99::a7., 0.01::a8., 0.99::a9., 0.01::a10., 0.99::a11., 0.01::a12., 0.99::a13., 0.01::a14., 0.99::a15., 0.01::a16., 0.99::a17., 0.01::a18., 0.99::a19., qr:-not a0,not a2,not a4,not a6,not a8,not a10,not a12,not a14,not a16,not a18., qr:-a1,a3,a5,a7,a9,a11,a13,a15,a17,a19,not nqr., nqr:-a1,a3,a5,a7,a9,a11,a13,a15,a17,a19,not qr., query(qr).]
tracc
nnf_construction_time: 3.2292985916137695
Pre simplification
number of sums: 1791
number of prods: 5086
v_12*(v_13*(v_14*(-v_15*(v_18*(v_16*v_19*v_20*v_21*v_22*(v_1*(v_10 - 1)*(v_2 - 1)*(v_3 - 1)*(v_4 - 1)*(v_5 - 1)*(v_6 - 1)*(v_7 - 1)*(v_8 - 1)*(v_9 - 1) - v_10*(v_3 - 1)*(v_6 - 1)*(v_8 - 1)*(v_9 - 1) + v_2*(v_10 - 1)*(v_3 - 1)*(v_4 - 1)*(v_5 - 1)*(v_6 - 1)*(v_8 - 1)*(v_9 - 1) + v_3*(v_6 - 1)*(v_8 - 1)*(v_9 - 1) + v_4*(v_10 - 1)*(v_3 - 1)*(v_6 - 1)*(v_8 - 1)*(v_9 - 1) - v_5*(v_10 - 1)*(v_3 - 1)*(v_4 - 1)*(v_6 - 1)*(v_8 - 1)*(v_9 - 1) - v_6 - v_7*(v_10 - 1)*(v_2 - 1)*(v_3 - 1)*(v_4 - 1)*(v_5 - 1)*(v_6 - 1)*(v_8 - 1)*(v_9 - 1) + v_8*(v_6 - 1) - v_9*(v_6 - 1)*(v_8 - 1)) + (v_1 - 1)*(v_10 - 1)*(v_2 - 1)*(v_3 - 1)*(v_4 - 1)*(v_5 - 1)*(v_6 - 1)*(v_7 - 1)*(v_8 - 1)*(v_9 - 1)*(-v_16*v_19*v_20*v_21*v_22 + v_16*v_20*v_21*v_22*(v_19 - 1) + v_16*v_20*v_21*(v_22 - 1) + v_20*v_21*(v_16 - 1) + v_20*(v_21 - 1) + v_20 - 1)) - (v_1 - 1)*(v_10 - 1)*(v_18 - 1)*(v_2 - 1)*(v_3 - 1)*(v_4 - 1)*(v_5 - 1)*(v_6 - 1)*(v_7 - 1)*(v_8 - 1)*(v_9 - 1)*(-v_16*v_19*v_20*v_21*v_22 + v_16*v_20*v_21*v_22*(v_19 - 1) + v_16*v_20*v_21*(v_22 - 1) + v_20*v_21*(v_16 - 1) + v_20*(v_21 - 1) + v_20 - 1)) + (v_1 - 1)*(v_10 - 1)*(v_15 - 1)*(v_2 - 1)*(v_3 - 1)*(v_4 - 1)*(v_5 - 1)*(v_6 - 1)*(v_7 - 1)*(v_8 - 1)*(v_9 - 1)*(-v_16*v_19*v_20*v_21*v_22 + v_16*v_20*v_21*v_22*(v_19 - 1) + v_16*v_20*v_21*(v_22 - 1) + v_20*v_21*(v_16 - 1) + v_20*(v_21 - 1) + v_20 - 1)) + (v_1 - 1)*(v_10 - 1)*(v_14 - 1)*(v_2 - 1)*(v_3 - 1)*(v_4 - 1)*(v_5 - 1)*(v_6 - 1)*(v_7 - 1)*(v_8 - 1)*(v_9 - 1)*(-v_16*v_19*v_20*v_21*v_22 + v_16*v_20*v_21*v_22*(v_19 - 1) + v_16*v_20*v_21*(v_22 - 1) + v_20*v_21*(v_16 - 1) + v_20*(v_21 - 1) + v_20 - 1)) + (v_1 - 1)*(v_10 - 1)*(v_13 - 1)*(v_2 - 1)*(v_3 - 1)*(v_4 - 1)*(v_5 - 1)*(v_6 - 1)*(v_7 - 1)*(v_8 - 1)*(v_9 - 1)*(-v_16*v_19*v_20*v_21*v_22 + v_16*v_20*v_21*v_22*(v_19 - 1) + v_16*v_20*v_21*(v_22 - 1) + v_20*v_21*(v_16 - 1) + v_20*(v_21 - 1) + v_20 - 1)) + (v_1 - 1)*(v_10 - 1)*(v_12 - 1)*(v_2 - 1)*(v_3 - 1)*(v_4 - 1)*(v_5 - 1)*(v_6 - 1)*(v_7 - 1)*(v_8 - 1)*(v_9 - 1)*(-v_16*v_19*v_20*v_21*v_22 + v_16*v_20*v_21*v_22*(v_19 - 1) + v_16*v_20*v_21*(v_22 - 1) + v_20*v_21*(v_16 - 1) + v_20*(v_21 - 1) + v_20 - 1)
Post simplification
symp_time: 26.815271139144897
number of sums: 39
number of subs: 153
number of prods: 204
opt_time: 2.101012706756592
     fun: 9.000000000011017
     jac: array([1., 1., 1., 1., 1., 1., 1., 1., 1., 1., 1., 1., 1., 1., 1., 1., 1.,
       1., 1., 1.])
 message: 'Optimization terminated successfully'
    nfev: 2
     nit: 2
    njev: 2
  status: 0
 success: True
       x: array([0.89, 0.01, 0.89, 0.01, 0.89, 0.01, 0.89, 0.01, 0.89, 0.01, 0.89,
       0.01, 0.89, 0.01, 0.89, 0.01, 0.89, 0.01, 0.89, 0.01])

real	0m33.441s
user	0m32.468s
sys	0m0.628s
Ended at: 
Sat Dec  9 09:23:38 CET 2023
