Started at: 
Sat Dec  9 12:04:44 CET 2023
Computing answer sets
Answer set generation time: 0.3464694023132324 s
number of sums: 2047
number of prods: 20480
Starting optimization
     fun: 0.5499999999999978
   maxcv: 2.636779683484747e-16
 message: 'Optimization terminated successfully.'
    nfev: 70
  status: 1
 success: True
       x: array([0.05, 0.05, 0.05, 0.05, 0.05, 0.05, 0.05, 0.05, 0.05, 0.05, 0.05])
Optimization time: 164.75091814994812 s
Target equation: 1.0000000000000218
Sum of optimizable facts = 0.5499999999999978
Optimal probabilities
[0.05 0.05 0.05 0.05 0.05 0.05 0.05 0.05 0.05 0.05 0.05]

real	2m46.476s
user	2m45.574s
sys	0m0.622s
Ended at: 
Sat Dec  9 12:07:31 CET 2023
