Started at: 
Sat Dec  9 12:04:46 CET 2023
Instance 9
Computing answer sets
Answer set generation time: 0.3630836009979248 s
number of sums: 2047
number of prods: 20480
Starting optimization
     fun: 0.5499999999999997
   maxcv: 1.1102230246251565e-16
 message: 'Optimization terminated successfully.'
    nfev: 74
  status: 1
 success: True
       x: array([0.05, 0.05, 0.05, 0.05, 0.05, 0.05, 0.05, 0.05, 0.05, 0.05, 0.05])
Optimization time: 170.6752655506134 s
Target equation: 1.000000000000021
Sum of optimizable facts = 0.5499999999999997
Optimal probabilities
[0.05 0.05 0.05 0.05 0.05 0.05 0.05 0.05 0.05 0.05 0.05]

real	2m52.411s
user	2m51.578s
sys	0m0.625s
Ended at: 
Sat Dec  9 12:07:38 CET 2023
