Started at: 
Sat Dec  9 12:04:45 CET 2023
Instance 8
Computing answer sets
Answer set generation time: 0.16991710662841797 s
number of sums: 1023
number of prods: 9216
Starting optimization
     fun: 0.4999999999999997
   maxcv: 1.8041124150158794e-16
 message: 'Optimization terminated successfully.'
    nfev: 66
  status: 1
 success: True
       x: array([0.05, 0.05, 0.05, 0.05, 0.05, 0.05, 0.05, 0.05, 0.05, 0.05])
Optimization time: 60.97087812423706 s
Target equation: 1.000000000000021
Sum of optimizable facts = 0.4999999999999997
Optimal probabilities
[0.05 0.05 0.05 0.05 0.05 0.05 0.05 0.05 0.05 0.05]

real	1m2.464s
user	1m1.896s
sys	0m0.314s
Ended at: 
Sat Dec  9 12:05:48 CET 2023
