Started at: 
Sat Dec  9 12:04:46 CET 2023
Instance 8
Computing answer sets
Answer set generation time: 0.17018795013427734 s
number of sums: 1023
number of prods: 9216
Starting optimization
     fun: 0.5000000000000046
     jac: array([1., 1., 1., 1., 1., 1., 1., 1., 1., 1.])
 message: 'Optimization terminated successfully'
    nfev: 2
     nit: 2
    njev: 2
  status: 0
 success: True
       x: array([0.05, 0.05, 0.05, 0.05, 0.05, 0.05, 0.05, 0.05, 0.05, 0.05])
Optimization time: 290.2257516384125 s
Target equation: 1.00000000000002
Sum of optimizable facts = 0.5000000000000046
Optimal probabilities
[0.05 0.05 0.05 0.05 0.05 0.05 0.05 0.05 0.05 0.05]

real	4m51.947s
user	4m51.133s
sys	0m0.391s
Ended at: 
Sat Dec  9 12:09:38 CET 2023
