Started at: 
Sat Dec  9 12:04:45 CET 2023
Instance 7
Computing answer sets
Answer set generation time: 0.09146666526794434 s
number of sums: 511
number of prods: 4096
Starting optimization
     fun: 0.44999999999999624
   maxcv: 4.579669976578771e-16
 message: 'Optimization terminated successfully.'
    nfev: 58
  status: 1
 success: True
       x: array([0.05, 0.05, 0.05, 0.05, 0.05, 0.05, 0.05, 0.05, 0.05])
Optimization time: 23.369803428649902 s
Target equation: 0.9999999999999806
Sum of optimizable facts = 0.44999999999999624
Optimal probabilities
[0.05 0.05 0.05 0.05 0.05 0.05 0.05 0.05 0.05]

real	0m24.756s
user	0m24.350s
sys	0m0.207s
Ended at: 
Sat Dec  9 12:05:10 CET 2023
