Started at: 
Sat Dec  9 12:04:46 CET 2023
Computing answer sets
Answer set generation time: 0.3679828643798828 s
number of sums: 2047
number of prods: 20480
Starting optimization
     fun: 0.5500000000000056
     jac: array([1., 1., 1., 1., 1., 1., 1., 1., 1., 1., 1.])
 message: 'Optimization terminated successfully'
    nfev: 2
     nit: 2
    njev: 2
  status: 0
 success: True
       x: array([0.05, 0.05, 0.05, 0.05, 0.05, 0.05, 0.05, 0.05, 0.05, 0.05, 0.05])
Optimization time: 622.1961388587952 s
Target equation: 1.0000000000000193
Sum of optimizable facts = 0.5500000000000056
Optimal probabilities
[0.05 0.05 0.05 0.05 0.05 0.05 0.05 0.05 0.05 0.05 0.05]

real	10m24.266s
user	10m22.599s
sys	0m0.795s
Ended at: 
Sat Dec  9 12:15:11 CET 2023
