Started at: 
Sat Dec  9 12:04:44 CET 2023
Computing answer sets
Answer set generation time: 0.08821630477905273 s
number of sums: 511
number of prods: 4096
Starting optimization
     fun: 0.45000000000000007
   maxcv: 3.469446951953614e-17
 message: 'Optimization terminated successfully.'
    nfev: 62
  status: 1
 success: True
       x: array([0.05, 0.05, 0.05, 0.05, 0.05, 0.05, 0.05, 0.05, 0.05])
Optimization time: 24.568877935409546 s
Target equation: 0.9999999999999836
Sum of optimizable facts = 0.45000000000000007
Optimal probabilities
[0.05 0.05 0.05 0.05 0.05 0.05 0.05 0.05 0.05]

real	0m25.900s
user	0m25.561s
sys	0m0.203s
Ended at: 
Sat Dec  9 12:05:10 CET 2023
