Started at: 
Mon Dec 11 17:10:16 CET 2023
instance 2
Computing answer sets
Answer set generation time: 0.12329721450805664 s
number of sums: 62
number of prods: 567
Starting optimization
     fun: 0.9000000000000004
     jac: array([1., 1.])
 message: 'Optimization terminated successfully'
    nfev: 2
     nit: 2
    njev: 2
  status: 0
 success: True
       x: array([0.01, 0.89])
Optimization time: 0.319533109664917 s
Target equation: 0.992890148539559
Sum of optimizable facts = 0.9000000000000004
Optimal probabilities
[0.01 0.89]

real	0m1.918s
user	0m1.468s
sys	0m0.197s
instance 3
Computing answer sets
Answer set generation time: 0.12758684158325195 s
number of sums: 62
number of prods: 567
Starting optimization
     fun: 0.9100000000000007
     jac: array([1., 1., 1.])
 message: 'Optimization terminated successfully'
    nfev: 2
     nit: 2
    njev: 2
  status: 0
 success: True
       x: array([0.01, 0.89, 0.01])
Optimization time: 0.44480061531066895 s
Target equation: 0.9928901485395589
Sum of optimizable facts = 0.9100000000000007
Optimal probabilities
[0.01 0.89 0.01]

real	0m1.789s
user	0m1.491s
sys	0m0.166s
instance 4
Computing answer sets
Answer set generation time: 0.13297200202941895 s
number of sums: 62
number of prods: 567
Starting optimization
     fun: 1.8000000000000003
     jac: array([1., 1., 1., 1.])
 message: 'Optimization terminated successfully'
    nfev: 2
     nit: 2
    njev: 2
  status: 0
 success: True
       x: array([0.01, 0.89, 0.01, 0.89])
Optimization time: 0.6632137298583984 s
Target equation: 0.9886578153436443
Sum of optimizable facts = 1.8000000000000003
Optimal probabilities
[0.01 0.89 0.01 0.89]

real	0m1.997s
user	0m1.650s
sys	0m0.204s
instance 5
/home/dazzolin/anaconda3/lib/python3.9/site-packages/scipy/optimize/optimize.py:282: RuntimeWarning: Values in x were outside bounds during a minimize step, clipping to bounds
  warnings.warn("Values in x were outside bounds during a "
Computing answer sets
Answer set generation time: 0.13671398162841797 s
number of sums: 62
number of prods: 567
Starting optimization
     fun: 1.810000000000001
     jac: array([1., 1., 1., 1., 1.])
 message: 'Optimization terminated successfully'
    nfev: 2
     nit: 2
    njev: 2
  status: 0
 success: True
       x: array([0.01, 0.89, 0.01, 0.89, 0.01])
Optimization time: 1.1907544136047363 s
Target equation: 0.9886578153436442
Sum of optimizable facts = 1.810000000000001
Optimal probabilities
[0.01 0.89 0.01 0.89 0.01]

real	0m2.536s
user	0m2.165s
sys	0m0.231s
instance 6
Computing answer sets
Answer set generation time: 0.1294536590576172 s
number of sums: 62
number of prods: 567
Starting optimization
     fun: 2.7000000000000046
     jac: array([1., 1., 1., 1., 1., 1.])
 message: 'Optimization terminated successfully'
    nfev: 2
     nit: 2
    njev: 2
  status: 0
 success: True
       x: array([0.01, 0.89, 0.01, 0.89, 0.01, 0.89])
Optimization time: 1.9390552043914795 s
Target equation: 0.9848529905513567
Sum of optimizable facts = 2.7000000000000046
Optimal probabilities
[0.01 0.89 0.01 0.89 0.01 0.89]

real	0m3.277s
user	0m2.893s
sys	0m0.236s
instance 7
/home/dazzolin/anaconda3/lib/python3.9/site-packages/scipy/optimize/optimize.py:282: RuntimeWarning: Values in x were outside bounds during a minimize step, clipping to bounds
  warnings.warn("Values in x were outside bounds during a "
Computing answer sets
Answer set generation time: 0.12360334396362305 s
number of sums: 62
number of prods: 567
Starting optimization
     fun: 2.7100000000000004
     jac: array([1., 1., 1., 1., 1., 1., 1.])
 message: 'Optimization terminated successfully'
    nfev: 2
     nit: 2
    njev: 2
  status: 0
 success: True
       x: array([0.01, 0.89, 0.01, 0.89, 0.01, 0.89, 0.01])
Optimization time: 3.7347466945648193 s
Target equation: 0.9848529905513571
Sum of optimizable facts = 2.7100000000000004
Optimal probabilities
[0.01 0.89 0.01 0.89 0.01 0.89 0.01]

real	0m5.062s
user	0m4.716s
sys	0m0.212s
instance 8
Computing answer sets
Answer set generation time: 0.12508010864257812 s
number of sums: 62
number of prods: 567
Starting optimization
     fun: 3.600000000000003
     jac: array([1., 1., 1., 1., 1., 1., 1., 1.])
 message: 'Optimization terminated successfully'
    nfev: 2
     nit: 2
    njev: 2
  status: 0
 success: True
       x: array([0.01, 0.89, 0.01, 0.89, 0.01, 0.89, 0.01, 0.89])
Optimization time: 7.930795192718506 s
Target equation: 0.981432491495664
Sum of optimizable facts = 3.600000000000003
Optimal probabilities
[0.01 0.89 0.01 0.89 0.01 0.89 0.01 0.89]

real	0m9.232s
user	0m8.919s
sys	0m0.172s
instance 9
Computing answer sets
Answer set generation time: 0.12331414222717285 s
number of sums: 62
number of prods: 567
Starting optimization
     fun: 3.610000000000005
     jac: array([1., 1., 1., 1., 1., 1., 1., 1., 1.])
 message: 'Optimization terminated successfully'
    nfev: 2
     nit: 2
    njev: 2
  status: 0
 success: True
       x: array([0.01, 0.89, 0.01, 0.89, 0.01, 0.89, 0.01, 0.89, 0.01])
Optimization time: 17.381003379821777 s
Target equation: 0.9814324914956638
Sum of optimizable facts = 3.610000000000005
Optimal probabilities
[0.01 0.89 0.01 0.89 0.01 0.89 0.01 0.89 0.01]

real	0m18.660s
user	0m18.305s
sys	0m0.227s
Ended at: 
Mon Dec 11 17:11:01 CET 2023
