Started at: 
Mon Dec 11 17:10:17 CET 2023
instance 2
Computing answer sets
Answer set generation time: 176.00632429122925 s
number of sums: 2046
number of prods: 38893
Starting optimization
     fun: 0.9
   maxcv: 0.0
 message: 'Optimization terminated successfully.'
    nfev: 14
  status: 1
 success: True
       x: array([0.01, 0.89])
Optimization time: 4.954581260681152 s
Target equation: 0.9821223500555812
Sum of optimizable facts = 0.9
Optimal probabilities
[0.01 0.89]

real	3m2.686s
user	3m1.871s
sys	0m0.589s
instance 3
Computing answer sets
Answer set generation time: 172.4631245136261 s
number of sums: 2046
number of prods: 38893
Starting optimization
     fun: 0.91
   maxcv: 0.0
 message: 'Optimization terminated successfully.'
    nfev: 20
  status: 1
 success: True
       x: array([0.01, 0.89, 0.01])
Optimization time: 6.163810729980469 s
Target equation: 0.9821223500555812
Sum of optimizable facts = 0.91
Optimal probabilities
[0.01 0.89 0.01]

real	3m0.233s
user	2m59.437s
sys	0m0.571s
instance 4
Computing answer sets
Answer set generation time: 168.64361023902893 s
number of sums: 2046
number of prods: 38893
Starting optimization
     fun: 1.8
   maxcv: 0.0
 message: 'Optimization terminated successfully.'
    nfev: 26
  status: 1
 success: True
       x: array([0.01, 0.89, 0.01, 0.89])
Optimization time: 8.163543462753296 s
Target equation: 0.9742697970205376
Sum of optimizable facts = 1.8
Optimal probabilities
[0.01 0.89 0.01 0.89]

real	2m58.393s
user	2m57.595s
sys	0m0.540s
instance 5
Computing answer sets
Answer set generation time: 169.25078320503235 s
number of sums: 2046
number of prods: 38893
Starting optimization
     fun: 1.8099999999999998
   maxcv: 1.1102230246251565e-16
 message: 'Optimization terminated successfully.'
    nfev: 33
  status: 1
 success: True
       x: array([0.01, 0.89, 0.01, 0.89, 0.01])
Optimization time: 11.225115060806274 s
Target equation: 0.9742697970205374
Sum of optimizable facts = 1.8099999999999998
Optimal probabilities
[0.01 0.89 0.01 0.89 0.01]

real	3m2.115s
user	3m1.281s
sys	0m0.527s
instance 6
Computing answer sets
Answer set generation time: 169.76067757606506 s
number of sums: 2046
number of prods: 38893
Starting optimization
     fun: 2.7
   maxcv: 0.0
 message: 'Optimization terminated successfully.'
    nfev: 38
  status: 1
 success: True
       x: array([0.01, 0.89, 0.01, 0.89, 0.01, 0.89])
Optimization time: 14.465967178344727 s
Target equation: 0.9672104311607735
Sum of optimizable facts = 2.7
Optimal probabilities
[0.01 0.89 0.01 0.89 0.01 0.89]

real	3m6.058s
user	3m5.033s
sys	0m0.612s
instance 7
Computing answer sets
Answer set generation time: 167.57730221748352 s
number of sums: 2046
number of prods: 38893
Starting optimization
     fun: 2.709999999999999
   maxcv: 1.5785983631388945e-16
 message: 'Optimization terminated successfully.'
    nfev: 44
  status: 1
 success: True
       x: array([0.01, 0.89, 0.01, 0.89, 0.01, 0.89, 0.01])
Optimization time: 18.933671712875366 s
Target equation: 0.9672104311607735
Sum of optimizable facts = 2.709999999999999
Optimal probabilities
[0.01 0.89 0.01 0.89 0.01 0.89 0.01]

real	3m8.137s
user	3m7.327s
sys	0m0.555s
instance 8
Computing answer sets
Answer set generation time: 168.66543674468994 s
number of sums: 2046
number of prods: 38893
Starting optimization
     fun: 3.6000000000000005
   maxcv: 0.0
 message: 'Optimization terminated successfully.'
    nfev: 50
  status: 1
 success: True
       x: array([0.01, 0.89, 0.01, 0.89, 0.01, 0.89, 0.01, 0.89])
Optimization time: 25.835825443267822 s
Target equation: 0.9608641325595595
Sum of optimizable facts = 3.6000000000000005
Optimal probabilities
[0.01 0.89 0.01 0.89 0.01 0.89 0.01 0.89]

real	3m16.301s
user	3m15.268s
sys	0m0.606s
instance 9
Computing answer sets
Answer set generation time: 167.3337540626526 s
number of sums: 2046
number of prods: 38893
Starting optimization
     fun: 3.61
   maxcv: 1.1102230246251565e-16
 message: 'Optimization terminated successfully.'
    nfev: 57
  status: 1
 success: True
       x: array([0.01, 0.89, 0.01, 0.89, 0.01, 0.89, 0.01, 0.89, 0.01])
Optimization time: 33.06171488761902 s
Target equation: 0.9608641325595592
Sum of optimizable facts = 3.61
Optimal probabilities
[0.01 0.89 0.01 0.89 0.01 0.89 0.01 0.89 0.01]

real	3m22.222s
user	3m21.197s
sys	0m0.588s
instance 10
Computing answer sets
Answer set generation time: 163.329749584198 s
number of sums: 2046
number of prods: 38893
Starting optimization
     fun: 4.5
   maxcv: 1.9081958235744878e-17
 message: 'Optimization terminated successfully.'
    nfev: 63
  status: 1
 success: True
       x: array([0.01, 0.89, 0.01, 0.89, 0.01, 0.89, 0.01, 0.89, 0.01, 0.89])
Optimization time: 42.688854932785034 s
Target equation: 0.9551588742211021
Sum of optimizable facts = 4.5
Optimal probabilities
[0.01 0.89 0.01 0.89 0.01 0.89 0.01 0.89 0.01 0.89]

real	3m27.822s
user	3m26.812s
sys	0m0.579s
instance 11
Computing answer sets
Answer set generation time: 165.41527462005615 s
number of sums: 2046
number of prods: 38893
Starting optimization
     fun: 4.51
   maxcv: 6.071532165918825e-17
 message: 'Optimization terminated successfully.'
    nfev: 69
  status: 1
 success: True
       x: array([0.01, 0.89, 0.01, 0.89, 0.01, 0.89, 0.01, 0.89, 0.01, 0.89, 0.01])
Optimization time: 54.70112895965576 s
Target equation: 0.9551588742211021
Sum of optimizable facts = 4.51
Optimal probabilities
[0.01 0.89 0.01 0.89 0.01 0.89 0.01 0.89 0.01 0.89 0.01]

real	3m41.787s
user	3m40.924s
sys	0m0.659s
instance 12
Computing answer sets
Answer set generation time: 166.56926822662354 s
number of sums: 2046
number of prods: 38893
Starting optimization
     fun: 5.399999999999999
   maxcv: 1.1102230246251565e-16
 message: 'Optimization terminated successfully.'
    nfev: 77
  status: 1
 success: True
       x: array([0.01, 0.89, 0.01, 0.89, 0.01, 0.89, 0.01, 0.89, 0.01, 0.89, 0.01,
       0.89])
Optimization time: 75.148282289505 s
Target equation: 0.9500299046037153
Sum of optimizable facts = 5.399999999999999
Optimal probabilities
[0.01 0.89 0.01 0.89 0.01 0.89 0.01 0.89 0.01 0.89 0.01 0.89]

real	4m3.614s
user	4m2.572s
sys	0m0.684s
instance 13
Computing answer sets
Answer set generation time: 165.97492837905884 s
number of sums: 2046
number of prods: 38893
Starting optimization
     fun: 5.409999999999999
   maxcv: 2.42861286636753e-17
 message: 'Optimization terminated successfully.'
    nfev: 90
  status: 1
 success: True
       x: array([0.01, 0.89, 0.01, 0.89, 0.01, 0.89, 0.01, 0.89, 0.01, 0.89, 0.01,
       0.89, 0.01])
Optimization time: 96.0242292881012 s
Target equation: 0.9500299046037148
Sum of optimizable facts = 5.409999999999999
Optimal probabilities
[0.01 0.89 0.01 0.89 0.01 0.89 0.01 0.89 0.01 0.89 0.01 0.89 0.01]

real	4m23.890s
user	4m22.763s
sys	0m0.748s
instance 14
Computing answer sets
Answer set generation time: 158.82255840301514 s
number of sums: 2046
number of prods: 38893
Starting optimization
     fun: 6.299999999999997
   maxcv: 1.717376241217039e-16
 message: 'Optimization terminated successfully.'
    nfev: 93
  status: 1
 success: True
       x: array([0.01, 0.89, 0.01, 0.89, 0.01, 0.89, 0.01, 0.89, 0.01, 0.89, 0.01,
       0.89, 0.01, 0.89])
Optimization time: 122.77951550483704 s
Target equation: 0.9454190127254388
Sum of optimizable facts = 6.299999999999997
Optimal probabilities
[0.01 0.89 0.01 0.89 0.01 0.89 0.01 0.89 0.01 0.89 0.01 0.89 0.01 0.89]

real	4m43.455s
user	4m42.250s
sys	0m0.816s
instance 15
Computing answer sets
Answer set generation time: 158.0303509235382 s
number of sums: 2046
number of prods: 38893
Starting optimization
     fun: 6.309999999999998
   maxcv: 1.1102230246251565e-16
 message: 'Optimization terminated successfully.'
    nfev: 103
  status: 1
 success: True
       x: array([0.01, 0.89, 0.01, 0.89, 0.01, 0.89, 0.01, 0.89, 0.01, 0.89, 0.01,
       0.89, 0.01, 0.89, 0.01])
Optimization time: 171.00576782226562 s
Target equation: 0.9454190127254375
Sum of optimizable facts = 6.309999999999998
Optimal probabilities
[0.01 0.89 0.01 0.89 0.01 0.89 0.01 0.89 0.01 0.89 0.01 0.89 0.01 0.89
 0.01]

real	5m30.895s
user	5m29.306s
sys	0m1.072s
instance 16
Computing answer sets
Answer set generation time: 160.49913597106934 s
number of sums: 2046
number of prods: 38893
Starting optimization
     fun: 7.200000000000001
   maxcv: 1.8908485888147197e-16
 message: 'Optimization terminated successfully.'
    nfev: 108
  status: 1
 success: True
       x: array([0.01, 0.89, 0.01, 0.89, 0.01, 0.89, 0.01, 0.89, 0.01, 0.89, 0.01,
       0.89, 0.01, 0.89, 0.01, 0.89])
Optimization time: 204.11886262893677 s
Target equation: 0.9412738675015342
Sum of optimizable facts = 7.200000000000001
Optimal probabilities
[0.01 0.89 0.01 0.89 0.01 0.89 0.01 0.89 0.01 0.89 0.01 0.89 0.01 0.89
 0.01 0.89]

real	6m6.432s
user	6m4.791s
sys	0m1.128s
instance 17
Computing answer sets
Answer set generation time: 161.34559321403503 s
number of sums: 2046
number of prods: 38893
Starting optimization
     fun: 7.209999999999998
   maxcv: 1.1102230246251565e-16
 message: 'Optimization terminated successfully.'
    nfev: 128
  status: 1
 success: True
       x: array([0.01, 0.89, 0.01, 0.89, 0.01, 0.89, 0.01, 0.89, 0.01, 0.89, 0.01,
       0.89, 0.01, 0.89, 0.01, 0.89, 0.01])
Optimization time: 278.9989356994629 s
Target equation: 0.941273867501533
Sum of optimizable facts = 7.209999999999998
Optimal probabilities
[0.01 0.89 0.01 0.89 0.01 0.89 0.01 0.89 0.01 0.89 0.01 0.89 0.01 0.89
 0.01 0.89 0.01]

real	7m22.023s
user	7m20.408s
sys	0m1.133s
instance 18
Computing answer sets
Answer set generation time: 160.08164525032043 s
number of sums: 2046
number of prods: 38893
Starting optimization
     fun: 8.100000000000001
   maxcv: 1.1622647289044608e-16
 message: 'Optimization terminated successfully.'
    nfev: 128
  status: 1
 success: True
       x: array([0.01, 0.89, 0.01, 0.89, 0.01, 0.89, 0.01, 0.89, 0.01, 0.89, 0.01,
       0.89, 0.01, 0.89, 0.01, 0.89, 0.01, 0.89])
Optimization time: 355.82448267936707 s
Target equation: 0.9375474238154055
Sum of optimizable facts = 8.100000000000001
Optimal probabilities
[0.01 0.89 0.01 0.89 0.01 0.89 0.01 0.89 0.01 0.89 0.01 0.89 0.01 0.89
 0.01 0.89 0.01 0.89]

real	8m37.727s
user	8m35.312s
sys	0m1.698s
instance 19
Computing answer sets
Answer set generation time: 159.79363417625427 s
number of sums: 2046
number of prods: 38893
Starting optimization
     fun: 8.109999999999998
   maxcv: 1.214306433183765e-17
 message: 'Optimization terminated successfully.'
    nfev: 140
  status: 1
 success: True
       x: array([0.01, 0.89, 0.01, 0.89, 0.01, 0.89, 0.01, 0.89, 0.01, 0.89, 0.01,
       0.89, 0.01, 0.89, 0.01, 0.89, 0.01, 0.89, 0.01])
Optimization time: 459.34807872772217 s
Target equation: 0.9375474238154043
Sum of optimizable facts = 8.109999999999998
Optimal probabilities
[0.01 0.89 0.01 0.89 0.01 0.89 0.01 0.89 0.01 0.89 0.01 0.89 0.01 0.89
 0.01 0.89 0.01 0.89 0.01]

real	10m20.923s
user	10m18.182s
sys	0m1.983s
Ended at: 
Mon Dec 11 18:33:32 CET 2023
