Started at: 
Mon Dec 11 17:10:16 CET 2023
instance 2
Computing answer sets
Answer set generation time: 0.11118054389953613 s
number of sums: 62
number of prods: 567
Starting optimization
     fun: 1.0
     jac: array([1., 1.])
 message: 'Positive directional derivative for linesearch'
    nfev: 1
     nit: 5
    njev: 1
  status: 8
 success: False
       x: array([0.11, 0.89])
Optimization time: 0.28192639350891113 s
Target equation: 0.9789548253436443
[93mWarning: Unable to solve the optimization problem.[0m

real	0m1.635s
user	0m1.382s
sys	0m0.138s
instance 3
Computing answer sets
Answer set generation time: 0.10584878921508789 s
number of sums: 62
number of prods: 567
Starting optimization
     fun: 1.1099999999999988
     jac: array([1., 1., 1.])
 message: 'Positive directional derivative for linesearch'
    nfev: 75
     nit: 13
    njev: 9
  status: 8
 success: False
       x: array([0.11, 0.89, 0.11])
Optimization time: 1.3106486797332764 s
Target equation: 0.9664271105513574
[93mWarning: Unable to solve the optimization problem.[0m

real	0m2.550s
user	0m2.304s
sys	0m0.147s
instance 4
Computing answer sets
Answer set generation time: 0.10537481307983398 s
number of sums: 62
number of prods: 567
Starting optimization
     fun: 2.0
     jac: array([1., 1., 1., 1.])
 message: 'Positive directional derivative for linesearch'
    nfev: 1
     nit: 5
    njev: 1
  status: 8
 success: False
       x: array([0.11, 0.89, 0.11, 0.89])
Optimization time: 0.571192741394043 s
Target equation: 0.9464419314956646
[93mWarning: Unable to solve the optimization problem.[0m

real	0m1.793s
user	0m1.549s
sys	0m0.142s
instance 5
Computing answer sets
Answer set generation time: 0.11371970176696777 s
number of sums: 62
number of prods: 567
Starting optimization
     fun: 2.11
     jac: array([1., 1., 1., 1., 1.])
 message: 'Positive directional derivative for linesearch'
    nfev: 93
     nit: 15
    njev: 11
  status: 8
 success: False
       x: array([0.11, 0.89, 0.11, 0.89, 0.11])
Optimization time: 6.907093048095703 s
Target equation: 0.9284754573950916
[93mWarning: Unable to solve the optimization problem.[0m

real	0m8.178s
user	0m7.926s
sys	0m0.141s
instance 6
Computing answer sets
Answer set generation time: 0.10388898849487305 s
number of sums: 62
number of prods: 567
Starting optimization
     fun: 3.0
     jac: array([1., 1., 1., 1., 1., 1.])
 message: 'Positive directional derivative for linesearch'
    nfev: 1
     nit: 5
    njev: 1
  status: 8
 success: False
       x: array([0.11, 0.89, 0.11, 0.89, 0.11, 0.89])
Optimization time: 1.4653143882751465 s
Target equation: 0.9044819886582143
[93mWarning: Unable to solve the optimization problem.[0m

real	0m2.724s
user	0m2.430s
sys	0m0.167s
instance 7
Computing answer sets
Answer set generation time: 0.11038923263549805 s
number of sums: 62
number of prods: 567
Starting optimization
     fun: 3.11
     jac: array([1., 1., 1., 1., 1., 1., 1.])
 message: 'Positive directional derivative for linesearch'
    nfev: 91
     nit: 15
    njev: 11
  status: 8
 success: False
       x: array([0.11, 0.89, 0.11, 0.89, 0.11, 0.89, 0.11])
Optimization time: 25.29491877555847 s
Target equation: 0.8829121026220311
[93mWarning: Unable to solve the optimization problem.[0m

real	0m26.590s
user	0m26.245s
sys	0m0.184s
instance 8
