Started at: 
Mon Dec 11 17:10:17 CET 2023
instance 2
Computing answer sets
Answer set generation time: 5663.014269351959 s
number of sums: 12286
number of prods: 294888
Starting optimization
     fun: 1.0
   maxcv: 0.24000000000000005
 message: 'Did not converge to a solution satisfying the constraints. See `maxcv` for magnitude of violation.'
    nfev: 15
  status: 4
 success: False
       x: array([0.35, 0.65])
Optimization time: 20.332704305648804 s
Target equation: 0.8228179970441379
[93mWarning: Unable to solve the optimization problem.[0m

real	94m59.049s
user	94m37.400s
sys	0m14.424s
instance 3
Computing answer sets
Answer set generation time: 5544.733081579208 s
number of sums: 12286
number of prods: 294888
Starting optimization
     fun: 1.3499999999999999
   maxcv: 0.2400000000000001
 message: 'Did not converge to a solution satisfying the constraints. See `maxcv` for magnitude of violation.'
    nfev: 20
  status: 4
 success: False
       x: array([0.35, 0.65, 0.35])
Optimization time: 26.560004949569702 s
Target equation: 0.74010247704025
[93mWarning: Unable to solve the optimization problem.[0m

real	93m6.275s
user	92m45.106s
sys	0m13.707s
instance 4
Computing answer sets
Answer set generation time: 5573.560963630676 s
number of sums: 12286
number of prods: 294888
Starting optimization
     fun: 2.0
   maxcv: 0.24000000000000005
 message: 'Did not converge to a solution satisfying the constraints. See `maxcv` for magnitude of violation.'
    nfev: 29
  status: 4
 success: False
       x: array([0.35, 0.65, 0.35, 0.65])
Optimization time: 32.60287666320801 s
Target equation: 0.6158403538388701
[93mWarning: Unable to solve the optimization problem.[0m

real	93m41.757s
user	93m20.699s
sys	0m13.818s
instance 5
Computing answer sets
Answer set generation time: 5561.897296905518 s
number of sums: 12286
number of prods: 294888
Starting optimization
     fun: 2.35
   maxcv: 0.24000000000000005
 message: 'Did not converge to a solution satisfying the constraints. See `maxcv` for magnitude of violation.'
    nfev: 35
  status: 4
 success: False
       x: array([0.35, 0.65, 0.35, 0.65, 0.35])
Optimization time: 42.551141023635864 s
Target equation: 0.5355663788588167
[93mWarning: Unable to solve the optimization problem.[0m

real	93m40.103s
user	93m19.252s
sys	0m13.752s
instance 6
Computing answer sets
Answer set generation time: 5489.882344245911 s
number of sums: 12286
number of prods: 294888
Starting optimization
     fun: 3.104266587538296
   maxcv: 0.2515851763931441
 message: 'Did not converge to a solution satisfying the constraints. See `maxcv` for magnitude of violation.'
    nfev: 45
  status: 4
 success: False
       x: array([0.36158518, 0.67317035, 0.36158518, 0.67317035, 0.36158518,
       0.67317035])
Optimization time: 48.83950591087341 s
Target equation: 0.44841487931473467
[93mWarning: Unable to solve the optimization problem.[0m

real	92m34.458s
user	92m13.150s
sys	0m13.974s
instance 7
slurmstepd: error: *** JOB 2097350 ON node01 CANCELLED AT 2023-12-12T01:10:21 DUE TO TIME LIMIT ***
