Started at: 
Mon Dec 11 17:10:16 CET 2023
instance 2
Computing answer sets
Answer set generation time: 5.025205135345459 s
number of sums: 382
number of prods: 5362
Starting optimization
     fun: 1.0
   maxcv: 0.24000000000000005
 message: 'Did not converge to a solution satisfying the constraints. See `maxcv` for magnitude of violation.'
    nfev: 15
  status: 4
 success: False
       x: array([0.35, 0.65])
Optimization time: 1.529879093170166 s
Target equation: 0.8470519410331302
[93mWarning: Unable to solve the optimization problem.[0m

real	0m8.010s
user	0m7.381s
sys	0m0.306s
instance 3
Computing answer sets
Answer set generation time: 4.966549634933472 s
number of sums: 382
number of prods: 5362
Starting optimization
     fun: 1.3499999999999999
   maxcv: 0.2400000000000001
 message: 'Did not converge to a solution satisfying the constraints. See `maxcv` for magnitude of violation.'
    nfev: 20
  status: 4
 success: False
       x: array([0.35, 0.65, 0.35])
Optimization time: 2.3632307052612305 s
Target equation: 0.7663140148375301
[93mWarning: Unable to solve the optimization problem.[0m

real	0m8.519s
user	0m8.144s
sys	0m0.223s
instance 4
Computing answer sets
Answer set generation time: 4.81653094291687 s
number of sums: 382
number of prods: 5362
Starting optimization
     fun: 2.0
   maxcv: 0.24000000000000005
 message: 'Did not converge to a solution satisfying the constraints. See `maxcv` for magnitude of violation.'
    nfev: 27
  status: 4
 success: False
       x: array([0.35, 0.65, 0.35, 0.65])
Optimization time: 3.152846097946167 s
Target equation: 0.6397451849554008
[93mWarning: Unable to solve the optimization problem.[0m

real	0m9.145s
user	0m8.799s
sys	0m0.186s
instance 5
Computing answer sets
Answer set generation time: 4.985194683074951 s
number of sums: 382
number of prods: 5362
Starting optimization
     fun: 2.35
   maxcv: 0.24000000000000005
 message: 'Did not converge to a solution satisfying the constraints. See `maxcv` for magnitude of violation.'
    nfev: 35
  status: 4
 success: False
       x: array([0.35, 0.65, 0.35, 0.65, 0.35])
Optimization time: 4.871201515197754 s
Target equation: 0.5580243342314614
[93mWarning: Unable to solve the optimization problem.[0m

real	0m10.996s
user	0m10.596s
sys	0m0.234s
instance 6
Computing answer sets
Answer set generation time: 4.956446409225464 s
number of sums: 382
number of prods: 5362
Starting optimization
     fun: 3.018206735203695
   maxcv: 0.24203321347414125
 message: 'Did not converge to a solution satisfying the constraints. See `maxcv` for magnitude of violation.'
    nfev: 48
  status: 4
 success: False
       x: array([0.35201785, 0.65405106, 0.35201785, 0.65405106, 0.35201785,
       0.65405106])
Optimization time: 6.807354688644409 s
Target equation: 0.45796680117550287
[93mWarning: Unable to solve the optimization problem.[0m

real	0m12.925s
user	0m12.527s
sys	0m0.233s
instance 7
Computing answer sets
Answer set generation time: 4.774906635284424 s
number of sums: 382
number of prods: 5362
Starting optimization
     fun: 2.9600562891675386
   maxcv: 0.2754494282574965
 message: 'Did not converge to a solution satisfying the constraints. See `maxcv` for magnitude of violation.'
    nfev: 68
  status: 4
 success: False
       x: array([0.27910114, 0.61455057, 0.27910114, 0.61455057, 0.27910114,
       0.61455057, 0.27910114])
Optimization time: 10.54004955291748 s
Target equation: 0.42455075466162245
[93mWarning: Unable to solve the optimization problem.[0m

real	0m16.470s
user	0m16.083s
sys	0m0.205s
instance 8
Computing answer sets
Answer set generation time: 5.213856220245361 s
number of sums: 382
number of prods: 5362
Starting optimization
     fun: 4.659532022763093
   maxcv: 0.29496103059875933
 message: 'Did not converge to a solution satisfying the constraints. See `maxcv` for magnitude of violation.'
    nfev: 64
  status: 4
 success: False
       x: array([0.404961, 0.759922, 0.404961, 0.759922, 0.404961, 0.759922,
       0.404961, 0.759922])
Optimization time: 11.928637504577637 s
Target equation: 0.4050389694012408
[93mWarning: Unable to solve the optimization problem.[0m

real	0m18.295s
user	0m17.916s
sys	0m0.221s
instance 9
Computing answer sets
Answer set generation time: 4.782024621963501 s
number of sums: 382
number of prods: 5362
Starting optimization
     fun: 3.3153659259082997
   maxcv: 0.313902433863693
 message: 'Did not converge to a solution satisfying the constraints. See `maxcv` for magnitude of violation.'
    nfev: 68
  status: 4
 success: False
       x: array([0.20219513, 0.57609757, 0.20219513, 0.57609757, 0.20219513,
       0.57609757, 0.20219513, 0.57609757, 0.20219513])
Optimization time: 15.83022165298462 s
Target equation: 0.3869696447921877
[93mWarning: Unable to solve the optimization problem.[0m

real	0m21.751s
user	0m21.343s
sys	0m0.255s
instance 10
Computing answer sets
Answer set generation time: 4.939782381057739 s
number of sums: 382
number of prods: 5362
Starting optimization
     fun: 2.807276213073442
   maxcv: 0.3861839756235959
 message: 'Did not converge to a solution satisfying the constraints. See `maxcv` for magnitude of violation.'
    nfev: 91
  status: 4
 success: False
       x: array([0.0576679 , 0.50381602, 0.05763205, 0.50381602, 0.05763205,
       0.50381602, 0.05763205, 0.50381602, 0.05763205, 0.50381602])
Optimization time: 22.204617500305176 s
Target equation: 0.7299669112538638
[93mWarning: Unable to solve the optimization problem.[0m

real	0m28.314s
user	0m27.866s
sys	0m0.240s
instance 11
Computing answer sets
Answer set generation time: 5.021541595458984 s
number of sums: 382
number of prods: 5362
Starting optimization
     fun: 3.7422093255805042
   maxcv: 0.33457592202467634
 message: 'Did not converge to a solution satisfying the constraints. See `maxcv` for magnitude of violation.'
    nfev: 84
  status: 4
 success: False
       x: array([0.16084816, 0.55542408, 0.16084816, 0.55542408, 0.16084816,
       0.55542408, 0.16084816, 0.55542408, 0.16084816, 0.55542408,
       0.16084816])
Optimization time: 25.994538068771362 s
Target equation: 0.3763042547078863
[93mWarning: Unable to solve the optimization problem.[0m

real	0m32.178s
user	0m31.746s
sys	0m0.252s
instance 12
Computing answer sets
Answer set generation time: 4.994720935821533 s
number of sums: 382
number of prods: 5362
Starting optimization
     fun: 3.3419734467704747
   maxcv: 0.38766814184608483
 message: 'Did not converge to a solution satisfying the constraints. See `maxcv` for magnitude of violation.'
    nfev: 154
  status: 4
 success: False
       x: array([0.05466372, 0.50233186, 0.05466372, 0.50233186, 0.05466372,
       0.50233186, 0.05466372, 0.50233186, 0.05466372, 0.50233186,
       0.05466372, 0.50233186])
Optimization time: 51.80641531944275 s
Target equation: 0.7042809614850768
[93mWarning: Unable to solve the optimization problem.[0m

real	0m57.955s
user	0m57.372s
sys	0m0.319s
instance 13
Computing answer sets
Answer set generation time: 4.952482223510742 s
number of sums: 382
number of prods: 5362
Starting optimization
     fun: 1.0370843827515097
   maxcv: 0.5056457808624246
 message: 'Did not converge to a solution satisfying the constraints. See `maxcv` for magnitude of violation.'
    nfev: 113
  status: 4
 success: False
       x: array([-0.18129156,  0.38435422, -0.18129156,  0.38435422, -0.18129156,
        0.38435422, -0.18129156,  0.38435422, -0.18129156,  0.38435422,
       -0.18129156,  0.38435422, -0.18129156])
Optimization time: 49.3304979801178 s
Target equation: 3.170909939864744
[93mWarning: Unable to solve the optimization problem.[0m

real	0m55.590s
user	0m54.893s
sys	0m0.326s
instance 14
Computing answer sets
Answer set generation time: 4.954447031021118 s
number of sums: 382
number of prods: 5362
Starting optimization
     fun: 2.0751717920747392
   maxcv: 0.4745156289488221
 message: 'Did not converge to a solution satisfying the constraints. See `maxcv` for magnitude of violation.'
    nfev: 89
  status: 4
 success: False
       x: array([-0.11903126,  0.41548437, -0.11903126,  0.41548437, -0.11903126,
        0.41548437, -0.11903126,  0.41548437, -0.11903126,  0.41548437,
       -0.11903126,  0.41548437, -0.11903126,  0.41548437])
Optimization time: 42.85277318954468 s
Target equation: 2.172845708117588
[93mWarning: Unable to solve the optimization problem.[0m

real	0m48.961s
user	0m48.469s
sys	0m0.265s
Ended at: 
Mon Dec 11 17:15:45 CET 2023
