Started at: 
Thu Dec  7 17:54:42 CET 2023
Instance: 2
[INFO] aspmc: Tree Decomposition #bags: 40 unfolded treewidth: 4 #vertices: 52
[INFO] aspmc: Preprocessing disabled
[INFO] aspmc:    Stats Compilation
[INFO] aspmc: ------------------------------------------------------------
[INFO] aspmc: X/D-Constrained Tree Decomposition #bags: 34 treewidth: 15 #vertices: 78
[INFO] aspmc: Dtree time:               2.033534049987793
[INFO] aspmc: Compilation time:         0.18458127975463867
[INFO] aspmc: Preparation time:         0.0001533031463623047
[INFO] aspmc: Counting time:            17.456345319747925
[INFO] aspmc: ------------------------------------------------------------
[0.03::a0., 0.03::a1., 0.03::a2., 0.03::a3., 0.03::a4., 0.03::a5., 0.03::a6., 0.03::a7., 0.03::a8., 0.03::a9., 0.03::a10., 0.03::a11., 0.03::a12., 0.03::a13., 0.03::a14., 0.03::a15., 0.03::a16., 0.03::a17., 0.03::a18., 0.03::a19., qr:-a0., qr:-a1,not nqr., nqr:-a1,not qr., qr:-a2., qr:-a3,not nqr., nqr:-a3,not qr., qr:-a4., qr:-a5,not nqr., nqr:-a5,not qr., qr:-a6., qr:-a7,not nqr., nqr:-a7,not qr., qr:-a8., qr:-a9,not nqr., nqr:-a9,not qr., qr:-a10., qr:-a11,not nqr., nqr:-a11,not qr., qr:-a12., qr:-a13,not nqr., nqr:-a13,not qr., qr:-a14., qr:-a15,not nqr., nqr:-a15,not qr., qr:-a16., qr:-a17,not nqr., nqr:-a17,not qr., qr:-a18., qr:-a19,not nqr., nqr:-a19,not qr., query(qr).]
tracc
nnf_construction_time: 20.798264741897583
Pre simplification
number of sums: 69631
number of prods: 147455
len(eq): 65
1.0*v_12 - (0.577951262543041*v_1 + 0.422048737456959)*(v_12 - 1)
Post simplification
symp_time: 21.59589147567749
number of sums: 1
number of subs: 2
number of prods: 3
opt_time: 0.14736366271972656
     fun: 0.4999999999999999
     jac: array([1., 1.])
 message: 'Positive directional derivative for linesearch'
    nfev: 125
     nit: 19
    njev: 15
  status: 8
 success: False
       x: array([0.25, 0.25])

real	0m43.970s
user	0m42.266s
sys	0m1.433s
Instance: 3
[INFO] aspmc: Tree Decomposition #bags: 40 unfolded treewidth: 4 #vertices: 52
[INFO] aspmc: Preprocessing disabled
[INFO] aspmc:    Stats Compilation
[INFO] aspmc: ------------------------------------------------------------
[INFO] aspmc: X/D-Constrained Tree Decomposition #bags: 34 treewidth: 15 #vertices: 78
[INFO] aspmc: Dtree time:               2.0341529846191406
[INFO] aspmc: Compilation time:         0.18265867233276367
[INFO] aspmc: Preparation time:         0.0001304149627685547
[INFO] aspmc: Counting time:            17.32947850227356
[INFO] aspmc: ------------------------------------------------------------
[0.03::a0., 0.03::a1., 0.03::a2., 0.03::a3., 0.03::a4., 0.03::a5., 0.03::a6., 0.03::a7., 0.03::a8., 0.03::a9., 0.03::a10., 0.03::a11., 0.03::a12., 0.03::a13., 0.03::a14., 0.03::a15., 0.03::a16., 0.03::a17., 0.03::a18., 0.03::a19., qr:-a0., qr:-a1,not nqr., nqr:-a1,not qr., qr:-a2., qr:-a3,not nqr., nqr:-a3,not qr., qr:-a4., qr:-a5,not nqr., nqr:-a5,not qr., qr:-a6., qr:-a7,not nqr., nqr:-a7,not qr., qr:-a8., qr:-a9,not nqr., nqr:-a9,not qr., qr:-a10., qr:-a11,not nqr., nqr:-a11,not qr., qr:-a12., qr:-a13,not nqr., nqr:-a13,not qr., qr:-a14., qr:-a15,not nqr., nqr:-a15,not qr., qr:-a16., qr:-a17,not nqr., nqr:-a17,not qr., qr:-a18., qr:-a19,not nqr., nqr:-a19,not qr., query(qr).]
tracc
nnf_construction_time: 20.66154670715332
Pre simplification
number of sums: 69631
number of prods: 147455
len(eq): 139
1.0*v_12 - (v_12 - 1)*(0.760231058654565*v_1 - 0.760231058654565*(v_1 - 1)*(0.783743359437696*v_3 + 0.216256640562304) + 0.239768941345435)
Post simplification
symp_time: 21.870283842086792
number of sums: 2
number of subs: 4
number of prods: 6
opt_time: 0.09303522109985352
     fun: 0.6133512233410447
     jac: array([1., 1., 1.])
 message: 'Optimization terminated successfully'
    nfev: 4
     nit: 4
    njev: 4
  status: 0
 success: True
       x: array([0.20445041, 0.20445041, 0.20445041])

real	0m43.897s
user	0m42.231s
sys	0m1.394s
Instance: 4
[INFO] aspmc: Tree Decomposition #bags: 40 unfolded treewidth: 4 #vertices: 52
[INFO] aspmc: Preprocessing disabled
[INFO] aspmc:    Stats Compilation
[INFO] aspmc: ------------------------------------------------------------
[INFO] aspmc: X/D-Constrained Tree Decomposition #bags: 34 treewidth: 15 #vertices: 78
[INFO] aspmc: Dtree time:               2.0373663902282715
[INFO] aspmc: Compilation time:         0.18531227111816406
[INFO] aspmc: Preparation time:         0.0001354217529296875
[INFO] aspmc: Counting time:            18.270010232925415
[INFO] aspmc: ------------------------------------------------------------
[0.03::a0., 0.03::a1., 0.03::a2., 0.03::a3., 0.03::a4., 0.03::a5., 0.03::a6., 0.03::a7., 0.03::a8., 0.03::a9., 0.03::a10., 0.03::a11., 0.03::a12., 0.03::a13., 0.03::a14., 0.03::a15., 0.03::a16., 0.03::a17., 0.03::a18., 0.03::a19., qr:-a0., qr:-a1,not nqr., nqr:-a1,not qr., qr:-a2., qr:-a3,not nqr., nqr:-a3,not qr., qr:-a4., qr:-a5,not nqr., nqr:-a5,not qr., qr:-a6., qr:-a7,not nqr., nqr:-a7,not qr., qr:-a8., qr:-a9,not nqr., nqr:-a9,not qr., qr:-a10., qr:-a11,not nqr., nqr:-a11,not qr., qr:-a12., qr:-a13,not nqr., nqr:-a13,not qr., qr:-a14., qr:-a15,not nqr., nqr:-a15,not qr., qr:-a16., qr:-a17,not nqr., nqr:-a17,not qr., qr:-a18., qr:-a19,not nqr., nqr:-a19,not qr., query(qr).]
tracc
nnf_construction_time: 21.63688611984253
Pre simplification
number of sums: 69631
number of prods: 147455
len(eq): 163
1.0*v_12 - (v_12 - 1)*(1.0*v_14 - (v_14 - 1)*(0.783743359437696*v_1 - 0.783743359437696*(v_1 - 1)*(0.783743359437696*v_3 + 0.216256640562304) + 0.216256640562304))
Post simplification
symp_time: 23.135969161987305
number of sums: 2
number of subs: 6
number of prods: 8
opt_time: 0.14794015884399414
     fun: 0.6560993328637542
     jac: array([1., 1., 1., 1.])
 message: 'Optimization terminated successfully'
    nfev: 5
     nit: 5
    njev: 5
  status: 0
 success: True
       x: array([0.16402483, 0.16402483, 0.16402483, 0.16402483])

real	0m46.266s
user	0m44.005s
sys	0m1.817s
Instance: 5
[INFO] aspmc: Tree Decomposition #bags: 40 unfolded treewidth: 4 #vertices: 52
[INFO] aspmc: Preprocessing disabled
[INFO] aspmc:    Stats Compilation
[INFO] aspmc: ------------------------------------------------------------
[INFO] aspmc: X/D-Constrained Tree Decomposition #bags: 34 treewidth: 15 #vertices: 78
[INFO] aspmc: Dtree time:               2.033351182937622
[INFO] aspmc: Compilation time:         0.18311238288879395
[INFO] aspmc: Preparation time:         0.00012803077697753906
[INFO] aspmc: Counting time:            17.605488300323486
[INFO] aspmc: ------------------------------------------------------------
[0.03::a0., 0.03::a1., 0.03::a2., 0.03::a3., 0.03::a4., 0.03::a5., 0.03::a6., 0.03::a7., 0.03::a8., 0.03::a9., 0.03::a10., 0.03::a11., 0.03::a12., 0.03::a13., 0.03::a14., 0.03::a15., 0.03::a16., 0.03::a17., 0.03::a18., 0.03::a19., qr:-a0., qr:-a1,not nqr., nqr:-a1,not qr., qr:-a2., qr:-a3,not nqr., nqr:-a3,not qr., qr:-a4., qr:-a5,not nqr., nqr:-a5,not qr., qr:-a6., qr:-a7,not nqr., nqr:-a7,not qr., qr:-a8., qr:-a9,not nqr., nqr:-a9,not qr., qr:-a10., qr:-a11,not nqr., nqr:-a11,not qr., qr:-a12., qr:-a13,not nqr., nqr:-a13,not qr., qr:-a14., qr:-a15,not nqr., nqr:-a15,not qr., qr:-a16., qr:-a17,not nqr., nqr:-a17,not qr., qr:-a18., qr:-a19,not nqr., nqr:-a19,not qr., query(qr).]
tracc
nnf_construction_time: 20.935558319091797
Pre simplification
number of sums: 69631
number of prods: 147455
len(eq): 680
v_12*(0.8587340257*v_3 - 0.8587340257*(v_3 - 1)*(0.97*v_4 + 0.03) + 0.832972004929*(v_3 - 1)*(v_4 - 1) + 0.1412659743) - (v_12 - 1)*(v_14*(0.8587340257*v_3 - 0.8587340257*(v_3 - 1)*(0.97*v_4 + 0.03) + 0.832972004929*(v_3 - 1)*(v_4 - 1) + 0.1412659743) + (v_14 - 1)*(-1.0*v_1*(0.8587340257*v_3 - 0.8587340257*(v_3 - 1)*(0.97*v_4 + 0.03) + 0.832972004929*(v_3 - 1)*(v_4 - 1) + 0.1412659743) + 0.783743359437696*(v_1 - 1)*(0.8587340257*v_3 - 0.8587340257*(v_3 - 1)*(0.97*v_4 + 0.03) + 0.02498916014787*(v_3 - 1)*(v_4 - 1) + 0.1412659743) + 0.216256640562304*(v_1 - 1)*(0.8587340257*v_3 - 0.8587340257*(v_3 - 1)*(0.97*v_4 + 0.03) + 0.832972004929*(v_3 - 1)*(v_4 - 1) + 0.1412659743)))
Post simplification
symp_time: 23.57633876800537
number of sums: 18
number of subs: 26
number of prods: 40
opt_time: 0.472271203994751
     fun: 0.6939501574133197
     jac: array([1., 1., 1., 1., 1.])
 message: 'Optimization terminated successfully'
    nfev: 6
     nit: 6
    njev: 6
  status: 0
 success: True
       x: array([0.13879003, 0.13879003, 0.13879003, 0.13879003, 0.13879003])

real	0m46.203s
user	0m44.247s
sys	0m1.559s
Instance: 6
[INFO] aspmc: Tree Decomposition #bags: 40 unfolded treewidth: 4 #vertices: 52
[INFO] aspmc: Preprocessing disabled
[INFO] aspmc:    Stats Compilation
[INFO] aspmc: ------------------------------------------------------------
[INFO] aspmc: X/D-Constrained Tree Decomposition #bags: 34 treewidth: 15 #vertices: 78
[INFO] aspmc: Dtree time:               2.0332014560699463
[INFO] aspmc: Compilation time:         0.18466472625732422
[INFO] aspmc: Preparation time:         0.0001342296600341797
[INFO] aspmc: Counting time:            17.05532670021057
[INFO] aspmc: ------------------------------------------------------------
[0.03::a0., 0.03::a1., 0.03::a2., 0.03::a3., 0.03::a4., 0.03::a5., 0.03::a6., 0.03::a7., 0.03::a8., 0.03::a9., 0.03::a10., 0.03::a11., 0.03::a12., 0.03::a13., 0.03::a14., 0.03::a15., 0.03::a16., 0.03::a17., 0.03::a18., 0.03::a19., qr:-a0., qr:-a1,not nqr., nqr:-a1,not qr., qr:-a2., qr:-a3,not nqr., nqr:-a3,not qr., qr:-a4., qr:-a5,not nqr., nqr:-a5,not qr., qr:-a6., qr:-a7,not nqr., nqr:-a7,not qr., qr:-a8., qr:-a9,not nqr., nqr:-a9,not qr., qr:-a10., qr:-a11,not nqr., nqr:-a11,not qr., qr:-a12., qr:-a13,not nqr., nqr:-a13,not qr., qr:-a14., qr:-a15,not nqr., nqr:-a15,not qr., qr:-a16., qr:-a17,not nqr., nqr:-a17,not qr., qr:-a18., qr:-a19,not nqr., nqr:-a19,not qr., query(qr).]
tracc
nnf_construction_time: 20.386104106903076
Pre simplification
number of sums: 69631
number of prods: 147455
len(eq): 812
v_12*(0.8587340257*v_3 - 0.8587340257*(v_3 - 1)*(0.97*v_4 + 0.03) + 0.832972004929*(v_3 - 1)*(v_4 - 1) + 0.1412659743) - (v_12 - 1)*(v_14*(0.8587340257*v_3 - 0.8587340257*(v_3 - 1)*(0.97*v_4 + 0.03) + 0.832972004929*(v_3 - 1)*(v_4 - 1) + 0.1412659743) - (v_14 - 1)*(v_15*(0.8587340257*v_3 - 0.8587340257*(v_3 - 1)*(0.97*v_4 + 0.03) + 0.832972004929*(v_3 - 1)*(v_4 - 1) + 0.1412659743) + (v_15 - 1)*(-1.0*v_1*(0.8587340257*v_3 - 0.8587340257*(v_3 - 1)*(0.97*v_4 + 0.03) + 0.832972004929*(v_3 - 1)*(v_4 - 1) + 0.1412659743) + 0.80798284478113*(v_1 - 1)*(0.8587340257*v_3 - 0.8587340257*(v_3 - 1)*(0.97*v_4 + 0.03) + 0.02498916014787*(v_3 - 1)*(v_4 - 1) + 0.1412659743) + 0.19201715521887*(v_1 - 1)*(0.8587340257*v_3 - 0.8587340257*(v_3 - 1)*(0.97*v_4 + 0.03) + 0.832972004929*(v_3 - 1)*(v_4 - 1) + 0.1412659743))))
Post simplification
symp_time: 24.044122219085693
number of sums: 21
number of subs: 32
number of prods: 48
opt_time: 0.6578633785247803
     fun: 0.729270282401424
     jac: array([1., 1., 1., 1., 1., 1.])
 message: 'Optimization terminated successfully'
    nfev: 6
     nit: 6
    njev: 6
  status: 0
 success: True
       x: array([0.12154505, 0.12154505, 0.12154505, 0.12154505, 0.12154505,
       0.12154505])

real	0m46.329s
user	0m44.340s
sys	0m1.551s
Instance: 7
[INFO] aspmc: Tree Decomposition #bags: 40 unfolded treewidth: 4 #vertices: 52
[INFO] aspmc: Preprocessing disabled
[INFO] aspmc:    Stats Compilation
[INFO] aspmc: ------------------------------------------------------------
[INFO] aspmc: X/D-Constrained Tree Decomposition #bags: 34 treewidth: 15 #vertices: 78
[INFO] aspmc: Dtree time:               2.0359084606170654
[INFO] aspmc: Compilation time:         0.18803858757019043
[INFO] aspmc: Preparation time:         0.0001354217529296875
[INFO] aspmc: Counting time:            17.78628373146057
[INFO] aspmc: ------------------------------------------------------------
/home/dazzolin/anaconda3/lib/python3.9/site-packages/scipy/optimize/optimize.py:282: RuntimeWarning: Values in x were outside bounds during a minimize step, clipping to bounds
  warnings.warn("Values in x were outside bounds during a "
[0.03::a0., 0.03::a1., 0.03::a2., 0.03::a3., 0.03::a4., 0.03::a5., 0.03::a6., 0.03::a7., 0.03::a8., 0.03::a9., 0.03::a10., 0.03::a11., 0.03::a12., 0.03::a13., 0.03::a14., 0.03::a15., 0.03::a16., 0.03::a17., 0.03::a18., 0.03::a19., qr:-a0., qr:-a1,not nqr., nqr:-a1,not qr., qr:-a2., qr:-a3,not nqr., nqr:-a3,not qr., qr:-a4., qr:-a5,not nqr., nqr:-a5,not qr., qr:-a6., qr:-a7,not nqr., nqr:-a7,not qr., qr:-a8., qr:-a9,not nqr., nqr:-a9,not qr., qr:-a10., qr:-a11,not nqr., nqr:-a11,not qr., qr:-a12., qr:-a13,not nqr., nqr:-a13,not qr., qr:-a14., qr:-a15,not nqr., nqr:-a15,not qr., qr:-a16., qr:-a17,not nqr., nqr:-a17,not qr., qr:-a18., qr:-a19,not nqr., nqr:-a19,not qr., query(qr).]
tracc
nnf_construction_time: 21.130542516708374
Pre simplification
number of sums: 69631
number of prods: 147455
len(eq): 884
v_12*(0.8587340257*v_3 - 0.8587340257*(v_3 - 1)*(v_4 - 1)*(v_5 - 1) - 0.8587340257*(v_3 - 1)*(v_4 - v_5*(v_4 - 1)) + 0.1412659743) - (v_12 - 1)*(v_14*(0.8587340257*v_3 - 0.8587340257*(v_3 - 1)*(v_4 - 1)*(v_5 - 1) - 0.8587340257*(v_3 - 1)*(v_4 - v_5*(v_4 - 1)) + 0.1412659743) - (v_14 - 1)*(v_15*(0.8587340257*v_3 - 0.8587340257*(v_3 - 1)*(v_4 - 1)*(v_5 - 1) - 0.8587340257*(v_3 - 1)*(v_4 - v_5*(v_4 - 1)) + 0.1412659743) + (v_15 - 1)*(-1.0*v_1*(0.8587340257*v_3 - 0.8587340257*(v_3 - 1)*(v_4 - 1)*(v_5 - 1) - 0.8587340257*(v_3 - 1)*(v_4 - v_5*(v_4 - 1)) + 0.1412659743) + 0.19201715521887*(v_1 - 1)*(0.8587340257*v_3 - 0.8587340257*(v_3 - 1)*(v_4 - 1)*(v_5 - 1) - 0.8587340257*(v_3 - 1)*(v_4 - v_5*(v_4 - 1)) + 0.1412659743) + 0.80798284478113*(v_1 - 1)*(0.8587340257*v_3 - 0.025762020771*(v_3 - 1)*(v_4 - 1)*(v_5 - 1) - 0.8587340257*(v_3 - 1)*(v_4 - v_5*(v_4 - 1)) + 0.1412659743))))
Post simplification
symp_time: 24.20058822631836
number of sums: 9
number of subs: 56
number of prods: 54
opt_time: 1.0100884437561035
     fun: 0.7631132864520679
     jac: array([1., 1., 1., 1., 1., 1., 1.])
 message: 'Optimization terminated successfully'
    nfev: 9
     nit: 7
    njev: 7
  status: 0
 success: True
       x: array([0.10901618, 0.10901618, 0.10901618, 0.10901618, 0.10901618,
       0.10901618, 0.10901618])

real	0m47.606s
user	0m45.635s
sys	0m1.600s
Instance: 8
[INFO] aspmc: Tree Decomposition #bags: 40 unfolded treewidth: 4 #vertices: 52
[INFO] aspmc: Preprocessing disabled
[INFO] aspmc:    Stats Compilation
[INFO] aspmc: ------------------------------------------------------------
[INFO] aspmc: X/D-Constrained Tree Decomposition #bags: 34 treewidth: 15 #vertices: 78
[INFO] aspmc: Dtree time:               2.034212112426758
[INFO] aspmc: Compilation time:         0.18510818481445312
[INFO] aspmc: Preparation time:         0.00013399124145507812
[INFO] aspmc: Counting time:            17.60266423225403
[INFO] aspmc: ------------------------------------------------------------
/home/dazzolin/anaconda3/lib/python3.9/site-packages/scipy/optimize/optimize.py:282: RuntimeWarning: Values in x were outside bounds during a minimize step, clipping to bounds
  warnings.warn("Values in x were outside bounds during a "
[0.03::a0., 0.03::a1., 0.03::a2., 0.03::a3., 0.03::a4., 0.03::a5., 0.03::a6., 0.03::a7., 0.03::a8., 0.03::a9., 0.03::a10., 0.03::a11., 0.03::a12., 0.03::a13., 0.03::a14., 0.03::a15., 0.03::a16., 0.03::a17., 0.03::a18., 0.03::a19., qr:-a0., qr:-a1,not nqr., nqr:-a1,not qr., qr:-a2., qr:-a3,not nqr., nqr:-a3,not qr., qr:-a4., qr:-a5,not nqr., nqr:-a5,not qr., qr:-a6., qr:-a7,not nqr., nqr:-a7,not qr., qr:-a8., qr:-a9,not nqr., nqr:-a9,not qr., qr:-a10., qr:-a11,not nqr., nqr:-a11,not qr., qr:-a12., qr:-a13,not nqr., nqr:-a13,not qr., qr:-a14., qr:-a15,not nqr., nqr:-a15,not qr., qr:-a16., qr:-a17,not nqr., nqr:-a17,not qr., qr:-a18., qr:-a19,not nqr., nqr:-a19,not qr., query(qr).]
tracc
nnf_construction_time: 20.935667753219604
Pre simplification
number of sums: 69631
number of prods: 147455
len(eq): 1026
v_12*(0.8587340257*v_3 - 0.8587340257*(v_3 - 1)*(v_4 - 1)*(v_5 - 1) - 0.8587340257*(v_3 - 1)*(v_4 - v_5*(v_4 - 1)) + 0.1412659743) - (v_12 - 1)*(v_14*(0.8587340257*v_3 - 0.8587340257*(v_3 - 1)*(v_4 - 1)*(v_5 - 1) - 0.8587340257*(v_3 - 1)*(v_4 - v_5*(v_4 - 1)) + 0.1412659743) - (v_14 - 1)*(v_15*(0.8587340257*v_3 - 0.8587340257*(v_3 - 1)*(v_4 - 1)*(v_5 - 1) - 0.8587340257*(v_3 - 1)*(v_4 - v_5*(v_4 - 1)) + 0.1412659743) - (v_15 - 1)*(v_16*(0.8587340257*v_3 - 0.8587340257*(v_3 - 1)*(v_4 - 1)*(v_5 - 1) - 0.8587340257*(v_3 - 1)*(v_4 - v_5*(v_4 - 1)) + 0.1412659743) + (v_16 - 1)*(-1.0*v_1*(0.8587340257*v_3 - 0.8587340257*(v_3 - 1)*(v_4 - 1)*(v_5 - 1) - 0.8587340257*(v_3 - 1)*(v_4 - v_5*(v_4 - 1)) + 0.1412659743) + 0.167027995071*(v_1 - 1)*(0.8587340257*v_3 - 0.8587340257*(v_3 - 1)*(v_4 - 1)*(v_5 - 1) - 0.8587340257*(v_3 - 1)*(v_4 - v_5*(v_4 - 1)) + 0.1412659743) + 0.832972004929*(v_1 - 1)*(0.8587340257*v_3 - 0.025762020771*(v_3 - 1)*(v_4 - 1)*(v_5 - 1) - 0.8587340257*(v_3 - 1)*(v_4 - v_5*(v_4 - 1)) + 0.1412659743)))))
Post simplification
symp_time: 25.233357429504395
number of sums: 10
number of subs: 66
number of prods: 63
opt_time: 1.2893407344818115
     fun: 0.7960192702950649
     jac: array([1., 1., 1., 1., 1., 1., 1., 1.])
 message: 'Optimization terminated successfully'
    nfev: 9
     nit: 7
    njev: 7
  status: 0
 success: True
       x: array([0.09950241, 0.09950241, 0.09950241, 0.09950241, 0.09950241,
       0.09950241, 0.09950241, 0.09950241])

real	0m48.891s
user	0m46.939s
sys	0m1.484s
Instance: 9
[INFO] aspmc: Tree Decomposition #bags: 40 unfolded treewidth: 4 #vertices: 52
[INFO] aspmc: Preprocessing disabled
[INFO] aspmc:    Stats Compilation
[INFO] aspmc: ------------------------------------------------------------
[INFO] aspmc: X/D-Constrained Tree Decomposition #bags: 34 treewidth: 15 #vertices: 78
[INFO] aspmc: Dtree time:               2.0334999561309814
[INFO] aspmc: Compilation time:         0.18201780319213867
[INFO] aspmc: Preparation time:         0.00012969970703125
[INFO] aspmc: Counting time:            17.958614349365234
[INFO] aspmc: ------------------------------------------------------------
/home/dazzolin/anaconda3/lib/python3.9/site-packages/scipy/optimize/optimize.py:282: RuntimeWarning: Values in x were outside bounds during a minimize step, clipping to bounds
  warnings.warn("Values in x were outside bounds during a "
[0.03::a0., 0.03::a1., 0.03::a2., 0.03::a3., 0.03::a4., 0.03::a5., 0.03::a6., 0.03::a7., 0.03::a8., 0.03::a9., 0.03::a10., 0.03::a11., 0.03::a12., 0.03::a13., 0.03::a14., 0.03::a15., 0.03::a16., 0.03::a17., 0.03::a18., 0.03::a19., qr:-a0., qr:-a1,not nqr., nqr:-a1,not qr., qr:-a2., qr:-a3,not nqr., nqr:-a3,not qr., qr:-a4., qr:-a5,not nqr., nqr:-a5,not qr., qr:-a6., qr:-a7,not nqr., nqr:-a7,not qr., qr:-a8., qr:-a9,not nqr., nqr:-a9,not qr., qr:-a10., qr:-a11,not nqr., nqr:-a11,not qr., qr:-a12., qr:-a13,not nqr., nqr:-a13,not qr., qr:-a14., qr:-a15,not nqr., nqr:-a15,not qr., qr:-a16., qr:-a17,not nqr., nqr:-a17,not qr., qr:-a18., qr:-a19,not nqr., nqr:-a19,not qr., query(qr).]
tracc
nnf_construction_time: 21.287206172943115
Pre simplification
number of sums: 69631
number of prods: 147455
len(eq): 1306
v_12*(-0.88529281*v_3*(v_6 - 1) + 0.88529281*v_6 + 0.88529281*(v_3 - 1)*(v_4 - 1)*(v_5 - 1)*(v_6 - 1) + 0.88529281*(v_3 - 1)*(v_4 - v_5*(v_4 - 1))*(v_6 - 1) + 0.11470719) - (v_12 - 1)*(v_14*(-0.88529281*v_3*(v_6 - 1) + 0.88529281*v_6 + 0.88529281*(v_3 - 1)*(v_4 - 1)*(v_5 - 1)*(v_6 - 1) + 0.88529281*(v_3 - 1)*(v_4 - v_5*(v_4 - 1))*(v_6 - 1) + 0.11470719) - (v_14 - 1)*(v_15*(-0.88529281*v_3*(v_6 - 1) + 0.88529281*v_6 + 0.88529281*(v_3 - 1)*(v_4 - 1)*(v_5 - 1)*(v_6 - 1) + 0.88529281*(v_3 - 1)*(v_4 - v_5*(v_4 - 1))*(v_6 - 1) + 0.11470719) - (v_15 - 1)*(v_16*(-0.88529281*v_3*(v_6 - 1) + 0.88529281*v_6 + 0.88529281*(v_3 - 1)*(v_4 - 1)*(v_5 - 1)*(v_6 - 1) + 0.88529281*(v_3 - 1)*(v_4 - v_5*(v_4 - 1))*(v_6 - 1) + 0.11470719) + (v_16 - 1)*(-1.0*v_1*(-0.88529281*v_3*(v_6 - 1) + 0.88529281*v_6 + 0.88529281*(v_3 - 1)*(v_4 - 1)*(v_5 - 1)*(v_6 - 1) + 0.88529281*(v_3 - 1)*(v_4 - v_5*(v_4 - 1))*(v_6 - 1) + 0.11470719) + 0.832972004929*(v_1 - 1)*(-0.88529281*v_3*(v_6 - 1) + 0.88529281*v_6 + 0.0265587843*(v_3 - 1)*(v_4 - 1)*(v_5 - 1)*(v_6 - 1) + 0.88529281*(v_3 - 1)*(v_4 - v_5*(v_4 - 1))*(v_6 - 1) + 0.11470719) + 0.167027995071*(v_1 - 1)*(-0.88529281*v_3*(v_6 - 1) + 0.88529281*v_6 + 0.88529281*(v_3 - 1)*(v_4 - 1)*(v_5 - 1)*(v_6 - 1) + 0.88529281*(v_3 - 1)*(v_4 - v_5*(v_4 - 1))*(v_6 - 1) + 0.11470719)))))
Post simplification
symp_time: 30.308077096939087
number of sums: 31
number of subs: 80
number of prods: 91
opt_time: 1.917410135269165
     fun: 0.8282936587812106
     jac: array([1., 1., 1., 1., 1., 1., 1., 1., 1.])
 message: 'Optimization terminated successfully'
    nfev: 9
     nit: 7
    njev: 7
  status: 0
 success: True
       x: array([0.09203263, 0.09203263, 0.09203263, 0.09203263, 0.09203263,
       0.09203263, 0.09203263, 0.09203263, 0.09203263])

real	0m54.759s
user	0m52.608s
sys	0m1.751s
Instance: 10
[INFO] aspmc: Tree Decomposition #bags: 40 unfolded treewidth: 4 #vertices: 52
[INFO] aspmc: Preprocessing disabled
[INFO] aspmc:    Stats Compilation
[INFO] aspmc: ------------------------------------------------------------
[INFO] aspmc: X/D-Constrained Tree Decomposition #bags: 34 treewidth: 15 #vertices: 78
[INFO] aspmc: Dtree time:               2.0337345600128174
[INFO] aspmc: Compilation time:         0.1817488670349121
[INFO] aspmc: Preparation time:         0.00013637542724609375
[INFO] aspmc: Counting time:            17.636672496795654
[INFO] aspmc: ------------------------------------------------------------
/home/dazzolin/anaconda3/lib/python3.9/site-packages/scipy/optimize/optimize.py:282: RuntimeWarning: Values in x were outside bounds during a minimize step, clipping to bounds
  warnings.warn("Values in x were outside bounds during a "
[0.03::a0., 0.03::a1., 0.03::a2., 0.03::a3., 0.03::a4., 0.03::a5., 0.03::a6., 0.03::a7., 0.03::a8., 0.03::a9., 0.03::a10., 0.03::a11., 0.03::a12., 0.03::a13., 0.03::a14., 0.03::a15., 0.03::a16., 0.03::a17., 0.03::a18., 0.03::a19., qr:-a0., qr:-a1,not nqr., nqr:-a1,not qr., qr:-a2., qr:-a3,not nqr., nqr:-a3,not qr., qr:-a4., qr:-a5,not nqr., nqr:-a5,not qr., qr:-a6., qr:-a7,not nqr., nqr:-a7,not qr., qr:-a8., qr:-a9,not nqr., nqr:-a9,not qr., qr:-a10., qr:-a11,not nqr., nqr:-a11,not qr., qr:-a12., qr:-a13,not nqr., nqr:-a13,not qr., qr:-a14., qr:-a15,not nqr., nqr:-a15,not qr., qr:-a16., qr:-a17,not nqr., nqr:-a17,not qr., qr:-a18., qr:-a19,not nqr., nqr:-a19,not qr., query(qr).]
tracc
nnf_construction_time: 20.962764024734497
Pre simplification
number of sums: 69631
number of prods: 147455
len(eq): 1488
v_12*(-0.88529281*v_3*(v_6 - 1) + 0.88529281*v_6 + 0.88529281*(v_3 - 1)*(v_4 - 1)*(v_5 - 1)*(v_6 - 1) + 0.88529281*(v_3 - 1)*(v_4 - v_5*(v_4 - 1))*(v_6 - 1) + 0.11470719) - (v_12 - 1)*(v_14*(-0.88529281*v_3*(v_6 - 1) + 0.88529281*v_6 + 0.88529281*(v_3 - 1)*(v_4 - 1)*(v_5 - 1)*(v_6 - 1) + 0.88529281*(v_3 - 1)*(v_4 - v_5*(v_4 - 1))*(v_6 - 1) + 0.11470719) - (v_14 - 1)*(v_15*(-0.88529281*v_3*(v_6 - 1) + 0.88529281*v_6 + 0.88529281*(v_3 - 1)*(v_4 - 1)*(v_5 - 1)*(v_6 - 1) + 0.88529281*(v_3 - 1)*(v_4 - v_5*(v_4 - 1))*(v_6 - 1) + 0.11470719) - (v_15 - 1)*(v_16*(-0.88529281*v_3*(v_6 - 1) + 0.88529281*v_6 + 0.88529281*(v_3 - 1)*(v_4 - 1)*(v_5 - 1)*(v_6 - 1) + 0.88529281*(v_3 - 1)*(v_4 - v_5*(v_4 - 1))*(v_6 - 1) + 0.11470719) - (v_16 - 1)*(v_17*(-0.88529281*v_3*(v_6 - 1) + 0.88529281*v_6 + 0.88529281*(v_3 - 1)*(v_4 - 1)*(v_5 - 1)*(v_6 - 1) + 0.88529281*(v_3 - 1)*(v_4 - v_5*(v_4 - 1))*(v_6 - 1) + 0.11470719) + (v_17 - 1)*(-1.0*v_1*(-0.88529281*v_3*(v_6 - 1) + 0.88529281*v_6 + 0.88529281*(v_3 - 1)*(v_4 - 1)*(v_5 - 1)*(v_6 - 1) + 0.88529281*(v_3 - 1)*(v_4 - v_5*(v_4 - 1))*(v_6 - 1) + 0.11470719) + 0.8587340257*(v_1 - 1)*(-0.88529281*v_3*(v_6 - 1) + 0.88529281*v_6 + 0.0265587843*(v_3 - 1)*(v_4 - 1)*(v_5 - 1)*(v_6 - 1) + 0.88529281*(v_3 - 1)*(v_4 - v_5*(v_4 - 1))*(v_6 - 1) + 0.11470719) + 0.1412659743*(v_1 - 1)*(-0.88529281*v_3*(v_6 - 1) + 0.88529281*v_6 + 0.88529281*(v_3 - 1)*(v_4 - 1)*(v_5 - 1)*(v_6 - 1) + 0.88529281*(v_3 - 1)*(v_4 - v_5*(v_4 - 1))*(v_6 - 1) + 0.11470719))))))
Post simplification
symp_time: 38.2289092540741
number of sums: 35
number of subs: 92
number of prods: 104
opt_time: 2.377990245819092
     fun: 0.8601221591210623
     jac: array([1., 1., 1., 1., 1., 1., 1., 1., 1., 1.])
 message: 'Optimization terminated successfully'
    nfev: 9
     nit: 7
    njev: 7
  status: 0
 success: True
       x: array([0.08601222, 0.08601222, 0.08601222, 0.08601222, 0.08601222,
       0.08601222, 0.08601222, 0.08601222, 0.08601222, 0.08601222])

real	1m2.839s
user	1m0.818s
sys	0m1.679s
Instance: 11
[INFO] aspmc: Tree Decomposition #bags: 40 unfolded treewidth: 4 #vertices: 52
[INFO] aspmc: Preprocessing disabled
[INFO] aspmc:    Stats Compilation
[INFO] aspmc: ------------------------------------------------------------
[INFO] aspmc: X/D-Constrained Tree Decomposition #bags: 34 treewidth: 15 #vertices: 78
[INFO] aspmc: Dtree time:               2.0339596271514893
[INFO] aspmc: Compilation time:         0.1847231388092041
[INFO] aspmc: Preparation time:         0.00013136863708496094
[INFO] aspmc: Counting time:            18.21654748916626
[INFO] aspmc: ------------------------------------------------------------
/home/dazzolin/anaconda3/lib/python3.9/site-packages/scipy/optimize/optimize.py:282: RuntimeWarning: Values in x were outside bounds during a minimize step, clipping to bounds
  warnings.warn("Values in x were outside bounds during a "
[0.03::a0., 0.03::a1., 0.03::a2., 0.03::a3., 0.03::a4., 0.03::a5., 0.03::a6., 0.03::a7., 0.03::a8., 0.03::a9., 0.03::a10., 0.03::a11., 0.03::a12., 0.03::a13., 0.03::a14., 0.03::a15., 0.03::a16., 0.03::a17., 0.03::a18., 0.03::a19., qr:-a0., qr:-a1,not nqr., nqr:-a1,not qr., qr:-a2., qr:-a3,not nqr., nqr:-a3,not qr., qr:-a4., qr:-a5,not nqr., nqr:-a5,not qr., qr:-a6., qr:-a7,not nqr., nqr:-a7,not qr., qr:-a8., qr:-a9,not nqr., nqr:-a9,not qr., qr:-a10., qr:-a11,not nqr., nqr:-a11,not qr., qr:-a12., qr:-a13,not nqr., nqr:-a13,not qr., qr:-a14., qr:-a15,not nqr., nqr:-a15,not qr., qr:-a16., qr:-a17,not nqr., nqr:-a17,not qr., qr:-a18., qr:-a19,not nqr., nqr:-a19,not qr., query(qr).]
tracc
nnf_construction_time: 21.54985475540161
Pre simplification
number of sums: 69631
number of prods: 147455
len(eq): 1920
v_12*(0.912673*v_3*(v_6 - 1)*(v_7 - 1) - 1.0*v_6*(v_7 - 1) + 1.0*v_7 - 0.912673*(v_3 - 1)*(v_4 - 1)*(v_5 - 1)*(v_6 - 1)*(v_7 - 1) - 0.912673*(v_3 - 1)*(v_4 - v_5*(v_4 - 1))*(v_6 - 1)*(v_7 - 1) + 0.087327*(v_6 - 1)*(v_7 - 1)) - (v_12 - 1)*(v_14*(0.912673*v_3*(v_6 - 1)*(v_7 - 1) - 1.0*v_6*(v_7 - 1) + 1.0*v_7 - 0.912673*(v_3 - 1)*(v_4 - 1)*(v_5 - 1)*(v_6 - 1)*(v_7 - 1) - 0.912673*(v_3 - 1)*(v_4 - v_5*(v_4 - 1))*(v_6 - 1)*(v_7 - 1) + 0.087327*(v_6 - 1)*(v_7 - 1)) - (v_14 - 1)*(v_15*(0.912673*v_3*(v_6 - 1)*(v_7 - 1) - 1.0*v_6*(v_7 - 1) + 1.0*v_7 - 0.912673*(v_3 - 1)*(v_4 - 1)*(v_5 - 1)*(v_6 - 1)*(v_7 - 1) - 0.912673*(v_3 - 1)*(v_4 - v_5*(v_4 - 1))*(v_6 - 1)*(v_7 - 1) + 0.087327*(v_6 - 1)*(v_7 - 1)) - (v_15 - 1)*(v_16*(0.912673*v_3*(v_6 - 1)*(v_7 - 1) - 1.0*v_6*(v_7 - 1) + 1.0*v_7 - 0.912673*(v_3 - 1)*(v_4 - 1)*(v_5 - 1)*(v_6 - 1)*(v_7 - 1) - 0.912673*(v_3 - 1)*(v_4 - v_5*(v_4 - 1))*(v_6 - 1)*(v_7 - 1) + 0.087327*(v_6 - 1)*(v_7 - 1)) - (v_16 - 1)*(v_17*(0.912673*v_3*(v_6 - 1)*(v_7 - 1) - 1.0*v_6*(v_7 - 1) + 1.0*v_7 - 0.912673*(v_3 - 1)*(v_4 - 1)*(v_5 - 1)*(v_6 - 1)*(v_7 - 1) - 0.912673*(v_3 - 1)*(v_4 - v_5*(v_4 - 1))*(v_6 - 1)*(v_7 - 1) + 0.087327*(v_6 - 1)*(v_7 - 1)) + (v_17 - 1)*(-1.0*v_1*(0.912673*v_3*(v_6 - 1)*(v_7 - 1) - 1.0*v_6*(v_7 - 1) + 1.0*v_7 - 0.912673*(v_3 - 1)*(v_4 - 1)*(v_5 - 1)*(v_6 - 1)*(v_7 - 1) - 0.912673*(v_3 - 1)*(v_4 - v_5*(v_4 - 1))*(v_6 - 1)*(v_7 - 1) + 0.087327*(v_6 - 1)*(v_7 - 1)) + 0.1412659743*(v_1 - 1)*(0.912673*v_3*(v_6 - 1)*(v_7 - 1) - 1.0*v_6*(v_7 - 1) + 1.0*v_7 - 0.912673*(v_3 - 1)*(v_4 - 1)*(v_5 - 1)*(v_6 - 1)*(v_7 - 1) - 0.912673*(v_3 - 1)*(v_4 - v_5*(v_4 - 1))*(v_6 - 1)*(v_7 - 1) + 0.087327*(v_6 - 1)*(v_7 - 1)) + 0.8587340257*(v_1 - 1)*(0.912673*v_3*(v_6 - 1)*(v_7 - 1) - 1.0*v_6*(v_7 - 1) + 1.0*v_7 - 0.02738019*(v_3 - 1)*(v_4 - 1)*(v_5 - 1)*(v_6 - 1)*(v_7 - 1) - 0.912673*(v_3 - 1)*(v_4 - v_5*(v_4 - 1))*(v_6 - 1)*(v_7 - 1) + 0.087327*(v_6 - 1)*(v_7 - 1)))))))
Post simplification
symp_time: 54.09191155433655
number of sums: 19
number of subs: 156
number of prods: 160
opt_time: 3.4619812965393066
     fun: 0.8916241784618094
     jac: array([1., 1., 1., 1., 1., 1., 1., 1., 1., 1., 1.])
 message: 'Optimization terminated successfully'
    nfev: 9
     nit: 7
    njev: 7
  status: 0
 success: True
       x: array([0.08105674, 0.08105674, 0.08105674, 0.08105674, 0.08105674,
       0.08105674, 0.08105674, 0.08105674, 0.08105674, 0.08105674,
       0.08105674])

real	1m20.426s
user	1m18.181s
sys	0m1.806s
Instance: 12
[INFO] aspmc: Tree Decomposition #bags: 40 unfolded treewidth: 4 #vertices: 52
[INFO] aspmc: Preprocessing disabled
[INFO] aspmc:    Stats Compilation
[INFO] aspmc: ------------------------------------------------------------
[INFO] aspmc: X/D-Constrained Tree Decomposition #bags: 34 treewidth: 15 #vertices: 78
[INFO] aspmc: Dtree time:               2.0336720943450928
[INFO] aspmc: Compilation time:         0.18689298629760742
[INFO] aspmc: Preparation time:         0.0001347064971923828
[INFO] aspmc: Counting time:            17.473677158355713
[INFO] aspmc: ------------------------------------------------------------
/home/dazzolin/anaconda3/lib/python3.9/site-packages/scipy/optimize/optimize.py:282: RuntimeWarning: Values in x were outside bounds during a minimize step, clipping to bounds
  warnings.warn("Values in x were outside bounds during a "
[0.03::a0., 0.03::a1., 0.03::a2., 0.03::a3., 0.03::a4., 0.03::a5., 0.03::a6., 0.03::a7., 0.03::a8., 0.03::a9., 0.03::a10., 0.03::a11., 0.03::a12., 0.03::a13., 0.03::a14., 0.03::a15., 0.03::a16., 0.03::a17., 0.03::a18., 0.03::a19., qr:-a0., qr:-a1,not nqr., nqr:-a1,not qr., qr:-a2., qr:-a3,not nqr., nqr:-a3,not qr., qr:-a4., qr:-a5,not nqr., nqr:-a5,not qr., qr:-a6., qr:-a7,not nqr., nqr:-a7,not qr., qr:-a8., qr:-a9,not nqr., nqr:-a9,not qr., qr:-a10., qr:-a11,not nqr., nqr:-a11,not qr., qr:-a12., qr:-a13,not nqr., nqr:-a13,not qr., qr:-a14., qr:-a15,not nqr., nqr:-a15,not qr., qr:-a16., qr:-a17,not nqr., nqr:-a17,not qr., qr:-a18., qr:-a19,not nqr., nqr:-a19,not qr., query(qr).]
tracc
nnf_construction_time: 20.806227207183838
Pre simplification
number of sums: 69631
number of prods: 147455
len(eq): 2156
v_12*(0.912673*v_3*(v_6 - 1)*(v_7 - 1) - 1.0*v_6*(v_7 - 1) + 1.0*v_7 - 0.912673*(v_3 - 1)*(v_4 - 1)*(v_5 - 1)*(v_6 - 1)*(v_7 - 1) - 0.912673*(v_3 - 1)*(v_4 - v_5*(v_4 - 1))*(v_6 - 1)*(v_7 - 1) + 0.087327*(v_6 - 1)*(v_7 - 1)) - (v_12 - 1)*(v_14*(0.912673*v_3*(v_6 - 1)*(v_7 - 1) - 1.0*v_6*(v_7 - 1) + 1.0*v_7 - 0.912673*(v_3 - 1)*(v_4 - 1)*(v_5 - 1)*(v_6 - 1)*(v_7 - 1) - 0.912673*(v_3 - 1)*(v_4 - v_5*(v_4 - 1))*(v_6 - 1)*(v_7 - 1) + 0.087327*(v_6 - 1)*(v_7 - 1)) - (v_14 - 1)*(v_15*(0.912673*v_3*(v_6 - 1)*(v_7 - 1) - 1.0*v_6*(v_7 - 1) + 1.0*v_7 - 0.912673*(v_3 - 1)*(v_4 - 1)*(v_5 - 1)*(v_6 - 1)*(v_7 - 1) - 0.912673*(v_3 - 1)*(v_4 - v_5*(v_4 - 1))*(v_6 - 1)*(v_7 - 1) + 0.087327*(v_6 - 1)*(v_7 - 1)) - (v_15 - 1)*(v_16*(0.912673*v_3*(v_6 - 1)*(v_7 - 1) - 1.0*v_6*(v_7 - 1) + 1.0*v_7 - 0.912673*(v_3 - 1)*(v_4 - 1)*(v_5 - 1)*(v_6 - 1)*(v_7 - 1) - 0.912673*(v_3 - 1)*(v_4 - v_5*(v_4 - 1))*(v_6 - 1)*(v_7 - 1) + 0.087327*(v_6 - 1)*(v_7 - 1)) - (v_16 - 1)*(v_17*(0.912673*v_3*(v_6 - 1)*(v_7 - 1) - 1.0*v_6*(v_7 - 1) + 1.0*v_7 - 0.912673*(v_3 - 1)*(v_4 - 1)*(v_5 - 1)*(v_6 - 1)*(v_7 - 1) - 0.912673*(v_3 - 1)*(v_4 - v_5*(v_4 - 1))*(v_6 - 1)*(v_7 - 1) + 0.087327*(v_6 - 1)*(v_7 - 1)) - (v_17 - 1)*(v_18*(0.912673*v_3*(v_6 - 1)*(v_7 - 1) - 1.0*v_6*(v_7 - 1) + 1.0*v_7 - 0.912673*(v_3 - 1)*(v_4 - 1)*(v_5 - 1)*(v_6 - 1)*(v_7 - 1) - 0.912673*(v_3 - 1)*(v_4 - v_5*(v_4 - 1))*(v_6 - 1)*(v_7 - 1) + 0.087327*(v_6 - 1)*(v_7 - 1)) + (v_18 - 1)*(-1.0*v_1*(0.912673*v_3*(v_6 - 1)*(v_7 - 1) - 1.0*v_6*(v_7 - 1) + 1.0*v_7 - 0.912673*(v_3 - 1)*(v_4 - 1)*(v_5 - 1)*(v_6 - 1)*(v_7 - 1) - 0.912673*(v_3 - 1)*(v_4 - v_5*(v_4 - 1))*(v_6 - 1)*(v_7 - 1) + 0.087327*(v_6 - 1)*(v_7 - 1)) + 0.11470719*(v_1 - 1)*(0.912673*v_3*(v_6 - 1)*(v_7 - 1) - 1.0*v_6*(v_7 - 1) + 1.0*v_7 - 0.912673*(v_3 - 1)*(v_4 - 1)*(v_5 - 1)*(v_6 - 1)*(v_7 - 1) - 0.912673*(v_3 - 1)*(v_4 - v_5*(v_4 - 1))*(v_6 - 1)*(v_7 - 1) + 0.087327*(v_6 - 1)*(v_7 - 1)) + 0.88529281*(v_1 - 1)*(0.912673*v_3*(v_6 - 1)*(v_7 - 1) - 1.0*v_6*(v_7 - 1) + 1.0*v_7 - 0.02738019*(v_3 - 1)*(v_4 - 1)*(v_5 - 1)*(v_6 - 1)*(v_7 - 1) - 0.912673*(v_3 - 1)*(v_4 - v_5*(v_4 - 1))*(v_6 - 1)*(v_7 - 1) + 0.087327*(v_6 - 1)*(v_7 - 1))))))))
Post simplification
symp_time: 84.0600254535675
number of sums: 21
number of subs: 176
number of prods: 180
opt_time: 4.16726279258728
     fun: 0.9228799850484478
     jac: array([1., 1., 1., 1., 1., 1., 1., 1., 1., 1., 1., 1.])
 message: 'Optimization terminated successfully'
    nfev: 9
     nit: 7
    njev: 7
  status: 0
 success: True
       x: array([0.07690667, 0.07690667, 0.07690667, 0.07690667, 0.07690667,
       0.07690667, 0.07690667, 0.07690667, 0.07690667, 0.07690667,
       0.07690667, 0.07690667])

real	1m50.449s
user	1m48.080s
sys	0m1.894s
Instance: 13
[INFO] aspmc: Tree Decomposition #bags: 40 unfolded treewidth: 4 #vertices: 52
[INFO] aspmc: Preprocessing disabled
[INFO] aspmc:    Stats Compilation
[INFO] aspmc: ------------------------------------------------------------
[INFO] aspmc: X/D-Constrained Tree Decomposition #bags: 34 treewidth: 15 #vertices: 78
[INFO] aspmc: Dtree time:               2.033719539642334
[INFO] aspmc: Compilation time:         0.18421125411987305
[INFO] aspmc: Preparation time:         0.0001361370086669922
[INFO] aspmc: Counting time:            18.099327564239502
[INFO] aspmc: ------------------------------------------------------------
/home/dazzolin/anaconda3/lib/python3.9/site-packages/scipy/optimize/optimize.py:282: RuntimeWarning: Values in x were outside bounds during a minimize step, clipping to bounds
  warnings.warn("Values in x were outside bounds during a "
[0.03::a0., 0.03::a1., 0.03::a2., 0.03::a3., 0.03::a4., 0.03::a5., 0.03::a6., 0.03::a7., 0.03::a8., 0.03::a9., 0.03::a10., 0.03::a11., 0.03::a12., 0.03::a13., 0.03::a14., 0.03::a15., 0.03::a16., 0.03::a17., 0.03::a18., 0.03::a19., qr:-a0., qr:-a1,not nqr., nqr:-a1,not qr., qr:-a2., qr:-a3,not nqr., nqr:-a3,not qr., qr:-a4., qr:-a5,not nqr., nqr:-a5,not qr., qr:-a6., qr:-a7,not nqr., nqr:-a7,not qr., qr:-a8., qr:-a9,not nqr., nqr:-a9,not qr., qr:-a10., qr:-a11,not nqr., nqr:-a11,not qr., qr:-a12., qr:-a13,not nqr., nqr:-a13,not qr., qr:-a14., qr:-a15,not nqr., nqr:-a15,not qr., qr:-a16., qr:-a17,not nqr., nqr:-a17,not qr., qr:-a18., qr:-a19,not nqr., nqr:-a19,not qr., query(qr).]
tracc
nnf_construction_time: 21.43287420272827
Pre simplification
number of sums: 69631
number of prods: 147455
len(eq): 2723
v_12*(-0.9409*v_3*(v_6 - 1)*(v_7 - 1)*(v_8 - 1) - 1.0*v_6*(v_7 - 1) + 1.0*v_7 + 1.0*v_8*(v_6 - 1)*(v_7 - 1) + 0.9409*(v_3 - 1)*(v_4 - 1)*(v_5 - 1)*(v_6 - 1)*(v_7 - 1)*(v_8 - 1) + 0.9409*(v_3 - 1)*(v_4 - v_5*(v_4 - 1))*(v_6 - 1)*(v_7 - 1)*(v_8 - 1) - 0.0591*(v_6 - 1)*(v_7 - 1)*(v_8 - 1)) - (v_12 - 1)*(v_14*(-0.9409*v_3*(v_6 - 1)*(v_7 - 1)*(v_8 - 1) - 1.0*v_6*(v_7 - 1) + 1.0*v_7 + 1.0*v_8*(v_6 - 1)*(v_7 - 1) + 0.9409*(v_3 - 1)*(v_4 - 1)*(v_5 - 1)*(v_6 - 1)*(v_7 - 1)*(v_8 - 1) + 0.9409*(v_3 - 1)*(v_4 - v_5*(v_4 - 1))*(v_6 - 1)*(v_7 - 1)*(v_8 - 1) - 0.0591*(v_6 - 1)*(v_7 - 1)*(v_8 - 1)) - (v_14 - 1)*(v_15*(-0.9409*v_3*(v_6 - 1)*(v_7 - 1)*(v_8 - 1) - 1.0*v_6*(v_7 - 1) + 1.0*v_7 + 1.0*v_8*(v_6 - 1)*(v_7 - 1) + 0.9409*(v_3 - 1)*(v_4 - 1)*(v_5 - 1)*(v_6 - 1)*(v_7 - 1)*(v_8 - 1) + 0.9409*(v_3 - 1)*(v_4 - v_5*(v_4 - 1))*(v_6 - 1)*(v_7 - 1)*(v_8 - 1) - 0.0591*(v_6 - 1)*(v_7 - 1)*(v_8 - 1)) - (v_15 - 1)*(v_16*(-0.9409*v_3*(v_6 - 1)*(v_7 - 1)*(v_8 - 1) - 1.0*v_6*(v_7 - 1) + 1.0*v_7 + 1.0*v_8*(v_6 - 1)*(v_7 - 1) + 0.9409*(v_3 - 1)*(v_4 - 1)*(v_5 - 1)*(v_6 - 1)*(v_7 - 1)*(v_8 - 1) + 0.9409*(v_3 - 1)*(v_4 - v_5*(v_4 - 1))*(v_6 - 1)*(v_7 - 1)*(v_8 - 1) - 0.0591*(v_6 - 1)*(v_7 - 1)*(v_8 - 1)) - (v_16 - 1)*(v_17*(-0.9409*v_3*(v_6 - 1)*(v_7 - 1)*(v_8 - 1) - 1.0*v_6*(v_7 - 1) + 1.0*v_7 + 1.0*v_8*(v_6 - 1)*(v_7 - 1) + 0.9409*(v_3 - 1)*(v_4 - 1)*(v_5 - 1)*(v_6 - 1)*(v_7 - 1)*(v_8 - 1) + 0.9409*(v_3 - 1)*(v_4 - v_5*(v_4 - 1))*(v_6 - 1)*(v_7 - 1)*(v_8 - 1) - 0.0591*(v_6 - 1)*(v_7 - 1)*(v_8 - 1)) - (v_17 - 1)*(v_18*(-0.9409*v_3*(v_6 - 1)*(v_7 - 1)*(v_8 - 1) - 1.0*v_6*(v_7 - 1) + 1.0*v_7 + 1.0*v_8*(v_6 - 1)*(v_7 - 1) + 0.9409*(v_3 - 1)*(v_4 - 1)*(v_5 - 1)*(v_6 - 1)*(v_7 - 1)*(v_8 - 1) + 0.9409*(v_3 - 1)*(v_4 - v_5*(v_4 - 1))*(v_6 - 1)*(v_7 - 1)*(v_8 - 1) - 0.0591*(v_6 - 1)*(v_7 - 1)*(v_8 - 1)) + (v_18 - 1)*(-1.0*v_1*(-0.9409*v_3*(v_6 - 1)*(v_7 - 1)*(v_8 - 1) - 1.0*v_6*(v_7 - 1) + 1.0*v_7 + 1.0*v_8*(v_6 - 1)*(v_7 - 1) + 0.9409*(v_3 - 1)*(v_4 - 1)*(v_5 - 1)*(v_6 - 1)*(v_7 - 1)*(v_8 - 1) + 0.9409*(v_3 - 1)*(v_4 - v_5*(v_4 - 1))*(v_6 - 1)*(v_7 - 1)*(v_8 - 1) - 0.0591*(v_6 - 1)*(v_7 - 1)*(v_8 - 1)) + 0.88529281*(v_1 - 1)*(-0.9409*v_3*(v_6 - 1)*(v_7 - 1)*(v_8 - 1) - 1.0*v_6*(v_7 - 1) + 1.0*v_7 + 1.0*v_8*(v_6 - 1)*(v_7 - 1) + 0.028227*(v_3 - 1)*(v_4 - 1)*(v_5 - 1)*(v_6 - 1)*(v_7 - 1)*(v_8 - 1) + 0.9409*(v_3 - 1)*(v_4 - v_5*(v_4 - 1))*(v_6 - 1)*(v_7 - 1)*(v_8 - 1) - 0.0591*(v_6 - 1)*(v_7 - 1)*(v_8 - 1)) + 0.11470719*(v_1 - 1)*(-0.9409*v_3*(v_6 - 1)*(v_7 - 1)*(v_8 - 1) - 1.0*v_6*(v_7 - 1) + 1.0*v_7 + 1.0*v_8*(v_6 - 1)*(v_7 - 1) + 0.9409*(v_3 - 1)*(v_4 - 1)*(v_5 - 1)*(v_6 - 1)*(v_7 - 1)*(v_8 - 1) + 0.9409*(v_3 - 1)*(v_4 - v_5*(v_4 - 1))*(v_6 - 1)*(v_7 - 1)*(v_8 - 1) - 0.0591*(v_6 - 1)*(v_7 - 1)*(v_8 - 1))))))))
Post simplification
symp_time: 144.1295063495636
number of sums: 39
number of subs: 230
number of prods: 243
opt_time: 5.772007942199707
     fun: 0.9539455288033466
     jac: array([1., 1., 1., 1., 1., 1., 1., 1., 1., 1., 1., 1., 1.])
 message: 'Optimization terminated successfully'
    nfev: 9
     nit: 7
    njev: 7
  status: 0
 success: True
       x: array([0.07338043, 0.07338043, 0.07338043, 0.07338043, 0.07338043,
       0.07338043, 0.07338043, 0.07338043, 0.07338043, 0.07338043,
       0.07338043, 0.07338043, 0.07338043])

real	2m52.818s
user	2m49.913s
sys	0m2.263s
Instance: 14
[INFO] aspmc: Tree Decomposition #bags: 40 unfolded treewidth: 4 #vertices: 52
[INFO] aspmc: Preprocessing disabled
[INFO] aspmc:    Stats Compilation
[INFO] aspmc: ------------------------------------------------------------
[INFO] aspmc: X/D-Constrained Tree Decomposition #bags: 34 treewidth: 15 #vertices: 78
[INFO] aspmc: Dtree time:               2.0332956314086914
[INFO] aspmc: Compilation time:         0.18248534202575684
[INFO] aspmc: Preparation time:         0.00013709068298339844
[INFO] aspmc: Counting time:            17.127681255340576
[INFO] aspmc: ------------------------------------------------------------
/home/dazzolin/anaconda3/lib/python3.9/site-packages/scipy/optimize/optimize.py:282: RuntimeWarning: Values in x were outside bounds during a minimize step, clipping to bounds
  warnings.warn("Values in x were outside bounds during a "
[0.03::a0., 0.03::a1., 0.03::a2., 0.03::a3., 0.03::a4., 0.03::a5., 0.03::a6., 0.03::a7., 0.03::a8., 0.03::a9., 0.03::a10., 0.03::a11., 0.03::a12., 0.03::a13., 0.03::a14., 0.03::a15., 0.03::a16., 0.03::a17., 0.03::a18., 0.03::a19., qr:-a0., qr:-a1,not nqr., nqr:-a1,not qr., qr:-a2., qr:-a3,not nqr., nqr:-a3,not qr., qr:-a4., qr:-a5,not nqr., nqr:-a5,not qr., qr:-a6., qr:-a7,not nqr., nqr:-a7,not qr., qr:-a8., qr:-a9,not nqr., nqr:-a9,not qr., qr:-a10., qr:-a11,not nqr., nqr:-a11,not qr., qr:-a12., qr:-a13,not nqr., nqr:-a13,not qr., qr:-a14., qr:-a15,not nqr., nqr:-a15,not qr., qr:-a16., qr:-a17,not nqr., nqr:-a17,not qr., qr:-a18., qr:-a19,not nqr., nqr:-a19,not qr., query(qr).]
tracc
nnf_construction_time: 20.45561456680298
Pre simplification
number of sums: 69631
number of prods: 147455
len(eq): 3022
v_12*(-0.9409*v_3*(v_6 - 1)*(v_7 - 1)*(v_8 - 1) - 1.0*v_6*(v_7 - 1) + 1.0*v_7 + 1.0*v_8*(v_6 - 1)*(v_7 - 1) + 0.9409*(v_3 - 1)*(v_4 - 1)*(v_5 - 1)*(v_6 - 1)*(v_7 - 1)*(v_8 - 1) + 0.9409*(v_3 - 1)*(v_4 - v_5*(v_4 - 1))*(v_6 - 1)*(v_7 - 1)*(v_8 - 1) - 0.0591*(v_6 - 1)*(v_7 - 1)*(v_8 - 1)) - (v_12 - 1)*(v_14*(-0.9409*v_3*(v_6 - 1)*(v_7 - 1)*(v_8 - 1) - 1.0*v_6*(v_7 - 1) + 1.0*v_7 + 1.0*v_8*(v_6 - 1)*(v_7 - 1) + 0.9409*(v_3 - 1)*(v_4 - 1)*(v_5 - 1)*(v_6 - 1)*(v_7 - 1)*(v_8 - 1) + 0.9409*(v_3 - 1)*(v_4 - v_5*(v_4 - 1))*(v_6 - 1)*(v_7 - 1)*(v_8 - 1) - 0.0591*(v_6 - 1)*(v_7 - 1)*(v_8 - 1)) - (v_14 - 1)*(v_15*(-0.9409*v_3*(v_6 - 1)*(v_7 - 1)*(v_8 - 1) - 1.0*v_6*(v_7 - 1) + 1.0*v_7 + 1.0*v_8*(v_6 - 1)*(v_7 - 1) + 0.9409*(v_3 - 1)*(v_4 - 1)*(v_5 - 1)*(v_6 - 1)*(v_7 - 1)*(v_8 - 1) + 0.9409*(v_3 - 1)*(v_4 - v_5*(v_4 - 1))*(v_6 - 1)*(v_7 - 1)*(v_8 - 1) - 0.0591*(v_6 - 1)*(v_7 - 1)*(v_8 - 1)) - (v_15 - 1)*(v_16*(-0.9409*v_3*(v_6 - 1)*(v_7 - 1)*(v_8 - 1) - 1.0*v_6*(v_7 - 1) + 1.0*v_7 + 1.0*v_8*(v_6 - 1)*(v_7 - 1) + 0.9409*(v_3 - 1)*(v_4 - 1)*(v_5 - 1)*(v_6 - 1)*(v_7 - 1)*(v_8 - 1) + 0.9409*(v_3 - 1)*(v_4 - v_5*(v_4 - 1))*(v_6 - 1)*(v_7 - 1)*(v_8 - 1) - 0.0591*(v_6 - 1)*(v_7 - 1)*(v_8 - 1)) - (v_16 - 1)*(v_17*(-0.9409*v_3*(v_6 - 1)*(v_7 - 1)*(v_8 - 1) - 1.0*v_6*(v_7 - 1) + 1.0*v_7 + 1.0*v_8*(v_6 - 1)*(v_7 - 1) + 0.9409*(v_3 - 1)*(v_4 - 1)*(v_5 - 1)*(v_6 - 1)*(v_7 - 1)*(v_8 - 1) + 0.9409*(v_3 - 1)*(v_4 - v_5*(v_4 - 1))*(v_6 - 1)*(v_7 - 1)*(v_8 - 1) - 0.0591*(v_6 - 1)*(v_7 - 1)*(v_8 - 1)) - (v_17 - 1)*(v_18*(-0.9409*v_3*(v_6 - 1)*(v_7 - 1)*(v_8 - 1) - 1.0*v_6*(v_7 - 1) + 1.0*v_7 + 1.0*v_8*(v_6 - 1)*(v_7 - 1) + 0.9409*(v_3 - 1)*(v_4 - 1)*(v_5 - 1)*(v_6 - 1)*(v_7 - 1)*(v_8 - 1) + 0.9409*(v_3 - 1)*(v_4 - v_5*(v_4 - 1))*(v_6 - 1)*(v_7 - 1)*(v_8 - 1) - 0.0591*(v_6 - 1)*(v_7 - 1)*(v_8 - 1)) - (v_18 - 1)*(v_19*(-0.9409*v_3*(v_6 - 1)*(v_7 - 1)*(v_8 - 1) - 1.0*v_6*(v_7 - 1) + 1.0*v_7 + 1.0*v_8*(v_6 - 1)*(v_7 - 1) + 0.9409*(v_3 - 1)*(v_4 - 1)*(v_5 - 1)*(v_6 - 1)*(v_7 - 1)*(v_8 - 1) + 0.9409*(v_3 - 1)*(v_4 - v_5*(v_4 - 1))*(v_6 - 1)*(v_7 - 1)*(v_8 - 1) - 0.0591*(v_6 - 1)*(v_7 - 1)*(v_8 - 1)) + (v_19 - 1)*(-1.0*v_1*(-0.9409*v_3*(v_6 - 1)*(v_7 - 1)*(v_8 - 1) - 1.0*v_6*(v_7 - 1) + 1.0*v_7 + 1.0*v_8*(v_6 - 1)*(v_7 - 1) + 0.9409*(v_3 - 1)*(v_4 - 1)*(v_5 - 1)*(v_6 - 1)*(v_7 - 1)*(v_8 - 1) + 0.9409*(v_3 - 1)*(v_4 - v_5*(v_4 - 1))*(v_6 - 1)*(v_7 - 1)*(v_8 - 1) - 0.0591*(v_6 - 1)*(v_7 - 1)*(v_8 - 1)) + 0.912673*(v_1 - 1)*(-0.9409*v_3*(v_6 - 1)*(v_7 - 1)*(v_8 - 1) - 1.0*v_6*(v_7 - 1) + 1.0*v_7 + 1.0*v_8*(v_6 - 1)*(v_7 - 1) + 0.028227*(v_3 - 1)*(v_4 - 1)*(v_5 - 1)*(v_6 - 1)*(v_7 - 1)*(v_8 - 1) + 0.9409*(v_3 - 1)*(v_4 - v_5*(v_4 - 1))*(v_6 - 1)*(v_7 - 1)*(v_8 - 1) - 0.0591*(v_6 - 1)*(v_7 - 1)*(v_8 - 1)) + 0.087327*(v_1 - 1)*(-0.9409*v_3*(v_6 - 1)*(v_7 - 1)*(v_8 - 1) - 1.0*v_6*(v_7 - 1) + 1.0*v_7 + 1.0*v_8*(v_6 - 1)*(v_7 - 1) + 0.9409*(v_3 - 1)*(v_4 - 1)*(v_5 - 1)*(v_6 - 1)*(v_7 - 1)*(v_8 - 1) + 0.9409*(v_3 - 1)*(v_4 - v_5*(v_4 - 1))*(v_6 - 1)*(v_7 - 1)*(v_8 - 1) - 0.0591*(v_6 - 1)*(v_7 - 1)*(v_8 - 1)))))))))
Post simplification
symp_time: 265.065144777298
number of sums: 43
number of subs: 256
number of prods: 270
opt_time: 6.816902160644531
     fun: 0.9848610018982413
     jac: array([1., 1., 1., 1., 1., 1., 1., 1., 1., 1., 1., 1., 1., 1.])
 message: 'Optimization terminated successfully'
    nfev: 9
     nit: 7
    njev: 7
  status: 0
 success: True
       x: array([0.07034721, 0.07034721, 0.07034721, 0.07034721, 0.07034721,
       0.07034721, 0.07034721, 0.07034721, 0.07034721, 0.07034721,
       0.07034721, 0.07034721, 0.07034721, 0.07034721])

real	4m53.977s
user	4m50.547s
sys	0m2.574s
Instance: 15
[INFO] aspmc: Tree Decomposition #bags: 40 unfolded treewidth: 4 #vertices: 52
[INFO] aspmc: Preprocessing disabled
[INFO] aspmc:    Stats Compilation
[INFO] aspmc: ------------------------------------------------------------
[INFO] aspmc: X/D-Constrained Tree Decomposition #bags: 34 treewidth: 15 #vertices: 78
[INFO] aspmc: Dtree time:               2.0334272384643555
[INFO] aspmc: Compilation time:         0.18459200859069824
[INFO] aspmc: Preparation time:         0.00013899803161621094
[INFO] aspmc: Counting time:            17.099656581878662
[INFO] aspmc: ------------------------------------------------------------
/home/dazzolin/anaconda3/lib/python3.9/site-packages/scipy/optimize/optimize.py:282: RuntimeWarning: Values in x were outside bounds during a minimize step, clipping to bounds
  warnings.warn("Values in x were outside bounds during a "
[0.03::a0., 0.03::a1., 0.03::a2., 0.03::a3., 0.03::a4., 0.03::a5., 0.03::a6., 0.03::a7., 0.03::a8., 0.03::a9., 0.03::a10., 0.03::a11., 0.03::a12., 0.03::a13., 0.03::a14., 0.03::a15., 0.03::a16., 0.03::a17., 0.03::a18., 0.03::a19., qr:-a0., qr:-a1,not nqr., nqr:-a1,not qr., qr:-a2., qr:-a3,not nqr., nqr:-a3,not qr., qr:-a4., qr:-a5,not nqr., nqr:-a5,not qr., qr:-a6., qr:-a7,not nqr., nqr:-a7,not qr., qr:-a8., qr:-a9,not nqr., nqr:-a9,not qr., qr:-a10., qr:-a11,not nqr., nqr:-a11,not qr., qr:-a12., qr:-a13,not nqr., nqr:-a13,not qr., qr:-a14., qr:-a15,not nqr., nqr:-a15,not qr., qr:-a16., qr:-a17,not nqr., nqr:-a17,not qr., qr:-a18., qr:-a19,not nqr., nqr:-a19,not qr., query(qr).]
tracc
nnf_construction_time: 20.429227590560913
Pre simplification
number of sums: 69631
number of prods: 147455
len(eq): 3732
v_12*(0.97*v_3*(v_6 - 1)*(v_7 - 1)*(v_8 - 1)*(v_9 - 1) - 1.0*v_6*(v_7 - 1) + 1.0*v_7 + 1.0*v_8*(v_6 - 1)*(v_7 - 1) - 1.0*v_9*(v_6 - 1)*(v_7 - 1)*(v_8 - 1) - 0.97*(v_3 - 1)*(v_4 - 1)*(v_5 - 1)*(v_6 - 1)*(v_7 - 1)*(v_8 - 1)*(v_9 - 1) - 0.97*(v_3 - 1)*(v_4 - v_5*(v_4 - 1))*(v_6 - 1)*(v_7 - 1)*(v_8 - 1)*(v_9 - 1) + 0.03*(v_6 - 1)*(v_7 - 1)*(v_8 - 1)*(v_9 - 1)) - (v_12 - 1)*(v_14*(0.97*v_3*(v_6 - 1)*(v_7 - 1)*(v_8 - 1)*(v_9 - 1) - 1.0*v_6*(v_7 - 1) + 1.0*v_7 + 1.0*v_8*(v_6 - 1)*(v_7 - 1) - 1.0*v_9*(v_6 - 1)*(v_7 - 1)*(v_8 - 1) - 0.97*(v_3 - 1)*(v_4 - 1)*(v_5 - 1)*(v_6 - 1)*(v_7 - 1)*(v_8 - 1)*(v_9 - 1) - 0.97*(v_3 - 1)*(v_4 - v_5*(v_4 - 1))*(v_6 - 1)*(v_7 - 1)*(v_8 - 1)*(v_9 - 1) + 0.03*(v_6 - 1)*(v_7 - 1)*(v_8 - 1)*(v_9 - 1)) - (v_14 - 1)*(v_15*(0.97*v_3*(v_6 - 1)*(v_7 - 1)*(v_8 - 1)*(v_9 - 1) - 1.0*v_6*(v_7 - 1) + 1.0*v_7 + 1.0*v_8*(v_6 - 1)*(v_7 - 1) - 1.0*v_9*(v_6 - 1)*(v_7 - 1)*(v_8 - 1) - 0.97*(v_3 - 1)*(v_4 - 1)*(v_5 - 1)*(v_6 - 1)*(v_7 - 1)*(v_8 - 1)*(v_9 - 1) - 0.97*(v_3 - 1)*(v_4 - v_5*(v_4 - 1))*(v_6 - 1)*(v_7 - 1)*(v_8 - 1)*(v_9 - 1) + 0.03*(v_6 - 1)*(v_7 - 1)*(v_8 - 1)*(v_9 - 1)) - (v_15 - 1)*(v_16*(0.97*v_3*(v_6 - 1)*(v_7 - 1)*(v_8 - 1)*(v_9 - 1) - 1.0*v_6*(v_7 - 1) + 1.0*v_7 + 1.0*v_8*(v_6 - 1)*(v_7 - 1) - 1.0*v_9*(v_6 - 1)*(v_7 - 1)*(v_8 - 1) - 0.97*(v_3 - 1)*(v_4 - 1)*(v_5 - 1)*(v_6 - 1)*(v_7 - 1)*(v_8 - 1)*(v_9 - 1) - 0.97*(v_3 - 1)*(v_4 - v_5*(v_4 - 1))*(v_6 - 1)*(v_7 - 1)*(v_8 - 1)*(v_9 - 1) + 0.03*(v_6 - 1)*(v_7 - 1)*(v_8 - 1)*(v_9 - 1)) - (v_16 - 1)*(v_17*(0.97*v_3*(v_6 - 1)*(v_7 - 1)*(v_8 - 1)*(v_9 - 1) - 1.0*v_6*(v_7 - 1) + 1.0*v_7 + 1.0*v_8*(v_6 - 1)*(v_7 - 1) - 1.0*v_9*(v_6 - 1)*(v_7 - 1)*(v_8 - 1) - 0.97*(v_3 - 1)*(v_4 - 1)*(v_5 - 1)*(v_6 - 1)*(v_7 - 1)*(v_8 - 1)*(v_9 - 1) - 0.97*(v_3 - 1)*(v_4 - v_5*(v_4 - 1))*(v_6 - 1)*(v_7 - 1)*(v_8 - 1)*(v_9 - 1) + 0.03*(v_6 - 1)*(v_7 - 1)*(v_8 - 1)*(v_9 - 1)) - (v_17 - 1)*(v_18*(0.97*v_3*(v_6 - 1)*(v_7 - 1)*(v_8 - 1)*(v_9 - 1) - 1.0*v_6*(v_7 - 1) + 1.0*v_7 + 1.0*v_8*(v_6 - 1)*(v_7 - 1) - 1.0*v_9*(v_6 - 1)*(v_7 - 1)*(v_8 - 1) - 0.97*(v_3 - 1)*(v_4 - 1)*(v_5 - 1)*(v_6 - 1)*(v_7 - 1)*(v_8 - 1)*(v_9 - 1) - 0.97*(v_3 - 1)*(v_4 - v_5*(v_4 - 1))*(v_6 - 1)*(v_7 - 1)*(v_8 - 1)*(v_9 - 1) + 0.03*(v_6 - 1)*(v_7 - 1)*(v_8 - 1)*(v_9 - 1)) - (v_18 - 1)*(v_19*(0.97*v_3*(v_6 - 1)*(v_7 - 1)*(v_8 - 1)*(v_9 - 1) - 1.0*v_6*(v_7 - 1) + 1.0*v_7 + 1.0*v_8*(v_6 - 1)*(v_7 - 1) - 1.0*v_9*(v_6 - 1)*(v_7 - 1)*(v_8 - 1) - 0.97*(v_3 - 1)*(v_4 - 1)*(v_5 - 1)*(v_6 - 1)*(v_7 - 1)*(v_8 - 1)*(v_9 - 1) - 0.97*(v_3 - 1)*(v_4 - v_5*(v_4 - 1))*(v_6 - 1)*(v_7 - 1)*(v_8 - 1)*(v_9 - 1) + 0.03*(v_6 - 1)*(v_7 - 1)*(v_8 - 1)*(v_9 - 1)) + (v_19 - 1)*(-1.0*v_1*(0.97*v_3*(v_6 - 1)*(v_7 - 1)*(v_8 - 1)*(v_9 - 1) - 1.0*v_6*(v_7 - 1) + 1.0*v_7 + 1.0*v_8*(v_6 - 1)*(v_7 - 1) - 1.0*v_9*(v_6 - 1)*(v_7 - 1)*(v_8 - 1) - 0.97*(v_3 - 1)*(v_4 - 1)*(v_5 - 1)*(v_6 - 1)*(v_7 - 1)*(v_8 - 1)*(v_9 - 1) - 0.97*(v_3 - 1)*(v_4 - v_5*(v_4 - 1))*(v_6 - 1)*(v_7 - 1)*(v_8 - 1)*(v_9 - 1) + 0.03*(v_6 - 1)*(v_7 - 1)*(v_8 - 1)*(v_9 - 1)) + 0.087327*(v_1 - 1)*(0.97*v_3*(v_6 - 1)*(v_7 - 1)*(v_8 - 1)*(v_9 - 1) - 1.0*v_6*(v_7 - 1) + 1.0*v_7 + 1.0*v_8*(v_6 - 1)*(v_7 - 1) - 1.0*v_9*(v_6 - 1)*(v_7 - 1)*(v_8 - 1) - 0.97*(v_3 - 1)*(v_4 - 1)*(v_5 - 1)*(v_6 - 1)*(v_7 - 1)*(v_8 - 1)*(v_9 - 1) - 0.97*(v_3 - 1)*(v_4 - v_5*(v_4 - 1))*(v_6 - 1)*(v_7 - 1)*(v_8 - 1)*(v_9 - 1) + 0.03*(v_6 - 1)*(v_7 - 1)*(v_8 - 1)*(v_9 - 1)) + 0.912673*(v_1 - 1)*(0.97*v_3*(v_6 - 1)*(v_7 - 1)*(v_8 - 1)*(v_9 - 1) - 1.0*v_6*(v_7 - 1) + 1.0*v_7 + 1.0*v_8*(v_6 - 1)*(v_7 - 1) - 1.0*v_9*(v_6 - 1)*(v_7 - 1)*(v_8 - 1) - 0.0291*(v_3 - 1)*(v_4 - 1)*(v_5 - 1)*(v_6 - 1)*(v_7 - 1)*(v_8 - 1)*(v_9 - 1) - 0.97*(v_3 - 1)*(v_4 - v_5*(v_4 - 1))*(v_6 - 1)*(v_7 - 1)*(v_8 - 1)*(v_9 - 1) + 0.03*(v_6 - 1)*(v_7 - 1)*(v_8 - 1)*(v_9 - 1)))))))))
Post simplification
symp_time: 494.4007046222687
number of sums: 33
number of subs: 336
number of prods: 350
opt_time: 8.539949417114258
     fun: 1.0156560211289307
     jac: array([1., 1., 1., 1., 1., 1., 1., 1., 1., 1., 1., 1., 1., 1., 1.])
 message: 'Optimization terminated successfully'
    nfev: 9
     nit: 7
    njev: 7
  status: 0
 success: True
       x: array([0.0677104, 0.0677104, 0.0677104, 0.0677104, 0.0677104, 0.0677104,
       0.0677104, 0.0677104, 0.0677104, 0.0677104, 0.0677104, 0.0677104,
       0.0677104, 0.0677104, 0.0677104])

real	8m45.427s
user	8m40.951s
sys	0m3.191s
Instance: 16
[INFO] aspmc: Tree Decomposition #bags: 40 unfolded treewidth: 4 #vertices: 52
[INFO] aspmc: Preprocessing disabled
[INFO] aspmc:    Stats Compilation
[INFO] aspmc: ------------------------------------------------------------
[INFO] aspmc: X/D-Constrained Tree Decomposition #bags: 34 treewidth: 15 #vertices: 78
[INFO] aspmc: Dtree time:               2.0333709716796875
[INFO] aspmc: Compilation time:         0.17688226699829102
[INFO] aspmc: Preparation time:         0.00013494491577148438
[INFO] aspmc: Counting time:            16.60826563835144
[INFO] aspmc: ------------------------------------------------------------
[0.03::a0., 0.03::a1., 0.03::a2., 0.03::a3., 0.03::a4., 0.03::a5., 0.03::a6., 0.03::a7., 0.03::a8., 0.03::a9., 0.03::a10., 0.03::a11., 0.03::a12., 0.03::a13., 0.03::a14., 0.03::a15., 0.03::a16., 0.03::a17., 0.03::a18., 0.03::a19., qr:-a0., qr:-a1,not nqr., nqr:-a1,not qr., qr:-a2., qr:-a3,not nqr., nqr:-a3,not qr., qr:-a4., qr:-a5,not nqr., nqr:-a5,not qr., qr:-a6., qr:-a7,not nqr., nqr:-a7,not qr., qr:-a8., qr:-a9,not nqr., nqr:-a9,not qr., qr:-a10., qr:-a11,not nqr., nqr:-a11,not qr., qr:-a12., qr:-a13,not nqr., nqr:-a13,not qr., qr:-a14., qr:-a15,not nqr., nqr:-a15,not qr., qr:-a16., qr:-a17,not nqr., nqr:-a17,not qr., qr:-a18., qr:-a19,not nqr., nqr:-a19,not qr., query(qr).]
tracc
nnf_construction_time: 19.93392539024353
Pre simplification
number of sums: 69631
number of prods: 147455
len(eq): 4102
v_12*(0.97*v_3*(v_6 - 1)*(v_7 - 1)*(v_8 - 1)*(v_9 - 1) - 1.0*v_6*(v_7 - 1) + 1.0*v_7 + 1.0*v_8*(v_6 - 1)*(v_7 - 1) - 1.0*v_9*(v_6 - 1)*(v_7 - 1)*(v_8 - 1) - 0.97*(v_3 - 1)*(v_4 - 1)*(v_5 - 1)*(v_6 - 1)*(v_7 - 1)*(v_8 - 1)*(v_9 - 1) - 0.97*(v_3 - 1)*(v_4 - v_5*(v_4 - 1))*(v_6 - 1)*(v_7 - 1)*(v_8 - 1)*(v_9 - 1) + 0.03*(v_6 - 1)*(v_7 - 1)*(v_8 - 1)*(v_9 - 1)) - (v_12 - 1)*(v_14*(0.97*v_3*(v_6 - 1)*(v_7 - 1)*(v_8 - 1)*(v_9 - 1) - 1.0*v_6*(v_7 - 1) + 1.0*v_7 + 1.0*v_8*(v_6 - 1)*(v_7 - 1) - 1.0*v_9*(v_6 - 1)*(v_7 - 1)*(v_8 - 1) - 0.97*(v_3 - 1)*(v_4 - 1)*(v_5 - 1)*(v_6 - 1)*(v_7 - 1)*(v_8 - 1)*(v_9 - 1) - 0.97*(v_3 - 1)*(v_4 - v_5*(v_4 - 1))*(v_6 - 1)*(v_7 - 1)*(v_8 - 1)*(v_9 - 1) + 0.03*(v_6 - 1)*(v_7 - 1)*(v_8 - 1)*(v_9 - 1)) - (v_14 - 1)*(v_15*(0.97*v_3*(v_6 - 1)*(v_7 - 1)*(v_8 - 1)*(v_9 - 1) - 1.0*v_6*(v_7 - 1) + 1.0*v_7 + 1.0*v_8*(v_6 - 1)*(v_7 - 1) - 1.0*v_9*(v_6 - 1)*(v_7 - 1)*(v_8 - 1) - 0.97*(v_3 - 1)*(v_4 - 1)*(v_5 - 1)*(v_6 - 1)*(v_7 - 1)*(v_8 - 1)*(v_9 - 1) - 0.97*(v_3 - 1)*(v_4 - v_5*(v_4 - 1))*(v_6 - 1)*(v_7 - 1)*(v_8 - 1)*(v_9 - 1) + 0.03*(v_6 - 1)*(v_7 - 1)*(v_8 - 1)*(v_9 - 1)) - (v_15 - 1)*(v_16*(0.97*v_3*(v_6 - 1)*(v_7 - 1)*(v_8 - 1)*(v_9 - 1) - 1.0*v_6*(v_7 - 1) + 1.0*v_7 + 1.0*v_8*(v_6 - 1)*(v_7 - 1) - 1.0*v_9*(v_6 - 1)*(v_7 - 1)*(v_8 - 1) - 0.97*(v_3 - 1)*(v_4 - 1)*(v_5 - 1)*(v_6 - 1)*(v_7 - 1)*(v_8 - 1)*(v_9 - 1) - 0.97*(v_3 - 1)*(v_4 - v_5*(v_4 - 1))*(v_6 - 1)*(v_7 - 1)*(v_8 - 1)*(v_9 - 1) + 0.03*(v_6 - 1)*(v_7 - 1)*(v_8 - 1)*(v_9 - 1)) - (v_16 - 1)*(v_17*(0.97*v_3*(v_6 - 1)*(v_7 - 1)*(v_8 - 1)*(v_9 - 1) - 1.0*v_6*(v_7 - 1) + 1.0*v_7 + 1.0*v_8*(v_6 - 1)*(v_7 - 1) - 1.0*v_9*(v_6 - 1)*(v_7 - 1)*(v_8 - 1) - 0.97*(v_3 - 1)*(v_4 - 1)*(v_5 - 1)*(v_6 - 1)*(v_7 - 1)*(v_8 - 1)*(v_9 - 1) - 0.97*(v_3 - 1)*(v_4 - v_5*(v_4 - 1))*(v_6 - 1)*(v_7 - 1)*(v_8 - 1)*(v_9 - 1) + 0.03*(v_6 - 1)*(v_7 - 1)*(v_8 - 1)*(v_9 - 1)) - (v_17 - 1)*(v_18*(0.97*v_3*(v_6 - 1)*(v_7 - 1)*(v_8 - 1)*(v_9 - 1) - 1.0*v_6*(v_7 - 1) + 1.0*v_7 + 1.0*v_8*(v_6 - 1)*(v_7 - 1) - 1.0*v_9*(v_6 - 1)*(v_7 - 1)*(v_8 - 1) - 0.97*(v_3 - 1)*(v_4 - 1)*(v_5 - 1)*(v_6 - 1)*(v_7 - 1)*(v_8 - 1)*(v_9 - 1) - 0.97*(v_3 - 1)*(v_4 - v_5*(v_4 - 1))*(v_6 - 1)*(v_7 - 1)*(v_8 - 1)*(v_9 - 1) + 0.03*(v_6 - 1)*(v_7 - 1)*(v_8 - 1)*(v_9 - 1)) - (v_18 - 1)*(v_19*(0.97*v_3*(v_6 - 1)*(v_7 - 1)*(v_8 - 1)*(v_9 - 1) - 1.0*v_6*(v_7 - 1) + 1.0*v_7 + 1.0*v_8*(v_6 - 1)*(v_7 - 1) - 1.0*v_9*(v_6 - 1)*(v_7 - 1)*(v_8 - 1) - 0.97*(v_3 - 1)*(v_4 - 1)*(v_5 - 1)*(v_6 - 1)*(v_7 - 1)*(v_8 - 1)*(v_9 - 1) - 0.97*(v_3 - 1)*(v_4 - v_5*(v_4 - 1))*(v_6 - 1)*(v_7 - 1)*(v_8 - 1)*(v_9 - 1) + 0.03*(v_6 - 1)*(v_7 - 1)*(v_8 - 1)*(v_9 - 1)) - (v_19 - 1)*(v_20*(0.97*v_3*(v_6 - 1)*(v_7 - 1)*(v_8 - 1)*(v_9 - 1) - 1.0*v_6*(v_7 - 1) + 1.0*v_7 + 1.0*v_8*(v_6 - 1)*(v_7 - 1) - 1.0*v_9*(v_6 - 1)*(v_7 - 1)*(v_8 - 1) - 0.97*(v_3 - 1)*(v_4 - 1)*(v_5 - 1)*(v_6 - 1)*(v_7 - 1)*(v_8 - 1)*(v_9 - 1) - 0.97*(v_3 - 1)*(v_4 - v_5*(v_4 - 1))*(v_6 - 1)*(v_7 - 1)*(v_8 - 1)*(v_9 - 1) + 0.03*(v_6 - 1)*(v_7 - 1)*(v_8 - 1)*(v_9 - 1)) + (v_20 - 1)*(-1.0*v_1*(0.97*v_3*(v_6 - 1)*(v_7 - 1)*(v_8 - 1)*(v_9 - 1) - 1.0*v_6*(v_7 - 1) + 1.0*v_7 + 1.0*v_8*(v_6 - 1)*(v_7 - 1) - 1.0*v_9*(v_6 - 1)*(v_7 - 1)*(v_8 - 1) - 0.97*(v_3 - 1)*(v_4 - 1)*(v_5 - 1)*(v_6 - 1)*(v_7 - 1)*(v_8 - 1)*(v_9 - 1) - 0.97*(v_3 - 1)*(v_4 - v_5*(v_4 - 1))*(v_6 - 1)*(v_7 - 1)*(v_8 - 1)*(v_9 - 1) + 0.03*(v_6 - 1)*(v_7 - 1)*(v_8 - 1)*(v_9 - 1)) + 0.0591*(v_1 - 1)*(0.97*v_3*(v_6 - 1)*(v_7 - 1)*(v_8 - 1)*(v_9 - 1) - 1.0*v_6*(v_7 - 1) + 1.0*v_7 + 1.0*v_8*(v_6 - 1)*(v_7 - 1) - 1.0*v_9*(v_6 - 1)*(v_7 - 1)*(v_8 - 1) - 0.97*(v_3 - 1)*(v_4 - 1)*(v_5 - 1)*(v_6 - 1)*(v_7 - 1)*(v_8 - 1)*(v_9 - 1) - 0.97*(v_3 - 1)*(v_4 - v_5*(v_4 - 1))*(v_6 - 1)*(v_7 - 1)*(v_8 - 1)*(v_9 - 1) + 0.03*(v_6 - 1)*(v_7 - 1)*(v_8 - 1)*(v_9 - 1)) + 0.9409*(v_1 - 1)*(0.97*v_3*(v_6 - 1)*(v_7 - 1)*(v_8 - 1)*(v_9 - 1) - 1.0*v_6*(v_7 - 1) + 1.0*v_7 + 1.0*v_8*(v_6 - 1)*(v_7 - 1) - 1.0*v_9*(v_6 - 1)*(v_7 - 1)*(v_8 - 1) - 0.0291*(v_3 - 1)*(v_4 - 1)*(v_5 - 1)*(v_6 - 1)*(v_7 - 1)*(v_8 - 1)*(v_9 - 1) - 0.97*(v_3 - 1)*(v_4 - v_5*(v_4 - 1))*(v_6 - 1)*(v_7 - 1)*(v_8 - 1)*(v_9 - 1) + 0.03*(v_6 - 1)*(v_7 - 1)*(v_8 - 1)*(v_9 - 1))))))))))
Post simplification
symp_time: 986.1809730529785
number of sums: 36
number of subs: 370
number of prods: 385
opt_time: 9.919124841690063
     fun: 1.0463528913512241
     jac: array([1., 1., 1., 1., 1., 1., 1., 1., 1., 1., 1., 1., 1., 1., 1., 1.])
 message: 'Optimization terminated successfully'
    nfev: 9
     nit: 7
    njev: 7
  status: 0
 success: True
       x: array([0.06539706, 0.06539706, 0.06539706, 0.06539706, 0.06539706,
       0.06539706, 0.06539706, 0.06539706, 0.06539706, 0.06539706,
       0.06539706, 0.06539706, 0.06539706, 0.06539706, 0.06539706,
       0.06539706])

real	16m58.993s
user	16m51.709s
sys	0m5.071s
Instance: 17
[INFO] aspmc: Tree Decomposition #bags: 40 unfolded treewidth: 4 #vertices: 52
[INFO] aspmc: Preprocessing disabled
[INFO] aspmc:    Stats Compilation
[INFO] aspmc: ------------------------------------------------------------
[INFO] aspmc: X/D-Constrained Tree Decomposition #bags: 34 treewidth: 15 #vertices: 78
[INFO] aspmc: Dtree time:               2.0352468490600586
[INFO] aspmc: Compilation time:         0.17728042602539062
[INFO] aspmc: Preparation time:         0.00013375282287597656
[INFO] aspmc: Counting time:            17.305334329605103
[INFO] aspmc: ------------------------------------------------------------
/home/dazzolin/anaconda3/lib/python3.9/site-packages/scipy/optimize/optimize.py:282: RuntimeWarning: Values in x were outside bounds during a minimize step, clipping to bounds
  warnings.warn("Values in x were outside bounds during a "
[0.03::a0., 0.03::a1., 0.03::a2., 0.03::a3., 0.03::a4., 0.03::a5., 0.03::a6., 0.03::a7., 0.03::a8., 0.03::a9., 0.03::a10., 0.03::a11., 0.03::a12., 0.03::a13., 0.03::a14., 0.03::a15., 0.03::a16., 0.03::a17., 0.03::a18., 0.03::a19., qr:-a0., qr:-a1,not nqr., nqr:-a1,not qr., qr:-a2., qr:-a3,not nqr., nqr:-a3,not qr., qr:-a4., qr:-a5,not nqr., nqr:-a5,not qr., qr:-a6., qr:-a7,not nqr., nqr:-a7,not qr., qr:-a8., qr:-a9,not nqr., nqr:-a9,not qr., qr:-a10., qr:-a11,not nqr., nqr:-a11,not qr., qr:-a12., qr:-a13,not nqr., nqr:-a13,not qr., qr:-a14., qr:-a15,not nqr., nqr:-a15,not qr., qr:-a16., qr:-a17,not nqr., nqr:-a17,not qr., qr:-a18., qr:-a19,not nqr., nqr:-a19,not qr., query(qr).]
tracc
nnf_construction_time: 20.629008293151855
Pre simplification
number of sums: 69631
number of prods: 147455
len(eq): 4187
1.0*v_12*(v_10*(v_6 - 1)*(v_7 - 1)*(v_8 - 1)*(v_9 - 1) - v_3*(v_10 - 1)*(v_6 - 1)*(v_7 - 1)*(v_8 - 1)*(v_9 - 1) - v_6*(v_7 - 1) + v_7 + v_8*(v_6 - 1)*(v_7 - 1) - v_9*(v_6 - 1)*(v_7 - 1)*(v_8 - 1) + (v_10 - 1)*(v_3 - 1)*(v_4 - 1)*(v_5 - 1)*(v_6 - 1)*(v_7 - 1)*(v_8 - 1)*(v_9 - 1) + (v_10 - 1)*(v_3 - 1)*(v_4 - v_5*(v_4 - 1))*(v_6 - 1)*(v_7 - 1)*(v_8 - 1)*(v_9 - 1)) - (v_12 - 1)*(1.0*v_14*(v_10*(v_6 - 1)*(v_7 - 1)*(v_8 - 1)*(v_9 - 1) - v_3*(v_10 - 1)*(v_6 - 1)*(v_7 - 1)*(v_8 - 1)*(v_9 - 1) - v_6*(v_7 - 1) + v_7 + v_8*(v_6 - 1)*(v_7 - 1) - v_9*(v_6 - 1)*(v_7 - 1)*(v_8 - 1) + (v_10 - 1)*(v_3 - 1)*(v_4 - 1)*(v_5 - 1)*(v_6 - 1)*(v_7 - 1)*(v_8 - 1)*(v_9 - 1) + (v_10 - 1)*(v_3 - 1)*(v_4 - v_5*(v_4 - 1))*(v_6 - 1)*(v_7 - 1)*(v_8 - 1)*(v_9 - 1)) - (v_14 - 1)*(1.0*v_15*(v_10*(v_6 - 1)*(v_7 - 1)*(v_8 - 1)*(v_9 - 1) - v_3*(v_10 - 1)*(v_6 - 1)*(v_7 - 1)*(v_8 - 1)*(v_9 - 1) - v_6*(v_7 - 1) + v_7 + v_8*(v_6 - 1)*(v_7 - 1) - v_9*(v_6 - 1)*(v_7 - 1)*(v_8 - 1) + (v_10 - 1)*(v_3 - 1)*(v_4 - 1)*(v_5 - 1)*(v_6 - 1)*(v_7 - 1)*(v_8 - 1)*(v_9 - 1) + (v_10 - 1)*(v_3 - 1)*(v_4 - v_5*(v_4 - 1))*(v_6 - 1)*(v_7 - 1)*(v_8 - 1)*(v_9 - 1)) - (v_15 - 1)*(1.0*v_16*(v_10*(v_6 - 1)*(v_7 - 1)*(v_8 - 1)*(v_9 - 1) - v_3*(v_10 - 1)*(v_6 - 1)*(v_7 - 1)*(v_8 - 1)*(v_9 - 1) - v_6*(v_7 - 1) + v_7 + v_8*(v_6 - 1)*(v_7 - 1) - v_9*(v_6 - 1)*(v_7 - 1)*(v_8 - 1) + (v_10 - 1)*(v_3 - 1)*(v_4 - 1)*(v_5 - 1)*(v_6 - 1)*(v_7 - 1)*(v_8 - 1)*(v_9 - 1) + (v_10 - 1)*(v_3 - 1)*(v_4 - v_5*(v_4 - 1))*(v_6 - 1)*(v_7 - 1)*(v_8 - 1)*(v_9 - 1)) - (v_16 - 1)*(1.0*v_17*(v_10*(v_6 - 1)*(v_7 - 1)*(v_8 - 1)*(v_9 - 1) - v_3*(v_10 - 1)*(v_6 - 1)*(v_7 - 1)*(v_8 - 1)*(v_9 - 1) - v_6*(v_7 - 1) + v_7 + v_8*(v_6 - 1)*(v_7 - 1) - v_9*(v_6 - 1)*(v_7 - 1)*(v_8 - 1) + (v_10 - 1)*(v_3 - 1)*(v_4 - 1)*(v_5 - 1)*(v_6 - 1)*(v_7 - 1)*(v_8 - 1)*(v_9 - 1) + (v_10 - 1)*(v_3 - 1)*(v_4 - v_5*(v_4 - 1))*(v_6 - 1)*(v_7 - 1)*(v_8 - 1)*(v_9 - 1)) - (v_17 - 1)*(1.0*v_18*(v_10*(v_6 - 1)*(v_7 - 1)*(v_8 - 1)*(v_9 - 1) - v_3*(v_10 - 1)*(v_6 - 1)*(v_7 - 1)*(v_8 - 1)*(v_9 - 1) - v_6*(v_7 - 1) + v_7 + v_8*(v_6 - 1)*(v_7 - 1) - v_9*(v_6 - 1)*(v_7 - 1)*(v_8 - 1) + (v_10 - 1)*(v_3 - 1)*(v_4 - 1)*(v_5 - 1)*(v_6 - 1)*(v_7 - 1)*(v_8 - 1)*(v_9 - 1) + (v_10 - 1)*(v_3 - 1)*(v_4 - v_5*(v_4 - 1))*(v_6 - 1)*(v_7 - 1)*(v_8 - 1)*(v_9 - 1)) - (v_18 - 1)*(1.0*v_19*(v_10*(v_6 - 1)*(v_7 - 1)*(v_8 - 1)*(v_9 - 1) - v_3*(v_10 - 1)*(v_6 - 1)*(v_7 - 1)*(v_8 - 1)*(v_9 - 1) - v_6*(v_7 - 1) + v_7 + v_8*(v_6 - 1)*(v_7 - 1) - v_9*(v_6 - 1)*(v_7 - 1)*(v_8 - 1) + (v_10 - 1)*(v_3 - 1)*(v_4 - 1)*(v_5 - 1)*(v_6 - 1)*(v_7 - 1)*(v_8 - 1)*(v_9 - 1) + (v_10 - 1)*(v_3 - 1)*(v_4 - v_5*(v_4 - 1))*(v_6 - 1)*(v_7 - 1)*(v_8 - 1)*(v_9 - 1)) - (v_19 - 1)*(1.0*v_20*(v_10*(v_6 - 1)*(v_7 - 1)*(v_8 - 1)*(v_9 - 1) - v_3*(v_10 - 1)*(v_6 - 1)*(v_7 - 1)*(v_8 - 1)*(v_9 - 1) - v_6*(v_7 - 1) + v_7 + v_8*(v_6 - 1)*(v_7 - 1) - v_9*(v_6 - 1)*(v_7 - 1)*(v_8 - 1) + (v_10 - 1)*(v_3 - 1)*(v_4 - 1)*(v_5 - 1)*(v_6 - 1)*(v_7 - 1)*(v_8 - 1)*(v_9 - 1) + (v_10 - 1)*(v_3 - 1)*(v_4 - v_5*(v_4 - 1))*(v_6 - 1)*(v_7 - 1)*(v_8 - 1)*(v_9 - 1)) + (v_20 - 1)*(-1.0*v_1*(v_10*(v_6 - 1)*(v_7 - 1)*(v_8 - 1)*(v_9 - 1) - v_3*(v_10 - 1)*(v_6 - 1)*(v_7 - 1)*(v_8 - 1)*(v_9 - 1) - v_6*(v_7 - 1) + v_7 + v_8*(v_6 - 1)*(v_7 - 1) - v_9*(v_6 - 1)*(v_7 - 1)*(v_8 - 1) + (v_10 - 1)*(v_3 - 1)*(v_4 - 1)*(v_5 - 1)*(v_6 - 1)*(v_7 - 1)*(v_8 - 1)*(v_9 - 1) + (v_10 - 1)*(v_3 - 1)*(v_4 - v_5*(v_4 - 1))*(v_6 - 1)*(v_7 - 1)*(v_8 - 1)*(v_9 - 1)) + 0.9409*(v_1 - 1)*(1.0*v_10*(v_6 - 1)*(v_7 - 1)*(v_8 - 1)*(v_9 - 1) - 1.0*v_3*(v_10 - 1)*(v_6 - 1)*(v_7 - 1)*(v_8 - 1)*(v_9 - 1) - 1.0*v_6*(v_7 - 1) + 1.0*v_7 + 1.0*v_8*(v_6 - 1)*(v_7 - 1) - 1.0*v_9*(v_6 - 1)*(v_7 - 1)*(v_8 - 1) + 0.03*(v_10 - 1)*(v_3 - 1)*(v_4 - 1)*(v_5 - 1)*(v_6 - 1)*(v_7 - 1)*(v_8 - 1)*(v_9 - 1) + 1.0*(v_10 - 1)*(v_3 - 1)*(v_4 - v_5*(v_4 - 1))*(v_6 - 1)*(v_7 - 1)*(v_8 - 1)*(v_9 - 1)) + 0.0591*(v_1 - 1)*(v_10*(v_6 - 1)*(v_7 - 1)*(v_8 - 1)*(v_9 - 1) - v_3*(v_10 - 1)*(v_6 - 1)*(v_7 - 1)*(v_8 - 1)*(v_9 - 1) - v_6*(v_7 - 1) + v_7 + v_8*(v_6 - 1)*(v_7 - 1) - v_9*(v_6 - 1)*(v_7 - 1)*(v_8 - 1) + (v_10 - 1)*(v_3 - 1)*(v_4 - 1)*(v_5 - 1)*(v_6 - 1)*(v_7 - 1)*(v_8 - 1)*(v_9 - 1) + (v_10 - 1)*(v_3 - 1)*(v_4 - v_5*(v_4 - 1))*(v_6 - 1)*(v_7 - 1)*(v_8 - 1)*(v_9 - 1))))))))))
Post simplification
symp_time: 2189.348941087723
number of sums: 47
number of subs: 392
number of prods: 357
opt_time: 10.661055326461792
     fun: 1.0769687307369318
     jac: array([1., 1., 1., 1., 1., 1., 1., 1., 1., 1., 1., 1., 1., 1., 1., 1., 1.])
 message: 'Optimization terminated successfully'
    nfev: 9
     nit: 7
    njev: 7
  status: 0
 success: True
       x: array([0.0633511, 0.0633511, 0.0633511, 0.0633511, 0.0633511, 0.0633511,
       0.0633511, 0.0633511, 0.0633511, 0.0633511, 0.0633511, 0.0633511,
       0.0633511, 0.0633511, 0.0633511, 0.0633511, 0.0633511])

real	37m6.462s
user	36m50.600s
sys	0m12.182s
Instance: 18
[INFO] aspmc: Tree Decomposition #bags: 40 unfolded treewidth: 4 #vertices: 52
[INFO] aspmc: Preprocessing disabled
[INFO] aspmc:    Stats Compilation
[INFO] aspmc: ------------------------------------------------------------
[INFO] aspmc: X/D-Constrained Tree Decomposition #bags: 34 treewidth: 15 #vertices: 78
[INFO] aspmc: Dtree time:               2.032545804977417
[INFO] aspmc: Compilation time:         0.17678523063659668
[INFO] aspmc: Preparation time:         0.00012540817260742188
[INFO] aspmc: Counting time:            17.005686283111572
[INFO] aspmc: ------------------------------------------------------------
/home/dazzolin/anaconda3/lib/python3.9/site-packages/scipy/optimize/optimize.py:282: RuntimeWarning: Values in x were outside bounds during a minimize step, clipping to bounds
  warnings.warn("Values in x were outside bounds during a "
[0.03::a0., 0.03::a1., 0.03::a2., 0.03::a3., 0.03::a4., 0.03::a5., 0.03::a6., 0.03::a7., 0.03::a8., 0.03::a9., 0.03::a10., 0.03::a11., 0.03::a12., 0.03::a13., 0.03::a14., 0.03::a15., 0.03::a16., 0.03::a17., 0.03::a18., 0.03::a19., qr:-a0., qr:-a1,not nqr., nqr:-a1,not qr., qr:-a2., qr:-a3,not nqr., nqr:-a3,not qr., qr:-a4., qr:-a5,not nqr., nqr:-a5,not qr., qr:-a6., qr:-a7,not nqr., nqr:-a7,not qr., qr:-a8., qr:-a9,not nqr., nqr:-a9,not qr., qr:-a10., qr:-a11,not nqr., nqr:-a11,not qr., qr:-a12., qr:-a13,not nqr., nqr:-a13,not qr., qr:-a14., qr:-a15,not nqr., nqr:-a15,not qr., qr:-a16., qr:-a17,not nqr., nqr:-a17,not qr., qr:-a18., qr:-a19,not nqr., nqr:-a19,not qr., query(qr).]
tracc
nnf_construction_time: 20.325305461883545
Pre simplification
number of sums: 69631
number of prods: 147455
len(eq): 4563
1.0*v_12*(v_10*(v_6 - 1)*(v_7 - 1)*(v_8 - 1)*(v_9 - 1) - v_3*(v_10 - 1)*(v_6 - 1)*(v_7 - 1)*(v_8 - 1)*(v_9 - 1) - v_6*(v_7 - 1) + v_7 + v_8*(v_6 - 1)*(v_7 - 1) - v_9*(v_6 - 1)*(v_7 - 1)*(v_8 - 1) + (v_10 - 1)*(v_3 - 1)*(v_4 - 1)*(v_5 - 1)*(v_6 - 1)*(v_7 - 1)*(v_8 - 1)*(v_9 - 1) + (v_10 - 1)*(v_3 - 1)*(v_4 - v_5*(v_4 - 1))*(v_6 - 1)*(v_7 - 1)*(v_8 - 1)*(v_9 - 1)) - (v_12 - 1)*(1.0*v_14*(v_10*(v_6 - 1)*(v_7 - 1)*(v_8 - 1)*(v_9 - 1) - v_3*(v_10 - 1)*(v_6 - 1)*(v_7 - 1)*(v_8 - 1)*(v_9 - 1) - v_6*(v_7 - 1) + v_7 + v_8*(v_6 - 1)*(v_7 - 1) - v_9*(v_6 - 1)*(v_7 - 1)*(v_8 - 1) + (v_10 - 1)*(v_3 - 1)*(v_4 - 1)*(v_5 - 1)*(v_6 - 1)*(v_7 - 1)*(v_8 - 1)*(v_9 - 1) + (v_10 - 1)*(v_3 - 1)*(v_4 - v_5*(v_4 - 1))*(v_6 - 1)*(v_7 - 1)*(v_8 - 1)*(v_9 - 1)) - (v_14 - 1)*(1.0*v_15*(v_10*(v_6 - 1)*(v_7 - 1)*(v_8 - 1)*(v_9 - 1) - v_3*(v_10 - 1)*(v_6 - 1)*(v_7 - 1)*(v_8 - 1)*(v_9 - 1) - v_6*(v_7 - 1) + v_7 + v_8*(v_6 - 1)*(v_7 - 1) - v_9*(v_6 - 1)*(v_7 - 1)*(v_8 - 1) + (v_10 - 1)*(v_3 - 1)*(v_4 - 1)*(v_5 - 1)*(v_6 - 1)*(v_7 - 1)*(v_8 - 1)*(v_9 - 1) + (v_10 - 1)*(v_3 - 1)*(v_4 - v_5*(v_4 - 1))*(v_6 - 1)*(v_7 - 1)*(v_8 - 1)*(v_9 - 1)) - (v_15 - 1)*(1.0*v_16*(v_10*(v_6 - 1)*(v_7 - 1)*(v_8 - 1)*(v_9 - 1) - v_3*(v_10 - 1)*(v_6 - 1)*(v_7 - 1)*(v_8 - 1)*(v_9 - 1) - v_6*(v_7 - 1) + v_7 + v_8*(v_6 - 1)*(v_7 - 1) - v_9*(v_6 - 1)*(v_7 - 1)*(v_8 - 1) + (v_10 - 1)*(v_3 - 1)*(v_4 - 1)*(v_5 - 1)*(v_6 - 1)*(v_7 - 1)*(v_8 - 1)*(v_9 - 1) + (v_10 - 1)*(v_3 - 1)*(v_4 - v_5*(v_4 - 1))*(v_6 - 1)*(v_7 - 1)*(v_8 - 1)*(v_9 - 1)) - (v_16 - 1)*(1.0*v_17*(v_10*(v_6 - 1)*(v_7 - 1)*(v_8 - 1)*(v_9 - 1) - v_3*(v_10 - 1)*(v_6 - 1)*(v_7 - 1)*(v_8 - 1)*(v_9 - 1) - v_6*(v_7 - 1) + v_7 + v_8*(v_6 - 1)*(v_7 - 1) - v_9*(v_6 - 1)*(v_7 - 1)*(v_8 - 1) + (v_10 - 1)*(v_3 - 1)*(v_4 - 1)*(v_5 - 1)*(v_6 - 1)*(v_7 - 1)*(v_8 - 1)*(v_9 - 1) + (v_10 - 1)*(v_3 - 1)*(v_4 - v_5*(v_4 - 1))*(v_6 - 1)*(v_7 - 1)*(v_8 - 1)*(v_9 - 1)) - (v_17 - 1)*(1.0*v_18*(v_10*(v_6 - 1)*(v_7 - 1)*(v_8 - 1)*(v_9 - 1) - v_3*(v_10 - 1)*(v_6 - 1)*(v_7 - 1)*(v_8 - 1)*(v_9 - 1) - v_6*(v_7 - 1) + v_7 + v_8*(v_6 - 1)*(v_7 - 1) - v_9*(v_6 - 1)*(v_7 - 1)*(v_8 - 1) + (v_10 - 1)*(v_3 - 1)*(v_4 - 1)*(v_5 - 1)*(v_6 - 1)*(v_7 - 1)*(v_8 - 1)*(v_9 - 1) + (v_10 - 1)*(v_3 - 1)*(v_4 - v_5*(v_4 - 1))*(v_6 - 1)*(v_7 - 1)*(v_8 - 1)*(v_9 - 1)) - (v_18 - 1)*(1.0*v_19*(v_10*(v_6 - 1)*(v_7 - 1)*(v_8 - 1)*(v_9 - 1) - v_3*(v_10 - 1)*(v_6 - 1)*(v_7 - 1)*(v_8 - 1)*(v_9 - 1) - v_6*(v_7 - 1) + v_7 + v_8*(v_6 - 1)*(v_7 - 1) - v_9*(v_6 - 1)*(v_7 - 1)*(v_8 - 1) + (v_10 - 1)*(v_3 - 1)*(v_4 - 1)*(v_5 - 1)*(v_6 - 1)*(v_7 - 1)*(v_8 - 1)*(v_9 - 1) + (v_10 - 1)*(v_3 - 1)*(v_4 - v_5*(v_4 - 1))*(v_6 - 1)*(v_7 - 1)*(v_8 - 1)*(v_9 - 1)) - (v_19 - 1)*(1.0*v_20*(v_10*(v_6 - 1)*(v_7 - 1)*(v_8 - 1)*(v_9 - 1) - v_3*(v_10 - 1)*(v_6 - 1)*(v_7 - 1)*(v_8 - 1)*(v_9 - 1) - v_6*(v_7 - 1) + v_7 + v_8*(v_6 - 1)*(v_7 - 1) - v_9*(v_6 - 1)*(v_7 - 1)*(v_8 - 1) + (v_10 - 1)*(v_3 - 1)*(v_4 - 1)*(v_5 - 1)*(v_6 - 1)*(v_7 - 1)*(v_8 - 1)*(v_9 - 1) + (v_10 - 1)*(v_3 - 1)*(v_4 - v_5*(v_4 - 1))*(v_6 - 1)*(v_7 - 1)*(v_8 - 1)*(v_9 - 1)) - (v_20 - 1)*(1.0*v_21*(v_10*(v_6 - 1)*(v_7 - 1)*(v_8 - 1)*(v_9 - 1) - v_3*(v_10 - 1)*(v_6 - 1)*(v_7 - 1)*(v_8 - 1)*(v_9 - 1) - v_6*(v_7 - 1) + v_7 + v_8*(v_6 - 1)*(v_7 - 1) - v_9*(v_6 - 1)*(v_7 - 1)*(v_8 - 1) + (v_10 - 1)*(v_3 - 1)*(v_4 - 1)*(v_5 - 1)*(v_6 - 1)*(v_7 - 1)*(v_8 - 1)*(v_9 - 1) + (v_10 - 1)*(v_3 - 1)*(v_4 - v_5*(v_4 - 1))*(v_6 - 1)*(v_7 - 1)*(v_8 - 1)*(v_9 - 1)) + (v_21 - 1)*(-1.0*v_1*(v_10*(v_6 - 1)*(v_7 - 1)*(v_8 - 1)*(v_9 - 1) - v_3*(v_10 - 1)*(v_6 - 1)*(v_7 - 1)*(v_8 - 1)*(v_9 - 1) - v_6*(v_7 - 1) + v_7 + v_8*(v_6 - 1)*(v_7 - 1) - v_9*(v_6 - 1)*(v_7 - 1)*(v_8 - 1) + (v_10 - 1)*(v_3 - 1)*(v_4 - 1)*(v_5 - 1)*(v_6 - 1)*(v_7 - 1)*(v_8 - 1)*(v_9 - 1) + (v_10 - 1)*(v_3 - 1)*(v_4 - v_5*(v_4 - 1))*(v_6 - 1)*(v_7 - 1)*(v_8 - 1)*(v_9 - 1)) + 0.97*(v_1 - 1)*(1.0*v_10*(v_6 - 1)*(v_7 - 1)*(v_8 - 1)*(v_9 - 1) - 1.0*v_3*(v_10 - 1)*(v_6 - 1)*(v_7 - 1)*(v_8 - 1)*(v_9 - 1) - 1.0*v_6*(v_7 - 1) + 1.0*v_7 + 1.0*v_8*(v_6 - 1)*(v_7 - 1) - 1.0*v_9*(v_6 - 1)*(v_7 - 1)*(v_8 - 1) + 0.03*(v_10 - 1)*(v_3 - 1)*(v_4 - 1)*(v_5 - 1)*(v_6 - 1)*(v_7 - 1)*(v_8 - 1)*(v_9 - 1) + 1.0*(v_10 - 1)*(v_3 - 1)*(v_4 - v_5*(v_4 - 1))*(v_6 - 1)*(v_7 - 1)*(v_8 - 1)*(v_9 - 1)) + 0.03*(v_1 - 1)*(v_10*(v_6 - 1)*(v_7 - 1)*(v_8 - 1)*(v_9 - 1) - v_3*(v_10 - 1)*(v_6 - 1)*(v_7 - 1)*(v_8 - 1)*(v_9 - 1) - v_6*(v_7 - 1) + v_7 + v_8*(v_6 - 1)*(v_7 - 1) - v_9*(v_6 - 1)*(v_7 - 1)*(v_8 - 1) + (v_10 - 1)*(v_3 - 1)*(v_4 - 1)*(v_5 - 1)*(v_6 - 1)*(v_7 - 1)*(v_8 - 1)*(v_9 - 1) + (v_10 - 1)*(v_3 - 1)*(v_4 - v_5*(v_4 - 1))*(v_6 - 1)*(v_7 - 1)*(v_8 - 1)*(v_9 - 1)))))))))))
Post simplification
symp_time: 4371.990565538406
number of sums: 51
number of subs: 428
number of prods: 389
opt_time: 11.816287517547607
     fun: 1.1075168955143884
     jac: array([1., 1., 1., 1., 1., 1., 1., 1., 1., 1., 1., 1., 1., 1., 1., 1., 1.,
       1.])
 message: 'Optimization terminated successfully'
    nfev: 9
     nit: 7
    njev: 7
  status: 0
 success: True
       x: array([0.06152872, 0.06152872, 0.06152872, 0.06152872, 0.06152872,
       0.06152872, 0.06152872, 0.06152872, 0.06152872, 0.06152872,
       0.06152872, 0.06152872, 0.06152872, 0.06152872, 0.06152872,
       0.06152872, 0.06152872, 0.06152872])

real	73m34.978s
user	72m57.626s
sys	0m30.203s
Instance: 19
[INFO] aspmc: Tree Decomposition #bags: 40 unfolded treewidth: 4 #vertices: 52
[INFO] aspmc: Preprocessing disabled
[INFO] aspmc:    Stats Compilation
[INFO] aspmc: ------------------------------------------------------------
[INFO] aspmc: X/D-Constrained Tree Decomposition #bags: 34 treewidth: 15 #vertices: 78
[INFO] aspmc: Dtree time:               2.0340847969055176
[INFO] aspmc: Compilation time:         0.18308639526367188
[INFO] aspmc: Preparation time:         0.00013899803161621094
[INFO] aspmc: Counting time:            16.41889238357544
[INFO] aspmc: ------------------------------------------------------------
/home/dazzolin/anaconda3/lib/python3.9/site-packages/scipy/optimize/optimize.py:282: RuntimeWarning: Values in x were outside bounds during a minimize step, clipping to bounds
  warnings.warn("Values in x were outside bounds during a "
[0.03::a0., 0.03::a1., 0.03::a2., 0.03::a3., 0.03::a4., 0.03::a5., 0.03::a6., 0.03::a7., 0.03::a8., 0.03::a9., 0.03::a10., 0.03::a11., 0.03::a12., 0.03::a13., 0.03::a14., 0.03::a15., 0.03::a16., 0.03::a17., 0.03::a18., 0.03::a19., qr:-a0., qr:-a1,not nqr., nqr:-a1,not qr., qr:-a2., qr:-a3,not nqr., nqr:-a3,not qr., qr:-a4., qr:-a5,not nqr., nqr:-a5,not qr., qr:-a6., qr:-a7,not nqr., nqr:-a7,not qr., qr:-a8., qr:-a9,not nqr., nqr:-a9,not qr., qr:-a10., qr:-a11,not nqr., nqr:-a11,not qr., qr:-a12., qr:-a13,not nqr., nqr:-a13,not qr., qr:-a14., qr:-a15,not nqr., nqr:-a15,not qr., qr:-a16., qr:-a17,not nqr., nqr:-a17,not qr., qr:-a18., qr:-a19,not nqr., nqr:-a19,not qr., query(qr).]
tracc
nnf_construction_time: 19.74728798866272
Pre simplification
number of sums: 69631
number of prods: 147455
len(eq): 8051
1.0*v_12*(v_11*(v_10*(v_6 - 1)*(v_7 - 1)*(v_8 - 1)*(v_9 - 1) - v_3*(v_10 - 1)*(v_6 - 1)*(v_7 - 1)*(v_8 - 1)*(v_9 - 1) - v_6*(v_7 - 1) + v_7 + v_8*(v_6 - 1)*(v_7 - 1) - v_9*(v_6 - 1)*(v_7 - 1)*(v_8 - 1) + (v_10 - 1)*(v_3 - 1)*(v_4 - v_5*(v_4 - 1))*(v_6 - 1)*(v_7 - 1)*(v_8 - 1)*(v_9 - 1)) + (v_10 - 1)*(v_3 - 1)*(v_4 - 1)*(v_5 - 1)*(v_6 - 1)*(v_7 - 1)*(v_8 - 1)*(v_9 - 1) - (v_11 - 1)*(v_10*(v_6 - 1)*(v_7 - 1)*(v_8 - 1)*(v_9 - 1) - v_3*(v_10 - 1)*(v_6 - 1)*(v_7 - 1)*(v_8 - 1)*(v_9 - 1) - v_6*(v_7 - 1) + v_7 + v_8*(v_6 - 1)*(v_7 - 1) - v_9*(v_6 - 1)*(v_7 - 1)*(v_8 - 1) + (v_10 - 1)*(v_3 - 1)*(v_4 - v_5*(v_4 - 1))*(v_6 - 1)*(v_7 - 1)*(v_8 - 1)*(v_9 - 1))) - (v_12 - 1)*(1.0*v_14*(v_11*(v_10*(v_6 - 1)*(v_7 - 1)*(v_8 - 1)*(v_9 - 1) - v_3*(v_10 - 1)*(v_6 - 1)*(v_7 - 1)*(v_8 - 1)*(v_9 - 1) - v_6*(v_7 - 1) + v_7 + v_8*(v_6 - 1)*(v_7 - 1) - v_9*(v_6 - 1)*(v_7 - 1)*(v_8 - 1) + (v_10 - 1)*(v_3 - 1)*(v_4 - v_5*(v_4 - 1))*(v_6 - 1)*(v_7 - 1)*(v_8 - 1)*(v_9 - 1)) + (v_10 - 1)*(v_3 - 1)*(v_4 - 1)*(v_5 - 1)*(v_6 - 1)*(v_7 - 1)*(v_8 - 1)*(v_9 - 1) - (v_11 - 1)*(v_10*(v_6 - 1)*(v_7 - 1)*(v_8 - 1)*(v_9 - 1) - v_3*(v_10 - 1)*(v_6 - 1)*(v_7 - 1)*(v_8 - 1)*(v_9 - 1) - v_6*(v_7 - 1) + v_7 + v_8*(v_6 - 1)*(v_7 - 1) - v_9*(v_6 - 1)*(v_7 - 1)*(v_8 - 1) + (v_10 - 1)*(v_3 - 1)*(v_4 - v_5*(v_4 - 1))*(v_6 - 1)*(v_7 - 1)*(v_8 - 1)*(v_9 - 1))) - (v_14 - 1)*(1.0*v_15*(v_11*(v_10*(v_6 - 1)*(v_7 - 1)*(v_8 - 1)*(v_9 - 1) - v_3*(v_10 - 1)*(v_6 - 1)*(v_7 - 1)*(v_8 - 1)*(v_9 - 1) - v_6*(v_7 - 1) + v_7 + v_8*(v_6 - 1)*(v_7 - 1) - v_9*(v_6 - 1)*(v_7 - 1)*(v_8 - 1) + (v_10 - 1)*(v_3 - 1)*(v_4 - v_5*(v_4 - 1))*(v_6 - 1)*(v_7 - 1)*(v_8 - 1)*(v_9 - 1)) + (v_10 - 1)*(v_3 - 1)*(v_4 - 1)*(v_5 - 1)*(v_6 - 1)*(v_7 - 1)*(v_8 - 1)*(v_9 - 1) - (v_11 - 1)*(v_10*(v_6 - 1)*(v_7 - 1)*(v_8 - 1)*(v_9 - 1) - v_3*(v_10 - 1)*(v_6 - 1)*(v_7 - 1)*(v_8 - 1)*(v_9 - 1) - v_6*(v_7 - 1) + v_7 + v_8*(v_6 - 1)*(v_7 - 1) - v_9*(v_6 - 1)*(v_7 - 1)*(v_8 - 1) + (v_10 - 1)*(v_3 - 1)*(v_4 - v_5*(v_4 - 1))*(v_6 - 1)*(v_7 - 1)*(v_8 - 1)*(v_9 - 1))) - (v_15 - 1)*(1.0*v_16*(v_11*(v_10*(v_6 - 1)*(v_7 - 1)*(v_8 - 1)*(v_9 - 1) - v_3*(v_10 - 1)*(v_6 - 1)*(v_7 - 1)*(v_8 - 1)*(v_9 - 1) - v_6*(v_7 - 1) + v_7 + v_8*(v_6 - 1)*(v_7 - 1) - v_9*(v_6 - 1)*(v_7 - 1)*(v_8 - 1) + (v_10 - 1)*(v_3 - 1)*(v_4 - v_5*(v_4 - 1))*(v_6 - 1)*(v_7 - 1)*(v_8 - 1)*(v_9 - 1)) + (v_10 - 1)*(v_3 - 1)*(v_4 - 1)*(v_5 - 1)*(v_6 - 1)*(v_7 - 1)*(v_8 - 1)*(v_9 - 1) - (v_11 - 1)*(v_10*(v_6 - 1)*(v_7 - 1)*(v_8 - 1)*(v_9 - 1) - v_3*(v_10 - 1)*(v_6 - 1)*(v_7 - 1)*(v_8 - 1)*(v_9 - 1) - v_6*(v_7 - 1) + v_7 + v_8*(v_6 - 1)*(v_7 - 1) - v_9*(v_6 - 1)*(v_7 - 1)*(v_8 - 1) + (v_10 - 1)*(v_3 - 1)*(v_4 - v_5*(v_4 - 1))*(v_6 - 1)*(v_7 - 1)*(v_8 - 1)*(v_9 - 1))) - (v_16 - 1)*(1.0*v_17*(v_11*(v_10*(v_6 - 1)*(v_7 - 1)*(v_8 - 1)*(v_9 - 1) - v_3*(v_10 - 1)*(v_6 - 1)*(v_7 - 1)*(v_8 - 1)*(v_9 - 1) - v_6*(v_7 - 1) + v_7 + v_8*(v_6 - 1)*(v_7 - 1) - v_9*(v_6 - 1)*(v_7 - 1)*(v_8 - 1) + (v_10 - 1)*(v_3 - 1)*(v_4 - v_5*(v_4 - 1))*(v_6 - 1)*(v_7 - 1)*(v_8 - 1)*(v_9 - 1)) + (v_10 - 1)*(v_3 - 1)*(v_4 - 1)*(v_5 - 1)*(v_6 - 1)*(v_7 - 1)*(v_8 - 1)*(v_9 - 1) - (v_11 - 1)*(v_10*(v_6 - 1)*(v_7 - 1)*(v_8 - 1)*(v_9 - 1) - v_3*(v_10 - 1)*(v_6 - 1)*(v_7 - 1)*(v_8 - 1)*(v_9 - 1) - v_6*(v_7 - 1) + v_7 + v_8*(v_6 - 1)*(v_7 - 1) - v_9*(v_6 - 1)*(v_7 - 1)*(v_8 - 1) + (v_10 - 1)*(v_3 - 1)*(v_4 - v_5*(v_4 - 1))*(v_6 - 1)*(v_7 - 1)*(v_8 - 1)*(v_9 - 1))) - (v_17 - 1)*(1.0*v_18*(v_11*(v_10*(v_6 - 1)*(v_7 - 1)*(v_8 - 1)*(v_9 - 1) - v_3*(v_10 - 1)*(v_6 - 1)*(v_7 - 1)*(v_8 - 1)*(v_9 - 1) - v_6*(v_7 - 1) + v_7 + v_8*(v_6 - 1)*(v_7 - 1) - v_9*(v_6 - 1)*(v_7 - 1)*(v_8 - 1) + (v_10 - 1)*(v_3 - 1)*(v_4 - v_5*(v_4 - 1))*(v_6 - 1)*(v_7 - 1)*(v_8 - 1)*(v_9 - 1)) + (v_10 - 1)*(v_3 - 1)*(v_4 - 1)*(v_5 - 1)*(v_6 - 1)*(v_7 - 1)*(v_8 - 1)*(v_9 - 1) - (v_11 - 1)*(v_10*(v_6 - 1)*(v_7 - 1)*(v_8 - 1)*(v_9 - 1) - v_3*(v_10 - 1)*(v_6 - 1)*(v_7 - 1)*(v_8 - 1)*(v_9 - 1) - v_6*(v_7 - 1) + v_7 + v_8*(v_6 - 1)*(v_7 - 1) - v_9*(v_6 - 1)*(v_7 - 1)*(v_8 - 1) + (v_10 - 1)*(v_3 - 1)*(v_4 - v_5*(v_4 - 1))*(v_6 - 1)*(v_7 - 1)*(v_8 - 1)*(v_9 - 1))) - (v_18 - 1)*(1.0*v_19*(v_11*(v_10*(v_6 - 1)*(v_7 - 1)*(v_8 - 1)*(v_9 - 1) - v_3*(v_10 - 1)*(v_6 - 1)*(v_7 - 1)*(v_8 - 1)*(v_9 - 1) - v_6*(v_7 - 1) + v_7 + v_8*(v_6 - 1)*(v_7 - 1) - v_9*(v_6 - 1)*(v_7 - 1)*(v_8 - 1) + (v_10 - 1)*(v_3 - 1)*(v_4 - v_5*(v_4 - 1))*(v_6 - 1)*(v_7 - 1)*(v_8 - 1)*(v_9 - 1)) + (v_10 - 1)*(v_3 - 1)*(v_4 - 1)*(v_5 - 1)*(v_6 - 1)*(v_7 - 1)*(v_8 - 1)*(v_9 - 1) - (v_11 - 1)*(v_10*(v_6 - 1)*(v_7 - 1)*(v_8 - 1)*(v_9 - 1) - v_3*(v_10 - 1)*(v_6 - 1)*(v_7 - 1)*(v_8 - 1)*(v_9 - 1) - v_6*(v_7 - 1) + v_7 + v_8*(v_6 - 1)*(v_7 - 1) - v_9*(v_6 - 1)*(v_7 - 1)*(v_8 - 1) + (v_10 - 1)*(v_3 - 1)*(v_4 - v_5*(v_4 - 1))*(v_6 - 1)*(v_7 - 1)*(v_8 - 1)*(v_9 - 1))) - (v_19 - 1)*(1.0*v_20*(v_11*(v_10*(v_6 - 1)*(v_7 - 1)*(v_8 - 1)*(v_9 - 1) - v_3*(v_10 - 1)*(v_6 - 1)*(v_7 - 1)*(v_8 - 1)*(v_9 - 1) - v_6*(v_7 - 1) + v_7 + v_8*(v_6 - 1)*(v_7 - 1) - v_9*(v_6 - 1)*(v_7 - 1)*(v_8 - 1) + (v_10 - 1)*(v_3 - 1)*(v_4 - v_5*(v_4 - 1))*(v_6 - 1)*(v_7 - 1)*(v_8 - 1)*(v_9 - 1)) + (v_10 - 1)*(v_3 - 1)*(v_4 - 1)*(v_5 - 1)*(v_6 - 1)*(v_7 - 1)*(v_8 - 1)*(v_9 - 1) - (v_11 - 1)*(v_10*(v_6 - 1)*(v_7 - 1)*(v_8 - 1)*(v_9 - 1) - v_3*(v_10 - 1)*(v_6 - 1)*(v_7 - 1)*(v_8 - 1)*(v_9 - 1) - v_6*(v_7 - 1) + v_7 + v_8*(v_6 - 1)*(v_7 - 1) - v_9*(v_6 - 1)*(v_7 - 1)*(v_8 - 1) + (v_10 - 1)*(v_3 - 1)*(v_4 - v_5*(v_4 - 1))*(v_6 - 1)*(v_7 - 1)*(v_8 - 1)*(v_9 - 1))) - (v_20 - 1)*(1.0*v_21*(v_11*(v_10*(v_6 - 1)*(v_7 - 1)*(v_8 - 1)*(v_9 - 1) - v_3*(v_10 - 1)*(v_6 - 1)*(v_7 - 1)*(v_8 - 1)*(v_9 - 1) - v_6*(v_7 - 1) + v_7 + v_8*(v_6 - 1)*(v_7 - 1) - v_9*(v_6 - 1)*(v_7 - 1)*(v_8 - 1) + (v_10 - 1)*(v_3 - 1)*(v_4 - v_5*(v_4 - 1))*(v_6 - 1)*(v_7 - 1)*(v_8 - 1)*(v_9 - 1)) + (v_10 - 1)*(v_3 - 1)*(v_4 - 1)*(v_5 - 1)*(v_6 - 1)*(v_7 - 1)*(v_8 - 1)*(v_9 - 1) - (v_11 - 1)*(v_10*(v_6 - 1)*(v_7 - 1)*(v_8 - 1)*(v_9 - 1) - v_3*(v_10 - 1)*(v_6 - 1)*(v_7 - 1)*(v_8 - 1)*(v_9 - 1) - v_6*(v_7 - 1) + v_7 + v_8*(v_6 - 1)*(v_7 - 1) - v_9*(v_6 - 1)*(v_7 - 1)*(v_8 - 1) + (v_10 - 1)*(v_3 - 1)*(v_4 - v_5*(v_4 - 1))*(v_6 - 1)*(v_7 - 1)*(v_8 - 1)*(v_9 - 1))) + (v_21 - 1)*(-1.0*v_1*(v_11*(v_10*(v_6 - 1)*(v_7 - 1)*(v_8 - 1)*(v_9 - 1) - v_3*(v_10 - 1)*(v_6 - 1)*(v_7 - 1)*(v_8 - 1)*(v_9 - 1) - v_6*(v_7 - 1) + v_7 + v_8*(v_6 - 1)*(v_7 - 1) - v_9*(v_6 - 1)*(v_7 - 1)*(v_8 - 1) + (v_10 - 1)*(v_3 - 1)*(v_4 - v_5*(v_4 - 1))*(v_6 - 1)*(v_7 - 1)*(v_8 - 1)*(v_9 - 1)) + (v_10 - 1)*(v_3 - 1)*(v_4 - 1)*(v_5 - 1)*(v_6 - 1)*(v_7 - 1)*(v_8 - 1)*(v_9 - 1) - (v_11 - 1)*(v_10*(v_6 - 1)*(v_7 - 1)*(v_8 - 1)*(v_9 - 1) - v_3*(v_10 - 1)*(v_6 - 1)*(v_7 - 1)*(v_8 - 1)*(v_9 - 1) - v_6*(v_7 - 1) + v_7 + v_8*(v_6 - 1)*(v_7 - 1) - v_9*(v_6 - 1)*(v_7 - 1)*(v_8 - 1) + (v_10 - 1)*(v_3 - 1)*(v_4 - v_5*(v_4 - 1))*(v_6 - 1)*(v_7 - 1)*(v_8 - 1)*(v_9 - 1))) + 0.03*(v_1 - 1)*(v_11*(v_10*(v_6 - 1)*(v_7 - 1)*(v_8 - 1)*(v_9 - 1) - v_3*(v_10 - 1)*(v_6 - 1)*(v_7 - 1)*(v_8 - 1)*(v_9 - 1) - v_6*(v_7 - 1) + v_7 + v_8*(v_6 - 1)*(v_7 - 1) - v_9*(v_6 - 1)*(v_7 - 1)*(v_8 - 1) + (v_10 - 1)*(v_3 - 1)*(v_4 - v_5*(v_4 - 1))*(v_6 - 1)*(v_7 - 1)*(v_8 - 1)*(v_9 - 1)) + (v_10 - 1)*(v_3 - 1)*(v_4 - 1)*(v_5 - 1)*(v_6 - 1)*(v_7 - 1)*(v_8 - 1)*(v_9 - 1) - (v_11 - 1)*(v_10*(v_6 - 1)*(v_7 - 1)*(v_8 - 1)*(v_9 - 1) - v_3*(v_10 - 1)*(v_6 - 1)*(v_7 - 1)*(v_8 - 1)*(v_9 - 1) - v_6*(v_7 - 1) + v_7 + v_8*(v_6 - 1)*(v_7 - 1) - v_9*(v_6 - 1)*(v_7 - 1)*(v_8 - 1) + (v_10 - 1)*(v_3 - 1)*(v_4 - v_5*(v_4 - 1))*(v_6 - 1)*(v_7 - 1)*(v_8 - 1)*(v_9 - 1))) + 0.97*(v_1 - 1)*(v_11*(v_10 - 1)*(v_3 - 1)*(v_4 - 1)*(v_5 - 1)*(v_6 - 1)*(v_7 - 1)*(v_8 - 1)*(v_9 - 1) + v_11*(v_10*(v_6 - 1)*(v_7 - 1)*(v_8 - 1)*(v_9 - 1) - v_3*(v_10 - 1)*(v_6 - 1)*(v_7 - 1)*(v_8 - 1)*(v_9 - 1) - v_6*(v_7 - 1) + v_7 + v_8*(v_6 - 1)*(v_7 - 1) - v_9*(v_6 - 1)*(v_7 - 1)*(v_8 - 1) + (v_10 - 1)*(v_3 - 1)*(v_4 - v_5*(v_4 - 1))*(v_6 - 1)*(v_7 - 1)*(v_8 - 1)*(v_9 - 1)) - (v_11 - 1)*(v_10*(v_6 - 1)*(v_7 - 1)*(v_8 - 1)*(v_9 - 1) - v_3*(v_10 - 1)*(v_6 - 1)*(v_7 - 1)*(v_8 - 1)*(v_9 - 1) - v_6*(v_7 - 1) + v_7 + v_8*(v_6 - 1)*(v_7 - 1) - v_9*(v_6 - 1)*(v_7 - 1)*(v_8 - 1) + (v_10 - 1)*(v_3 - 1)*(v_4 - v_5*(v_4 - 1))*(v_6 - 1)*(v_7 - 1)*(v_8 - 1)*(v_9 - 1))))))))))))
Post simplification
symp_time: 9019.761533260345
number of sums: 87
number of subs: 764
number of prods: 670
opt_time: 19.429349660873413
     fun: 1.1380079595414416
     jac: array([1., 1., 1., 1., 1., 1., 1., 1., 1., 1., 1., 1., 1., 1., 1., 1., 1.,
       1., 1.])
 message: 'Optimization terminated successfully'
    nfev: 9
     nit: 7
    njev: 7
  status: 0
 success: True
       x: array([0.05989516, 0.05989516, 0.05989516, 0.05989516, 0.05989516,
       0.05989516, 0.05989516, 0.05989516, 0.05989516, 0.05989516,
       0.05989516, 0.05989516, 0.05989516, 0.05989516, 0.05989516,
       0.05989516, 0.05989516, 0.05989516, 0.05989516])

real	151m19.170s
user	149m57.721s
sys	1m7.458s
Instance: 20
[INFO] aspmc: Tree Decomposition #bags: 40 unfolded treewidth: 4 #vertices: 52
[INFO] aspmc: Preprocessing disabled
[INFO] aspmc:    Stats Compilation
[INFO] aspmc: ------------------------------------------------------------
[INFO] aspmc: X/D-Constrained Tree Decomposition #bags: 34 treewidth: 15 #vertices: 78
[INFO] aspmc: Dtree time:               2.033384323120117
[INFO] aspmc: Compilation time:         0.1794121265411377
[INFO] aspmc: Preparation time:         0.0001385211944580078
[INFO] aspmc: Counting time:            16.54064917564392
[INFO] aspmc: ------------------------------------------------------------
/home/dazzolin/anaconda3/lib/python3.9/site-packages/scipy/optimize/optimize.py:282: RuntimeWarning: Values in x were outside bounds during a minimize step, clipping to bounds
  warnings.warn("Values in x were outside bounds during a "
[0.03::a0., 0.03::a1., 0.03::a2., 0.03::a3., 0.03::a4., 0.03::a5., 0.03::a6., 0.03::a7., 0.03::a8., 0.03::a9., 0.03::a10., 0.03::a11., 0.03::a12., 0.03::a13., 0.03::a14., 0.03::a15., 0.03::a16., 0.03::a17., 0.03::a18., 0.03::a19., qr:-a0., qr:-a1,not nqr., nqr:-a1,not qr., qr:-a2., qr:-a3,not nqr., nqr:-a3,not qr., qr:-a4., qr:-a5,not nqr., nqr:-a5,not qr., qr:-a6., qr:-a7,not nqr., nqr:-a7,not qr., qr:-a8., qr:-a9,not nqr., nqr:-a9,not qr., qr:-a10., qr:-a11,not nqr., nqr:-a11,not qr., qr:-a12., qr:-a13,not nqr., nqr:-a13,not qr., qr:-a14., qr:-a15,not nqr., nqr:-a15,not qr., qr:-a16., qr:-a17,not nqr., nqr:-a17,not qr., qr:-a18., qr:-a19,not nqr., nqr:-a19,not qr., query(qr).]
tracc
nnf_construction_time: 19.864215850830078
Pre simplification
number of sums: 69631
number of prods: 147455
len(eq): 8008
v_12*(v_11*(v_10*(v_6 - 1)*(v_7 - 1)*(v_8 - 1)*(v_9 - 1) - v_3*(v_10 - 1)*(v_6 - 1)*(v_7 - 1)*(v_8 - 1)*(v_9 - 1) - v_6*(v_7 - 1) + v_7 + v_8*(v_6 - 1)*(v_7 - 1) - v_9*(v_6 - 1)*(v_7 - 1)*(v_8 - 1) + (v_10 - 1)*(v_3 - 1)*(v_4 - v_5*(v_4 - 1))*(v_6 - 1)*(v_7 - 1)*(v_8 - 1)*(v_9 - 1)) + (v_10 - 1)*(v_3 - 1)*(v_4 - 1)*(v_5 - 1)*(v_6 - 1)*(v_7 - 1)*(v_8 - 1)*(v_9 - 1) - (v_11 - 1)*(v_10*(v_6 - 1)*(v_7 - 1)*(v_8 - 1)*(v_9 - 1) - v_3*(v_10 - 1)*(v_6 - 1)*(v_7 - 1)*(v_8 - 1)*(v_9 - 1) - v_6*(v_7 - 1) + v_7 + v_8*(v_6 - 1)*(v_7 - 1) - v_9*(v_6 - 1)*(v_7 - 1)*(v_8 - 1) + (v_10 - 1)*(v_3 - 1)*(v_4 - v_5*(v_4 - 1))*(v_6 - 1)*(v_7 - 1)*(v_8 - 1)*(v_9 - 1))) - (v_12 - 1)*(v_14*(v_11*(v_10*(v_6 - 1)*(v_7 - 1)*(v_8 - 1)*(v_9 - 1) - v_3*(v_10 - 1)*(v_6 - 1)*(v_7 - 1)*(v_8 - 1)*(v_9 - 1) - v_6*(v_7 - 1) + v_7 + v_8*(v_6 - 1)*(v_7 - 1) - v_9*(v_6 - 1)*(v_7 - 1)*(v_8 - 1) + (v_10 - 1)*(v_3 - 1)*(v_4 - v_5*(v_4 - 1))*(v_6 - 1)*(v_7 - 1)*(v_8 - 1)*(v_9 - 1)) + (v_10 - 1)*(v_3 - 1)*(v_4 - 1)*(v_5 - 1)*(v_6 - 1)*(v_7 - 1)*(v_8 - 1)*(v_9 - 1) - (v_11 - 1)*(v_10*(v_6 - 1)*(v_7 - 1)*(v_8 - 1)*(v_9 - 1) - v_3*(v_10 - 1)*(v_6 - 1)*(v_7 - 1)*(v_8 - 1)*(v_9 - 1) - v_6*(v_7 - 1) + v_7 + v_8*(v_6 - 1)*(v_7 - 1) - v_9*(v_6 - 1)*(v_7 - 1)*(v_8 - 1) + (v_10 - 1)*(v_3 - 1)*(v_4 - v_5*(v_4 - 1))*(v_6 - 1)*(v_7 - 1)*(v_8 - 1)*(v_9 - 1))) - (v_14 - 1)*(v_15*(v_11*(v_10*(v_6 - 1)*(v_7 - 1)*(v_8 - 1)*(v_9 - 1) - v_3*(v_10 - 1)*(v_6 - 1)*(v_7 - 1)*(v_8 - 1)*(v_9 - 1) - v_6*(v_7 - 1) + v_7 + v_8*(v_6 - 1)*(v_7 - 1) - v_9*(v_6 - 1)*(v_7 - 1)*(v_8 - 1) + (v_10 - 1)*(v_3 - 1)*(v_4 - v_5*(v_4 - 1))*(v_6 - 1)*(v_7 - 1)*(v_8 - 1)*(v_9 - 1)) + (v_10 - 1)*(v_3 - 1)*(v_4 - 1)*(v_5 - 1)*(v_6 - 1)*(v_7 - 1)*(v_8 - 1)*(v_9 - 1) - (v_11 - 1)*(v_10*(v_6 - 1)*(v_7 - 1)*(v_8 - 1)*(v_9 - 1) - v_3*(v_10 - 1)*(v_6 - 1)*(v_7 - 1)*(v_8 - 1)*(v_9 - 1) - v_6*(v_7 - 1) + v_7 + v_8*(v_6 - 1)*(v_7 - 1) - v_9*(v_6 - 1)*(v_7 - 1)*(v_8 - 1) + (v_10 - 1)*(v_3 - 1)*(v_4 - v_5*(v_4 - 1))*(v_6 - 1)*(v_7 - 1)*(v_8 - 1)*(v_9 - 1))) - (v_15 - 1)*(v_16*(v_11*(v_10*(v_6 - 1)*(v_7 - 1)*(v_8 - 1)*(v_9 - 1) - v_3*(v_10 - 1)*(v_6 - 1)*(v_7 - 1)*(v_8 - 1)*(v_9 - 1) - v_6*(v_7 - 1) + v_7 + v_8*(v_6 - 1)*(v_7 - 1) - v_9*(v_6 - 1)*(v_7 - 1)*(v_8 - 1) + (v_10 - 1)*(v_3 - 1)*(v_4 - v_5*(v_4 - 1))*(v_6 - 1)*(v_7 - 1)*(v_8 - 1)*(v_9 - 1)) + (v_10 - 1)*(v_3 - 1)*(v_4 - 1)*(v_5 - 1)*(v_6 - 1)*(v_7 - 1)*(v_8 - 1)*(v_9 - 1) - (v_11 - 1)*(v_10*(v_6 - 1)*(v_7 - 1)*(v_8 - 1)*(v_9 - 1) - v_3*(v_10 - 1)*(v_6 - 1)*(v_7 - 1)*(v_8 - 1)*(v_9 - 1) - v_6*(v_7 - 1) + v_7 + v_8*(v_6 - 1)*(v_7 - 1) - v_9*(v_6 - 1)*(v_7 - 1)*(v_8 - 1) + (v_10 - 1)*(v_3 - 1)*(v_4 - v_5*(v_4 - 1))*(v_6 - 1)*(v_7 - 1)*(v_8 - 1)*(v_9 - 1))) - (v_16 - 1)*(v_17*(v_11*(v_10*(v_6 - 1)*(v_7 - 1)*(v_8 - 1)*(v_9 - 1) - v_3*(v_10 - 1)*(v_6 - 1)*(v_7 - 1)*(v_8 - 1)*(v_9 - 1) - v_6*(v_7 - 1) + v_7 + v_8*(v_6 - 1)*(v_7 - 1) - v_9*(v_6 - 1)*(v_7 - 1)*(v_8 - 1) + (v_10 - 1)*(v_3 - 1)*(v_4 - v_5*(v_4 - 1))*(v_6 - 1)*(v_7 - 1)*(v_8 - 1)*(v_9 - 1)) + (v_10 - 1)*(v_3 - 1)*(v_4 - 1)*(v_5 - 1)*(v_6 - 1)*(v_7 - 1)*(v_8 - 1)*(v_9 - 1) - (v_11 - 1)*(v_10*(v_6 - 1)*(v_7 - 1)*(v_8 - 1)*(v_9 - 1) - v_3*(v_10 - 1)*(v_6 - 1)*(v_7 - 1)*(v_8 - 1)*(v_9 - 1) - v_6*(v_7 - 1) + v_7 + v_8*(v_6 - 1)*(v_7 - 1) - v_9*(v_6 - 1)*(v_7 - 1)*(v_8 - 1) + (v_10 - 1)*(v_3 - 1)*(v_4 - v_5*(v_4 - 1))*(v_6 - 1)*(v_7 - 1)*(v_8 - 1)*(v_9 - 1))) - (v_17 - 1)*(v_18*(v_11*(v_10*(v_6 - 1)*(v_7 - 1)*(v_8 - 1)*(v_9 - 1) - v_3*(v_10 - 1)*(v_6 - 1)*(v_7 - 1)*(v_8 - 1)*(v_9 - 1) - v_6*(v_7 - 1) + v_7 + v_8*(v_6 - 1)*(v_7 - 1) - v_9*(v_6 - 1)*(v_7 - 1)*(v_8 - 1) + (v_10 - 1)*(v_3 - 1)*(v_4 - v_5*(v_4 - 1))*(v_6 - 1)*(v_7 - 1)*(v_8 - 1)*(v_9 - 1)) + (v_10 - 1)*(v_3 - 1)*(v_4 - 1)*(v_5 - 1)*(v_6 - 1)*(v_7 - 1)*(v_8 - 1)*(v_9 - 1) - (v_11 - 1)*(v_10*(v_6 - 1)*(v_7 - 1)*(v_8 - 1)*(v_9 - 1) - v_3*(v_10 - 1)*(v_6 - 1)*(v_7 - 1)*(v_8 - 1)*(v_9 - 1) - v_6*(v_7 - 1) + v_7 + v_8*(v_6 - 1)*(v_7 - 1) - v_9*(v_6 - 1)*(v_7 - 1)*(v_8 - 1) + (v_10 - 1)*(v_3 - 1)*(v_4 - v_5*(v_4 - 1))*(v_6 - 1)*(v_7 - 1)*(v_8 - 1)*(v_9 - 1))) - (v_18 - 1)*(v_19*(v_11*(v_10*(v_6 - 1)*(v_7 - 1)*(v_8 - 1)*(v_9 - 1) - v_3*(v_10 - 1)*(v_6 - 1)*(v_7 - 1)*(v_8 - 1)*(v_9 - 1) - v_6*(v_7 - 1) + v_7 + v_8*(v_6 - 1)*(v_7 - 1) - v_9*(v_6 - 1)*(v_7 - 1)*(v_8 - 1) + (v_10 - 1)*(v_3 - 1)*(v_4 - v_5*(v_4 - 1))*(v_6 - 1)*(v_7 - 1)*(v_8 - 1)*(v_9 - 1)) + (v_10 - 1)*(v_3 - 1)*(v_4 - 1)*(v_5 - 1)*(v_6 - 1)*(v_7 - 1)*(v_8 - 1)*(v_9 - 1) - (v_11 - 1)*(v_10*(v_6 - 1)*(v_7 - 1)*(v_8 - 1)*(v_9 - 1) - v_3*(v_10 - 1)*(v_6 - 1)*(v_7 - 1)*(v_8 - 1)*(v_9 - 1) - v_6*(v_7 - 1) + v_7 + v_8*(v_6 - 1)*(v_7 - 1) - v_9*(v_6 - 1)*(v_7 - 1)*(v_8 - 1) + (v_10 - 1)*(v_3 - 1)*(v_4 - v_5*(v_4 - 1))*(v_6 - 1)*(v_7 - 1)*(v_8 - 1)*(v_9 - 1))) - (v_19 - 1)*(v_20*(v_11*(v_10*(v_6 - 1)*(v_7 - 1)*(v_8 - 1)*(v_9 - 1) - v_3*(v_10 - 1)*(v_6 - 1)*(v_7 - 1)*(v_8 - 1)*(v_9 - 1) - v_6*(v_7 - 1) + v_7 + v_8*(v_6 - 1)*(v_7 - 1) - v_9*(v_6 - 1)*(v_7 - 1)*(v_8 - 1) + (v_10 - 1)*(v_3 - 1)*(v_4 - v_5*(v_4 - 1))*(v_6 - 1)*(v_7 - 1)*(v_8 - 1)*(v_9 - 1)) + (v_10 - 1)*(v_3 - 1)*(v_4 - 1)*(v_5 - 1)*(v_6 - 1)*(v_7 - 1)*(v_8 - 1)*(v_9 - 1) - (v_11 - 1)*(v_10*(v_6 - 1)*(v_7 - 1)*(v_8 - 1)*(v_9 - 1) - v_3*(v_10 - 1)*(v_6 - 1)*(v_7 - 1)*(v_8 - 1)*(v_9 - 1) - v_6*(v_7 - 1) + v_7 + v_8*(v_6 - 1)*(v_7 - 1) - v_9*(v_6 - 1)*(v_7 - 1)*(v_8 - 1) + (v_10 - 1)*(v_3 - 1)*(v_4 - v_5*(v_4 - 1))*(v_6 - 1)*(v_7 - 1)*(v_8 - 1)*(v_9 - 1))) - (v_20 - 1)*(v_21*(v_11*(v_10*(v_6 - 1)*(v_7 - 1)*(v_8 - 1)*(v_9 - 1) - v_3*(v_10 - 1)*(v_6 - 1)*(v_7 - 1)*(v_8 - 1)*(v_9 - 1) - v_6*(v_7 - 1) + v_7 + v_8*(v_6 - 1)*(v_7 - 1) - v_9*(v_6 - 1)*(v_7 - 1)*(v_8 - 1) + (v_10 - 1)*(v_3 - 1)*(v_4 - v_5*(v_4 - 1))*(v_6 - 1)*(v_7 - 1)*(v_8 - 1)*(v_9 - 1)) + (v_10 - 1)*(v_3 - 1)*(v_4 - 1)*(v_5 - 1)*(v_6 - 1)*(v_7 - 1)*(v_8 - 1)*(v_9 - 1) - (v_11 - 1)*(v_10*(v_6 - 1)*(v_7 - 1)*(v_8 - 1)*(v_9 - 1) - v_3*(v_10 - 1)*(v_6 - 1)*(v_7 - 1)*(v_8 - 1)*(v_9 - 1) - v_6*(v_7 - 1) + v_7 + v_8*(v_6 - 1)*(v_7 - 1) - v_9*(v_6 - 1)*(v_7 - 1)*(v_8 - 1) + (v_10 - 1)*(v_3 - 1)*(v_4 - v_5*(v_4 - 1))*(v_6 - 1)*(v_7 - 1)*(v_8 - 1)*(v_9 - 1))) - (v_21 - 1)*(v_22*(v_11*(v_10*(v_6 - 1)*(v_7 - 1)*(v_8 - 1)*(v_9 - 1) - v_3*(v_10 - 1)*(v_6 - 1)*(v_7 - 1)*(v_8 - 1)*(v_9 - 1) - v_6*(v_7 - 1) + v_7 + v_8*(v_6 - 1)*(v_7 - 1) - v_9*(v_6 - 1)*(v_7 - 1)*(v_8 - 1) + (v_10 - 1)*(v_3 - 1)*(v_4 - v_5*(v_4 - 1))*(v_6 - 1)*(v_7 - 1)*(v_8 - 1)*(v_9 - 1)) + (v_10 - 1)*(v_3 - 1)*(v_4 - 1)*(v_5 - 1)*(v_6 - 1)*(v_7 - 1)*(v_8 - 1)*(v_9 - 1) - (v_11 - 1)*(v_10*(v_6 - 1)*(v_7 - 1)*(v_8 - 1)*(v_9 - 1) - v_3*(v_10 - 1)*(v_6 - 1)*(v_7 - 1)*(v_8 - 1)*(v_9 - 1) - v_6*(v_7 - 1) + v_7 + v_8*(v_6 - 1)*(v_7 - 1) - v_9*(v_6 - 1)*(v_7 - 1)*(v_8 - 1) + (v_10 - 1)*(v_3 - 1)*(v_4 - v_5*(v_4 - 1))*(v_6 - 1)*(v_7 - 1)*(v_8 - 1)*(v_9 - 1))) - (v_22 - 1)*(v_1*(v_11*(v_10*(v_6 - 1)*(v_7 - 1)*(v_8 - 1)*(v_9 - 1) - v_3*(v_10 - 1)*(v_6 - 1)*(v_7 - 1)*(v_8 - 1)*(v_9 - 1) - v_6*(v_7 - 1) + v_7 + v_8*(v_6 - 1)*(v_7 - 1) - v_9*(v_6 - 1)*(v_7 - 1)*(v_8 - 1) + (v_10 - 1)*(v_3 - 1)*(v_4 - v_5*(v_4 - 1))*(v_6 - 1)*(v_7 - 1)*(v_8 - 1)*(v_9 - 1)) + (v_10 - 1)*(v_3 - 1)*(v_4 - 1)*(v_5 - 1)*(v_6 - 1)*(v_7 - 1)*(v_8 - 1)*(v_9 - 1) - (v_11 - 1)*(v_10*(v_6 - 1)*(v_7 - 1)*(v_8 - 1)*(v_9 - 1) - v_3*(v_10 - 1)*(v_6 - 1)*(v_7 - 1)*(v_8 - 1)*(v_9 - 1) - v_6*(v_7 - 1) + v_7 + v_8*(v_6 - 1)*(v_7 - 1) - v_9*(v_6 - 1)*(v_7 - 1)*(v_8 - 1) + (v_10 - 1)*(v_3 - 1)*(v_4 - v_5*(v_4 - 1))*(v_6 - 1)*(v_7 - 1)*(v_8 - 1)*(v_9 - 1))) - (v_1 - 1)*(v_11*(v_10 - 1)*(v_3 - 1)*(v_4 - 1)*(v_5 - 1)*(v_6 - 1)*(v_7 - 1)*(v_8 - 1)*(v_9 - 1) + v_11*(v_10*(v_6 - 1)*(v_7 - 1)*(v_8 - 1)*(v_9 - 1) - v_3*(v_10 - 1)*(v_6 - 1)*(v_7 - 1)*(v_8 - 1)*(v_9 - 1) - v_6*(v_7 - 1) + v_7 + v_8*(v_6 - 1)*(v_7 - 1) - v_9*(v_6 - 1)*(v_7 - 1)*(v_8 - 1) + (v_10 - 1)*(v_3 - 1)*(v_4 - v_5*(v_4 - 1))*(v_6 - 1)*(v_7 - 1)*(v_8 - 1)*(v_9 - 1)) - (v_11 - 1)*(v_10*(v_6 - 1)*(v_7 - 1)*(v_8 - 1)*(v_9 - 1) - v_3*(v_10 - 1)*(v_6 - 1)*(v_7 - 1)*(v_8 - 1)*(v_9 - 1) - v_6*(v_7 - 1) + v_7 + v_8*(v_6 - 1)*(v_7 - 1) - v_9*(v_6 - 1)*(v_7 - 1)*(v_8 - 1) + (v_10 - 1)*(v_3 - 1)*(v_4 - v_5*(v_4 - 1))*(v_6 - 1)*(v_7 - 1)*(v_8 - 1)*(v_9 - 1)))))))))))))
Post simplification
symp_time: 7947.359162569046
number of sums: 84
number of subs: 766
number of prods: 659
opt_time: 16.288636445999146
     fun: 1.1684504029518243
     jac: array([1., 1., 1., 1., 1., 1., 1., 1., 1., 1., 1., 1., 1., 1., 1., 1., 1.,
       1., 1., 1.])
 message: 'Optimization terminated successfully'
    nfev: 9
     nit: 6
    njev: 6
  status: 0
 success: True
       x: array([0.05842252, 0.05842252, 0.05842252, 0.05842252, 0.05842252,
       0.05842252, 0.05842252, 0.05842252, 0.05842252, 0.05842252,
       0.05842252, 0.05842252, 0.05842252, 0.05842252, 0.05842252,
       0.05842252, 0.05842252, 0.05842252, 0.05842252, 0.05842252])

real	133m10.563s
user	132m30.701s
sys	0m28.493s
Ended at: 
Fri Dec  8 01:13:56 CET 2023
