Started at: 
Tue Dec  5 10:45:17 CET 2023
[INFO] aspmc: Tree Decomposition #bags: 60 unfolded treewidth: 4 #vertices: 77
[INFO] aspmc: Preprocessing disabled
[INFO] aspmc:    Stats Compilation
[INFO] aspmc: ------------------------------------------------------------
[INFO] aspmc: X/D-Constrained Tree Decomposition #bags: 90 treewidth: 19 #vertices: 118
[INFO] aspmc: Dtree time:               2.04260516166687
[INFO] aspmc: Compilation time:         5.378180265426636
[INFO] aspmc: Preparation time:         0.00015783309936523438
[INFO] aspmc: Counting time:            207.92952418327332
[INFO] aspmc: ------------------------------------------------------------
slurmstepd: error: Job 2096414 exceeded memory limit (20096248 > 16777216), being killed
slurmstepd: error: Exceeded job memory limit
slurmstepd: error: *** JOB 2096414 ON node02 CANCELLED AT 2023-12-05T10:56:17 ***
[0.03::a0., 0.03::a1., 0.03::a2., 0.03::a3., 0.03::a4., 0.03::a5., 0.03::a6., 0.03::a7., 0.03::a8., 0.03::a9., 0.03::a10., 0.03::a11., 0.03::a12., 0.03::a13., 0.03::a14., 0.03::a15., 0.03::a16., 0.03::a17., 0.03::a18., 0.03::a19., 0.03::a20., 0.03::a21., 0.03::a22., 0.03::a23., 0.03::a24., 0.03::a25., 0.03::a26., 0.03::a27., 0.03::a28., 0.03::a29., qr:-a0., qr:-a1,not nqr., nqr:-a1,not qr., qr:-a2., qr:-a3,not nqr., nqr:-a3,not qr., qr:-a4., qr:-a5,not nqr., nqr:-a5,not qr., qr:-a6., qr:-a7,not nqr., nqr:-a7,not qr., qr:-a8., qr:-a9,not nqr., nqr:-a9,not qr., qr:-a10., qr:-a11,not nqr., nqr:-a11,not qr., qr:-a12., qr:-a13,not nqr., nqr:-a13,not qr., qr:-a14., qr:-a15,not nqr., nqr:-a15,not qr., qr:-a16., qr:-a17,not nqr., nqr:-a17,not qr., qr:-a18., qr:-a19,not nqr., nqr:-a19,not qr., qr:-a20., qr:-a21,not nqr., nqr:-a21,not qr., qr:-a22., qr:-a23,not nqr., nqr:-a23,not qr., qr:-a24., qr:-a25,not nqr., nqr:-a25,not qr., qr:-a26., qr:-a27,not nqr., nqr:-a27,not qr., qr:-a28., qr:-a29,not nqr., nqr:-a29,not qr., query(qr).]
tracc
nnf_construction_time: 216.46180820465088
Traceback (most recent call last):
  File "/home/dazzolin/test/2023aspmc/aspmc/experiments/qr_nqr_clauses/runner_with_pair_constr.py", line 33, in <module>
    res = compute_optimal_probability(
  File "/home/dazzolin/test/2023aspmc/aspmc/experiments/qr_nqr_clauses/a.py", line 162, in compute_optimal_probability
    lq, uq, symb_vars = get_eq(current_prog,query,optimizable_facts)
  File "/home/dazzolin/test/2023aspmc/aspmc/experiments/qr_nqr_clauses/a.py", line 132, in get_eq
    sup = str(simplify(sympify(eq_up)))
  File "/home/dazzolin/anaconda3/lib/python3.9/site-packages/sympy/core/sympify.py", line 472, in sympify
    expr = parse_expr(a, local_dict=locals, transformations=transformations, evaluate=evaluate)
  File "/home/dazzolin/anaconda3/lib/python3.9/site-packages/sympy/parsing/sympy_parser.py", line 1011, in parse_expr
    code = stringify_expr(s, local_dict, global_dict, transformations)
  File "/home/dazzolin/anaconda3/lib/python3.9/site-packages/sympy/parsing/sympy_parser.py", line 900, in stringify_expr
    tokens = transform(tokens, local_dict, global_dict)
  File "/home/dazzolin/anaconda3/lib/python3.9/site-packages/sympy/parsing/sympy_parser.py", line 663, in convert_xor
    result.append((toknum, tokval))
  File "/home/dazzolin/test/2023aspmc/aspmc/aspmc/signal_handling.py", line 17, in handler
    raise KeyboardInterrupt("Received Control+C, cleaning up and shutting down.")
KeyboardInterrupt: Received Control+C, cleaning up and shutting down.
