Started at: 
Thu Dec  7 17:54:43 CET 2023
Instance: 2
[INFO] aspmc: Tree Decomposition #bags: 20 unfolded treewidth: 4 #vertices: 27
[INFO] aspmc: Preprocessing disabled
[INFO] aspmc:    Stats Compilation
[INFO] aspmc: ------------------------------------------------------------
[INFO] aspmc: X/D-Constrained Tree Decomposition #bags: 28 treewidth: 10 #vertices: 38
[INFO] aspmc: Dtree time:               2.022503137588501
[INFO] aspmc: Compilation time:         0.018679380416870117
[INFO] aspmc: Preparation time:         9.012222290039062e-05
[INFO] aspmc: Counting time:            0.3567502498626709
[INFO] aspmc: ------------------------------------------------------------
[0.03::a0., 0.03::a1., 0.03::a2., 0.03::a3., 0.03::a4., 0.03::a5., 0.03::a6., 0.03::a7., 0.03::a8., 0.03::a9., qr:-a0., qr:-a1,not nqr., nqr:-a1,not qr., qr:-a2., qr:-a3,not nqr., nqr:-a3,not qr., qr:-a4., qr:-a5,not nqr., nqr:-a5,not qr., qr:-a6., qr:-a7,not nqr., nqr:-a7,not qr., qr:-a8., qr:-a9,not nqr., nqr:-a9,not qr., query(qr).]
tracc
nnf_construction_time: 3.4999477863311768
Pre simplification
number of sums: 767
number of prods: 1055
len(eq): 63
1.0*v_7 - (0.783743359437696*v_1 + 0.216256640562304)*(v_7 - 1)
Post simplification
symp_time: 0.4872395992279053
number of sums: 1
number of subs: 2
number of prods: 3
opt_time: 0.11784482002258301
     fun: 0.5
     jac: array([1., 1.])
 message: 'Positive directional derivative for linesearch'
    nfev: 41
     nit: 10
    njev: 6
  status: 8
 success: False
       x: array([0.25, 0.25])

real	0m5.380s
user	0m4.462s
sys	0m0.722s
Instance: 3
[INFO] aspmc: Tree Decomposition #bags: 20 unfolded treewidth: 4 #vertices: 27
[INFO] aspmc: Preprocessing disabled
[INFO] aspmc:    Stats Compilation
[INFO] aspmc: ------------------------------------------------------------
[INFO] aspmc: X/D-Constrained Tree Decomposition #bags: 28 treewidth: 10 #vertices: 38
[INFO] aspmc: Dtree time:               2.0249147415161133
[INFO] aspmc: Compilation time:         0.018462419509887695
[INFO] aspmc: Preparation time:         9.703636169433594e-05
[INFO] aspmc: Counting time:            0.3710925579071045
[INFO] aspmc: ------------------------------------------------------------
[0.03::a0., 0.03::a1., 0.03::a2., 0.03::a3., 0.03::a4., 0.03::a5., 0.03::a6., 0.03::a7., 0.03::a8., 0.03::a9., qr:-a0., qr:-a1,not nqr., nqr:-a1,not qr., qr:-a2., qr:-a3,not nqr., nqr:-a3,not qr., qr:-a4., qr:-a5,not nqr., nqr:-a5,not qr., qr:-a6., qr:-a7,not nqr., nqr:-a7,not qr., qr:-a8., qr:-a9,not nqr., nqr:-a9,not qr., query(qr).]
tracc
nnf_construction_time: 3.5334765911102295
Pre simplification
number of sums: 767
number of prods: 1055
len(eq): 95
1.0*v_7 - (v_7 - 1)*(-0.80798284478113*v_1*(v_3 - 1) + 0.80798284478113*v_3 + 0.19201715521887)
Post simplification
symp_time: 0.5720353126525879
number of sums: 2
number of subs: 4
number of prods: 5
opt_time: 0.07415628433227539
     fun: 0.75
     jac: array([1., 1., 1.])
 message: 'Positive directional derivative for linesearch'
    nfev: 1
     nit: 5
    njev: 1
  status: 8
 success: False
       x: array([0.25, 0.25, 0.25])

real	0m5.301s
user	0m4.369s
sys	0m0.725s
Instance: 4
[INFO] aspmc: Tree Decomposition #bags: 20 unfolded treewidth: 4 #vertices: 27
[INFO] aspmc: Preprocessing disabled
[INFO] aspmc:    Stats Compilation
[INFO] aspmc: ------------------------------------------------------------
[INFO] aspmc: X/D-Constrained Tree Decomposition #bags: 28 treewidth: 10 #vertices: 38
[INFO] aspmc: Dtree time:               2.0245699882507324
[INFO] aspmc: Compilation time:         0.018704891204833984
[INFO] aspmc: Preparation time:         0.00010180473327636719
[INFO] aspmc: Counting time:            0.35752224922180176
[INFO] aspmc: ------------------------------------------------------------
[0.03::a0., 0.03::a1., 0.03::a2., 0.03::a3., 0.03::a4., 0.03::a5., 0.03::a6., 0.03::a7., 0.03::a8., 0.03::a9., qr:-a0., qr:-a1,not nqr., nqr:-a1,not qr., qr:-a2., qr:-a3,not nqr., nqr:-a3,not qr., qr:-a4., qr:-a5,not nqr., nqr:-a5,not qr., qr:-a6., qr:-a7,not nqr., nqr:-a7,not qr., qr:-a8., qr:-a9,not nqr., nqr:-a9,not qr., query(qr).]
tracc
nnf_construction_time: 3.542078733444214
Pre simplification
number of sums: 767
number of prods: 1055
len(eq): 111
1.0*v_7 - (v_7 - 1)*(1.0*v_9 - (v_9 - 1)*(-0.832972004929*v_1*(v_3 - 1) + 0.832972004929*v_3 + 0.167027995071))
Post simplification
symp_time: 0.5925006866455078
number of sums: 2
number of subs: 6
number of prods: 7
opt_time: 0.4206357002258301
     fun: 0.901277371383855
     jac: array([1., 1., 1., 1.])
 message: 'Optimization terminated successfully'
    nfev: 4
     nit: 4
    njev: 4
  status: 0
 success: True
       x: array([0.22531934, 0.22531934, 0.22531934, 0.22531934])

real	0m5.804s
user	0m4.668s
sys	0m0.742s
Instance: 5
[INFO] aspmc: Tree Decomposition #bags: 20 unfolded treewidth: 4 #vertices: 27
[INFO] aspmc: Preprocessing disabled
[INFO] aspmc:    Stats Compilation
[INFO] aspmc: ------------------------------------------------------------
[INFO] aspmc: X/D-Constrained Tree Decomposition #bags: 28 treewidth: 10 #vertices: 38
[INFO] aspmc: Dtree time:               2.0239717960357666
[INFO] aspmc: Compilation time:         0.0189664363861084
[INFO] aspmc: Preparation time:         8.96453857421875e-05
[INFO] aspmc: Counting time:            0.35874295234680176
[INFO] aspmc: ------------------------------------------------------------
[0.03::a0., 0.03::a1., 0.03::a2., 0.03::a3., 0.03::a4., 0.03::a5., 0.03::a6., 0.03::a7., 0.03::a8., 0.03::a9., qr:-a0., qr:-a1,not nqr., nqr:-a1,not qr., qr:-a2., qr:-a3,not nqr., nqr:-a3,not qr., qr:-a4., qr:-a5,not nqr., nqr:-a5,not qr., qr:-a6., qr:-a7,not nqr., nqr:-a7,not qr., qr:-a8., qr:-a9,not nqr., nqr:-a9,not qr., query(qr).]
tracc
nnf_construction_time: 3.5578348636627197
Pre simplification
number of sums: 767
number of prods: 1055
len(eq): 368
v_7*(1.0*v_3*(0.9409*v_4 + 0.0591) - 0.9409*v_4 - 1.0*(v_3 - 1)*(0.9409*v_4 + 0.0591) + 0.9409) - (v_7 - 1)*(v_9*(1.0*v_3*(0.9409*v_4 + 0.0591) - 0.9409*v_4 - 1.0*(v_3 - 1)*(0.9409*v_4 + 0.0591) + 0.9409) - (v_9 - 1)*(1.0*v_3*(0.9409*v_4 + 0.0591) - 0.0821659743*v_4 - 1.0*(v_3 - 1)*(0.9409*v_4 + 0.0591) + 0.8587340257*(v_4 - 1)*(v_1*(v_3 - 1) - v_3) + 0.0821659743))
Post simplification
symp_time: 0.9145011901855469
number of sums: 10
number of subs: 16
number of prods: 28
opt_time: 1.0353336334228516
     fun: 0.9484377031098172
     jac: array([1., 1., 1., 1., 1.])
 message: 'Optimization terminated successfully'
    nfev: 5
     nit: 5
    njev: 5
  status: 0
 success: True
       x: array([0.18968754, 0.18968754, 0.18968754, 0.18968754, 0.18968754])

real	0m6.572s
user	0m5.632s
sys	0m0.669s
Instance: 6
[INFO] aspmc: Tree Decomposition #bags: 20 unfolded treewidth: 4 #vertices: 27
[INFO] aspmc: Preprocessing disabled
[INFO] aspmc:    Stats Compilation
[INFO] aspmc: ------------------------------------------------------------
[INFO] aspmc: X/D-Constrained Tree Decomposition #bags: 28 treewidth: 10 #vertices: 38
[INFO] aspmc: Dtree time:               2.023796319961548
[INFO] aspmc: Compilation time:         0.01907038688659668
[INFO] aspmc: Preparation time:         0.00010728836059570312
[INFO] aspmc: Counting time:            0.38965678215026855
[INFO] aspmc: ------------------------------------------------------------
[0.03::a0., 0.03::a1., 0.03::a2., 0.03::a3., 0.03::a4., 0.03::a5., 0.03::a6., 0.03::a7., 0.03::a8., 0.03::a9., qr:-a0., qr:-a1,not nqr., nqr:-a1,not qr., qr:-a2., qr:-a3,not nqr., nqr:-a3,not qr., qr:-a4., qr:-a5,not nqr., nqr:-a5,not qr., qr:-a6., qr:-a7,not nqr., nqr:-a7,not qr., qr:-a8., qr:-a9,not nqr., nqr:-a9,not qr., query(qr).]
tracc
nnf_construction_time: 3.5422592163085938
Pre simplification
number of sums: 767
number of prods: 1055
len(eq): 474
v_7*(1.0*v_3*(0.9409*v_4 + 0.0591) - 0.9409*v_4 - 1.0*(v_3 - 1)*(0.9409*v_4 + 0.0591) + 0.9409) - (v_7 - 1)*(v_9*(1.0*v_3*(0.9409*v_4 + 0.0591) - 0.9409*v_4 - 1.0*(v_3 - 1)*(0.9409*v_4 + 0.0591) + 0.9409) - (v_9 - 1)*(v_10*(1.0*v_3*(0.9409*v_4 + 0.0591) - 0.9409*v_4 - 1.0*(v_3 - 1)*(0.9409*v_4 + 0.0591) + 0.9409) - (v_10 - 1)*(1.0*v_3*(0.9409*v_4 + 0.0591) - 0.05560719*v_4 - 1.0*(v_3 - 1)*(0.9409*v_4 + 0.0591) + 0.88529281*(v_4 - 1)*(v_1*(v_3 - 1) - v_3) + 0.05560719)))
Post simplification
symp_time: 1.3525114059448242
number of sums: 13
number of subs: 21
number of prods: 37
opt_time: 2.0934436321258545
     fun: 0.9901625297791319
     jac: array([1., 1., 1., 1., 1., 1.])
 message: 'Optimization terminated successfully'
    nfev: 6
     nit: 6
    njev: 6
  status: 0
 success: True
       x: array([0.16502709, 0.16502709, 0.16502709, 0.16502709, 0.16502709,
       0.16502709])

real	0m8.100s
user	0m7.155s
sys	0m0.708s
Instance: 7
[INFO] aspmc: Tree Decomposition #bags: 20 unfolded treewidth: 4 #vertices: 27
[INFO] aspmc: Preprocessing disabled
[INFO] aspmc:    Stats Compilation
[INFO] aspmc: ------------------------------------------------------------
[INFO] aspmc: X/D-Constrained Tree Decomposition #bags: 28 treewidth: 10 #vertices: 38
[INFO] aspmc: Dtree time:               2.025456428527832
[INFO] aspmc: Compilation time:         0.01866769790649414
[INFO] aspmc: Preparation time:         8.988380432128906e-05
[INFO] aspmc: Counting time:            0.3623967170715332
[INFO] aspmc: ------------------------------------------------------------
[0.03::a0., 0.03::a1., 0.03::a2., 0.03::a3., 0.03::a4., 0.03::a5., 0.03::a6., 0.03::a7., 0.03::a8., 0.03::a9., qr:-a0., qr:-a1,not nqr., nqr:-a1,not qr., qr:-a2., qr:-a3,not nqr., nqr:-a3,not qr., qr:-a4., qr:-a5,not nqr., nqr:-a5,not qr., qr:-a6., qr:-a7,not nqr., nqr:-a7,not qr., qr:-a8., qr:-a9,not nqr., nqr:-a9,not qr., query(qr).]
tracc
nnf_construction_time: 3.5285286903381348
Pre simplification
number of sums: 767
number of prods: 1055
len(eq): 634
v_7*(1.0*v_3*(0.97*v_4 - 0.97*v_5*(v_4 - 1) + 0.03) - 1.0*(v_3 - 1)*(0.97*v_4 - 0.97*v_5*(v_4 - 1) + 0.03) + 0.97*(v_4 - 1)*(v_5 - 1)) - (v_7 - 1)*(v_9*(1.0*v_3*(0.97*v_4 - 0.97*v_5*(v_4 - 1) + 0.03) - 1.0*(v_3 - 1)*(0.97*v_4 - 0.97*v_5*(v_4 - 1) + 0.03) + 0.97*(v_4 - 1)*(v_5 - 1)) - (v_9 - 1)*(v_10*(1.0*v_3*(0.97*v_4 - 0.97*v_5*(v_4 - 1) + 0.03) - 1.0*(v_3 - 1)*(0.97*v_4 - 0.97*v_5*(v_4 - 1) + 0.03) + 0.97*(v_4 - 1)*(v_5 - 1)) - (v_10 - 1)*(1.0*v_3*(0.97*v_4 - 0.97*v_5*(v_4 - 1) + 0.03) - 1.0*(v_3 - 1)*(0.97*v_4 - 0.97*v_5*(v_4 - 1) + 0.03) - 0.912673*(v_4 - 1)*(v_5 - 1)*(v_1*(v_3 - 1) - v_3) + 0.057327*(v_4 - 1)*(v_5 - 1))))
Post simplification
symp_time: 1.8527448177337646
number of sums: 12
number of subs: 43
number of prods: 58
opt_time: 3.794955253601074
     fun: 1.028680168840409
     jac: array([1., 1., 1., 1., 1., 1., 1.])
 message: 'Optimization terminated successfully'
    nfev: 6
     nit: 6
    njev: 6
  status: 0
 success: True
       x: array([0.14695431, 0.14695431, 0.14695431, 0.14695431, 0.14695431,
       0.14695431, 0.14695431])

real	0m10.329s
user	0m9.124s
sys	0m0.901s
Instance: 8
[INFO] aspmc: Tree Decomposition #bags: 20 unfolded treewidth: 4 #vertices: 27
[INFO] aspmc: Preprocessing disabled
[INFO] aspmc:    Stats Compilation
[INFO] aspmc: ------------------------------------------------------------
[INFO] aspmc: X/D-Constrained Tree Decomposition #bags: 28 treewidth: 10 #vertices: 38
[INFO] aspmc: Dtree time:               2.0224738121032715
[INFO] aspmc: Compilation time:         0.01815032958984375
[INFO] aspmc: Preparation time:         8.916854858398438e-05
[INFO] aspmc: Counting time:            0.33460545539855957
[INFO] aspmc: ------------------------------------------------------------
/home/dazzolin/anaconda3/lib/python3.9/site-packages/scipy/optimize/optimize.py:282: RuntimeWarning: Values in x were outside bounds during a minimize step, clipping to bounds
  warnings.warn("Values in x were outside bounds during a "
[0.03::a0., 0.03::a1., 0.03::a2., 0.03::a3., 0.03::a4., 0.03::a5., 0.03::a6., 0.03::a7., 0.03::a8., 0.03::a9., qr:-a0., qr:-a1,not nqr., nqr:-a1,not qr., qr:-a2., qr:-a3,not nqr., nqr:-a3,not qr., qr:-a4., qr:-a5,not nqr., nqr:-a5,not qr., qr:-a6., qr:-a7,not nqr., nqr:-a7,not qr., qr:-a8., qr:-a9,not nqr., nqr:-a9,not qr., query(qr).]
tracc
nnf_construction_time: 3.4975461959838867
Pre simplification
number of sums: 767
number of prods: 1055
len(eq): 781
v_7*(1.0*v_3*(0.97*v_4 - 0.97*v_5*(v_4 - 1) + 0.03) - 1.0*(v_3 - 1)*(0.97*v_4 - 0.97*v_5*(v_4 - 1) + 0.03) + 0.97*(v_4 - 1)*(v_5 - 1)) - (v_7 - 1)*(v_9*(1.0*v_3*(0.97*v_4 - 0.97*v_5*(v_4 - 1) + 0.03) - 1.0*(v_3 - 1)*(0.97*v_4 - 0.97*v_5*(v_4 - 1) + 0.03) + 0.97*(v_4 - 1)*(v_5 - 1)) - (v_9 - 1)*(v_10*(1.0*v_3*(0.97*v_4 - 0.97*v_5*(v_4 - 1) + 0.03) - 1.0*(v_3 - 1)*(0.97*v_4 - 0.97*v_5*(v_4 - 1) + 0.03) + 0.97*(v_4 - 1)*(v_5 - 1)) - (v_10 - 1)*(v_11*(1.0*v_3*(0.97*v_4 - 0.97*v_5*(v_4 - 1) + 0.03) - 1.0*(v_3 - 1)*(0.97*v_4 - 0.97*v_5*(v_4 - 1) + 0.03) + 0.97*(v_4 - 1)*(v_5 - 1)) - (v_11 - 1)*(1.0*v_3*(0.97*v_4 - 0.97*v_5*(v_4 - 1) + 0.03) - 1.0*(v_3 - 1)*(0.97*v_4 - 0.97*v_5*(v_4 - 1) + 0.03) - 0.9409*(v_4 - 1)*(v_5 - 1)*(v_1*(v_3 - 1) - v_3) + 0.0291*(v_4 - 1)*(v_5 - 1)))))
Post simplification
symp_time: 3.6623237133026123
number of sums: 15
number of subs: 53
number of prods: 72
opt_time: 6.931039571762085
     fun: 1.0651477885217444
     jac: array([1., 1., 1., 1., 1., 1., 1., 1.])
 message: 'Optimization terminated successfully'
    nfev: 10
     nit: 8
    njev: 8
  status: 0
 success: True
       x: array([0.13314347, 0.13314347, 0.13314347, 0.13314347, 0.13314347,
       0.13314347, 0.13314347, 0.13314347])

real	0m15.239s
user	0m14.097s
sys	0m0.855s
Instance: 9
[INFO] aspmc: Tree Decomposition #bags: 20 unfolded treewidth: 4 #vertices: 27
[INFO] aspmc: Preprocessing disabled
[INFO] aspmc:    Stats Compilation
[INFO] aspmc: ------------------------------------------------------------
[INFO] aspmc: X/D-Constrained Tree Decomposition #bags: 28 treewidth: 10 #vertices: 38
[INFO] aspmc: Dtree time:               2.02543306350708
[INFO] aspmc: Compilation time:         0.01794600486755371
[INFO] aspmc: Preparation time:         9.226799011230469e-05
[INFO] aspmc: Counting time:            0.33454275131225586
[INFO] aspmc: ------------------------------------------------------------
/home/dazzolin/anaconda3/lib/python3.9/site-packages/scipy/optimize/optimize.py:282: RuntimeWarning: Values in x were outside bounds during a minimize step, clipping to bounds
  warnings.warn("Values in x were outside bounds during a "
[0.03::a0., 0.03::a1., 0.03::a2., 0.03::a3., 0.03::a4., 0.03::a5., 0.03::a6., 0.03::a7., 0.03::a8., 0.03::a9., qr:-a0., qr:-a1,not nqr., nqr:-a1,not qr., qr:-a2., qr:-a3,not nqr., nqr:-a3,not qr., qr:-a4., qr:-a5,not nqr., nqr:-a5,not qr., qr:-a6., qr:-a7,not nqr., nqr:-a7,not qr., qr:-a8., qr:-a9,not nqr., nqr:-a9,not qr., query(qr).]
tracc
nnf_construction_time: 3.571171998977661
Pre simplification
number of sums: 767
number of prods: 1055
len(eq): 897
1.0*v_7*(v_3*(v_4 + v_5*(v_4 - 1)*(v_6 - 1) - v_6*(v_4 - 1)) - (v_3 - 1)*(v_4 + v_5*(v_4 - 1)*(v_6 - 1) - v_6*(v_4 - 1)) - (v_4 - 1)*(v_5 - 1)*(v_6 - 1)) - (v_7 - 1)*(-1.0*v_9*(-v_3*(v_4 + v_5*(v_4 - 1)*(v_6 - 1) - v_6*(v_4 - 1)) + (v_3 - 1)*(v_4 + v_5*(v_4 - 1)*(v_6 - 1) - v_6*(v_4 - 1)) + (v_4 - 1)*(v_5 - 1)*(v_6 - 1)) + (v_9 - 1)*(1.0*v_10*(-v_3*(v_4 + v_5*(v_4 - 1)*(v_6 - 1) - v_6*(v_4 - 1)) + (v_3 - 1)*(v_4 + v_5*(v_4 - 1)*(v_6 - 1) - v_6*(v_4 - 1)) + (v_4 - 1)*(v_5 - 1)*(v_6 - 1)) - (v_10 - 1)*(1.0*v_11*(-v_3*(v_4 + v_5*(v_4 - 1)*(v_6 - 1) - v_6*(v_4 - 1)) + (v_3 - 1)*(v_4 + v_5*(v_4 - 1)*(v_6 - 1) - v_6*(v_4 - 1)) + (v_4 - 1)*(v_5 - 1)*(v_6 - 1)) - (v_11 - 1)*(-1.0*v_3*(v_4 + v_5*(v_4 - 1)*(v_6 - 1) - v_6*(v_4 - 1)) + 1.0*(v_3 - 1)*(v_4 + v_5*(v_4 - 1)*(v_6 - 1) - v_6*(v_4 - 1)) + 0.97*(v_4 - 1)*(v_5 - 1)*(v_6 - 1)*(-v_1*(v_3 - 1) + v_3) + 0.03*(v_4 - 1)*(v_5 - 1)*(v_6 - 1)))))
Post simplification
symp_time: 7.778131008148193
number of sums: 21
number of subs: 79
number of prods: 70
opt_time: 8.397128820419312
     fun: 1.100225792880879
     jac: array([1., 1., 1., 1., 1., 1., 1., 1., 1.])
 message: 'Optimization terminated successfully'
    nfev: 10
     nit: 7
    njev: 7
  status: 0
 success: True
       x: array([0.12224731, 0.12224731, 0.12224731, 0.12224731, 0.12224731,
       0.12224731, 0.12224731, 0.12224731, 0.12224731])

real	0m20.876s
user	0m19.722s
sys	0m0.808s
Instance: 10
[INFO] aspmc: Tree Decomposition #bags: 20 unfolded treewidth: 4 #vertices: 27
[INFO] aspmc: Preprocessing disabled
[INFO] aspmc:    Stats Compilation
[INFO] aspmc: ------------------------------------------------------------
[INFO] aspmc: X/D-Constrained Tree Decomposition #bags: 28 treewidth: 10 #vertices: 38
[INFO] aspmc: Dtree time:               2.022958278656006
[INFO] aspmc: Compilation time:         0.018719196319580078
[INFO] aspmc: Preparation time:         9.441375732421875e-05
[INFO] aspmc: Counting time:            0.3543844223022461
[INFO] aspmc: ------------------------------------------------------------
/home/dazzolin/anaconda3/lib/python3.9/site-packages/scipy/optimize/optimize.py:282: RuntimeWarning: Values in x were outside bounds during a minimize step, clipping to bounds
  warnings.warn("Values in x were outside bounds during a "
[0.03::a0., 0.03::a1., 0.03::a2., 0.03::a3., 0.03::a4., 0.03::a5., 0.03::a6., 0.03::a7., 0.03::a8., 0.03::a9., qr:-a0., qr:-a1,not nqr., nqr:-a1,not qr., qr:-a2., qr:-a3,not nqr., nqr:-a3,not qr., qr:-a4., qr:-a5,not nqr., nqr:-a5,not qr., qr:-a6., qr:-a7,not nqr., nqr:-a7,not qr., qr:-a8., qr:-a9,not nqr., nqr:-a9,not qr., query(qr).]
tracc
nnf_construction_time: 3.499774694442749
Pre simplification
number of sums: 767
number of prods: 1055
len(eq): 997
v_7*(v_3*(v_4 + v_5*(v_4 - 1)*(v_6 - 1) - v_6*(v_4 - 1)) - (v_3 - 1)*(v_4 + v_5*(v_4 - 1)*(v_6 - 1) - v_6*(v_4 - 1)) - (v_4 - 1)*(v_5 - 1)*(v_6 - 1)) - (v_7 - 1)*(v_9*(v_3*(v_4 + v_5*(v_4 - 1)*(v_6 - 1) - v_6*(v_4 - 1)) - (v_3 - 1)*(v_4 + v_5*(v_4 - 1)*(v_6 - 1) - v_6*(v_4 - 1)) - (v_4 - 1)*(v_5 - 1)*(v_6 - 1)) - (v_9 - 1)*(-v_10*(-v_3*(v_4 + v_5*(v_4 - 1)*(v_6 - 1) - v_6*(v_4 - 1)) + (v_3 - 1)*(v_4 + v_5*(v_4 - 1)*(v_6 - 1) - v_6*(v_4 - 1)) + (v_4 - 1)*(v_5 - 1)*(v_6 - 1)) + (v_10 - 1)*(v_11*(-v_3*(v_4 + v_5*(v_4 - 1)*(v_6 - 1) - v_6*(v_4 - 1)) + (v_3 - 1)*(v_4 + v_5*(v_4 - 1)*(v_6 - 1) - v_6*(v_4 - 1)) + (v_4 - 1)*(v_5 - 1)*(v_6 - 1)) - (v_11 - 1)*(v_12*(-v_3*(v_4 + v_5*(v_4 - 1)*(v_6 - 1) - v_6*(v_4 - 1)) + (v_3 - 1)*(v_4 + v_5*(v_4 - 1)*(v_6 - 1) - v_6*(v_4 - 1)) + (v_4 - 1)*(v_5 - 1)*(v_6 - 1)) - (v_12 - 1)*(-v_3*(v_4 + v_5*(v_4 - 1)*(v_6 - 1) - v_6*(v_4 - 1)) + (v_3 - 1)*(v_4 + v_5*(v_4 - 1)*(v_6 - 1) - v_6*(v_4 - 1)) + (v_4 - 1)*(v_5 - 1)*(v_6 - 1)*(-v_1*(v_3 - 1) + v_3))))))
Post simplification
symp_time: 7.730725288391113
number of sums: 22
number of subs: 92
number of prods: 72
opt_time: 11.621503591537476
     fun: 1.1343184943478677
     jac: array([1., 1., 1., 1., 1., 1., 1., 1., 1., 1.])
 message: 'Optimization terminated successfully'
    nfev: 10
     nit: 7
    njev: 7
  status: 0
 success: True
       x: array([0.11343185, 0.11343185, 0.11343185, 0.11343185, 0.11343185,
       0.11343185, 0.11343185, 0.11343185, 0.11343185, 0.11343185])

real	0m23.975s
user	0m22.374s
sys	0m1.106s
Ended at: 
Thu Dec  7 17:56:24 CET 2023
