Started at: 
Wed Dec 13 16:48:19 CET 2023
Instance: 20
[INFO] aspmc: Tree Decomposition #bags: 50 unfolded treewidth: 4 #vertices: 64
[INFO] aspmc: Preprocessing disabled
[INFO] aspmc:    Stats Compilation
[INFO] aspmc: ------------------------------------------------------------
[INFO] aspmc: X/D-Constrained Tree Decomposition #bags: 73 treewidth: 16 #vertices: 97
[INFO] aspmc: Dtree time:               2.0397403240203857
[INFO] aspmc: Compilation time:         0.6283547878265381
[INFO] aspmc: Preparation time:         0.00014162063598632812
[INFO] aspmc: Counting time:            37.24597477912903
[INFO] aspmc: ------------------------------------------------------------
/home/dazzolin/anaconda3/lib/python3.9/site-packages/scipy/optimize/optimize.py:282: RuntimeWarning: Values in x were outside bounds during a minimize step, clipping to bounds
  warnings.warn("Values in x were outside bounds during a "
[0.03::a0., 0.03::a1., 0.03::a2., 0.03::a3., 0.03::a4., 0.03::a5., 0.03::a6., 0.03::a7., 0.03::a8., 0.03::a9., 0.03::a10., 0.03::a11., 0.03::a12., 0.03::a13., 0.03::a14., 0.03::a15., 0.03::a16., 0.03::a17., 0.03::a18., 0.03::a19., 0.03::a20., 0.03::a21., 0.03::a22., 0.03::a23., 0.03::a24., qr:-a0., qr:-a1,not nqr., nqr:-a1,not qr., qr:-a2., qr:-a3,not nqr., nqr:-a3,not qr., qr:-a4., qr:-a5,not nqr., nqr:-a5,not qr., qr:-a6., qr:-a7,not nqr., nqr:-a7,not qr., qr:-a8., qr:-a9,not nqr., nqr:-a9,not qr., qr:-a10., qr:-a11,not nqr., nqr:-a11,not qr., qr:-a12., qr:-a13,not nqr., nqr:-a13,not qr., qr:-a14., qr:-a15,not nqr., nqr:-a15,not qr., qr:-a16., qr:-a17,not nqr., nqr:-a17,not qr., qr:-a18., qr:-a19,not nqr., nqr:-a19,not qr., qr:-a20., qr:-a21,not nqr., nqr:-a21,not qr., qr:-a22., qr:-a23,not nqr., nqr:-a23,not qr., qr:-a24., query(qr).]
tracc
nnf_construction_time: 41.03873133659363
Pre simplification
number of sums: 204799
number of prods: 663551
len(eq): 8415
v_15*(1.0*v_10 - 1.0*v_3*(v_10 - 1)*(v_6 - 1)*(v_7 - 1) - 0.9409*v_4*(v_10 - 1)*(v_3 - 1)*(v_6 - 1)*(v_7 - 1)*(v_9 - 1) + 0.912673*v_5*(v_10 - 1)*(v_3 - 1)*(v_4 - 1)*(v_6 - 1)*(v_7 - 1)*(v_9 - 1) - 1.0*v_6*(v_10 - 1) + 1.0*v_7*(v_10 - 1)*(v_6 - 1) + 1.0*v_9*(v_10 - 1)*(v_3 - 1)*(v_6 - 1)*(v_7 - 1) - 0.912673*(v_10 - 1)*(v_11 - 1)*(v_3 - 1)*(v_4 - 1)*(v_5 - 1)*(v_6 - 1)*(v_7 - 1)*(v_8 - 1)*(v_9 - 1) - 0.912673*(v_10 - 1)*(v_11 - v_8*(v_11 - 1))*(v_3 - 1)*(v_4 - 1)*(v_5 - 1)*(v_6 - 1)*(v_7 - 1)*(v_9 - 1) + 0.028227*(v_10 - 1)*(v_3 - 1)*(v_4 - 1)*(v_6 - 1)*(v_7 - 1)*(v_9 - 1) - 0.0591*(v_10 - 1)*(v_3 - 1)*(v_6 - 1)*(v_7 - 1)*(v_9 - 1)) - (v_15 - 1)*(v_17*(1.0*v_10 - 1.0*v_3*(v_10 - 1)*(v_6 - 1)*(v_7 - 1) - 0.9409*v_4*(v_10 - 1)*(v_3 - 1)*(v_6 - 1)*(v_7 - 1)*(v_9 - 1) + 0.912673*v_5*(v_10 - 1)*(v_3 - 1)*(v_4 - 1)*(v_6 - 1)*(v_7 - 1)*(v_9 - 1) - 1.0*v_6*(v_10 - 1) + 1.0*v_7*(v_10 - 1)*(v_6 - 1) + 1.0*v_9*(v_10 - 1)*(v_3 - 1)*(v_6 - 1)*(v_7 - 1) - 0.912673*(v_10 - 1)*(v_11 - 1)*(v_3 - 1)*(v_4 - 1)*(v_5 - 1)*(v_6 - 1)*(v_7 - 1)*(v_8 - 1)*(v_9 - 1) - 0.912673*(v_10 - 1)*(v_11 - v_8*(v_11 - 1))*(v_3 - 1)*(v_4 - 1)*(v_5 - 1)*(v_6 - 1)*(v_7 - 1)*(v_9 - 1) + 0.028227*(v_10 - 1)*(v_3 - 1)*(v_4 - 1)*(v_6 - 1)*(v_7 - 1)*(v_9 - 1) - 0.0591*(v_10 - 1)*(v_3 - 1)*(v_6 - 1)*(v_7 - 1)*(v_9 - 1)) - (v_17 - 1)*(v_18*(1.0*v_10 - 1.0*v_3*(v_10 - 1)*(v_6 - 1)*(v_7 - 1) - 0.9409*v_4*(v_10 - 1)*(v_3 - 1)*(v_6 - 1)*(v_7 - 1)*(v_9 - 1) + 0.912673*v_5*(v_10 - 1)*(v_3 - 1)*(v_4 - 1)*(v_6 - 1)*(v_7 - 1)*(v_9 - 1) - 1.0*v_6*(v_10 - 1) + 1.0*v_7*(v_10 - 1)*(v_6 - 1) + 1.0*v_9*(v_10 - 1)*(v_3 - 1)*(v_6 - 1)*(v_7 - 1) - 0.912673*(v_10 - 1)*(v_11 - 1)*(v_3 - 1)*(v_4 - 1)*(v_5 - 1)*(v_6 - 1)*(v_7 - 1)*(v_8 - 1)*(v_9 - 1) - 0.912673*(v_10 - 1)*(v_11 - v_8*(v_11 - 1))*(v_3 - 1)*(v_4 - 1)*(v_5 - 1)*(v_6 - 1)*(v_7 - 1)*(v_9 - 1) + 0.028227*(v_10 - 1)*(v_3 - 1)*(v_4 - 1)*(v_6 - 1)*(v_7 - 1)*(v_9 - 1) - 0.0591*(v_10 - 1)*(v_3 - 1)*(v_6 - 1)*(v_7 - 1)*(v_9 - 1)) - (v_18 - 1)*(v_19*(1.0*v_10 - 1.0*v_3*(v_10 - 1)*(v_6 - 1)*(v_7 - 1) - 0.9409*v_4*(v_10 - 1)*(v_3 - 1)*(v_6 - 1)*(v_7 - 1)*(v_9 - 1) + 0.912673*v_5*(v_10 - 1)*(v_3 - 1)*(v_4 - 1)*(v_6 - 1)*(v_7 - 1)*(v_9 - 1) - 1.0*v_6*(v_10 - 1) + 1.0*v_7*(v_10 - 1)*(v_6 - 1) + 1.0*v_9*(v_10 - 1)*(v_3 - 1)*(v_6 - 1)*(v_7 - 1) - 0.912673*(v_10 - 1)*(v_11 - 1)*(v_3 - 1)*(v_4 - 1)*(v_5 - 1)*(v_6 - 1)*(v_7 - 1)*(v_8 - 1)*(v_9 - 1) - 0.912673*(v_10 - 1)*(v_11 - v_8*(v_11 - 1))*(v_3 - 1)*(v_4 - 1)*(v_5 - 1)*(v_6 - 1)*(v_7 - 1)*(v_9 - 1) + 0.028227*(v_10 - 1)*(v_3 - 1)*(v_4 - 1)*(v_6 - 1)*(v_7 - 1)*(v_9 - 1) - 0.0591*(v_10 - 1)*(v_3 - 1)*(v_6 - 1)*(v_7 - 1)*(v_9 - 1)) - (v_19 - 1)*(v_20*(1.0*v_10 - 1.0*v_3*(v_10 - 1)*(v_6 - 1)*(v_7 - 1) - 0.9409*v_4*(v_10 - 1)*(v_3 - 1)*(v_6 - 1)*(v_7 - 1)*(v_9 - 1) + 0.912673*v_5*(v_10 - 1)*(v_3 - 1)*(v_4 - 1)*(v_6 - 1)*(v_7 - 1)*(v_9 - 1) - 1.0*v_6*(v_10 - 1) + 1.0*v_7*(v_10 - 1)*(v_6 - 1) + 1.0*v_9*(v_10 - 1)*(v_3 - 1)*(v_6 - 1)*(v_7 - 1) - 0.912673*(v_10 - 1)*(v_11 - 1)*(v_3 - 1)*(v_4 - 1)*(v_5 - 1)*(v_6 - 1)*(v_7 - 1)*(v_8 - 1)*(v_9 - 1) - 0.912673*(v_10 - 1)*(v_11 - v_8*(v_11 - 1))*(v_3 - 1)*(v_4 - 1)*(v_5 - 1)*(v_6 - 1)*(v_7 - 1)*(v_9 - 1) + 0.028227*(v_10 - 1)*(v_3 - 1)*(v_4 - 1)*(v_6 - 1)*(v_7 - 1)*(v_9 - 1) - 0.0591*(v_10 - 1)*(v_3 - 1)*(v_6 - 1)*(v_7 - 1)*(v_9 - 1)) - (v_20 - 1)*(v_21*(1.0*v_10 - 1.0*v_3*(v_10 - 1)*(v_6 - 1)*(v_7 - 1) - 0.9409*v_4*(v_10 - 1)*(v_3 - 1)*(v_6 - 1)*(v_7 - 1)*(v_9 - 1) + 0.912673*v_5*(v_10 - 1)*(v_3 - 1)*(v_4 - 1)*(v_6 - 1)*(v_7 - 1)*(v_9 - 1) - 1.0*v_6*(v_10 - 1) + 1.0*v_7*(v_10 - 1)*(v_6 - 1) + 1.0*v_9*(v_10 - 1)*(v_3 - 1)*(v_6 - 1)*(v_7 - 1) - 0.912673*(v_10 - 1)*(v_11 - 1)*(v_3 - 1)*(v_4 - 1)*(v_5 - 1)*(v_6 - 1)*(v_7 - 1)*(v_8 - 1)*(v_9 - 1) - 0.912673*(v_10 - 1)*(v_11 - v_8*(v_11 - 1))*(v_3 - 1)*(v_4 - 1)*(v_5 - 1)*(v_6 - 1)*(v_7 - 1)*(v_9 - 1) + 0.028227*(v_10 - 1)*(v_3 - 1)*(v_4 - 1)*(v_6 - 1)*(v_7 - 1)*(v_9 - 1) - 0.0591*(v_10 - 1)*(v_3 - 1)*(v_6 - 1)*(v_7 - 1)*(v_9 - 1)) - (v_21 - 1)*(v_22*(1.0*v_10 - 1.0*v_3*(v_10 - 1)*(v_6 - 1)*(v_7 - 1) - 0.9409*v_4*(v_10 - 1)*(v_3 - 1)*(v_6 - 1)*(v_7 - 1)*(v_9 - 1) + 0.912673*v_5*(v_10 - 1)*(v_3 - 1)*(v_4 - 1)*(v_6 - 1)*(v_7 - 1)*(v_9 - 1) - 1.0*v_6*(v_10 - 1) + 1.0*v_7*(v_10 - 1)*(v_6 - 1) + 1.0*v_9*(v_10 - 1)*(v_3 - 1)*(v_6 - 1)*(v_7 - 1) - 0.912673*(v_10 - 1)*(v_11 - 1)*(v_3 - 1)*(v_4 - 1)*(v_5 - 1)*(v_6 - 1)*(v_7 - 1)*(v_8 - 1)*(v_9 - 1) - 0.912673*(v_10 - 1)*(v_11 - v_8*(v_11 - 1))*(v_3 - 1)*(v_4 - 1)*(v_5 - 1)*(v_6 - 1)*(v_7 - 1)*(v_9 - 1) + 0.028227*(v_10 - 1)*(v_3 - 1)*(v_4 - 1)*(v_6 - 1)*(v_7 - 1)*(v_9 - 1) - 0.0591*(v_10 - 1)*(v_3 - 1)*(v_6 - 1)*(v_7 - 1)*(v_9 - 1)) - (v_22 - 1)*(v_23*(1.0*v_10 - 1.0*v_3*(v_10 - 1)*(v_6 - 1)*(v_7 - 1) - 0.9409*v_4*(v_10 - 1)*(v_3 - 1)*(v_6 - 1)*(v_7 - 1)*(v_9 - 1) + 0.912673*v_5*(v_10 - 1)*(v_3 - 1)*(v_4 - 1)*(v_6 - 1)*(v_7 - 1)*(v_9 - 1) - 1.0*v_6*(v_10 - 1) + 1.0*v_7*(v_10 - 1)*(v_6 - 1) + 1.0*v_9*(v_10 - 1)*(v_3 - 1)*(v_6 - 1)*(v_7 - 1) - 0.912673*(v_10 - 1)*(v_11 - 1)*(v_3 - 1)*(v_4 - 1)*(v_5 - 1)*(v_6 - 1)*(v_7 - 1)*(v_8 - 1)*(v_9 - 1) - 0.912673*(v_10 - 1)*(v_11 - v_8*(v_11 - 1))*(v_3 - 1)*(v_4 - 1)*(v_5 - 1)*(v_6 - 1)*(v_7 - 1)*(v_9 - 1) + 0.028227*(v_10 - 1)*(v_3 - 1)*(v_4 - 1)*(v_6 - 1)*(v_7 - 1)*(v_9 - 1) - 0.0591*(v_10 - 1)*(v_3 - 1)*(v_6 - 1)*(v_7 - 1)*(v_9 - 1)) - (v_23 - 1)*(-v_24*(-1.0*v_10 + 1.0*v_3*(v_10 - 1)*(v_6 - 1)*(v_7 - 1) + 0.9409*v_4*(v_10 - 1)*(v_3 - 1)*(v_6 - 1)*(v_7 - 1)*(v_9 - 1) - 0.912673*v_5*(v_10 - 1)*(v_3 - 1)*(v_4 - 1)*(v_6 - 1)*(v_7 - 1)*(v_9 - 1) + 1.0*v_6*(v_10 - 1) - 1.0*v_7*(v_10 - 1)*(v_6 - 1) - 1.0*v_9*(v_10 - 1)*(v_3 - 1)*(v_6 - 1)*(v_7 - 1) + 0.912673*(v_10 - 1)*(v_11 - 1)*(v_3 - 1)*(v_4 - 1)*(v_5 - 1)*(v_6 - 1)*(v_7 - 1)*(v_8 - 1)*(v_9 - 1) + 0.912673*(v_10 - 1)*(v_11 - v_8*(v_11 - 1))*(v_3 - 1)*(v_4 - 1)*(v_5 - 1)*(v_6 - 1)*(v_7 - 1)*(v_9 - 1) - 0.028227*(v_10 - 1)*(v_3 - 1)*(v_4 - 1)*(v_6 - 1)*(v_7 - 1)*(v_9 - 1) + 0.0591*(v_10 - 1)*(v_3 - 1)*(v_6 - 1)*(v_7 - 1)*(v_9 - 1)) + (v_24 - 1)*(v_25*(-1.0*v_10 + 1.0*v_3*(v_10 - 1)*(v_6 - 1)*(v_7 - 1) + 0.9409*v_4*(v_10 - 1)*(v_3 - 1)*(v_6 - 1)*(v_7 - 1)*(v_9 - 1) - 0.912673*v_5*(v_10 - 1)*(v_3 - 1)*(v_4 - 1)*(v_6 - 1)*(v_7 - 1)*(v_9 - 1) + 1.0*v_6*(v_10 - 1) - 1.0*v_7*(v_10 - 1)*(v_6 - 1) - 1.0*v_9*(v_10 - 1)*(v_3 - 1)*(v_6 - 1)*(v_7 - 1) + 0.912673*(v_10 - 1)*(v_11 - 1)*(v_3 - 1)*(v_4 - 1)*(v_5 - 1)*(v_6 - 1)*(v_7 - 1)*(v_8 - 1)*(v_9 - 1) + 0.912673*(v_10 - 1)*(v_11 - v_8*(v_11 - 1))*(v_3 - 1)*(v_4 - 1)*(v_5 - 1)*(v_6 - 1)*(v_7 - 1)*(v_9 - 1) - 0.028227*(v_10 - 1)*(v_3 - 1)*(v_4 - 1)*(v_6 - 1)*(v_7 - 1)*(v_9 - 1) + 0.0591*(v_10 - 1)*(v_3 - 1)*(v_6 - 1)*(v_7 - 1)*(v_9 - 1)) - (v_25 - 1)*(1.0*v_1*(-1.0*v_10 + 1.0*v_3*(v_10 - 1)*(v_6 - 1)*(v_7 - 1) + 0.9409*v_4*(v_10 - 1)*(v_3 - 1)*(v_6 - 1)*(v_7 - 1)*(v_9 - 1) - 0.912673*v_5*(v_10 - 1)*(v_3 - 1)*(v_4 - 1)*(v_6 - 1)*(v_7 - 1)*(v_9 - 1) + 1.0*v_6*(v_10 - 1) - 1.0*v_7*(v_10 - 1)*(v_6 - 1) - 1.0*v_9*(v_10 - 1)*(v_3 - 1)*(v_6 - 1)*(v_7 - 1) + 0.912673*(v_10 - 1)*(v_11 - 1)*(v_3 - 1)*(v_4 - 1)*(v_5 - 1)*(v_6 - 1)*(v_7 - 1)*(v_8 - 1)*(v_9 - 1) + 0.912673*(v_10 - 1)*(v_11 - v_8*(v_11 - 1))*(v_3 - 1)*(v_4 - 1)*(v_5 - 1)*(v_6 - 1)*(v_7 - 1)*(v_9 - 1) - 0.028227*(v_10 - 1)*(v_3 - 1)*(v_4 - 1)*(v_6 - 1)*(v_7 - 1)*(v_9 - 1) + 0.0591*(v_10 - 1)*(v_3 - 1)*(v_6 - 1)*(v_7 - 1)*(v_9 - 1)) + 0.9409*(v_1 - 1)*(1.0*v_10 - 1.0*v_3*(v_10 - 1)*(v_6 - 1)*(v_7 - 1) - 0.9409*v_4*(v_10 - 1)*(v_3 - 1)*(v_6 - 1)*(v_7 - 1)*(v_9 - 1) + 0.912673*v_5*(v_10 - 1)*(v_3 - 1)*(v_4 - 1)*(v_6 - 1)*(v_7 - 1)*(v_9 - 1) - 1.0*v_6*(v_10 - 1) + 1.0*v_7*(v_10 - 1)*(v_6 - 1) + 1.0*v_9*(v_10 - 1)*(v_3 - 1)*(v_6 - 1)*(v_7 - 1) - 0.912673*(v_10 - 1)*(v_11 - v_8*(v_11 - 1))*(v_3 - 1)*(v_4 - 1)*(v_5 - 1)*(v_6 - 1)*(v_7 - 1)*(v_9 - 1) + 0.028227*(v_10 - 1)*(v_3 - 1)*(v_4 - 1)*(v_6 - 1)*(v_7 - 1)*(v_9 - 1) - 0.0591*(v_10 - 1)*(v_3 - 1)*(v_6 - 1)*(v_7 - 1)*(v_9 - 1)) - 0.0591*(v_1 - 1)*(-1.0*v_10 + 1.0*v_3*(v_10 - 1)*(v_6 - 1)*(v_7 - 1) + 0.9409*v_4*(v_10 - 1)*(v_3 - 1)*(v_6 - 1)*(v_7 - 1)*(v_9 - 1) - 0.912673*v_5*(v_10 - 1)*(v_3 - 1)*(v_4 - 1)*(v_6 - 1)*(v_7 - 1)*(v_9 - 1) + 1.0*v_6*(v_10 - 1) - 1.0*v_7*(v_10 - 1)*(v_6 - 1) - 1.0*v_9*(v_10 - 1)*(v_3 - 1)*(v_6 - 1)*(v_7 - 1) + 0.912673*(v_10 - 1)*(v_11 - 1)*(v_3 - 1)*(v_4 - 1)*(v_5 - 1)*(v_6 - 1)*(v_7 - 1)*(v_8 - 1)*(v_9 - 1) + 0.912673*(v_10 - 1)*(v_11 - v_8*(v_11 - 1))*(v_3 - 1)*(v_4 - 1)*(v_5 - 1)*(v_6 - 1)*(v_7 - 1)*(v_9 - 1) - 0.028227*(v_10 - 1)*(v_3 - 1)*(v_4 - 1)*(v_6 - 1)*(v_7 - 1)*(v_9 - 1) + 0.0591*(v_10 - 1)*(v_3 - 1)*(v_6 - 1)*(v_7 - 1)*(v_9 - 1))))))))))))
Post simplification
symp_time: 15998.89603805542
number of sums: 62
number of subs: 737
number of prods: 758
opt_time: 19.283016443252563
     fun: 1.0245045197128584
     jac: array([1., 1., 1., 1., 1., 1., 1., 1., 1., 1., 1., 1., 1., 1., 1., 1., 1.,
       1., 1., 1.])
 message: 'Optimization terminated successfully'
    nfev: 8
     nit: 6
    njev: 6
  status: 0
 success: True
       x: array([0.05122523, 0.05122523, 0.05122523, 0.05122523, 0.05122523,
       0.05122523, 0.05122523, 0.05122523, 0.05122523, 0.05122523,
       0.05122523, 0.05122523, 0.05122523, 0.05122523, 0.05122523,
       0.05122523, 0.05122523, 0.05122523, 0.05122523, 0.05122523])

real	268m13.750s
user	265m56.060s
sys	2m2.321s
Instance: 21
[INFO] aspmc: Tree Decomposition #bags: 50 unfolded treewidth: 4 #vertices: 64
[INFO] aspmc: Preprocessing disabled
[INFO] aspmc:    Stats Compilation
[INFO] aspmc: ------------------------------------------------------------
[INFO] aspmc: X/D-Constrained Tree Decomposition #bags: 73 treewidth: 16 #vertices: 97
[INFO] aspmc: Dtree time:               2.0393972396850586
[INFO] aspmc: Compilation time:         0.5857946872711182
[INFO] aspmc: Preparation time:         0.00015664100646972656
[INFO] aspmc: Counting time:            35.680028676986694
[INFO] aspmc: ------------------------------------------------------------
slurmstepd: error: Job 2097494 exceeded memory limit (16813504 > 16777216), being killed
slurmstepd: error: Exceeded job memory limit
slurmstepd: error: *** JOB 2097494 ON node01 CANCELLED AT 2023-12-14T00:40:19 ***
