Started at: 
Thu Dec  7 17:54:42 CET 2023
Instance: 2
[INFO] aspmc: Tree Decomposition #bags: 30 unfolded treewidth: 4 #vertices: 39
[INFO] aspmc: Preprocessing disabled
[INFO] aspmc:    Stats Compilation
[INFO] aspmc: ------------------------------------------------------------
[INFO] aspmc: X/D-Constrained Tree Decomposition #bags: 42 treewidth: 11 #vertices: 57
[INFO] aspmc: Dtree time:               2.027376890182495
[INFO] aspmc: Compilation time:         0.027990102767944336
[INFO] aspmc: Preparation time:         0.00010776519775390625
[INFO] aspmc: Counting time:            0.8324418067932129
[INFO] aspmc: ------------------------------------------------------------
[0.03::a0., 0.03::a1., 0.03::a2., 0.03::a3., 0.03::a4., 0.03::a5., 0.03::a6., 0.03::a7., 0.03::a8., 0.03::a9., 0.03::a10., 0.03::a11., 0.03::a12., 0.03::a13., 0.03::a14., qr:-a0., qr:-a1,not nqr., nqr:-a1,not qr., qr:-a2., qr:-a3,not nqr., nqr:-a3,not qr., qr:-a4., qr:-a5,not nqr., nqr:-a5,not qr., qr:-a6., qr:-a7,not nqr., nqr:-a7,not qr., qr:-a8., qr:-a9,not nqr., nqr:-a9,not qr., qr:-a10., qr:-a11,not nqr., nqr:-a11,not qr., qr:-a12., qr:-a13,not nqr., nqr:-a13,not qr., qr:-a14., query(qr).]
tracc
nnf_construction_time: 3.9938199520111084
Pre simplification
number of sums: 3583
number of prods: 8319
len(eq): 65
1.0*v_11 - (0.673027090165575*v_1 + 0.326972909834425)*(v_11 - 1)
Post simplification
symp_time: 1.3796939849853516
number of sums: 1
number of subs: 2
number of prods: 3
opt_time: 0.003568410873413086
     fun: 0.5792557863472131
   maxcv: 0.03962867126607583
 message: 'Did not converge to a solution satisfying the constraints. See `maxcv` for magnitude of violation.'
    nfev: 16
  status: 4
 success: False
       x: array([0.28962789, 0.28962789])

real	0m6.530s
user	0m5.832s
sys	0m0.581s
Instance: 3
[INFO] aspmc: Tree Decomposition #bags: 30 unfolded treewidth: 4 #vertices: 39
[INFO] aspmc: Preprocessing disabled
[INFO] aspmc:    Stats Compilation
[INFO] aspmc: ------------------------------------------------------------
[INFO] aspmc: X/D-Constrained Tree Decomposition #bags: 42 treewidth: 11 #vertices: 57
[INFO] aspmc: Dtree time:               2.029654026031494
[INFO] aspmc: Compilation time:         0.028306245803833008
[INFO] aspmc: Preparation time:         0.00010752677917480469
[INFO] aspmc: Counting time:            0.7891645431518555
[INFO] aspmc: ------------------------------------------------------------
[0.03::a0., 0.03::a1., 0.03::a2., 0.03::a3., 0.03::a4., 0.03::a5., 0.03::a6., 0.03::a7., 0.03::a8., 0.03::a9., 0.03::a10., 0.03::a11., 0.03::a12., 0.03::a13., 0.03::a14., qr:-a0., qr:-a1,not nqr., nqr:-a1,not qr., qr:-a2., qr:-a3,not nqr., nqr:-a3,not qr., qr:-a4., qr:-a5,not nqr., nqr:-a5,not qr., qr:-a6., qr:-a7,not nqr., nqr:-a7,not qr., qr:-a8., qr:-a9,not nqr., nqr:-a9,not qr., qr:-a10., qr:-a11,not nqr., nqr:-a11,not qr., qr:-a12., qr:-a13,not nqr., nqr:-a13,not qr., qr:-a14., query(qr).]
tracc
nnf_construction_time: 3.9538192749023438
Pre simplification
number of sums: 3583
number of prods: 8319
len(eq): 209
0.693842360995438*v_1*v_11*v_3 - 0.693842360995438*v_1*v_11 - 0.693842360995438*v_1*v_3 + 0.693842360995438*v_1 - 0.693842360995438*v_11*v_3 + 0.693842360995438*v_11 + 0.693842360995438*v_3 + 0.306157639004562
Post simplification
symp_time: 1.5897870063781738
number of sums: 4
number of subs: 3
number of prods: 12
opt_time: 0.008502006530761719
     fun: 0.7312928709906239
   maxcv: 1.5882734563321677e-05
 message: 'Optimization terminated successfully.'
    nfev: 26
  status: 1
 success: True
       x: array([0.25      , 0.23129287, 0.25      ])

real	0m6.594s
user	0m5.880s
sys	0m0.584s
Instance: 4
[INFO] aspmc: Tree Decomposition #bags: 30 unfolded treewidth: 4 #vertices: 39
[INFO] aspmc: Preprocessing disabled
[INFO] aspmc:    Stats Compilation
[INFO] aspmc: ------------------------------------------------------------
[INFO] aspmc: X/D-Constrained Tree Decomposition #bags: 42 treewidth: 11 #vertices: 57
[INFO] aspmc: Dtree time:               2.0275163650512695
[INFO] aspmc: Compilation time:         0.028141260147094727
[INFO] aspmc: Preparation time:         0.00010704994201660156
[INFO] aspmc: Counting time:            0.7883162498474121
[INFO] aspmc: ------------------------------------------------------------
[0.03::a0., 0.03::a1., 0.03::a2., 0.03::a3., 0.03::a4., 0.03::a5., 0.03::a6., 0.03::a7., 0.03::a8., 0.03::a9., 0.03::a10., 0.03::a11., 0.03::a12., 0.03::a13., 0.03::a14., qr:-a0., qr:-a1,not nqr., nqr:-a1,not qr., qr:-a2., qr:-a3,not nqr., nqr:-a3,not qr., qr:-a4., qr:-a5,not nqr., nqr:-a5,not qr., qr:-a6., qr:-a7,not nqr., nqr:-a7,not qr., qr:-a8., qr:-a9,not nqr., nqr:-a9,not qr., qr:-a10., qr:-a11,not nqr., nqr:-a11,not qr., qr:-a12., qr:-a13,not nqr., nqr:-a13,not qr., qr:-a14., query(qr).]
tracc
nnf_construction_time: 3.949674606323242
Pre simplification
number of sums: 3583
number of prods: 8319
len(eq): 446
-0.71530140308808*v_1*v_11*v_12*v_3 + 0.71530140308808*v_1*v_11*v_12 + 0.71530140308808*v_1*v_11*v_3 - 0.71530140308808*v_1*v_11 + 0.71530140308808*v_1*v_12*v_3 - 0.71530140308808*v_1*v_12 - 0.71530140308808*v_1*v_3 + 0.71530140308808*v_1 + 0.71530140308808*v_11*v_12*v_3 - 0.71530140308808*v_11*v_12 - 0.71530140308808*v_11*v_3 + 0.71530140308808*v_11 - 0.71530140308808*v_12*v_3 + 0.71530140308808*v_12 + 0.71530140308808*v_3 + 0.28469859691192
Post simplification
symp_time: 1.714982271194458
number of sums: 9
number of subs: 7
number of prods: 32
opt_time: 0.02022695541381836
     fun: 0.7787873185503023
   maxcv: 0.0
 message: 'Optimization terminated successfully.'
    nfev: 35
  status: 1
 success: True
       x: array([0.22469683, 0.16469683, 0.16469683, 0.22469683])

real	0m6.778s
user	0m6.070s
sys	0m0.543s
Instance: 5
[INFO] aspmc: Tree Decomposition #bags: 30 unfolded treewidth: 4 #vertices: 39
[INFO] aspmc: Preprocessing disabled
[INFO] aspmc:    Stats Compilation
[INFO] aspmc: ------------------------------------------------------------
[INFO] aspmc: X/D-Constrained Tree Decomposition #bags: 42 treewidth: 11 #vertices: 57
[INFO] aspmc: Dtree time:               2.027552843093872
[INFO] aspmc: Compilation time:         0.028337955474853516
[INFO] aspmc: Preparation time:         0.00011682510375976562
[INFO] aspmc: Counting time:            0.8002638816833496
[INFO] aspmc: ------------------------------------------------------------
[0.03::a0., 0.03::a1., 0.03::a2., 0.03::a3., 0.03::a4., 0.03::a5., 0.03::a6., 0.03::a7., 0.03::a8., 0.03::a9., 0.03::a10., 0.03::a11., 0.03::a12., 0.03::a13., 0.03::a14., qr:-a0., qr:-a1,not nqr., nqr:-a1,not qr., qr:-a2., qr:-a3,not nqr., nqr:-a3,not qr., qr:-a4., qr:-a5,not nqr., nqr:-a5,not qr., qr:-a6., qr:-a7,not nqr., nqr:-a7,not qr., qr:-a8., qr:-a9,not nqr., nqr:-a9,not qr., qr:-a10., qr:-a11,not nqr., nqr:-a11,not qr., qr:-a12., qr:-a13,not nqr., nqr:-a13,not qr., qr:-a14., query(qr).]
tracc
nnf_construction_time: 3.964080810546875
Pre simplification
number of sums: 3583
number of prods: 8319
len(eq): 989
0.737424126894928*v_1*v_11*v_12*v_3*v_4 - 0.737424126894928*v_1*v_11*v_12*v_3 - 0.737424126894928*v_1*v_11*v_12*v_4 + 0.737424126894928*v_1*v_11*v_12 - 0.737424126894928*v_1*v_11*v_3*v_4 + 0.737424126894928*v_1*v_11*v_3 + 0.737424126894928*v_1*v_11*v_4 - 0.737424126894928*v_1*v_11 - 0.737424126894928*v_1*v_12*v_3*v_4 + 0.737424126894928*v_1*v_12*v_3 + 0.737424126894928*v_1*v_12*v_4 - 0.737424126894928*v_1*v_12 + 0.737424126894928*v_1*v_3*v_4 - 0.737424126894928*v_1*v_3 - 0.737424126894928*v_1*v_4 + 0.737424126894928*v_1 - 0.737424126894928*v_11*v_12*v_3*v_4 + 0.737424126894928*v_11*v_12*v_3 + 0.737424126894928*v_11*v_12*v_4 - 0.737424126894928*v_11*v_12 + 0.737424126894928*v_11*v_3*v_4 - 0.737424126894928*v_11*v_3 - 0.737424126894928*v_11*v_4 + 0.737424126894928*v_11 + 0.737424126894928*v_12*v_3*v_4 - 0.737424126894928*v_12*v_3 - 0.737424126894928*v_12*v_4 + 0.737424126894928*v_12 - 0.737424126894928*v_3*v_4 + 0.737424126894928*v_3 + 0.737424126894928*v_4 + 0.262575873105072
Post simplification
symp_time: 1.9166414737701416
number of sums: 16
number of subs: 15
number of prods: 80
opt_time: 0.05391669273376465
     fun: 0.820571259233096
   maxcv: 0.0
 message: 'Optimization terminated successfully.'
    nfev: 60
  status: 1
 success: True
       x: array([0.18811425, 0.12811425, 0.18811425, 0.12811425, 0.18811425])

real	0m6.990s
user	0m6.269s
sys	0m0.608s
Instance: 6
[INFO] aspmc: Tree Decomposition #bags: 30 unfolded treewidth: 4 #vertices: 39
[INFO] aspmc: Preprocessing disabled
[INFO] aspmc:    Stats Compilation
[INFO] aspmc: ------------------------------------------------------------
[INFO] aspmc: X/D-Constrained Tree Decomposition #bags: 42 treewidth: 11 #vertices: 57
[INFO] aspmc: Dtree time:               2.0284156799316406
[INFO] aspmc: Compilation time:         0.028555631637573242
[INFO] aspmc: Preparation time:         0.00011110305786132812
[INFO] aspmc: Counting time:            0.7970981597900391
[INFO] aspmc: ------------------------------------------------------------
[0.03::a0., 0.03::a1., 0.03::a2., 0.03::a3., 0.03::a4., 0.03::a5., 0.03::a6., 0.03::a7., 0.03::a8., 0.03::a9., 0.03::a10., 0.03::a11., 0.03::a12., 0.03::a13., 0.03::a14., qr:-a0., qr:-a1,not nqr., nqr:-a1,not qr., qr:-a2., qr:-a3,not nqr., nqr:-a3,not qr., qr:-a4., qr:-a5,not nqr., nqr:-a5,not qr., qr:-a6., qr:-a7,not nqr., nqr:-a7,not qr., qr:-a8., qr:-a9,not nqr., nqr:-a9,not qr., qr:-a10., qr:-a11,not nqr., nqr:-a11,not qr., qr:-a12., qr:-a13,not nqr., nqr:-a13,not qr., qr:-a14., query(qr).]
tracc
nnf_construction_time: 3.966322660446167
Pre simplification
number of sums: 3583
number of prods: 8319
len(eq): 1095
v_11*(1.0*v_1*(-0.88529281*v_3*(v_4 - 1) + 0.88529281*v_4 + 0.0265587843*(v_3 - 1)*(v_4 - 1) + 0.11470719) - 1.0*(v_1 - 1)*(-0.88529281*v_3*(v_4 - 1) + 0.88529281*v_4 + 0.0265587843*(v_3 - 1)*(v_4 - 1) + 0.11470719) + 0.8587340257*(v_3 - 1)*(v_4 - 1)) - (v_11 - 1)*(v_12*(1.0*v_1*(-0.88529281*v_3*(v_4 - 1) + 0.88529281*v_4 + 0.0265587843*(v_3 - 1)*(v_4 - 1) + 0.11470719) - 1.0*(v_1 - 1)*(-0.88529281*v_3*(v_4 - 1) + 0.88529281*v_4 + 0.0265587843*(v_3 - 1)*(v_4 - 1) + 0.11470719) + 0.8587340257*(v_3 - 1)*(v_4 - 1)) - (v_12 - 1)*(v_13*(1.0*v_1*(-0.88529281*v_3*(v_4 - 1) + 0.88529281*v_4 + 0.0265587843*(v_3 - 1)*(v_4 - 1) + 0.11470719) - 1.0*(v_1 - 1)*(-0.88529281*v_3*(v_4 - 1) + 0.88529281*v_4 + 0.0265587843*(v_3 - 1)*(v_4 - 1) + 0.11470719) + 0.8587340257*(v_3 - 1)*(v_4 - 1)) - (v_13 - 1)*(0.760231058654565*v_1*(v_3 - 1)*(v_4 - 1) + 1.0*v_1*(-0.88529281*v_3*(v_4 - 1) + 0.88529281*v_4 + 0.0265587843*(v_3 - 1)*(v_4 - 1) + 0.11470719) - 1.0*(v_1 - 1)*(-0.88529281*v_3*(v_4 - 1) + 0.88529281*v_4 + 0.0265587843*(v_3 - 1)*(v_4 - 1) + 0.11470719) + 0.0985029670454348*(v_3 - 1)*(v_4 - 1))))
Post simplification
symp_time: 2.457528591156006
number of sums: 29
number of subs: 56
number of prods: 73
opt_time: 0.07472705841064453
     fun: 0.8585815064511175
   maxcv: 1.1091312654643026e-05
 message: 'Optimization terminated successfully.'
    nfev: 56
  status: 1
 success: True
       x: array([0.16309692, 0.16309692, 0.16309692, 0.16309692, 0.10309692,
       0.10309692])

real	0m7.607s
user	0m6.885s
sys	0m0.596s
Instance: 7
[INFO] aspmc: Tree Decomposition #bags: 30 unfolded treewidth: 4 #vertices: 39
[INFO] aspmc: Preprocessing disabled
[INFO] aspmc:    Stats Compilation
[INFO] aspmc: ------------------------------------------------------------
[INFO] aspmc: X/D-Constrained Tree Decomposition #bags: 42 treewidth: 11 #vertices: 57
[INFO] aspmc: Dtree time:               2.027846574783325
[INFO] aspmc: Compilation time:         0.028426647186279297
[INFO] aspmc: Preparation time:         0.00010585784912109375
[INFO] aspmc: Counting time:            0.8220217227935791
[INFO] aspmc: ------------------------------------------------------------
[0.03::a0., 0.03::a1., 0.03::a2., 0.03::a3., 0.03::a4., 0.03::a5., 0.03::a6., 0.03::a7., 0.03::a8., 0.03::a9., 0.03::a10., 0.03::a11., 0.03::a12., 0.03::a13., 0.03::a14., qr:-a0., qr:-a1,not nqr., nqr:-a1,not qr., qr:-a2., qr:-a3,not nqr., nqr:-a3,not qr., qr:-a4., qr:-a5,not nqr., nqr:-a5,not qr., qr:-a6., qr:-a7,not nqr., nqr:-a7,not qr., qr:-a8., qr:-a9,not nqr., nqr:-a9,not qr., qr:-a10., qr:-a11,not nqr., nqr:-a11,not qr., qr:-a12., qr:-a13,not nqr., nqr:-a13,not qr., qr:-a14., query(qr).]
tracc
nnf_construction_time: 3.9854729175567627
Pre simplification
number of sums: 3583
number of prods: 8319
len(eq): 1430
-v_11*(-1.0*v_1*(0.912673*v_3*(v_4 - 1)*(v_5 - 1) + 0.912673*v_4 - 0.912673*v_5*(v_4 - 1) - 0.02738019*(v_3 - 1)*(v_4 - 1)*(v_5 - 1) + 0.087327) + 1.0*(v_1 - 1)*(0.912673*v_3*(v_4 - 1)*(v_5 - 1) + 0.912673*v_4 - 0.912673*v_5*(v_4 - 1) - 0.02738019*(v_3 - 1)*(v_4 - 1)*(v_5 - 1) + 0.087327) + 0.88529281*(v_3 - 1)*(v_4 - 1)*(v_5 - 1)) + (v_11 - 1)*(v_12*(-1.0*v_1*(0.912673*v_3*(v_4 - 1)*(v_5 - 1) + 0.912673*v_4 - 0.912673*v_5*(v_4 - 1) - 0.02738019*(v_3 - 1)*(v_4 - 1)*(v_5 - 1) + 0.087327) + 1.0*(v_1 - 1)*(0.912673*v_3*(v_4 - 1)*(v_5 - 1) + 0.912673*v_4 - 0.912673*v_5*(v_4 - 1) - 0.02738019*(v_3 - 1)*(v_4 - 1)*(v_5 - 1) + 0.087327) + 0.88529281*(v_3 - 1)*(v_4 - 1)*(v_5 - 1)) - (v_12 - 1)*(v_13*(-1.0*v_1*(0.912673*v_3*(v_4 - 1)*(v_5 - 1) + 0.912673*v_4 - 0.912673*v_5*(v_4 - 1) - 0.02738019*(v_3 - 1)*(v_4 - 1)*(v_5 - 1) + 0.087327) + 1.0*(v_1 - 1)*(0.912673*v_3*(v_4 - 1)*(v_5 - 1) + 0.912673*v_4 - 0.912673*v_5*(v_4 - 1) - 0.02738019*(v_3 - 1)*(v_4 - 1)*(v_5 - 1) + 0.087327) + 0.88529281*(v_3 - 1)*(v_4 - 1)*(v_5 - 1)) - (v_13 - 1)*(0.783743359437696*v_1*(v_3 - 1)*(v_4 - 1)*(v_5 - 1) - 1.0*v_1*(0.912673*v_3*(v_4 - 1)*(v_5 - 1) + 0.912673*v_4 - 0.912673*v_5*(v_4 - 1) - 0.02738019*(v_3 - 1)*(v_4 - 1)*(v_5 - 1) + 0.087327) + 1.0*(v_1 - 1)*(0.912673*v_3*(v_4 - 1)*(v_5 - 1) + 0.912673*v_4 - 0.912673*v_5*(v_4 - 1) - 0.02738019*(v_3 - 1)*(v_4 - 1)*(v_5 - 1) + 0.087327) + 0.101549450562304*(v_3 - 1)*(v_4 - 1)*(v_5 - 1))))
Post simplification
symp_time: 3.1366801261901855
number of sums: 25
number of subs: 93
number of prods: 110
opt_time: 0.1067352294921875
     fun: 0.894331961695426
   maxcv: 3.7129730823259877e-07
 message: 'Optimization terminated successfully.'
    nfev: 59
  status: 1
 success: True
       x: array([0.17061885, 0.17061885, 0.11061885, 0.11061885, 0.11061885,
       0.11061885, 0.11061885])

real	0m8.320s
user	0m7.605s
sys	0m0.588s
Instance: 8
[INFO] aspmc: Tree Decomposition #bags: 30 unfolded treewidth: 4 #vertices: 39
[INFO] aspmc: Preprocessing disabled
[INFO] aspmc:    Stats Compilation
[INFO] aspmc: ------------------------------------------------------------
[INFO] aspmc: X/D-Constrained Tree Decomposition #bags: 42 treewidth: 11 #vertices: 57
[INFO] aspmc: Dtree time:               2.0275063514709473
[INFO] aspmc: Compilation time:         0.028338909149169922
[INFO] aspmc: Preparation time:         0.00010967254638671875
[INFO] aspmc: Counting time:            0.8141317367553711
[INFO] aspmc: ------------------------------------------------------------
[0.03::a0., 0.03::a1., 0.03::a2., 0.03::a3., 0.03::a4., 0.03::a5., 0.03::a6., 0.03::a7., 0.03::a8., 0.03::a9., 0.03::a10., 0.03::a11., 0.03::a12., 0.03::a13., 0.03::a14., qr:-a0., qr:-a1,not nqr., nqr:-a1,not qr., qr:-a2., qr:-a3,not nqr., nqr:-a3,not qr., qr:-a4., qr:-a5,not nqr., nqr:-a5,not qr., qr:-a6., qr:-a7,not nqr., nqr:-a7,not qr., qr:-a8., qr:-a9,not nqr., nqr:-a9,not qr., qr:-a10., qr:-a11,not nqr., nqr:-a11,not qr., qr:-a12., qr:-a13,not nqr., nqr:-a13,not qr., qr:-a14., query(qr).]
tracc
nnf_construction_time: 3.979097366333008
Pre simplification
number of sums: 3583
number of prods: 8319
len(eq): 1775
v_11*(1.0*v_1*(0.912673*v_3*(v_4 - 1)*(v_5 - 1) + 0.912673*v_4 - 0.912673*v_5*(v_4 - 1) - 0.02738019*(v_3 - 1)*(v_4 - 1)*(v_5 - 1) + 0.087327) - 1.0*(v_1 - 1)*(0.912673*v_3*(v_4 - 1)*(v_5 - 1) + 0.912673*v_4 - 0.912673*v_5*(v_4 - 1) - 0.02738019*(v_3 - 1)*(v_4 - 1)*(v_5 - 1) + 0.087327) - 0.88529281*(v_3 - 1)*(v_4 - 1)*(v_5 - 1)) - (v_11 - 1)*(-v_12*(-1.0*v_1*(0.912673*v_3*(v_4 - 1)*(v_5 - 1) + 0.912673*v_4 - 0.912673*v_5*(v_4 - 1) - 0.02738019*(v_3 - 1)*(v_4 - 1)*(v_5 - 1) + 0.087327) + 1.0*(v_1 - 1)*(0.912673*v_3*(v_4 - 1)*(v_5 - 1) + 0.912673*v_4 - 0.912673*v_5*(v_4 - 1) - 0.02738019*(v_3 - 1)*(v_4 - 1)*(v_5 - 1) + 0.087327) + 0.88529281*(v_3 - 1)*(v_4 - 1)*(v_5 - 1)) + (v_12 - 1)*(v_13*(-1.0*v_1*(0.912673*v_3*(v_4 - 1)*(v_5 - 1) + 0.912673*v_4 - 0.912673*v_5*(v_4 - 1) - 0.02738019*(v_3 - 1)*(v_4 - 1)*(v_5 - 1) + 0.087327) + 1.0*(v_1 - 1)*(0.912673*v_3*(v_4 - 1)*(v_5 - 1) + 0.912673*v_4 - 0.912673*v_5*(v_4 - 1) - 0.02738019*(v_3 - 1)*(v_4 - 1)*(v_5 - 1) + 0.087327) + 0.88529281*(v_3 - 1)*(v_4 - 1)*(v_5 - 1)) - (v_13 - 1)*(v_14*(-1.0*v_1*(0.912673*v_3*(v_4 - 1)*(v_5 - 1) + 0.912673*v_4 - 0.912673*v_5*(v_4 - 1) - 0.02738019*(v_3 - 1)*(v_4 - 1)*(v_5 - 1) + 0.087327) + 1.0*(v_1 - 1)*(0.912673*v_3*(v_4 - 1)*(v_5 - 1) + 0.912673*v_4 - 0.912673*v_5*(v_4 - 1) - 0.02738019*(v_3 - 1)*(v_4 - 1)*(v_5 - 1) + 0.087327) + 0.88529281*(v_3 - 1)*(v_4 - 1)*(v_5 - 1)) - (v_14 - 1)*(0.80798284478113*v_1*(v_3 - 1)*(v_4 - 1)*(v_5 - 1) - 1.0*v_1*(0.912673*v_3*(v_4 - 1)*(v_5 - 1) + 0.912673*v_4 - 0.912673*v_5*(v_4 - 1) - 0.02738019*(v_3 - 1)*(v_4 - 1)*(v_5 - 1) + 0.087327) + 1.0*(v_1 - 1)*(0.912673*v_3*(v_4 - 1)*(v_5 - 1) + 0.912673*v_4 - 0.912673*v_5*(v_4 - 1) - 0.02738019*(v_3 - 1)*(v_4 - 1)*(v_5 - 1) + 0.087327) + 0.07730996521887*(v_3 - 1)*(v_4 - 1)*(v_5 - 1)))))
Post simplification
symp_time: 5.035202741622925
number of sums: 29
number of subs: 117
number of prods: 137
opt_time: 0.15362310409545898
     fun: 0.9280020298906206
   maxcv: 1.3877787807814457e-17
 message: 'Optimization terminated successfully.'
    nfev: 64
  status: 1
 success: True
       x: array([0.15349945, 0.15349945, 0.15349945, 0.09349945, 0.09349945,
       0.09349945, 0.09350588, 0.09349945])

real	0m10.233s
user	0m9.548s
sys	0m0.551s
Instance: 9
[INFO] aspmc: Tree Decomposition #bags: 30 unfolded treewidth: 4 #vertices: 39
[INFO] aspmc: Preprocessing disabled
[INFO] aspmc:    Stats Compilation
[INFO] aspmc: ------------------------------------------------------------
[INFO] aspmc: X/D-Constrained Tree Decomposition #bags: 42 treewidth: 11 #vertices: 57
[INFO] aspmc: Dtree time:               2.0277223587036133
[INFO] aspmc: Compilation time:         0.02874588966369629
[INFO] aspmc: Preparation time:         0.00011372566223144531
[INFO] aspmc: Counting time:            0.8177130222320557
[INFO] aspmc: ------------------------------------------------------------
[0.03::a0., 0.03::a1., 0.03::a2., 0.03::a3., 0.03::a4., 0.03::a5., 0.03::a6., 0.03::a7., 0.03::a8., 0.03::a9., 0.03::a10., 0.03::a11., 0.03::a12., 0.03::a13., 0.03::a14., qr:-a0., qr:-a1,not nqr., nqr:-a1,not qr., qr:-a2., qr:-a3,not nqr., nqr:-a3,not qr., qr:-a4., qr:-a5,not nqr., nqr:-a5,not qr., qr:-a6., qr:-a7,not nqr., nqr:-a7,not qr., qr:-a8., qr:-a9,not nqr., nqr:-a9,not qr., qr:-a10., qr:-a11,not nqr., nqr:-a11,not qr., qr:-a12., qr:-a13,not nqr., nqr:-a13,not qr., qr:-a14., query(qr).]
tracc
nnf_construction_time: 3.9798495769500732
Pre simplification
number of sums: 3583
number of prods: 8319
len(eq): 2259
v_11*(1.0*v_1*(-0.9409*v_3*(v_4 - 1)*(v_5 - 1)*(v_6 - 1) - 0.9409*v_4*(v_6 - 1) + 0.9409*v_5*(v_4 - 1)*(v_6 - 1) + 0.9409*v_6 + 0.028227*(v_3 - 1)*(v_4 - 1)*(v_5 - 1)*(v_6 - 1) + 0.0591) - 1.0*(v_1 - 1)*(-0.9409*v_3*(v_4 - 1)*(v_5 - 1)*(v_6 - 1) - 0.9409*v_4*(v_6 - 1) + 0.9409*v_5*(v_4 - 1)*(v_6 - 1) + 0.9409*v_6 + 0.028227*(v_3 - 1)*(v_4 - 1)*(v_5 - 1)*(v_6 - 1) + 0.0591) + 0.912673*(v_3 - 1)*(v_4 - 1)*(v_5 - 1)*(v_6 - 1)) - (v_11 - 1)*(v_12*(1.0*v_1*(-0.9409*v_3*(v_4 - 1)*(v_5 - 1)*(v_6 - 1) - 0.9409*v_4*(v_6 - 1) + 0.9409*v_5*(v_4 - 1)*(v_6 - 1) + 0.9409*v_6 + 0.028227*(v_3 - 1)*(v_4 - 1)*(v_5 - 1)*(v_6 - 1) + 0.0591) - 1.0*(v_1 - 1)*(-0.9409*v_3*(v_4 - 1)*(v_5 - 1)*(v_6 - 1) - 0.9409*v_4*(v_6 - 1) + 0.9409*v_5*(v_4 - 1)*(v_6 - 1) + 0.9409*v_6 + 0.028227*(v_3 - 1)*(v_4 - 1)*(v_5 - 1)*(v_6 - 1) + 0.0591) + 0.912673*(v_3 - 1)*(v_4 - 1)*(v_5 - 1)*(v_6 - 1)) - (v_12 - 1)*(v_13*(1.0*v_1*(-0.9409*v_3*(v_4 - 1)*(v_5 - 1)*(v_6 - 1) - 0.9409*v_4*(v_6 - 1) + 0.9409*v_5*(v_4 - 1)*(v_6 - 1) + 0.9409*v_6 + 0.028227*(v_3 - 1)*(v_4 - 1)*(v_5 - 1)*(v_6 - 1) + 0.0591) - 1.0*(v_1 - 1)*(-0.9409*v_3*(v_4 - 1)*(v_5 - 1)*(v_6 - 1) - 0.9409*v_4*(v_6 - 1) + 0.9409*v_5*(v_4 - 1)*(v_6 - 1) + 0.9409*v_6 + 0.028227*(v_3 - 1)*(v_4 - 1)*(v_5 - 1)*(v_6 - 1) + 0.0591) + 0.912673*(v_3 - 1)*(v_4 - 1)*(v_5 - 1)*(v_6 - 1)) - (v_13 - 1)*(v_14*(1.0*v_1*(-0.9409*v_3*(v_4 - 1)*(v_5 - 1)*(v_6 - 1) - 0.9409*v_4*(v_6 - 1) + 0.9409*v_5*(v_4 - 1)*(v_6 - 1) + 0.9409*v_6 + 0.028227*(v_3 - 1)*(v_4 - 1)*(v_5 - 1)*(v_6 - 1) + 0.0591) - 1.0*(v_1 - 1)*(-0.9409*v_3*(v_4 - 1)*(v_5 - 1)*(v_6 - 1) - 0.9409*v_4*(v_6 - 1) + 0.9409*v_5*(v_4 - 1)*(v_6 - 1) + 0.9409*v_6 + 0.028227*(v_3 - 1)*(v_4 - 1)*(v_5 - 1)*(v_6 - 1) + 0.0591) + 0.912673*(v_3 - 1)*(v_4 - 1)*(v_5 - 1)*(v_6 - 1)) - (v_14 - 1)*(0.832972004929*v_1*(v_3 - 1)*(v_4 - 1)*(v_5 - 1)*(v_6 - 1) + 1.0*v_1*(-0.9409*v_3*(v_4 - 1)*(v_5 - 1)*(v_6 - 1) - 0.9409*v_4*(v_6 - 1) + 0.9409*v_5*(v_4 - 1)*(v_6 - 1) + 0.9409*v_6 + 0.028227*(v_3 - 1)*(v_4 - 1)*(v_5 - 1)*(v_6 - 1) + 0.0591) - 1.0*(v_1 - 1)*(-0.9409*v_3*(v_4 - 1)*(v_5 - 1)*(v_6 - 1) - 0.9409*v_4*(v_6 - 1) + 0.9409*v_5*(v_4 - 1)*(v_6 - 1) + 0.9409*v_6 + 0.028227*(v_3 - 1)*(v_4 - 1)*(v_5 - 1)*(v_6 - 1) + 0.0591) + 0.079700995071*(v_3 - 1)*(v_4 - 1)*(v_5 - 1)*(v_6 - 1)))))
Post simplification
symp_time: 8.534660816192627
number of sums: 46
number of subs: 162
number of prods: 193
opt_time: 0.2719764709472656
     fun: 0.9613173733510005
   maxcv: 0.0
 message: 'Optimization terminated successfully.'
    nfev: 81
  status: 1
 success: True
       x: array([0.14681304, 0.08681304, 0.14681304, 0.08681304, 0.08681304,
       0.08681304, 0.14681304, 0.08681304, 0.08681304])

real	0m13.884s
user	0m13.185s
sys	0m0.549s
Instance: 10
[INFO] aspmc: Tree Decomposition #bags: 30 unfolded treewidth: 4 #vertices: 39
[INFO] aspmc: Preprocessing disabled
[INFO] aspmc:    Stats Compilation
[INFO] aspmc: ------------------------------------------------------------
[INFO] aspmc: X/D-Constrained Tree Decomposition #bags: 42 treewidth: 11 #vertices: 57
[INFO] aspmc: Dtree time:               2.0298378467559814
[INFO] aspmc: Compilation time:         0.028827428817749023
[INFO] aspmc: Preparation time:         0.00011014938354492188
[INFO] aspmc: Counting time:            0.8096439838409424
[INFO] aspmc: ------------------------------------------------------------
[0.03::a0., 0.03::a1., 0.03::a2., 0.03::a3., 0.03::a4., 0.03::a5., 0.03::a6., 0.03::a7., 0.03::a8., 0.03::a9., 0.03::a10., 0.03::a11., 0.03::a12., 0.03::a13., 0.03::a14., qr:-a0., qr:-a1,not nqr., nqr:-a1,not qr., qr:-a2., qr:-a3,not nqr., nqr:-a3,not qr., qr:-a4., qr:-a5,not nqr., nqr:-a5,not qr., qr:-a6., qr:-a7,not nqr., nqr:-a7,not qr., qr:-a8., qr:-a9,not nqr., nqr:-a9,not qr., qr:-a10., qr:-a11,not nqr., nqr:-a11,not qr., qr:-a12., qr:-a13,not nqr., nqr:-a13,not qr., qr:-a14., query(qr).]
tracc
nnf_construction_time: 3.9756157398223877
Pre simplification
number of sums: 3583
number of prods: 8319
len(eq): 2698
v_11*(1.0*v_1*(-0.9409*v_3*(v_4 - 1)*(v_5 - 1)*(v_6 - 1) - 0.9409*v_4*(v_6 - 1) + 0.9409*v_5*(v_4 - 1)*(v_6 - 1) + 0.9409*v_6 + 0.028227*(v_3 - 1)*(v_4 - 1)*(v_5 - 1)*(v_6 - 1) + 0.0591) - 1.0*(v_1 - 1)*(-0.9409*v_3*(v_4 - 1)*(v_5 - 1)*(v_6 - 1) - 0.9409*v_4*(v_6 - 1) + 0.9409*v_5*(v_4 - 1)*(v_6 - 1) + 0.9409*v_6 + 0.028227*(v_3 - 1)*(v_4 - 1)*(v_5 - 1)*(v_6 - 1) + 0.0591) + 0.912673*(v_3 - 1)*(v_4 - 1)*(v_5 - 1)*(v_6 - 1)) - (v_11 - 1)*(v_12*(1.0*v_1*(-0.9409*v_3*(v_4 - 1)*(v_5 - 1)*(v_6 - 1) - 0.9409*v_4*(v_6 - 1) + 0.9409*v_5*(v_4 - 1)*(v_6 - 1) + 0.9409*v_6 + 0.028227*(v_3 - 1)*(v_4 - 1)*(v_5 - 1)*(v_6 - 1) + 0.0591) - 1.0*(v_1 - 1)*(-0.9409*v_3*(v_4 - 1)*(v_5 - 1)*(v_6 - 1) - 0.9409*v_4*(v_6 - 1) + 0.9409*v_5*(v_4 - 1)*(v_6 - 1) + 0.9409*v_6 + 0.028227*(v_3 - 1)*(v_4 - 1)*(v_5 - 1)*(v_6 - 1) + 0.0591) + 0.912673*(v_3 - 1)*(v_4 - 1)*(v_5 - 1)*(v_6 - 1)) - (v_12 - 1)*(v_13*(1.0*v_1*(-0.9409*v_3*(v_4 - 1)*(v_5 - 1)*(v_6 - 1) - 0.9409*v_4*(v_6 - 1) + 0.9409*v_5*(v_4 - 1)*(v_6 - 1) + 0.9409*v_6 + 0.028227*(v_3 - 1)*(v_4 - 1)*(v_5 - 1)*(v_6 - 1) + 0.0591) - 1.0*(v_1 - 1)*(-0.9409*v_3*(v_4 - 1)*(v_5 - 1)*(v_6 - 1) - 0.9409*v_4*(v_6 - 1) + 0.9409*v_5*(v_4 - 1)*(v_6 - 1) + 0.9409*v_6 + 0.028227*(v_3 - 1)*(v_4 - 1)*(v_5 - 1)*(v_6 - 1) + 0.0591) + 0.912673*(v_3 - 1)*(v_4 - 1)*(v_5 - 1)*(v_6 - 1)) - (v_13 - 1)*(v_14*(1.0*v_1*(-0.9409*v_3*(v_4 - 1)*(v_5 - 1)*(v_6 - 1) - 0.9409*v_4*(v_6 - 1) + 0.9409*v_5*(v_4 - 1)*(v_6 - 1) + 0.9409*v_6 + 0.028227*(v_3 - 1)*(v_4 - 1)*(v_5 - 1)*(v_6 - 1) + 0.0591) - 1.0*(v_1 - 1)*(-0.9409*v_3*(v_4 - 1)*(v_5 - 1)*(v_6 - 1) - 0.9409*v_4*(v_6 - 1) + 0.9409*v_5*(v_4 - 1)*(v_6 - 1) + 0.9409*v_6 + 0.028227*(v_3 - 1)*(v_4 - 1)*(v_5 - 1)*(v_6 - 1) + 0.0591) + 0.912673*(v_3 - 1)*(v_4 - 1)*(v_5 - 1)*(v_6 - 1)) - (v_14 - 1)*(v_15*(1.0*v_1*(-0.9409*v_3*(v_4 - 1)*(v_5 - 1)*(v_6 - 1) - 0.9409*v_4*(v_6 - 1) + 0.9409*v_5*(v_4 - 1)*(v_6 - 1) + 0.9409*v_6 + 0.028227*(v_3 - 1)*(v_4 - 1)*(v_5 - 1)*(v_6 - 1) + 0.0591) - 1.0*(v_1 - 1)*(-0.9409*v_3*(v_4 - 1)*(v_5 - 1)*(v_6 - 1) - 0.9409*v_4*(v_6 - 1) + 0.9409*v_5*(v_4 - 1)*(v_6 - 1) + 0.9409*v_6 + 0.028227*(v_3 - 1)*(v_4 - 1)*(v_5 - 1)*(v_6 - 1) + 0.0591) + 0.912673*(v_3 - 1)*(v_4 - 1)*(v_5 - 1)*(v_6 - 1)) - (v_15 - 1)*(0.8587340257*v_1*(v_3 - 1)*(v_4 - 1)*(v_5 - 1)*(v_6 - 1) + 1.0*v_1*(-0.9409*v_3*(v_4 - 1)*(v_5 - 1)*(v_6 - 1) - 0.9409*v_4*(v_6 - 1) + 0.9409*v_5*(v_4 - 1)*(v_6 - 1) + 0.9409*v_6 + 0.028227*(v_3 - 1)*(v_4 - 1)*(v_5 - 1)*(v_6 - 1) + 0.0591) - 1.0*(v_1 - 1)*(-0.9409*v_3*(v_4 - 1)*(v_5 - 1)*(v_6 - 1) - 0.9409*v_4*(v_6 - 1) + 0.9409*v_5*(v_4 - 1)*(v_6 - 1) + 0.9409*v_6 + 0.028227*(v_3 - 1)*(v_4 - 1)*(v_5 - 1)*(v_6 - 1) + 0.0591) + 0.0539389743*(v_3 - 1)*(v_4 - 1)*(v_5 - 1)*(v_6 - 1))))))
Post simplification
symp_time: 16.968451261520386
number of sums: 55
number of subs: 194
number of prods: 231
opt_time: 0.3154773712158203
     fun: 0.993423471633838
   maxcv: 1.3877787807814457e-17
 message: 'Optimization terminated successfully.'
    nfev: 78
  status: 1
 success: True
       x: array([0.13534235, 0.07534235, 0.07534235, 0.13534235, 0.13534235,
       0.13534235, 0.07534235, 0.07534235, 0.07534235, 0.07534235])

real	0m22.379s
user	0m21.630s
sys	0m0.584s
Instance: 11
[INFO] aspmc: Tree Decomposition #bags: 30 unfolded treewidth: 4 #vertices: 39
[INFO] aspmc: Preprocessing disabled
[INFO] aspmc:    Stats Compilation
[INFO] aspmc: ------------------------------------------------------------
[INFO] aspmc: X/D-Constrained Tree Decomposition #bags: 42 treewidth: 11 #vertices: 57
[INFO] aspmc: Dtree time:               2.0277841091156006
[INFO] aspmc: Compilation time:         0.028760433197021484
[INFO] aspmc: Preparation time:         0.00011181831359863281
[INFO] aspmc: Counting time:            0.8341760635375977
[INFO] aspmc: ------------------------------------------------------------
[0.03::a0., 0.03::a1., 0.03::a2., 0.03::a3., 0.03::a4., 0.03::a5., 0.03::a6., 0.03::a7., 0.03::a8., 0.03::a9., 0.03::a10., 0.03::a11., 0.03::a12., 0.03::a13., 0.03::a14., qr:-a0., qr:-a1,not nqr., nqr:-a1,not qr., qr:-a2., qr:-a3,not nqr., nqr:-a3,not qr., qr:-a4., qr:-a5,not nqr., nqr:-a5,not qr., qr:-a6., qr:-a7,not nqr., nqr:-a7,not qr., qr:-a8., qr:-a9,not nqr., nqr:-a9,not qr., qr:-a10., qr:-a11,not nqr., nqr:-a11,not qr., qr:-a12., qr:-a13,not nqr., nqr:-a13,not qr., qr:-a14., query(qr).]
tracc
nnf_construction_time: 3.9984467029571533
Pre simplification
number of sums: 3583
number of prods: 8319
len(eq): 2782
v_11*(1.0*v_1*(-0.9409*v_3*(v_4 - 1)*(v_5 - 1)*(v_6 - 1) - 0.9409*v_4*(v_6 - 1) + 0.9409*v_5*(v_4 - 1)*(v_6 - 1) + 0.9409*v_6 + 0.9409*v_7*(v_3 - 1)*(v_4 - 1)*(v_5 - 1)*(v_6 - 1) + 0.0591) - 1.0*(v_1 - 1)*(-0.9409*v_3*(v_4 - 1)*(v_5 - 1)*(v_6 - 1) - 0.9409*v_4*(v_6 - 1) + 0.9409*v_5*(v_4 - 1)*(v_6 - 1) + 0.9409*v_6 + 0.9409*v_7*(v_3 - 1)*(v_4 - 1)*(v_5 - 1)*(v_6 - 1) + 0.0591) - 0.9409*(v_3 - 1)*(v_4 - 1)*(v_5 - 1)*(v_6 - 1)*(v_7 - 1)) - (v_11 - 1)*(v_12*(1.0*v_1*(-0.9409*v_3*(v_4 - 1)*(v_5 - 1)*(v_6 - 1) - 0.9409*v_4*(v_6 - 1) + 0.9409*v_5*(v_4 - 1)*(v_6 - 1) + 0.9409*v_6 + 0.9409*v_7*(v_3 - 1)*(v_4 - 1)*(v_5 - 1)*(v_6 - 1) + 0.0591) - 1.0*(v_1 - 1)*(-0.9409*v_3*(v_4 - 1)*(v_5 - 1)*(v_6 - 1) - 0.9409*v_4*(v_6 - 1) + 0.9409*v_5*(v_4 - 1)*(v_6 - 1) + 0.9409*v_6 + 0.9409*v_7*(v_3 - 1)*(v_4 - 1)*(v_5 - 1)*(v_6 - 1) + 0.0591) - 0.9409*(v_3 - 1)*(v_4 - 1)*(v_5 - 1)*(v_6 - 1)*(v_7 - 1)) - (v_12 - 1)*(-v_13*(-1.0*v_1*(-0.9409*v_3*(v_4 - 1)*(v_5 - 1)*(v_6 - 1) - 0.9409*v_4*(v_6 - 1) + 0.9409*v_5*(v_4 - 1)*(v_6 - 1) + 0.9409*v_6 + 0.9409*v_7*(v_3 - 1)*(v_4 - 1)*(v_5 - 1)*(v_6 - 1) + 0.0591) + 1.0*(v_1 - 1)*(-0.9409*v_3*(v_4 - 1)*(v_5 - 1)*(v_6 - 1) - 0.9409*v_4*(v_6 - 1) + 0.9409*v_5*(v_4 - 1)*(v_6 - 1) + 0.9409*v_6 + 0.9409*v_7*(v_3 - 1)*(v_4 - 1)*(v_5 - 1)*(v_6 - 1) + 0.0591) + 0.9409*(v_3 - 1)*(v_4 - 1)*(v_5 - 1)*(v_6 - 1)*(v_7 - 1)) + (v_13 - 1)*(v_14*(-1.0*v_1*(-0.9409*v_3*(v_4 - 1)*(v_5 - 1)*(v_6 - 1) - 0.9409*v_4*(v_6 - 1) + 0.9409*v_5*(v_4 - 1)*(v_6 - 1) + 0.9409*v_6 + 0.9409*v_7*(v_3 - 1)*(v_4 - 1)*(v_5 - 1)*(v_6 - 1) + 0.0591) + 1.0*(v_1 - 1)*(-0.9409*v_3*(v_4 - 1)*(v_5 - 1)*(v_6 - 1) - 0.9409*v_4*(v_6 - 1) + 0.9409*v_5*(v_4 - 1)*(v_6 - 1) + 0.9409*v_6 + 0.9409*v_7*(v_3 - 1)*(v_4 - 1)*(v_5 - 1)*(v_6 - 1) + 0.0591) + 0.9409*(v_3 - 1)*(v_4 - 1)*(v_5 - 1)*(v_6 - 1)*(v_7 - 1)) - (v_14 - 1)*(v_15*(-1.0*v_1*(-0.9409*v_3*(v_4 - 1)*(v_5 - 1)*(v_6 - 1) - 0.9409*v_4*(v_6 - 1) + 0.9409*v_5*(v_4 - 1)*(v_6 - 1) + 0.9409*v_6 + 0.9409*v_7*(v_3 - 1)*(v_4 - 1)*(v_5 - 1)*(v_6 - 1) + 0.0591) + 1.0*(v_1 - 1)*(-0.9409*v_3*(v_4 - 1)*(v_5 - 1)*(v_6 - 1) - 0.9409*v_4*(v_6 - 1) + 0.9409*v_5*(v_4 - 1)*(v_6 - 1) + 0.9409*v_6 + 0.9409*v_7*(v_3 - 1)*(v_4 - 1)*(v_5 - 1)*(v_6 - 1) + 0.0591) + 0.9409*(v_3 - 1)*(v_4 - 1)*(v_5 - 1)*(v_6 - 1)*(v_7 - 1)) - (v_15 - 1)*(0.88529281*v_1*(v_3 - 1)*(v_4 - 1)*(v_5 - 1)*(v_6 - 1)*(v_7 - 1) - 1.0*v_1*(-0.9409*v_3*(v_4 - 1)*(v_5 - 1)*(v_6 - 1) - 0.9409*v_4*(v_6 - 1) + 0.9409*v_5*(v_4 - 1)*(v_6 - 1) + 0.9409*v_6 + 0.9409*v_7*(v_3 - 1)*(v_4 - 1)*(v_5 - 1)*(v_6 - 1) + 0.0591) + 1.0*(v_1 - 1)*(-0.9409*v_3*(v_4 - 1)*(v_5 - 1)*(v_6 - 1) - 0.9409*v_4*(v_6 - 1) + 0.9409*v_5*(v_4 - 1)*(v_6 - 1) + 0.9409*v_6 + 0.9409*v_7*(v_3 - 1)*(v_4 - 1)*(v_5 - 1)*(v_6 - 1) + 0.0591) + 0.05560719*(v_3 - 1)*(v_4 - 1)*(v_5 - 1)*(v_6 - 1)*(v_7 - 1))))))
Post simplification
symp_time: 30.085134983062744
number of sums: 57
number of subs: 203
number of prods: 250
opt_time: 0.4972572326660156
     fun: 1.0253765303680706
   maxcv: 1.3877787807814457e-17
 message: 'Optimization terminated successfully.'
    nfev: 100
  status: 1
 success: True
       x: array([0.06048878, 0.06048878, 0.12048878, 0.12048878, 0.12048878,
       0.06048878, 0.06048878, 0.12048878, 0.12048878, 0.12048878,
       0.06048878])

real	0m35.782s
user	0m34.888s
sys	0m0.664s
Instance: 12
[INFO] aspmc: Tree Decomposition #bags: 30 unfolded treewidth: 4 #vertices: 39
[INFO] aspmc: Preprocessing disabled
[INFO] aspmc:    Stats Compilation
[INFO] aspmc: ------------------------------------------------------------
[INFO] aspmc: X/D-Constrained Tree Decomposition #bags: 42 treewidth: 11 #vertices: 57
[INFO] aspmc: Dtree time:               2.0277717113494873
[INFO] aspmc: Compilation time:         0.028637170791625977
[INFO] aspmc: Preparation time:         0.00010848045349121094
[INFO] aspmc: Counting time:            0.8276782035827637
[INFO] aspmc: ------------------------------------------------------------
[0.03::a0., 0.03::a1., 0.03::a2., 0.03::a3., 0.03::a4., 0.03::a5., 0.03::a6., 0.03::a7., 0.03::a8., 0.03::a9., 0.03::a10., 0.03::a11., 0.03::a12., 0.03::a13., 0.03::a14., qr:-a0., qr:-a1,not nqr., nqr:-a1,not qr., qr:-a2., qr:-a3,not nqr., nqr:-a3,not qr., qr:-a4., qr:-a5,not nqr., nqr:-a5,not qr., qr:-a6., qr:-a7,not nqr., nqr:-a7,not qr., qr:-a8., qr:-a9,not nqr., nqr:-a9,not qr., qr:-a10., qr:-a11,not nqr., nqr:-a11,not qr., qr:-a12., qr:-a13,not nqr., nqr:-a13,not qr., qr:-a14., query(qr).]
tracc
nnf_construction_time: 3.9901559352874756
Pre simplification
number of sums: 3583
number of prods: 8319
len(eq): 3233
v_11*(1.0*v_1*(-0.9409*v_3*(v_4 - 1)*(v_5 - 1)*(v_6 - 1) - 0.9409*v_4*(v_6 - 1) + 0.9409*v_5*(v_4 - 1)*(v_6 - 1) + 0.9409*v_6 + 0.9409*v_7*(v_3 - 1)*(v_4 - 1)*(v_5 - 1)*(v_6 - 1) + 0.0591) - 1.0*(v_1 - 1)*(-0.9409*v_3*(v_4 - 1)*(v_5 - 1)*(v_6 - 1) - 0.9409*v_4*(v_6 - 1) + 0.9409*v_5*(v_4 - 1)*(v_6 - 1) + 0.9409*v_6 + 0.9409*v_7*(v_3 - 1)*(v_4 - 1)*(v_5 - 1)*(v_6 - 1) + 0.0591) - 0.9409*(v_3 - 1)*(v_4 - 1)*(v_5 - 1)*(v_6 - 1)*(v_7 - 1)) - (v_11 - 1)*(v_12*(1.0*v_1*(-0.9409*v_3*(v_4 - 1)*(v_5 - 1)*(v_6 - 1) - 0.9409*v_4*(v_6 - 1) + 0.9409*v_5*(v_4 - 1)*(v_6 - 1) + 0.9409*v_6 + 0.9409*v_7*(v_3 - 1)*(v_4 - 1)*(v_5 - 1)*(v_6 - 1) + 0.0591) - 1.0*(v_1 - 1)*(-0.9409*v_3*(v_4 - 1)*(v_5 - 1)*(v_6 - 1) - 0.9409*v_4*(v_6 - 1) + 0.9409*v_5*(v_4 - 1)*(v_6 - 1) + 0.9409*v_6 + 0.9409*v_7*(v_3 - 1)*(v_4 - 1)*(v_5 - 1)*(v_6 - 1) + 0.0591) - 0.9409*(v_3 - 1)*(v_4 - 1)*(v_5 - 1)*(v_6 - 1)*(v_7 - 1)) - (v_12 - 1)*(v_13*(1.0*v_1*(-0.9409*v_3*(v_4 - 1)*(v_5 - 1)*(v_6 - 1) - 0.9409*v_4*(v_6 - 1) + 0.9409*v_5*(v_4 - 1)*(v_6 - 1) + 0.9409*v_6 + 0.9409*v_7*(v_3 - 1)*(v_4 - 1)*(v_5 - 1)*(v_6 - 1) + 0.0591) - 1.0*(v_1 - 1)*(-0.9409*v_3*(v_4 - 1)*(v_5 - 1)*(v_6 - 1) - 0.9409*v_4*(v_6 - 1) + 0.9409*v_5*(v_4 - 1)*(v_6 - 1) + 0.9409*v_6 + 0.9409*v_7*(v_3 - 1)*(v_4 - 1)*(v_5 - 1)*(v_6 - 1) + 0.0591) - 0.9409*(v_3 - 1)*(v_4 - 1)*(v_5 - 1)*(v_6 - 1)*(v_7 - 1)) - (v_13 - 1)*(-v_14*(-1.0*v_1*(-0.9409*v_3*(v_4 - 1)*(v_5 - 1)*(v_6 - 1) - 0.9409*v_4*(v_6 - 1) + 0.9409*v_5*(v_4 - 1)*(v_6 - 1) + 0.9409*v_6 + 0.9409*v_7*(v_3 - 1)*(v_4 - 1)*(v_5 - 1)*(v_6 - 1) + 0.0591) + 1.0*(v_1 - 1)*(-0.9409*v_3*(v_4 - 1)*(v_5 - 1)*(v_6 - 1) - 0.9409*v_4*(v_6 - 1) + 0.9409*v_5*(v_4 - 1)*(v_6 - 1) + 0.9409*v_6 + 0.9409*v_7*(v_3 - 1)*(v_4 - 1)*(v_5 - 1)*(v_6 - 1) + 0.0591) + 0.9409*(v_3 - 1)*(v_4 - 1)*(v_5 - 1)*(v_6 - 1)*(v_7 - 1)) + (v_14 - 1)*(v_15*(-1.0*v_1*(-0.9409*v_3*(v_4 - 1)*(v_5 - 1)*(v_6 - 1) - 0.9409*v_4*(v_6 - 1) + 0.9409*v_5*(v_4 - 1)*(v_6 - 1) + 0.9409*v_6 + 0.9409*v_7*(v_3 - 1)*(v_4 - 1)*(v_5 - 1)*(v_6 - 1) + 0.0591) + 1.0*(v_1 - 1)*(-0.9409*v_3*(v_4 - 1)*(v_5 - 1)*(v_6 - 1) - 0.9409*v_4*(v_6 - 1) + 0.9409*v_5*(v_4 - 1)*(v_6 - 1) + 0.9409*v_6 + 0.9409*v_7*(v_3 - 1)*(v_4 - 1)*(v_5 - 1)*(v_6 - 1) + 0.0591) + 0.9409*(v_3 - 1)*(v_4 - 1)*(v_5 - 1)*(v_6 - 1)*(v_7 - 1)) - (v_15 - 1)*(v_16*(-1.0*v_1*(-0.9409*v_3*(v_4 - 1)*(v_5 - 1)*(v_6 - 1) - 0.9409*v_4*(v_6 - 1) + 0.9409*v_5*(v_4 - 1)*(v_6 - 1) + 0.9409*v_6 + 0.9409*v_7*(v_3 - 1)*(v_4 - 1)*(v_5 - 1)*(v_6 - 1) + 0.0591) + 1.0*(v_1 - 1)*(-0.9409*v_3*(v_4 - 1)*(v_5 - 1)*(v_6 - 1) - 0.9409*v_4*(v_6 - 1) + 0.9409*v_5*(v_4 - 1)*(v_6 - 1) + 0.9409*v_6 + 0.9409*v_7*(v_3 - 1)*(v_4 - 1)*(v_5 - 1)*(v_6 - 1) + 0.0591) + 0.9409*(v_3 - 1)*(v_4 - 1)*(v_5 - 1)*(v_6 - 1)*(v_7 - 1)) - (v_16 - 1)*(0.912673*v_1*(v_3 - 1)*(v_4 - 1)*(v_5 - 1)*(v_6 - 1)*(v_7 - 1) - 1.0*v_1*(-0.9409*v_3*(v_4 - 1)*(v_5 - 1)*(v_6 - 1) - 0.9409*v_4*(v_6 - 1) + 0.9409*v_5*(v_4 - 1)*(v_6 - 1) + 0.9409*v_6 + 0.9409*v_7*(v_3 - 1)*(v_4 - 1)*(v_5 - 1)*(v_6 - 1) + 0.0591) + 1.0*(v_1 - 1)*(-0.9409*v_3*(v_4 - 1)*(v_5 - 1)*(v_6 - 1) - 0.9409*v_4*(v_6 - 1) + 0.9409*v_5*(v_4 - 1)*(v_6 - 1) + 0.9409*v_6 + 0.9409*v_7*(v_3 - 1)*(v_4 - 1)*(v_5 - 1)*(v_6 - 1) + 0.0591) + 0.028227*(v_3 - 1)*(v_4 - 1)*(v_5 - 1)*(v_6 - 1)*(v_7 - 1)))))))
Post simplification
symp_time: 58.71846318244934
number of sums: 65
number of subs: 237
number of prods: 291
opt_time: 0.5719413757324219
     fun: 1.0567433325515132
   maxcv: 2.0816681711721685e-17
 message: 'Optimization terminated successfully.'
    nfev: 100
  status: 1
 success: True
       x: array([0.11822184, 0.05822184, 0.05822184, 0.05822184, 0.11630305,
       0.11822184, 0.11822184, 0.11822184, 0.05822184, 0.11822184,
       0.05822184, 0.05822184])

real	1m4.481s
user	1m3.545s
sys	0m0.715s
Instance: 13
[INFO] aspmc: Tree Decomposition #bags: 30 unfolded treewidth: 4 #vertices: 39
[INFO] aspmc: Preprocessing disabled
[INFO] aspmc:    Stats Compilation
[INFO] aspmc: ------------------------------------------------------------
[INFO] aspmc: X/D-Constrained Tree Decomposition #bags: 42 treewidth: 11 #vertices: 57
[INFO] aspmc: Dtree time:               2.028106212615967
[INFO] aspmc: Compilation time:         0.028340578079223633
[INFO] aspmc: Preparation time:         0.0001087188720703125
[INFO] aspmc: Counting time:            0.827568531036377
[INFO] aspmc: ------------------------------------------------------------
[0.03::a0., 0.03::a1., 0.03::a2., 0.03::a3., 0.03::a4., 0.03::a5., 0.03::a6., 0.03::a7., 0.03::a8., 0.03::a9., 0.03::a10., 0.03::a11., 0.03::a12., 0.03::a13., 0.03::a14., qr:-a0., qr:-a1,not nqr., nqr:-a1,not qr., qr:-a2., qr:-a3,not nqr., nqr:-a3,not qr., qr:-a4., qr:-a5,not nqr., nqr:-a5,not qr., qr:-a6., qr:-a7,not nqr., nqr:-a7,not qr., qr:-a8., qr:-a9,not nqr., nqr:-a9,not qr., qr:-a10., qr:-a11,not nqr., nqr:-a11,not qr., qr:-a12., qr:-a13,not nqr., nqr:-a13,not qr., qr:-a14., query(qr).]
tracc
nnf_construction_time: 3.987837791442871
Pre simplification
number of sums: 3583
number of prods: 8319
len(eq): 4217
v_11*(1.0*v_1*(0.97*v_3*(v_4 - 1)*(v_5 - 1)*(v_6 - 1)*(v_8 - 1) + 0.97*v_4*(v_6 - 1)*(v_8 - 1) - 0.97*v_5*(v_4 - 1)*(v_6 - 1)*(v_8 - 1) - 1.0*v_6*(v_8 - 1) - 0.97*v_7*(v_3 - 1)*(v_4 - 1)*(v_5 - 1)*(v_6 - 1)*(v_8 - 1) + 1.0*v_8 + 0.03*(v_6 - 1)*(v_8 - 1)) - 1.0*(v_1 - 1)*(0.97*v_3*(v_4 - 1)*(v_5 - 1)*(v_6 - 1)*(v_8 - 1) + 0.97*v_4*(v_6 - 1)*(v_8 - 1) - 0.97*v_5*(v_4 - 1)*(v_6 - 1)*(v_8 - 1) - 1.0*v_6*(v_8 - 1) - 0.97*v_7*(v_3 - 1)*(v_4 - 1)*(v_5 - 1)*(v_6 - 1)*(v_8 - 1) + 1.0*v_8 + 0.03*(v_6 - 1)*(v_8 - 1)) + 0.97*(v_3 - 1)*(v_4 - 1)*(v_5 - 1)*(v_6 - 1)*(v_7 - 1)*(v_8 - 1)) - (v_11 - 1)*(v_12*(1.0*v_1*(0.97*v_3*(v_4 - 1)*(v_5 - 1)*(v_6 - 1)*(v_8 - 1) + 0.97*v_4*(v_6 - 1)*(v_8 - 1) - 0.97*v_5*(v_4 - 1)*(v_6 - 1)*(v_8 - 1) - 1.0*v_6*(v_8 - 1) - 0.97*v_7*(v_3 - 1)*(v_4 - 1)*(v_5 - 1)*(v_6 - 1)*(v_8 - 1) + 1.0*v_8 + 0.03*(v_6 - 1)*(v_8 - 1)) - 1.0*(v_1 - 1)*(0.97*v_3*(v_4 - 1)*(v_5 - 1)*(v_6 - 1)*(v_8 - 1) + 0.97*v_4*(v_6 - 1)*(v_8 - 1) - 0.97*v_5*(v_4 - 1)*(v_6 - 1)*(v_8 - 1) - 1.0*v_6*(v_8 - 1) - 0.97*v_7*(v_3 - 1)*(v_4 - 1)*(v_5 - 1)*(v_6 - 1)*(v_8 - 1) + 1.0*v_8 + 0.03*(v_6 - 1)*(v_8 - 1)) + 0.97*(v_3 - 1)*(v_4 - 1)*(v_5 - 1)*(v_6 - 1)*(v_7 - 1)*(v_8 - 1)) - (v_12 - 1)*(v_13*(1.0*v_1*(0.97*v_3*(v_4 - 1)*(v_5 - 1)*(v_6 - 1)*(v_8 - 1) + 0.97*v_4*(v_6 - 1)*(v_8 - 1) - 0.97*v_5*(v_4 - 1)*(v_6 - 1)*(v_8 - 1) - 1.0*v_6*(v_8 - 1) - 0.97*v_7*(v_3 - 1)*(v_4 - 1)*(v_5 - 1)*(v_6 - 1)*(v_8 - 1) + 1.0*v_8 + 0.03*(v_6 - 1)*(v_8 - 1)) - 1.0*(v_1 - 1)*(0.97*v_3*(v_4 - 1)*(v_5 - 1)*(v_6 - 1)*(v_8 - 1) + 0.97*v_4*(v_6 - 1)*(v_8 - 1) - 0.97*v_5*(v_4 - 1)*(v_6 - 1)*(v_8 - 1) - 1.0*v_6*(v_8 - 1) - 0.97*v_7*(v_3 - 1)*(v_4 - 1)*(v_5 - 1)*(v_6 - 1)*(v_8 - 1) + 1.0*v_8 + 0.03*(v_6 - 1)*(v_8 - 1)) + 0.97*(v_3 - 1)*(v_4 - 1)*(v_5 - 1)*(v_6 - 1)*(v_7 - 1)*(v_8 - 1)) - (v_13 - 1)*(v_14*(1.0*v_1*(0.97*v_3*(v_4 - 1)*(v_5 - 1)*(v_6 - 1)*(v_8 - 1) + 0.97*v_4*(v_6 - 1)*(v_8 - 1) - 0.97*v_5*(v_4 - 1)*(v_6 - 1)*(v_8 - 1) - 1.0*v_6*(v_8 - 1) - 0.97*v_7*(v_3 - 1)*(v_4 - 1)*(v_5 - 1)*(v_6 - 1)*(v_8 - 1) + 1.0*v_8 + 0.03*(v_6 - 1)*(v_8 - 1)) - 1.0*(v_1 - 1)*(0.97*v_3*(v_4 - 1)*(v_5 - 1)*(v_6 - 1)*(v_8 - 1) + 0.97*v_4*(v_6 - 1)*(v_8 - 1) - 0.97*v_5*(v_4 - 1)*(v_6 - 1)*(v_8 - 1) - 1.0*v_6*(v_8 - 1) - 0.97*v_7*(v_3 - 1)*(v_4 - 1)*(v_5 - 1)*(v_6 - 1)*(v_8 - 1) + 1.0*v_8 + 0.03*(v_6 - 1)*(v_8 - 1)) + 0.97*(v_3 - 1)*(v_4 - 1)*(v_5 - 1)*(v_6 - 1)*(v_7 - 1)*(v_8 - 1)) - (v_14 - 1)*(v_15*(1.0*v_1*(0.97*v_3*(v_4 - 1)*(v_5 - 1)*(v_6 - 1)*(v_8 - 1) + 0.97*v_4*(v_6 - 1)*(v_8 - 1) - 0.97*v_5*(v_4 - 1)*(v_6 - 1)*(v_8 - 1) - 1.0*v_6*(v_8 - 1) - 0.97*v_7*(v_3 - 1)*(v_4 - 1)*(v_5 - 1)*(v_6 - 1)*(v_8 - 1) + 1.0*v_8 + 0.03*(v_6 - 1)*(v_8 - 1)) - 1.0*(v_1 - 1)*(0.97*v_3*(v_4 - 1)*(v_5 - 1)*(v_6 - 1)*(v_8 - 1) + 0.97*v_4*(v_6 - 1)*(v_8 - 1) - 0.97*v_5*(v_4 - 1)*(v_6 - 1)*(v_8 - 1) - 1.0*v_6*(v_8 - 1) - 0.97*v_7*(v_3 - 1)*(v_4 - 1)*(v_5 - 1)*(v_6 - 1)*(v_8 - 1) + 1.0*v_8 + 0.03*(v_6 - 1)*(v_8 - 1)) + 0.97*(v_3 - 1)*(v_4 - 1)*(v_5 - 1)*(v_6 - 1)*(v_7 - 1)*(v_8 - 1)) - (v_15 - 1)*(v_16*(1.0*v_1*(0.97*v_3*(v_4 - 1)*(v_5 - 1)*(v_6 - 1)*(v_8 - 1) + 0.97*v_4*(v_6 - 1)*(v_8 - 1) - 0.97*v_5*(v_4 - 1)*(v_6 - 1)*(v_8 - 1) - 1.0*v_6*(v_8 - 1) - 0.97*v_7*(v_3 - 1)*(v_4 - 1)*(v_5 - 1)*(v_6 - 1)*(v_8 - 1) + 1.0*v_8 + 0.03*(v_6 - 1)*(v_8 - 1)) - 1.0*(v_1 - 1)*(0.97*v_3*(v_4 - 1)*(v_5 - 1)*(v_6 - 1)*(v_8 - 1) + 0.97*v_4*(v_6 - 1)*(v_8 - 1) - 0.97*v_5*(v_4 - 1)*(v_6 - 1)*(v_8 - 1) - 1.0*v_6*(v_8 - 1) - 0.97*v_7*(v_3 - 1)*(v_4 - 1)*(v_5 - 1)*(v_6 - 1)*(v_8 - 1) + 1.0*v_8 + 0.03*(v_6 - 1)*(v_8 - 1)) + 0.97*(v_3 - 1)*(v_4 - 1)*(v_5 - 1)*(v_6 - 1)*(v_7 - 1)*(v_8 - 1)) - (v_16 - 1)*(0.9409*v_1*(v_3 - 1)*(v_4 - 1)*(v_5 - 1)*(v_6 - 1)*(v_7 - 1)*(v_8 - 1) + 1.0*v_1*(0.97*v_3*(v_4 - 1)*(v_5 - 1)*(v_6 - 1)*(v_8 - 1) + 0.97*v_4*(v_6 - 1)*(v_8 - 1) - 0.97*v_5*(v_4 - 1)*(v_6 - 1)*(v_8 - 1) - 1.0*v_6*(v_8 - 1) - 0.97*v_7*(v_3 - 1)*(v_4 - 1)*(v_5 - 1)*(v_6 - 1)*(v_8 - 1) + 1.0*v_8 + 0.03*(v_6 - 1)*(v_8 - 1)) - 1.0*(v_1 - 1)*(0.97*v_3*(v_4 - 1)*(v_5 - 1)*(v_6 - 1)*(v_8 - 1) + 0.97*v_4*(v_6 - 1)*(v_8 - 1) - 0.97*v_5*(v_4 - 1)*(v_6 - 1)*(v_8 - 1) - 1.0*v_6*(v_8 - 1) - 0.97*v_7*(v_3 - 1)*(v_4 - 1)*(v_5 - 1)*(v_6 - 1)*(v_8 - 1) + 1.0*v_8 + 0.03*(v_6 - 1)*(v_8 - 1)) + 0.0291*(v_3 - 1)*(v_4 - 1)*(v_5 - 1)*(v_6 - 1)*(v_7 - 1)*(v_8 - 1)))))))
Post simplification
symp_time: 114.69918727874756
number of sums: 50
number of subs: 354
number of prods: 411
opt_time: 0.9663088321685791
     fun: 1.0880134768426917
   maxcv: 1.3877787807814457e-17
 message: 'Optimization terminated successfully.'
    nfev: 123
  status: 1
 success: True
       x: array([0.11632348, 0.11213172, 0.11632348, 0.05632348, 0.05632348,
       0.05632348, 0.05632348, 0.05632348, 0.05632348, 0.11632348,
       0.11632348, 0.05632348, 0.11632348])

real	2m1.022s
user	1m59.936s
sys	0m0.767s
Instance: 14
[INFO] aspmc: Tree Decomposition #bags: 30 unfolded treewidth: 4 #vertices: 39
[INFO] aspmc: Preprocessing disabled
[INFO] aspmc:    Stats Compilation
[INFO] aspmc: ------------------------------------------------------------
[INFO] aspmc: X/D-Constrained Tree Decomposition #bags: 42 treewidth: 11 #vertices: 57
[INFO] aspmc: Dtree time:               2.0277369022369385
[INFO] aspmc: Compilation time:         0.028346538543701172
[INFO] aspmc: Preparation time:         0.00010848045349121094
[INFO] aspmc: Counting time:            0.7644753456115723
[INFO] aspmc: ------------------------------------------------------------
[0.03::a0., 0.03::a1., 0.03::a2., 0.03::a3., 0.03::a4., 0.03::a5., 0.03::a6., 0.03::a7., 0.03::a8., 0.03::a9., 0.03::a10., 0.03::a11., 0.03::a12., 0.03::a13., 0.03::a14., qr:-a0., qr:-a1,not nqr., nqr:-a1,not qr., qr:-a2., qr:-a3,not nqr., nqr:-a3,not qr., qr:-a4., qr:-a5,not nqr., nqr:-a5,not qr., qr:-a6., qr:-a7,not nqr., nqr:-a7,not qr., qr:-a8., qr:-a9,not nqr., nqr:-a9,not qr., qr:-a10., qr:-a11,not nqr., nqr:-a11,not qr., qr:-a12., qr:-a13,not nqr., nqr:-a13,not qr., qr:-a14., query(qr).]
tracc
nnf_construction_time: 3.9330930709838867
Pre simplification
number of sums: 3583
number of prods: 8319
len(eq): 4677
v_11*(v_1*(0.97*v_3*(v_4 - 1)*(v_5 - 1)*(v_6 - 1)*(v_8 - 1) + 0.97*v_4*(v_6 - 1)*(v_8 - 1) - 0.97*v_5*(v_4 - 1)*(v_6 - 1)*(v_8 - 1) - 1.0*v_6*(v_8 - 1) - 0.97*v_7*(v_3 - 1)*(v_4 - 1)*(v_5 - 1)*(v_6 - 1)*(v_8 - 1) + 1.0*v_8 + 0.03*(v_6 - 1)*(v_8 - 1)) - (v_1 - 1)*(0.97*v_3*(v_4 - 1)*(v_5 - 1)*(v_6 - 1)*(v_8 - 1) + 0.97*v_4*(v_6 - 1)*(v_8 - 1) - 0.97*v_5*(v_4 - 1)*(v_6 - 1)*(v_8 - 1) - 1.0*v_6*(v_8 - 1) - 0.97*v_7*(v_3 - 1)*(v_4 - 1)*(v_5 - 1)*(v_6 - 1)*(v_8 - 1) + 1.0*v_8 + 0.03*(v_6 - 1)*(v_8 - 1)) + 0.97*(v_3 - 1)*(v_4 - 1)*(v_5 - 1)*(v_6 - 1)*(v_7 - 1)*(v_8 - 1)) - (v_11 - 1)*(v_12*(v_1*(0.97*v_3*(v_4 - 1)*(v_5 - 1)*(v_6 - 1)*(v_8 - 1) + 0.97*v_4*(v_6 - 1)*(v_8 - 1) - 0.97*v_5*(v_4 - 1)*(v_6 - 1)*(v_8 - 1) - 1.0*v_6*(v_8 - 1) - 0.97*v_7*(v_3 - 1)*(v_4 - 1)*(v_5 - 1)*(v_6 - 1)*(v_8 - 1) + 1.0*v_8 + 0.03*(v_6 - 1)*(v_8 - 1)) - (v_1 - 1)*(0.97*v_3*(v_4 - 1)*(v_5 - 1)*(v_6 - 1)*(v_8 - 1) + 0.97*v_4*(v_6 - 1)*(v_8 - 1) - 0.97*v_5*(v_4 - 1)*(v_6 - 1)*(v_8 - 1) - 1.0*v_6*(v_8 - 1) - 0.97*v_7*(v_3 - 1)*(v_4 - 1)*(v_5 - 1)*(v_6 - 1)*(v_8 - 1) + 1.0*v_8 + 0.03*(v_6 - 1)*(v_8 - 1)) + 0.97*(v_3 - 1)*(v_4 - 1)*(v_5 - 1)*(v_6 - 1)*(v_7 - 1)*(v_8 - 1)) - (v_12 - 1)*(v_13*(v_1*(0.97*v_3*(v_4 - 1)*(v_5 - 1)*(v_6 - 1)*(v_8 - 1) + 0.97*v_4*(v_6 - 1)*(v_8 - 1) - 0.97*v_5*(v_4 - 1)*(v_6 - 1)*(v_8 - 1) - 1.0*v_6*(v_8 - 1) - 0.97*v_7*(v_3 - 1)*(v_4 - 1)*(v_5 - 1)*(v_6 - 1)*(v_8 - 1) + 1.0*v_8 + 0.03*(v_6 - 1)*(v_8 - 1)) - (v_1 - 1)*(0.97*v_3*(v_4 - 1)*(v_5 - 1)*(v_6 - 1)*(v_8 - 1) + 0.97*v_4*(v_6 - 1)*(v_8 - 1) - 0.97*v_5*(v_4 - 1)*(v_6 - 1)*(v_8 - 1) - 1.0*v_6*(v_8 - 1) - 0.97*v_7*(v_3 - 1)*(v_4 - 1)*(v_5 - 1)*(v_6 - 1)*(v_8 - 1) + 1.0*v_8 + 0.03*(v_6 - 1)*(v_8 - 1)) + 0.97*(v_3 - 1)*(v_4 - 1)*(v_5 - 1)*(v_6 - 1)*(v_7 - 1)*(v_8 - 1)) - (v_13 - 1)*(v_14*(v_1*(0.97*v_3*(v_4 - 1)*(v_5 - 1)*(v_6 - 1)*(v_8 - 1) + 0.97*v_4*(v_6 - 1)*(v_8 - 1) - 0.97*v_5*(v_4 - 1)*(v_6 - 1)*(v_8 - 1) - 1.0*v_6*(v_8 - 1) - 0.97*v_7*(v_3 - 1)*(v_4 - 1)*(v_5 - 1)*(v_6 - 1)*(v_8 - 1) + 1.0*v_8 + 0.03*(v_6 - 1)*(v_8 - 1)) - (v_1 - 1)*(0.97*v_3*(v_4 - 1)*(v_5 - 1)*(v_6 - 1)*(v_8 - 1) + 0.97*v_4*(v_6 - 1)*(v_8 - 1) - 0.97*v_5*(v_4 - 1)*(v_6 - 1)*(v_8 - 1) - 1.0*v_6*(v_8 - 1) - 0.97*v_7*(v_3 - 1)*(v_4 - 1)*(v_5 - 1)*(v_6 - 1)*(v_8 - 1) + 1.0*v_8 + 0.03*(v_6 - 1)*(v_8 - 1)) + 0.97*(v_3 - 1)*(v_4 - 1)*(v_5 - 1)*(v_6 - 1)*(v_7 - 1)*(v_8 - 1)) - (v_14 - 1)*(v_15*(v_1*(0.97*v_3*(v_4 - 1)*(v_5 - 1)*(v_6 - 1)*(v_8 - 1) + 0.97*v_4*(v_6 - 1)*(v_8 - 1) - 0.97*v_5*(v_4 - 1)*(v_6 - 1)*(v_8 - 1) - 1.0*v_6*(v_8 - 1) - 0.97*v_7*(v_3 - 1)*(v_4 - 1)*(v_5 - 1)*(v_6 - 1)*(v_8 - 1) + 1.0*v_8 + 0.03*(v_6 - 1)*(v_8 - 1)) - (v_1 - 1)*(0.97*v_3*(v_4 - 1)*(v_5 - 1)*(v_6 - 1)*(v_8 - 1) + 0.97*v_4*(v_6 - 1)*(v_8 - 1) - 0.97*v_5*(v_4 - 1)*(v_6 - 1)*(v_8 - 1) - 1.0*v_6*(v_8 - 1) - 0.97*v_7*(v_3 - 1)*(v_4 - 1)*(v_5 - 1)*(v_6 - 1)*(v_8 - 1) + 1.0*v_8 + 0.03*(v_6 - 1)*(v_8 - 1)) + 0.97*(v_3 - 1)*(v_4 - 1)*(v_5 - 1)*(v_6 - 1)*(v_7 - 1)*(v_8 - 1)) - (v_15 - 1)*(v_16*(v_1*(0.97*v_3*(v_4 - 1)*(v_5 - 1)*(v_6 - 1)*(v_8 - 1) + 0.97*v_4*(v_6 - 1)*(v_8 - 1) - 0.97*v_5*(v_4 - 1)*(v_6 - 1)*(v_8 - 1) - 1.0*v_6*(v_8 - 1) - 0.97*v_7*(v_3 - 1)*(v_4 - 1)*(v_5 - 1)*(v_6 - 1)*(v_8 - 1) + 1.0*v_8 + 0.03*(v_6 - 1)*(v_8 - 1)) - (v_1 - 1)*(0.97*v_3*(v_4 - 1)*(v_5 - 1)*(v_6 - 1)*(v_8 - 1) + 0.97*v_4*(v_6 - 1)*(v_8 - 1) - 0.97*v_5*(v_4 - 1)*(v_6 - 1)*(v_8 - 1) - 1.0*v_6*(v_8 - 1) - 0.97*v_7*(v_3 - 1)*(v_4 - 1)*(v_5 - 1)*(v_6 - 1)*(v_8 - 1) + 1.0*v_8 + 0.03*(v_6 - 1)*(v_8 - 1)) + 0.97*(v_3 - 1)*(v_4 - 1)*(v_5 - 1)*(v_6 - 1)*(v_7 - 1)*(v_8 - 1)) - (v_16 - 1)*(v_17*(v_1*(0.97*v_3*(v_4 - 1)*(v_5 - 1)*(v_6 - 1)*(v_8 - 1) + 0.97*v_4*(v_6 - 1)*(v_8 - 1) - 0.97*v_5*(v_4 - 1)*(v_6 - 1)*(v_8 - 1) - 1.0*v_6*(v_8 - 1) - 0.97*v_7*(v_3 - 1)*(v_4 - 1)*(v_5 - 1)*(v_6 - 1)*(v_8 - 1) + 1.0*v_8 + 0.03*(v_6 - 1)*(v_8 - 1)) - (v_1 - 1)*(0.97*v_3*(v_4 - 1)*(v_5 - 1)*(v_6 - 1)*(v_8 - 1) + 0.97*v_4*(v_6 - 1)*(v_8 - 1) - 0.97*v_5*(v_4 - 1)*(v_6 - 1)*(v_8 - 1) - 1.0*v_6*(v_8 - 1) - 0.97*v_7*(v_3 - 1)*(v_4 - 1)*(v_5 - 1)*(v_6 - 1)*(v_8 - 1) + 1.0*v_8 + 0.03*(v_6 - 1)*(v_8 - 1)) + 0.97*(v_3 - 1)*(v_4 - 1)*(v_5 - 1)*(v_6 - 1)*(v_7 - 1)*(v_8 - 1)) - (v_17 - 1)*(0.97*v_1*(v_3 - 1)*(v_4 - 1)*(v_5 - 1)*(v_6 - 1)*(v_7 - 1)*(v_8 - 1) + v_1*(0.97*v_3*(v_4 - 1)*(v_5 - 1)*(v_6 - 1)*(v_8 - 1) + 0.97*v_4*(v_6 - 1)*(v_8 - 1) - 0.97*v_5*(v_4 - 1)*(v_6 - 1)*(v_8 - 1) - 1.0*v_6*(v_8 - 1) - 0.97*v_7*(v_3 - 1)*(v_4 - 1)*(v_5 - 1)*(v_6 - 1)*(v_8 - 1) + 1.0*v_8 + 0.03*(v_6 - 1)*(v_8 - 1)) - (v_1 - 1)*(0.97*v_3*(v_4 - 1)*(v_5 - 1)*(v_6 - 1)*(v_8 - 1) + 0.97*v_4*(v_6 - 1)*(v_8 - 1) - 0.97*v_5*(v_4 - 1)*(v_6 - 1)*(v_8 - 1) - 1.0*v_6*(v_8 - 1) - 0.97*v_7*(v_3 - 1)*(v_4 - 1)*(v_5 - 1)*(v_6 - 1)*(v_8 - 1) + 1.0*v_8 + 0.03*(v_6 - 1)*(v_8 - 1)))))))))
Post simplification
symp_time: 231.21709609031677
number of sums: 56
number of subs: 398
number of prods: 447
opt_time: 1.0088419914245605
     fun: 1.1188682182510854
   maxcv: 1.3877787807814457e-17
 message: 'Optimization terminated successfully.'
    nfev: 122
  status: 1
 success: True
       x: array([0.05001114, 0.05001114, 0.05001114, 0.05001114, 0.11001114,
       0.11001114, 0.11001114, 0.11001114, 0.10872345, 0.05001114,
       0.05001114, 0.11001114, 0.11001114, 0.05001114])

real	3m57.721s
user	3m56.244s
sys	0m0.999s
Instance: 15
[INFO] aspmc: Tree Decomposition #bags: 30 unfolded treewidth: 4 #vertices: 39
[INFO] aspmc: Preprocessing disabled
[INFO] aspmc:    Stats Compilation
[INFO] aspmc: ------------------------------------------------------------
[INFO] aspmc: X/D-Constrained Tree Decomposition #bags: 42 treewidth: 11 #vertices: 57
[INFO] aspmc: Dtree time:               2.028991937637329
[INFO] aspmc: Compilation time:         0.028308391571044922
[INFO] aspmc: Preparation time:         0.000110626220703125
[INFO] aspmc: Counting time:            0.7601232528686523
[INFO] aspmc: ------------------------------------------------------------
[0.03::a0., 0.03::a1., 0.03::a2., 0.03::a3., 0.03::a4., 0.03::a5., 0.03::a6., 0.03::a7., 0.03::a8., 0.03::a9., 0.03::a10., 0.03::a11., 0.03::a12., 0.03::a13., 0.03::a14., qr:-a0., qr:-a1,not nqr., nqr:-a1,not qr., qr:-a2., qr:-a3,not nqr., nqr:-a3,not qr., qr:-a4., qr:-a5,not nqr., nqr:-a5,not qr., qr:-a6., qr:-a7,not nqr., nqr:-a7,not qr., qr:-a8., qr:-a9,not nqr., nqr:-a9,not qr., qr:-a10., qr:-a11,not nqr., nqr:-a11,not qr., qr:-a12., qr:-a13,not nqr., nqr:-a13,not qr., qr:-a14., query(qr).]
tracc
nnf_construction_time: 3.9231159687042236
Pre simplification
number of sums: 3583
number of prods: 8319
len(eq): 4913
v_11*(v_1*(-v_3*(v_4 - 1)*(v_5 - 1)*(v_6 - 1)*(v_8 - 1)*(v_9 - 1) - v_4*(v_6 - 1)*(v_8 - 1)*(v_9 - 1) + v_5*(v_4 - 1)*(v_6 - 1)*(v_8 - 1)*(v_9 - 1) - v_6*(v_8 - 1) + v_7*(v_3 - 1)*(v_4 - 1)*(v_5 - 1)*(v_6 - 1)*(v_8 - 1)*(v_9 - 1) + v_8 + v_9*(v_6 - 1)*(v_8 - 1)) - (v_1 - 1)*(-v_3*(v_4 - 1)*(v_5 - 1)*(v_6 - 1)*(v_8 - 1)*(v_9 - 1) - v_4*(v_6 - 1)*(v_8 - 1)*(v_9 - 1) + v_5*(v_4 - 1)*(v_6 - 1)*(v_8 - 1)*(v_9 - 1) - v_6*(v_8 - 1) + v_7*(v_3 - 1)*(v_4 - 1)*(v_5 - 1)*(v_6 - 1)*(v_8 - 1)*(v_9 - 1) + v_8 + v_9*(v_6 - 1)*(v_8 - 1)) - (v_3 - 1)*(v_4 - 1)*(v_5 - 1)*(v_6 - 1)*(v_7 - 1)*(v_8 - 1)*(v_9 - 1)) - (v_11 - 1)*(v_12*(v_1*(-v_3*(v_4 - 1)*(v_5 - 1)*(v_6 - 1)*(v_8 - 1)*(v_9 - 1) - v_4*(v_6 - 1)*(v_8 - 1)*(v_9 - 1) + v_5*(v_4 - 1)*(v_6 - 1)*(v_8 - 1)*(v_9 - 1) - v_6*(v_8 - 1) + v_7*(v_3 - 1)*(v_4 - 1)*(v_5 - 1)*(v_6 - 1)*(v_8 - 1)*(v_9 - 1) + v_8 + v_9*(v_6 - 1)*(v_8 - 1)) - (v_1 - 1)*(-v_3*(v_4 - 1)*(v_5 - 1)*(v_6 - 1)*(v_8 - 1)*(v_9 - 1) - v_4*(v_6 - 1)*(v_8 - 1)*(v_9 - 1) + v_5*(v_4 - 1)*(v_6 - 1)*(v_8 - 1)*(v_9 - 1) - v_6*(v_8 - 1) + v_7*(v_3 - 1)*(v_4 - 1)*(v_5 - 1)*(v_6 - 1)*(v_8 - 1)*(v_9 - 1) + v_8 + v_9*(v_6 - 1)*(v_8 - 1)) - (v_3 - 1)*(v_4 - 1)*(v_5 - 1)*(v_6 - 1)*(v_7 - 1)*(v_8 - 1)*(v_9 - 1)) - (v_12 - 1)*(v_13*(v_1*(-v_3*(v_4 - 1)*(v_5 - 1)*(v_6 - 1)*(v_8 - 1)*(v_9 - 1) - v_4*(v_6 - 1)*(v_8 - 1)*(v_9 - 1) + v_5*(v_4 - 1)*(v_6 - 1)*(v_8 - 1)*(v_9 - 1) - v_6*(v_8 - 1) + v_7*(v_3 - 1)*(v_4 - 1)*(v_5 - 1)*(v_6 - 1)*(v_8 - 1)*(v_9 - 1) + v_8 + v_9*(v_6 - 1)*(v_8 - 1)) - (v_1 - 1)*(-v_3*(v_4 - 1)*(v_5 - 1)*(v_6 - 1)*(v_8 - 1)*(v_9 - 1) - v_4*(v_6 - 1)*(v_8 - 1)*(v_9 - 1) + v_5*(v_4 - 1)*(v_6 - 1)*(v_8 - 1)*(v_9 - 1) - v_6*(v_8 - 1) + v_7*(v_3 - 1)*(v_4 - 1)*(v_5 - 1)*(v_6 - 1)*(v_8 - 1)*(v_9 - 1) + v_8 + v_9*(v_6 - 1)*(v_8 - 1)) - (v_3 - 1)*(v_4 - 1)*(v_5 - 1)*(v_6 - 1)*(v_7 - 1)*(v_8 - 1)*(v_9 - 1)) - (v_13 - 1)*(v_14*(v_1*(-v_3*(v_4 - 1)*(v_5 - 1)*(v_6 - 1)*(v_8 - 1)*(v_9 - 1) - v_4*(v_6 - 1)*(v_8 - 1)*(v_9 - 1) + v_5*(v_4 - 1)*(v_6 - 1)*(v_8 - 1)*(v_9 - 1) - v_6*(v_8 - 1) + v_7*(v_3 - 1)*(v_4 - 1)*(v_5 - 1)*(v_6 - 1)*(v_8 - 1)*(v_9 - 1) + v_8 + v_9*(v_6 - 1)*(v_8 - 1)) - (v_1 - 1)*(-v_3*(v_4 - 1)*(v_5 - 1)*(v_6 - 1)*(v_8 - 1)*(v_9 - 1) - v_4*(v_6 - 1)*(v_8 - 1)*(v_9 - 1) + v_5*(v_4 - 1)*(v_6 - 1)*(v_8 - 1)*(v_9 - 1) - v_6*(v_8 - 1) + v_7*(v_3 - 1)*(v_4 - 1)*(v_5 - 1)*(v_6 - 1)*(v_8 - 1)*(v_9 - 1) + v_8 + v_9*(v_6 - 1)*(v_8 - 1)) - (v_3 - 1)*(v_4 - 1)*(v_5 - 1)*(v_6 - 1)*(v_7 - 1)*(v_8 - 1)*(v_9 - 1)) - (v_14 - 1)*(-v_15*(-v_1*(-v_3*(v_4 - 1)*(v_5 - 1)*(v_6 - 1)*(v_8 - 1)*(v_9 - 1) - v_4*(v_6 - 1)*(v_8 - 1)*(v_9 - 1) + v_5*(v_4 - 1)*(v_6 - 1)*(v_8 - 1)*(v_9 - 1) - v_6*(v_8 - 1) + v_7*(v_3 - 1)*(v_4 - 1)*(v_5 - 1)*(v_6 - 1)*(v_8 - 1)*(v_9 - 1) + v_8 + v_9*(v_6 - 1)*(v_8 - 1)) + (v_1 - 1)*(-v_3*(v_4 - 1)*(v_5 - 1)*(v_6 - 1)*(v_8 - 1)*(v_9 - 1) - v_4*(v_6 - 1)*(v_8 - 1)*(v_9 - 1) + v_5*(v_4 - 1)*(v_6 - 1)*(v_8 - 1)*(v_9 - 1) - v_6*(v_8 - 1) + v_7*(v_3 - 1)*(v_4 - 1)*(v_5 - 1)*(v_6 - 1)*(v_8 - 1)*(v_9 - 1) + v_8 + v_9*(v_6 - 1)*(v_8 - 1)) + (v_3 - 1)*(v_4 - 1)*(v_5 - 1)*(v_6 - 1)*(v_7 - 1)*(v_8 - 1)*(v_9 - 1)) + (v_15 - 1)*(v_16*(-v_1*(-v_3*(v_4 - 1)*(v_5 - 1)*(v_6 - 1)*(v_8 - 1)*(v_9 - 1) - v_4*(v_6 - 1)*(v_8 - 1)*(v_9 - 1) + v_5*(v_4 - 1)*(v_6 - 1)*(v_8 - 1)*(v_9 - 1) - v_6*(v_8 - 1) + v_7*(v_3 - 1)*(v_4 - 1)*(v_5 - 1)*(v_6 - 1)*(v_8 - 1)*(v_9 - 1) + v_8 + v_9*(v_6 - 1)*(v_8 - 1)) + (v_1 - 1)*(-v_3*(v_4 - 1)*(v_5 - 1)*(v_6 - 1)*(v_8 - 1)*(v_9 - 1) - v_4*(v_6 - 1)*(v_8 - 1)*(v_9 - 1) + v_5*(v_4 - 1)*(v_6 - 1)*(v_8 - 1)*(v_9 - 1) - v_6*(v_8 - 1) + v_7*(v_3 - 1)*(v_4 - 1)*(v_5 - 1)*(v_6 - 1)*(v_8 - 1)*(v_9 - 1) + v_8 + v_9*(v_6 - 1)*(v_8 - 1)) + (v_3 - 1)*(v_4 - 1)*(v_5 - 1)*(v_6 - 1)*(v_7 - 1)*(v_8 - 1)*(v_9 - 1)) - (v_16 - 1)*(v_17*(-v_1*(-v_3*(v_4 - 1)*(v_5 - 1)*(v_6 - 1)*(v_8 - 1)*(v_9 - 1) - v_4*(v_6 - 1)*(v_8 - 1)*(v_9 - 1) + v_5*(v_4 - 1)*(v_6 - 1)*(v_8 - 1)*(v_9 - 1) - v_6*(v_8 - 1) + v_7*(v_3 - 1)*(v_4 - 1)*(v_5 - 1)*(v_6 - 1)*(v_8 - 1)*(v_9 - 1) + v_8 + v_9*(v_6 - 1)*(v_8 - 1)) + (v_1 - 1)*(-v_3*(v_4 - 1)*(v_5 - 1)*(v_6 - 1)*(v_8 - 1)*(v_9 - 1) - v_4*(v_6 - 1)*(v_8 - 1)*(v_9 - 1) + v_5*(v_4 - 1)*(v_6 - 1)*(v_8 - 1)*(v_9 - 1) - v_6*(v_8 - 1) + v_7*(v_3 - 1)*(v_4 - 1)*(v_5 - 1)*(v_6 - 1)*(v_8 - 1)*(v_9 - 1) + v_8 + v_9*(v_6 - 1)*(v_8 - 1)) + (v_3 - 1)*(v_4 - 1)*(v_5 - 1)*(v_6 - 1)*(v_7 - 1)*(v_8 - 1)*(v_9 - 1)) - (v_17 - 1)*(v_1*(v_3 - 1)*(v_4 - 1)*(v_5 - 1)*(v_6 - 1)*(v_7 - 1)*(v_8 - 1)*(v_9 - 1) - v_1*(-v_3*(v_4 - 1)*(v_5 - 1)*(v_6 - 1)*(v_8 - 1)*(v_9 - 1) - v_4*(v_6 - 1)*(v_8 - 1)*(v_9 - 1) + v_5*(v_4 - 1)*(v_6 - 1)*(v_8 - 1)*(v_9 - 1) - v_6*(v_8 - 1) + v_7*(v_3 - 1)*(v_4 - 1)*(v_5 - 1)*(v_6 - 1)*(v_8 - 1)*(v_9 - 1) + v_8 + v_9*(v_6 - 1)*(v_8 - 1)) + (v_1 - 1)*(-v_3*(v_4 - 1)*(v_5 - 1)*(v_6 - 1)*(v_8 - 1)*(v_9 - 1) - v_4*(v_6 - 1)*(v_8 - 1)*(v_9 - 1) + v_5*(v_4 - 1)*(v_6 - 1)*(v_8 - 1)*(v_9 - 1) - v_6*(v_8 - 1) + v_7*(v_3 - 1)*(v_4 - 1)*(v_5 - 1)*(v_6 - 1)*(v_8 - 1)*(v_9 - 1) + v_8 + v_9*(v_6 - 1)*(v_8 - 1)))))))))
Post simplification
symp_time: 203.47407746315002
number of sums: 72
number of subs: 474
number of prods: 415
opt_time: 0.9528853893280029
     fun: 1.1501027901349796
   maxcv: 3.469446951953614e-17
 message: 'Optimization terminated successfully.'
    nfev: 106
  status: 1
 success: True
       x: array([0.05      , 0.05      , 0.11      , 0.11      , 0.10999633,
       0.11      , 0.11      , 0.11      , 0.09010646, 0.05      ,
       0.05      , 0.05      , 0.05      , 0.05      , 0.05      ])

real	3m29.642s
user	3m28.429s
sys	0m0.813s
Ended at: 
Thu Dec  7 18:07:20 CET 2023
