Started at: 
Thu Dec  7 17:54:41 CET 2023
Instance: 2
[INFO] aspmc: Tree Decomposition #bags: 30 unfolded treewidth: 4 #vertices: 39
[INFO] aspmc: Preprocessing disabled
[INFO] aspmc:    Stats Compilation
[INFO] aspmc: ------------------------------------------------------------
[INFO] aspmc: X/D-Constrained Tree Decomposition #bags: 42 treewidth: 11 #vertices: 57
[INFO] aspmc: Dtree time:               2.027522563934326
[INFO] aspmc: Compilation time:         0.028020381927490234
[INFO] aspmc: Preparation time:         0.00010251998901367188
[INFO] aspmc: Counting time:            0.7887334823608398
[INFO] aspmc: ------------------------------------------------------------
[0.03::a0., 0.03::a1., 0.03::a2., 0.03::a3., 0.03::a4., 0.03::a5., 0.03::a6., 0.03::a7., 0.03::a8., 0.03::a9., 0.03::a10., 0.03::a11., 0.03::a12., 0.03::a13., 0.03::a14., qr:-a0., qr:-a1,not nqr., nqr:-a1,not qr., qr:-a2., qr:-a3,not nqr., nqr:-a3,not qr., qr:-a4., qr:-a5,not nqr., nqr:-a5,not qr., qr:-a6., qr:-a7,not nqr., nqr:-a7,not qr., qr:-a8., qr:-a9,not nqr., nqr:-a9,not qr., qr:-a10., qr:-a11,not nqr., nqr:-a11,not qr., qr:-a12., qr:-a13,not nqr., nqr:-a13,not qr., qr:-a14., query(qr).]
tracc
nnf_construction_time: 3.9508674144744873
Pre simplification
number of sums: 3583
number of prods: 8319
len(eq): 65
1.0*v_11 - (0.673027090165575*v_1 + 0.326972909834425)*(v_11 - 1)
Post simplification
symp_time: 1.374574899673462
number of sums: 1
number of subs: 2
number of prods: 3
opt_time: 0.10357904434204102
     fun: 0.5
     jac: array([1., 1.])
 message: 'Positive directional derivative for linesearch'
    nfev: 81
     nit: 15
    njev: 11
  status: 8
 success: False
       x: array([0.25, 0.25])

real	0m6.565s
user	0m5.861s
sys	0m0.591s
Instance: 3
[INFO] aspmc: Tree Decomposition #bags: 30 unfolded treewidth: 4 #vertices: 39
[INFO] aspmc: Preprocessing disabled
[INFO] aspmc:    Stats Compilation
[INFO] aspmc: ------------------------------------------------------------
[INFO] aspmc: X/D-Constrained Tree Decomposition #bags: 42 treewidth: 11 #vertices: 57
[INFO] aspmc: Dtree time:               2.0291643142700195
[INFO] aspmc: Compilation time:         0.028112173080444336
[INFO] aspmc: Preparation time:         0.00010418891906738281
[INFO] aspmc: Counting time:            0.7944884300231934
[INFO] aspmc: ------------------------------------------------------------
[0.03::a0., 0.03::a1., 0.03::a2., 0.03::a3., 0.03::a4., 0.03::a5., 0.03::a6., 0.03::a7., 0.03::a8., 0.03::a9., 0.03::a10., 0.03::a11., 0.03::a12., 0.03::a13., 0.03::a14., qr:-a0., qr:-a1,not nqr., nqr:-a1,not qr., qr:-a2., qr:-a3,not nqr., nqr:-a3,not qr., qr:-a4., qr:-a5,not nqr., nqr:-a5,not qr., qr:-a6., qr:-a7,not nqr., nqr:-a7,not qr., qr:-a8., qr:-a9,not nqr., nqr:-a9,not qr., qr:-a10., qr:-a11,not nqr., nqr:-a11,not qr., qr:-a12., qr:-a13,not nqr., nqr:-a13,not qr., qr:-a14., query(qr).]
tracc
nnf_construction_time: 3.966062545776367
Pre simplification
number of sums: 3583
number of prods: 8319
len(eq): 209
0.693842360995438*v_1*v_11*v_3 - 0.693842360995438*v_1*v_11 - 0.693842360995438*v_1*v_3 + 0.693842360995438*v_1 - 0.693842360995438*v_11*v_3 + 0.693842360995438*v_11 + 0.693842360995438*v_3 + 0.306157639004562
Post simplification
symp_time: 1.6277923583984375
number of sums: 4
number of subs: 3
number of prods: 12
opt_time: 0.08382034301757812
     fun: 0.7314863200498505
     jac: array([1., 1., 1.])
 message: 'Optimization terminated successfully'
    nfev: 4
     nit: 4
    njev: 4
  status: 0
 success: True
       x: array([0.24382877, 0.24382877, 0.24382877])

real	0m6.748s
user	0m6.009s
sys	0m0.600s
Instance: 4
[INFO] aspmc: Tree Decomposition #bags: 30 unfolded treewidth: 4 #vertices: 39
[INFO] aspmc: Preprocessing disabled
[INFO] aspmc:    Stats Compilation
[INFO] aspmc: ------------------------------------------------------------
[INFO] aspmc: X/D-Constrained Tree Decomposition #bags: 42 treewidth: 11 #vertices: 57
[INFO] aspmc: Dtree time:               2.0275871753692627
[INFO] aspmc: Compilation time:         0.028137683868408203
[INFO] aspmc: Preparation time:         0.0001049041748046875
[INFO] aspmc: Counting time:            0.8358962535858154
[INFO] aspmc: ------------------------------------------------------------
[0.03::a0., 0.03::a1., 0.03::a2., 0.03::a3., 0.03::a4., 0.03::a5., 0.03::a6., 0.03::a7., 0.03::a8., 0.03::a9., 0.03::a10., 0.03::a11., 0.03::a12., 0.03::a13., 0.03::a14., qr:-a0., qr:-a1,not nqr., nqr:-a1,not qr., qr:-a2., qr:-a3,not nqr., nqr:-a3,not qr., qr:-a4., qr:-a5,not nqr., nqr:-a5,not qr., qr:-a6., qr:-a7,not nqr., nqr:-a7,not qr., qr:-a8., qr:-a9,not nqr., nqr:-a9,not qr., qr:-a10., qr:-a11,not nqr., nqr:-a11,not qr., qr:-a12., qr:-a13,not nqr., nqr:-a13,not qr., qr:-a14., query(qr).]
tracc
nnf_construction_time: 4.020094156265259
Pre simplification
number of sums: 3583
number of prods: 8319
len(eq): 446
-0.71530140308808*v_1*v_11*v_12*v_3 + 0.71530140308808*v_1*v_11*v_12 + 0.71530140308808*v_1*v_11*v_3 - 0.71530140308808*v_1*v_11 + 0.71530140308808*v_1*v_12*v_3 - 0.71530140308808*v_1*v_12 - 0.71530140308808*v_1*v_3 + 0.71530140308808*v_1 + 0.71530140308808*v_11*v_12*v_3 - 0.71530140308808*v_11*v_12 - 0.71530140308808*v_11*v_3 + 0.71530140308808*v_11 - 0.71530140308808*v_12*v_3 + 0.71530140308808*v_12 + 0.71530140308808*v_3 + 0.28469859691192
Post simplification
symp_time: 1.7317864894866943
number of sums: 9
number of subs: 7
number of prods: 32
opt_time: 0.1961045265197754
     fun: 0.7810217980134158
     jac: array([1., 1., 1., 1.])
 message: 'Optimization terminated successfully'
    nfev: 5
     nit: 5
    njev: 5
  status: 0
 success: True
       x: array([0.19525545, 0.19525545, 0.19525545, 0.19525545])

real	0m7.019s
user	0m6.286s
sys	0m0.575s
Instance: 5
[INFO] aspmc: Tree Decomposition #bags: 30 unfolded treewidth: 4 #vertices: 39
[INFO] aspmc: Preprocessing disabled
[INFO] aspmc:    Stats Compilation
[INFO] aspmc: ------------------------------------------------------------
[INFO] aspmc: X/D-Constrained Tree Decomposition #bags: 42 treewidth: 11 #vertices: 57
[INFO] aspmc: Dtree time:               2.0277490615844727
[INFO] aspmc: Compilation time:         0.028469085693359375
[INFO] aspmc: Preparation time:         0.00010395050048828125
[INFO] aspmc: Counting time:            0.7950692176818848
[INFO] aspmc: ------------------------------------------------------------
[0.03::a0., 0.03::a1., 0.03::a2., 0.03::a3., 0.03::a4., 0.03::a5., 0.03::a6., 0.03::a7., 0.03::a8., 0.03::a9., 0.03::a10., 0.03::a11., 0.03::a12., 0.03::a13., 0.03::a14., qr:-a0., qr:-a1,not nqr., nqr:-a1,not qr., qr:-a2., qr:-a3,not nqr., nqr:-a3,not qr., qr:-a4., qr:-a5,not nqr., nqr:-a5,not qr., qr:-a6., qr:-a7,not nqr., nqr:-a7,not qr., qr:-a8., qr:-a9,not nqr., nqr:-a9,not qr., qr:-a10., qr:-a11,not nqr., nqr:-a11,not qr., qr:-a12., qr:-a13,not nqr., nqr:-a13,not qr., qr:-a14., query(qr).]
tracc
nnf_construction_time: 3.9589922428131104
Pre simplification
number of sums: 3583
number of prods: 8319
len(eq): 989
0.737424126894928*v_1*v_11*v_12*v_3*v_4 - 0.737424126894928*v_1*v_11*v_12*v_3 - 0.737424126894928*v_1*v_11*v_12*v_4 + 0.737424126894928*v_1*v_11*v_12 - 0.737424126894928*v_1*v_11*v_3*v_4 + 0.737424126894928*v_1*v_11*v_3 + 0.737424126894928*v_1*v_11*v_4 - 0.737424126894928*v_1*v_11 - 0.737424126894928*v_1*v_12*v_3*v_4 + 0.737424126894928*v_1*v_12*v_3 + 0.737424126894928*v_1*v_12*v_4 - 0.737424126894928*v_1*v_12 + 0.737424126894928*v_1*v_3*v_4 - 0.737424126894928*v_1*v_3 - 0.737424126894928*v_1*v_4 + 0.737424126894928*v_1 - 0.737424126894928*v_11*v_12*v_3*v_4 + 0.737424126894928*v_11*v_12*v_3 + 0.737424126894928*v_11*v_12*v_4 - 0.737424126894928*v_11*v_12 + 0.737424126894928*v_11*v_3*v_4 - 0.737424126894928*v_11*v_3 - 0.737424126894928*v_11*v_4 + 0.737424126894928*v_11 + 0.737424126894928*v_12*v_3*v_4 - 0.737424126894928*v_12*v_3 - 0.737424126894928*v_12*v_4 + 0.737424126894928*v_12 - 0.737424126894928*v_3*v_4 + 0.737424126894928*v_3 + 0.737424126894928*v_4 + 0.262575873105072
Post simplification
symp_time: 1.8965513706207275
number of sums: 16
number of subs: 15
number of prods: 80
opt_time: 0.4254908561706543
     fun: 0.8231316525984439
     jac: array([1., 1., 1., 1., 1.])
 message: 'Optimization terminated successfully'
    nfev: 5
     nit: 5
    njev: 5
  status: 0
 success: True
       x: array([0.16462633, 0.16462633, 0.16462633, 0.16462633, 0.16462633])

real	0m7.364s
user	0m6.679s
sys	0m0.561s
Instance: 6
[INFO] aspmc: Tree Decomposition #bags: 30 unfolded treewidth: 4 #vertices: 39
[INFO] aspmc: Preprocessing disabled
[INFO] aspmc:    Stats Compilation
[INFO] aspmc: ------------------------------------------------------------
[INFO] aspmc: X/D-Constrained Tree Decomposition #bags: 42 treewidth: 11 #vertices: 57
[INFO] aspmc: Dtree time:               2.0284550189971924
[INFO] aspmc: Compilation time:         0.028911352157592773
[INFO] aspmc: Preparation time:         0.000102996826171875
[INFO] aspmc: Counting time:            0.7821240425109863
[INFO] aspmc: ------------------------------------------------------------
[0.03::a0., 0.03::a1., 0.03::a2., 0.03::a3., 0.03::a4., 0.03::a5., 0.03::a6., 0.03::a7., 0.03::a8., 0.03::a9., 0.03::a10., 0.03::a11., 0.03::a12., 0.03::a13., 0.03::a14., qr:-a0., qr:-a1,not nqr., nqr:-a1,not qr., qr:-a2., qr:-a3,not nqr., nqr:-a3,not qr., qr:-a4., qr:-a5,not nqr., nqr:-a5,not qr., qr:-a6., qr:-a7,not nqr., nqr:-a7,not qr., qr:-a8., qr:-a9,not nqr., nqr:-a9,not qr., qr:-a10., qr:-a11,not nqr., nqr:-a11,not qr., qr:-a12., qr:-a13,not nqr., nqr:-a13,not qr., qr:-a14., query(qr).]
tracc
nnf_construction_time: 3.9487438201904297
Pre simplification
number of sums: 3583
number of prods: 8319
len(eq): 1095
v_11*(1.0*v_1*(-0.88529281*v_3*(v_4 - 1) + 0.88529281*v_4 + 0.0265587843*(v_3 - 1)*(v_4 - 1) + 0.11470719) - 1.0*(v_1 - 1)*(-0.88529281*v_3*(v_4 - 1) + 0.88529281*v_4 + 0.0265587843*(v_3 - 1)*(v_4 - 1) + 0.11470719) + 0.8587340257*(v_3 - 1)*(v_4 - 1)) - (v_11 - 1)*(v_12*(1.0*v_1*(-0.88529281*v_3*(v_4 - 1) + 0.88529281*v_4 + 0.0265587843*(v_3 - 1)*(v_4 - 1) + 0.11470719) - 1.0*(v_1 - 1)*(-0.88529281*v_3*(v_4 - 1) + 0.88529281*v_4 + 0.0265587843*(v_3 - 1)*(v_4 - 1) + 0.11470719) + 0.8587340257*(v_3 - 1)*(v_4 - 1)) - (v_12 - 1)*(v_13*(1.0*v_1*(-0.88529281*v_3*(v_4 - 1) + 0.88529281*v_4 + 0.0265587843*(v_3 - 1)*(v_4 - 1) + 0.11470719) - 1.0*(v_1 - 1)*(-0.88529281*v_3*(v_4 - 1) + 0.88529281*v_4 + 0.0265587843*(v_3 - 1)*(v_4 - 1) + 0.11470719) + 0.8587340257*(v_3 - 1)*(v_4 - 1)) - (v_13 - 1)*(0.760231058654565*v_1*(v_3 - 1)*(v_4 - 1) + 1.0*v_1*(-0.88529281*v_3*(v_4 - 1) + 0.88529281*v_4 + 0.0265587843*(v_3 - 1)*(v_4 - 1) + 0.11470719) - 1.0*(v_1 - 1)*(-0.88529281*v_3*(v_4 - 1) + 0.88529281*v_4 + 0.0265587843*(v_3 - 1)*(v_4 - 1) + 0.11470719) + 0.0985029670454348*(v_3 - 1)*(v_4 - 1))))
Post simplification
symp_time: 2.423585891723633
number of sums: 29
number of subs: 56
number of prods: 73
opt_time: 0.7731566429138184
     fun: 0.8613718528560741
     jac: array([1., 1., 1., 1., 1., 1.])
 message: 'Optimization terminated successfully'
    nfev: 6
     nit: 6
    njev: 6
  status: 0
 success: True
       x: array([0.14356198, 0.14356198, 0.14356198, 0.14356198, 0.14356198,
       0.14356198])

real	0m8.227s
user	0m7.499s
sys	0m0.608s
Instance: 7
[INFO] aspmc: Tree Decomposition #bags: 30 unfolded treewidth: 4 #vertices: 39
[INFO] aspmc: Preprocessing disabled
[INFO] aspmc:    Stats Compilation
[INFO] aspmc: ------------------------------------------------------------
[INFO] aspmc: X/D-Constrained Tree Decomposition #bags: 42 treewidth: 11 #vertices: 57
[INFO] aspmc: Dtree time:               2.0276012420654297
[INFO] aspmc: Compilation time:         0.028725624084472656
[INFO] aspmc: Preparation time:         0.00010561943054199219
[INFO] aspmc: Counting time:            0.7873313426971436
[INFO] aspmc: ------------------------------------------------------------
/home/dazzolin/anaconda3/lib/python3.9/site-packages/scipy/optimize/optimize.py:282: RuntimeWarning: Values in x were outside bounds during a minimize step, clipping to bounds
  warnings.warn("Values in x were outside bounds during a "
[0.03::a0., 0.03::a1., 0.03::a2., 0.03::a3., 0.03::a4., 0.03::a5., 0.03::a6., 0.03::a7., 0.03::a8., 0.03::a9., 0.03::a10., 0.03::a11., 0.03::a12., 0.03::a13., 0.03::a14., qr:-a0., qr:-a1,not nqr., nqr:-a1,not qr., qr:-a2., qr:-a3,not nqr., nqr:-a3,not qr., qr:-a4., qr:-a5,not nqr., nqr:-a5,not qr., qr:-a6., qr:-a7,not nqr., nqr:-a7,not qr., qr:-a8., qr:-a9,not nqr., nqr:-a9,not qr., qr:-a10., qr:-a11,not nqr., nqr:-a11,not qr., qr:-a12., qr:-a13,not nqr., nqr:-a13,not qr., qr:-a14., query(qr).]
tracc
nnf_construction_time: 3.9477171897888184
Pre simplification
number of sums: 3583
number of prods: 8319
len(eq): 1430
-v_11*(-1.0*v_1*(0.912673*v_3*(v_4 - 1)*(v_5 - 1) + 0.912673*v_4 - 0.912673*v_5*(v_4 - 1) - 0.02738019*(v_3 - 1)*(v_4 - 1)*(v_5 - 1) + 0.087327) + 1.0*(v_1 - 1)*(0.912673*v_3*(v_4 - 1)*(v_5 - 1) + 0.912673*v_4 - 0.912673*v_5*(v_4 - 1) - 0.02738019*(v_3 - 1)*(v_4 - 1)*(v_5 - 1) + 0.087327) + 0.88529281*(v_3 - 1)*(v_4 - 1)*(v_5 - 1)) + (v_11 - 1)*(v_12*(-1.0*v_1*(0.912673*v_3*(v_4 - 1)*(v_5 - 1) + 0.912673*v_4 - 0.912673*v_5*(v_4 - 1) - 0.02738019*(v_3 - 1)*(v_4 - 1)*(v_5 - 1) + 0.087327) + 1.0*(v_1 - 1)*(0.912673*v_3*(v_4 - 1)*(v_5 - 1) + 0.912673*v_4 - 0.912673*v_5*(v_4 - 1) - 0.02738019*(v_3 - 1)*(v_4 - 1)*(v_5 - 1) + 0.087327) + 0.88529281*(v_3 - 1)*(v_4 - 1)*(v_5 - 1)) - (v_12 - 1)*(v_13*(-1.0*v_1*(0.912673*v_3*(v_4 - 1)*(v_5 - 1) + 0.912673*v_4 - 0.912673*v_5*(v_4 - 1) - 0.02738019*(v_3 - 1)*(v_4 - 1)*(v_5 - 1) + 0.087327) + 1.0*(v_1 - 1)*(0.912673*v_3*(v_4 - 1)*(v_5 - 1) + 0.912673*v_4 - 0.912673*v_5*(v_4 - 1) - 0.02738019*(v_3 - 1)*(v_4 - 1)*(v_5 - 1) + 0.087327) + 0.88529281*(v_3 - 1)*(v_4 - 1)*(v_5 - 1)) - (v_13 - 1)*(0.783743359437696*v_1*(v_3 - 1)*(v_4 - 1)*(v_5 - 1) - 1.0*v_1*(0.912673*v_3*(v_4 - 1)*(v_5 - 1) + 0.912673*v_4 - 0.912673*v_5*(v_4 - 1) - 0.02738019*(v_3 - 1)*(v_4 - 1)*(v_5 - 1) + 0.087327) + 1.0*(v_1 - 1)*(0.912673*v_3*(v_4 - 1)*(v_5 - 1) + 0.912673*v_4 - 0.912673*v_5*(v_4 - 1) - 0.02738019*(v_3 - 1)*(v_4 - 1)*(v_5 - 1) + 0.087327) + 0.101549450562304*(v_3 - 1)*(v_4 - 1)*(v_5 - 1))))
Post simplification
symp_time: 3.168334484100342
number of sums: 25
number of subs: 93
number of prods: 110
opt_time: 1.4423153400421143
     fun: 0.897341127089767
     jac: array([1., 1., 1., 1., 1., 1., 1.])
 message: 'Optimization terminated successfully'
    nfev: 9
     nit: 7
    njev: 7
  status: 0
 success: True
       x: array([0.12819159, 0.12819159, 0.12819159, 0.12819159, 0.12819159,
       0.12819159, 0.12819159])

real	0m9.619s
user	0m8.927s
sys	0m0.554s
Instance: 8
[INFO] aspmc: Tree Decomposition #bags: 30 unfolded treewidth: 4 #vertices: 39
[INFO] aspmc: Preprocessing disabled
[INFO] aspmc:    Stats Compilation
[INFO] aspmc: ------------------------------------------------------------
[INFO] aspmc: X/D-Constrained Tree Decomposition #bags: 42 treewidth: 11 #vertices: 57
[INFO] aspmc: Dtree time:               2.027971029281616
[INFO] aspmc: Compilation time:         0.02886509895324707
[INFO] aspmc: Preparation time:         0.00010895729064941406
[INFO] aspmc: Counting time:            0.7781634330749512
[INFO] aspmc: ------------------------------------------------------------
/home/dazzolin/anaconda3/lib/python3.9/site-packages/scipy/optimize/optimize.py:282: RuntimeWarning: Values in x were outside bounds during a minimize step, clipping to bounds
  warnings.warn("Values in x were outside bounds during a "
[0.03::a0., 0.03::a1., 0.03::a2., 0.03::a3., 0.03::a4., 0.03::a5., 0.03::a6., 0.03::a7., 0.03::a8., 0.03::a9., 0.03::a10., 0.03::a11., 0.03::a12., 0.03::a13., 0.03::a14., qr:-a0., qr:-a1,not nqr., nqr:-a1,not qr., qr:-a2., qr:-a3,not nqr., nqr:-a3,not qr., qr:-a4., qr:-a5,not nqr., nqr:-a5,not qr., qr:-a6., qr:-a7,not nqr., nqr:-a7,not qr., qr:-a8., qr:-a9,not nqr., nqr:-a9,not qr., qr:-a10., qr:-a11,not nqr., nqr:-a11,not qr., qr:-a12., qr:-a13,not nqr., nqr:-a13,not qr., qr:-a14., query(qr).]
tracc
nnf_construction_time: 3.9412682056427
Pre simplification
number of sums: 3583
number of prods: 8319
len(eq): 1775
v_11*(1.0*v_1*(0.912673*v_3*(v_4 - 1)*(v_5 - 1) + 0.912673*v_4 - 0.912673*v_5*(v_4 - 1) - 0.02738019*(v_3 - 1)*(v_4 - 1)*(v_5 - 1) + 0.087327) - 1.0*(v_1 - 1)*(0.912673*v_3*(v_4 - 1)*(v_5 - 1) + 0.912673*v_4 - 0.912673*v_5*(v_4 - 1) - 0.02738019*(v_3 - 1)*(v_4 - 1)*(v_5 - 1) + 0.087327) - 0.88529281*(v_3 - 1)*(v_4 - 1)*(v_5 - 1)) - (v_11 - 1)*(-v_12*(-1.0*v_1*(0.912673*v_3*(v_4 - 1)*(v_5 - 1) + 0.912673*v_4 - 0.912673*v_5*(v_4 - 1) - 0.02738019*(v_3 - 1)*(v_4 - 1)*(v_5 - 1) + 0.087327) + 1.0*(v_1 - 1)*(0.912673*v_3*(v_4 - 1)*(v_5 - 1) + 0.912673*v_4 - 0.912673*v_5*(v_4 - 1) - 0.02738019*(v_3 - 1)*(v_4 - 1)*(v_5 - 1) + 0.087327) + 0.88529281*(v_3 - 1)*(v_4 - 1)*(v_5 - 1)) + (v_12 - 1)*(v_13*(-1.0*v_1*(0.912673*v_3*(v_4 - 1)*(v_5 - 1) + 0.912673*v_4 - 0.912673*v_5*(v_4 - 1) - 0.02738019*(v_3 - 1)*(v_4 - 1)*(v_5 - 1) + 0.087327) + 1.0*(v_1 - 1)*(0.912673*v_3*(v_4 - 1)*(v_5 - 1) + 0.912673*v_4 - 0.912673*v_5*(v_4 - 1) - 0.02738019*(v_3 - 1)*(v_4 - 1)*(v_5 - 1) + 0.087327) + 0.88529281*(v_3 - 1)*(v_4 - 1)*(v_5 - 1)) - (v_13 - 1)*(v_14*(-1.0*v_1*(0.912673*v_3*(v_4 - 1)*(v_5 - 1) + 0.912673*v_4 - 0.912673*v_5*(v_4 - 1) - 0.02738019*(v_3 - 1)*(v_4 - 1)*(v_5 - 1) + 0.087327) + 1.0*(v_1 - 1)*(0.912673*v_3*(v_4 - 1)*(v_5 - 1) + 0.912673*v_4 - 0.912673*v_5*(v_4 - 1) - 0.02738019*(v_3 - 1)*(v_4 - 1)*(v_5 - 1) + 0.087327) + 0.88529281*(v_3 - 1)*(v_4 - 1)*(v_5 - 1)) - (v_14 - 1)*(0.80798284478113*v_1*(v_3 - 1)*(v_4 - 1)*(v_5 - 1) - 1.0*v_1*(0.912673*v_3*(v_4 - 1)*(v_5 - 1) + 0.912673*v_4 - 0.912673*v_5*(v_4 - 1) - 0.02738019*(v_3 - 1)*(v_4 - 1)*(v_5 - 1) + 0.087327) + 1.0*(v_1 - 1)*(0.912673*v_3*(v_4 - 1)*(v_5 - 1) + 0.912673*v_4 - 0.912673*v_5*(v_4 - 1) - 0.02738019*(v_3 - 1)*(v_4 - 1)*(v_5 - 1) + 0.087327) + 0.07730996521887*(v_3 - 1)*(v_4 - 1)*(v_5 - 1)))))
Post simplification
symp_time: 5.023972749710083
number of sums: 29
number of subs: 117
number of prods: 137
opt_time: 1.9713664054870605
     fun: 0.9318643408206635
     jac: array([1., 1., 1., 1., 1., 1., 1., 1.])
 message: 'Optimization terminated successfully'
    nfev: 9
     nit: 7
    njev: 7
  status: 0
 success: True
       x: array([0.11648304, 0.11648304, 0.11648304, 0.11648304, 0.11648304,
       0.11648304, 0.11648304, 0.11648304])

real	0m12.033s
user	0m11.284s
sys	0m0.595s
Instance: 9
[INFO] aspmc: Tree Decomposition #bags: 30 unfolded treewidth: 4 #vertices: 39
[INFO] aspmc: Preprocessing disabled
[INFO] aspmc:    Stats Compilation
[INFO] aspmc: ------------------------------------------------------------
[INFO] aspmc: X/D-Constrained Tree Decomposition #bags: 42 treewidth: 11 #vertices: 57
[INFO] aspmc: Dtree time:               2.028331756591797
[INFO] aspmc: Compilation time:         0.02838420867919922
[INFO] aspmc: Preparation time:         0.00011777877807617188
[INFO] aspmc: Counting time:            0.8260221481323242
[INFO] aspmc: ------------------------------------------------------------
/home/dazzolin/anaconda3/lib/python3.9/site-packages/scipy/optimize/optimize.py:282: RuntimeWarning: Values in x were outside bounds during a minimize step, clipping to bounds
  warnings.warn("Values in x were outside bounds during a "
[0.03::a0., 0.03::a1., 0.03::a2., 0.03::a3., 0.03::a4., 0.03::a5., 0.03::a6., 0.03::a7., 0.03::a8., 0.03::a9., 0.03::a10., 0.03::a11., 0.03::a12., 0.03::a13., 0.03::a14., qr:-a0., qr:-a1,not nqr., nqr:-a1,not qr., qr:-a2., qr:-a3,not nqr., nqr:-a3,not qr., qr:-a4., qr:-a5,not nqr., nqr:-a5,not qr., qr:-a6., qr:-a7,not nqr., nqr:-a7,not qr., qr:-a8., qr:-a9,not nqr., nqr:-a9,not qr., qr:-a10., qr:-a11,not nqr., nqr:-a11,not qr., qr:-a12., qr:-a13,not nqr., nqr:-a13,not qr., qr:-a14., query(qr).]
tracc
nnf_construction_time: 3.9894468784332275
Pre simplification
number of sums: 3583
number of prods: 8319
len(eq): 2259
v_11*(1.0*v_1*(-0.9409*v_3*(v_4 - 1)*(v_5 - 1)*(v_6 - 1) - 0.9409*v_4*(v_6 - 1) + 0.9409*v_5*(v_4 - 1)*(v_6 - 1) + 0.9409*v_6 + 0.028227*(v_3 - 1)*(v_4 - 1)*(v_5 - 1)*(v_6 - 1) + 0.0591) - 1.0*(v_1 - 1)*(-0.9409*v_3*(v_4 - 1)*(v_5 - 1)*(v_6 - 1) - 0.9409*v_4*(v_6 - 1) + 0.9409*v_5*(v_4 - 1)*(v_6 - 1) + 0.9409*v_6 + 0.028227*(v_3 - 1)*(v_4 - 1)*(v_5 - 1)*(v_6 - 1) + 0.0591) + 0.912673*(v_3 - 1)*(v_4 - 1)*(v_5 - 1)*(v_6 - 1)) - (v_11 - 1)*(v_12*(1.0*v_1*(-0.9409*v_3*(v_4 - 1)*(v_5 - 1)*(v_6 - 1) - 0.9409*v_4*(v_6 - 1) + 0.9409*v_5*(v_4 - 1)*(v_6 - 1) + 0.9409*v_6 + 0.028227*(v_3 - 1)*(v_4 - 1)*(v_5 - 1)*(v_6 - 1) + 0.0591) - 1.0*(v_1 - 1)*(-0.9409*v_3*(v_4 - 1)*(v_5 - 1)*(v_6 - 1) - 0.9409*v_4*(v_6 - 1) + 0.9409*v_5*(v_4 - 1)*(v_6 - 1) + 0.9409*v_6 + 0.028227*(v_3 - 1)*(v_4 - 1)*(v_5 - 1)*(v_6 - 1) + 0.0591) + 0.912673*(v_3 - 1)*(v_4 - 1)*(v_5 - 1)*(v_6 - 1)) - (v_12 - 1)*(v_13*(1.0*v_1*(-0.9409*v_3*(v_4 - 1)*(v_5 - 1)*(v_6 - 1) - 0.9409*v_4*(v_6 - 1) + 0.9409*v_5*(v_4 - 1)*(v_6 - 1) + 0.9409*v_6 + 0.028227*(v_3 - 1)*(v_4 - 1)*(v_5 - 1)*(v_6 - 1) + 0.0591) - 1.0*(v_1 - 1)*(-0.9409*v_3*(v_4 - 1)*(v_5 - 1)*(v_6 - 1) - 0.9409*v_4*(v_6 - 1) + 0.9409*v_5*(v_4 - 1)*(v_6 - 1) + 0.9409*v_6 + 0.028227*(v_3 - 1)*(v_4 - 1)*(v_5 - 1)*(v_6 - 1) + 0.0591) + 0.912673*(v_3 - 1)*(v_4 - 1)*(v_5 - 1)*(v_6 - 1)) - (v_13 - 1)*(v_14*(1.0*v_1*(-0.9409*v_3*(v_4 - 1)*(v_5 - 1)*(v_6 - 1) - 0.9409*v_4*(v_6 - 1) + 0.9409*v_5*(v_4 - 1)*(v_6 - 1) + 0.9409*v_6 + 0.028227*(v_3 - 1)*(v_4 - 1)*(v_5 - 1)*(v_6 - 1) + 0.0591) - 1.0*(v_1 - 1)*(-0.9409*v_3*(v_4 - 1)*(v_5 - 1)*(v_6 - 1) - 0.9409*v_4*(v_6 - 1) + 0.9409*v_5*(v_4 - 1)*(v_6 - 1) + 0.9409*v_6 + 0.028227*(v_3 - 1)*(v_4 - 1)*(v_5 - 1)*(v_6 - 1) + 0.0591) + 0.912673*(v_3 - 1)*(v_4 - 1)*(v_5 - 1)*(v_6 - 1)) - (v_14 - 1)*(0.832972004929*v_1*(v_3 - 1)*(v_4 - 1)*(v_5 - 1)*(v_6 - 1) + 1.0*v_1*(-0.9409*v_3*(v_4 - 1)*(v_5 - 1)*(v_6 - 1) - 0.9409*v_4*(v_6 - 1) + 0.9409*v_5*(v_4 - 1)*(v_6 - 1) + 0.9409*v_6 + 0.028227*(v_3 - 1)*(v_4 - 1)*(v_5 - 1)*(v_6 - 1) + 0.0591) - 1.0*(v_1 - 1)*(-0.9409*v_3*(v_4 - 1)*(v_5 - 1)*(v_6 - 1) - 0.9409*v_4*(v_6 - 1) + 0.9409*v_5*(v_4 - 1)*(v_6 - 1) + 0.9409*v_6 + 0.028227*(v_3 - 1)*(v_4 - 1)*(v_5 - 1)*(v_6 - 1) + 0.0591) + 0.079700995071*(v_3 - 1)*(v_4 - 1)*(v_5 - 1)*(v_6 - 1)))))
Post simplification
symp_time: 8.795857429504395
number of sums: 46
number of subs: 162
number of prods: 193
opt_time: 3.037653684616089
     fun: 0.9654100923586328
     jac: array([1., 1., 1., 1., 1., 1., 1., 1., 1.])
 message: 'Optimization terminated successfully'
    nfev: 9
     nit: 7
    njev: 7
  status: 0
 success: True
       x: array([0.10726779, 0.10726779, 0.10726779, 0.10726779, 0.10726779,
       0.10726779, 0.10726779, 0.10726779, 0.10726779])

real	0m16.964s
user	0m16.184s
sys	0m0.644s
Instance: 10
[INFO] aspmc: Tree Decomposition #bags: 30 unfolded treewidth: 4 #vertices: 39
[INFO] aspmc: Preprocessing disabled
[INFO] aspmc:    Stats Compilation
[INFO] aspmc: ------------------------------------------------------------
[INFO] aspmc: X/D-Constrained Tree Decomposition #bags: 42 treewidth: 11 #vertices: 57
[INFO] aspmc: Dtree time:               2.0294995307922363
[INFO] aspmc: Compilation time:         0.029619455337524414
[INFO] aspmc: Preparation time:         0.00010943412780761719
[INFO] aspmc: Counting time:            0.8251125812530518
[INFO] aspmc: ------------------------------------------------------------
/home/dazzolin/anaconda3/lib/python3.9/site-packages/scipy/optimize/optimize.py:282: RuntimeWarning: Values in x were outside bounds during a minimize step, clipping to bounds
  warnings.warn("Values in x were outside bounds during a "
[0.03::a0., 0.03::a1., 0.03::a2., 0.03::a3., 0.03::a4., 0.03::a5., 0.03::a6., 0.03::a7., 0.03::a8., 0.03::a9., 0.03::a10., 0.03::a11., 0.03::a12., 0.03::a13., 0.03::a14., qr:-a0., qr:-a1,not nqr., nqr:-a1,not qr., qr:-a2., qr:-a3,not nqr., nqr:-a3,not qr., qr:-a4., qr:-a5,not nqr., nqr:-a5,not qr., qr:-a6., qr:-a7,not nqr., nqr:-a7,not qr., qr:-a8., qr:-a9,not nqr., nqr:-a9,not qr., qr:-a10., qr:-a11,not nqr., nqr:-a11,not qr., qr:-a12., qr:-a13,not nqr., nqr:-a13,not qr., qr:-a14., query(qr).]
tracc
nnf_construction_time: 3.9942150115966797
Pre simplification
number of sums: 3583
number of prods: 8319
len(eq): 2698
v_11*(1.0*v_1*(-0.9409*v_3*(v_4 - 1)*(v_5 - 1)*(v_6 - 1) - 0.9409*v_4*(v_6 - 1) + 0.9409*v_5*(v_4 - 1)*(v_6 - 1) + 0.9409*v_6 + 0.028227*(v_3 - 1)*(v_4 - 1)*(v_5 - 1)*(v_6 - 1) + 0.0591) - 1.0*(v_1 - 1)*(-0.9409*v_3*(v_4 - 1)*(v_5 - 1)*(v_6 - 1) - 0.9409*v_4*(v_6 - 1) + 0.9409*v_5*(v_4 - 1)*(v_6 - 1) + 0.9409*v_6 + 0.028227*(v_3 - 1)*(v_4 - 1)*(v_5 - 1)*(v_6 - 1) + 0.0591) + 0.912673*(v_3 - 1)*(v_4 - 1)*(v_5 - 1)*(v_6 - 1)) - (v_11 - 1)*(v_12*(1.0*v_1*(-0.9409*v_3*(v_4 - 1)*(v_5 - 1)*(v_6 - 1) - 0.9409*v_4*(v_6 - 1) + 0.9409*v_5*(v_4 - 1)*(v_6 - 1) + 0.9409*v_6 + 0.028227*(v_3 - 1)*(v_4 - 1)*(v_5 - 1)*(v_6 - 1) + 0.0591) - 1.0*(v_1 - 1)*(-0.9409*v_3*(v_4 - 1)*(v_5 - 1)*(v_6 - 1) - 0.9409*v_4*(v_6 - 1) + 0.9409*v_5*(v_4 - 1)*(v_6 - 1) + 0.9409*v_6 + 0.028227*(v_3 - 1)*(v_4 - 1)*(v_5 - 1)*(v_6 - 1) + 0.0591) + 0.912673*(v_3 - 1)*(v_4 - 1)*(v_5 - 1)*(v_6 - 1)) - (v_12 - 1)*(v_13*(1.0*v_1*(-0.9409*v_3*(v_4 - 1)*(v_5 - 1)*(v_6 - 1) - 0.9409*v_4*(v_6 - 1) + 0.9409*v_5*(v_4 - 1)*(v_6 - 1) + 0.9409*v_6 + 0.028227*(v_3 - 1)*(v_4 - 1)*(v_5 - 1)*(v_6 - 1) + 0.0591) - 1.0*(v_1 - 1)*(-0.9409*v_3*(v_4 - 1)*(v_5 - 1)*(v_6 - 1) - 0.9409*v_4*(v_6 - 1) + 0.9409*v_5*(v_4 - 1)*(v_6 - 1) + 0.9409*v_6 + 0.028227*(v_3 - 1)*(v_4 - 1)*(v_5 - 1)*(v_6 - 1) + 0.0591) + 0.912673*(v_3 - 1)*(v_4 - 1)*(v_5 - 1)*(v_6 - 1)) - (v_13 - 1)*(v_14*(1.0*v_1*(-0.9409*v_3*(v_4 - 1)*(v_5 - 1)*(v_6 - 1) - 0.9409*v_4*(v_6 - 1) + 0.9409*v_5*(v_4 - 1)*(v_6 - 1) + 0.9409*v_6 + 0.028227*(v_3 - 1)*(v_4 - 1)*(v_5 - 1)*(v_6 - 1) + 0.0591) - 1.0*(v_1 - 1)*(-0.9409*v_3*(v_4 - 1)*(v_5 - 1)*(v_6 - 1) - 0.9409*v_4*(v_6 - 1) + 0.9409*v_5*(v_4 - 1)*(v_6 - 1) + 0.9409*v_6 + 0.028227*(v_3 - 1)*(v_4 - 1)*(v_5 - 1)*(v_6 - 1) + 0.0591) + 0.912673*(v_3 - 1)*(v_4 - 1)*(v_5 - 1)*(v_6 - 1)) - (v_14 - 1)*(v_15*(1.0*v_1*(-0.9409*v_3*(v_4 - 1)*(v_5 - 1)*(v_6 - 1) - 0.9409*v_4*(v_6 - 1) + 0.9409*v_5*(v_4 - 1)*(v_6 - 1) + 0.9409*v_6 + 0.028227*(v_3 - 1)*(v_4 - 1)*(v_5 - 1)*(v_6 - 1) + 0.0591) - 1.0*(v_1 - 1)*(-0.9409*v_3*(v_4 - 1)*(v_5 - 1)*(v_6 - 1) - 0.9409*v_4*(v_6 - 1) + 0.9409*v_5*(v_4 - 1)*(v_6 - 1) + 0.9409*v_6 + 0.028227*(v_3 - 1)*(v_4 - 1)*(v_5 - 1)*(v_6 - 1) + 0.0591) + 0.912673*(v_3 - 1)*(v_4 - 1)*(v_5 - 1)*(v_6 - 1)) - (v_15 - 1)*(0.8587340257*v_1*(v_3 - 1)*(v_4 - 1)*(v_5 - 1)*(v_6 - 1) + 1.0*v_1*(-0.9409*v_3*(v_4 - 1)*(v_5 - 1)*(v_6 - 1) - 0.9409*v_4*(v_6 - 1) + 0.9409*v_5*(v_4 - 1)*(v_6 - 1) + 0.9409*v_6 + 0.028227*(v_3 - 1)*(v_4 - 1)*(v_5 - 1)*(v_6 - 1) + 0.0591) - 1.0*(v_1 - 1)*(-0.9409*v_3*(v_4 - 1)*(v_5 - 1)*(v_6 - 1) - 0.9409*v_4*(v_6 - 1) + 0.9409*v_5*(v_4 - 1)*(v_6 - 1) + 0.9409*v_6 + 0.028227*(v_3 - 1)*(v_4 - 1)*(v_5 - 1)*(v_6 - 1) + 0.0591) + 0.0539389743*(v_3 - 1)*(v_4 - 1)*(v_5 - 1)*(v_6 - 1))))))
Post simplification
symp_time: 17.351734161376953
number of sums: 55
number of subs: 194
number of prods: 231
opt_time: 3.786677598953247
     fun: 0.9982642818766929
     jac: array([1., 1., 1., 1., 1., 1., 1., 1., 1., 1.])
 message: 'Optimization terminated successfully'
    nfev: 9
     nit: 7
    njev: 7
  status: 0
 success: True
       x: array([0.09982643, 0.09982643, 0.09982643, 0.09982643, 0.09982643,
       0.09982643, 0.09982643, 0.09982643, 0.09982643, 0.09982643])

real	0m26.465s
user	0m25.462s
sys	0m0.676s
Instance: 11
[INFO] aspmc: Tree Decomposition #bags: 30 unfolded treewidth: 4 #vertices: 39
[INFO] aspmc: Preprocessing disabled
[INFO] aspmc:    Stats Compilation
[INFO] aspmc: ------------------------------------------------------------
[INFO] aspmc: X/D-Constrained Tree Decomposition #bags: 42 treewidth: 11 #vertices: 57
[INFO] aspmc: Dtree time:               2.028395414352417
[INFO] aspmc: Compilation time:         0.028549909591674805
[INFO] aspmc: Preparation time:         0.000110626220703125
[INFO] aspmc: Counting time:            0.7921202182769775
[INFO] aspmc: ------------------------------------------------------------
/home/dazzolin/anaconda3/lib/python3.9/site-packages/scipy/optimize/optimize.py:282: RuntimeWarning: Values in x were outside bounds during a minimize step, clipping to bounds
  warnings.warn("Values in x were outside bounds during a "
[0.03::a0., 0.03::a1., 0.03::a2., 0.03::a3., 0.03::a4., 0.03::a5., 0.03::a6., 0.03::a7., 0.03::a8., 0.03::a9., 0.03::a10., 0.03::a11., 0.03::a12., 0.03::a13., 0.03::a14., qr:-a0., qr:-a1,not nqr., nqr:-a1,not qr., qr:-a2., qr:-a3,not nqr., nqr:-a3,not qr., qr:-a4., qr:-a5,not nqr., nqr:-a5,not qr., qr:-a6., qr:-a7,not nqr., nqr:-a7,not qr., qr:-a8., qr:-a9,not nqr., nqr:-a9,not qr., qr:-a10., qr:-a11,not nqr., nqr:-a11,not qr., qr:-a12., qr:-a13,not nqr., nqr:-a13,not qr., qr:-a14., query(qr).]
tracc
nnf_construction_time: 3.9556729793548584
Pre simplification
number of sums: 3583
number of prods: 8319
len(eq): 2782
v_11*(1.0*v_1*(-0.9409*v_3*(v_4 - 1)*(v_5 - 1)*(v_6 - 1) - 0.9409*v_4*(v_6 - 1) + 0.9409*v_5*(v_4 - 1)*(v_6 - 1) + 0.9409*v_6 + 0.9409*v_7*(v_3 - 1)*(v_4 - 1)*(v_5 - 1)*(v_6 - 1) + 0.0591) - 1.0*(v_1 - 1)*(-0.9409*v_3*(v_4 - 1)*(v_5 - 1)*(v_6 - 1) - 0.9409*v_4*(v_6 - 1) + 0.9409*v_5*(v_4 - 1)*(v_6 - 1) + 0.9409*v_6 + 0.9409*v_7*(v_3 - 1)*(v_4 - 1)*(v_5 - 1)*(v_6 - 1) + 0.0591) - 0.9409*(v_3 - 1)*(v_4 - 1)*(v_5 - 1)*(v_6 - 1)*(v_7 - 1)) - (v_11 - 1)*(v_12*(1.0*v_1*(-0.9409*v_3*(v_4 - 1)*(v_5 - 1)*(v_6 - 1) - 0.9409*v_4*(v_6 - 1) + 0.9409*v_5*(v_4 - 1)*(v_6 - 1) + 0.9409*v_6 + 0.9409*v_7*(v_3 - 1)*(v_4 - 1)*(v_5 - 1)*(v_6 - 1) + 0.0591) - 1.0*(v_1 - 1)*(-0.9409*v_3*(v_4 - 1)*(v_5 - 1)*(v_6 - 1) - 0.9409*v_4*(v_6 - 1) + 0.9409*v_5*(v_4 - 1)*(v_6 - 1) + 0.9409*v_6 + 0.9409*v_7*(v_3 - 1)*(v_4 - 1)*(v_5 - 1)*(v_6 - 1) + 0.0591) - 0.9409*(v_3 - 1)*(v_4 - 1)*(v_5 - 1)*(v_6 - 1)*(v_7 - 1)) - (v_12 - 1)*(-v_13*(-1.0*v_1*(-0.9409*v_3*(v_4 - 1)*(v_5 - 1)*(v_6 - 1) - 0.9409*v_4*(v_6 - 1) + 0.9409*v_5*(v_4 - 1)*(v_6 - 1) + 0.9409*v_6 + 0.9409*v_7*(v_3 - 1)*(v_4 - 1)*(v_5 - 1)*(v_6 - 1) + 0.0591) + 1.0*(v_1 - 1)*(-0.9409*v_3*(v_4 - 1)*(v_5 - 1)*(v_6 - 1) - 0.9409*v_4*(v_6 - 1) + 0.9409*v_5*(v_4 - 1)*(v_6 - 1) + 0.9409*v_6 + 0.9409*v_7*(v_3 - 1)*(v_4 - 1)*(v_5 - 1)*(v_6 - 1) + 0.0591) + 0.9409*(v_3 - 1)*(v_4 - 1)*(v_5 - 1)*(v_6 - 1)*(v_7 - 1)) + (v_13 - 1)*(v_14*(-1.0*v_1*(-0.9409*v_3*(v_4 - 1)*(v_5 - 1)*(v_6 - 1) - 0.9409*v_4*(v_6 - 1) + 0.9409*v_5*(v_4 - 1)*(v_6 - 1) + 0.9409*v_6 + 0.9409*v_7*(v_3 - 1)*(v_4 - 1)*(v_5 - 1)*(v_6 - 1) + 0.0591) + 1.0*(v_1 - 1)*(-0.9409*v_3*(v_4 - 1)*(v_5 - 1)*(v_6 - 1) - 0.9409*v_4*(v_6 - 1) + 0.9409*v_5*(v_4 - 1)*(v_6 - 1) + 0.9409*v_6 + 0.9409*v_7*(v_3 - 1)*(v_4 - 1)*(v_5 - 1)*(v_6 - 1) + 0.0591) + 0.9409*(v_3 - 1)*(v_4 - 1)*(v_5 - 1)*(v_6 - 1)*(v_7 - 1)) - (v_14 - 1)*(v_15*(-1.0*v_1*(-0.9409*v_3*(v_4 - 1)*(v_5 - 1)*(v_6 - 1) - 0.9409*v_4*(v_6 - 1) + 0.9409*v_5*(v_4 - 1)*(v_6 - 1) + 0.9409*v_6 + 0.9409*v_7*(v_3 - 1)*(v_4 - 1)*(v_5 - 1)*(v_6 - 1) + 0.0591) + 1.0*(v_1 - 1)*(-0.9409*v_3*(v_4 - 1)*(v_5 - 1)*(v_6 - 1) - 0.9409*v_4*(v_6 - 1) + 0.9409*v_5*(v_4 - 1)*(v_6 - 1) + 0.9409*v_6 + 0.9409*v_7*(v_3 - 1)*(v_4 - 1)*(v_5 - 1)*(v_6 - 1) + 0.0591) + 0.9409*(v_3 - 1)*(v_4 - 1)*(v_5 - 1)*(v_6 - 1)*(v_7 - 1)) - (v_15 - 1)*(0.88529281*v_1*(v_3 - 1)*(v_4 - 1)*(v_5 - 1)*(v_6 - 1)*(v_7 - 1) - 1.0*v_1*(-0.9409*v_3*(v_4 - 1)*(v_5 - 1)*(v_6 - 1) - 0.9409*v_4*(v_6 - 1) + 0.9409*v_5*(v_4 - 1)*(v_6 - 1) + 0.9409*v_6 + 0.9409*v_7*(v_3 - 1)*(v_4 - 1)*(v_5 - 1)*(v_6 - 1) + 0.0591) + 1.0*(v_1 - 1)*(-0.9409*v_3*(v_4 - 1)*(v_5 - 1)*(v_6 - 1) - 0.9409*v_4*(v_6 - 1) + 0.9409*v_5*(v_4 - 1)*(v_6 - 1) + 0.9409*v_6 + 0.9409*v_7*(v_3 - 1)*(v_4 - 1)*(v_5 - 1)*(v_6 - 1) + 0.0591) + 0.05560719*(v_3 - 1)*(v_4 - 1)*(v_5 - 1)*(v_6 - 1)*(v_7 - 1))))))
Post simplification
symp_time: 30.428089380264282
number of sums: 57
number of subs: 203
number of prods: 250
opt_time: 4.392516613006592
     fun: 1.0306112304253328
     jac: array([1., 1., 1., 1., 1., 1., 1., 1., 1., 1., 1.])
 message: 'Optimization terminated successfully'
    nfev: 9
     nit: 7
    njev: 7
  status: 0
 success: True
       x: array([0.09369193, 0.09369193, 0.09369193, 0.09369193, 0.09369193,
       0.09369193, 0.09369193, 0.09369193, 0.09369193, 0.09369193,
       0.09369193])

real	0m39.905s
user	0m39.086s
sys	0m0.658s
Instance: 12
[INFO] aspmc: Tree Decomposition #bags: 30 unfolded treewidth: 4 #vertices: 39
[INFO] aspmc: Preprocessing disabled
[INFO] aspmc:    Stats Compilation
[INFO] aspmc: ------------------------------------------------------------
[INFO] aspmc: X/D-Constrained Tree Decomposition #bags: 42 treewidth: 11 #vertices: 57
[INFO] aspmc: Dtree time:               2.0275189876556396
[INFO] aspmc: Compilation time:         0.028047800064086914
[INFO] aspmc: Preparation time:         0.00010776519775390625
[INFO] aspmc: Counting time:            0.7778732776641846
[INFO] aspmc: ------------------------------------------------------------
/home/dazzolin/anaconda3/lib/python3.9/site-packages/scipy/optimize/optimize.py:282: RuntimeWarning: Values in x were outside bounds during a minimize step, clipping to bounds
  warnings.warn("Values in x were outside bounds during a "
[0.03::a0., 0.03::a1., 0.03::a2., 0.03::a3., 0.03::a4., 0.03::a5., 0.03::a6., 0.03::a7., 0.03::a8., 0.03::a9., 0.03::a10., 0.03::a11., 0.03::a12., 0.03::a13., 0.03::a14., qr:-a0., qr:-a1,not nqr., nqr:-a1,not qr., qr:-a2., qr:-a3,not nqr., nqr:-a3,not qr., qr:-a4., qr:-a5,not nqr., nqr:-a5,not qr., qr:-a6., qr:-a7,not nqr., nqr:-a7,not qr., qr:-a8., qr:-a9,not nqr., nqr:-a9,not qr., qr:-a10., qr:-a11,not nqr., nqr:-a11,not qr., qr:-a12., qr:-a13,not nqr., nqr:-a13,not qr., qr:-a14., query(qr).]
tracc
nnf_construction_time: 3.93662691116333
Pre simplification
number of sums: 3583
number of prods: 8319
len(eq): 3233
v_11*(1.0*v_1*(-0.9409*v_3*(v_4 - 1)*(v_5 - 1)*(v_6 - 1) - 0.9409*v_4*(v_6 - 1) + 0.9409*v_5*(v_4 - 1)*(v_6 - 1) + 0.9409*v_6 + 0.9409*v_7*(v_3 - 1)*(v_4 - 1)*(v_5 - 1)*(v_6 - 1) + 0.0591) - 1.0*(v_1 - 1)*(-0.9409*v_3*(v_4 - 1)*(v_5 - 1)*(v_6 - 1) - 0.9409*v_4*(v_6 - 1) + 0.9409*v_5*(v_4 - 1)*(v_6 - 1) + 0.9409*v_6 + 0.9409*v_7*(v_3 - 1)*(v_4 - 1)*(v_5 - 1)*(v_6 - 1) + 0.0591) - 0.9409*(v_3 - 1)*(v_4 - 1)*(v_5 - 1)*(v_6 - 1)*(v_7 - 1)) - (v_11 - 1)*(v_12*(1.0*v_1*(-0.9409*v_3*(v_4 - 1)*(v_5 - 1)*(v_6 - 1) - 0.9409*v_4*(v_6 - 1) + 0.9409*v_5*(v_4 - 1)*(v_6 - 1) + 0.9409*v_6 + 0.9409*v_7*(v_3 - 1)*(v_4 - 1)*(v_5 - 1)*(v_6 - 1) + 0.0591) - 1.0*(v_1 - 1)*(-0.9409*v_3*(v_4 - 1)*(v_5 - 1)*(v_6 - 1) - 0.9409*v_4*(v_6 - 1) + 0.9409*v_5*(v_4 - 1)*(v_6 - 1) + 0.9409*v_6 + 0.9409*v_7*(v_3 - 1)*(v_4 - 1)*(v_5 - 1)*(v_6 - 1) + 0.0591) - 0.9409*(v_3 - 1)*(v_4 - 1)*(v_5 - 1)*(v_6 - 1)*(v_7 - 1)) - (v_12 - 1)*(v_13*(1.0*v_1*(-0.9409*v_3*(v_4 - 1)*(v_5 - 1)*(v_6 - 1) - 0.9409*v_4*(v_6 - 1) + 0.9409*v_5*(v_4 - 1)*(v_6 - 1) + 0.9409*v_6 + 0.9409*v_7*(v_3 - 1)*(v_4 - 1)*(v_5 - 1)*(v_6 - 1) + 0.0591) - 1.0*(v_1 - 1)*(-0.9409*v_3*(v_4 - 1)*(v_5 - 1)*(v_6 - 1) - 0.9409*v_4*(v_6 - 1) + 0.9409*v_5*(v_4 - 1)*(v_6 - 1) + 0.9409*v_6 + 0.9409*v_7*(v_3 - 1)*(v_4 - 1)*(v_5 - 1)*(v_6 - 1) + 0.0591) - 0.9409*(v_3 - 1)*(v_4 - 1)*(v_5 - 1)*(v_6 - 1)*(v_7 - 1)) - (v_13 - 1)*(-v_14*(-1.0*v_1*(-0.9409*v_3*(v_4 - 1)*(v_5 - 1)*(v_6 - 1) - 0.9409*v_4*(v_6 - 1) + 0.9409*v_5*(v_4 - 1)*(v_6 - 1) + 0.9409*v_6 + 0.9409*v_7*(v_3 - 1)*(v_4 - 1)*(v_5 - 1)*(v_6 - 1) + 0.0591) + 1.0*(v_1 - 1)*(-0.9409*v_3*(v_4 - 1)*(v_5 - 1)*(v_6 - 1) - 0.9409*v_4*(v_6 - 1) + 0.9409*v_5*(v_4 - 1)*(v_6 - 1) + 0.9409*v_6 + 0.9409*v_7*(v_3 - 1)*(v_4 - 1)*(v_5 - 1)*(v_6 - 1) + 0.0591) + 0.9409*(v_3 - 1)*(v_4 - 1)*(v_5 - 1)*(v_6 - 1)*(v_7 - 1)) + (v_14 - 1)*(v_15*(-1.0*v_1*(-0.9409*v_3*(v_4 - 1)*(v_5 - 1)*(v_6 - 1) - 0.9409*v_4*(v_6 - 1) + 0.9409*v_5*(v_4 - 1)*(v_6 - 1) + 0.9409*v_6 + 0.9409*v_7*(v_3 - 1)*(v_4 - 1)*(v_5 - 1)*(v_6 - 1) + 0.0591) + 1.0*(v_1 - 1)*(-0.9409*v_3*(v_4 - 1)*(v_5 - 1)*(v_6 - 1) - 0.9409*v_4*(v_6 - 1) + 0.9409*v_5*(v_4 - 1)*(v_6 - 1) + 0.9409*v_6 + 0.9409*v_7*(v_3 - 1)*(v_4 - 1)*(v_5 - 1)*(v_6 - 1) + 0.0591) + 0.9409*(v_3 - 1)*(v_4 - 1)*(v_5 - 1)*(v_6 - 1)*(v_7 - 1)) - (v_15 - 1)*(v_16*(-1.0*v_1*(-0.9409*v_3*(v_4 - 1)*(v_5 - 1)*(v_6 - 1) - 0.9409*v_4*(v_6 - 1) + 0.9409*v_5*(v_4 - 1)*(v_6 - 1) + 0.9409*v_6 + 0.9409*v_7*(v_3 - 1)*(v_4 - 1)*(v_5 - 1)*(v_6 - 1) + 0.0591) + 1.0*(v_1 - 1)*(-0.9409*v_3*(v_4 - 1)*(v_5 - 1)*(v_6 - 1) - 0.9409*v_4*(v_6 - 1) + 0.9409*v_5*(v_4 - 1)*(v_6 - 1) + 0.9409*v_6 + 0.9409*v_7*(v_3 - 1)*(v_4 - 1)*(v_5 - 1)*(v_6 - 1) + 0.0591) + 0.9409*(v_3 - 1)*(v_4 - 1)*(v_5 - 1)*(v_6 - 1)*(v_7 - 1)) - (v_16 - 1)*(0.912673*v_1*(v_3 - 1)*(v_4 - 1)*(v_5 - 1)*(v_6 - 1)*(v_7 - 1) - 1.0*v_1*(-0.9409*v_3*(v_4 - 1)*(v_5 - 1)*(v_6 - 1) - 0.9409*v_4*(v_6 - 1) + 0.9409*v_5*(v_4 - 1)*(v_6 - 1) + 0.9409*v_6 + 0.9409*v_7*(v_3 - 1)*(v_4 - 1)*(v_5 - 1)*(v_6 - 1) + 0.0591) + 1.0*(v_1 - 1)*(-0.9409*v_3*(v_4 - 1)*(v_5 - 1)*(v_6 - 1) - 0.9409*v_4*(v_6 - 1) + 0.9409*v_5*(v_4 - 1)*(v_6 - 1) + 0.9409*v_6 + 0.9409*v_7*(v_3 - 1)*(v_4 - 1)*(v_5 - 1)*(v_6 - 1) + 0.0591) + 0.028227*(v_3 - 1)*(v_4 - 1)*(v_5 - 1)*(v_6 - 1)*(v_7 - 1)))))))
Post simplification
symp_time: 58.316004276275635
number of sums: 65
number of subs: 237
number of prods: 291
opt_time: 5.397632360458374
     fun: 1.0625751080945023
     jac: array([1., 1., 1., 1., 1., 1., 1., 1., 1., 1., 1., 1.])
 message: 'Optimization terminated successfully'
    nfev: 9
     nit: 7
    njev: 7
  status: 0
 success: True
       x: array([0.08854793, 0.08854793, 0.08854793, 0.08854793, 0.08854793,
       0.08854793, 0.08854793, 0.08854793, 0.08854793, 0.08854793,
       0.08854793, 0.08854793])

real	1m8.876s
user	1m7.998s
sys	0m0.674s
Instance: 13
[INFO] aspmc: Tree Decomposition #bags: 30 unfolded treewidth: 4 #vertices: 39
[INFO] aspmc: Preprocessing disabled
[INFO] aspmc:    Stats Compilation
[INFO] aspmc: ------------------------------------------------------------
[INFO] aspmc: X/D-Constrained Tree Decomposition #bags: 42 treewidth: 11 #vertices: 57
[INFO] aspmc: Dtree time:               2.027409791946411
[INFO] aspmc: Compilation time:         0.028014659881591797
[INFO] aspmc: Preparation time:         0.00010704994201660156
[INFO] aspmc: Counting time:            0.7777161598205566
[INFO] aspmc: ------------------------------------------------------------
/home/dazzolin/anaconda3/lib/python3.9/site-packages/scipy/optimize/optimize.py:282: RuntimeWarning: Values in x were outside bounds during a minimize step, clipping to bounds
  warnings.warn("Values in x were outside bounds during a "
[0.03::a0., 0.03::a1., 0.03::a2., 0.03::a3., 0.03::a4., 0.03::a5., 0.03::a6., 0.03::a7., 0.03::a8., 0.03::a9., 0.03::a10., 0.03::a11., 0.03::a12., 0.03::a13., 0.03::a14., qr:-a0., qr:-a1,not nqr., nqr:-a1,not qr., qr:-a2., qr:-a3,not nqr., nqr:-a3,not qr., qr:-a4., qr:-a5,not nqr., nqr:-a5,not qr., qr:-a6., qr:-a7,not nqr., nqr:-a7,not qr., qr:-a8., qr:-a9,not nqr., nqr:-a9,not qr., qr:-a10., qr:-a11,not nqr., nqr:-a11,not qr., qr:-a12., qr:-a13,not nqr., nqr:-a13,not qr., qr:-a14., query(qr).]
tracc
nnf_construction_time: 3.937448501586914
Pre simplification
number of sums: 3583
number of prods: 8319
len(eq): 4217
v_11*(1.0*v_1*(0.97*v_3*(v_4 - 1)*(v_5 - 1)*(v_6 - 1)*(v_8 - 1) + 0.97*v_4*(v_6 - 1)*(v_8 - 1) - 0.97*v_5*(v_4 - 1)*(v_6 - 1)*(v_8 - 1) - 1.0*v_6*(v_8 - 1) - 0.97*v_7*(v_3 - 1)*(v_4 - 1)*(v_5 - 1)*(v_6 - 1)*(v_8 - 1) + 1.0*v_8 + 0.03*(v_6 - 1)*(v_8 - 1)) - 1.0*(v_1 - 1)*(0.97*v_3*(v_4 - 1)*(v_5 - 1)*(v_6 - 1)*(v_8 - 1) + 0.97*v_4*(v_6 - 1)*(v_8 - 1) - 0.97*v_5*(v_4 - 1)*(v_6 - 1)*(v_8 - 1) - 1.0*v_6*(v_8 - 1) - 0.97*v_7*(v_3 - 1)*(v_4 - 1)*(v_5 - 1)*(v_6 - 1)*(v_8 - 1) + 1.0*v_8 + 0.03*(v_6 - 1)*(v_8 - 1)) + 0.97*(v_3 - 1)*(v_4 - 1)*(v_5 - 1)*(v_6 - 1)*(v_7 - 1)*(v_8 - 1)) - (v_11 - 1)*(v_12*(1.0*v_1*(0.97*v_3*(v_4 - 1)*(v_5 - 1)*(v_6 - 1)*(v_8 - 1) + 0.97*v_4*(v_6 - 1)*(v_8 - 1) - 0.97*v_5*(v_4 - 1)*(v_6 - 1)*(v_8 - 1) - 1.0*v_6*(v_8 - 1) - 0.97*v_7*(v_3 - 1)*(v_4 - 1)*(v_5 - 1)*(v_6 - 1)*(v_8 - 1) + 1.0*v_8 + 0.03*(v_6 - 1)*(v_8 - 1)) - 1.0*(v_1 - 1)*(0.97*v_3*(v_4 - 1)*(v_5 - 1)*(v_6 - 1)*(v_8 - 1) + 0.97*v_4*(v_6 - 1)*(v_8 - 1) - 0.97*v_5*(v_4 - 1)*(v_6 - 1)*(v_8 - 1) - 1.0*v_6*(v_8 - 1) - 0.97*v_7*(v_3 - 1)*(v_4 - 1)*(v_5 - 1)*(v_6 - 1)*(v_8 - 1) + 1.0*v_8 + 0.03*(v_6 - 1)*(v_8 - 1)) + 0.97*(v_3 - 1)*(v_4 - 1)*(v_5 - 1)*(v_6 - 1)*(v_7 - 1)*(v_8 - 1)) - (v_12 - 1)*(v_13*(1.0*v_1*(0.97*v_3*(v_4 - 1)*(v_5 - 1)*(v_6 - 1)*(v_8 - 1) + 0.97*v_4*(v_6 - 1)*(v_8 - 1) - 0.97*v_5*(v_4 - 1)*(v_6 - 1)*(v_8 - 1) - 1.0*v_6*(v_8 - 1) - 0.97*v_7*(v_3 - 1)*(v_4 - 1)*(v_5 - 1)*(v_6 - 1)*(v_8 - 1) + 1.0*v_8 + 0.03*(v_6 - 1)*(v_8 - 1)) - 1.0*(v_1 - 1)*(0.97*v_3*(v_4 - 1)*(v_5 - 1)*(v_6 - 1)*(v_8 - 1) + 0.97*v_4*(v_6 - 1)*(v_8 - 1) - 0.97*v_5*(v_4 - 1)*(v_6 - 1)*(v_8 - 1) - 1.0*v_6*(v_8 - 1) - 0.97*v_7*(v_3 - 1)*(v_4 - 1)*(v_5 - 1)*(v_6 - 1)*(v_8 - 1) + 1.0*v_8 + 0.03*(v_6 - 1)*(v_8 - 1)) + 0.97*(v_3 - 1)*(v_4 - 1)*(v_5 - 1)*(v_6 - 1)*(v_7 - 1)*(v_8 - 1)) - (v_13 - 1)*(v_14*(1.0*v_1*(0.97*v_3*(v_4 - 1)*(v_5 - 1)*(v_6 - 1)*(v_8 - 1) + 0.97*v_4*(v_6 - 1)*(v_8 - 1) - 0.97*v_5*(v_4 - 1)*(v_6 - 1)*(v_8 - 1) - 1.0*v_6*(v_8 - 1) - 0.97*v_7*(v_3 - 1)*(v_4 - 1)*(v_5 - 1)*(v_6 - 1)*(v_8 - 1) + 1.0*v_8 + 0.03*(v_6 - 1)*(v_8 - 1)) - 1.0*(v_1 - 1)*(0.97*v_3*(v_4 - 1)*(v_5 - 1)*(v_6 - 1)*(v_8 - 1) + 0.97*v_4*(v_6 - 1)*(v_8 - 1) - 0.97*v_5*(v_4 - 1)*(v_6 - 1)*(v_8 - 1) - 1.0*v_6*(v_8 - 1) - 0.97*v_7*(v_3 - 1)*(v_4 - 1)*(v_5 - 1)*(v_6 - 1)*(v_8 - 1) + 1.0*v_8 + 0.03*(v_6 - 1)*(v_8 - 1)) + 0.97*(v_3 - 1)*(v_4 - 1)*(v_5 - 1)*(v_6 - 1)*(v_7 - 1)*(v_8 - 1)) - (v_14 - 1)*(v_15*(1.0*v_1*(0.97*v_3*(v_4 - 1)*(v_5 - 1)*(v_6 - 1)*(v_8 - 1) + 0.97*v_4*(v_6 - 1)*(v_8 - 1) - 0.97*v_5*(v_4 - 1)*(v_6 - 1)*(v_8 - 1) - 1.0*v_6*(v_8 - 1) - 0.97*v_7*(v_3 - 1)*(v_4 - 1)*(v_5 - 1)*(v_6 - 1)*(v_8 - 1) + 1.0*v_8 + 0.03*(v_6 - 1)*(v_8 - 1)) - 1.0*(v_1 - 1)*(0.97*v_3*(v_4 - 1)*(v_5 - 1)*(v_6 - 1)*(v_8 - 1) + 0.97*v_4*(v_6 - 1)*(v_8 - 1) - 0.97*v_5*(v_4 - 1)*(v_6 - 1)*(v_8 - 1) - 1.0*v_6*(v_8 - 1) - 0.97*v_7*(v_3 - 1)*(v_4 - 1)*(v_5 - 1)*(v_6 - 1)*(v_8 - 1) + 1.0*v_8 + 0.03*(v_6 - 1)*(v_8 - 1)) + 0.97*(v_3 - 1)*(v_4 - 1)*(v_5 - 1)*(v_6 - 1)*(v_7 - 1)*(v_8 - 1)) - (v_15 - 1)*(v_16*(1.0*v_1*(0.97*v_3*(v_4 - 1)*(v_5 - 1)*(v_6 - 1)*(v_8 - 1) + 0.97*v_4*(v_6 - 1)*(v_8 - 1) - 0.97*v_5*(v_4 - 1)*(v_6 - 1)*(v_8 - 1) - 1.0*v_6*(v_8 - 1) - 0.97*v_7*(v_3 - 1)*(v_4 - 1)*(v_5 - 1)*(v_6 - 1)*(v_8 - 1) + 1.0*v_8 + 0.03*(v_6 - 1)*(v_8 - 1)) - 1.0*(v_1 - 1)*(0.97*v_3*(v_4 - 1)*(v_5 - 1)*(v_6 - 1)*(v_8 - 1) + 0.97*v_4*(v_6 - 1)*(v_8 - 1) - 0.97*v_5*(v_4 - 1)*(v_6 - 1)*(v_8 - 1) - 1.0*v_6*(v_8 - 1) - 0.97*v_7*(v_3 - 1)*(v_4 - 1)*(v_5 - 1)*(v_6 - 1)*(v_8 - 1) + 1.0*v_8 + 0.03*(v_6 - 1)*(v_8 - 1)) + 0.97*(v_3 - 1)*(v_4 - 1)*(v_5 - 1)*(v_6 - 1)*(v_7 - 1)*(v_8 - 1)) - (v_16 - 1)*(0.9409*v_1*(v_3 - 1)*(v_4 - 1)*(v_5 - 1)*(v_6 - 1)*(v_7 - 1)*(v_8 - 1) + 1.0*v_1*(0.97*v_3*(v_4 - 1)*(v_5 - 1)*(v_6 - 1)*(v_8 - 1) + 0.97*v_4*(v_6 - 1)*(v_8 - 1) - 0.97*v_5*(v_4 - 1)*(v_6 - 1)*(v_8 - 1) - 1.0*v_6*(v_8 - 1) - 0.97*v_7*(v_3 - 1)*(v_4 - 1)*(v_5 - 1)*(v_6 - 1)*(v_8 - 1) + 1.0*v_8 + 0.03*(v_6 - 1)*(v_8 - 1)) - 1.0*(v_1 - 1)*(0.97*v_3*(v_4 - 1)*(v_5 - 1)*(v_6 - 1)*(v_8 - 1) + 0.97*v_4*(v_6 - 1)*(v_8 - 1) - 0.97*v_5*(v_4 - 1)*(v_6 - 1)*(v_8 - 1) - 1.0*v_6*(v_8 - 1) - 0.97*v_7*(v_3 - 1)*(v_4 - 1)*(v_5 - 1)*(v_6 - 1)*(v_8 - 1) + 1.0*v_8 + 0.03*(v_6 - 1)*(v_8 - 1)) + 0.0291*(v_3 - 1)*(v_4 - 1)*(v_5 - 1)*(v_6 - 1)*(v_7 - 1)*(v_8 - 1)))))))
Post simplification
symp_time: 114.32919645309448
number of sums: 50
number of subs: 354
number of prods: 411
opt_time: 7.733122825622559
     fun: 1.0942426178544202
     jac: array([1., 1., 1., 1., 1., 1., 1., 1., 1., 1., 1., 1., 1.])
 message: 'Optimization terminated successfully'
    nfev: 9
     nit: 7
    njev: 7
  status: 0
 success: True
       x: array([0.08417251, 0.08417251, 0.08417251, 0.08417251, 0.08417251,
       0.08417251, 0.08417251, 0.08417251, 0.08417251, 0.08417251,
       0.08417251, 0.08417251, 0.08417251])

real	2m7.341s
user	2m6.296s
sys	0m0.808s
Instance: 14
[INFO] aspmc: Tree Decomposition #bags: 30 unfolded treewidth: 4 #vertices: 39
[INFO] aspmc: Preprocessing disabled
[INFO] aspmc:    Stats Compilation
[INFO] aspmc: ------------------------------------------------------------
[INFO] aspmc: X/D-Constrained Tree Decomposition #bags: 42 treewidth: 11 #vertices: 57
[INFO] aspmc: Dtree time:               2.0285379886627197
[INFO] aspmc: Compilation time:         0.0287322998046875
[INFO] aspmc: Preparation time:         0.00011157989501953125
[INFO] aspmc: Counting time:            0.8012714385986328
[INFO] aspmc: ------------------------------------------------------------
/home/dazzolin/anaconda3/lib/python3.9/site-packages/scipy/optimize/optimize.py:282: RuntimeWarning: Values in x were outside bounds during a minimize step, clipping to bounds
  warnings.warn("Values in x were outside bounds during a "
[0.03::a0., 0.03::a1., 0.03::a2., 0.03::a3., 0.03::a4., 0.03::a5., 0.03::a6., 0.03::a7., 0.03::a8., 0.03::a9., 0.03::a10., 0.03::a11., 0.03::a12., 0.03::a13., 0.03::a14., qr:-a0., qr:-a1,not nqr., nqr:-a1,not qr., qr:-a2., qr:-a3,not nqr., nqr:-a3,not qr., qr:-a4., qr:-a5,not nqr., nqr:-a5,not qr., qr:-a6., qr:-a7,not nqr., nqr:-a7,not qr., qr:-a8., qr:-a9,not nqr., nqr:-a9,not qr., qr:-a10., qr:-a11,not nqr., nqr:-a11,not qr., qr:-a12., qr:-a13,not nqr., nqr:-a13,not qr., qr:-a14., query(qr).]
tracc
nnf_construction_time: 3.963416337966919
Pre simplification
number of sums: 3583
number of prods: 8319
len(eq): 4677
v_11*(v_1*(0.97*v_3*(v_4 - 1)*(v_5 - 1)*(v_6 - 1)*(v_8 - 1) + 0.97*v_4*(v_6 - 1)*(v_8 - 1) - 0.97*v_5*(v_4 - 1)*(v_6 - 1)*(v_8 - 1) - 1.0*v_6*(v_8 - 1) - 0.97*v_7*(v_3 - 1)*(v_4 - 1)*(v_5 - 1)*(v_6 - 1)*(v_8 - 1) + 1.0*v_8 + 0.03*(v_6 - 1)*(v_8 - 1)) - (v_1 - 1)*(0.97*v_3*(v_4 - 1)*(v_5 - 1)*(v_6 - 1)*(v_8 - 1) + 0.97*v_4*(v_6 - 1)*(v_8 - 1) - 0.97*v_5*(v_4 - 1)*(v_6 - 1)*(v_8 - 1) - 1.0*v_6*(v_8 - 1) - 0.97*v_7*(v_3 - 1)*(v_4 - 1)*(v_5 - 1)*(v_6 - 1)*(v_8 - 1) + 1.0*v_8 + 0.03*(v_6 - 1)*(v_8 - 1)) + 0.97*(v_3 - 1)*(v_4 - 1)*(v_5 - 1)*(v_6 - 1)*(v_7 - 1)*(v_8 - 1)) - (v_11 - 1)*(v_12*(v_1*(0.97*v_3*(v_4 - 1)*(v_5 - 1)*(v_6 - 1)*(v_8 - 1) + 0.97*v_4*(v_6 - 1)*(v_8 - 1) - 0.97*v_5*(v_4 - 1)*(v_6 - 1)*(v_8 - 1) - 1.0*v_6*(v_8 - 1) - 0.97*v_7*(v_3 - 1)*(v_4 - 1)*(v_5 - 1)*(v_6 - 1)*(v_8 - 1) + 1.0*v_8 + 0.03*(v_6 - 1)*(v_8 - 1)) - (v_1 - 1)*(0.97*v_3*(v_4 - 1)*(v_5 - 1)*(v_6 - 1)*(v_8 - 1) + 0.97*v_4*(v_6 - 1)*(v_8 - 1) - 0.97*v_5*(v_4 - 1)*(v_6 - 1)*(v_8 - 1) - 1.0*v_6*(v_8 - 1) - 0.97*v_7*(v_3 - 1)*(v_4 - 1)*(v_5 - 1)*(v_6 - 1)*(v_8 - 1) + 1.0*v_8 + 0.03*(v_6 - 1)*(v_8 - 1)) + 0.97*(v_3 - 1)*(v_4 - 1)*(v_5 - 1)*(v_6 - 1)*(v_7 - 1)*(v_8 - 1)) - (v_12 - 1)*(v_13*(v_1*(0.97*v_3*(v_4 - 1)*(v_5 - 1)*(v_6 - 1)*(v_8 - 1) + 0.97*v_4*(v_6 - 1)*(v_8 - 1) - 0.97*v_5*(v_4 - 1)*(v_6 - 1)*(v_8 - 1) - 1.0*v_6*(v_8 - 1) - 0.97*v_7*(v_3 - 1)*(v_4 - 1)*(v_5 - 1)*(v_6 - 1)*(v_8 - 1) + 1.0*v_8 + 0.03*(v_6 - 1)*(v_8 - 1)) - (v_1 - 1)*(0.97*v_3*(v_4 - 1)*(v_5 - 1)*(v_6 - 1)*(v_8 - 1) + 0.97*v_4*(v_6 - 1)*(v_8 - 1) - 0.97*v_5*(v_4 - 1)*(v_6 - 1)*(v_8 - 1) - 1.0*v_6*(v_8 - 1) - 0.97*v_7*(v_3 - 1)*(v_4 - 1)*(v_5 - 1)*(v_6 - 1)*(v_8 - 1) + 1.0*v_8 + 0.03*(v_6 - 1)*(v_8 - 1)) + 0.97*(v_3 - 1)*(v_4 - 1)*(v_5 - 1)*(v_6 - 1)*(v_7 - 1)*(v_8 - 1)) - (v_13 - 1)*(v_14*(v_1*(0.97*v_3*(v_4 - 1)*(v_5 - 1)*(v_6 - 1)*(v_8 - 1) + 0.97*v_4*(v_6 - 1)*(v_8 - 1) - 0.97*v_5*(v_4 - 1)*(v_6 - 1)*(v_8 - 1) - 1.0*v_6*(v_8 - 1) - 0.97*v_7*(v_3 - 1)*(v_4 - 1)*(v_5 - 1)*(v_6 - 1)*(v_8 - 1) + 1.0*v_8 + 0.03*(v_6 - 1)*(v_8 - 1)) - (v_1 - 1)*(0.97*v_3*(v_4 - 1)*(v_5 - 1)*(v_6 - 1)*(v_8 - 1) + 0.97*v_4*(v_6 - 1)*(v_8 - 1) - 0.97*v_5*(v_4 - 1)*(v_6 - 1)*(v_8 - 1) - 1.0*v_6*(v_8 - 1) - 0.97*v_7*(v_3 - 1)*(v_4 - 1)*(v_5 - 1)*(v_6 - 1)*(v_8 - 1) + 1.0*v_8 + 0.03*(v_6 - 1)*(v_8 - 1)) + 0.97*(v_3 - 1)*(v_4 - 1)*(v_5 - 1)*(v_6 - 1)*(v_7 - 1)*(v_8 - 1)) - (v_14 - 1)*(v_15*(v_1*(0.97*v_3*(v_4 - 1)*(v_5 - 1)*(v_6 - 1)*(v_8 - 1) + 0.97*v_4*(v_6 - 1)*(v_8 - 1) - 0.97*v_5*(v_4 - 1)*(v_6 - 1)*(v_8 - 1) - 1.0*v_6*(v_8 - 1) - 0.97*v_7*(v_3 - 1)*(v_4 - 1)*(v_5 - 1)*(v_6 - 1)*(v_8 - 1) + 1.0*v_8 + 0.03*(v_6 - 1)*(v_8 - 1)) - (v_1 - 1)*(0.97*v_3*(v_4 - 1)*(v_5 - 1)*(v_6 - 1)*(v_8 - 1) + 0.97*v_4*(v_6 - 1)*(v_8 - 1) - 0.97*v_5*(v_4 - 1)*(v_6 - 1)*(v_8 - 1) - 1.0*v_6*(v_8 - 1) - 0.97*v_7*(v_3 - 1)*(v_4 - 1)*(v_5 - 1)*(v_6 - 1)*(v_8 - 1) + 1.0*v_8 + 0.03*(v_6 - 1)*(v_8 - 1)) + 0.97*(v_3 - 1)*(v_4 - 1)*(v_5 - 1)*(v_6 - 1)*(v_7 - 1)*(v_8 - 1)) - (v_15 - 1)*(v_16*(v_1*(0.97*v_3*(v_4 - 1)*(v_5 - 1)*(v_6 - 1)*(v_8 - 1) + 0.97*v_4*(v_6 - 1)*(v_8 - 1) - 0.97*v_5*(v_4 - 1)*(v_6 - 1)*(v_8 - 1) - 1.0*v_6*(v_8 - 1) - 0.97*v_7*(v_3 - 1)*(v_4 - 1)*(v_5 - 1)*(v_6 - 1)*(v_8 - 1) + 1.0*v_8 + 0.03*(v_6 - 1)*(v_8 - 1)) - (v_1 - 1)*(0.97*v_3*(v_4 - 1)*(v_5 - 1)*(v_6 - 1)*(v_8 - 1) + 0.97*v_4*(v_6 - 1)*(v_8 - 1) - 0.97*v_5*(v_4 - 1)*(v_6 - 1)*(v_8 - 1) - 1.0*v_6*(v_8 - 1) - 0.97*v_7*(v_3 - 1)*(v_4 - 1)*(v_5 - 1)*(v_6 - 1)*(v_8 - 1) + 1.0*v_8 + 0.03*(v_6 - 1)*(v_8 - 1)) + 0.97*(v_3 - 1)*(v_4 - 1)*(v_5 - 1)*(v_6 - 1)*(v_7 - 1)*(v_8 - 1)) - (v_16 - 1)*(v_17*(v_1*(0.97*v_3*(v_4 - 1)*(v_5 - 1)*(v_6 - 1)*(v_8 - 1) + 0.97*v_4*(v_6 - 1)*(v_8 - 1) - 0.97*v_5*(v_4 - 1)*(v_6 - 1)*(v_8 - 1) - 1.0*v_6*(v_8 - 1) - 0.97*v_7*(v_3 - 1)*(v_4 - 1)*(v_5 - 1)*(v_6 - 1)*(v_8 - 1) + 1.0*v_8 + 0.03*(v_6 - 1)*(v_8 - 1)) - (v_1 - 1)*(0.97*v_3*(v_4 - 1)*(v_5 - 1)*(v_6 - 1)*(v_8 - 1) + 0.97*v_4*(v_6 - 1)*(v_8 - 1) - 0.97*v_5*(v_4 - 1)*(v_6 - 1)*(v_8 - 1) - 1.0*v_6*(v_8 - 1) - 0.97*v_7*(v_3 - 1)*(v_4 - 1)*(v_5 - 1)*(v_6 - 1)*(v_8 - 1) + 1.0*v_8 + 0.03*(v_6 - 1)*(v_8 - 1)) + 0.97*(v_3 - 1)*(v_4 - 1)*(v_5 - 1)*(v_6 - 1)*(v_7 - 1)*(v_8 - 1)) - (v_17 - 1)*(0.97*v_1*(v_3 - 1)*(v_4 - 1)*(v_5 - 1)*(v_6 - 1)*(v_7 - 1)*(v_8 - 1) + v_1*(0.97*v_3*(v_4 - 1)*(v_5 - 1)*(v_6 - 1)*(v_8 - 1) + 0.97*v_4*(v_6 - 1)*(v_8 - 1) - 0.97*v_5*(v_4 - 1)*(v_6 - 1)*(v_8 - 1) - 1.0*v_6*(v_8 - 1) - 0.97*v_7*(v_3 - 1)*(v_4 - 1)*(v_5 - 1)*(v_6 - 1)*(v_8 - 1) + 1.0*v_8 + 0.03*(v_6 - 1)*(v_8 - 1)) - (v_1 - 1)*(0.97*v_3*(v_4 - 1)*(v_5 - 1)*(v_6 - 1)*(v_8 - 1) + 0.97*v_4*(v_6 - 1)*(v_8 - 1) - 0.97*v_5*(v_4 - 1)*(v_6 - 1)*(v_8 - 1) - 1.0*v_6*(v_8 - 1) - 0.97*v_7*(v_3 - 1)*(v_4 - 1)*(v_5 - 1)*(v_6 - 1)*(v_8 - 1) + 1.0*v_8 + 0.03*(v_6 - 1)*(v_8 - 1)))))))))
Post simplification
symp_time: 231.07610392570496
number of sums: 56
number of subs: 398
number of prods: 447
opt_time: 8.783982992172241
     fun: 1.1256761348642943
     jac: array([1., 1., 1., 1., 1., 1., 1., 1., 1., 1., 1., 1., 1., 1.])
 message: 'Optimization terminated successfully'
    nfev: 9
     nit: 7
    njev: 7
  status: 0
 success: True
       x: array([0.08040544, 0.08040544, 0.08040544, 0.08040544, 0.08040544,
       0.08040544, 0.08040544, 0.08040544, 0.08040544, 0.08040544,
       0.08040544, 0.08040544, 0.08040544, 0.08040544])

real	4m5.390s
user	4m3.995s
sys	0m1.027s
Instance: 15
[INFO] aspmc: Tree Decomposition #bags: 30 unfolded treewidth: 4 #vertices: 39
[INFO] aspmc: Preprocessing disabled
[INFO] aspmc:    Stats Compilation
[INFO] aspmc: ------------------------------------------------------------
[INFO] aspmc: X/D-Constrained Tree Decomposition #bags: 42 treewidth: 11 #vertices: 57
[INFO] aspmc: Dtree time:               2.0799832344055176
[INFO] aspmc: Compilation time:         0.028410911560058594
[INFO] aspmc: Preparation time:         0.00011301040649414062
[INFO] aspmc: Counting time:            0.7558252811431885
[INFO] aspmc: ------------------------------------------------------------
/home/dazzolin/anaconda3/lib/python3.9/site-packages/scipy/optimize/optimize.py:282: RuntimeWarning: Values in x were outside bounds during a minimize step, clipping to bounds
  warnings.warn("Values in x were outside bounds during a "
[0.03::a0., 0.03::a1., 0.03::a2., 0.03::a3., 0.03::a4., 0.03::a5., 0.03::a6., 0.03::a7., 0.03::a8., 0.03::a9., 0.03::a10., 0.03::a11., 0.03::a12., 0.03::a13., 0.03::a14., qr:-a0., qr:-a1,not nqr., nqr:-a1,not qr., qr:-a2., qr:-a3,not nqr., nqr:-a3,not qr., qr:-a4., qr:-a5,not nqr., nqr:-a5,not qr., qr:-a6., qr:-a7,not nqr., nqr:-a7,not qr., qr:-a8., qr:-a9,not nqr., nqr:-a9,not qr., qr:-a10., qr:-a11,not nqr., nqr:-a11,not qr., qr:-a12., qr:-a13,not nqr., nqr:-a13,not qr., qr:-a14., query(qr).]
tracc
nnf_construction_time: 3.9694130420684814
Pre simplification
number of sums: 3583
number of prods: 8319
len(eq): 4913
v_11*(v_1*(-v_3*(v_4 - 1)*(v_5 - 1)*(v_6 - 1)*(v_8 - 1)*(v_9 - 1) - v_4*(v_6 - 1)*(v_8 - 1)*(v_9 - 1) + v_5*(v_4 - 1)*(v_6 - 1)*(v_8 - 1)*(v_9 - 1) - v_6*(v_8 - 1) + v_7*(v_3 - 1)*(v_4 - 1)*(v_5 - 1)*(v_6 - 1)*(v_8 - 1)*(v_9 - 1) + v_8 + v_9*(v_6 - 1)*(v_8 - 1)) - (v_1 - 1)*(-v_3*(v_4 - 1)*(v_5 - 1)*(v_6 - 1)*(v_8 - 1)*(v_9 - 1) - v_4*(v_6 - 1)*(v_8 - 1)*(v_9 - 1) + v_5*(v_4 - 1)*(v_6 - 1)*(v_8 - 1)*(v_9 - 1) - v_6*(v_8 - 1) + v_7*(v_3 - 1)*(v_4 - 1)*(v_5 - 1)*(v_6 - 1)*(v_8 - 1)*(v_9 - 1) + v_8 + v_9*(v_6 - 1)*(v_8 - 1)) - (v_3 - 1)*(v_4 - 1)*(v_5 - 1)*(v_6 - 1)*(v_7 - 1)*(v_8 - 1)*(v_9 - 1)) - (v_11 - 1)*(v_12*(v_1*(-v_3*(v_4 - 1)*(v_5 - 1)*(v_6 - 1)*(v_8 - 1)*(v_9 - 1) - v_4*(v_6 - 1)*(v_8 - 1)*(v_9 - 1) + v_5*(v_4 - 1)*(v_6 - 1)*(v_8 - 1)*(v_9 - 1) - v_6*(v_8 - 1) + v_7*(v_3 - 1)*(v_4 - 1)*(v_5 - 1)*(v_6 - 1)*(v_8 - 1)*(v_9 - 1) + v_8 + v_9*(v_6 - 1)*(v_8 - 1)) - (v_1 - 1)*(-v_3*(v_4 - 1)*(v_5 - 1)*(v_6 - 1)*(v_8 - 1)*(v_9 - 1) - v_4*(v_6 - 1)*(v_8 - 1)*(v_9 - 1) + v_5*(v_4 - 1)*(v_6 - 1)*(v_8 - 1)*(v_9 - 1) - v_6*(v_8 - 1) + v_7*(v_3 - 1)*(v_4 - 1)*(v_5 - 1)*(v_6 - 1)*(v_8 - 1)*(v_9 - 1) + v_8 + v_9*(v_6 - 1)*(v_8 - 1)) - (v_3 - 1)*(v_4 - 1)*(v_5 - 1)*(v_6 - 1)*(v_7 - 1)*(v_8 - 1)*(v_9 - 1)) - (v_12 - 1)*(v_13*(v_1*(-v_3*(v_4 - 1)*(v_5 - 1)*(v_6 - 1)*(v_8 - 1)*(v_9 - 1) - v_4*(v_6 - 1)*(v_8 - 1)*(v_9 - 1) + v_5*(v_4 - 1)*(v_6 - 1)*(v_8 - 1)*(v_9 - 1) - v_6*(v_8 - 1) + v_7*(v_3 - 1)*(v_4 - 1)*(v_5 - 1)*(v_6 - 1)*(v_8 - 1)*(v_9 - 1) + v_8 + v_9*(v_6 - 1)*(v_8 - 1)) - (v_1 - 1)*(-v_3*(v_4 - 1)*(v_5 - 1)*(v_6 - 1)*(v_8 - 1)*(v_9 - 1) - v_4*(v_6 - 1)*(v_8 - 1)*(v_9 - 1) + v_5*(v_4 - 1)*(v_6 - 1)*(v_8 - 1)*(v_9 - 1) - v_6*(v_8 - 1) + v_7*(v_3 - 1)*(v_4 - 1)*(v_5 - 1)*(v_6 - 1)*(v_8 - 1)*(v_9 - 1) + v_8 + v_9*(v_6 - 1)*(v_8 - 1)) - (v_3 - 1)*(v_4 - 1)*(v_5 - 1)*(v_6 - 1)*(v_7 - 1)*(v_8 - 1)*(v_9 - 1)) - (v_13 - 1)*(v_14*(v_1*(-v_3*(v_4 - 1)*(v_5 - 1)*(v_6 - 1)*(v_8 - 1)*(v_9 - 1) - v_4*(v_6 - 1)*(v_8 - 1)*(v_9 - 1) + v_5*(v_4 - 1)*(v_6 - 1)*(v_8 - 1)*(v_9 - 1) - v_6*(v_8 - 1) + v_7*(v_3 - 1)*(v_4 - 1)*(v_5 - 1)*(v_6 - 1)*(v_8 - 1)*(v_9 - 1) + v_8 + v_9*(v_6 - 1)*(v_8 - 1)) - (v_1 - 1)*(-v_3*(v_4 - 1)*(v_5 - 1)*(v_6 - 1)*(v_8 - 1)*(v_9 - 1) - v_4*(v_6 - 1)*(v_8 - 1)*(v_9 - 1) + v_5*(v_4 - 1)*(v_6 - 1)*(v_8 - 1)*(v_9 - 1) - v_6*(v_8 - 1) + v_7*(v_3 - 1)*(v_4 - 1)*(v_5 - 1)*(v_6 - 1)*(v_8 - 1)*(v_9 - 1) + v_8 + v_9*(v_6 - 1)*(v_8 - 1)) - (v_3 - 1)*(v_4 - 1)*(v_5 - 1)*(v_6 - 1)*(v_7 - 1)*(v_8 - 1)*(v_9 - 1)) - (v_14 - 1)*(-v_15*(-v_1*(-v_3*(v_4 - 1)*(v_5 - 1)*(v_6 - 1)*(v_8 - 1)*(v_9 - 1) - v_4*(v_6 - 1)*(v_8 - 1)*(v_9 - 1) + v_5*(v_4 - 1)*(v_6 - 1)*(v_8 - 1)*(v_9 - 1) - v_6*(v_8 - 1) + v_7*(v_3 - 1)*(v_4 - 1)*(v_5 - 1)*(v_6 - 1)*(v_8 - 1)*(v_9 - 1) + v_8 + v_9*(v_6 - 1)*(v_8 - 1)) + (v_1 - 1)*(-v_3*(v_4 - 1)*(v_5 - 1)*(v_6 - 1)*(v_8 - 1)*(v_9 - 1) - v_4*(v_6 - 1)*(v_8 - 1)*(v_9 - 1) + v_5*(v_4 - 1)*(v_6 - 1)*(v_8 - 1)*(v_9 - 1) - v_6*(v_8 - 1) + v_7*(v_3 - 1)*(v_4 - 1)*(v_5 - 1)*(v_6 - 1)*(v_8 - 1)*(v_9 - 1) + v_8 + v_9*(v_6 - 1)*(v_8 - 1)) + (v_3 - 1)*(v_4 - 1)*(v_5 - 1)*(v_6 - 1)*(v_7 - 1)*(v_8 - 1)*(v_9 - 1)) + (v_15 - 1)*(v_16*(-v_1*(-v_3*(v_4 - 1)*(v_5 - 1)*(v_6 - 1)*(v_8 - 1)*(v_9 - 1) - v_4*(v_6 - 1)*(v_8 - 1)*(v_9 - 1) + v_5*(v_4 - 1)*(v_6 - 1)*(v_8 - 1)*(v_9 - 1) - v_6*(v_8 - 1) + v_7*(v_3 - 1)*(v_4 - 1)*(v_5 - 1)*(v_6 - 1)*(v_8 - 1)*(v_9 - 1) + v_8 + v_9*(v_6 - 1)*(v_8 - 1)) + (v_1 - 1)*(-v_3*(v_4 - 1)*(v_5 - 1)*(v_6 - 1)*(v_8 - 1)*(v_9 - 1) - v_4*(v_6 - 1)*(v_8 - 1)*(v_9 - 1) + v_5*(v_4 - 1)*(v_6 - 1)*(v_8 - 1)*(v_9 - 1) - v_6*(v_8 - 1) + v_7*(v_3 - 1)*(v_4 - 1)*(v_5 - 1)*(v_6 - 1)*(v_8 - 1)*(v_9 - 1) + v_8 + v_9*(v_6 - 1)*(v_8 - 1)) + (v_3 - 1)*(v_4 - 1)*(v_5 - 1)*(v_6 - 1)*(v_7 - 1)*(v_8 - 1)*(v_9 - 1)) - (v_16 - 1)*(v_17*(-v_1*(-v_3*(v_4 - 1)*(v_5 - 1)*(v_6 - 1)*(v_8 - 1)*(v_9 - 1) - v_4*(v_6 - 1)*(v_8 - 1)*(v_9 - 1) + v_5*(v_4 - 1)*(v_6 - 1)*(v_8 - 1)*(v_9 - 1) - v_6*(v_8 - 1) + v_7*(v_3 - 1)*(v_4 - 1)*(v_5 - 1)*(v_6 - 1)*(v_8 - 1)*(v_9 - 1) + v_8 + v_9*(v_6 - 1)*(v_8 - 1)) + (v_1 - 1)*(-v_3*(v_4 - 1)*(v_5 - 1)*(v_6 - 1)*(v_8 - 1)*(v_9 - 1) - v_4*(v_6 - 1)*(v_8 - 1)*(v_9 - 1) + v_5*(v_4 - 1)*(v_6 - 1)*(v_8 - 1)*(v_9 - 1) - v_6*(v_8 - 1) + v_7*(v_3 - 1)*(v_4 - 1)*(v_5 - 1)*(v_6 - 1)*(v_8 - 1)*(v_9 - 1) + v_8 + v_9*(v_6 - 1)*(v_8 - 1)) + (v_3 - 1)*(v_4 - 1)*(v_5 - 1)*(v_6 - 1)*(v_7 - 1)*(v_8 - 1)*(v_9 - 1)) - (v_17 - 1)*(v_1*(v_3 - 1)*(v_4 - 1)*(v_5 - 1)*(v_6 - 1)*(v_7 - 1)*(v_8 - 1)*(v_9 - 1) - v_1*(-v_3*(v_4 - 1)*(v_5 - 1)*(v_6 - 1)*(v_8 - 1)*(v_9 - 1) - v_4*(v_6 - 1)*(v_8 - 1)*(v_9 - 1) + v_5*(v_4 - 1)*(v_6 - 1)*(v_8 - 1)*(v_9 - 1) - v_6*(v_8 - 1) + v_7*(v_3 - 1)*(v_4 - 1)*(v_5 - 1)*(v_6 - 1)*(v_8 - 1)*(v_9 - 1) + v_8 + v_9*(v_6 - 1)*(v_8 - 1)) + (v_1 - 1)*(-v_3*(v_4 - 1)*(v_5 - 1)*(v_6 - 1)*(v_8 - 1)*(v_9 - 1) - v_4*(v_6 - 1)*(v_8 - 1)*(v_9 - 1) + v_5*(v_4 - 1)*(v_6 - 1)*(v_8 - 1)*(v_9 - 1) - v_6*(v_8 - 1) + v_7*(v_3 - 1)*(v_4 - 1)*(v_5 - 1)*(v_6 - 1)*(v_8 - 1)*(v_9 - 1) + v_8 + v_9*(v_6 - 1)*(v_8 - 1)))))))))
Post simplification
symp_time: 202.10792589187622
number of sums: 72
number of subs: 474
number of prods: 415
opt_time: 8.337539911270142
     fun: 1.1569216791960646
     jac: array([1., 1., 1., 1., 1., 1., 1., 1., 1., 1., 1., 1., 1., 1., 1.])
 message: 'Optimization terminated successfully'
    nfev: 9
     nit: 7
    njev: 7
  status: 0
 success: True
       x: array([0.07712811, 0.07712811, 0.07712811, 0.07712811, 0.07712811,
       0.07712811, 0.07712811, 0.07712811, 0.07712811, 0.07712811,
       0.07712811, 0.07712811, 0.07712811, 0.07712811, 0.07712811])

real	3m35.694s
user	3m34.473s
sys	0m0.817s
Ended at: 
Thu Dec  7 18:08:00 CET 2023
