Started at: 
Thu Dec  7 17:54:42 CET 2023
Instance: 2
[INFO] aspmc: Tree Decomposition #bags: 30 unfolded treewidth: 4 #vertices: 39
[INFO] aspmc: Preprocessing disabled
[INFO] aspmc:    Stats Compilation
[INFO] aspmc: ------------------------------------------------------------
[INFO] aspmc: X/D-Constrained Tree Decomposition #bags: 42 treewidth: 11 #vertices: 57
[INFO] aspmc: Dtree time:               2.0273776054382324
[INFO] aspmc: Compilation time:         0.028005599975585938
[INFO] aspmc: Preparation time:         9.751319885253906e-05
[INFO] aspmc: Counting time:            0.8492171764373779
[INFO] aspmc: ------------------------------------------------------------
[0.03::a0., 0.03::a1., 0.03::a2., 0.03::a3., 0.03::a4., 0.03::a5., 0.03::a6., 0.03::a7., 0.03::a8., 0.03::a9., 0.03::a10., 0.03::a11., 0.03::a12., 0.03::a13., 0.03::a14., qr:-a0., qr:-a1,not nqr., nqr:-a1,not qr., qr:-a2., qr:-a3,not nqr., nqr:-a3,not qr., qr:-a4., qr:-a5,not nqr., nqr:-a5,not qr., qr:-a6., qr:-a7,not nqr., nqr:-a7,not qr., qr:-a8., qr:-a9,not nqr., nqr:-a9,not qr., qr:-a10., qr:-a11,not nqr., nqr:-a11,not qr., qr:-a12., qr:-a13,not nqr., nqr:-a13,not qr., qr:-a14., query(qr).]
tracc
nnf_construction_time: 4.012831687927246
Pre simplification
number of sums: 3583
number of prods: 8319
len(eq): 65
1.0*v_11 - (0.673027090165575*v_1 + 0.326972909834425)*(v_11 - 1)
Post simplification
symp_time: 1.3759801387786865
number of sums: 1
number of subs: 2
number of prods: 3
opt_time: 0.18280434608459473
     fun: 0.5
     jac: array([1., 1.])
 message: 'Positive directional derivative for linesearch'
    nfev: 81
     nit: 15
    njev: 11
  status: 8
 success: False
       x: array([0.25, 0.25])

real	0m6.735s
user	0m6.040s
sys	0m0.582s
Instance: 3
[INFO] aspmc: Tree Decomposition #bags: 30 unfolded treewidth: 4 #vertices: 39
[INFO] aspmc: Preprocessing disabled
[INFO] aspmc:    Stats Compilation
[INFO] aspmc: ------------------------------------------------------------
[INFO] aspmc: X/D-Constrained Tree Decomposition #bags: 42 treewidth: 11 #vertices: 57
[INFO] aspmc: Dtree time:               2.027639150619507
[INFO] aspmc: Compilation time:         0.028205156326293945
[INFO] aspmc: Preparation time:         9.822845458984375e-05
[INFO] aspmc: Counting time:            0.825141429901123
[INFO] aspmc: ------------------------------------------------------------
[0.03::a0., 0.03::a1., 0.03::a2., 0.03::a3., 0.03::a4., 0.03::a5., 0.03::a6., 0.03::a7., 0.03::a8., 0.03::a9., 0.03::a10., 0.03::a11., 0.03::a12., 0.03::a13., 0.03::a14., qr:-a0., qr:-a1,not nqr., nqr:-a1,not qr., qr:-a2., qr:-a3,not nqr., nqr:-a3,not qr., qr:-a4., qr:-a5,not nqr., nqr:-a5,not qr., qr:-a6., qr:-a7,not nqr., nqr:-a7,not qr., qr:-a8., qr:-a9,not nqr., nqr:-a9,not qr., qr:-a10., qr:-a11,not nqr., nqr:-a11,not qr., qr:-a12., qr:-a13,not nqr., nqr:-a13,not qr., qr:-a14., query(qr).]
tracc
nnf_construction_time: 3.9877967834472656
Pre simplification
number of sums: 3583
number of prods: 8319
len(eq): 209
0.693842360995438*v_1*v_11*v_3 - 0.693842360995438*v_1*v_11 - 0.693842360995438*v_1*v_3 + 0.693842360995438*v_1 - 0.693842360995438*v_11*v_3 + 0.693842360995438*v_11 + 0.693842360995438*v_3 + 0.306157639004562
Post simplification
symp_time: 1.6199357509613037
number of sums: 4
number of subs: 3
number of prods: 12
opt_time: 0.19278931617736816
     fun: 0.7314863200498505
     jac: array([1., 1., 1.])
 message: 'Optimization terminated successfully'
    nfev: 4
     nit: 4
    njev: 4
  status: 0
 success: True
       x: array([0.24382877, 0.24382877, 0.24382877])

real	0m6.846s
user	0m6.146s
sys	0m0.553s
Instance: 4
[INFO] aspmc: Tree Decomposition #bags: 30 unfolded treewidth: 4 #vertices: 39
[INFO] aspmc: Preprocessing disabled
[INFO] aspmc:    Stats Compilation
[INFO] aspmc: ------------------------------------------------------------
[INFO] aspmc: X/D-Constrained Tree Decomposition #bags: 42 treewidth: 11 #vertices: 57
[INFO] aspmc: Dtree time:               2.0274014472961426
[INFO] aspmc: Compilation time:         0.02837395668029785
[INFO] aspmc: Preparation time:         0.00011134147644042969
[INFO] aspmc: Counting time:            0.8191747665405273
[INFO] aspmc: ------------------------------------------------------------
[0.03::a0., 0.03::a1., 0.03::a2., 0.03::a3., 0.03::a4., 0.03::a5., 0.03::a6., 0.03::a7., 0.03::a8., 0.03::a9., 0.03::a10., 0.03::a11., 0.03::a12., 0.03::a13., 0.03::a14., qr:-a0., qr:-a1,not nqr., nqr:-a1,not qr., qr:-a2., qr:-a3,not nqr., nqr:-a3,not qr., qr:-a4., qr:-a5,not nqr., nqr:-a5,not qr., qr:-a6., qr:-a7,not nqr., nqr:-a7,not qr., qr:-a8., qr:-a9,not nqr., nqr:-a9,not qr., qr:-a10., qr:-a11,not nqr., nqr:-a11,not qr., qr:-a12., qr:-a13,not nqr., nqr:-a13,not qr., qr:-a14., query(qr).]
tracc
nnf_construction_time: 3.981727123260498
Pre simplification
number of sums: 3583
number of prods: 8319
len(eq): 446
-0.71530140308808*v_1*v_11*v_12*v_3 + 0.71530140308808*v_1*v_11*v_12 + 0.71530140308808*v_1*v_11*v_3 - 0.71530140308808*v_1*v_11 + 0.71530140308808*v_1*v_12*v_3 - 0.71530140308808*v_1*v_12 - 0.71530140308808*v_1*v_3 + 0.71530140308808*v_1 + 0.71530140308808*v_11*v_12*v_3 - 0.71530140308808*v_11*v_12 - 0.71530140308808*v_11*v_3 + 0.71530140308808*v_11 - 0.71530140308808*v_12*v_3 + 0.71530140308808*v_12 + 0.71530140308808*v_3 + 0.28469859691192
Post simplification
symp_time: 1.6781647205352783
number of sums: 9
number of subs: 7
number of prods: 32
opt_time: 0.557729959487915
     fun: 0.7810217980134158
     jac: array([1., 1., 1., 1.])
 message: 'Optimization terminated successfully'
    nfev: 5
     nit: 5
    njev: 5
  status: 0
 success: True
       x: array([0.19525545, 0.19525545, 0.19525545, 0.19525545])

real	0m7.315s
user	0m6.558s
sys	0m0.606s
Instance: 5
[INFO] aspmc: Tree Decomposition #bags: 30 unfolded treewidth: 4 #vertices: 39
[INFO] aspmc: Preprocessing disabled
[INFO] aspmc:    Stats Compilation
[INFO] aspmc: ------------------------------------------------------------
[INFO] aspmc: X/D-Constrained Tree Decomposition #bags: 42 treewidth: 11 #vertices: 57
[INFO] aspmc: Dtree time:               2.0277442932128906
[INFO] aspmc: Compilation time:         0.028431177139282227
[INFO] aspmc: Preparation time:         0.00011277198791503906
[INFO] aspmc: Counting time:            0.8360500335693359
[INFO] aspmc: ------------------------------------------------------------
[0.03::a0., 0.03::a1., 0.03::a2., 0.03::a3., 0.03::a4., 0.03::a5., 0.03::a6., 0.03::a7., 0.03::a8., 0.03::a9., 0.03::a10., 0.03::a11., 0.03::a12., 0.03::a13., 0.03::a14., qr:-a0., qr:-a1,not nqr., nqr:-a1,not qr., qr:-a2., qr:-a3,not nqr., nqr:-a3,not qr., qr:-a4., qr:-a5,not nqr., nqr:-a5,not qr., qr:-a6., qr:-a7,not nqr., nqr:-a7,not qr., qr:-a8., qr:-a9,not nqr., nqr:-a9,not qr., qr:-a10., qr:-a11,not nqr., nqr:-a11,not qr., qr:-a12., qr:-a13,not nqr., nqr:-a13,not qr., qr:-a14., query(qr).]
tracc
nnf_construction_time: 3.996947765350342
Pre simplification
number of sums: 3583
number of prods: 8319
len(eq): 989
0.737424126894928*v_1*v_11*v_12*v_3*v_4 - 0.737424126894928*v_1*v_11*v_12*v_3 - 0.737424126894928*v_1*v_11*v_12*v_4 + 0.737424126894928*v_1*v_11*v_12 - 0.737424126894928*v_1*v_11*v_3*v_4 + 0.737424126894928*v_1*v_11*v_3 + 0.737424126894928*v_1*v_11*v_4 - 0.737424126894928*v_1*v_11 - 0.737424126894928*v_1*v_12*v_3*v_4 + 0.737424126894928*v_1*v_12*v_3 + 0.737424126894928*v_1*v_12*v_4 - 0.737424126894928*v_1*v_12 + 0.737424126894928*v_1*v_3*v_4 - 0.737424126894928*v_1*v_3 - 0.737424126894928*v_1*v_4 + 0.737424126894928*v_1 - 0.737424126894928*v_11*v_12*v_3*v_4 + 0.737424126894928*v_11*v_12*v_3 + 0.737424126894928*v_11*v_12*v_4 - 0.737424126894928*v_11*v_12 + 0.737424126894928*v_11*v_3*v_4 - 0.737424126894928*v_11*v_3 - 0.737424126894928*v_11*v_4 + 0.737424126894928*v_11 + 0.737424126894928*v_12*v_3*v_4 - 0.737424126894928*v_12*v_3 - 0.737424126894928*v_12*v_4 + 0.737424126894928*v_12 - 0.737424126894928*v_3*v_4 + 0.737424126894928*v_3 + 0.737424126894928*v_4 + 0.262575873105072
Post simplification
symp_time: 1.9222044944763184
number of sums: 16
number of subs: 15
number of prods: 80
opt_time: 1.19624924659729
     fun: 0.8231316525984439
     jac: array([1., 1., 1., 1., 1.])
 message: 'Optimization terminated successfully'
    nfev: 5
     nit: 5
    njev: 5
  status: 0
 success: True
       x: array([0.16462633, 0.16462633, 0.16462633, 0.16462633, 0.16462633])

real	0m8.171s
user	0m7.472s
sys	0m0.583s
Instance: 6
[INFO] aspmc: Tree Decomposition #bags: 30 unfolded treewidth: 4 #vertices: 39
[INFO] aspmc: Preprocessing disabled
[INFO] aspmc:    Stats Compilation
[INFO] aspmc: ------------------------------------------------------------
[INFO] aspmc: X/D-Constrained Tree Decomposition #bags: 42 treewidth: 11 #vertices: 57
[INFO] aspmc: Dtree time:               2.0284035205841064
[INFO] aspmc: Compilation time:         0.028650760650634766
[INFO] aspmc: Preparation time:         0.00011301040649414062
[INFO] aspmc: Counting time:            0.8402962684631348
[INFO] aspmc: ------------------------------------------------------------
[0.03::a0., 0.03::a1., 0.03::a2., 0.03::a3., 0.03::a4., 0.03::a5., 0.03::a6., 0.03::a7., 0.03::a8., 0.03::a9., 0.03::a10., 0.03::a11., 0.03::a12., 0.03::a13., 0.03::a14., qr:-a0., qr:-a1,not nqr., nqr:-a1,not qr., qr:-a2., qr:-a3,not nqr., nqr:-a3,not qr., qr:-a4., qr:-a5,not nqr., nqr:-a5,not qr., qr:-a6., qr:-a7,not nqr., nqr:-a7,not qr., qr:-a8., qr:-a9,not nqr., nqr:-a9,not qr., qr:-a10., qr:-a11,not nqr., nqr:-a11,not qr., qr:-a12., qr:-a13,not nqr., nqr:-a13,not qr., qr:-a14., query(qr).]
tracc
nnf_construction_time: 4.008014678955078
Pre simplification
number of sums: 3583
number of prods: 8319
len(eq): 1095
v_11*(1.0*v_1*(-0.88529281*v_3*(v_4 - 1) + 0.88529281*v_4 + 0.0265587843*(v_3 - 1)*(v_4 - 1) + 0.11470719) - 1.0*(v_1 - 1)*(-0.88529281*v_3*(v_4 - 1) + 0.88529281*v_4 + 0.0265587843*(v_3 - 1)*(v_4 - 1) + 0.11470719) + 0.8587340257*(v_3 - 1)*(v_4 - 1)) - (v_11 - 1)*(v_12*(1.0*v_1*(-0.88529281*v_3*(v_4 - 1) + 0.88529281*v_4 + 0.0265587843*(v_3 - 1)*(v_4 - 1) + 0.11470719) - 1.0*(v_1 - 1)*(-0.88529281*v_3*(v_4 - 1) + 0.88529281*v_4 + 0.0265587843*(v_3 - 1)*(v_4 - 1) + 0.11470719) + 0.8587340257*(v_3 - 1)*(v_4 - 1)) - (v_12 - 1)*(v_13*(1.0*v_1*(-0.88529281*v_3*(v_4 - 1) + 0.88529281*v_4 + 0.0265587843*(v_3 - 1)*(v_4 - 1) + 0.11470719) - 1.0*(v_1 - 1)*(-0.88529281*v_3*(v_4 - 1) + 0.88529281*v_4 + 0.0265587843*(v_3 - 1)*(v_4 - 1) + 0.11470719) + 0.8587340257*(v_3 - 1)*(v_4 - 1)) - (v_13 - 1)*(0.760231058654565*v_1*(v_3 - 1)*(v_4 - 1) + 1.0*v_1*(-0.88529281*v_3*(v_4 - 1) + 0.88529281*v_4 + 0.0265587843*(v_3 - 1)*(v_4 - 1) + 0.11470719) - 1.0*(v_1 - 1)*(-0.88529281*v_3*(v_4 - 1) + 0.88529281*v_4 + 0.0265587843*(v_3 - 1)*(v_4 - 1) + 0.11470719) + 0.0985029670454348*(v_3 - 1)*(v_4 - 1))))
Post simplification
symp_time: 2.4502744674682617
number of sums: 29
number of subs: 56
number of prods: 73
opt_time: 2.352649450302124
     fun: 0.8613718528560741
     jac: array([1., 1., 1., 1., 1., 1.])
 message: 'Optimization terminated successfully'
    nfev: 6
     nit: 6
    njev: 6
  status: 0
 success: True
       x: array([0.14356198, 0.14356198, 0.14356198, 0.14356198, 0.14356198,
       0.14356198])

real	0m9.907s
user	0m9.162s
sys	0m0.581s
Instance: 7
[INFO] aspmc: Tree Decomposition #bags: 30 unfolded treewidth: 4 #vertices: 39
[INFO] aspmc: Preprocessing disabled
[INFO] aspmc:    Stats Compilation
[INFO] aspmc: ------------------------------------------------------------
[INFO] aspmc: X/D-Constrained Tree Decomposition #bags: 42 treewidth: 11 #vertices: 57
[INFO] aspmc: Dtree time:               2.030623197555542
[INFO] aspmc: Compilation time:         0.02865004539489746
[INFO] aspmc: Preparation time:         0.00011587142944335938
[INFO] aspmc: Counting time:            0.8334765434265137
[INFO] aspmc: ------------------------------------------------------------
/home/dazzolin/anaconda3/lib/python3.9/site-packages/scipy/optimize/optimize.py:282: RuntimeWarning: Values in x were outside bounds during a minimize step, clipping to bounds
  warnings.warn("Values in x were outside bounds during a "
[0.03::a0., 0.03::a1., 0.03::a2., 0.03::a3., 0.03::a4., 0.03::a5., 0.03::a6., 0.03::a7., 0.03::a8., 0.03::a9., 0.03::a10., 0.03::a11., 0.03::a12., 0.03::a13., 0.03::a14., qr:-a0., qr:-a1,not nqr., nqr:-a1,not qr., qr:-a2., qr:-a3,not nqr., nqr:-a3,not qr., qr:-a4., qr:-a5,not nqr., nqr:-a5,not qr., qr:-a6., qr:-a7,not nqr., nqr:-a7,not qr., qr:-a8., qr:-a9,not nqr., nqr:-a9,not qr., qr:-a10., qr:-a11,not nqr., nqr:-a11,not qr., qr:-a12., qr:-a13,not nqr., nqr:-a13,not qr., qr:-a14., query(qr).]
tracc
nnf_construction_time: 3.9995310306549072
Pre simplification
number of sums: 3583
number of prods: 8319
len(eq): 1430
-v_11*(-1.0*v_1*(0.912673*v_3*(v_4 - 1)*(v_5 - 1) + 0.912673*v_4 - 0.912673*v_5*(v_4 - 1) - 0.02738019*(v_3 - 1)*(v_4 - 1)*(v_5 - 1) + 0.087327) + 1.0*(v_1 - 1)*(0.912673*v_3*(v_4 - 1)*(v_5 - 1) + 0.912673*v_4 - 0.912673*v_5*(v_4 - 1) - 0.02738019*(v_3 - 1)*(v_4 - 1)*(v_5 - 1) + 0.087327) + 0.88529281*(v_3 - 1)*(v_4 - 1)*(v_5 - 1)) + (v_11 - 1)*(v_12*(-1.0*v_1*(0.912673*v_3*(v_4 - 1)*(v_5 - 1) + 0.912673*v_4 - 0.912673*v_5*(v_4 - 1) - 0.02738019*(v_3 - 1)*(v_4 - 1)*(v_5 - 1) + 0.087327) + 1.0*(v_1 - 1)*(0.912673*v_3*(v_4 - 1)*(v_5 - 1) + 0.912673*v_4 - 0.912673*v_5*(v_4 - 1) - 0.02738019*(v_3 - 1)*(v_4 - 1)*(v_5 - 1) + 0.087327) + 0.88529281*(v_3 - 1)*(v_4 - 1)*(v_5 - 1)) - (v_12 - 1)*(v_13*(-1.0*v_1*(0.912673*v_3*(v_4 - 1)*(v_5 - 1) + 0.912673*v_4 - 0.912673*v_5*(v_4 - 1) - 0.02738019*(v_3 - 1)*(v_4 - 1)*(v_5 - 1) + 0.087327) + 1.0*(v_1 - 1)*(0.912673*v_3*(v_4 - 1)*(v_5 - 1) + 0.912673*v_4 - 0.912673*v_5*(v_4 - 1) - 0.02738019*(v_3 - 1)*(v_4 - 1)*(v_5 - 1) + 0.087327) + 0.88529281*(v_3 - 1)*(v_4 - 1)*(v_5 - 1)) - (v_13 - 1)*(0.783743359437696*v_1*(v_3 - 1)*(v_4 - 1)*(v_5 - 1) - 1.0*v_1*(0.912673*v_3*(v_4 - 1)*(v_5 - 1) + 0.912673*v_4 - 0.912673*v_5*(v_4 - 1) - 0.02738019*(v_3 - 1)*(v_4 - 1)*(v_5 - 1) + 0.087327) + 1.0*(v_1 - 1)*(0.912673*v_3*(v_4 - 1)*(v_5 - 1) + 0.912673*v_4 - 0.912673*v_5*(v_4 - 1) - 0.02738019*(v_3 - 1)*(v_4 - 1)*(v_5 - 1) + 0.087327) + 0.101549450562304*(v_3 - 1)*(v_4 - 1)*(v_5 - 1))))
Post simplification
symp_time: 3.1129419803619385
number of sums: 25
number of subs: 93
number of prods: 110
opt_time: 4.425900220870972
     fun: 0.897341127089767
     jac: array([1., 1., 1., 1., 1., 1., 1.])
 message: 'Optimization terminated successfully'
    nfev: 9
     nit: 7
    njev: 7
  status: 0
 success: True
       x: array([0.12819159, 0.12819159, 0.12819159, 0.12819159, 0.12819159,
       0.12819159, 0.12819159])

real	0m12.714s
user	0m11.875s
sys	0m0.603s
Instance: 8
[INFO] aspmc: Tree Decomposition #bags: 30 unfolded treewidth: 4 #vertices: 39
[INFO] aspmc: Preprocessing disabled
[INFO] aspmc:    Stats Compilation
[INFO] aspmc: ------------------------------------------------------------
[INFO] aspmc: X/D-Constrained Tree Decomposition #bags: 42 treewidth: 11 #vertices: 57
[INFO] aspmc: Dtree time:               2.0290706157684326
[INFO] aspmc: Compilation time:         0.02849888801574707
[INFO] aspmc: Preparation time:         0.0001068115234375
[INFO] aspmc: Counting time:            0.8273115158081055
[INFO] aspmc: ------------------------------------------------------------
/home/dazzolin/anaconda3/lib/python3.9/site-packages/scipy/optimize/optimize.py:282: RuntimeWarning: Values in x were outside bounds during a minimize step, clipping to bounds
  warnings.warn("Values in x were outside bounds during a "
[0.03::a0., 0.03::a1., 0.03::a2., 0.03::a3., 0.03::a4., 0.03::a5., 0.03::a6., 0.03::a7., 0.03::a8., 0.03::a9., 0.03::a10., 0.03::a11., 0.03::a12., 0.03::a13., 0.03::a14., qr:-a0., qr:-a1,not nqr., nqr:-a1,not qr., qr:-a2., qr:-a3,not nqr., nqr:-a3,not qr., qr:-a4., qr:-a5,not nqr., nqr:-a5,not qr., qr:-a6., qr:-a7,not nqr., nqr:-a7,not qr., qr:-a8., qr:-a9,not nqr., nqr:-a9,not qr., qr:-a10., qr:-a11,not nqr., nqr:-a11,not qr., qr:-a12., qr:-a13,not nqr., nqr:-a13,not qr., qr:-a14., query(qr).]
tracc
nnf_construction_time: 3.9924139976501465
Pre simplification
number of sums: 3583
number of prods: 8319
len(eq): 1775
v_11*(1.0*v_1*(0.912673*v_3*(v_4 - 1)*(v_5 - 1) + 0.912673*v_4 - 0.912673*v_5*(v_4 - 1) - 0.02738019*(v_3 - 1)*(v_4 - 1)*(v_5 - 1) + 0.087327) - 1.0*(v_1 - 1)*(0.912673*v_3*(v_4 - 1)*(v_5 - 1) + 0.912673*v_4 - 0.912673*v_5*(v_4 - 1) - 0.02738019*(v_3 - 1)*(v_4 - 1)*(v_5 - 1) + 0.087327) - 0.88529281*(v_3 - 1)*(v_4 - 1)*(v_5 - 1)) - (v_11 - 1)*(-v_12*(-1.0*v_1*(0.912673*v_3*(v_4 - 1)*(v_5 - 1) + 0.912673*v_4 - 0.912673*v_5*(v_4 - 1) - 0.02738019*(v_3 - 1)*(v_4 - 1)*(v_5 - 1) + 0.087327) + 1.0*(v_1 - 1)*(0.912673*v_3*(v_4 - 1)*(v_5 - 1) + 0.912673*v_4 - 0.912673*v_5*(v_4 - 1) - 0.02738019*(v_3 - 1)*(v_4 - 1)*(v_5 - 1) + 0.087327) + 0.88529281*(v_3 - 1)*(v_4 - 1)*(v_5 - 1)) + (v_12 - 1)*(v_13*(-1.0*v_1*(0.912673*v_3*(v_4 - 1)*(v_5 - 1) + 0.912673*v_4 - 0.912673*v_5*(v_4 - 1) - 0.02738019*(v_3 - 1)*(v_4 - 1)*(v_5 - 1) + 0.087327) + 1.0*(v_1 - 1)*(0.912673*v_3*(v_4 - 1)*(v_5 - 1) + 0.912673*v_4 - 0.912673*v_5*(v_4 - 1) - 0.02738019*(v_3 - 1)*(v_4 - 1)*(v_5 - 1) + 0.087327) + 0.88529281*(v_3 - 1)*(v_4 - 1)*(v_5 - 1)) - (v_13 - 1)*(v_14*(-1.0*v_1*(0.912673*v_3*(v_4 - 1)*(v_5 - 1) + 0.912673*v_4 - 0.912673*v_5*(v_4 - 1) - 0.02738019*(v_3 - 1)*(v_4 - 1)*(v_5 - 1) + 0.087327) + 1.0*(v_1 - 1)*(0.912673*v_3*(v_4 - 1)*(v_5 - 1) + 0.912673*v_4 - 0.912673*v_5*(v_4 - 1) - 0.02738019*(v_3 - 1)*(v_4 - 1)*(v_5 - 1) + 0.087327) + 0.88529281*(v_3 - 1)*(v_4 - 1)*(v_5 - 1)) - (v_14 - 1)*(0.80798284478113*v_1*(v_3 - 1)*(v_4 - 1)*(v_5 - 1) - 1.0*v_1*(0.912673*v_3*(v_4 - 1)*(v_5 - 1) + 0.912673*v_4 - 0.912673*v_5*(v_4 - 1) - 0.02738019*(v_3 - 1)*(v_4 - 1)*(v_5 - 1) + 0.087327) + 1.0*(v_1 - 1)*(0.912673*v_3*(v_4 - 1)*(v_5 - 1) + 0.912673*v_4 - 0.912673*v_5*(v_4 - 1) - 0.02738019*(v_3 - 1)*(v_4 - 1)*(v_5 - 1) + 0.087327) + 0.07730996521887*(v_3 - 1)*(v_4 - 1)*(v_5 - 1)))))
Post simplification
symp_time: 5.090835332870483
number of sums: 29
number of subs: 117
number of prods: 137
opt_time: 6.647090435028076
     fun: 0.9318643408206635
     jac: array([1., 1., 1., 1., 1., 1., 1., 1.])
 message: 'Optimization terminated successfully'
    nfev: 9
     nit: 7
    njev: 7
  status: 0
 success: True
       x: array([0.11648304, 0.11648304, 0.11648304, 0.11648304, 0.11648304,
       0.11648304, 0.11648304, 0.11648304])

real	0m16.847s
user	0m16.034s
sys	0m0.641s
Instance: 9
[INFO] aspmc: Tree Decomposition #bags: 30 unfolded treewidth: 4 #vertices: 39
[INFO] aspmc: Preprocessing disabled
[INFO] aspmc:    Stats Compilation
[INFO] aspmc: ------------------------------------------------------------
[INFO] aspmc: X/D-Constrained Tree Decomposition #bags: 42 treewidth: 11 #vertices: 57
[INFO] aspmc: Dtree time:               2.028520345687866
[INFO] aspmc: Compilation time:         0.028825759887695312
[INFO] aspmc: Preparation time:         0.0001087188720703125
[INFO] aspmc: Counting time:            0.7933847904205322
[INFO] aspmc: ------------------------------------------------------------
/home/dazzolin/anaconda3/lib/python3.9/site-packages/scipy/optimize/optimize.py:282: RuntimeWarning: Values in x were outside bounds during a minimize step, clipping to bounds
  warnings.warn("Values in x were outside bounds during a "
[0.03::a0., 0.03::a1., 0.03::a2., 0.03::a3., 0.03::a4., 0.03::a5., 0.03::a6., 0.03::a7., 0.03::a8., 0.03::a9., 0.03::a10., 0.03::a11., 0.03::a12., 0.03::a13., 0.03::a14., qr:-a0., qr:-a1,not nqr., nqr:-a1,not qr., qr:-a2., qr:-a3,not nqr., nqr:-a3,not qr., qr:-a4., qr:-a5,not nqr., nqr:-a5,not qr., qr:-a6., qr:-a7,not nqr., nqr:-a7,not qr., qr:-a8., qr:-a9,not nqr., nqr:-a9,not qr., qr:-a10., qr:-a11,not nqr., nqr:-a11,not qr., qr:-a12., qr:-a13,not nqr., nqr:-a13,not qr., qr:-a14., query(qr).]
tracc
nnf_construction_time: 3.959785223007202
Pre simplification
number of sums: 3583
number of prods: 8319
len(eq): 2259
v_11*(1.0*v_1*(-0.9409*v_3*(v_4 - 1)*(v_5 - 1)*(v_6 - 1) - 0.9409*v_4*(v_6 - 1) + 0.9409*v_5*(v_4 - 1)*(v_6 - 1) + 0.9409*v_6 + 0.028227*(v_3 - 1)*(v_4 - 1)*(v_5 - 1)*(v_6 - 1) + 0.0591) - 1.0*(v_1 - 1)*(-0.9409*v_3*(v_4 - 1)*(v_5 - 1)*(v_6 - 1) - 0.9409*v_4*(v_6 - 1) + 0.9409*v_5*(v_4 - 1)*(v_6 - 1) + 0.9409*v_6 + 0.028227*(v_3 - 1)*(v_4 - 1)*(v_5 - 1)*(v_6 - 1) + 0.0591) + 0.912673*(v_3 - 1)*(v_4 - 1)*(v_5 - 1)*(v_6 - 1)) - (v_11 - 1)*(v_12*(1.0*v_1*(-0.9409*v_3*(v_4 - 1)*(v_5 - 1)*(v_6 - 1) - 0.9409*v_4*(v_6 - 1) + 0.9409*v_5*(v_4 - 1)*(v_6 - 1) + 0.9409*v_6 + 0.028227*(v_3 - 1)*(v_4 - 1)*(v_5 - 1)*(v_6 - 1) + 0.0591) - 1.0*(v_1 - 1)*(-0.9409*v_3*(v_4 - 1)*(v_5 - 1)*(v_6 - 1) - 0.9409*v_4*(v_6 - 1) + 0.9409*v_5*(v_4 - 1)*(v_6 - 1) + 0.9409*v_6 + 0.028227*(v_3 - 1)*(v_4 - 1)*(v_5 - 1)*(v_6 - 1) + 0.0591) + 0.912673*(v_3 - 1)*(v_4 - 1)*(v_5 - 1)*(v_6 - 1)) - (v_12 - 1)*(v_13*(1.0*v_1*(-0.9409*v_3*(v_4 - 1)*(v_5 - 1)*(v_6 - 1) - 0.9409*v_4*(v_6 - 1) + 0.9409*v_5*(v_4 - 1)*(v_6 - 1) + 0.9409*v_6 + 0.028227*(v_3 - 1)*(v_4 - 1)*(v_5 - 1)*(v_6 - 1) + 0.0591) - 1.0*(v_1 - 1)*(-0.9409*v_3*(v_4 - 1)*(v_5 - 1)*(v_6 - 1) - 0.9409*v_4*(v_6 - 1) + 0.9409*v_5*(v_4 - 1)*(v_6 - 1) + 0.9409*v_6 + 0.028227*(v_3 - 1)*(v_4 - 1)*(v_5 - 1)*(v_6 - 1) + 0.0591) + 0.912673*(v_3 - 1)*(v_4 - 1)*(v_5 - 1)*(v_6 - 1)) - (v_13 - 1)*(v_14*(1.0*v_1*(-0.9409*v_3*(v_4 - 1)*(v_5 - 1)*(v_6 - 1) - 0.9409*v_4*(v_6 - 1) + 0.9409*v_5*(v_4 - 1)*(v_6 - 1) + 0.9409*v_6 + 0.028227*(v_3 - 1)*(v_4 - 1)*(v_5 - 1)*(v_6 - 1) + 0.0591) - 1.0*(v_1 - 1)*(-0.9409*v_3*(v_4 - 1)*(v_5 - 1)*(v_6 - 1) - 0.9409*v_4*(v_6 - 1) + 0.9409*v_5*(v_4 - 1)*(v_6 - 1) + 0.9409*v_6 + 0.028227*(v_3 - 1)*(v_4 - 1)*(v_5 - 1)*(v_6 - 1) + 0.0591) + 0.912673*(v_3 - 1)*(v_4 - 1)*(v_5 - 1)*(v_6 - 1)) - (v_14 - 1)*(0.832972004929*v_1*(v_3 - 1)*(v_4 - 1)*(v_5 - 1)*(v_6 - 1) + 1.0*v_1*(-0.9409*v_3*(v_4 - 1)*(v_5 - 1)*(v_6 - 1) - 0.9409*v_4*(v_6 - 1) + 0.9409*v_5*(v_4 - 1)*(v_6 - 1) + 0.9409*v_6 + 0.028227*(v_3 - 1)*(v_4 - 1)*(v_5 - 1)*(v_6 - 1) + 0.0591) - 1.0*(v_1 - 1)*(-0.9409*v_3*(v_4 - 1)*(v_5 - 1)*(v_6 - 1) - 0.9409*v_4*(v_6 - 1) + 0.9409*v_5*(v_4 - 1)*(v_6 - 1) + 0.9409*v_6 + 0.028227*(v_3 - 1)*(v_4 - 1)*(v_5 - 1)*(v_6 - 1) + 0.0591) + 0.079700995071*(v_3 - 1)*(v_4 - 1)*(v_5 - 1)*(v_6 - 1)))))
Post simplification
symp_time: 8.78710150718689
number of sums: 46
number of subs: 162
number of prods: 193
opt_time: 9.457543134689331
     fun: 0.9654100923586328
     jac: array([1., 1., 1., 1., 1., 1., 1., 1., 1.])
 message: 'Optimization terminated successfully'
    nfev: 9
     nit: 7
    njev: 7
  status: 0
 success: True
       x: array([0.10726779, 0.10726779, 0.10726779, 0.10726779, 0.10726779,
       0.10726779, 0.10726779, 0.10726779, 0.10726779])

real	0m23.364s
user	0m22.593s
sys	0m0.582s
Instance: 10
[INFO] aspmc: Tree Decomposition #bags: 30 unfolded treewidth: 4 #vertices: 39
[INFO] aspmc: Preprocessing disabled
[INFO] aspmc:    Stats Compilation
[INFO] aspmc: ------------------------------------------------------------
[INFO] aspmc: X/D-Constrained Tree Decomposition #bags: 42 treewidth: 11 #vertices: 57
[INFO] aspmc: Dtree time:               2.0277140140533447
[INFO] aspmc: Compilation time:         0.02866983413696289
[INFO] aspmc: Preparation time:         0.0001068115234375
[INFO] aspmc: Counting time:            0.836785078048706
[INFO] aspmc: ------------------------------------------------------------
/home/dazzolin/anaconda3/lib/python3.9/site-packages/scipy/optimize/optimize.py:282: RuntimeWarning: Values in x were outside bounds during a minimize step, clipping to bounds
  warnings.warn("Values in x were outside bounds during a "
[0.03::a0., 0.03::a1., 0.03::a2., 0.03::a3., 0.03::a4., 0.03::a5., 0.03::a6., 0.03::a7., 0.03::a8., 0.03::a9., 0.03::a10., 0.03::a11., 0.03::a12., 0.03::a13., 0.03::a14., qr:-a0., qr:-a1,not nqr., nqr:-a1,not qr., qr:-a2., qr:-a3,not nqr., nqr:-a3,not qr., qr:-a4., qr:-a5,not nqr., nqr:-a5,not qr., qr:-a6., qr:-a7,not nqr., nqr:-a7,not qr., qr:-a8., qr:-a9,not nqr., nqr:-a9,not qr., qr:-a10., qr:-a11,not nqr., nqr:-a11,not qr., qr:-a12., qr:-a13,not nqr., nqr:-a13,not qr., qr:-a14., query(qr).]
tracc
nnf_construction_time: 4.0008978843688965
Pre simplification
number of sums: 3583
number of prods: 8319
len(eq): 2698
v_11*(1.0*v_1*(-0.9409*v_3*(v_4 - 1)*(v_5 - 1)*(v_6 - 1) - 0.9409*v_4*(v_6 - 1) + 0.9409*v_5*(v_4 - 1)*(v_6 - 1) + 0.9409*v_6 + 0.028227*(v_3 - 1)*(v_4 - 1)*(v_5 - 1)*(v_6 - 1) + 0.0591) - 1.0*(v_1 - 1)*(-0.9409*v_3*(v_4 - 1)*(v_5 - 1)*(v_6 - 1) - 0.9409*v_4*(v_6 - 1) + 0.9409*v_5*(v_4 - 1)*(v_6 - 1) + 0.9409*v_6 + 0.028227*(v_3 - 1)*(v_4 - 1)*(v_5 - 1)*(v_6 - 1) + 0.0591) + 0.912673*(v_3 - 1)*(v_4 - 1)*(v_5 - 1)*(v_6 - 1)) - (v_11 - 1)*(v_12*(1.0*v_1*(-0.9409*v_3*(v_4 - 1)*(v_5 - 1)*(v_6 - 1) - 0.9409*v_4*(v_6 - 1) + 0.9409*v_5*(v_4 - 1)*(v_6 - 1) + 0.9409*v_6 + 0.028227*(v_3 - 1)*(v_4 - 1)*(v_5 - 1)*(v_6 - 1) + 0.0591) - 1.0*(v_1 - 1)*(-0.9409*v_3*(v_4 - 1)*(v_5 - 1)*(v_6 - 1) - 0.9409*v_4*(v_6 - 1) + 0.9409*v_5*(v_4 - 1)*(v_6 - 1) + 0.9409*v_6 + 0.028227*(v_3 - 1)*(v_4 - 1)*(v_5 - 1)*(v_6 - 1) + 0.0591) + 0.912673*(v_3 - 1)*(v_4 - 1)*(v_5 - 1)*(v_6 - 1)) - (v_12 - 1)*(v_13*(1.0*v_1*(-0.9409*v_3*(v_4 - 1)*(v_5 - 1)*(v_6 - 1) - 0.9409*v_4*(v_6 - 1) + 0.9409*v_5*(v_4 - 1)*(v_6 - 1) + 0.9409*v_6 + 0.028227*(v_3 - 1)*(v_4 - 1)*(v_5 - 1)*(v_6 - 1) + 0.0591) - 1.0*(v_1 - 1)*(-0.9409*v_3*(v_4 - 1)*(v_5 - 1)*(v_6 - 1) - 0.9409*v_4*(v_6 - 1) + 0.9409*v_5*(v_4 - 1)*(v_6 - 1) + 0.9409*v_6 + 0.028227*(v_3 - 1)*(v_4 - 1)*(v_5 - 1)*(v_6 - 1) + 0.0591) + 0.912673*(v_3 - 1)*(v_4 - 1)*(v_5 - 1)*(v_6 - 1)) - (v_13 - 1)*(v_14*(1.0*v_1*(-0.9409*v_3*(v_4 - 1)*(v_5 - 1)*(v_6 - 1) - 0.9409*v_4*(v_6 - 1) + 0.9409*v_5*(v_4 - 1)*(v_6 - 1) + 0.9409*v_6 + 0.028227*(v_3 - 1)*(v_4 - 1)*(v_5 - 1)*(v_6 - 1) + 0.0591) - 1.0*(v_1 - 1)*(-0.9409*v_3*(v_4 - 1)*(v_5 - 1)*(v_6 - 1) - 0.9409*v_4*(v_6 - 1) + 0.9409*v_5*(v_4 - 1)*(v_6 - 1) + 0.9409*v_6 + 0.028227*(v_3 - 1)*(v_4 - 1)*(v_5 - 1)*(v_6 - 1) + 0.0591) + 0.912673*(v_3 - 1)*(v_4 - 1)*(v_5 - 1)*(v_6 - 1)) - (v_14 - 1)*(v_15*(1.0*v_1*(-0.9409*v_3*(v_4 - 1)*(v_5 - 1)*(v_6 - 1) - 0.9409*v_4*(v_6 - 1) + 0.9409*v_5*(v_4 - 1)*(v_6 - 1) + 0.9409*v_6 + 0.028227*(v_3 - 1)*(v_4 - 1)*(v_5 - 1)*(v_6 - 1) + 0.0591) - 1.0*(v_1 - 1)*(-0.9409*v_3*(v_4 - 1)*(v_5 - 1)*(v_6 - 1) - 0.9409*v_4*(v_6 - 1) + 0.9409*v_5*(v_4 - 1)*(v_6 - 1) + 0.9409*v_6 + 0.028227*(v_3 - 1)*(v_4 - 1)*(v_5 - 1)*(v_6 - 1) + 0.0591) + 0.912673*(v_3 - 1)*(v_4 - 1)*(v_5 - 1)*(v_6 - 1)) - (v_15 - 1)*(0.8587340257*v_1*(v_3 - 1)*(v_4 - 1)*(v_5 - 1)*(v_6 - 1) + 1.0*v_1*(-0.9409*v_3*(v_4 - 1)*(v_5 - 1)*(v_6 - 1) - 0.9409*v_4*(v_6 - 1) + 0.9409*v_5*(v_4 - 1)*(v_6 - 1) + 0.9409*v_6 + 0.028227*(v_3 - 1)*(v_4 - 1)*(v_5 - 1)*(v_6 - 1) + 0.0591) - 1.0*(v_1 - 1)*(-0.9409*v_3*(v_4 - 1)*(v_5 - 1)*(v_6 - 1) - 0.9409*v_4*(v_6 - 1) + 0.9409*v_5*(v_4 - 1)*(v_6 - 1) + 0.9409*v_6 + 0.028227*(v_3 - 1)*(v_4 - 1)*(v_5 - 1)*(v_6 - 1) + 0.0591) + 0.0539389743*(v_3 - 1)*(v_4 - 1)*(v_5 - 1)*(v_6 - 1))))))
Post simplification
symp_time: 16.762220859527588
number of sums: 55
number of subs: 194
number of prods: 231
opt_time: 12.993979692459106
     fun: 0.9982642818766929
     jac: array([1., 1., 1., 1., 1., 1., 1., 1., 1., 1.])
 message: 'Optimization terminated successfully'
    nfev: 9
     nit: 7
    njev: 7
  status: 0
 success: True
       x: array([0.09982643, 0.09982643, 0.09982643, 0.09982643, 0.09982643,
       0.09982643, 0.09982643, 0.09982643, 0.09982643, 0.09982643])

real	0m34.885s
user	0m34.061s
sys	0m0.650s
Instance: 11
[INFO] aspmc: Tree Decomposition #bags: 30 unfolded treewidth: 4 #vertices: 39
[INFO] aspmc: Preprocessing disabled
[INFO] aspmc:    Stats Compilation
[INFO] aspmc: ------------------------------------------------------------
[INFO] aspmc: X/D-Constrained Tree Decomposition #bags: 42 treewidth: 11 #vertices: 57
[INFO] aspmc: Dtree time:               2.029979705810547
[INFO] aspmc: Compilation time:         0.02923750877380371
[INFO] aspmc: Preparation time:         0.000110626220703125
[INFO] aspmc: Counting time:            0.8045358657836914
[INFO] aspmc: ------------------------------------------------------------
/home/dazzolin/anaconda3/lib/python3.9/site-packages/scipy/optimize/optimize.py:282: RuntimeWarning: Values in x were outside bounds during a minimize step, clipping to bounds
  warnings.warn("Values in x were outside bounds during a "
[0.03::a0., 0.03::a1., 0.03::a2., 0.03::a3., 0.03::a4., 0.03::a5., 0.03::a6., 0.03::a7., 0.03::a8., 0.03::a9., 0.03::a10., 0.03::a11., 0.03::a12., 0.03::a13., 0.03::a14., qr:-a0., qr:-a1,not nqr., nqr:-a1,not qr., qr:-a2., qr:-a3,not nqr., nqr:-a3,not qr., qr:-a4., qr:-a5,not nqr., nqr:-a5,not qr., qr:-a6., qr:-a7,not nqr., nqr:-a7,not qr., qr:-a8., qr:-a9,not nqr., nqr:-a9,not qr., qr:-a10., qr:-a11,not nqr., nqr:-a11,not qr., qr:-a12., qr:-a13,not nqr., nqr:-a13,not qr., qr:-a14., query(qr).]
tracc
nnf_construction_time: 3.970386266708374
Pre simplification
number of sums: 3583
number of prods: 8319
len(eq): 2782
v_11*(1.0*v_1*(-0.9409*v_3*(v_4 - 1)*(v_5 - 1)*(v_6 - 1) - 0.9409*v_4*(v_6 - 1) + 0.9409*v_5*(v_4 - 1)*(v_6 - 1) + 0.9409*v_6 + 0.9409*v_7*(v_3 - 1)*(v_4 - 1)*(v_5 - 1)*(v_6 - 1) + 0.0591) - 1.0*(v_1 - 1)*(-0.9409*v_3*(v_4 - 1)*(v_5 - 1)*(v_6 - 1) - 0.9409*v_4*(v_6 - 1) + 0.9409*v_5*(v_4 - 1)*(v_6 - 1) + 0.9409*v_6 + 0.9409*v_7*(v_3 - 1)*(v_4 - 1)*(v_5 - 1)*(v_6 - 1) + 0.0591) - 0.9409*(v_3 - 1)*(v_4 - 1)*(v_5 - 1)*(v_6 - 1)*(v_7 - 1)) - (v_11 - 1)*(v_12*(1.0*v_1*(-0.9409*v_3*(v_4 - 1)*(v_5 - 1)*(v_6 - 1) - 0.9409*v_4*(v_6 - 1) + 0.9409*v_5*(v_4 - 1)*(v_6 - 1) + 0.9409*v_6 + 0.9409*v_7*(v_3 - 1)*(v_4 - 1)*(v_5 - 1)*(v_6 - 1) + 0.0591) - 1.0*(v_1 - 1)*(-0.9409*v_3*(v_4 - 1)*(v_5 - 1)*(v_6 - 1) - 0.9409*v_4*(v_6 - 1) + 0.9409*v_5*(v_4 - 1)*(v_6 - 1) + 0.9409*v_6 + 0.9409*v_7*(v_3 - 1)*(v_4 - 1)*(v_5 - 1)*(v_6 - 1) + 0.0591) - 0.9409*(v_3 - 1)*(v_4 - 1)*(v_5 - 1)*(v_6 - 1)*(v_7 - 1)) - (v_12 - 1)*(-v_13*(-1.0*v_1*(-0.9409*v_3*(v_4 - 1)*(v_5 - 1)*(v_6 - 1) - 0.9409*v_4*(v_6 - 1) + 0.9409*v_5*(v_4 - 1)*(v_6 - 1) + 0.9409*v_6 + 0.9409*v_7*(v_3 - 1)*(v_4 - 1)*(v_5 - 1)*(v_6 - 1) + 0.0591) + 1.0*(v_1 - 1)*(-0.9409*v_3*(v_4 - 1)*(v_5 - 1)*(v_6 - 1) - 0.9409*v_4*(v_6 - 1) + 0.9409*v_5*(v_4 - 1)*(v_6 - 1) + 0.9409*v_6 + 0.9409*v_7*(v_3 - 1)*(v_4 - 1)*(v_5 - 1)*(v_6 - 1) + 0.0591) + 0.9409*(v_3 - 1)*(v_4 - 1)*(v_5 - 1)*(v_6 - 1)*(v_7 - 1)) + (v_13 - 1)*(v_14*(-1.0*v_1*(-0.9409*v_3*(v_4 - 1)*(v_5 - 1)*(v_6 - 1) - 0.9409*v_4*(v_6 - 1) + 0.9409*v_5*(v_4 - 1)*(v_6 - 1) + 0.9409*v_6 + 0.9409*v_7*(v_3 - 1)*(v_4 - 1)*(v_5 - 1)*(v_6 - 1) + 0.0591) + 1.0*(v_1 - 1)*(-0.9409*v_3*(v_4 - 1)*(v_5 - 1)*(v_6 - 1) - 0.9409*v_4*(v_6 - 1) + 0.9409*v_5*(v_4 - 1)*(v_6 - 1) + 0.9409*v_6 + 0.9409*v_7*(v_3 - 1)*(v_4 - 1)*(v_5 - 1)*(v_6 - 1) + 0.0591) + 0.9409*(v_3 - 1)*(v_4 - 1)*(v_5 - 1)*(v_6 - 1)*(v_7 - 1)) - (v_14 - 1)*(v_15*(-1.0*v_1*(-0.9409*v_3*(v_4 - 1)*(v_5 - 1)*(v_6 - 1) - 0.9409*v_4*(v_6 - 1) + 0.9409*v_5*(v_4 - 1)*(v_6 - 1) + 0.9409*v_6 + 0.9409*v_7*(v_3 - 1)*(v_4 - 1)*(v_5 - 1)*(v_6 - 1) + 0.0591) + 1.0*(v_1 - 1)*(-0.9409*v_3*(v_4 - 1)*(v_5 - 1)*(v_6 - 1) - 0.9409*v_4*(v_6 - 1) + 0.9409*v_5*(v_4 - 1)*(v_6 - 1) + 0.9409*v_6 + 0.9409*v_7*(v_3 - 1)*(v_4 - 1)*(v_5 - 1)*(v_6 - 1) + 0.0591) + 0.9409*(v_3 - 1)*(v_4 - 1)*(v_5 - 1)*(v_6 - 1)*(v_7 - 1)) - (v_15 - 1)*(0.88529281*v_1*(v_3 - 1)*(v_4 - 1)*(v_5 - 1)*(v_6 - 1)*(v_7 - 1) - 1.0*v_1*(-0.9409*v_3*(v_4 - 1)*(v_5 - 1)*(v_6 - 1) - 0.9409*v_4*(v_6 - 1) + 0.9409*v_5*(v_4 - 1)*(v_6 - 1) + 0.9409*v_6 + 0.9409*v_7*(v_3 - 1)*(v_4 - 1)*(v_5 - 1)*(v_6 - 1) + 0.0591) + 1.0*(v_1 - 1)*(-0.9409*v_3*(v_4 - 1)*(v_5 - 1)*(v_6 - 1) - 0.9409*v_4*(v_6 - 1) + 0.9409*v_5*(v_4 - 1)*(v_6 - 1) + 0.9409*v_6 + 0.9409*v_7*(v_3 - 1)*(v_4 - 1)*(v_5 - 1)*(v_6 - 1) + 0.0591) + 0.05560719*(v_3 - 1)*(v_4 - 1)*(v_5 - 1)*(v_6 - 1)*(v_7 - 1))))))
Post simplification
symp_time: 29.66459631919861
number of sums: 57
number of subs: 203
number of prods: 250
opt_time: 16.364761352539062
     fun: 1.0306112304253328
     jac: array([1., 1., 1., 1., 1., 1., 1., 1., 1., 1., 1.])
 message: 'Optimization terminated successfully'
    nfev: 9
     nit: 7
    njev: 7
  status: 0
 success: True
       x: array([0.09369193, 0.09369193, 0.09369193, 0.09369193, 0.09369193,
       0.09369193, 0.09369193, 0.09369193, 0.09369193, 0.09369193,
       0.09369193])

real	0m51.154s
user	0m50.275s
sys	0m0.682s
Instance: 12
[INFO] aspmc: Tree Decomposition #bags: 30 unfolded treewidth: 4 #vertices: 39
[INFO] aspmc: Preprocessing disabled
[INFO] aspmc:    Stats Compilation
[INFO] aspmc: ------------------------------------------------------------
[INFO] aspmc: X/D-Constrained Tree Decomposition #bags: 42 treewidth: 11 #vertices: 57
[INFO] aspmc: Dtree time:               2.0275685787200928
[INFO] aspmc: Compilation time:         0.02797675132751465
[INFO] aspmc: Preparation time:         0.00011110305786132812
[INFO] aspmc: Counting time:            0.799187421798706
[INFO] aspmc: ------------------------------------------------------------
/home/dazzolin/anaconda3/lib/python3.9/site-packages/scipy/optimize/optimize.py:282: RuntimeWarning: Values in x were outside bounds during a minimize step, clipping to bounds
  warnings.warn("Values in x were outside bounds during a "
[0.03::a0., 0.03::a1., 0.03::a2., 0.03::a3., 0.03::a4., 0.03::a5., 0.03::a6., 0.03::a7., 0.03::a8., 0.03::a9., 0.03::a10., 0.03::a11., 0.03::a12., 0.03::a13., 0.03::a14., qr:-a0., qr:-a1,not nqr., nqr:-a1,not qr., qr:-a2., qr:-a3,not nqr., nqr:-a3,not qr., qr:-a4., qr:-a5,not nqr., nqr:-a5,not qr., qr:-a6., qr:-a7,not nqr., nqr:-a7,not qr., qr:-a8., qr:-a9,not nqr., nqr:-a9,not qr., qr:-a10., qr:-a11,not nqr., nqr:-a11,not qr., qr:-a12., qr:-a13,not nqr., nqr:-a13,not qr., qr:-a14., query(qr).]
tracc
nnf_construction_time: 3.9609384536743164
Pre simplification
number of sums: 3583
number of prods: 8319
len(eq): 3233
v_11*(1.0*v_1*(-0.9409*v_3*(v_4 - 1)*(v_5 - 1)*(v_6 - 1) - 0.9409*v_4*(v_6 - 1) + 0.9409*v_5*(v_4 - 1)*(v_6 - 1) + 0.9409*v_6 + 0.9409*v_7*(v_3 - 1)*(v_4 - 1)*(v_5 - 1)*(v_6 - 1) + 0.0591) - 1.0*(v_1 - 1)*(-0.9409*v_3*(v_4 - 1)*(v_5 - 1)*(v_6 - 1) - 0.9409*v_4*(v_6 - 1) + 0.9409*v_5*(v_4 - 1)*(v_6 - 1) + 0.9409*v_6 + 0.9409*v_7*(v_3 - 1)*(v_4 - 1)*(v_5 - 1)*(v_6 - 1) + 0.0591) - 0.9409*(v_3 - 1)*(v_4 - 1)*(v_5 - 1)*(v_6 - 1)*(v_7 - 1)) - (v_11 - 1)*(v_12*(1.0*v_1*(-0.9409*v_3*(v_4 - 1)*(v_5 - 1)*(v_6 - 1) - 0.9409*v_4*(v_6 - 1) + 0.9409*v_5*(v_4 - 1)*(v_6 - 1) + 0.9409*v_6 + 0.9409*v_7*(v_3 - 1)*(v_4 - 1)*(v_5 - 1)*(v_6 - 1) + 0.0591) - 1.0*(v_1 - 1)*(-0.9409*v_3*(v_4 - 1)*(v_5 - 1)*(v_6 - 1) - 0.9409*v_4*(v_6 - 1) + 0.9409*v_5*(v_4 - 1)*(v_6 - 1) + 0.9409*v_6 + 0.9409*v_7*(v_3 - 1)*(v_4 - 1)*(v_5 - 1)*(v_6 - 1) + 0.0591) - 0.9409*(v_3 - 1)*(v_4 - 1)*(v_5 - 1)*(v_6 - 1)*(v_7 - 1)) - (v_12 - 1)*(v_13*(1.0*v_1*(-0.9409*v_3*(v_4 - 1)*(v_5 - 1)*(v_6 - 1) - 0.9409*v_4*(v_6 - 1) + 0.9409*v_5*(v_4 - 1)*(v_6 - 1) + 0.9409*v_6 + 0.9409*v_7*(v_3 - 1)*(v_4 - 1)*(v_5 - 1)*(v_6 - 1) + 0.0591) - 1.0*(v_1 - 1)*(-0.9409*v_3*(v_4 - 1)*(v_5 - 1)*(v_6 - 1) - 0.9409*v_4*(v_6 - 1) + 0.9409*v_5*(v_4 - 1)*(v_6 - 1) + 0.9409*v_6 + 0.9409*v_7*(v_3 - 1)*(v_4 - 1)*(v_5 - 1)*(v_6 - 1) + 0.0591) - 0.9409*(v_3 - 1)*(v_4 - 1)*(v_5 - 1)*(v_6 - 1)*(v_7 - 1)) - (v_13 - 1)*(-v_14*(-1.0*v_1*(-0.9409*v_3*(v_4 - 1)*(v_5 - 1)*(v_6 - 1) - 0.9409*v_4*(v_6 - 1) + 0.9409*v_5*(v_4 - 1)*(v_6 - 1) + 0.9409*v_6 + 0.9409*v_7*(v_3 - 1)*(v_4 - 1)*(v_5 - 1)*(v_6 - 1) + 0.0591) + 1.0*(v_1 - 1)*(-0.9409*v_3*(v_4 - 1)*(v_5 - 1)*(v_6 - 1) - 0.9409*v_4*(v_6 - 1) + 0.9409*v_5*(v_4 - 1)*(v_6 - 1) + 0.9409*v_6 + 0.9409*v_7*(v_3 - 1)*(v_4 - 1)*(v_5 - 1)*(v_6 - 1) + 0.0591) + 0.9409*(v_3 - 1)*(v_4 - 1)*(v_5 - 1)*(v_6 - 1)*(v_7 - 1)) + (v_14 - 1)*(v_15*(-1.0*v_1*(-0.9409*v_3*(v_4 - 1)*(v_5 - 1)*(v_6 - 1) - 0.9409*v_4*(v_6 - 1) + 0.9409*v_5*(v_4 - 1)*(v_6 - 1) + 0.9409*v_6 + 0.9409*v_7*(v_3 - 1)*(v_4 - 1)*(v_5 - 1)*(v_6 - 1) + 0.0591) + 1.0*(v_1 - 1)*(-0.9409*v_3*(v_4 - 1)*(v_5 - 1)*(v_6 - 1) - 0.9409*v_4*(v_6 - 1) + 0.9409*v_5*(v_4 - 1)*(v_6 - 1) + 0.9409*v_6 + 0.9409*v_7*(v_3 - 1)*(v_4 - 1)*(v_5 - 1)*(v_6 - 1) + 0.0591) + 0.9409*(v_3 - 1)*(v_4 - 1)*(v_5 - 1)*(v_6 - 1)*(v_7 - 1)) - (v_15 - 1)*(v_16*(-1.0*v_1*(-0.9409*v_3*(v_4 - 1)*(v_5 - 1)*(v_6 - 1) - 0.9409*v_4*(v_6 - 1) + 0.9409*v_5*(v_4 - 1)*(v_6 - 1) + 0.9409*v_6 + 0.9409*v_7*(v_3 - 1)*(v_4 - 1)*(v_5 - 1)*(v_6 - 1) + 0.0591) + 1.0*(v_1 - 1)*(-0.9409*v_3*(v_4 - 1)*(v_5 - 1)*(v_6 - 1) - 0.9409*v_4*(v_6 - 1) + 0.9409*v_5*(v_4 - 1)*(v_6 - 1) + 0.9409*v_6 + 0.9409*v_7*(v_3 - 1)*(v_4 - 1)*(v_5 - 1)*(v_6 - 1) + 0.0591) + 0.9409*(v_3 - 1)*(v_4 - 1)*(v_5 - 1)*(v_6 - 1)*(v_7 - 1)) - (v_16 - 1)*(0.912673*v_1*(v_3 - 1)*(v_4 - 1)*(v_5 - 1)*(v_6 - 1)*(v_7 - 1) - 1.0*v_1*(-0.9409*v_3*(v_4 - 1)*(v_5 - 1)*(v_6 - 1) - 0.9409*v_4*(v_6 - 1) + 0.9409*v_5*(v_4 - 1)*(v_6 - 1) + 0.9409*v_6 + 0.9409*v_7*(v_3 - 1)*(v_4 - 1)*(v_5 - 1)*(v_6 - 1) + 0.0591) + 1.0*(v_1 - 1)*(-0.9409*v_3*(v_4 - 1)*(v_5 - 1)*(v_6 - 1) - 0.9409*v_4*(v_6 - 1) + 0.9409*v_5*(v_4 - 1)*(v_6 - 1) + 0.9409*v_6 + 0.9409*v_7*(v_3 - 1)*(v_4 - 1)*(v_5 - 1)*(v_6 - 1) + 0.0591) + 0.028227*(v_3 - 1)*(v_4 - 1)*(v_5 - 1)*(v_6 - 1)*(v_7 - 1)))))))
Post simplification
symp_time: 59.280529737472534
number of sums: 65
number of subs: 237
number of prods: 291
opt_time: 20.696629762649536
     fun: 1.0625751080945023
     jac: array([1., 1., 1., 1., 1., 1., 1., 1., 1., 1., 1., 1.])
 message: 'Optimization terminated successfully'
    nfev: 9
     nit: 7
    njev: 7
  status: 0
 success: True
       x: array([0.08854793, 0.08854793, 0.08854793, 0.08854793, 0.08854793,
       0.08854793, 0.08854793, 0.08854793, 0.08854793, 0.08854793,
       0.08854793, 0.08854793])

real	1m25.149s
user	1m24.241s
sys	0m0.651s
Instance: 13
[INFO] aspmc: Tree Decomposition #bags: 30 unfolded treewidth: 4 #vertices: 39
[INFO] aspmc: Preprocessing disabled
[INFO] aspmc:    Stats Compilation
[INFO] aspmc: ------------------------------------------------------------
[INFO] aspmc: X/D-Constrained Tree Decomposition #bags: 42 treewidth: 11 #vertices: 57
[INFO] aspmc: Dtree time:               2.0281271934509277
[INFO] aspmc: Compilation time:         0.028754234313964844
[INFO] aspmc: Preparation time:         0.00011968612670898438
[INFO] aspmc: Counting time:            0.7844159603118896
[INFO] aspmc: ------------------------------------------------------------
/home/dazzolin/anaconda3/lib/python3.9/site-packages/scipy/optimize/optimize.py:282: RuntimeWarning: Values in x were outside bounds during a minimize step, clipping to bounds
  warnings.warn("Values in x were outside bounds during a "
[0.03::a0., 0.03::a1., 0.03::a2., 0.03::a3., 0.03::a4., 0.03::a5., 0.03::a6., 0.03::a7., 0.03::a8., 0.03::a9., 0.03::a10., 0.03::a11., 0.03::a12., 0.03::a13., 0.03::a14., qr:-a0., qr:-a1,not nqr., nqr:-a1,not qr., qr:-a2., qr:-a3,not nqr., nqr:-a3,not qr., qr:-a4., qr:-a5,not nqr., nqr:-a5,not qr., qr:-a6., qr:-a7,not nqr., nqr:-a7,not qr., qr:-a8., qr:-a9,not nqr., nqr:-a9,not qr., qr:-a10., qr:-a11,not nqr., nqr:-a11,not qr., qr:-a12., qr:-a13,not nqr., nqr:-a13,not qr., qr:-a14., query(qr).]
tracc
nnf_construction_time: 3.946596145629883
Pre simplification
number of sums: 3583
number of prods: 8319
len(eq): 4217
v_11*(1.0*v_1*(0.97*v_3*(v_4 - 1)*(v_5 - 1)*(v_6 - 1)*(v_8 - 1) + 0.97*v_4*(v_6 - 1)*(v_8 - 1) - 0.97*v_5*(v_4 - 1)*(v_6 - 1)*(v_8 - 1) - 1.0*v_6*(v_8 - 1) - 0.97*v_7*(v_3 - 1)*(v_4 - 1)*(v_5 - 1)*(v_6 - 1)*(v_8 - 1) + 1.0*v_8 + 0.03*(v_6 - 1)*(v_8 - 1)) - 1.0*(v_1 - 1)*(0.97*v_3*(v_4 - 1)*(v_5 - 1)*(v_6 - 1)*(v_8 - 1) + 0.97*v_4*(v_6 - 1)*(v_8 - 1) - 0.97*v_5*(v_4 - 1)*(v_6 - 1)*(v_8 - 1) - 1.0*v_6*(v_8 - 1) - 0.97*v_7*(v_3 - 1)*(v_4 - 1)*(v_5 - 1)*(v_6 - 1)*(v_8 - 1) + 1.0*v_8 + 0.03*(v_6 - 1)*(v_8 - 1)) + 0.97*(v_3 - 1)*(v_4 - 1)*(v_5 - 1)*(v_6 - 1)*(v_7 - 1)*(v_8 - 1)) - (v_11 - 1)*(v_12*(1.0*v_1*(0.97*v_3*(v_4 - 1)*(v_5 - 1)*(v_6 - 1)*(v_8 - 1) + 0.97*v_4*(v_6 - 1)*(v_8 - 1) - 0.97*v_5*(v_4 - 1)*(v_6 - 1)*(v_8 - 1) - 1.0*v_6*(v_8 - 1) - 0.97*v_7*(v_3 - 1)*(v_4 - 1)*(v_5 - 1)*(v_6 - 1)*(v_8 - 1) + 1.0*v_8 + 0.03*(v_6 - 1)*(v_8 - 1)) - 1.0*(v_1 - 1)*(0.97*v_3*(v_4 - 1)*(v_5 - 1)*(v_6 - 1)*(v_8 - 1) + 0.97*v_4*(v_6 - 1)*(v_8 - 1) - 0.97*v_5*(v_4 - 1)*(v_6 - 1)*(v_8 - 1) - 1.0*v_6*(v_8 - 1) - 0.97*v_7*(v_3 - 1)*(v_4 - 1)*(v_5 - 1)*(v_6 - 1)*(v_8 - 1) + 1.0*v_8 + 0.03*(v_6 - 1)*(v_8 - 1)) + 0.97*(v_3 - 1)*(v_4 - 1)*(v_5 - 1)*(v_6 - 1)*(v_7 - 1)*(v_8 - 1)) - (v_12 - 1)*(v_13*(1.0*v_1*(0.97*v_3*(v_4 - 1)*(v_5 - 1)*(v_6 - 1)*(v_8 - 1) + 0.97*v_4*(v_6 - 1)*(v_8 - 1) - 0.97*v_5*(v_4 - 1)*(v_6 - 1)*(v_8 - 1) - 1.0*v_6*(v_8 - 1) - 0.97*v_7*(v_3 - 1)*(v_4 - 1)*(v_5 - 1)*(v_6 - 1)*(v_8 - 1) + 1.0*v_8 + 0.03*(v_6 - 1)*(v_8 - 1)) - 1.0*(v_1 - 1)*(0.97*v_3*(v_4 - 1)*(v_5 - 1)*(v_6 - 1)*(v_8 - 1) + 0.97*v_4*(v_6 - 1)*(v_8 - 1) - 0.97*v_5*(v_4 - 1)*(v_6 - 1)*(v_8 - 1) - 1.0*v_6*(v_8 - 1) - 0.97*v_7*(v_3 - 1)*(v_4 - 1)*(v_5 - 1)*(v_6 - 1)*(v_8 - 1) + 1.0*v_8 + 0.03*(v_6 - 1)*(v_8 - 1)) + 0.97*(v_3 - 1)*(v_4 - 1)*(v_5 - 1)*(v_6 - 1)*(v_7 - 1)*(v_8 - 1)) - (v_13 - 1)*(v_14*(1.0*v_1*(0.97*v_3*(v_4 - 1)*(v_5 - 1)*(v_6 - 1)*(v_8 - 1) + 0.97*v_4*(v_6 - 1)*(v_8 - 1) - 0.97*v_5*(v_4 - 1)*(v_6 - 1)*(v_8 - 1) - 1.0*v_6*(v_8 - 1) - 0.97*v_7*(v_3 - 1)*(v_4 - 1)*(v_5 - 1)*(v_6 - 1)*(v_8 - 1) + 1.0*v_8 + 0.03*(v_6 - 1)*(v_8 - 1)) - 1.0*(v_1 - 1)*(0.97*v_3*(v_4 - 1)*(v_5 - 1)*(v_6 - 1)*(v_8 - 1) + 0.97*v_4*(v_6 - 1)*(v_8 - 1) - 0.97*v_5*(v_4 - 1)*(v_6 - 1)*(v_8 - 1) - 1.0*v_6*(v_8 - 1) - 0.97*v_7*(v_3 - 1)*(v_4 - 1)*(v_5 - 1)*(v_6 - 1)*(v_8 - 1) + 1.0*v_8 + 0.03*(v_6 - 1)*(v_8 - 1)) + 0.97*(v_3 - 1)*(v_4 - 1)*(v_5 - 1)*(v_6 - 1)*(v_7 - 1)*(v_8 - 1)) - (v_14 - 1)*(v_15*(1.0*v_1*(0.97*v_3*(v_4 - 1)*(v_5 - 1)*(v_6 - 1)*(v_8 - 1) + 0.97*v_4*(v_6 - 1)*(v_8 - 1) - 0.97*v_5*(v_4 - 1)*(v_6 - 1)*(v_8 - 1) - 1.0*v_6*(v_8 - 1) - 0.97*v_7*(v_3 - 1)*(v_4 - 1)*(v_5 - 1)*(v_6 - 1)*(v_8 - 1) + 1.0*v_8 + 0.03*(v_6 - 1)*(v_8 - 1)) - 1.0*(v_1 - 1)*(0.97*v_3*(v_4 - 1)*(v_5 - 1)*(v_6 - 1)*(v_8 - 1) + 0.97*v_4*(v_6 - 1)*(v_8 - 1) - 0.97*v_5*(v_4 - 1)*(v_6 - 1)*(v_8 - 1) - 1.0*v_6*(v_8 - 1) - 0.97*v_7*(v_3 - 1)*(v_4 - 1)*(v_5 - 1)*(v_6 - 1)*(v_8 - 1) + 1.0*v_8 + 0.03*(v_6 - 1)*(v_8 - 1)) + 0.97*(v_3 - 1)*(v_4 - 1)*(v_5 - 1)*(v_6 - 1)*(v_7 - 1)*(v_8 - 1)) - (v_15 - 1)*(v_16*(1.0*v_1*(0.97*v_3*(v_4 - 1)*(v_5 - 1)*(v_6 - 1)*(v_8 - 1) + 0.97*v_4*(v_6 - 1)*(v_8 - 1) - 0.97*v_5*(v_4 - 1)*(v_6 - 1)*(v_8 - 1) - 1.0*v_6*(v_8 - 1) - 0.97*v_7*(v_3 - 1)*(v_4 - 1)*(v_5 - 1)*(v_6 - 1)*(v_8 - 1) + 1.0*v_8 + 0.03*(v_6 - 1)*(v_8 - 1)) - 1.0*(v_1 - 1)*(0.97*v_3*(v_4 - 1)*(v_5 - 1)*(v_6 - 1)*(v_8 - 1) + 0.97*v_4*(v_6 - 1)*(v_8 - 1) - 0.97*v_5*(v_4 - 1)*(v_6 - 1)*(v_8 - 1) - 1.0*v_6*(v_8 - 1) - 0.97*v_7*(v_3 - 1)*(v_4 - 1)*(v_5 - 1)*(v_6 - 1)*(v_8 - 1) + 1.0*v_8 + 0.03*(v_6 - 1)*(v_8 - 1)) + 0.97*(v_3 - 1)*(v_4 - 1)*(v_5 - 1)*(v_6 - 1)*(v_7 - 1)*(v_8 - 1)) - (v_16 - 1)*(0.9409*v_1*(v_3 - 1)*(v_4 - 1)*(v_5 - 1)*(v_6 - 1)*(v_7 - 1)*(v_8 - 1) + 1.0*v_1*(0.97*v_3*(v_4 - 1)*(v_5 - 1)*(v_6 - 1)*(v_8 - 1) + 0.97*v_4*(v_6 - 1)*(v_8 - 1) - 0.97*v_5*(v_4 - 1)*(v_6 - 1)*(v_8 - 1) - 1.0*v_6*(v_8 - 1) - 0.97*v_7*(v_3 - 1)*(v_4 - 1)*(v_5 - 1)*(v_6 - 1)*(v_8 - 1) + 1.0*v_8 + 0.03*(v_6 - 1)*(v_8 - 1)) - 1.0*(v_1 - 1)*(0.97*v_3*(v_4 - 1)*(v_5 - 1)*(v_6 - 1)*(v_8 - 1) + 0.97*v_4*(v_6 - 1)*(v_8 - 1) - 0.97*v_5*(v_4 - 1)*(v_6 - 1)*(v_8 - 1) - 1.0*v_6*(v_8 - 1) - 0.97*v_7*(v_3 - 1)*(v_4 - 1)*(v_5 - 1)*(v_6 - 1)*(v_8 - 1) + 1.0*v_8 + 0.03*(v_6 - 1)*(v_8 - 1)) + 0.0291*(v_3 - 1)*(v_4 - 1)*(v_5 - 1)*(v_6 - 1)*(v_7 - 1)*(v_8 - 1)))))))
Post simplification
symp_time: 112.67421436309814
number of sums: 50
number of subs: 354
number of prods: 411
opt_time: 27.212993383407593
     fun: 1.0942426178544202
     jac: array([1., 1., 1., 1., 1., 1., 1., 1., 1., 1., 1., 1., 1.])
 message: 'Optimization terminated successfully'
    nfev: 9
     nit: 7
    njev: 7
  status: 0
 success: True
       x: array([0.08417251, 0.08417251, 0.08417251, 0.08417251, 0.08417251,
       0.08417251, 0.08417251, 0.08417251, 0.08417251, 0.08417251,
       0.08417251, 0.08417251, 0.08417251])

real	2m25.208s
user	2m24.065s
sys	0m0.830s
Instance: 14
[INFO] aspmc: Tree Decomposition #bags: 30 unfolded treewidth: 4 #vertices: 39
[INFO] aspmc: Preprocessing disabled
[INFO] aspmc:    Stats Compilation
[INFO] aspmc: ------------------------------------------------------------
[INFO] aspmc: X/D-Constrained Tree Decomposition #bags: 42 treewidth: 11 #vertices: 57
[INFO] aspmc: Dtree time:               2.0281388759613037
[INFO] aspmc: Compilation time:         0.028231382369995117
[INFO] aspmc: Preparation time:         0.00010943412780761719
[INFO] aspmc: Counting time:            0.7830944061279297
[INFO] aspmc: ------------------------------------------------------------
/home/dazzolin/anaconda3/lib/python3.9/site-packages/scipy/optimize/optimize.py:282: RuntimeWarning: Values in x were outside bounds during a minimize step, clipping to bounds
  warnings.warn("Values in x were outside bounds during a "
[0.03::a0., 0.03::a1., 0.03::a2., 0.03::a3., 0.03::a4., 0.03::a5., 0.03::a6., 0.03::a7., 0.03::a8., 0.03::a9., 0.03::a10., 0.03::a11., 0.03::a12., 0.03::a13., 0.03::a14., qr:-a0., qr:-a1,not nqr., nqr:-a1,not qr., qr:-a2., qr:-a3,not nqr., nqr:-a3,not qr., qr:-a4., qr:-a5,not nqr., nqr:-a5,not qr., qr:-a6., qr:-a7,not nqr., nqr:-a7,not qr., qr:-a8., qr:-a9,not nqr., nqr:-a9,not qr., qr:-a10., qr:-a11,not nqr., nqr:-a11,not qr., qr:-a12., qr:-a13,not nqr., nqr:-a13,not qr., qr:-a14., query(qr).]
tracc
nnf_construction_time: 3.9448492527008057
Pre simplification
number of sums: 3583
number of prods: 8319
len(eq): 4677
v_11*(v_1*(0.97*v_3*(v_4 - 1)*(v_5 - 1)*(v_6 - 1)*(v_8 - 1) + 0.97*v_4*(v_6 - 1)*(v_8 - 1) - 0.97*v_5*(v_4 - 1)*(v_6 - 1)*(v_8 - 1) - 1.0*v_6*(v_8 - 1) - 0.97*v_7*(v_3 - 1)*(v_4 - 1)*(v_5 - 1)*(v_6 - 1)*(v_8 - 1) + 1.0*v_8 + 0.03*(v_6 - 1)*(v_8 - 1)) - (v_1 - 1)*(0.97*v_3*(v_4 - 1)*(v_5 - 1)*(v_6 - 1)*(v_8 - 1) + 0.97*v_4*(v_6 - 1)*(v_8 - 1) - 0.97*v_5*(v_4 - 1)*(v_6 - 1)*(v_8 - 1) - 1.0*v_6*(v_8 - 1) - 0.97*v_7*(v_3 - 1)*(v_4 - 1)*(v_5 - 1)*(v_6 - 1)*(v_8 - 1) + 1.0*v_8 + 0.03*(v_6 - 1)*(v_8 - 1)) + 0.97*(v_3 - 1)*(v_4 - 1)*(v_5 - 1)*(v_6 - 1)*(v_7 - 1)*(v_8 - 1)) - (v_11 - 1)*(v_12*(v_1*(0.97*v_3*(v_4 - 1)*(v_5 - 1)*(v_6 - 1)*(v_8 - 1) + 0.97*v_4*(v_6 - 1)*(v_8 - 1) - 0.97*v_5*(v_4 - 1)*(v_6 - 1)*(v_8 - 1) - 1.0*v_6*(v_8 - 1) - 0.97*v_7*(v_3 - 1)*(v_4 - 1)*(v_5 - 1)*(v_6 - 1)*(v_8 - 1) + 1.0*v_8 + 0.03*(v_6 - 1)*(v_8 - 1)) - (v_1 - 1)*(0.97*v_3*(v_4 - 1)*(v_5 - 1)*(v_6 - 1)*(v_8 - 1) + 0.97*v_4*(v_6 - 1)*(v_8 - 1) - 0.97*v_5*(v_4 - 1)*(v_6 - 1)*(v_8 - 1) - 1.0*v_6*(v_8 - 1) - 0.97*v_7*(v_3 - 1)*(v_4 - 1)*(v_5 - 1)*(v_6 - 1)*(v_8 - 1) + 1.0*v_8 + 0.03*(v_6 - 1)*(v_8 - 1)) + 0.97*(v_3 - 1)*(v_4 - 1)*(v_5 - 1)*(v_6 - 1)*(v_7 - 1)*(v_8 - 1)) - (v_12 - 1)*(v_13*(v_1*(0.97*v_3*(v_4 - 1)*(v_5 - 1)*(v_6 - 1)*(v_8 - 1) + 0.97*v_4*(v_6 - 1)*(v_8 - 1) - 0.97*v_5*(v_4 - 1)*(v_6 - 1)*(v_8 - 1) - 1.0*v_6*(v_8 - 1) - 0.97*v_7*(v_3 - 1)*(v_4 - 1)*(v_5 - 1)*(v_6 - 1)*(v_8 - 1) + 1.0*v_8 + 0.03*(v_6 - 1)*(v_8 - 1)) - (v_1 - 1)*(0.97*v_3*(v_4 - 1)*(v_5 - 1)*(v_6 - 1)*(v_8 - 1) + 0.97*v_4*(v_6 - 1)*(v_8 - 1) - 0.97*v_5*(v_4 - 1)*(v_6 - 1)*(v_8 - 1) - 1.0*v_6*(v_8 - 1) - 0.97*v_7*(v_3 - 1)*(v_4 - 1)*(v_5 - 1)*(v_6 - 1)*(v_8 - 1) + 1.0*v_8 + 0.03*(v_6 - 1)*(v_8 - 1)) + 0.97*(v_3 - 1)*(v_4 - 1)*(v_5 - 1)*(v_6 - 1)*(v_7 - 1)*(v_8 - 1)) - (v_13 - 1)*(v_14*(v_1*(0.97*v_3*(v_4 - 1)*(v_5 - 1)*(v_6 - 1)*(v_8 - 1) + 0.97*v_4*(v_6 - 1)*(v_8 - 1) - 0.97*v_5*(v_4 - 1)*(v_6 - 1)*(v_8 - 1) - 1.0*v_6*(v_8 - 1) - 0.97*v_7*(v_3 - 1)*(v_4 - 1)*(v_5 - 1)*(v_6 - 1)*(v_8 - 1) + 1.0*v_8 + 0.03*(v_6 - 1)*(v_8 - 1)) - (v_1 - 1)*(0.97*v_3*(v_4 - 1)*(v_5 - 1)*(v_6 - 1)*(v_8 - 1) + 0.97*v_4*(v_6 - 1)*(v_8 - 1) - 0.97*v_5*(v_4 - 1)*(v_6 - 1)*(v_8 - 1) - 1.0*v_6*(v_8 - 1) - 0.97*v_7*(v_3 - 1)*(v_4 - 1)*(v_5 - 1)*(v_6 - 1)*(v_8 - 1) + 1.0*v_8 + 0.03*(v_6 - 1)*(v_8 - 1)) + 0.97*(v_3 - 1)*(v_4 - 1)*(v_5 - 1)*(v_6 - 1)*(v_7 - 1)*(v_8 - 1)) - (v_14 - 1)*(v_15*(v_1*(0.97*v_3*(v_4 - 1)*(v_5 - 1)*(v_6 - 1)*(v_8 - 1) + 0.97*v_4*(v_6 - 1)*(v_8 - 1) - 0.97*v_5*(v_4 - 1)*(v_6 - 1)*(v_8 - 1) - 1.0*v_6*(v_8 - 1) - 0.97*v_7*(v_3 - 1)*(v_4 - 1)*(v_5 - 1)*(v_6 - 1)*(v_8 - 1) + 1.0*v_8 + 0.03*(v_6 - 1)*(v_8 - 1)) - (v_1 - 1)*(0.97*v_3*(v_4 - 1)*(v_5 - 1)*(v_6 - 1)*(v_8 - 1) + 0.97*v_4*(v_6 - 1)*(v_8 - 1) - 0.97*v_5*(v_4 - 1)*(v_6 - 1)*(v_8 - 1) - 1.0*v_6*(v_8 - 1) - 0.97*v_7*(v_3 - 1)*(v_4 - 1)*(v_5 - 1)*(v_6 - 1)*(v_8 - 1) + 1.0*v_8 + 0.03*(v_6 - 1)*(v_8 - 1)) + 0.97*(v_3 - 1)*(v_4 - 1)*(v_5 - 1)*(v_6 - 1)*(v_7 - 1)*(v_8 - 1)) - (v_15 - 1)*(v_16*(v_1*(0.97*v_3*(v_4 - 1)*(v_5 - 1)*(v_6 - 1)*(v_8 - 1) + 0.97*v_4*(v_6 - 1)*(v_8 - 1) - 0.97*v_5*(v_4 - 1)*(v_6 - 1)*(v_8 - 1) - 1.0*v_6*(v_8 - 1) - 0.97*v_7*(v_3 - 1)*(v_4 - 1)*(v_5 - 1)*(v_6 - 1)*(v_8 - 1) + 1.0*v_8 + 0.03*(v_6 - 1)*(v_8 - 1)) - (v_1 - 1)*(0.97*v_3*(v_4 - 1)*(v_5 - 1)*(v_6 - 1)*(v_8 - 1) + 0.97*v_4*(v_6 - 1)*(v_8 - 1) - 0.97*v_5*(v_4 - 1)*(v_6 - 1)*(v_8 - 1) - 1.0*v_6*(v_8 - 1) - 0.97*v_7*(v_3 - 1)*(v_4 - 1)*(v_5 - 1)*(v_6 - 1)*(v_8 - 1) + 1.0*v_8 + 0.03*(v_6 - 1)*(v_8 - 1)) + 0.97*(v_3 - 1)*(v_4 - 1)*(v_5 - 1)*(v_6 - 1)*(v_7 - 1)*(v_8 - 1)) - (v_16 - 1)*(v_17*(v_1*(0.97*v_3*(v_4 - 1)*(v_5 - 1)*(v_6 - 1)*(v_8 - 1) + 0.97*v_4*(v_6 - 1)*(v_8 - 1) - 0.97*v_5*(v_4 - 1)*(v_6 - 1)*(v_8 - 1) - 1.0*v_6*(v_8 - 1) - 0.97*v_7*(v_3 - 1)*(v_4 - 1)*(v_5 - 1)*(v_6 - 1)*(v_8 - 1) + 1.0*v_8 + 0.03*(v_6 - 1)*(v_8 - 1)) - (v_1 - 1)*(0.97*v_3*(v_4 - 1)*(v_5 - 1)*(v_6 - 1)*(v_8 - 1) + 0.97*v_4*(v_6 - 1)*(v_8 - 1) - 0.97*v_5*(v_4 - 1)*(v_6 - 1)*(v_8 - 1) - 1.0*v_6*(v_8 - 1) - 0.97*v_7*(v_3 - 1)*(v_4 - 1)*(v_5 - 1)*(v_6 - 1)*(v_8 - 1) + 1.0*v_8 + 0.03*(v_6 - 1)*(v_8 - 1)) + 0.97*(v_3 - 1)*(v_4 - 1)*(v_5 - 1)*(v_6 - 1)*(v_7 - 1)*(v_8 - 1)) - (v_17 - 1)*(0.97*v_1*(v_3 - 1)*(v_4 - 1)*(v_5 - 1)*(v_6 - 1)*(v_7 - 1)*(v_8 - 1) + v_1*(0.97*v_3*(v_4 - 1)*(v_5 - 1)*(v_6 - 1)*(v_8 - 1) + 0.97*v_4*(v_6 - 1)*(v_8 - 1) - 0.97*v_5*(v_4 - 1)*(v_6 - 1)*(v_8 - 1) - 1.0*v_6*(v_8 - 1) - 0.97*v_7*(v_3 - 1)*(v_4 - 1)*(v_5 - 1)*(v_6 - 1)*(v_8 - 1) + 1.0*v_8 + 0.03*(v_6 - 1)*(v_8 - 1)) - (v_1 - 1)*(0.97*v_3*(v_4 - 1)*(v_5 - 1)*(v_6 - 1)*(v_8 - 1) + 0.97*v_4*(v_6 - 1)*(v_8 - 1) - 0.97*v_5*(v_4 - 1)*(v_6 - 1)*(v_8 - 1) - 1.0*v_6*(v_8 - 1) - 0.97*v_7*(v_3 - 1)*(v_4 - 1)*(v_5 - 1)*(v_6 - 1)*(v_8 - 1) + 1.0*v_8 + 0.03*(v_6 - 1)*(v_8 - 1)))))))))
Post simplification
symp_time: 235.83371090888977
number of sums: 56
number of subs: 398
number of prods: 447
opt_time: 33.61517643928528
     fun: 1.1256761348642943
     jac: array([1., 1., 1., 1., 1., 1., 1., 1., 1., 1., 1., 1., 1., 1.])
 message: 'Optimization terminated successfully'
    nfev: 9
     nit: 7
    njev: 7
  status: 0
 success: True
       x: array([0.08040544, 0.08040544, 0.08040544, 0.08040544, 0.08040544,
       0.08040544, 0.08040544, 0.08040544, 0.08040544, 0.08040544,
       0.08040544, 0.08040544, 0.08040544, 0.08040544])

real	4m34.936s
user	4m33.549s
sys	0m0.986s
Instance: 15
[INFO] aspmc: Tree Decomposition #bags: 30 unfolded treewidth: 4 #vertices: 39
[INFO] aspmc: Preprocessing disabled
[INFO] aspmc:    Stats Compilation
[INFO] aspmc: ------------------------------------------------------------
[INFO] aspmc: X/D-Constrained Tree Decomposition #bags: 42 treewidth: 11 #vertices: 57
[INFO] aspmc: Dtree time:               2.0293519496917725
[INFO] aspmc: Compilation time:         0.02953791618347168
[INFO] aspmc: Preparation time:         0.00011134147644042969
[INFO] aspmc: Counting time:            0.7582998275756836
[INFO] aspmc: ------------------------------------------------------------
/home/dazzolin/anaconda3/lib/python3.9/site-packages/scipy/optimize/optimize.py:282: RuntimeWarning: Values in x were outside bounds during a minimize step, clipping to bounds
  warnings.warn("Values in x were outside bounds during a "
[0.03::a0., 0.03::a1., 0.03::a2., 0.03::a3., 0.03::a4., 0.03::a5., 0.03::a6., 0.03::a7., 0.03::a8., 0.03::a9., 0.03::a10., 0.03::a11., 0.03::a12., 0.03::a13., 0.03::a14., qr:-a0., qr:-a1,not nqr., nqr:-a1,not qr., qr:-a2., qr:-a3,not nqr., nqr:-a3,not qr., qr:-a4., qr:-a5,not nqr., nqr:-a5,not qr., qr:-a6., qr:-a7,not nqr., nqr:-a7,not qr., qr:-a8., qr:-a9,not nqr., nqr:-a9,not qr., qr:-a10., qr:-a11,not nqr., nqr:-a11,not qr., qr:-a12., qr:-a13,not nqr., nqr:-a13,not qr., qr:-a14., query(qr).]
tracc
nnf_construction_time: 3.922426462173462
Pre simplification
number of sums: 3583
number of prods: 8319
len(eq): 4913
v_11*(v_1*(-v_3*(v_4 - 1)*(v_5 - 1)*(v_6 - 1)*(v_8 - 1)*(v_9 - 1) - v_4*(v_6 - 1)*(v_8 - 1)*(v_9 - 1) + v_5*(v_4 - 1)*(v_6 - 1)*(v_8 - 1)*(v_9 - 1) - v_6*(v_8 - 1) + v_7*(v_3 - 1)*(v_4 - 1)*(v_5 - 1)*(v_6 - 1)*(v_8 - 1)*(v_9 - 1) + v_8 + v_9*(v_6 - 1)*(v_8 - 1)) - (v_1 - 1)*(-v_3*(v_4 - 1)*(v_5 - 1)*(v_6 - 1)*(v_8 - 1)*(v_9 - 1) - v_4*(v_6 - 1)*(v_8 - 1)*(v_9 - 1) + v_5*(v_4 - 1)*(v_6 - 1)*(v_8 - 1)*(v_9 - 1) - v_6*(v_8 - 1) + v_7*(v_3 - 1)*(v_4 - 1)*(v_5 - 1)*(v_6 - 1)*(v_8 - 1)*(v_9 - 1) + v_8 + v_9*(v_6 - 1)*(v_8 - 1)) - (v_3 - 1)*(v_4 - 1)*(v_5 - 1)*(v_6 - 1)*(v_7 - 1)*(v_8 - 1)*(v_9 - 1)) - (v_11 - 1)*(v_12*(v_1*(-v_3*(v_4 - 1)*(v_5 - 1)*(v_6 - 1)*(v_8 - 1)*(v_9 - 1) - v_4*(v_6 - 1)*(v_8 - 1)*(v_9 - 1) + v_5*(v_4 - 1)*(v_6 - 1)*(v_8 - 1)*(v_9 - 1) - v_6*(v_8 - 1) + v_7*(v_3 - 1)*(v_4 - 1)*(v_5 - 1)*(v_6 - 1)*(v_8 - 1)*(v_9 - 1) + v_8 + v_9*(v_6 - 1)*(v_8 - 1)) - (v_1 - 1)*(-v_3*(v_4 - 1)*(v_5 - 1)*(v_6 - 1)*(v_8 - 1)*(v_9 - 1) - v_4*(v_6 - 1)*(v_8 - 1)*(v_9 - 1) + v_5*(v_4 - 1)*(v_6 - 1)*(v_8 - 1)*(v_9 - 1) - v_6*(v_8 - 1) + v_7*(v_3 - 1)*(v_4 - 1)*(v_5 - 1)*(v_6 - 1)*(v_8 - 1)*(v_9 - 1) + v_8 + v_9*(v_6 - 1)*(v_8 - 1)) - (v_3 - 1)*(v_4 - 1)*(v_5 - 1)*(v_6 - 1)*(v_7 - 1)*(v_8 - 1)*(v_9 - 1)) - (v_12 - 1)*(v_13*(v_1*(-v_3*(v_4 - 1)*(v_5 - 1)*(v_6 - 1)*(v_8 - 1)*(v_9 - 1) - v_4*(v_6 - 1)*(v_8 - 1)*(v_9 - 1) + v_5*(v_4 - 1)*(v_6 - 1)*(v_8 - 1)*(v_9 - 1) - v_6*(v_8 - 1) + v_7*(v_3 - 1)*(v_4 - 1)*(v_5 - 1)*(v_6 - 1)*(v_8 - 1)*(v_9 - 1) + v_8 + v_9*(v_6 - 1)*(v_8 - 1)) - (v_1 - 1)*(-v_3*(v_4 - 1)*(v_5 - 1)*(v_6 - 1)*(v_8 - 1)*(v_9 - 1) - v_4*(v_6 - 1)*(v_8 - 1)*(v_9 - 1) + v_5*(v_4 - 1)*(v_6 - 1)*(v_8 - 1)*(v_9 - 1) - v_6*(v_8 - 1) + v_7*(v_3 - 1)*(v_4 - 1)*(v_5 - 1)*(v_6 - 1)*(v_8 - 1)*(v_9 - 1) + v_8 + v_9*(v_6 - 1)*(v_8 - 1)) - (v_3 - 1)*(v_4 - 1)*(v_5 - 1)*(v_6 - 1)*(v_7 - 1)*(v_8 - 1)*(v_9 - 1)) - (v_13 - 1)*(v_14*(v_1*(-v_3*(v_4 - 1)*(v_5 - 1)*(v_6 - 1)*(v_8 - 1)*(v_9 - 1) - v_4*(v_6 - 1)*(v_8 - 1)*(v_9 - 1) + v_5*(v_4 - 1)*(v_6 - 1)*(v_8 - 1)*(v_9 - 1) - v_6*(v_8 - 1) + v_7*(v_3 - 1)*(v_4 - 1)*(v_5 - 1)*(v_6 - 1)*(v_8 - 1)*(v_9 - 1) + v_8 + v_9*(v_6 - 1)*(v_8 - 1)) - (v_1 - 1)*(-v_3*(v_4 - 1)*(v_5 - 1)*(v_6 - 1)*(v_8 - 1)*(v_9 - 1) - v_4*(v_6 - 1)*(v_8 - 1)*(v_9 - 1) + v_5*(v_4 - 1)*(v_6 - 1)*(v_8 - 1)*(v_9 - 1) - v_6*(v_8 - 1) + v_7*(v_3 - 1)*(v_4 - 1)*(v_5 - 1)*(v_6 - 1)*(v_8 - 1)*(v_9 - 1) + v_8 + v_9*(v_6 - 1)*(v_8 - 1)) - (v_3 - 1)*(v_4 - 1)*(v_5 - 1)*(v_6 - 1)*(v_7 - 1)*(v_8 - 1)*(v_9 - 1)) - (v_14 - 1)*(-v_15*(-v_1*(-v_3*(v_4 - 1)*(v_5 - 1)*(v_6 - 1)*(v_8 - 1)*(v_9 - 1) - v_4*(v_6 - 1)*(v_8 - 1)*(v_9 - 1) + v_5*(v_4 - 1)*(v_6 - 1)*(v_8 - 1)*(v_9 - 1) - v_6*(v_8 - 1) + v_7*(v_3 - 1)*(v_4 - 1)*(v_5 - 1)*(v_6 - 1)*(v_8 - 1)*(v_9 - 1) + v_8 + v_9*(v_6 - 1)*(v_8 - 1)) + (v_1 - 1)*(-v_3*(v_4 - 1)*(v_5 - 1)*(v_6 - 1)*(v_8 - 1)*(v_9 - 1) - v_4*(v_6 - 1)*(v_8 - 1)*(v_9 - 1) + v_5*(v_4 - 1)*(v_6 - 1)*(v_8 - 1)*(v_9 - 1) - v_6*(v_8 - 1) + v_7*(v_3 - 1)*(v_4 - 1)*(v_5 - 1)*(v_6 - 1)*(v_8 - 1)*(v_9 - 1) + v_8 + v_9*(v_6 - 1)*(v_8 - 1)) + (v_3 - 1)*(v_4 - 1)*(v_5 - 1)*(v_6 - 1)*(v_7 - 1)*(v_8 - 1)*(v_9 - 1)) + (v_15 - 1)*(v_16*(-v_1*(-v_3*(v_4 - 1)*(v_5 - 1)*(v_6 - 1)*(v_8 - 1)*(v_9 - 1) - v_4*(v_6 - 1)*(v_8 - 1)*(v_9 - 1) + v_5*(v_4 - 1)*(v_6 - 1)*(v_8 - 1)*(v_9 - 1) - v_6*(v_8 - 1) + v_7*(v_3 - 1)*(v_4 - 1)*(v_5 - 1)*(v_6 - 1)*(v_8 - 1)*(v_9 - 1) + v_8 + v_9*(v_6 - 1)*(v_8 - 1)) + (v_1 - 1)*(-v_3*(v_4 - 1)*(v_5 - 1)*(v_6 - 1)*(v_8 - 1)*(v_9 - 1) - v_4*(v_6 - 1)*(v_8 - 1)*(v_9 - 1) + v_5*(v_4 - 1)*(v_6 - 1)*(v_8 - 1)*(v_9 - 1) - v_6*(v_8 - 1) + v_7*(v_3 - 1)*(v_4 - 1)*(v_5 - 1)*(v_6 - 1)*(v_8 - 1)*(v_9 - 1) + v_8 + v_9*(v_6 - 1)*(v_8 - 1)) + (v_3 - 1)*(v_4 - 1)*(v_5 - 1)*(v_6 - 1)*(v_7 - 1)*(v_8 - 1)*(v_9 - 1)) - (v_16 - 1)*(v_17*(-v_1*(-v_3*(v_4 - 1)*(v_5 - 1)*(v_6 - 1)*(v_8 - 1)*(v_9 - 1) - v_4*(v_6 - 1)*(v_8 - 1)*(v_9 - 1) + v_5*(v_4 - 1)*(v_6 - 1)*(v_8 - 1)*(v_9 - 1) - v_6*(v_8 - 1) + v_7*(v_3 - 1)*(v_4 - 1)*(v_5 - 1)*(v_6 - 1)*(v_8 - 1)*(v_9 - 1) + v_8 + v_9*(v_6 - 1)*(v_8 - 1)) + (v_1 - 1)*(-v_3*(v_4 - 1)*(v_5 - 1)*(v_6 - 1)*(v_8 - 1)*(v_9 - 1) - v_4*(v_6 - 1)*(v_8 - 1)*(v_9 - 1) + v_5*(v_4 - 1)*(v_6 - 1)*(v_8 - 1)*(v_9 - 1) - v_6*(v_8 - 1) + v_7*(v_3 - 1)*(v_4 - 1)*(v_5 - 1)*(v_6 - 1)*(v_8 - 1)*(v_9 - 1) + v_8 + v_9*(v_6 - 1)*(v_8 - 1)) + (v_3 - 1)*(v_4 - 1)*(v_5 - 1)*(v_6 - 1)*(v_7 - 1)*(v_8 - 1)*(v_9 - 1)) - (v_17 - 1)*(v_1*(v_3 - 1)*(v_4 - 1)*(v_5 - 1)*(v_6 - 1)*(v_7 - 1)*(v_8 - 1)*(v_9 - 1) - v_1*(-v_3*(v_4 - 1)*(v_5 - 1)*(v_6 - 1)*(v_8 - 1)*(v_9 - 1) - v_4*(v_6 - 1)*(v_8 - 1)*(v_9 - 1) + v_5*(v_4 - 1)*(v_6 - 1)*(v_8 - 1)*(v_9 - 1) - v_6*(v_8 - 1) + v_7*(v_3 - 1)*(v_4 - 1)*(v_5 - 1)*(v_6 - 1)*(v_8 - 1)*(v_9 - 1) + v_8 + v_9*(v_6 - 1)*(v_8 - 1)) + (v_1 - 1)*(-v_3*(v_4 - 1)*(v_5 - 1)*(v_6 - 1)*(v_8 - 1)*(v_9 - 1) - v_4*(v_6 - 1)*(v_8 - 1)*(v_9 - 1) + v_5*(v_4 - 1)*(v_6 - 1)*(v_8 - 1)*(v_9 - 1) - v_6*(v_8 - 1) + v_7*(v_3 - 1)*(v_4 - 1)*(v_5 - 1)*(v_6 - 1)*(v_8 - 1)*(v_9 - 1) + v_8 + v_9*(v_6 - 1)*(v_8 - 1)))))))))
Post simplification
symp_time: 193.5004801750183
number of sums: 72
number of subs: 474
number of prods: 415
opt_time: 36.083022594451904
     fun: 1.1569216791960646
     jac: array([1., 1., 1., 1., 1., 1., 1., 1., 1., 1., 1., 1., 1., 1., 1.])
 message: 'Optimization terminated successfully'
    nfev: 9
     nit: 7
    njev: 7
  status: 0
 success: True
       x: array([0.07712811, 0.07712811, 0.07712811, 0.07712811, 0.07712811,
       0.07712811, 0.07712811, 0.07712811, 0.07712811, 0.07712811,
       0.07712811, 0.07712811, 0.07712811, 0.07712811, 0.07712811])

real	3m55.018s
user	3m53.664s
sys	0m0.822s
Ended at: 
Thu Dec  7 18:10:00 CET 2023
