Started at: 
Thu Dec  7 17:54:41 CET 2023
Instance: 2
[INFO] aspmc: Tree Decomposition #bags: 40 unfolded treewidth: 4 #vertices: 52
[INFO] aspmc: Preprocessing disabled
[INFO] aspmc:    Stats Compilation
[INFO] aspmc: ------------------------------------------------------------
[INFO] aspmc: X/D-Constrained Tree Decomposition #bags: 34 treewidth: 15 #vertices: 78
[INFO] aspmc: Dtree time:               2.0333516597747803
[INFO] aspmc: Compilation time:         0.18240714073181152
[INFO] aspmc: Preparation time:         0.0001633167266845703
[INFO] aspmc: Counting time:            15.736778497695923
[INFO] aspmc: ------------------------------------------------------------
[0.03::a0., 0.03::a1., 0.03::a2., 0.03::a3., 0.03::a4., 0.03::a5., 0.03::a6., 0.03::a7., 0.03::a8., 0.03::a9., 0.03::a10., 0.03::a11., 0.03::a12., 0.03::a13., 0.03::a14., 0.03::a15., 0.03::a16., 0.03::a17., 0.03::a18., 0.03::a19., qr:-a0., qr:-a1,not nqr., nqr:-a1,not qr., qr:-a2., qr:-a3,not nqr., nqr:-a3,not qr., qr:-a4., qr:-a5,not nqr., nqr:-a5,not qr., qr:-a6., qr:-a7,not nqr., nqr:-a7,not qr., qr:-a8., qr:-a9,not nqr., nqr:-a9,not qr., qr:-a10., qr:-a11,not nqr., nqr:-a11,not qr., qr:-a12., qr:-a13,not nqr., nqr:-a13,not qr., qr:-a14., qr:-a15,not nqr., nqr:-a15,not qr., qr:-a16., qr:-a17,not nqr., nqr:-a17,not qr., qr:-a18., qr:-a19,not nqr., nqr:-a19,not qr., query(qr).]
tracc
nnf_construction_time: 19.07103705406189
Pre simplification
number of sums: 69631
number of prods: 147455
len(eq): 65
1.0*v_12 - (0.577951262543041*v_1 + 0.422048737456959)*(v_12 - 1)
Post simplification
symp_time: 20.332755088806152
number of sums: 1
number of subs: 2
number of prods: 3
opt_time: 0.2081279754638672
     fun: 0.4999999999999999
     jac: array([1., 1.])
 message: 'Positive directional derivative for linesearch'
    nfev: 107
     nit: 17
    njev: 13
  status: 8
 success: False
       x: array([0.25, 0.25])

real	0m40.882s
user	0m39.399s
sys	0m1.330s
Instance: 3
[INFO] aspmc: Tree Decomposition #bags: 40 unfolded treewidth: 4 #vertices: 52
[INFO] aspmc: Preprocessing disabled
[INFO] aspmc:    Stats Compilation
[INFO] aspmc: ------------------------------------------------------------
[INFO] aspmc: X/D-Constrained Tree Decomposition #bags: 34 treewidth: 15 #vertices: 78
[INFO] aspmc: Dtree time:               2.0338401794433594
[INFO] aspmc: Compilation time:         0.18584060668945312
[INFO] aspmc: Preparation time:         0.000133514404296875
[INFO] aspmc: Counting time:            15.867072582244873
[INFO] aspmc: ------------------------------------------------------------
[0.03::a0., 0.03::a1., 0.03::a2., 0.03::a3., 0.03::a4., 0.03::a5., 0.03::a6., 0.03::a7., 0.03::a8., 0.03::a9., 0.03::a10., 0.03::a11., 0.03::a12., 0.03::a13., 0.03::a14., 0.03::a15., 0.03::a16., 0.03::a17., 0.03::a18., 0.03::a19., qr:-a0., qr:-a1,not nqr., nqr:-a1,not qr., qr:-a2., qr:-a3,not nqr., nqr:-a3,not qr., qr:-a4., qr:-a5,not nqr., nqr:-a5,not qr., qr:-a6., qr:-a7,not nqr., nqr:-a7,not qr., qr:-a8., qr:-a9,not nqr., nqr:-a9,not qr., qr:-a10., qr:-a11,not nqr., nqr:-a11,not qr., qr:-a12., qr:-a13,not nqr., nqr:-a13,not qr., qr:-a14., qr:-a15,not nqr., nqr:-a15,not qr., qr:-a16., qr:-a17,not nqr., nqr:-a17,not qr., qr:-a18., qr:-a19,not nqr., nqr:-a19,not qr., query(qr).]
tracc
nnf_construction_time: 19.201289653778076
Pre simplification
number of sums: 69631
number of prods: 147455
len(eq): 139
1.0*v_12 - (v_12 - 1)*(0.760231058654565*v_1 - 0.760231058654565*(v_1 - 1)*(0.783743359437696*v_3 + 0.216256640562304) + 0.239768941345435)
Post simplification
symp_time: 20.337663888931274
number of sums: 2
number of subs: 4
number of prods: 6
opt_time: 0.19535064697265625
     fun: 0.6133512233410447
     jac: array([1., 1., 1.])
 message: 'Optimization terminated successfully'
    nfev: 4
     nit: 4
    njev: 4
  status: 0
 success: True
       x: array([0.20445041, 0.20445041, 0.20445041])

real	0m40.963s
user	0m39.489s
sys	0m1.283s
Instance: 4
[INFO] aspmc: Tree Decomposition #bags: 40 unfolded treewidth: 4 #vertices: 52
[INFO] aspmc: Preprocessing disabled
[INFO] aspmc:    Stats Compilation
[INFO] aspmc: ------------------------------------------------------------
[INFO] aspmc: X/D-Constrained Tree Decomposition #bags: 34 treewidth: 15 #vertices: 78
[INFO] aspmc: Dtree time:               2.033677816390991
[INFO] aspmc: Compilation time:         0.18015527725219727
[INFO] aspmc: Preparation time:         0.00013875961303710938
[INFO] aspmc: Counting time:            16.078274488449097
[INFO] aspmc: ------------------------------------------------------------
[0.03::a0., 0.03::a1., 0.03::a2., 0.03::a3., 0.03::a4., 0.03::a5., 0.03::a6., 0.03::a7., 0.03::a8., 0.03::a9., 0.03::a10., 0.03::a11., 0.03::a12., 0.03::a13., 0.03::a14., 0.03::a15., 0.03::a16., 0.03::a17., 0.03::a18., 0.03::a19., qr:-a0., qr:-a1,not nqr., nqr:-a1,not qr., qr:-a2., qr:-a3,not nqr., nqr:-a3,not qr., qr:-a4., qr:-a5,not nqr., nqr:-a5,not qr., qr:-a6., qr:-a7,not nqr., nqr:-a7,not qr., qr:-a8., qr:-a9,not nqr., nqr:-a9,not qr., qr:-a10., qr:-a11,not nqr., nqr:-a11,not qr., qr:-a12., qr:-a13,not nqr., nqr:-a13,not qr., qr:-a14., qr:-a15,not nqr., nqr:-a15,not qr., qr:-a16., qr:-a17,not nqr., nqr:-a17,not qr., qr:-a18., qr:-a19,not nqr., nqr:-a19,not qr., query(qr).]
tracc
nnf_construction_time: 19.410989999771118
Pre simplification
number of sums: 69631
number of prods: 147455
len(eq): 163
1.0*v_12 - (v_12 - 1)*(1.0*v_14 - (v_14 - 1)*(0.783743359437696*v_1 - 0.783743359437696*(v_1 - 1)*(0.783743359437696*v_3 + 0.216256640562304) + 0.216256640562304))
Post simplification
symp_time: 21.43670964241028
number of sums: 2
number of subs: 6
number of prods: 8
opt_time: 0.5101759433746338
     fun: 0.6560993328637542
     jac: array([1., 1., 1., 1.])
 message: 'Optimization terminated successfully'
    nfev: 5
     nit: 5
    njev: 5
  status: 0
 success: True
       x: array([0.16402483, 0.16402483, 0.16402483, 0.16402483])

real	0m42.818s
user	0m41.105s
sys	0m1.332s
Instance: 5
[INFO] aspmc: Tree Decomposition #bags: 40 unfolded treewidth: 4 #vertices: 52
[INFO] aspmc: Preprocessing disabled
[INFO] aspmc:    Stats Compilation
[INFO] aspmc: ------------------------------------------------------------
[INFO] aspmc: X/D-Constrained Tree Decomposition #bags: 34 treewidth: 15 #vertices: 78
[INFO] aspmc: Dtree time:               2.0327651500701904
[INFO] aspmc: Compilation time:         0.18374991416931152
[INFO] aspmc: Preparation time:         0.0001308917999267578
[INFO] aspmc: Counting time:            15.621763944625854
[INFO] aspmc: ------------------------------------------------------------
[0.03::a0., 0.03::a1., 0.03::a2., 0.03::a3., 0.03::a4., 0.03::a5., 0.03::a6., 0.03::a7., 0.03::a8., 0.03::a9., 0.03::a10., 0.03::a11., 0.03::a12., 0.03::a13., 0.03::a14., 0.03::a15., 0.03::a16., 0.03::a17., 0.03::a18., 0.03::a19., qr:-a0., qr:-a1,not nqr., nqr:-a1,not qr., qr:-a2., qr:-a3,not nqr., nqr:-a3,not qr., qr:-a4., qr:-a5,not nqr., nqr:-a5,not qr., qr:-a6., qr:-a7,not nqr., nqr:-a7,not qr., qr:-a8., qr:-a9,not nqr., nqr:-a9,not qr., qr:-a10., qr:-a11,not nqr., nqr:-a11,not qr., qr:-a12., qr:-a13,not nqr., nqr:-a13,not qr., qr:-a14., qr:-a15,not nqr., nqr:-a15,not qr., qr:-a16., qr:-a17,not nqr., nqr:-a17,not qr., qr:-a18., qr:-a19,not nqr., nqr:-a19,not qr., query(qr).]
tracc
nnf_construction_time: 18.955831050872803
Pre simplification
number of sums: 69631
number of prods: 147455
len(eq): 680
v_12*(0.8587340257*v_3 - 0.8587340257*(v_3 - 1)*(0.97*v_4 + 0.03) + 0.832972004929*(v_3 - 1)*(v_4 - 1) + 0.1412659743) - (v_12 - 1)*(v_14*(0.8587340257*v_3 - 0.8587340257*(v_3 - 1)*(0.97*v_4 + 0.03) + 0.832972004929*(v_3 - 1)*(v_4 - 1) + 0.1412659743) + (v_14 - 1)*(-1.0*v_1*(0.8587340257*v_3 - 0.8587340257*(v_3 - 1)*(0.97*v_4 + 0.03) + 0.832972004929*(v_3 - 1)*(v_4 - 1) + 0.1412659743) + 0.783743359437696*(v_1 - 1)*(0.8587340257*v_3 - 0.8587340257*(v_3 - 1)*(0.97*v_4 + 0.03) + 0.02498916014787*(v_3 - 1)*(v_4 - 1) + 0.1412659743) + 0.216256640562304*(v_1 - 1)*(0.8587340257*v_3 - 0.8587340257*(v_3 - 1)*(0.97*v_4 + 0.03) + 0.832972004929*(v_3 - 1)*(v_4 - 1) + 0.1412659743)))
Post simplification
symp_time: 22.07048726081848
number of sums: 18
number of subs: 26
number of prods: 40
opt_time: 1.3706645965576172
     fun: 0.6939501574133197
     jac: array([1., 1., 1., 1., 1.])
 message: 'Optimization terminated successfully'
    nfev: 6
     nit: 6
    njev: 6
  status: 0
 success: True
       x: array([0.13879003, 0.13879003, 0.13879003, 0.13879003, 0.13879003])

real	0m43.619s
user	0m42.072s
sys	0m1.350s
Instance: 6
[INFO] aspmc: Tree Decomposition #bags: 40 unfolded treewidth: 4 #vertices: 52
[INFO] aspmc: Preprocessing disabled
[INFO] aspmc:    Stats Compilation
[INFO] aspmc: ------------------------------------------------------------
[INFO] aspmc: X/D-Constrained Tree Decomposition #bags: 34 treewidth: 15 #vertices: 78
[INFO] aspmc: Dtree time:               2.033156156539917
[INFO] aspmc: Compilation time:         0.18451476097106934
[INFO] aspmc: Preparation time:         0.00013113021850585938
[INFO] aspmc: Counting time:            15.328361511230469
[INFO] aspmc: ------------------------------------------------------------
[0.03::a0., 0.03::a1., 0.03::a2., 0.03::a3., 0.03::a4., 0.03::a5., 0.03::a6., 0.03::a7., 0.03::a8., 0.03::a9., 0.03::a10., 0.03::a11., 0.03::a12., 0.03::a13., 0.03::a14., 0.03::a15., 0.03::a16., 0.03::a17., 0.03::a18., 0.03::a19., qr:-a0., qr:-a1,not nqr., nqr:-a1,not qr., qr:-a2., qr:-a3,not nqr., nqr:-a3,not qr., qr:-a4., qr:-a5,not nqr., nqr:-a5,not qr., qr:-a6., qr:-a7,not nqr., nqr:-a7,not qr., qr:-a8., qr:-a9,not nqr., nqr:-a9,not qr., qr:-a10., qr:-a11,not nqr., nqr:-a11,not qr., qr:-a12., qr:-a13,not nqr., nqr:-a13,not qr., qr:-a14., qr:-a15,not nqr., nqr:-a15,not qr., qr:-a16., qr:-a17,not nqr., nqr:-a17,not qr., qr:-a18., qr:-a19,not nqr., nqr:-a19,not qr., query(qr).]
tracc
nnf_construction_time: 18.661110162734985
Pre simplification
number of sums: 69631
number of prods: 147455
len(eq): 812
v_12*(0.8587340257*v_3 - 0.8587340257*(v_3 - 1)*(0.97*v_4 + 0.03) + 0.832972004929*(v_3 - 1)*(v_4 - 1) + 0.1412659743) - (v_12 - 1)*(v_14*(0.8587340257*v_3 - 0.8587340257*(v_3 - 1)*(0.97*v_4 + 0.03) + 0.832972004929*(v_3 - 1)*(v_4 - 1) + 0.1412659743) - (v_14 - 1)*(v_15*(0.8587340257*v_3 - 0.8587340257*(v_3 - 1)*(0.97*v_4 + 0.03) + 0.832972004929*(v_3 - 1)*(v_4 - 1) + 0.1412659743) + (v_15 - 1)*(-1.0*v_1*(0.8587340257*v_3 - 0.8587340257*(v_3 - 1)*(0.97*v_4 + 0.03) + 0.832972004929*(v_3 - 1)*(v_4 - 1) + 0.1412659743) + 0.80798284478113*(v_1 - 1)*(0.8587340257*v_3 - 0.8587340257*(v_3 - 1)*(0.97*v_4 + 0.03) + 0.02498916014787*(v_3 - 1)*(v_4 - 1) + 0.1412659743) + 0.19201715521887*(v_1 - 1)*(0.8587340257*v_3 - 0.8587340257*(v_3 - 1)*(0.97*v_4 + 0.03) + 0.832972004929*(v_3 - 1)*(v_4 - 1) + 0.1412659743))))
Post simplification
symp_time: 22.520808219909668
number of sums: 21
number of subs: 32
number of prods: 48
opt_time: 2.2665958404541016
     fun: 0.729270282401424
     jac: array([1., 1., 1., 1., 1., 1.])
 message: 'Optimization terminated successfully'
    nfev: 6
     nit: 6
    njev: 6
  status: 0
 success: True
       x: array([0.12154505, 0.12154505, 0.12154505, 0.12154505, 0.12154505,
       0.12154505])

real	0m44.702s
user	0m43.213s
sys	0m1.286s
Instance: 7
[INFO] aspmc: Tree Decomposition #bags: 40 unfolded treewidth: 4 #vertices: 52
[INFO] aspmc: Preprocessing disabled
[INFO] aspmc:    Stats Compilation
[INFO] aspmc: ------------------------------------------------------------
[INFO] aspmc: X/D-Constrained Tree Decomposition #bags: 34 treewidth: 15 #vertices: 78
[INFO] aspmc: Dtree time:               2.035918951034546
[INFO] aspmc: Compilation time:         0.18689203262329102
[INFO] aspmc: Preparation time:         0.00013971328735351562
[INFO] aspmc: Counting time:            15.168816328048706
[INFO] aspmc: ------------------------------------------------------------
/home/dazzolin/anaconda3/lib/python3.9/site-packages/scipy/optimize/optimize.py:282: RuntimeWarning: Values in x were outside bounds during a minimize step, clipping to bounds
  warnings.warn("Values in x were outside bounds during a "
[0.03::a0., 0.03::a1., 0.03::a2., 0.03::a3., 0.03::a4., 0.03::a5., 0.03::a6., 0.03::a7., 0.03::a8., 0.03::a9., 0.03::a10., 0.03::a11., 0.03::a12., 0.03::a13., 0.03::a14., 0.03::a15., 0.03::a16., 0.03::a17., 0.03::a18., 0.03::a19., qr:-a0., qr:-a1,not nqr., nqr:-a1,not qr., qr:-a2., qr:-a3,not nqr., nqr:-a3,not qr., qr:-a4., qr:-a5,not nqr., nqr:-a5,not qr., qr:-a6., qr:-a7,not nqr., nqr:-a7,not qr., qr:-a8., qr:-a9,not nqr., nqr:-a9,not qr., qr:-a10., qr:-a11,not nqr., nqr:-a11,not qr., qr:-a12., qr:-a13,not nqr., nqr:-a13,not qr., qr:-a14., qr:-a15,not nqr., nqr:-a15,not qr., qr:-a16., qr:-a17,not nqr., nqr:-a17,not qr., qr:-a18., qr:-a19,not nqr., nqr:-a19,not qr., query(qr).]
tracc
nnf_construction_time: 18.61192560195923
Pre simplification
number of sums: 69631
number of prods: 147455
len(eq): 884
v_12*(0.8587340257*v_3 - 0.8587340257*(v_3 - 1)*(v_4 - 1)*(v_5 - 1) - 0.8587340257*(v_3 - 1)*(v_4 - v_5*(v_4 - 1)) + 0.1412659743) - (v_12 - 1)*(v_14*(0.8587340257*v_3 - 0.8587340257*(v_3 - 1)*(v_4 - 1)*(v_5 - 1) - 0.8587340257*(v_3 - 1)*(v_4 - v_5*(v_4 - 1)) + 0.1412659743) - (v_14 - 1)*(v_15*(0.8587340257*v_3 - 0.8587340257*(v_3 - 1)*(v_4 - 1)*(v_5 - 1) - 0.8587340257*(v_3 - 1)*(v_4 - v_5*(v_4 - 1)) + 0.1412659743) + (v_15 - 1)*(-1.0*v_1*(0.8587340257*v_3 - 0.8587340257*(v_3 - 1)*(v_4 - 1)*(v_5 - 1) - 0.8587340257*(v_3 - 1)*(v_4 - v_5*(v_4 - 1)) + 0.1412659743) + 0.19201715521887*(v_1 - 1)*(0.8587340257*v_3 - 0.8587340257*(v_3 - 1)*(v_4 - 1)*(v_5 - 1) - 0.8587340257*(v_3 - 1)*(v_4 - v_5*(v_4 - 1)) + 0.1412659743) + 0.80798284478113*(v_1 - 1)*(0.8587340257*v_3 - 0.025762020771*(v_3 - 1)*(v_4 - 1)*(v_5 - 1) - 0.8587340257*(v_3 - 1)*(v_4 - v_5*(v_4 - 1)) + 0.1412659743))))
Post simplification
symp_time: 23.040405750274658
number of sums: 9
number of subs: 56
number of prods: 54
opt_time: 3.9974327087402344
     fun: 0.7631132864520679
     jac: array([1., 1., 1., 1., 1., 1., 1.])
 message: 'Optimization terminated successfully'
    nfev: 9
     nit: 7
    njev: 7
  status: 0
 success: True
       x: array([0.10901618, 0.10901618, 0.10901618, 0.10901618, 0.10901618,
       0.10901618, 0.10901618])

real	0m46.925s
user	0m45.213s
sys	0m1.320s
Instance: 8
[INFO] aspmc: Tree Decomposition #bags: 40 unfolded treewidth: 4 #vertices: 52
[INFO] aspmc: Preprocessing disabled
[INFO] aspmc:    Stats Compilation
[INFO] aspmc: ------------------------------------------------------------
[INFO] aspmc: X/D-Constrained Tree Decomposition #bags: 34 treewidth: 15 #vertices: 78
[INFO] aspmc: Dtree time:               2.0332353115081787
[INFO] aspmc: Compilation time:         0.1844935417175293
[INFO] aspmc: Preparation time:         0.0001270771026611328
[INFO] aspmc: Counting time:            15.221224784851074
[INFO] aspmc: ------------------------------------------------------------
/home/dazzolin/anaconda3/lib/python3.9/site-packages/scipy/optimize/optimize.py:282: RuntimeWarning: Values in x were outside bounds during a minimize step, clipping to bounds
  warnings.warn("Values in x were outside bounds during a "
[0.03::a0., 0.03::a1., 0.03::a2., 0.03::a3., 0.03::a4., 0.03::a5., 0.03::a6., 0.03::a7., 0.03::a8., 0.03::a9., 0.03::a10., 0.03::a11., 0.03::a12., 0.03::a13., 0.03::a14., 0.03::a15., 0.03::a16., 0.03::a17., 0.03::a18., 0.03::a19., qr:-a0., qr:-a1,not nqr., nqr:-a1,not qr., qr:-a2., qr:-a3,not nqr., nqr:-a3,not qr., qr:-a4., qr:-a5,not nqr., nqr:-a5,not qr., qr:-a6., qr:-a7,not nqr., nqr:-a7,not qr., qr:-a8., qr:-a9,not nqr., nqr:-a9,not qr., qr:-a10., qr:-a11,not nqr., nqr:-a11,not qr., qr:-a12., qr:-a13,not nqr., nqr:-a13,not qr., qr:-a14., qr:-a15,not nqr., nqr:-a15,not qr., qr:-a16., qr:-a17,not nqr., nqr:-a17,not qr., qr:-a18., qr:-a19,not nqr., nqr:-a19,not qr., query(qr).]
tracc
nnf_construction_time: 18.552968740463257
Pre simplification
number of sums: 69631
number of prods: 147455
len(eq): 1026
v_12*(0.8587340257*v_3 - 0.8587340257*(v_3 - 1)*(v_4 - 1)*(v_5 - 1) - 0.8587340257*(v_3 - 1)*(v_4 - v_5*(v_4 - 1)) + 0.1412659743) - (v_12 - 1)*(v_14*(0.8587340257*v_3 - 0.8587340257*(v_3 - 1)*(v_4 - 1)*(v_5 - 1) - 0.8587340257*(v_3 - 1)*(v_4 - v_5*(v_4 - 1)) + 0.1412659743) - (v_14 - 1)*(v_15*(0.8587340257*v_3 - 0.8587340257*(v_3 - 1)*(v_4 - 1)*(v_5 - 1) - 0.8587340257*(v_3 - 1)*(v_4 - v_5*(v_4 - 1)) + 0.1412659743) - (v_15 - 1)*(v_16*(0.8587340257*v_3 - 0.8587340257*(v_3 - 1)*(v_4 - 1)*(v_5 - 1) - 0.8587340257*(v_3 - 1)*(v_4 - v_5*(v_4 - 1)) + 0.1412659743) + (v_16 - 1)*(-1.0*v_1*(0.8587340257*v_3 - 0.8587340257*(v_3 - 1)*(v_4 - 1)*(v_5 - 1) - 0.8587340257*(v_3 - 1)*(v_4 - v_5*(v_4 - 1)) + 0.1412659743) + 0.167027995071*(v_1 - 1)*(0.8587340257*v_3 - 0.8587340257*(v_3 - 1)*(v_4 - 1)*(v_5 - 1) - 0.8587340257*(v_3 - 1)*(v_4 - v_5*(v_4 - 1)) + 0.1412659743) + 0.832972004929*(v_1 - 1)*(0.8587340257*v_3 - 0.025762020771*(v_3 - 1)*(v_4 - 1)*(v_5 - 1) - 0.8587340257*(v_3 - 1)*(v_4 - v_5*(v_4 - 1)) + 0.1412659743)))))
Post simplification
symp_time: 24.57127332687378
number of sums: 10
number of subs: 66
number of prods: 63
opt_time: 5.837846279144287
     fun: 0.7960192702950649
     jac: array([1., 1., 1., 1., 1., 1., 1., 1.])
 message: 'Optimization terminated successfully'
    nfev: 9
     nit: 7
    njev: 7
  status: 0
 success: True
       x: array([0.09950241, 0.09950241, 0.09950241, 0.09950241, 0.09950241,
       0.09950241, 0.09950241, 0.09950241])

real	0m50.162s
user	0m48.562s
sys	0m1.369s
Instance: 9
[INFO] aspmc: Tree Decomposition #bags: 40 unfolded treewidth: 4 #vertices: 52
[INFO] aspmc: Preprocessing disabled
[INFO] aspmc:    Stats Compilation
[INFO] aspmc: ------------------------------------------------------------
[INFO] aspmc: X/D-Constrained Tree Decomposition #bags: 34 treewidth: 15 #vertices: 78
[INFO] aspmc: Dtree time:               2.0334255695343018
[INFO] aspmc: Compilation time:         0.18312764167785645
[INFO] aspmc: Preparation time:         0.0001373291015625
[INFO] aspmc: Counting time:            16.005218744277954
[INFO] aspmc: ------------------------------------------------------------
/home/dazzolin/anaconda3/lib/python3.9/site-packages/scipy/optimize/optimize.py:282: RuntimeWarning: Values in x were outside bounds during a minimize step, clipping to bounds
  warnings.warn("Values in x were outside bounds during a "
[0.03::a0., 0.03::a1., 0.03::a2., 0.03::a3., 0.03::a4., 0.03::a5., 0.03::a6., 0.03::a7., 0.03::a8., 0.03::a9., 0.03::a10., 0.03::a11., 0.03::a12., 0.03::a13., 0.03::a14., 0.03::a15., 0.03::a16., 0.03::a17., 0.03::a18., 0.03::a19., qr:-a0., qr:-a1,not nqr., nqr:-a1,not qr., qr:-a2., qr:-a3,not nqr., nqr:-a3,not qr., qr:-a4., qr:-a5,not nqr., nqr:-a5,not qr., qr:-a6., qr:-a7,not nqr., nqr:-a7,not qr., qr:-a8., qr:-a9,not nqr., nqr:-a9,not qr., qr:-a10., qr:-a11,not nqr., nqr:-a11,not qr., qr:-a12., qr:-a13,not nqr., nqr:-a13,not qr., qr:-a14., qr:-a15,not nqr., nqr:-a15,not qr., qr:-a16., qr:-a17,not nqr., nqr:-a17,not qr., qr:-a18., qr:-a19,not nqr., nqr:-a19,not qr., query(qr).]
tracc
nnf_construction_time: 19.334960460662842
Pre simplification
number of sums: 69631
number of prods: 147455
len(eq): 1306
v_12*(-0.88529281*v_3*(v_6 - 1) + 0.88529281*v_6 + 0.88529281*(v_3 - 1)*(v_4 - 1)*(v_5 - 1)*(v_6 - 1) + 0.88529281*(v_3 - 1)*(v_4 - v_5*(v_4 - 1))*(v_6 - 1) + 0.11470719) - (v_12 - 1)*(v_14*(-0.88529281*v_3*(v_6 - 1) + 0.88529281*v_6 + 0.88529281*(v_3 - 1)*(v_4 - 1)*(v_5 - 1)*(v_6 - 1) + 0.88529281*(v_3 - 1)*(v_4 - v_5*(v_4 - 1))*(v_6 - 1) + 0.11470719) - (v_14 - 1)*(v_15*(-0.88529281*v_3*(v_6 - 1) + 0.88529281*v_6 + 0.88529281*(v_3 - 1)*(v_4 - 1)*(v_5 - 1)*(v_6 - 1) + 0.88529281*(v_3 - 1)*(v_4 - v_5*(v_4 - 1))*(v_6 - 1) + 0.11470719) - (v_15 - 1)*(v_16*(-0.88529281*v_3*(v_6 - 1) + 0.88529281*v_6 + 0.88529281*(v_3 - 1)*(v_4 - 1)*(v_5 - 1)*(v_6 - 1) + 0.88529281*(v_3 - 1)*(v_4 - v_5*(v_4 - 1))*(v_6 - 1) + 0.11470719) + (v_16 - 1)*(-1.0*v_1*(-0.88529281*v_3*(v_6 - 1) + 0.88529281*v_6 + 0.88529281*(v_3 - 1)*(v_4 - 1)*(v_5 - 1)*(v_6 - 1) + 0.88529281*(v_3 - 1)*(v_4 - v_5*(v_4 - 1))*(v_6 - 1) + 0.11470719) + 0.832972004929*(v_1 - 1)*(-0.88529281*v_3*(v_6 - 1) + 0.88529281*v_6 + 0.0265587843*(v_3 - 1)*(v_4 - 1)*(v_5 - 1)*(v_6 - 1) + 0.88529281*(v_3 - 1)*(v_4 - v_5*(v_4 - 1))*(v_6 - 1) + 0.11470719) + 0.167027995071*(v_1 - 1)*(-0.88529281*v_3*(v_6 - 1) + 0.88529281*v_6 + 0.88529281*(v_3 - 1)*(v_4 - 1)*(v_5 - 1)*(v_6 - 1) + 0.88529281*(v_3 - 1)*(v_4 - v_5*(v_4 - 1))*(v_6 - 1) + 0.11470719)))))
Post simplification
symp_time: 30.783607006072998
number of sums: 31
number of subs: 80
number of prods: 91
opt_time: 8.669987201690674
     fun: 0.8282936587812106
     jac: array([1., 1., 1., 1., 1., 1., 1., 1., 1.])
 message: 'Optimization terminated successfully'
    nfev: 9
     nit: 7
    njev: 7
  status: 0
 success: True
       x: array([0.09203263, 0.09203263, 0.09203263, 0.09203263, 0.09203263,
       0.09203263, 0.09203263, 0.09203263, 0.09203263])

real	1m0.031s
user	0m58.349s
sys	0m1.456s
Instance: 10
[INFO] aspmc: Tree Decomposition #bags: 40 unfolded treewidth: 4 #vertices: 52
[INFO] aspmc: Preprocessing disabled
[INFO] aspmc:    Stats Compilation
[INFO] aspmc: ------------------------------------------------------------
[INFO] aspmc: X/D-Constrained Tree Decomposition #bags: 34 treewidth: 15 #vertices: 78
[INFO] aspmc: Dtree time:               2.0324394702911377
[INFO] aspmc: Compilation time:         0.18329930305480957
[INFO] aspmc: Preparation time:         0.0001342296600341797
[INFO] aspmc: Counting time:            15.68381404876709
[INFO] aspmc: ------------------------------------------------------------
/home/dazzolin/anaconda3/lib/python3.9/site-packages/scipy/optimize/optimize.py:282: RuntimeWarning: Values in x were outside bounds during a minimize step, clipping to bounds
  warnings.warn("Values in x were outside bounds during a "
[0.03::a0., 0.03::a1., 0.03::a2., 0.03::a3., 0.03::a4., 0.03::a5., 0.03::a6., 0.03::a7., 0.03::a8., 0.03::a9., 0.03::a10., 0.03::a11., 0.03::a12., 0.03::a13., 0.03::a14., 0.03::a15., 0.03::a16., 0.03::a17., 0.03::a18., 0.03::a19., qr:-a0., qr:-a1,not nqr., nqr:-a1,not qr., qr:-a2., qr:-a3,not nqr., nqr:-a3,not qr., qr:-a4., qr:-a5,not nqr., nqr:-a5,not qr., qr:-a6., qr:-a7,not nqr., nqr:-a7,not qr., qr:-a8., qr:-a9,not nqr., nqr:-a9,not qr., qr:-a10., qr:-a11,not nqr., nqr:-a11,not qr., qr:-a12., qr:-a13,not nqr., nqr:-a13,not qr., qr:-a14., qr:-a15,not nqr., nqr:-a15,not qr., qr:-a16., qr:-a17,not nqr., nqr:-a17,not qr., qr:-a18., qr:-a19,not nqr., nqr:-a19,not qr., query(qr).]
tracc
nnf_construction_time: 19.010430574417114
Pre simplification
number of sums: 69631
number of prods: 147455
len(eq): 1488
v_12*(-0.88529281*v_3*(v_6 - 1) + 0.88529281*v_6 + 0.88529281*(v_3 - 1)*(v_4 - 1)*(v_5 - 1)*(v_6 - 1) + 0.88529281*(v_3 - 1)*(v_4 - v_5*(v_4 - 1))*(v_6 - 1) + 0.11470719) - (v_12 - 1)*(v_14*(-0.88529281*v_3*(v_6 - 1) + 0.88529281*v_6 + 0.88529281*(v_3 - 1)*(v_4 - 1)*(v_5 - 1)*(v_6 - 1) + 0.88529281*(v_3 - 1)*(v_4 - v_5*(v_4 - 1))*(v_6 - 1) + 0.11470719) - (v_14 - 1)*(v_15*(-0.88529281*v_3*(v_6 - 1) + 0.88529281*v_6 + 0.88529281*(v_3 - 1)*(v_4 - 1)*(v_5 - 1)*(v_6 - 1) + 0.88529281*(v_3 - 1)*(v_4 - v_5*(v_4 - 1))*(v_6 - 1) + 0.11470719) - (v_15 - 1)*(v_16*(-0.88529281*v_3*(v_6 - 1) + 0.88529281*v_6 + 0.88529281*(v_3 - 1)*(v_4 - 1)*(v_5 - 1)*(v_6 - 1) + 0.88529281*(v_3 - 1)*(v_4 - v_5*(v_4 - 1))*(v_6 - 1) + 0.11470719) - (v_16 - 1)*(v_17*(-0.88529281*v_3*(v_6 - 1) + 0.88529281*v_6 + 0.88529281*(v_3 - 1)*(v_4 - 1)*(v_5 - 1)*(v_6 - 1) + 0.88529281*(v_3 - 1)*(v_4 - v_5*(v_4 - 1))*(v_6 - 1) + 0.11470719) + (v_17 - 1)*(-1.0*v_1*(-0.88529281*v_3*(v_6 - 1) + 0.88529281*v_6 + 0.88529281*(v_3 - 1)*(v_4 - 1)*(v_5 - 1)*(v_6 - 1) + 0.88529281*(v_3 - 1)*(v_4 - v_5*(v_4 - 1))*(v_6 - 1) + 0.11470719) + 0.8587340257*(v_1 - 1)*(-0.88529281*v_3*(v_6 - 1) + 0.88529281*v_6 + 0.0265587843*(v_3 - 1)*(v_4 - 1)*(v_5 - 1)*(v_6 - 1) + 0.88529281*(v_3 - 1)*(v_4 - v_5*(v_4 - 1))*(v_6 - 1) + 0.11470719) + 0.1412659743*(v_1 - 1)*(-0.88529281*v_3*(v_6 - 1) + 0.88529281*v_6 + 0.88529281*(v_3 - 1)*(v_4 - 1)*(v_5 - 1)*(v_6 - 1) + 0.88529281*(v_3 - 1)*(v_4 - v_5*(v_4 - 1))*(v_6 - 1) + 0.11470719))))))
Post simplification
symp_time: 36.92813491821289
number of sums: 35
number of subs: 92
number of prods: 104
opt_time: 11.389334440231323
     fun: 0.8601221591210623
     jac: array([1., 1., 1., 1., 1., 1., 1., 1., 1., 1.])
 message: 'Optimization terminated successfully'
    nfev: 9
     nit: 7
    njev: 7
  status: 0
 success: True
       x: array([0.08601222, 0.08601222, 0.08601222, 0.08601222, 0.08601222,
       0.08601222, 0.08601222, 0.08601222, 0.08601222, 0.08601222])

real	1m8.566s
user	1m6.868s
sys	0m1.464s
Instance: 11
[INFO] aspmc: Tree Decomposition #bags: 40 unfolded treewidth: 4 #vertices: 52
[INFO] aspmc: Preprocessing disabled
[INFO] aspmc:    Stats Compilation
[INFO] aspmc: ------------------------------------------------------------
[INFO] aspmc: X/D-Constrained Tree Decomposition #bags: 34 treewidth: 15 #vertices: 78
[INFO] aspmc: Dtree time:               2.033294677734375
[INFO] aspmc: Compilation time:         0.18360495567321777
[INFO] aspmc: Preparation time:         0.0001361370086669922
[INFO] aspmc: Counting time:            16.036198139190674
[INFO] aspmc: ------------------------------------------------------------
/home/dazzolin/anaconda3/lib/python3.9/site-packages/scipy/optimize/optimize.py:282: RuntimeWarning: Values in x were outside bounds during a minimize step, clipping to bounds
  warnings.warn("Values in x were outside bounds during a "
[0.03::a0., 0.03::a1., 0.03::a2., 0.03::a3., 0.03::a4., 0.03::a5., 0.03::a6., 0.03::a7., 0.03::a8., 0.03::a9., 0.03::a10., 0.03::a11., 0.03::a12., 0.03::a13., 0.03::a14., 0.03::a15., 0.03::a16., 0.03::a17., 0.03::a18., 0.03::a19., qr:-a0., qr:-a1,not nqr., nqr:-a1,not qr., qr:-a2., qr:-a3,not nqr., nqr:-a3,not qr., qr:-a4., qr:-a5,not nqr., nqr:-a5,not qr., qr:-a6., qr:-a7,not nqr., nqr:-a7,not qr., qr:-a8., qr:-a9,not nqr., nqr:-a9,not qr., qr:-a10., qr:-a11,not nqr., nqr:-a11,not qr., qr:-a12., qr:-a13,not nqr., nqr:-a13,not qr., qr:-a14., qr:-a15,not nqr., nqr:-a15,not qr., qr:-a16., qr:-a17,not nqr., nqr:-a17,not qr., qr:-a18., qr:-a19,not nqr., nqr:-a19,not qr., query(qr).]
tracc
nnf_construction_time: 19.36586570739746
Pre simplification
number of sums: 69631
number of prods: 147455
len(eq): 1920
v_12*(0.912673*v_3*(v_6 - 1)*(v_7 - 1) - 1.0*v_6*(v_7 - 1) + 1.0*v_7 - 0.912673*(v_3 - 1)*(v_4 - 1)*(v_5 - 1)*(v_6 - 1)*(v_7 - 1) - 0.912673*(v_3 - 1)*(v_4 - v_5*(v_4 - 1))*(v_6 - 1)*(v_7 - 1) + 0.087327*(v_6 - 1)*(v_7 - 1)) - (v_12 - 1)*(v_14*(0.912673*v_3*(v_6 - 1)*(v_7 - 1) - 1.0*v_6*(v_7 - 1) + 1.0*v_7 - 0.912673*(v_3 - 1)*(v_4 - 1)*(v_5 - 1)*(v_6 - 1)*(v_7 - 1) - 0.912673*(v_3 - 1)*(v_4 - v_5*(v_4 - 1))*(v_6 - 1)*(v_7 - 1) + 0.087327*(v_6 - 1)*(v_7 - 1)) - (v_14 - 1)*(v_15*(0.912673*v_3*(v_6 - 1)*(v_7 - 1) - 1.0*v_6*(v_7 - 1) + 1.0*v_7 - 0.912673*(v_3 - 1)*(v_4 - 1)*(v_5 - 1)*(v_6 - 1)*(v_7 - 1) - 0.912673*(v_3 - 1)*(v_4 - v_5*(v_4 - 1))*(v_6 - 1)*(v_7 - 1) + 0.087327*(v_6 - 1)*(v_7 - 1)) - (v_15 - 1)*(v_16*(0.912673*v_3*(v_6 - 1)*(v_7 - 1) - 1.0*v_6*(v_7 - 1) + 1.0*v_7 - 0.912673*(v_3 - 1)*(v_4 - 1)*(v_5 - 1)*(v_6 - 1)*(v_7 - 1) - 0.912673*(v_3 - 1)*(v_4 - v_5*(v_4 - 1))*(v_6 - 1)*(v_7 - 1) + 0.087327*(v_6 - 1)*(v_7 - 1)) - (v_16 - 1)*(v_17*(0.912673*v_3*(v_6 - 1)*(v_7 - 1) - 1.0*v_6*(v_7 - 1) + 1.0*v_7 - 0.912673*(v_3 - 1)*(v_4 - 1)*(v_5 - 1)*(v_6 - 1)*(v_7 - 1) - 0.912673*(v_3 - 1)*(v_4 - v_5*(v_4 - 1))*(v_6 - 1)*(v_7 - 1) + 0.087327*(v_6 - 1)*(v_7 - 1)) + (v_17 - 1)*(-1.0*v_1*(0.912673*v_3*(v_6 - 1)*(v_7 - 1) - 1.0*v_6*(v_7 - 1) + 1.0*v_7 - 0.912673*(v_3 - 1)*(v_4 - 1)*(v_5 - 1)*(v_6 - 1)*(v_7 - 1) - 0.912673*(v_3 - 1)*(v_4 - v_5*(v_4 - 1))*(v_6 - 1)*(v_7 - 1) + 0.087327*(v_6 - 1)*(v_7 - 1)) + 0.1412659743*(v_1 - 1)*(0.912673*v_3*(v_6 - 1)*(v_7 - 1) - 1.0*v_6*(v_7 - 1) + 1.0*v_7 - 0.912673*(v_3 - 1)*(v_4 - 1)*(v_5 - 1)*(v_6 - 1)*(v_7 - 1) - 0.912673*(v_3 - 1)*(v_4 - v_5*(v_4 - 1))*(v_6 - 1)*(v_7 - 1) + 0.087327*(v_6 - 1)*(v_7 - 1)) + 0.8587340257*(v_1 - 1)*(0.912673*v_3*(v_6 - 1)*(v_7 - 1) - 1.0*v_6*(v_7 - 1) + 1.0*v_7 - 0.02738019*(v_3 - 1)*(v_4 - 1)*(v_5 - 1)*(v_6 - 1)*(v_7 - 1) - 0.912673*(v_3 - 1)*(v_4 - v_5*(v_4 - 1))*(v_6 - 1)*(v_7 - 1) + 0.087327*(v_6 - 1)*(v_7 - 1)))))))
Post simplification
symp_time: 51.99616074562073
number of sums: 19
number of subs: 156
number of prods: 160
opt_time: 15.667217254638672
     fun: 0.8916241784618094
     jac: array([1., 1., 1., 1., 1., 1., 1., 1., 1., 1., 1.])
 message: 'Optimization terminated successfully'
    nfev: 9
     nit: 7
    njev: 7
  status: 0
 success: True
       x: array([0.08105674, 0.08105674, 0.08105674, 0.08105674, 0.08105674,
       0.08105674, 0.08105674, 0.08105674, 0.08105674, 0.08105674,
       0.08105674])

real	1m28.301s
user	1m26.500s
sys	0m1.528s
Instance: 12
[INFO] aspmc: Tree Decomposition #bags: 40 unfolded treewidth: 4 #vertices: 52
[INFO] aspmc: Preprocessing disabled
[INFO] aspmc:    Stats Compilation
[INFO] aspmc: ------------------------------------------------------------
[INFO] aspmc: X/D-Constrained Tree Decomposition #bags: 34 treewidth: 15 #vertices: 78
[INFO] aspmc: Dtree time:               2.0328714847564697
[INFO] aspmc: Compilation time:         0.1820969581604004
[INFO] aspmc: Preparation time:         0.00013899803161621094
[INFO] aspmc: Counting time:            15.319319009780884
[INFO] aspmc: ------------------------------------------------------------
/home/dazzolin/anaconda3/lib/python3.9/site-packages/scipy/optimize/optimize.py:282: RuntimeWarning: Values in x were outside bounds during a minimize step, clipping to bounds
  warnings.warn("Values in x were outside bounds during a "
[0.03::a0., 0.03::a1., 0.03::a2., 0.03::a3., 0.03::a4., 0.03::a5., 0.03::a6., 0.03::a7., 0.03::a8., 0.03::a9., 0.03::a10., 0.03::a11., 0.03::a12., 0.03::a13., 0.03::a14., 0.03::a15., 0.03::a16., 0.03::a17., 0.03::a18., 0.03::a19., qr:-a0., qr:-a1,not nqr., nqr:-a1,not qr., qr:-a2., qr:-a3,not nqr., nqr:-a3,not qr., qr:-a4., qr:-a5,not nqr., nqr:-a5,not qr., qr:-a6., qr:-a7,not nqr., nqr:-a7,not qr., qr:-a8., qr:-a9,not nqr., nqr:-a9,not qr., qr:-a10., qr:-a11,not nqr., nqr:-a11,not qr., qr:-a12., qr:-a13,not nqr., nqr:-a13,not qr., qr:-a14., qr:-a15,not nqr., nqr:-a15,not qr., qr:-a16., qr:-a17,not nqr., nqr:-a17,not qr., qr:-a18., qr:-a19,not nqr., nqr:-a19,not qr., query(qr).]
tracc
nnf_construction_time: 18.649253368377686
Pre simplification
number of sums: 69631
number of prods: 147455
len(eq): 2156
v_12*(0.912673*v_3*(v_6 - 1)*(v_7 - 1) - 1.0*v_6*(v_7 - 1) + 1.0*v_7 - 0.912673*(v_3 - 1)*(v_4 - 1)*(v_5 - 1)*(v_6 - 1)*(v_7 - 1) - 0.912673*(v_3 - 1)*(v_4 - v_5*(v_4 - 1))*(v_6 - 1)*(v_7 - 1) + 0.087327*(v_6 - 1)*(v_7 - 1)) - (v_12 - 1)*(v_14*(0.912673*v_3*(v_6 - 1)*(v_7 - 1) - 1.0*v_6*(v_7 - 1) + 1.0*v_7 - 0.912673*(v_3 - 1)*(v_4 - 1)*(v_5 - 1)*(v_6 - 1)*(v_7 - 1) - 0.912673*(v_3 - 1)*(v_4 - v_5*(v_4 - 1))*(v_6 - 1)*(v_7 - 1) + 0.087327*(v_6 - 1)*(v_7 - 1)) - (v_14 - 1)*(v_15*(0.912673*v_3*(v_6 - 1)*(v_7 - 1) - 1.0*v_6*(v_7 - 1) + 1.0*v_7 - 0.912673*(v_3 - 1)*(v_4 - 1)*(v_5 - 1)*(v_6 - 1)*(v_7 - 1) - 0.912673*(v_3 - 1)*(v_4 - v_5*(v_4 - 1))*(v_6 - 1)*(v_7 - 1) + 0.087327*(v_6 - 1)*(v_7 - 1)) - (v_15 - 1)*(v_16*(0.912673*v_3*(v_6 - 1)*(v_7 - 1) - 1.0*v_6*(v_7 - 1) + 1.0*v_7 - 0.912673*(v_3 - 1)*(v_4 - 1)*(v_5 - 1)*(v_6 - 1)*(v_7 - 1) - 0.912673*(v_3 - 1)*(v_4 - v_5*(v_4 - 1))*(v_6 - 1)*(v_7 - 1) + 0.087327*(v_6 - 1)*(v_7 - 1)) - (v_16 - 1)*(v_17*(0.912673*v_3*(v_6 - 1)*(v_7 - 1) - 1.0*v_6*(v_7 - 1) + 1.0*v_7 - 0.912673*(v_3 - 1)*(v_4 - 1)*(v_5 - 1)*(v_6 - 1)*(v_7 - 1) - 0.912673*(v_3 - 1)*(v_4 - v_5*(v_4 - 1))*(v_6 - 1)*(v_7 - 1) + 0.087327*(v_6 - 1)*(v_7 - 1)) - (v_17 - 1)*(v_18*(0.912673*v_3*(v_6 - 1)*(v_7 - 1) - 1.0*v_6*(v_7 - 1) + 1.0*v_7 - 0.912673*(v_3 - 1)*(v_4 - 1)*(v_5 - 1)*(v_6 - 1)*(v_7 - 1) - 0.912673*(v_3 - 1)*(v_4 - v_5*(v_4 - 1))*(v_6 - 1)*(v_7 - 1) + 0.087327*(v_6 - 1)*(v_7 - 1)) + (v_18 - 1)*(-1.0*v_1*(0.912673*v_3*(v_6 - 1)*(v_7 - 1) - 1.0*v_6*(v_7 - 1) + 1.0*v_7 - 0.912673*(v_3 - 1)*(v_4 - 1)*(v_5 - 1)*(v_6 - 1)*(v_7 - 1) - 0.912673*(v_3 - 1)*(v_4 - v_5*(v_4 - 1))*(v_6 - 1)*(v_7 - 1) + 0.087327*(v_6 - 1)*(v_7 - 1)) + 0.11470719*(v_1 - 1)*(0.912673*v_3*(v_6 - 1)*(v_7 - 1) - 1.0*v_6*(v_7 - 1) + 1.0*v_7 - 0.912673*(v_3 - 1)*(v_4 - 1)*(v_5 - 1)*(v_6 - 1)*(v_7 - 1) - 0.912673*(v_3 - 1)*(v_4 - v_5*(v_4 - 1))*(v_6 - 1)*(v_7 - 1) + 0.087327*(v_6 - 1)*(v_7 - 1)) + 0.88529281*(v_1 - 1)*(0.912673*v_3*(v_6 - 1)*(v_7 - 1) - 1.0*v_6*(v_7 - 1) + 1.0*v_7 - 0.02738019*(v_3 - 1)*(v_4 - 1)*(v_5 - 1)*(v_6 - 1)*(v_7 - 1) - 0.912673*(v_3 - 1)*(v_4 - v_5*(v_4 - 1))*(v_6 - 1)*(v_7 - 1) + 0.087327*(v_6 - 1)*(v_7 - 1))))))))
Post simplification
symp_time: 81.83205151557922
number of sums: 21
number of subs: 176
number of prods: 180
opt_time: 20.025457859039307
     fun: 0.9228799850484478
     jac: array([1., 1., 1., 1., 1., 1., 1., 1., 1., 1., 1., 1.])
 message: 'Optimization terminated successfully'
    nfev: 9
     nit: 7
    njev: 7
  status: 0
 success: True
       x: array([0.07690667, 0.07690667, 0.07690667, 0.07690667, 0.07690667,
       0.07690667, 0.07690667, 0.07690667, 0.07690667, 0.07690667,
       0.07690667, 0.07690667])

real	2m1.851s
user	1m59.996s
sys	0m1.531s
Instance: 13
[INFO] aspmc: Tree Decomposition #bags: 40 unfolded treewidth: 4 #vertices: 52
[INFO] aspmc: Preprocessing disabled
[INFO] aspmc:    Stats Compilation
[INFO] aspmc: ------------------------------------------------------------
[INFO] aspmc: X/D-Constrained Tree Decomposition #bags: 34 treewidth: 15 #vertices: 78
[INFO] aspmc: Dtree time:               2.032853841781616
[INFO] aspmc: Compilation time:         0.18224120140075684
[INFO] aspmc: Preparation time:         0.00013184547424316406
[INFO] aspmc: Counting time:            15.48009729385376
[INFO] aspmc: ------------------------------------------------------------
/home/dazzolin/anaconda3/lib/python3.9/site-packages/scipy/optimize/optimize.py:282: RuntimeWarning: Values in x were outside bounds during a minimize step, clipping to bounds
  warnings.warn("Values in x were outside bounds during a "
[0.03::a0., 0.03::a1., 0.03::a2., 0.03::a3., 0.03::a4., 0.03::a5., 0.03::a6., 0.03::a7., 0.03::a8., 0.03::a9., 0.03::a10., 0.03::a11., 0.03::a12., 0.03::a13., 0.03::a14., 0.03::a15., 0.03::a16., 0.03::a17., 0.03::a18., 0.03::a19., qr:-a0., qr:-a1,not nqr., nqr:-a1,not qr., qr:-a2., qr:-a3,not nqr., nqr:-a3,not qr., qr:-a4., qr:-a5,not nqr., nqr:-a5,not qr., qr:-a6., qr:-a7,not nqr., nqr:-a7,not qr., qr:-a8., qr:-a9,not nqr., nqr:-a9,not qr., qr:-a10., qr:-a11,not nqr., nqr:-a11,not qr., qr:-a12., qr:-a13,not nqr., nqr:-a13,not qr., qr:-a14., qr:-a15,not nqr., nqr:-a15,not qr., qr:-a16., qr:-a17,not nqr., nqr:-a17,not qr., qr:-a18., qr:-a19,not nqr., nqr:-a19,not qr., query(qr).]
tracc
nnf_construction_time: 18.80410885810852
Pre simplification
number of sums: 69631
number of prods: 147455
len(eq): 2723
v_12*(-0.9409*v_3*(v_6 - 1)*(v_7 - 1)*(v_8 - 1) - 1.0*v_6*(v_7 - 1) + 1.0*v_7 + 1.0*v_8*(v_6 - 1)*(v_7 - 1) + 0.9409*(v_3 - 1)*(v_4 - 1)*(v_5 - 1)*(v_6 - 1)*(v_7 - 1)*(v_8 - 1) + 0.9409*(v_3 - 1)*(v_4 - v_5*(v_4 - 1))*(v_6 - 1)*(v_7 - 1)*(v_8 - 1) - 0.0591*(v_6 - 1)*(v_7 - 1)*(v_8 - 1)) - (v_12 - 1)*(v_14*(-0.9409*v_3*(v_6 - 1)*(v_7 - 1)*(v_8 - 1) - 1.0*v_6*(v_7 - 1) + 1.0*v_7 + 1.0*v_8*(v_6 - 1)*(v_7 - 1) + 0.9409*(v_3 - 1)*(v_4 - 1)*(v_5 - 1)*(v_6 - 1)*(v_7 - 1)*(v_8 - 1) + 0.9409*(v_3 - 1)*(v_4 - v_5*(v_4 - 1))*(v_6 - 1)*(v_7 - 1)*(v_8 - 1) - 0.0591*(v_6 - 1)*(v_7 - 1)*(v_8 - 1)) - (v_14 - 1)*(v_15*(-0.9409*v_3*(v_6 - 1)*(v_7 - 1)*(v_8 - 1) - 1.0*v_6*(v_7 - 1) + 1.0*v_7 + 1.0*v_8*(v_6 - 1)*(v_7 - 1) + 0.9409*(v_3 - 1)*(v_4 - 1)*(v_5 - 1)*(v_6 - 1)*(v_7 - 1)*(v_8 - 1) + 0.9409*(v_3 - 1)*(v_4 - v_5*(v_4 - 1))*(v_6 - 1)*(v_7 - 1)*(v_8 - 1) - 0.0591*(v_6 - 1)*(v_7 - 1)*(v_8 - 1)) - (v_15 - 1)*(v_16*(-0.9409*v_3*(v_6 - 1)*(v_7 - 1)*(v_8 - 1) - 1.0*v_6*(v_7 - 1) + 1.0*v_7 + 1.0*v_8*(v_6 - 1)*(v_7 - 1) + 0.9409*(v_3 - 1)*(v_4 - 1)*(v_5 - 1)*(v_6 - 1)*(v_7 - 1)*(v_8 - 1) + 0.9409*(v_3 - 1)*(v_4 - v_5*(v_4 - 1))*(v_6 - 1)*(v_7 - 1)*(v_8 - 1) - 0.0591*(v_6 - 1)*(v_7 - 1)*(v_8 - 1)) - (v_16 - 1)*(v_17*(-0.9409*v_3*(v_6 - 1)*(v_7 - 1)*(v_8 - 1) - 1.0*v_6*(v_7 - 1) + 1.0*v_7 + 1.0*v_8*(v_6 - 1)*(v_7 - 1) + 0.9409*(v_3 - 1)*(v_4 - 1)*(v_5 - 1)*(v_6 - 1)*(v_7 - 1)*(v_8 - 1) + 0.9409*(v_3 - 1)*(v_4 - v_5*(v_4 - 1))*(v_6 - 1)*(v_7 - 1)*(v_8 - 1) - 0.0591*(v_6 - 1)*(v_7 - 1)*(v_8 - 1)) - (v_17 - 1)*(v_18*(-0.9409*v_3*(v_6 - 1)*(v_7 - 1)*(v_8 - 1) - 1.0*v_6*(v_7 - 1) + 1.0*v_7 + 1.0*v_8*(v_6 - 1)*(v_7 - 1) + 0.9409*(v_3 - 1)*(v_4 - 1)*(v_5 - 1)*(v_6 - 1)*(v_7 - 1)*(v_8 - 1) + 0.9409*(v_3 - 1)*(v_4 - v_5*(v_4 - 1))*(v_6 - 1)*(v_7 - 1)*(v_8 - 1) - 0.0591*(v_6 - 1)*(v_7 - 1)*(v_8 - 1)) + (v_18 - 1)*(-1.0*v_1*(-0.9409*v_3*(v_6 - 1)*(v_7 - 1)*(v_8 - 1) - 1.0*v_6*(v_7 - 1) + 1.0*v_7 + 1.0*v_8*(v_6 - 1)*(v_7 - 1) + 0.9409*(v_3 - 1)*(v_4 - 1)*(v_5 - 1)*(v_6 - 1)*(v_7 - 1)*(v_8 - 1) + 0.9409*(v_3 - 1)*(v_4 - v_5*(v_4 - 1))*(v_6 - 1)*(v_7 - 1)*(v_8 - 1) - 0.0591*(v_6 - 1)*(v_7 - 1)*(v_8 - 1)) + 0.88529281*(v_1 - 1)*(-0.9409*v_3*(v_6 - 1)*(v_7 - 1)*(v_8 - 1) - 1.0*v_6*(v_7 - 1) + 1.0*v_7 + 1.0*v_8*(v_6 - 1)*(v_7 - 1) + 0.028227*(v_3 - 1)*(v_4 - 1)*(v_5 - 1)*(v_6 - 1)*(v_7 - 1)*(v_8 - 1) + 0.9409*(v_3 - 1)*(v_4 - v_5*(v_4 - 1))*(v_6 - 1)*(v_7 - 1)*(v_8 - 1) - 0.0591*(v_6 - 1)*(v_7 - 1)*(v_8 - 1)) + 0.11470719*(v_1 - 1)*(-0.9409*v_3*(v_6 - 1)*(v_7 - 1)*(v_8 - 1) - 1.0*v_6*(v_7 - 1) + 1.0*v_7 + 1.0*v_8*(v_6 - 1)*(v_7 - 1) + 0.9409*(v_3 - 1)*(v_4 - 1)*(v_5 - 1)*(v_6 - 1)*(v_7 - 1)*(v_8 - 1) + 0.9409*(v_3 - 1)*(v_4 - v_5*(v_4 - 1))*(v_6 - 1)*(v_7 - 1)*(v_8 - 1) - 0.0591*(v_6 - 1)*(v_7 - 1)*(v_8 - 1))))))))
Post simplification
symp_time: 137.6021909713745
number of sums: 39
number of subs: 230
number of prods: 243
opt_time: 26.072956323623657
     fun: 0.9539455288033466
     jac: array([1., 1., 1., 1., 1., 1., 1., 1., 1., 1., 1., 1., 1.])
 message: 'Optimization terminated successfully'
    nfev: 9
     nit: 7
    njev: 7
  status: 0
 success: True
       x: array([0.07338043, 0.07338043, 0.07338043, 0.07338043, 0.07338043,
       0.07338043, 0.07338043, 0.07338043, 0.07338043, 0.07338043,
       0.07338043, 0.07338043, 0.07338043])

real	3m3.943s
user	3m1.918s
sys	0m1.623s
Instance: 14
[INFO] aspmc: Tree Decomposition #bags: 40 unfolded treewidth: 4 #vertices: 52
[INFO] aspmc: Preprocessing disabled
[INFO] aspmc:    Stats Compilation
[INFO] aspmc: ------------------------------------------------------------
[INFO] aspmc: X/D-Constrained Tree Decomposition #bags: 34 treewidth: 15 #vertices: 78
[INFO] aspmc: Dtree time:               2.0332887172698975
[INFO] aspmc: Compilation time:         0.18708491325378418
[INFO] aspmc: Preparation time:         0.0001361370086669922
[INFO] aspmc: Counting time:            15.225924015045166
[INFO] aspmc: ------------------------------------------------------------
/home/dazzolin/anaconda3/lib/python3.9/site-packages/scipy/optimize/optimize.py:282: RuntimeWarning: Values in x were outside bounds during a minimize step, clipping to bounds
  warnings.warn("Values in x were outside bounds during a "
[0.03::a0., 0.03::a1., 0.03::a2., 0.03::a3., 0.03::a4., 0.03::a5., 0.03::a6., 0.03::a7., 0.03::a8., 0.03::a9., 0.03::a10., 0.03::a11., 0.03::a12., 0.03::a13., 0.03::a14., 0.03::a15., 0.03::a16., 0.03::a17., 0.03::a18., 0.03::a19., qr:-a0., qr:-a1,not nqr., nqr:-a1,not qr., qr:-a2., qr:-a3,not nqr., nqr:-a3,not qr., qr:-a4., qr:-a5,not nqr., nqr:-a5,not qr., qr:-a6., qr:-a7,not nqr., nqr:-a7,not qr., qr:-a8., qr:-a9,not nqr., nqr:-a9,not qr., qr:-a10., qr:-a11,not nqr., nqr:-a11,not qr., qr:-a12., qr:-a13,not nqr., nqr:-a13,not qr., qr:-a14., qr:-a15,not nqr., nqr:-a15,not qr., qr:-a16., qr:-a17,not nqr., nqr:-a17,not qr., qr:-a18., qr:-a19,not nqr., nqr:-a19,not qr., query(qr).]
tracc
nnf_construction_time: 18.556801319122314
Pre simplification
number of sums: 69631
number of prods: 147455
len(eq): 3022
v_12*(-0.9409*v_3*(v_6 - 1)*(v_7 - 1)*(v_8 - 1) - 1.0*v_6*(v_7 - 1) + 1.0*v_7 + 1.0*v_8*(v_6 - 1)*(v_7 - 1) + 0.9409*(v_3 - 1)*(v_4 - 1)*(v_5 - 1)*(v_6 - 1)*(v_7 - 1)*(v_8 - 1) + 0.9409*(v_3 - 1)*(v_4 - v_5*(v_4 - 1))*(v_6 - 1)*(v_7 - 1)*(v_8 - 1) - 0.0591*(v_6 - 1)*(v_7 - 1)*(v_8 - 1)) - (v_12 - 1)*(v_14*(-0.9409*v_3*(v_6 - 1)*(v_7 - 1)*(v_8 - 1) - 1.0*v_6*(v_7 - 1) + 1.0*v_7 + 1.0*v_8*(v_6 - 1)*(v_7 - 1) + 0.9409*(v_3 - 1)*(v_4 - 1)*(v_5 - 1)*(v_6 - 1)*(v_7 - 1)*(v_8 - 1) + 0.9409*(v_3 - 1)*(v_4 - v_5*(v_4 - 1))*(v_6 - 1)*(v_7 - 1)*(v_8 - 1) - 0.0591*(v_6 - 1)*(v_7 - 1)*(v_8 - 1)) - (v_14 - 1)*(v_15*(-0.9409*v_3*(v_6 - 1)*(v_7 - 1)*(v_8 - 1) - 1.0*v_6*(v_7 - 1) + 1.0*v_7 + 1.0*v_8*(v_6 - 1)*(v_7 - 1) + 0.9409*(v_3 - 1)*(v_4 - 1)*(v_5 - 1)*(v_6 - 1)*(v_7 - 1)*(v_8 - 1) + 0.9409*(v_3 - 1)*(v_4 - v_5*(v_4 - 1))*(v_6 - 1)*(v_7 - 1)*(v_8 - 1) - 0.0591*(v_6 - 1)*(v_7 - 1)*(v_8 - 1)) - (v_15 - 1)*(v_16*(-0.9409*v_3*(v_6 - 1)*(v_7 - 1)*(v_8 - 1) - 1.0*v_6*(v_7 - 1) + 1.0*v_7 + 1.0*v_8*(v_6 - 1)*(v_7 - 1) + 0.9409*(v_3 - 1)*(v_4 - 1)*(v_5 - 1)*(v_6 - 1)*(v_7 - 1)*(v_8 - 1) + 0.9409*(v_3 - 1)*(v_4 - v_5*(v_4 - 1))*(v_6 - 1)*(v_7 - 1)*(v_8 - 1) - 0.0591*(v_6 - 1)*(v_7 - 1)*(v_8 - 1)) - (v_16 - 1)*(v_17*(-0.9409*v_3*(v_6 - 1)*(v_7 - 1)*(v_8 - 1) - 1.0*v_6*(v_7 - 1) + 1.0*v_7 + 1.0*v_8*(v_6 - 1)*(v_7 - 1) + 0.9409*(v_3 - 1)*(v_4 - 1)*(v_5 - 1)*(v_6 - 1)*(v_7 - 1)*(v_8 - 1) + 0.9409*(v_3 - 1)*(v_4 - v_5*(v_4 - 1))*(v_6 - 1)*(v_7 - 1)*(v_8 - 1) - 0.0591*(v_6 - 1)*(v_7 - 1)*(v_8 - 1)) - (v_17 - 1)*(v_18*(-0.9409*v_3*(v_6 - 1)*(v_7 - 1)*(v_8 - 1) - 1.0*v_6*(v_7 - 1) + 1.0*v_7 + 1.0*v_8*(v_6 - 1)*(v_7 - 1) + 0.9409*(v_3 - 1)*(v_4 - 1)*(v_5 - 1)*(v_6 - 1)*(v_7 - 1)*(v_8 - 1) + 0.9409*(v_3 - 1)*(v_4 - v_5*(v_4 - 1))*(v_6 - 1)*(v_7 - 1)*(v_8 - 1) - 0.0591*(v_6 - 1)*(v_7 - 1)*(v_8 - 1)) - (v_18 - 1)*(v_19*(-0.9409*v_3*(v_6 - 1)*(v_7 - 1)*(v_8 - 1) - 1.0*v_6*(v_7 - 1) + 1.0*v_7 + 1.0*v_8*(v_6 - 1)*(v_7 - 1) + 0.9409*(v_3 - 1)*(v_4 - 1)*(v_5 - 1)*(v_6 - 1)*(v_7 - 1)*(v_8 - 1) + 0.9409*(v_3 - 1)*(v_4 - v_5*(v_4 - 1))*(v_6 - 1)*(v_7 - 1)*(v_8 - 1) - 0.0591*(v_6 - 1)*(v_7 - 1)*(v_8 - 1)) + (v_19 - 1)*(-1.0*v_1*(-0.9409*v_3*(v_6 - 1)*(v_7 - 1)*(v_8 - 1) - 1.0*v_6*(v_7 - 1) + 1.0*v_7 + 1.0*v_8*(v_6 - 1)*(v_7 - 1) + 0.9409*(v_3 - 1)*(v_4 - 1)*(v_5 - 1)*(v_6 - 1)*(v_7 - 1)*(v_8 - 1) + 0.9409*(v_3 - 1)*(v_4 - v_5*(v_4 - 1))*(v_6 - 1)*(v_7 - 1)*(v_8 - 1) - 0.0591*(v_6 - 1)*(v_7 - 1)*(v_8 - 1)) + 0.912673*(v_1 - 1)*(-0.9409*v_3*(v_6 - 1)*(v_7 - 1)*(v_8 - 1) - 1.0*v_6*(v_7 - 1) + 1.0*v_7 + 1.0*v_8*(v_6 - 1)*(v_7 - 1) + 0.028227*(v_3 - 1)*(v_4 - 1)*(v_5 - 1)*(v_6 - 1)*(v_7 - 1)*(v_8 - 1) + 0.9409*(v_3 - 1)*(v_4 - v_5*(v_4 - 1))*(v_6 - 1)*(v_7 - 1)*(v_8 - 1) - 0.0591*(v_6 - 1)*(v_7 - 1)*(v_8 - 1)) + 0.087327*(v_1 - 1)*(-0.9409*v_3*(v_6 - 1)*(v_7 - 1)*(v_8 - 1) - 1.0*v_6*(v_7 - 1) + 1.0*v_7 + 1.0*v_8*(v_6 - 1)*(v_7 - 1) + 0.9409*(v_3 - 1)*(v_4 - 1)*(v_5 - 1)*(v_6 - 1)*(v_7 - 1)*(v_8 - 1) + 0.9409*(v_3 - 1)*(v_4 - v_5*(v_4 - 1))*(v_6 - 1)*(v_7 - 1)*(v_8 - 1) - 0.0591*(v_6 - 1)*(v_7 - 1)*(v_8 - 1)))))))))
Post simplification
symp_time: 264.0563395023346
number of sums: 43
number of subs: 256
number of prods: 270
opt_time: 32.615493297576904
     fun: 0.9848610018982413
     jac: array([1., 1., 1., 1., 1., 1., 1., 1., 1., 1., 1., 1., 1., 1.])
 message: 'Optimization terminated successfully'
    nfev: 9
     nit: 7
    njev: 7
  status: 0
 success: True
       x: array([0.07034721, 0.07034721, 0.07034721, 0.07034721, 0.07034721,
       0.07034721, 0.07034721, 0.07034721, 0.07034721, 0.07034721,
       0.07034721, 0.07034721, 0.07034721, 0.07034721])

real	5m16.915s
user	5m14.496s
sys	0m1.873s
Instance: 15
[INFO] aspmc: Tree Decomposition #bags: 40 unfolded treewidth: 4 #vertices: 52
[INFO] aspmc: Preprocessing disabled
[INFO] aspmc:    Stats Compilation
[INFO] aspmc: ------------------------------------------------------------
[INFO] aspmc: X/D-Constrained Tree Decomposition #bags: 34 treewidth: 15 #vertices: 78
[INFO] aspmc: Dtree time:               2.033233880996704
[INFO] aspmc: Compilation time:         0.18420624732971191
[INFO] aspmc: Preparation time:         0.00013399124145507812
[INFO] aspmc: Counting time:            14.949418783187866
[INFO] aspmc: ------------------------------------------------------------
/home/dazzolin/anaconda3/lib/python3.9/site-packages/scipy/optimize/optimize.py:282: RuntimeWarning: Values in x were outside bounds during a minimize step, clipping to bounds
  warnings.warn("Values in x were outside bounds during a "
[0.03::a0., 0.03::a1., 0.03::a2., 0.03::a3., 0.03::a4., 0.03::a5., 0.03::a6., 0.03::a7., 0.03::a8., 0.03::a9., 0.03::a10., 0.03::a11., 0.03::a12., 0.03::a13., 0.03::a14., 0.03::a15., 0.03::a16., 0.03::a17., 0.03::a18., 0.03::a19., qr:-a0., qr:-a1,not nqr., nqr:-a1,not qr., qr:-a2., qr:-a3,not nqr., nqr:-a3,not qr., qr:-a4., qr:-a5,not nqr., nqr:-a5,not qr., qr:-a6., qr:-a7,not nqr., nqr:-a7,not qr., qr:-a8., qr:-a9,not nqr., nqr:-a9,not qr., qr:-a10., qr:-a11,not nqr., nqr:-a11,not qr., qr:-a12., qr:-a13,not nqr., nqr:-a13,not qr., qr:-a14., qr:-a15,not nqr., nqr:-a15,not qr., qr:-a16., qr:-a17,not nqr., nqr:-a17,not qr., qr:-a18., qr:-a19,not nqr., nqr:-a19,not qr., query(qr).]
tracc
nnf_construction_time: 18.280279397964478
Pre simplification
number of sums: 69631
number of prods: 147455
len(eq): 3732
v_12*(0.97*v_3*(v_6 - 1)*(v_7 - 1)*(v_8 - 1)*(v_9 - 1) - 1.0*v_6*(v_7 - 1) + 1.0*v_7 + 1.0*v_8*(v_6 - 1)*(v_7 - 1) - 1.0*v_9*(v_6 - 1)*(v_7 - 1)*(v_8 - 1) - 0.97*(v_3 - 1)*(v_4 - 1)*(v_5 - 1)*(v_6 - 1)*(v_7 - 1)*(v_8 - 1)*(v_9 - 1) - 0.97*(v_3 - 1)*(v_4 - v_5*(v_4 - 1))*(v_6 - 1)*(v_7 - 1)*(v_8 - 1)*(v_9 - 1) + 0.03*(v_6 - 1)*(v_7 - 1)*(v_8 - 1)*(v_9 - 1)) - (v_12 - 1)*(v_14*(0.97*v_3*(v_6 - 1)*(v_7 - 1)*(v_8 - 1)*(v_9 - 1) - 1.0*v_6*(v_7 - 1) + 1.0*v_7 + 1.0*v_8*(v_6 - 1)*(v_7 - 1) - 1.0*v_9*(v_6 - 1)*(v_7 - 1)*(v_8 - 1) - 0.97*(v_3 - 1)*(v_4 - 1)*(v_5 - 1)*(v_6 - 1)*(v_7 - 1)*(v_8 - 1)*(v_9 - 1) - 0.97*(v_3 - 1)*(v_4 - v_5*(v_4 - 1))*(v_6 - 1)*(v_7 - 1)*(v_8 - 1)*(v_9 - 1) + 0.03*(v_6 - 1)*(v_7 - 1)*(v_8 - 1)*(v_9 - 1)) - (v_14 - 1)*(v_15*(0.97*v_3*(v_6 - 1)*(v_7 - 1)*(v_8 - 1)*(v_9 - 1) - 1.0*v_6*(v_7 - 1) + 1.0*v_7 + 1.0*v_8*(v_6 - 1)*(v_7 - 1) - 1.0*v_9*(v_6 - 1)*(v_7 - 1)*(v_8 - 1) - 0.97*(v_3 - 1)*(v_4 - 1)*(v_5 - 1)*(v_6 - 1)*(v_7 - 1)*(v_8 - 1)*(v_9 - 1) - 0.97*(v_3 - 1)*(v_4 - v_5*(v_4 - 1))*(v_6 - 1)*(v_7 - 1)*(v_8 - 1)*(v_9 - 1) + 0.03*(v_6 - 1)*(v_7 - 1)*(v_8 - 1)*(v_9 - 1)) - (v_15 - 1)*(v_16*(0.97*v_3*(v_6 - 1)*(v_7 - 1)*(v_8 - 1)*(v_9 - 1) - 1.0*v_6*(v_7 - 1) + 1.0*v_7 + 1.0*v_8*(v_6 - 1)*(v_7 - 1) - 1.0*v_9*(v_6 - 1)*(v_7 - 1)*(v_8 - 1) - 0.97*(v_3 - 1)*(v_4 - 1)*(v_5 - 1)*(v_6 - 1)*(v_7 - 1)*(v_8 - 1)*(v_9 - 1) - 0.97*(v_3 - 1)*(v_4 - v_5*(v_4 - 1))*(v_6 - 1)*(v_7 - 1)*(v_8 - 1)*(v_9 - 1) + 0.03*(v_6 - 1)*(v_7 - 1)*(v_8 - 1)*(v_9 - 1)) - (v_16 - 1)*(v_17*(0.97*v_3*(v_6 - 1)*(v_7 - 1)*(v_8 - 1)*(v_9 - 1) - 1.0*v_6*(v_7 - 1) + 1.0*v_7 + 1.0*v_8*(v_6 - 1)*(v_7 - 1) - 1.0*v_9*(v_6 - 1)*(v_7 - 1)*(v_8 - 1) - 0.97*(v_3 - 1)*(v_4 - 1)*(v_5 - 1)*(v_6 - 1)*(v_7 - 1)*(v_8 - 1)*(v_9 - 1) - 0.97*(v_3 - 1)*(v_4 - v_5*(v_4 - 1))*(v_6 - 1)*(v_7 - 1)*(v_8 - 1)*(v_9 - 1) + 0.03*(v_6 - 1)*(v_7 - 1)*(v_8 - 1)*(v_9 - 1)) - (v_17 - 1)*(v_18*(0.97*v_3*(v_6 - 1)*(v_7 - 1)*(v_8 - 1)*(v_9 - 1) - 1.0*v_6*(v_7 - 1) + 1.0*v_7 + 1.0*v_8*(v_6 - 1)*(v_7 - 1) - 1.0*v_9*(v_6 - 1)*(v_7 - 1)*(v_8 - 1) - 0.97*(v_3 - 1)*(v_4 - 1)*(v_5 - 1)*(v_6 - 1)*(v_7 - 1)*(v_8 - 1)*(v_9 - 1) - 0.97*(v_3 - 1)*(v_4 - v_5*(v_4 - 1))*(v_6 - 1)*(v_7 - 1)*(v_8 - 1)*(v_9 - 1) + 0.03*(v_6 - 1)*(v_7 - 1)*(v_8 - 1)*(v_9 - 1)) - (v_18 - 1)*(v_19*(0.97*v_3*(v_6 - 1)*(v_7 - 1)*(v_8 - 1)*(v_9 - 1) - 1.0*v_6*(v_7 - 1) + 1.0*v_7 + 1.0*v_8*(v_6 - 1)*(v_7 - 1) - 1.0*v_9*(v_6 - 1)*(v_7 - 1)*(v_8 - 1) - 0.97*(v_3 - 1)*(v_4 - 1)*(v_5 - 1)*(v_6 - 1)*(v_7 - 1)*(v_8 - 1)*(v_9 - 1) - 0.97*(v_3 - 1)*(v_4 - v_5*(v_4 - 1))*(v_6 - 1)*(v_7 - 1)*(v_8 - 1)*(v_9 - 1) + 0.03*(v_6 - 1)*(v_7 - 1)*(v_8 - 1)*(v_9 - 1)) + (v_19 - 1)*(-1.0*v_1*(0.97*v_3*(v_6 - 1)*(v_7 - 1)*(v_8 - 1)*(v_9 - 1) - 1.0*v_6*(v_7 - 1) + 1.0*v_7 + 1.0*v_8*(v_6 - 1)*(v_7 - 1) - 1.0*v_9*(v_6 - 1)*(v_7 - 1)*(v_8 - 1) - 0.97*(v_3 - 1)*(v_4 - 1)*(v_5 - 1)*(v_6 - 1)*(v_7 - 1)*(v_8 - 1)*(v_9 - 1) - 0.97*(v_3 - 1)*(v_4 - v_5*(v_4 - 1))*(v_6 - 1)*(v_7 - 1)*(v_8 - 1)*(v_9 - 1) + 0.03*(v_6 - 1)*(v_7 - 1)*(v_8 - 1)*(v_9 - 1)) + 0.087327*(v_1 - 1)*(0.97*v_3*(v_6 - 1)*(v_7 - 1)*(v_8 - 1)*(v_9 - 1) - 1.0*v_6*(v_7 - 1) + 1.0*v_7 + 1.0*v_8*(v_6 - 1)*(v_7 - 1) - 1.0*v_9*(v_6 - 1)*(v_7 - 1)*(v_8 - 1) - 0.97*(v_3 - 1)*(v_4 - 1)*(v_5 - 1)*(v_6 - 1)*(v_7 - 1)*(v_8 - 1)*(v_9 - 1) - 0.97*(v_3 - 1)*(v_4 - v_5*(v_4 - 1))*(v_6 - 1)*(v_7 - 1)*(v_8 - 1)*(v_9 - 1) + 0.03*(v_6 - 1)*(v_7 - 1)*(v_8 - 1)*(v_9 - 1)) + 0.912673*(v_1 - 1)*(0.97*v_3*(v_6 - 1)*(v_7 - 1)*(v_8 - 1)*(v_9 - 1) - 1.0*v_6*(v_7 - 1) + 1.0*v_7 + 1.0*v_8*(v_6 - 1)*(v_7 - 1) - 1.0*v_9*(v_6 - 1)*(v_7 - 1)*(v_8 - 1) - 0.0291*(v_3 - 1)*(v_4 - 1)*(v_5 - 1)*(v_6 - 1)*(v_7 - 1)*(v_8 - 1)*(v_9 - 1) - 0.97*(v_3 - 1)*(v_4 - v_5*(v_4 - 1))*(v_6 - 1)*(v_7 - 1)*(v_8 - 1)*(v_9 - 1) + 0.03*(v_6 - 1)*(v_7 - 1)*(v_8 - 1)*(v_9 - 1)))))))))
Post simplification
symp_time: 480.6747922897339
number of sums: 33
number of subs: 336
number of prods: 350
opt_time: 39.376333713531494
     fun: 1.0156560211289305
     jac: array([1., 1., 1., 1., 1., 1., 1., 1., 1., 1., 1., 1., 1., 1., 1.])
 message: 'Optimization terminated successfully'
    nfev: 9
     nit: 7
    njev: 7
  status: 0
 success: True
       x: array([0.0677104, 0.0677104, 0.0677104, 0.0677104, 0.0677104, 0.0677104,
       0.0677104, 0.0677104, 0.0677104, 0.0677104, 0.0677104, 0.0677104,
       0.0677104, 0.0677104, 0.0677104])

real	9m0.476s
user	8m57.239s
sys	0m2.381s
Instance: 16
[INFO] aspmc: Tree Decomposition #bags: 40 unfolded treewidth: 4 #vertices: 52
[INFO] aspmc: Preprocessing disabled
[INFO] aspmc:    Stats Compilation
[INFO] aspmc: ------------------------------------------------------------
[INFO] aspmc: X/D-Constrained Tree Decomposition #bags: 34 treewidth: 15 #vertices: 78
[INFO] aspmc: Dtree time:               2.0338666439056396
[INFO] aspmc: Compilation time:         0.17925286293029785
[INFO] aspmc: Preparation time:         0.00013184547424316406
[INFO] aspmc: Counting time:            15.818121194839478
[INFO] aspmc: ------------------------------------------------------------
[0.03::a0., 0.03::a1., 0.03::a2., 0.03::a3., 0.03::a4., 0.03::a5., 0.03::a6., 0.03::a7., 0.03::a8., 0.03::a9., 0.03::a10., 0.03::a11., 0.03::a12., 0.03::a13., 0.03::a14., 0.03::a15., 0.03::a16., 0.03::a17., 0.03::a18., 0.03::a19., qr:-a0., qr:-a1,not nqr., nqr:-a1,not qr., qr:-a2., qr:-a3,not nqr., nqr:-a3,not qr., qr:-a4., qr:-a5,not nqr., nqr:-a5,not qr., qr:-a6., qr:-a7,not nqr., nqr:-a7,not qr., qr:-a8., qr:-a9,not nqr., nqr:-a9,not qr., qr:-a10., qr:-a11,not nqr., nqr:-a11,not qr., qr:-a12., qr:-a13,not nqr., nqr:-a13,not qr., qr:-a14., qr:-a15,not nqr., nqr:-a15,not qr., qr:-a16., qr:-a17,not nqr., nqr:-a17,not qr., qr:-a18., qr:-a19,not nqr., nqr:-a19,not qr., query(qr).]
tracc
nnf_construction_time: 19.151909112930298
Pre simplification
number of sums: 69631
number of prods: 147455
len(eq): 4102
v_12*(0.97*v_3*(v_6 - 1)*(v_7 - 1)*(v_8 - 1)*(v_9 - 1) - 1.0*v_6*(v_7 - 1) + 1.0*v_7 + 1.0*v_8*(v_6 - 1)*(v_7 - 1) - 1.0*v_9*(v_6 - 1)*(v_7 - 1)*(v_8 - 1) - 0.97*(v_3 - 1)*(v_4 - 1)*(v_5 - 1)*(v_6 - 1)*(v_7 - 1)*(v_8 - 1)*(v_9 - 1) - 0.97*(v_3 - 1)*(v_4 - v_5*(v_4 - 1))*(v_6 - 1)*(v_7 - 1)*(v_8 - 1)*(v_9 - 1) + 0.03*(v_6 - 1)*(v_7 - 1)*(v_8 - 1)*(v_9 - 1)) - (v_12 - 1)*(v_14*(0.97*v_3*(v_6 - 1)*(v_7 - 1)*(v_8 - 1)*(v_9 - 1) - 1.0*v_6*(v_7 - 1) + 1.0*v_7 + 1.0*v_8*(v_6 - 1)*(v_7 - 1) - 1.0*v_9*(v_6 - 1)*(v_7 - 1)*(v_8 - 1) - 0.97*(v_3 - 1)*(v_4 - 1)*(v_5 - 1)*(v_6 - 1)*(v_7 - 1)*(v_8 - 1)*(v_9 - 1) - 0.97*(v_3 - 1)*(v_4 - v_5*(v_4 - 1))*(v_6 - 1)*(v_7 - 1)*(v_8 - 1)*(v_9 - 1) + 0.03*(v_6 - 1)*(v_7 - 1)*(v_8 - 1)*(v_9 - 1)) - (v_14 - 1)*(v_15*(0.97*v_3*(v_6 - 1)*(v_7 - 1)*(v_8 - 1)*(v_9 - 1) - 1.0*v_6*(v_7 - 1) + 1.0*v_7 + 1.0*v_8*(v_6 - 1)*(v_7 - 1) - 1.0*v_9*(v_6 - 1)*(v_7 - 1)*(v_8 - 1) - 0.97*(v_3 - 1)*(v_4 - 1)*(v_5 - 1)*(v_6 - 1)*(v_7 - 1)*(v_8 - 1)*(v_9 - 1) - 0.97*(v_3 - 1)*(v_4 - v_5*(v_4 - 1))*(v_6 - 1)*(v_7 - 1)*(v_8 - 1)*(v_9 - 1) + 0.03*(v_6 - 1)*(v_7 - 1)*(v_8 - 1)*(v_9 - 1)) - (v_15 - 1)*(v_16*(0.97*v_3*(v_6 - 1)*(v_7 - 1)*(v_8 - 1)*(v_9 - 1) - 1.0*v_6*(v_7 - 1) + 1.0*v_7 + 1.0*v_8*(v_6 - 1)*(v_7 - 1) - 1.0*v_9*(v_6 - 1)*(v_7 - 1)*(v_8 - 1) - 0.97*(v_3 - 1)*(v_4 - 1)*(v_5 - 1)*(v_6 - 1)*(v_7 - 1)*(v_8 - 1)*(v_9 - 1) - 0.97*(v_3 - 1)*(v_4 - v_5*(v_4 - 1))*(v_6 - 1)*(v_7 - 1)*(v_8 - 1)*(v_9 - 1) + 0.03*(v_6 - 1)*(v_7 - 1)*(v_8 - 1)*(v_9 - 1)) - (v_16 - 1)*(v_17*(0.97*v_3*(v_6 - 1)*(v_7 - 1)*(v_8 - 1)*(v_9 - 1) - 1.0*v_6*(v_7 - 1) + 1.0*v_7 + 1.0*v_8*(v_6 - 1)*(v_7 - 1) - 1.0*v_9*(v_6 - 1)*(v_7 - 1)*(v_8 - 1) - 0.97*(v_3 - 1)*(v_4 - 1)*(v_5 - 1)*(v_6 - 1)*(v_7 - 1)*(v_8 - 1)*(v_9 - 1) - 0.97*(v_3 - 1)*(v_4 - v_5*(v_4 - 1))*(v_6 - 1)*(v_7 - 1)*(v_8 - 1)*(v_9 - 1) + 0.03*(v_6 - 1)*(v_7 - 1)*(v_8 - 1)*(v_9 - 1)) - (v_17 - 1)*(v_18*(0.97*v_3*(v_6 - 1)*(v_7 - 1)*(v_8 - 1)*(v_9 - 1) - 1.0*v_6*(v_7 - 1) + 1.0*v_7 + 1.0*v_8*(v_6 - 1)*(v_7 - 1) - 1.0*v_9*(v_6 - 1)*(v_7 - 1)*(v_8 - 1) - 0.97*(v_3 - 1)*(v_4 - 1)*(v_5 - 1)*(v_6 - 1)*(v_7 - 1)*(v_8 - 1)*(v_9 - 1) - 0.97*(v_3 - 1)*(v_4 - v_5*(v_4 - 1))*(v_6 - 1)*(v_7 - 1)*(v_8 - 1)*(v_9 - 1) + 0.03*(v_6 - 1)*(v_7 - 1)*(v_8 - 1)*(v_9 - 1)) - (v_18 - 1)*(v_19*(0.97*v_3*(v_6 - 1)*(v_7 - 1)*(v_8 - 1)*(v_9 - 1) - 1.0*v_6*(v_7 - 1) + 1.0*v_7 + 1.0*v_8*(v_6 - 1)*(v_7 - 1) - 1.0*v_9*(v_6 - 1)*(v_7 - 1)*(v_8 - 1) - 0.97*(v_3 - 1)*(v_4 - 1)*(v_5 - 1)*(v_6 - 1)*(v_7 - 1)*(v_8 - 1)*(v_9 - 1) - 0.97*(v_3 - 1)*(v_4 - v_5*(v_4 - 1))*(v_6 - 1)*(v_7 - 1)*(v_8 - 1)*(v_9 - 1) + 0.03*(v_6 - 1)*(v_7 - 1)*(v_8 - 1)*(v_9 - 1)) - (v_19 - 1)*(v_20*(0.97*v_3*(v_6 - 1)*(v_7 - 1)*(v_8 - 1)*(v_9 - 1) - 1.0*v_6*(v_7 - 1) + 1.0*v_7 + 1.0*v_8*(v_6 - 1)*(v_7 - 1) - 1.0*v_9*(v_6 - 1)*(v_7 - 1)*(v_8 - 1) - 0.97*(v_3 - 1)*(v_4 - 1)*(v_5 - 1)*(v_6 - 1)*(v_7 - 1)*(v_8 - 1)*(v_9 - 1) - 0.97*(v_3 - 1)*(v_4 - v_5*(v_4 - 1))*(v_6 - 1)*(v_7 - 1)*(v_8 - 1)*(v_9 - 1) + 0.03*(v_6 - 1)*(v_7 - 1)*(v_8 - 1)*(v_9 - 1)) + (v_20 - 1)*(-1.0*v_1*(0.97*v_3*(v_6 - 1)*(v_7 - 1)*(v_8 - 1)*(v_9 - 1) - 1.0*v_6*(v_7 - 1) + 1.0*v_7 + 1.0*v_8*(v_6 - 1)*(v_7 - 1) - 1.0*v_9*(v_6 - 1)*(v_7 - 1)*(v_8 - 1) - 0.97*(v_3 - 1)*(v_4 - 1)*(v_5 - 1)*(v_6 - 1)*(v_7 - 1)*(v_8 - 1)*(v_9 - 1) - 0.97*(v_3 - 1)*(v_4 - v_5*(v_4 - 1))*(v_6 - 1)*(v_7 - 1)*(v_8 - 1)*(v_9 - 1) + 0.03*(v_6 - 1)*(v_7 - 1)*(v_8 - 1)*(v_9 - 1)) + 0.0591*(v_1 - 1)*(0.97*v_3*(v_6 - 1)*(v_7 - 1)*(v_8 - 1)*(v_9 - 1) - 1.0*v_6*(v_7 - 1) + 1.0*v_7 + 1.0*v_8*(v_6 - 1)*(v_7 - 1) - 1.0*v_9*(v_6 - 1)*(v_7 - 1)*(v_8 - 1) - 0.97*(v_3 - 1)*(v_4 - 1)*(v_5 - 1)*(v_6 - 1)*(v_7 - 1)*(v_8 - 1)*(v_9 - 1) - 0.97*(v_3 - 1)*(v_4 - v_5*(v_4 - 1))*(v_6 - 1)*(v_7 - 1)*(v_8 - 1)*(v_9 - 1) + 0.03*(v_6 - 1)*(v_7 - 1)*(v_8 - 1)*(v_9 - 1)) + 0.9409*(v_1 - 1)*(0.97*v_3*(v_6 - 1)*(v_7 - 1)*(v_8 - 1)*(v_9 - 1) - 1.0*v_6*(v_7 - 1) + 1.0*v_7 + 1.0*v_8*(v_6 - 1)*(v_7 - 1) - 1.0*v_9*(v_6 - 1)*(v_7 - 1)*(v_8 - 1) - 0.0291*(v_3 - 1)*(v_4 - 1)*(v_5 - 1)*(v_6 - 1)*(v_7 - 1)*(v_8 - 1)*(v_9 - 1) - 0.97*(v_3 - 1)*(v_4 - v_5*(v_4 - 1))*(v_6 - 1)*(v_7 - 1)*(v_8 - 1)*(v_9 - 1) + 0.03*(v_6 - 1)*(v_7 - 1)*(v_8 - 1)*(v_9 - 1))))))))))
Post simplification
symp_time: 951.2007706165314
number of sums: 36
number of subs: 370
number of prods: 385
opt_time: 47.033958435058594
     fun: 1.0463528913512246
     jac: array([1., 1., 1., 1., 1., 1., 1., 1., 1., 1., 1., 1., 1., 1., 1., 1.])
 message: 'Optimization terminated successfully'
    nfev: 9
     nit: 7
    njev: 7
  status: 0
 success: True
       x: array([0.06539706, 0.06539706, 0.06539706, 0.06539706, 0.06539706,
       0.06539706, 0.06539706, 0.06539706, 0.06539706, 0.06539706,
       0.06539706, 0.06539706, 0.06539706, 0.06539706, 0.06539706,
       0.06539706])

real	17m0.235s
user	16m55.170s
sys	0m3.442s
Instance: 17
[INFO] aspmc: Tree Decomposition #bags: 40 unfolded treewidth: 4 #vertices: 52
[INFO] aspmc: Preprocessing disabled
[INFO] aspmc:    Stats Compilation
[INFO] aspmc: ------------------------------------------------------------
[INFO] aspmc: X/D-Constrained Tree Decomposition #bags: 34 treewidth: 15 #vertices: 78
[INFO] aspmc: Dtree time:               2.0330681800842285
[INFO] aspmc: Compilation time:         0.18170714378356934
[INFO] aspmc: Preparation time:         0.0001304149627685547
[INFO] aspmc: Counting time:            14.985188007354736
[INFO] aspmc: ------------------------------------------------------------
/home/dazzolin/anaconda3/lib/python3.9/site-packages/scipy/optimize/optimize.py:282: RuntimeWarning: Values in x were outside bounds during a minimize step, clipping to bounds
  warnings.warn("Values in x were outside bounds during a "
[0.03::a0., 0.03::a1., 0.03::a2., 0.03::a3., 0.03::a4., 0.03::a5., 0.03::a6., 0.03::a7., 0.03::a8., 0.03::a9., 0.03::a10., 0.03::a11., 0.03::a12., 0.03::a13., 0.03::a14., 0.03::a15., 0.03::a16., 0.03::a17., 0.03::a18., 0.03::a19., qr:-a0., qr:-a1,not nqr., nqr:-a1,not qr., qr:-a2., qr:-a3,not nqr., nqr:-a3,not qr., qr:-a4., qr:-a5,not nqr., nqr:-a5,not qr., qr:-a6., qr:-a7,not nqr., nqr:-a7,not qr., qr:-a8., qr:-a9,not nqr., nqr:-a9,not qr., qr:-a10., qr:-a11,not nqr., nqr:-a11,not qr., qr:-a12., qr:-a13,not nqr., nqr:-a13,not qr., qr:-a14., qr:-a15,not nqr., nqr:-a15,not qr., qr:-a16., qr:-a17,not nqr., nqr:-a17,not qr., qr:-a18., qr:-a19,not nqr., nqr:-a19,not qr., query(qr).]
tracc
nnf_construction_time: 18.308944702148438
Pre simplification
number of sums: 69631
number of prods: 147455
len(eq): 4187
1.0*v_12*(v_10*(v_6 - 1)*(v_7 - 1)*(v_8 - 1)*(v_9 - 1) - v_3*(v_10 - 1)*(v_6 - 1)*(v_7 - 1)*(v_8 - 1)*(v_9 - 1) - v_6*(v_7 - 1) + v_7 + v_8*(v_6 - 1)*(v_7 - 1) - v_9*(v_6 - 1)*(v_7 - 1)*(v_8 - 1) + (v_10 - 1)*(v_3 - 1)*(v_4 - 1)*(v_5 - 1)*(v_6 - 1)*(v_7 - 1)*(v_8 - 1)*(v_9 - 1) + (v_10 - 1)*(v_3 - 1)*(v_4 - v_5*(v_4 - 1))*(v_6 - 1)*(v_7 - 1)*(v_8 - 1)*(v_9 - 1)) - (v_12 - 1)*(1.0*v_14*(v_10*(v_6 - 1)*(v_7 - 1)*(v_8 - 1)*(v_9 - 1) - v_3*(v_10 - 1)*(v_6 - 1)*(v_7 - 1)*(v_8 - 1)*(v_9 - 1) - v_6*(v_7 - 1) + v_7 + v_8*(v_6 - 1)*(v_7 - 1) - v_9*(v_6 - 1)*(v_7 - 1)*(v_8 - 1) + (v_10 - 1)*(v_3 - 1)*(v_4 - 1)*(v_5 - 1)*(v_6 - 1)*(v_7 - 1)*(v_8 - 1)*(v_9 - 1) + (v_10 - 1)*(v_3 - 1)*(v_4 - v_5*(v_4 - 1))*(v_6 - 1)*(v_7 - 1)*(v_8 - 1)*(v_9 - 1)) - (v_14 - 1)*(1.0*v_15*(v_10*(v_6 - 1)*(v_7 - 1)*(v_8 - 1)*(v_9 - 1) - v_3*(v_10 - 1)*(v_6 - 1)*(v_7 - 1)*(v_8 - 1)*(v_9 - 1) - v_6*(v_7 - 1) + v_7 + v_8*(v_6 - 1)*(v_7 - 1) - v_9*(v_6 - 1)*(v_7 - 1)*(v_8 - 1) + (v_10 - 1)*(v_3 - 1)*(v_4 - 1)*(v_5 - 1)*(v_6 - 1)*(v_7 - 1)*(v_8 - 1)*(v_9 - 1) + (v_10 - 1)*(v_3 - 1)*(v_4 - v_5*(v_4 - 1))*(v_6 - 1)*(v_7 - 1)*(v_8 - 1)*(v_9 - 1)) - (v_15 - 1)*(1.0*v_16*(v_10*(v_6 - 1)*(v_7 - 1)*(v_8 - 1)*(v_9 - 1) - v_3*(v_10 - 1)*(v_6 - 1)*(v_7 - 1)*(v_8 - 1)*(v_9 - 1) - v_6*(v_7 - 1) + v_7 + v_8*(v_6 - 1)*(v_7 - 1) - v_9*(v_6 - 1)*(v_7 - 1)*(v_8 - 1) + (v_10 - 1)*(v_3 - 1)*(v_4 - 1)*(v_5 - 1)*(v_6 - 1)*(v_7 - 1)*(v_8 - 1)*(v_9 - 1) + (v_10 - 1)*(v_3 - 1)*(v_4 - v_5*(v_4 - 1))*(v_6 - 1)*(v_7 - 1)*(v_8 - 1)*(v_9 - 1)) - (v_16 - 1)*(1.0*v_17*(v_10*(v_6 - 1)*(v_7 - 1)*(v_8 - 1)*(v_9 - 1) - v_3*(v_10 - 1)*(v_6 - 1)*(v_7 - 1)*(v_8 - 1)*(v_9 - 1) - v_6*(v_7 - 1) + v_7 + v_8*(v_6 - 1)*(v_7 - 1) - v_9*(v_6 - 1)*(v_7 - 1)*(v_8 - 1) + (v_10 - 1)*(v_3 - 1)*(v_4 - 1)*(v_5 - 1)*(v_6 - 1)*(v_7 - 1)*(v_8 - 1)*(v_9 - 1) + (v_10 - 1)*(v_3 - 1)*(v_4 - v_5*(v_4 - 1))*(v_6 - 1)*(v_7 - 1)*(v_8 - 1)*(v_9 - 1)) - (v_17 - 1)*(1.0*v_18*(v_10*(v_6 - 1)*(v_7 - 1)*(v_8 - 1)*(v_9 - 1) - v_3*(v_10 - 1)*(v_6 - 1)*(v_7 - 1)*(v_8 - 1)*(v_9 - 1) - v_6*(v_7 - 1) + v_7 + v_8*(v_6 - 1)*(v_7 - 1) - v_9*(v_6 - 1)*(v_7 - 1)*(v_8 - 1) + (v_10 - 1)*(v_3 - 1)*(v_4 - 1)*(v_5 - 1)*(v_6 - 1)*(v_7 - 1)*(v_8 - 1)*(v_9 - 1) + (v_10 - 1)*(v_3 - 1)*(v_4 - v_5*(v_4 - 1))*(v_6 - 1)*(v_7 - 1)*(v_8 - 1)*(v_9 - 1)) - (v_18 - 1)*(1.0*v_19*(v_10*(v_6 - 1)*(v_7 - 1)*(v_8 - 1)*(v_9 - 1) - v_3*(v_10 - 1)*(v_6 - 1)*(v_7 - 1)*(v_8 - 1)*(v_9 - 1) - v_6*(v_7 - 1) + v_7 + v_8*(v_6 - 1)*(v_7 - 1) - v_9*(v_6 - 1)*(v_7 - 1)*(v_8 - 1) + (v_10 - 1)*(v_3 - 1)*(v_4 - 1)*(v_5 - 1)*(v_6 - 1)*(v_7 - 1)*(v_8 - 1)*(v_9 - 1) + (v_10 - 1)*(v_3 - 1)*(v_4 - v_5*(v_4 - 1))*(v_6 - 1)*(v_7 - 1)*(v_8 - 1)*(v_9 - 1)) - (v_19 - 1)*(1.0*v_20*(v_10*(v_6 - 1)*(v_7 - 1)*(v_8 - 1)*(v_9 - 1) - v_3*(v_10 - 1)*(v_6 - 1)*(v_7 - 1)*(v_8 - 1)*(v_9 - 1) - v_6*(v_7 - 1) + v_7 + v_8*(v_6 - 1)*(v_7 - 1) - v_9*(v_6 - 1)*(v_7 - 1)*(v_8 - 1) + (v_10 - 1)*(v_3 - 1)*(v_4 - 1)*(v_5 - 1)*(v_6 - 1)*(v_7 - 1)*(v_8 - 1)*(v_9 - 1) + (v_10 - 1)*(v_3 - 1)*(v_4 - v_5*(v_4 - 1))*(v_6 - 1)*(v_7 - 1)*(v_8 - 1)*(v_9 - 1)) + (v_20 - 1)*(-1.0*v_1*(v_10*(v_6 - 1)*(v_7 - 1)*(v_8 - 1)*(v_9 - 1) - v_3*(v_10 - 1)*(v_6 - 1)*(v_7 - 1)*(v_8 - 1)*(v_9 - 1) - v_6*(v_7 - 1) + v_7 + v_8*(v_6 - 1)*(v_7 - 1) - v_9*(v_6 - 1)*(v_7 - 1)*(v_8 - 1) + (v_10 - 1)*(v_3 - 1)*(v_4 - 1)*(v_5 - 1)*(v_6 - 1)*(v_7 - 1)*(v_8 - 1)*(v_9 - 1) + (v_10 - 1)*(v_3 - 1)*(v_4 - v_5*(v_4 - 1))*(v_6 - 1)*(v_7 - 1)*(v_8 - 1)*(v_9 - 1)) + 0.9409*(v_1 - 1)*(1.0*v_10*(v_6 - 1)*(v_7 - 1)*(v_8 - 1)*(v_9 - 1) - 1.0*v_3*(v_10 - 1)*(v_6 - 1)*(v_7 - 1)*(v_8 - 1)*(v_9 - 1) - 1.0*v_6*(v_7 - 1) + 1.0*v_7 + 1.0*v_8*(v_6 - 1)*(v_7 - 1) - 1.0*v_9*(v_6 - 1)*(v_7 - 1)*(v_8 - 1) + 0.03*(v_10 - 1)*(v_3 - 1)*(v_4 - 1)*(v_5 - 1)*(v_6 - 1)*(v_7 - 1)*(v_8 - 1)*(v_9 - 1) + 1.0*(v_10 - 1)*(v_3 - 1)*(v_4 - v_5*(v_4 - 1))*(v_6 - 1)*(v_7 - 1)*(v_8 - 1)*(v_9 - 1)) + 0.0591*(v_1 - 1)*(v_10*(v_6 - 1)*(v_7 - 1)*(v_8 - 1)*(v_9 - 1) - v_3*(v_10 - 1)*(v_6 - 1)*(v_7 - 1)*(v_8 - 1)*(v_9 - 1) - v_6*(v_7 - 1) + v_7 + v_8*(v_6 - 1)*(v_7 - 1) - v_9*(v_6 - 1)*(v_7 - 1)*(v_8 - 1) + (v_10 - 1)*(v_3 - 1)*(v_4 - 1)*(v_5 - 1)*(v_6 - 1)*(v_7 - 1)*(v_8 - 1)*(v_9 - 1) + (v_10 - 1)*(v_3 - 1)*(v_4 - v_5*(v_4 - 1))*(v_6 - 1)*(v_7 - 1)*(v_8 - 1)*(v_9 - 1))))))))))
Post simplification
symp_time: 2090.5732848644257
number of sums: 47
number of subs: 392
number of prods: 357
opt_time: 55.868647813797
     fun: 1.0769687307369329
     jac: array([1., 1., 1., 1., 1., 1., 1., 1., 1., 1., 1., 1., 1., 1., 1., 1., 1.])
 message: 'Optimization terminated successfully'
    nfev: 9
     nit: 7
    njev: 7
  status: 0
 success: True
       x: array([0.0633511, 0.0633511, 0.0633511, 0.0633511, 0.0633511, 0.0633511,
       0.0633511, 0.0633511, 0.0633511, 0.0633511, 0.0633511, 0.0633511,
       0.0633511, 0.0633511, 0.0633511, 0.0633511, 0.0633511])

real	36m10.679s
user	35m58.664s
sys	0m8.280s
Instance: 18
[INFO] aspmc: Tree Decomposition #bags: 40 unfolded treewidth: 4 #vertices: 52
[INFO] aspmc: Preprocessing disabled
[INFO] aspmc:    Stats Compilation
[INFO] aspmc: ------------------------------------------------------------
[INFO] aspmc: X/D-Constrained Tree Decomposition #bags: 34 treewidth: 15 #vertices: 78
[INFO] aspmc: Dtree time:               2.031919479370117
[INFO] aspmc: Compilation time:         0.1756892204284668
[INFO] aspmc: Preparation time:         0.00013399124145507812
[INFO] aspmc: Counting time:            15.02905535697937
[INFO] aspmc: ------------------------------------------------------------
/home/dazzolin/anaconda3/lib/python3.9/site-packages/scipy/optimize/optimize.py:282: RuntimeWarning: Values in x were outside bounds during a minimize step, clipping to bounds
  warnings.warn("Values in x were outside bounds during a "
[0.03::a0., 0.03::a1., 0.03::a2., 0.03::a3., 0.03::a4., 0.03::a5., 0.03::a6., 0.03::a7., 0.03::a8., 0.03::a9., 0.03::a10., 0.03::a11., 0.03::a12., 0.03::a13., 0.03::a14., 0.03::a15., 0.03::a16., 0.03::a17., 0.03::a18., 0.03::a19., qr:-a0., qr:-a1,not nqr., nqr:-a1,not qr., qr:-a2., qr:-a3,not nqr., nqr:-a3,not qr., qr:-a4., qr:-a5,not nqr., nqr:-a5,not qr., qr:-a6., qr:-a7,not nqr., nqr:-a7,not qr., qr:-a8., qr:-a9,not nqr., nqr:-a9,not qr., qr:-a10., qr:-a11,not nqr., nqr:-a11,not qr., qr:-a12., qr:-a13,not nqr., nqr:-a13,not qr., qr:-a14., qr:-a15,not nqr., nqr:-a15,not qr., qr:-a16., qr:-a17,not nqr., nqr:-a17,not qr., qr:-a18., qr:-a19,not nqr., nqr:-a19,not qr., query(qr).]
tracc
nnf_construction_time: 18.344178676605225
Pre simplification
number of sums: 69631
number of prods: 147455
len(eq): 4563
1.0*v_12*(v_10*(v_6 - 1)*(v_7 - 1)*(v_8 - 1)*(v_9 - 1) - v_3*(v_10 - 1)*(v_6 - 1)*(v_7 - 1)*(v_8 - 1)*(v_9 - 1) - v_6*(v_7 - 1) + v_7 + v_8*(v_6 - 1)*(v_7 - 1) - v_9*(v_6 - 1)*(v_7 - 1)*(v_8 - 1) + (v_10 - 1)*(v_3 - 1)*(v_4 - 1)*(v_5 - 1)*(v_6 - 1)*(v_7 - 1)*(v_8 - 1)*(v_9 - 1) + (v_10 - 1)*(v_3 - 1)*(v_4 - v_5*(v_4 - 1))*(v_6 - 1)*(v_7 - 1)*(v_8 - 1)*(v_9 - 1)) - (v_12 - 1)*(1.0*v_14*(v_10*(v_6 - 1)*(v_7 - 1)*(v_8 - 1)*(v_9 - 1) - v_3*(v_10 - 1)*(v_6 - 1)*(v_7 - 1)*(v_8 - 1)*(v_9 - 1) - v_6*(v_7 - 1) + v_7 + v_8*(v_6 - 1)*(v_7 - 1) - v_9*(v_6 - 1)*(v_7 - 1)*(v_8 - 1) + (v_10 - 1)*(v_3 - 1)*(v_4 - 1)*(v_5 - 1)*(v_6 - 1)*(v_7 - 1)*(v_8 - 1)*(v_9 - 1) + (v_10 - 1)*(v_3 - 1)*(v_4 - v_5*(v_4 - 1))*(v_6 - 1)*(v_7 - 1)*(v_8 - 1)*(v_9 - 1)) - (v_14 - 1)*(1.0*v_15*(v_10*(v_6 - 1)*(v_7 - 1)*(v_8 - 1)*(v_9 - 1) - v_3*(v_10 - 1)*(v_6 - 1)*(v_7 - 1)*(v_8 - 1)*(v_9 - 1) - v_6*(v_7 - 1) + v_7 + v_8*(v_6 - 1)*(v_7 - 1) - v_9*(v_6 - 1)*(v_7 - 1)*(v_8 - 1) + (v_10 - 1)*(v_3 - 1)*(v_4 - 1)*(v_5 - 1)*(v_6 - 1)*(v_7 - 1)*(v_8 - 1)*(v_9 - 1) + (v_10 - 1)*(v_3 - 1)*(v_4 - v_5*(v_4 - 1))*(v_6 - 1)*(v_7 - 1)*(v_8 - 1)*(v_9 - 1)) - (v_15 - 1)*(1.0*v_16*(v_10*(v_6 - 1)*(v_7 - 1)*(v_8 - 1)*(v_9 - 1) - v_3*(v_10 - 1)*(v_6 - 1)*(v_7 - 1)*(v_8 - 1)*(v_9 - 1) - v_6*(v_7 - 1) + v_7 + v_8*(v_6 - 1)*(v_7 - 1) - v_9*(v_6 - 1)*(v_7 - 1)*(v_8 - 1) + (v_10 - 1)*(v_3 - 1)*(v_4 - 1)*(v_5 - 1)*(v_6 - 1)*(v_7 - 1)*(v_8 - 1)*(v_9 - 1) + (v_10 - 1)*(v_3 - 1)*(v_4 - v_5*(v_4 - 1))*(v_6 - 1)*(v_7 - 1)*(v_8 - 1)*(v_9 - 1)) - (v_16 - 1)*(1.0*v_17*(v_10*(v_6 - 1)*(v_7 - 1)*(v_8 - 1)*(v_9 - 1) - v_3*(v_10 - 1)*(v_6 - 1)*(v_7 - 1)*(v_8 - 1)*(v_9 - 1) - v_6*(v_7 - 1) + v_7 + v_8*(v_6 - 1)*(v_7 - 1) - v_9*(v_6 - 1)*(v_7 - 1)*(v_8 - 1) + (v_10 - 1)*(v_3 - 1)*(v_4 - 1)*(v_5 - 1)*(v_6 - 1)*(v_7 - 1)*(v_8 - 1)*(v_9 - 1) + (v_10 - 1)*(v_3 - 1)*(v_4 - v_5*(v_4 - 1))*(v_6 - 1)*(v_7 - 1)*(v_8 - 1)*(v_9 - 1)) - (v_17 - 1)*(1.0*v_18*(v_10*(v_6 - 1)*(v_7 - 1)*(v_8 - 1)*(v_9 - 1) - v_3*(v_10 - 1)*(v_6 - 1)*(v_7 - 1)*(v_8 - 1)*(v_9 - 1) - v_6*(v_7 - 1) + v_7 + v_8*(v_6 - 1)*(v_7 - 1) - v_9*(v_6 - 1)*(v_7 - 1)*(v_8 - 1) + (v_10 - 1)*(v_3 - 1)*(v_4 - 1)*(v_5 - 1)*(v_6 - 1)*(v_7 - 1)*(v_8 - 1)*(v_9 - 1) + (v_10 - 1)*(v_3 - 1)*(v_4 - v_5*(v_4 - 1))*(v_6 - 1)*(v_7 - 1)*(v_8 - 1)*(v_9 - 1)) - (v_18 - 1)*(1.0*v_19*(v_10*(v_6 - 1)*(v_7 - 1)*(v_8 - 1)*(v_9 - 1) - v_3*(v_10 - 1)*(v_6 - 1)*(v_7 - 1)*(v_8 - 1)*(v_9 - 1) - v_6*(v_7 - 1) + v_7 + v_8*(v_6 - 1)*(v_7 - 1) - v_9*(v_6 - 1)*(v_7 - 1)*(v_8 - 1) + (v_10 - 1)*(v_3 - 1)*(v_4 - 1)*(v_5 - 1)*(v_6 - 1)*(v_7 - 1)*(v_8 - 1)*(v_9 - 1) + (v_10 - 1)*(v_3 - 1)*(v_4 - v_5*(v_4 - 1))*(v_6 - 1)*(v_7 - 1)*(v_8 - 1)*(v_9 - 1)) - (v_19 - 1)*(1.0*v_20*(v_10*(v_6 - 1)*(v_7 - 1)*(v_8 - 1)*(v_9 - 1) - v_3*(v_10 - 1)*(v_6 - 1)*(v_7 - 1)*(v_8 - 1)*(v_9 - 1) - v_6*(v_7 - 1) + v_7 + v_8*(v_6 - 1)*(v_7 - 1) - v_9*(v_6 - 1)*(v_7 - 1)*(v_8 - 1) + (v_10 - 1)*(v_3 - 1)*(v_4 - 1)*(v_5 - 1)*(v_6 - 1)*(v_7 - 1)*(v_8 - 1)*(v_9 - 1) + (v_10 - 1)*(v_3 - 1)*(v_4 - v_5*(v_4 - 1))*(v_6 - 1)*(v_7 - 1)*(v_8 - 1)*(v_9 - 1)) - (v_20 - 1)*(1.0*v_21*(v_10*(v_6 - 1)*(v_7 - 1)*(v_8 - 1)*(v_9 - 1) - v_3*(v_10 - 1)*(v_6 - 1)*(v_7 - 1)*(v_8 - 1)*(v_9 - 1) - v_6*(v_7 - 1) + v_7 + v_8*(v_6 - 1)*(v_7 - 1) - v_9*(v_6 - 1)*(v_7 - 1)*(v_8 - 1) + (v_10 - 1)*(v_3 - 1)*(v_4 - 1)*(v_5 - 1)*(v_6 - 1)*(v_7 - 1)*(v_8 - 1)*(v_9 - 1) + (v_10 - 1)*(v_3 - 1)*(v_4 - v_5*(v_4 - 1))*(v_6 - 1)*(v_7 - 1)*(v_8 - 1)*(v_9 - 1)) + (v_21 - 1)*(-1.0*v_1*(v_10*(v_6 - 1)*(v_7 - 1)*(v_8 - 1)*(v_9 - 1) - v_3*(v_10 - 1)*(v_6 - 1)*(v_7 - 1)*(v_8 - 1)*(v_9 - 1) - v_6*(v_7 - 1) + v_7 + v_8*(v_6 - 1)*(v_7 - 1) - v_9*(v_6 - 1)*(v_7 - 1)*(v_8 - 1) + (v_10 - 1)*(v_3 - 1)*(v_4 - 1)*(v_5 - 1)*(v_6 - 1)*(v_7 - 1)*(v_8 - 1)*(v_9 - 1) + (v_10 - 1)*(v_3 - 1)*(v_4 - v_5*(v_4 - 1))*(v_6 - 1)*(v_7 - 1)*(v_8 - 1)*(v_9 - 1)) + 0.97*(v_1 - 1)*(1.0*v_10*(v_6 - 1)*(v_7 - 1)*(v_8 - 1)*(v_9 - 1) - 1.0*v_3*(v_10 - 1)*(v_6 - 1)*(v_7 - 1)*(v_8 - 1)*(v_9 - 1) - 1.0*v_6*(v_7 - 1) + 1.0*v_7 + 1.0*v_8*(v_6 - 1)*(v_7 - 1) - 1.0*v_9*(v_6 - 1)*(v_7 - 1)*(v_8 - 1) + 0.03*(v_10 - 1)*(v_3 - 1)*(v_4 - 1)*(v_5 - 1)*(v_6 - 1)*(v_7 - 1)*(v_8 - 1)*(v_9 - 1) + 1.0*(v_10 - 1)*(v_3 - 1)*(v_4 - v_5*(v_4 - 1))*(v_6 - 1)*(v_7 - 1)*(v_8 - 1)*(v_9 - 1)) + 0.03*(v_1 - 1)*(v_10*(v_6 - 1)*(v_7 - 1)*(v_8 - 1)*(v_9 - 1) - v_3*(v_10 - 1)*(v_6 - 1)*(v_7 - 1)*(v_8 - 1)*(v_9 - 1) - v_6*(v_7 - 1) + v_7 + v_8*(v_6 - 1)*(v_7 - 1) - v_9*(v_6 - 1)*(v_7 - 1)*(v_8 - 1) + (v_10 - 1)*(v_3 - 1)*(v_4 - 1)*(v_5 - 1)*(v_6 - 1)*(v_7 - 1)*(v_8 - 1)*(v_9 - 1) + (v_10 - 1)*(v_3 - 1)*(v_4 - v_5*(v_4 - 1))*(v_6 - 1)*(v_7 - 1)*(v_8 - 1)*(v_9 - 1)))))))))))
Post simplification
symp_time: 4344.880928516388
number of sums: 51
number of subs: 428
number of prods: 389
opt_time: 70.4854109287262
     fun: 1.107516895514389
     jac: array([1., 1., 1., 1., 1., 1., 1., 1., 1., 1., 1., 1., 1., 1., 1., 1., 1.,
       1.])
 message: 'Optimization terminated successfully'
    nfev: 9
     nit: 7
    njev: 7
  status: 0
 success: True
       x: array([0.06152872, 0.06152872, 0.06152872, 0.06152872, 0.06152872,
       0.06152872, 0.06152872, 0.06152872, 0.06152872, 0.06152872,
       0.06152872, 0.06152872, 0.06152872, 0.06152872, 0.06152872,
       0.06152872, 0.06152872, 0.06152872])

real	74m4.294s
user	73m36.013s
sys	0m21.695s
Instance: 19
[INFO] aspmc: Tree Decomposition #bags: 40 unfolded treewidth: 4 #vertices: 52
[INFO] aspmc: Preprocessing disabled
[INFO] aspmc:    Stats Compilation
[INFO] aspmc: ------------------------------------------------------------
[INFO] aspmc: X/D-Constrained Tree Decomposition #bags: 34 treewidth: 15 #vertices: 78
[INFO] aspmc: Dtree time:               2.032078981399536
[INFO] aspmc: Compilation time:         0.17717266082763672
[INFO] aspmc: Preparation time:         0.00013566017150878906
[INFO] aspmc: Counting time:            15.344154119491577
[INFO] aspmc: ------------------------------------------------------------
/home/dazzolin/anaconda3/lib/python3.9/site-packages/scipy/optimize/optimize.py:282: RuntimeWarning: Values in x were outside bounds during a minimize step, clipping to bounds
  warnings.warn("Values in x were outside bounds during a "
[0.03::a0., 0.03::a1., 0.03::a2., 0.03::a3., 0.03::a4., 0.03::a5., 0.03::a6., 0.03::a7., 0.03::a8., 0.03::a9., 0.03::a10., 0.03::a11., 0.03::a12., 0.03::a13., 0.03::a14., 0.03::a15., 0.03::a16., 0.03::a17., 0.03::a18., 0.03::a19., qr:-a0., qr:-a1,not nqr., nqr:-a1,not qr., qr:-a2., qr:-a3,not nqr., nqr:-a3,not qr., qr:-a4., qr:-a5,not nqr., nqr:-a5,not qr., qr:-a6., qr:-a7,not nqr., nqr:-a7,not qr., qr:-a8., qr:-a9,not nqr., nqr:-a9,not qr., qr:-a10., qr:-a11,not nqr., nqr:-a11,not qr., qr:-a12., qr:-a13,not nqr., nqr:-a13,not qr., qr:-a14., qr:-a15,not nqr., nqr:-a15,not qr., qr:-a16., qr:-a17,not nqr., nqr:-a17,not qr., qr:-a18., qr:-a19,not nqr., nqr:-a19,not qr., query(qr).]
tracc
nnf_construction_time: 18.669239044189453
Pre simplification
number of sums: 69631
number of prods: 147455
len(eq): 8051
1.0*v_12*(v_11*(v_10*(v_6 - 1)*(v_7 - 1)*(v_8 - 1)*(v_9 - 1) - v_3*(v_10 - 1)*(v_6 - 1)*(v_7 - 1)*(v_8 - 1)*(v_9 - 1) - v_6*(v_7 - 1) + v_7 + v_8*(v_6 - 1)*(v_7 - 1) - v_9*(v_6 - 1)*(v_7 - 1)*(v_8 - 1) + (v_10 - 1)*(v_3 - 1)*(v_4 - v_5*(v_4 - 1))*(v_6 - 1)*(v_7 - 1)*(v_8 - 1)*(v_9 - 1)) + (v_10 - 1)*(v_3 - 1)*(v_4 - 1)*(v_5 - 1)*(v_6 - 1)*(v_7 - 1)*(v_8 - 1)*(v_9 - 1) - (v_11 - 1)*(v_10*(v_6 - 1)*(v_7 - 1)*(v_8 - 1)*(v_9 - 1) - v_3*(v_10 - 1)*(v_6 - 1)*(v_7 - 1)*(v_8 - 1)*(v_9 - 1) - v_6*(v_7 - 1) + v_7 + v_8*(v_6 - 1)*(v_7 - 1) - v_9*(v_6 - 1)*(v_7 - 1)*(v_8 - 1) + (v_10 - 1)*(v_3 - 1)*(v_4 - v_5*(v_4 - 1))*(v_6 - 1)*(v_7 - 1)*(v_8 - 1)*(v_9 - 1))) - (v_12 - 1)*(1.0*v_14*(v_11*(v_10*(v_6 - 1)*(v_7 - 1)*(v_8 - 1)*(v_9 - 1) - v_3*(v_10 - 1)*(v_6 - 1)*(v_7 - 1)*(v_8 - 1)*(v_9 - 1) - v_6*(v_7 - 1) + v_7 + v_8*(v_6 - 1)*(v_7 - 1) - v_9*(v_6 - 1)*(v_7 - 1)*(v_8 - 1) + (v_10 - 1)*(v_3 - 1)*(v_4 - v_5*(v_4 - 1))*(v_6 - 1)*(v_7 - 1)*(v_8 - 1)*(v_9 - 1)) + (v_10 - 1)*(v_3 - 1)*(v_4 - 1)*(v_5 - 1)*(v_6 - 1)*(v_7 - 1)*(v_8 - 1)*(v_9 - 1) - (v_11 - 1)*(v_10*(v_6 - 1)*(v_7 - 1)*(v_8 - 1)*(v_9 - 1) - v_3*(v_10 - 1)*(v_6 - 1)*(v_7 - 1)*(v_8 - 1)*(v_9 - 1) - v_6*(v_7 - 1) + v_7 + v_8*(v_6 - 1)*(v_7 - 1) - v_9*(v_6 - 1)*(v_7 - 1)*(v_8 - 1) + (v_10 - 1)*(v_3 - 1)*(v_4 - v_5*(v_4 - 1))*(v_6 - 1)*(v_7 - 1)*(v_8 - 1)*(v_9 - 1))) - (v_14 - 1)*(1.0*v_15*(v_11*(v_10*(v_6 - 1)*(v_7 - 1)*(v_8 - 1)*(v_9 - 1) - v_3*(v_10 - 1)*(v_6 - 1)*(v_7 - 1)*(v_8 - 1)*(v_9 - 1) - v_6*(v_7 - 1) + v_7 + v_8*(v_6 - 1)*(v_7 - 1) - v_9*(v_6 - 1)*(v_7 - 1)*(v_8 - 1) + (v_10 - 1)*(v_3 - 1)*(v_4 - v_5*(v_4 - 1))*(v_6 - 1)*(v_7 - 1)*(v_8 - 1)*(v_9 - 1)) + (v_10 - 1)*(v_3 - 1)*(v_4 - 1)*(v_5 - 1)*(v_6 - 1)*(v_7 - 1)*(v_8 - 1)*(v_9 - 1) - (v_11 - 1)*(v_10*(v_6 - 1)*(v_7 - 1)*(v_8 - 1)*(v_9 - 1) - v_3*(v_10 - 1)*(v_6 - 1)*(v_7 - 1)*(v_8 - 1)*(v_9 - 1) - v_6*(v_7 - 1) + v_7 + v_8*(v_6 - 1)*(v_7 - 1) - v_9*(v_6 - 1)*(v_7 - 1)*(v_8 - 1) + (v_10 - 1)*(v_3 - 1)*(v_4 - v_5*(v_4 - 1))*(v_6 - 1)*(v_7 - 1)*(v_8 - 1)*(v_9 - 1))) - (v_15 - 1)*(1.0*v_16*(v_11*(v_10*(v_6 - 1)*(v_7 - 1)*(v_8 - 1)*(v_9 - 1) - v_3*(v_10 - 1)*(v_6 - 1)*(v_7 - 1)*(v_8 - 1)*(v_9 - 1) - v_6*(v_7 - 1) + v_7 + v_8*(v_6 - 1)*(v_7 - 1) - v_9*(v_6 - 1)*(v_7 - 1)*(v_8 - 1) + (v_10 - 1)*(v_3 - 1)*(v_4 - v_5*(v_4 - 1))*(v_6 - 1)*(v_7 - 1)*(v_8 - 1)*(v_9 - 1)) + (v_10 - 1)*(v_3 - 1)*(v_4 - 1)*(v_5 - 1)*(v_6 - 1)*(v_7 - 1)*(v_8 - 1)*(v_9 - 1) - (v_11 - 1)*(v_10*(v_6 - 1)*(v_7 - 1)*(v_8 - 1)*(v_9 - 1) - v_3*(v_10 - 1)*(v_6 - 1)*(v_7 - 1)*(v_8 - 1)*(v_9 - 1) - v_6*(v_7 - 1) + v_7 + v_8*(v_6 - 1)*(v_7 - 1) - v_9*(v_6 - 1)*(v_7 - 1)*(v_8 - 1) + (v_10 - 1)*(v_3 - 1)*(v_4 - v_5*(v_4 - 1))*(v_6 - 1)*(v_7 - 1)*(v_8 - 1)*(v_9 - 1))) - (v_16 - 1)*(1.0*v_17*(v_11*(v_10*(v_6 - 1)*(v_7 - 1)*(v_8 - 1)*(v_9 - 1) - v_3*(v_10 - 1)*(v_6 - 1)*(v_7 - 1)*(v_8 - 1)*(v_9 - 1) - v_6*(v_7 - 1) + v_7 + v_8*(v_6 - 1)*(v_7 - 1) - v_9*(v_6 - 1)*(v_7 - 1)*(v_8 - 1) + (v_10 - 1)*(v_3 - 1)*(v_4 - v_5*(v_4 - 1))*(v_6 - 1)*(v_7 - 1)*(v_8 - 1)*(v_9 - 1)) + (v_10 - 1)*(v_3 - 1)*(v_4 - 1)*(v_5 - 1)*(v_6 - 1)*(v_7 - 1)*(v_8 - 1)*(v_9 - 1) - (v_11 - 1)*(v_10*(v_6 - 1)*(v_7 - 1)*(v_8 - 1)*(v_9 - 1) - v_3*(v_10 - 1)*(v_6 - 1)*(v_7 - 1)*(v_8 - 1)*(v_9 - 1) - v_6*(v_7 - 1) + v_7 + v_8*(v_6 - 1)*(v_7 - 1) - v_9*(v_6 - 1)*(v_7 - 1)*(v_8 - 1) + (v_10 - 1)*(v_3 - 1)*(v_4 - v_5*(v_4 - 1))*(v_6 - 1)*(v_7 - 1)*(v_8 - 1)*(v_9 - 1))) - (v_17 - 1)*(1.0*v_18*(v_11*(v_10*(v_6 - 1)*(v_7 - 1)*(v_8 - 1)*(v_9 - 1) - v_3*(v_10 - 1)*(v_6 - 1)*(v_7 - 1)*(v_8 - 1)*(v_9 - 1) - v_6*(v_7 - 1) + v_7 + v_8*(v_6 - 1)*(v_7 - 1) - v_9*(v_6 - 1)*(v_7 - 1)*(v_8 - 1) + (v_10 - 1)*(v_3 - 1)*(v_4 - v_5*(v_4 - 1))*(v_6 - 1)*(v_7 - 1)*(v_8 - 1)*(v_9 - 1)) + (v_10 - 1)*(v_3 - 1)*(v_4 - 1)*(v_5 - 1)*(v_6 - 1)*(v_7 - 1)*(v_8 - 1)*(v_9 - 1) - (v_11 - 1)*(v_10*(v_6 - 1)*(v_7 - 1)*(v_8 - 1)*(v_9 - 1) - v_3*(v_10 - 1)*(v_6 - 1)*(v_7 - 1)*(v_8 - 1)*(v_9 - 1) - v_6*(v_7 - 1) + v_7 + v_8*(v_6 - 1)*(v_7 - 1) - v_9*(v_6 - 1)*(v_7 - 1)*(v_8 - 1) + (v_10 - 1)*(v_3 - 1)*(v_4 - v_5*(v_4 - 1))*(v_6 - 1)*(v_7 - 1)*(v_8 - 1)*(v_9 - 1))) - (v_18 - 1)*(1.0*v_19*(v_11*(v_10*(v_6 - 1)*(v_7 - 1)*(v_8 - 1)*(v_9 - 1) - v_3*(v_10 - 1)*(v_6 - 1)*(v_7 - 1)*(v_8 - 1)*(v_9 - 1) - v_6*(v_7 - 1) + v_7 + v_8*(v_6 - 1)*(v_7 - 1) - v_9*(v_6 - 1)*(v_7 - 1)*(v_8 - 1) + (v_10 - 1)*(v_3 - 1)*(v_4 - v_5*(v_4 - 1))*(v_6 - 1)*(v_7 - 1)*(v_8 - 1)*(v_9 - 1)) + (v_10 - 1)*(v_3 - 1)*(v_4 - 1)*(v_5 - 1)*(v_6 - 1)*(v_7 - 1)*(v_8 - 1)*(v_9 - 1) - (v_11 - 1)*(v_10*(v_6 - 1)*(v_7 - 1)*(v_8 - 1)*(v_9 - 1) - v_3*(v_10 - 1)*(v_6 - 1)*(v_7 - 1)*(v_8 - 1)*(v_9 - 1) - v_6*(v_7 - 1) + v_7 + v_8*(v_6 - 1)*(v_7 - 1) - v_9*(v_6 - 1)*(v_7 - 1)*(v_8 - 1) + (v_10 - 1)*(v_3 - 1)*(v_4 - v_5*(v_4 - 1))*(v_6 - 1)*(v_7 - 1)*(v_8 - 1)*(v_9 - 1))) - (v_19 - 1)*(1.0*v_20*(v_11*(v_10*(v_6 - 1)*(v_7 - 1)*(v_8 - 1)*(v_9 - 1) - v_3*(v_10 - 1)*(v_6 - 1)*(v_7 - 1)*(v_8 - 1)*(v_9 - 1) - v_6*(v_7 - 1) + v_7 + v_8*(v_6 - 1)*(v_7 - 1) - v_9*(v_6 - 1)*(v_7 - 1)*(v_8 - 1) + (v_10 - 1)*(v_3 - 1)*(v_4 - v_5*(v_4 - 1))*(v_6 - 1)*(v_7 - 1)*(v_8 - 1)*(v_9 - 1)) + (v_10 - 1)*(v_3 - 1)*(v_4 - 1)*(v_5 - 1)*(v_6 - 1)*(v_7 - 1)*(v_8 - 1)*(v_9 - 1) - (v_11 - 1)*(v_10*(v_6 - 1)*(v_7 - 1)*(v_8 - 1)*(v_9 - 1) - v_3*(v_10 - 1)*(v_6 - 1)*(v_7 - 1)*(v_8 - 1)*(v_9 - 1) - v_6*(v_7 - 1) + v_7 + v_8*(v_6 - 1)*(v_7 - 1) - v_9*(v_6 - 1)*(v_7 - 1)*(v_8 - 1) + (v_10 - 1)*(v_3 - 1)*(v_4 - v_5*(v_4 - 1))*(v_6 - 1)*(v_7 - 1)*(v_8 - 1)*(v_9 - 1))) - (v_20 - 1)*(1.0*v_21*(v_11*(v_10*(v_6 - 1)*(v_7 - 1)*(v_8 - 1)*(v_9 - 1) - v_3*(v_10 - 1)*(v_6 - 1)*(v_7 - 1)*(v_8 - 1)*(v_9 - 1) - v_6*(v_7 - 1) + v_7 + v_8*(v_6 - 1)*(v_7 - 1) - v_9*(v_6 - 1)*(v_7 - 1)*(v_8 - 1) + (v_10 - 1)*(v_3 - 1)*(v_4 - v_5*(v_4 - 1))*(v_6 - 1)*(v_7 - 1)*(v_8 - 1)*(v_9 - 1)) + (v_10 - 1)*(v_3 - 1)*(v_4 - 1)*(v_5 - 1)*(v_6 - 1)*(v_7 - 1)*(v_8 - 1)*(v_9 - 1) - (v_11 - 1)*(v_10*(v_6 - 1)*(v_7 - 1)*(v_8 - 1)*(v_9 - 1) - v_3*(v_10 - 1)*(v_6 - 1)*(v_7 - 1)*(v_8 - 1)*(v_9 - 1) - v_6*(v_7 - 1) + v_7 + v_8*(v_6 - 1)*(v_7 - 1) - v_9*(v_6 - 1)*(v_7 - 1)*(v_8 - 1) + (v_10 - 1)*(v_3 - 1)*(v_4 - v_5*(v_4 - 1))*(v_6 - 1)*(v_7 - 1)*(v_8 - 1)*(v_9 - 1))) + (v_21 - 1)*(-1.0*v_1*(v_11*(v_10*(v_6 - 1)*(v_7 - 1)*(v_8 - 1)*(v_9 - 1) - v_3*(v_10 - 1)*(v_6 - 1)*(v_7 - 1)*(v_8 - 1)*(v_9 - 1) - v_6*(v_7 - 1) + v_7 + v_8*(v_6 - 1)*(v_7 - 1) - v_9*(v_6 - 1)*(v_7 - 1)*(v_8 - 1) + (v_10 - 1)*(v_3 - 1)*(v_4 - v_5*(v_4 - 1))*(v_6 - 1)*(v_7 - 1)*(v_8 - 1)*(v_9 - 1)) + (v_10 - 1)*(v_3 - 1)*(v_4 - 1)*(v_5 - 1)*(v_6 - 1)*(v_7 - 1)*(v_8 - 1)*(v_9 - 1) - (v_11 - 1)*(v_10*(v_6 - 1)*(v_7 - 1)*(v_8 - 1)*(v_9 - 1) - v_3*(v_10 - 1)*(v_6 - 1)*(v_7 - 1)*(v_8 - 1)*(v_9 - 1) - v_6*(v_7 - 1) + v_7 + v_8*(v_6 - 1)*(v_7 - 1) - v_9*(v_6 - 1)*(v_7 - 1)*(v_8 - 1) + (v_10 - 1)*(v_3 - 1)*(v_4 - v_5*(v_4 - 1))*(v_6 - 1)*(v_7 - 1)*(v_8 - 1)*(v_9 - 1))) + 0.03*(v_1 - 1)*(v_11*(v_10*(v_6 - 1)*(v_7 - 1)*(v_8 - 1)*(v_9 - 1) - v_3*(v_10 - 1)*(v_6 - 1)*(v_7 - 1)*(v_8 - 1)*(v_9 - 1) - v_6*(v_7 - 1) + v_7 + v_8*(v_6 - 1)*(v_7 - 1) - v_9*(v_6 - 1)*(v_7 - 1)*(v_8 - 1) + (v_10 - 1)*(v_3 - 1)*(v_4 - v_5*(v_4 - 1))*(v_6 - 1)*(v_7 - 1)*(v_8 - 1)*(v_9 - 1)) + (v_10 - 1)*(v_3 - 1)*(v_4 - 1)*(v_5 - 1)*(v_6 - 1)*(v_7 - 1)*(v_8 - 1)*(v_9 - 1) - (v_11 - 1)*(v_10*(v_6 - 1)*(v_7 - 1)*(v_8 - 1)*(v_9 - 1) - v_3*(v_10 - 1)*(v_6 - 1)*(v_7 - 1)*(v_8 - 1)*(v_9 - 1) - v_6*(v_7 - 1) + v_7 + v_8*(v_6 - 1)*(v_7 - 1) - v_9*(v_6 - 1)*(v_7 - 1)*(v_8 - 1) + (v_10 - 1)*(v_3 - 1)*(v_4 - v_5*(v_4 - 1))*(v_6 - 1)*(v_7 - 1)*(v_8 - 1)*(v_9 - 1))) + 0.97*(v_1 - 1)*(v_11*(v_10 - 1)*(v_3 - 1)*(v_4 - 1)*(v_5 - 1)*(v_6 - 1)*(v_7 - 1)*(v_8 - 1)*(v_9 - 1) + v_11*(v_10*(v_6 - 1)*(v_7 - 1)*(v_8 - 1)*(v_9 - 1) - v_3*(v_10 - 1)*(v_6 - 1)*(v_7 - 1)*(v_8 - 1)*(v_9 - 1) - v_6*(v_7 - 1) + v_7 + v_8*(v_6 - 1)*(v_7 - 1) - v_9*(v_6 - 1)*(v_7 - 1)*(v_8 - 1) + (v_10 - 1)*(v_3 - 1)*(v_4 - v_5*(v_4 - 1))*(v_6 - 1)*(v_7 - 1)*(v_8 - 1)*(v_9 - 1)) - (v_11 - 1)*(v_10*(v_6 - 1)*(v_7 - 1)*(v_8 - 1)*(v_9 - 1) - v_3*(v_10 - 1)*(v_6 - 1)*(v_7 - 1)*(v_8 - 1)*(v_9 - 1) - v_6*(v_7 - 1) + v_7 + v_8*(v_6 - 1)*(v_7 - 1) - v_9*(v_6 - 1)*(v_7 - 1)*(v_8 - 1) + (v_10 - 1)*(v_3 - 1)*(v_4 - v_5*(v_4 - 1))*(v_6 - 1)*(v_7 - 1)*(v_8 - 1)*(v_9 - 1))))))))))))
Post simplification
symp_time: 8865.034111499786
number of sums: 87
number of subs: 764
number of prods: 670
opt_time: 84.09458827972412
     fun: 1.1380079595414416
     jac: array([1., 1., 1., 1., 1., 1., 1., 1., 1., 1., 1., 1., 1., 1., 1., 1., 1.,
       1., 1.])
 message: 'Optimization terminated successfully'
    nfev: 9
     nit: 7
    njev: 7
  status: 0
 success: True
       x: array([0.05989516, 0.05989516, 0.05989516, 0.05989516, 0.05989516,
       0.05989516, 0.05989516, 0.05989516, 0.05989516, 0.05989516,
       0.05989516, 0.05989516, 0.05989516, 0.05989516, 0.05989516,
       0.05989516, 0.05989516, 0.05989516, 0.05989516])

real	149m47.171s
user	148m37.627s
sys	0m56.267s
Instance: 20
[INFO] aspmc: Tree Decomposition #bags: 40 unfolded treewidth: 4 #vertices: 52
[INFO] aspmc: Preprocessing disabled
[INFO] aspmc:    Stats Compilation
[INFO] aspmc: ------------------------------------------------------------
[INFO] aspmc: X/D-Constrained Tree Decomposition #bags: 34 treewidth: 15 #vertices: 78
[INFO] aspmc: Dtree time:               2.032989978790283
[INFO] aspmc: Compilation time:         0.17920875549316406
[INFO] aspmc: Preparation time:         0.00013518333435058594
[INFO] aspmc: Counting time:            14.704166889190674
[INFO] aspmc: ------------------------------------------------------------
/home/dazzolin/anaconda3/lib/python3.9/site-packages/scipy/optimize/optimize.py:282: RuntimeWarning: Values in x were outside bounds during a minimize step, clipping to bounds
  warnings.warn("Values in x were outside bounds during a "
[0.03::a0., 0.03::a1., 0.03::a2., 0.03::a3., 0.03::a4., 0.03::a5., 0.03::a6., 0.03::a7., 0.03::a8., 0.03::a9., 0.03::a10., 0.03::a11., 0.03::a12., 0.03::a13., 0.03::a14., 0.03::a15., 0.03::a16., 0.03::a17., 0.03::a18., 0.03::a19., qr:-a0., qr:-a1,not nqr., nqr:-a1,not qr., qr:-a2., qr:-a3,not nqr., nqr:-a3,not qr., qr:-a4., qr:-a5,not nqr., nqr:-a5,not qr., qr:-a6., qr:-a7,not nqr., nqr:-a7,not qr., qr:-a8., qr:-a9,not nqr., nqr:-a9,not qr., qr:-a10., qr:-a11,not nqr., nqr:-a11,not qr., qr:-a12., qr:-a13,not nqr., nqr:-a13,not qr., qr:-a14., qr:-a15,not nqr., nqr:-a15,not qr., qr:-a16., qr:-a17,not nqr., nqr:-a17,not qr., qr:-a18., qr:-a19,not nqr., nqr:-a19,not qr., query(qr).]
tracc
nnf_construction_time: 18.025508403778076
Pre simplification
number of sums: 69631
number of prods: 147455
len(eq): 8008
v_12*(v_11*(v_10*(v_6 - 1)*(v_7 - 1)*(v_8 - 1)*(v_9 - 1) - v_3*(v_10 - 1)*(v_6 - 1)*(v_7 - 1)*(v_8 - 1)*(v_9 - 1) - v_6*(v_7 - 1) + v_7 + v_8*(v_6 - 1)*(v_7 - 1) - v_9*(v_6 - 1)*(v_7 - 1)*(v_8 - 1) + (v_10 - 1)*(v_3 - 1)*(v_4 - v_5*(v_4 - 1))*(v_6 - 1)*(v_7 - 1)*(v_8 - 1)*(v_9 - 1)) + (v_10 - 1)*(v_3 - 1)*(v_4 - 1)*(v_5 - 1)*(v_6 - 1)*(v_7 - 1)*(v_8 - 1)*(v_9 - 1) - (v_11 - 1)*(v_10*(v_6 - 1)*(v_7 - 1)*(v_8 - 1)*(v_9 - 1) - v_3*(v_10 - 1)*(v_6 - 1)*(v_7 - 1)*(v_8 - 1)*(v_9 - 1) - v_6*(v_7 - 1) + v_7 + v_8*(v_6 - 1)*(v_7 - 1) - v_9*(v_6 - 1)*(v_7 - 1)*(v_8 - 1) + (v_10 - 1)*(v_3 - 1)*(v_4 - v_5*(v_4 - 1))*(v_6 - 1)*(v_7 - 1)*(v_8 - 1)*(v_9 - 1))) - (v_12 - 1)*(v_14*(v_11*(v_10*(v_6 - 1)*(v_7 - 1)*(v_8 - 1)*(v_9 - 1) - v_3*(v_10 - 1)*(v_6 - 1)*(v_7 - 1)*(v_8 - 1)*(v_9 - 1) - v_6*(v_7 - 1) + v_7 + v_8*(v_6 - 1)*(v_7 - 1) - v_9*(v_6 - 1)*(v_7 - 1)*(v_8 - 1) + (v_10 - 1)*(v_3 - 1)*(v_4 - v_5*(v_4 - 1))*(v_6 - 1)*(v_7 - 1)*(v_8 - 1)*(v_9 - 1)) + (v_10 - 1)*(v_3 - 1)*(v_4 - 1)*(v_5 - 1)*(v_6 - 1)*(v_7 - 1)*(v_8 - 1)*(v_9 - 1) - (v_11 - 1)*(v_10*(v_6 - 1)*(v_7 - 1)*(v_8 - 1)*(v_9 - 1) - v_3*(v_10 - 1)*(v_6 - 1)*(v_7 - 1)*(v_8 - 1)*(v_9 - 1) - v_6*(v_7 - 1) + v_7 + v_8*(v_6 - 1)*(v_7 - 1) - v_9*(v_6 - 1)*(v_7 - 1)*(v_8 - 1) + (v_10 - 1)*(v_3 - 1)*(v_4 - v_5*(v_4 - 1))*(v_6 - 1)*(v_7 - 1)*(v_8 - 1)*(v_9 - 1))) - (v_14 - 1)*(v_15*(v_11*(v_10*(v_6 - 1)*(v_7 - 1)*(v_8 - 1)*(v_9 - 1) - v_3*(v_10 - 1)*(v_6 - 1)*(v_7 - 1)*(v_8 - 1)*(v_9 - 1) - v_6*(v_7 - 1) + v_7 + v_8*(v_6 - 1)*(v_7 - 1) - v_9*(v_6 - 1)*(v_7 - 1)*(v_8 - 1) + (v_10 - 1)*(v_3 - 1)*(v_4 - v_5*(v_4 - 1))*(v_6 - 1)*(v_7 - 1)*(v_8 - 1)*(v_9 - 1)) + (v_10 - 1)*(v_3 - 1)*(v_4 - 1)*(v_5 - 1)*(v_6 - 1)*(v_7 - 1)*(v_8 - 1)*(v_9 - 1) - (v_11 - 1)*(v_10*(v_6 - 1)*(v_7 - 1)*(v_8 - 1)*(v_9 - 1) - v_3*(v_10 - 1)*(v_6 - 1)*(v_7 - 1)*(v_8 - 1)*(v_9 - 1) - v_6*(v_7 - 1) + v_7 + v_8*(v_6 - 1)*(v_7 - 1) - v_9*(v_6 - 1)*(v_7 - 1)*(v_8 - 1) + (v_10 - 1)*(v_3 - 1)*(v_4 - v_5*(v_4 - 1))*(v_6 - 1)*(v_7 - 1)*(v_8 - 1)*(v_9 - 1))) - (v_15 - 1)*(v_16*(v_11*(v_10*(v_6 - 1)*(v_7 - 1)*(v_8 - 1)*(v_9 - 1) - v_3*(v_10 - 1)*(v_6 - 1)*(v_7 - 1)*(v_8 - 1)*(v_9 - 1) - v_6*(v_7 - 1) + v_7 + v_8*(v_6 - 1)*(v_7 - 1) - v_9*(v_6 - 1)*(v_7 - 1)*(v_8 - 1) + (v_10 - 1)*(v_3 - 1)*(v_4 - v_5*(v_4 - 1))*(v_6 - 1)*(v_7 - 1)*(v_8 - 1)*(v_9 - 1)) + (v_10 - 1)*(v_3 - 1)*(v_4 - 1)*(v_5 - 1)*(v_6 - 1)*(v_7 - 1)*(v_8 - 1)*(v_9 - 1) - (v_11 - 1)*(v_10*(v_6 - 1)*(v_7 - 1)*(v_8 - 1)*(v_9 - 1) - v_3*(v_10 - 1)*(v_6 - 1)*(v_7 - 1)*(v_8 - 1)*(v_9 - 1) - v_6*(v_7 - 1) + v_7 + v_8*(v_6 - 1)*(v_7 - 1) - v_9*(v_6 - 1)*(v_7 - 1)*(v_8 - 1) + (v_10 - 1)*(v_3 - 1)*(v_4 - v_5*(v_4 - 1))*(v_6 - 1)*(v_7 - 1)*(v_8 - 1)*(v_9 - 1))) - (v_16 - 1)*(v_17*(v_11*(v_10*(v_6 - 1)*(v_7 - 1)*(v_8 - 1)*(v_9 - 1) - v_3*(v_10 - 1)*(v_6 - 1)*(v_7 - 1)*(v_8 - 1)*(v_9 - 1) - v_6*(v_7 - 1) + v_7 + v_8*(v_6 - 1)*(v_7 - 1) - v_9*(v_6 - 1)*(v_7 - 1)*(v_8 - 1) + (v_10 - 1)*(v_3 - 1)*(v_4 - v_5*(v_4 - 1))*(v_6 - 1)*(v_7 - 1)*(v_8 - 1)*(v_9 - 1)) + (v_10 - 1)*(v_3 - 1)*(v_4 - 1)*(v_5 - 1)*(v_6 - 1)*(v_7 - 1)*(v_8 - 1)*(v_9 - 1) - (v_11 - 1)*(v_10*(v_6 - 1)*(v_7 - 1)*(v_8 - 1)*(v_9 - 1) - v_3*(v_10 - 1)*(v_6 - 1)*(v_7 - 1)*(v_8 - 1)*(v_9 - 1) - v_6*(v_7 - 1) + v_7 + v_8*(v_6 - 1)*(v_7 - 1) - v_9*(v_6 - 1)*(v_7 - 1)*(v_8 - 1) + (v_10 - 1)*(v_3 - 1)*(v_4 - v_5*(v_4 - 1))*(v_6 - 1)*(v_7 - 1)*(v_8 - 1)*(v_9 - 1))) - (v_17 - 1)*(v_18*(v_11*(v_10*(v_6 - 1)*(v_7 - 1)*(v_8 - 1)*(v_9 - 1) - v_3*(v_10 - 1)*(v_6 - 1)*(v_7 - 1)*(v_8 - 1)*(v_9 - 1) - v_6*(v_7 - 1) + v_7 + v_8*(v_6 - 1)*(v_7 - 1) - v_9*(v_6 - 1)*(v_7 - 1)*(v_8 - 1) + (v_10 - 1)*(v_3 - 1)*(v_4 - v_5*(v_4 - 1))*(v_6 - 1)*(v_7 - 1)*(v_8 - 1)*(v_9 - 1)) + (v_10 - 1)*(v_3 - 1)*(v_4 - 1)*(v_5 - 1)*(v_6 - 1)*(v_7 - 1)*(v_8 - 1)*(v_9 - 1) - (v_11 - 1)*(v_10*(v_6 - 1)*(v_7 - 1)*(v_8 - 1)*(v_9 - 1) - v_3*(v_10 - 1)*(v_6 - 1)*(v_7 - 1)*(v_8 - 1)*(v_9 - 1) - v_6*(v_7 - 1) + v_7 + v_8*(v_6 - 1)*(v_7 - 1) - v_9*(v_6 - 1)*(v_7 - 1)*(v_8 - 1) + (v_10 - 1)*(v_3 - 1)*(v_4 - v_5*(v_4 - 1))*(v_6 - 1)*(v_7 - 1)*(v_8 - 1)*(v_9 - 1))) - (v_18 - 1)*(v_19*(v_11*(v_10*(v_6 - 1)*(v_7 - 1)*(v_8 - 1)*(v_9 - 1) - v_3*(v_10 - 1)*(v_6 - 1)*(v_7 - 1)*(v_8 - 1)*(v_9 - 1) - v_6*(v_7 - 1) + v_7 + v_8*(v_6 - 1)*(v_7 - 1) - v_9*(v_6 - 1)*(v_7 - 1)*(v_8 - 1) + (v_10 - 1)*(v_3 - 1)*(v_4 - v_5*(v_4 - 1))*(v_6 - 1)*(v_7 - 1)*(v_8 - 1)*(v_9 - 1)) + (v_10 - 1)*(v_3 - 1)*(v_4 - 1)*(v_5 - 1)*(v_6 - 1)*(v_7 - 1)*(v_8 - 1)*(v_9 - 1) - (v_11 - 1)*(v_10*(v_6 - 1)*(v_7 - 1)*(v_8 - 1)*(v_9 - 1) - v_3*(v_10 - 1)*(v_6 - 1)*(v_7 - 1)*(v_8 - 1)*(v_9 - 1) - v_6*(v_7 - 1) + v_7 + v_8*(v_6 - 1)*(v_7 - 1) - v_9*(v_6 - 1)*(v_7 - 1)*(v_8 - 1) + (v_10 - 1)*(v_3 - 1)*(v_4 - v_5*(v_4 - 1))*(v_6 - 1)*(v_7 - 1)*(v_8 - 1)*(v_9 - 1))) - (v_19 - 1)*(v_20*(v_11*(v_10*(v_6 - 1)*(v_7 - 1)*(v_8 - 1)*(v_9 - 1) - v_3*(v_10 - 1)*(v_6 - 1)*(v_7 - 1)*(v_8 - 1)*(v_9 - 1) - v_6*(v_7 - 1) + v_7 + v_8*(v_6 - 1)*(v_7 - 1) - v_9*(v_6 - 1)*(v_7 - 1)*(v_8 - 1) + (v_10 - 1)*(v_3 - 1)*(v_4 - v_5*(v_4 - 1))*(v_6 - 1)*(v_7 - 1)*(v_8 - 1)*(v_9 - 1)) + (v_10 - 1)*(v_3 - 1)*(v_4 - 1)*(v_5 - 1)*(v_6 - 1)*(v_7 - 1)*(v_8 - 1)*(v_9 - 1) - (v_11 - 1)*(v_10*(v_6 - 1)*(v_7 - 1)*(v_8 - 1)*(v_9 - 1) - v_3*(v_10 - 1)*(v_6 - 1)*(v_7 - 1)*(v_8 - 1)*(v_9 - 1) - v_6*(v_7 - 1) + v_7 + v_8*(v_6 - 1)*(v_7 - 1) - v_9*(v_6 - 1)*(v_7 - 1)*(v_8 - 1) + (v_10 - 1)*(v_3 - 1)*(v_4 - v_5*(v_4 - 1))*(v_6 - 1)*(v_7 - 1)*(v_8 - 1)*(v_9 - 1))) - (v_20 - 1)*(v_21*(v_11*(v_10*(v_6 - 1)*(v_7 - 1)*(v_8 - 1)*(v_9 - 1) - v_3*(v_10 - 1)*(v_6 - 1)*(v_7 - 1)*(v_8 - 1)*(v_9 - 1) - v_6*(v_7 - 1) + v_7 + v_8*(v_6 - 1)*(v_7 - 1) - v_9*(v_6 - 1)*(v_7 - 1)*(v_8 - 1) + (v_10 - 1)*(v_3 - 1)*(v_4 - v_5*(v_4 - 1))*(v_6 - 1)*(v_7 - 1)*(v_8 - 1)*(v_9 - 1)) + (v_10 - 1)*(v_3 - 1)*(v_4 - 1)*(v_5 - 1)*(v_6 - 1)*(v_7 - 1)*(v_8 - 1)*(v_9 - 1) - (v_11 - 1)*(v_10*(v_6 - 1)*(v_7 - 1)*(v_8 - 1)*(v_9 - 1) - v_3*(v_10 - 1)*(v_6 - 1)*(v_7 - 1)*(v_8 - 1)*(v_9 - 1) - v_6*(v_7 - 1) + v_7 + v_8*(v_6 - 1)*(v_7 - 1) - v_9*(v_6 - 1)*(v_7 - 1)*(v_8 - 1) + (v_10 - 1)*(v_3 - 1)*(v_4 - v_5*(v_4 - 1))*(v_6 - 1)*(v_7 - 1)*(v_8 - 1)*(v_9 - 1))) - (v_21 - 1)*(v_22*(v_11*(v_10*(v_6 - 1)*(v_7 - 1)*(v_8 - 1)*(v_9 - 1) - v_3*(v_10 - 1)*(v_6 - 1)*(v_7 - 1)*(v_8 - 1)*(v_9 - 1) - v_6*(v_7 - 1) + v_7 + v_8*(v_6 - 1)*(v_7 - 1) - v_9*(v_6 - 1)*(v_7 - 1)*(v_8 - 1) + (v_10 - 1)*(v_3 - 1)*(v_4 - v_5*(v_4 - 1))*(v_6 - 1)*(v_7 - 1)*(v_8 - 1)*(v_9 - 1)) + (v_10 - 1)*(v_3 - 1)*(v_4 - 1)*(v_5 - 1)*(v_6 - 1)*(v_7 - 1)*(v_8 - 1)*(v_9 - 1) - (v_11 - 1)*(v_10*(v_6 - 1)*(v_7 - 1)*(v_8 - 1)*(v_9 - 1) - v_3*(v_10 - 1)*(v_6 - 1)*(v_7 - 1)*(v_8 - 1)*(v_9 - 1) - v_6*(v_7 - 1) + v_7 + v_8*(v_6 - 1)*(v_7 - 1) - v_9*(v_6 - 1)*(v_7 - 1)*(v_8 - 1) + (v_10 - 1)*(v_3 - 1)*(v_4 - v_5*(v_4 - 1))*(v_6 - 1)*(v_7 - 1)*(v_8 - 1)*(v_9 - 1))) - (v_22 - 1)*(v_1*(v_11*(v_10*(v_6 - 1)*(v_7 - 1)*(v_8 - 1)*(v_9 - 1) - v_3*(v_10 - 1)*(v_6 - 1)*(v_7 - 1)*(v_8 - 1)*(v_9 - 1) - v_6*(v_7 - 1) + v_7 + v_8*(v_6 - 1)*(v_7 - 1) - v_9*(v_6 - 1)*(v_7 - 1)*(v_8 - 1) + (v_10 - 1)*(v_3 - 1)*(v_4 - v_5*(v_4 - 1))*(v_6 - 1)*(v_7 - 1)*(v_8 - 1)*(v_9 - 1)) + (v_10 - 1)*(v_3 - 1)*(v_4 - 1)*(v_5 - 1)*(v_6 - 1)*(v_7 - 1)*(v_8 - 1)*(v_9 - 1) - (v_11 - 1)*(v_10*(v_6 - 1)*(v_7 - 1)*(v_8 - 1)*(v_9 - 1) - v_3*(v_10 - 1)*(v_6 - 1)*(v_7 - 1)*(v_8 - 1)*(v_9 - 1) - v_6*(v_7 - 1) + v_7 + v_8*(v_6 - 1)*(v_7 - 1) - v_9*(v_6 - 1)*(v_7 - 1)*(v_8 - 1) + (v_10 - 1)*(v_3 - 1)*(v_4 - v_5*(v_4 - 1))*(v_6 - 1)*(v_7 - 1)*(v_8 - 1)*(v_9 - 1))) - (v_1 - 1)*(v_11*(v_10 - 1)*(v_3 - 1)*(v_4 - 1)*(v_5 - 1)*(v_6 - 1)*(v_7 - 1)*(v_8 - 1)*(v_9 - 1) + v_11*(v_10*(v_6 - 1)*(v_7 - 1)*(v_8 - 1)*(v_9 - 1) - v_3*(v_10 - 1)*(v_6 - 1)*(v_7 - 1)*(v_8 - 1)*(v_9 - 1) - v_6*(v_7 - 1) + v_7 + v_8*(v_6 - 1)*(v_7 - 1) - v_9*(v_6 - 1)*(v_7 - 1)*(v_8 - 1) + (v_10 - 1)*(v_3 - 1)*(v_4 - v_5*(v_4 - 1))*(v_6 - 1)*(v_7 - 1)*(v_8 - 1)*(v_9 - 1)) - (v_11 - 1)*(v_10*(v_6 - 1)*(v_7 - 1)*(v_8 - 1)*(v_9 - 1) - v_3*(v_10 - 1)*(v_6 - 1)*(v_7 - 1)*(v_8 - 1)*(v_9 - 1) - v_6*(v_7 - 1) + v_7 + v_8*(v_6 - 1)*(v_7 - 1) - v_9*(v_6 - 1)*(v_7 - 1)*(v_8 - 1) + (v_10 - 1)*(v_3 - 1)*(v_4 - v_5*(v_4 - 1))*(v_6 - 1)*(v_7 - 1)*(v_8 - 1)*(v_9 - 1)))))))))))))
Post simplification
symp_time: 7771.836183547974
number of sums: 84
number of subs: 766
number of prods: 659
opt_time: 81.07913756370544
     fun: 1.1684504029518243
     jac: array([1., 1., 1., 1., 1., 1., 1., 1., 1., 1., 1., 1., 1., 1., 1., 1., 1.,
       1., 1., 1.])
 message: 'Optimization terminated successfully'
    nfev: 9
     nit: 6
    njev: 6
  status: 0
 success: True
       x: array([0.05842252, 0.05842252, 0.05842252, 0.05842252, 0.05842252,
       0.05842252, 0.05842252, 0.05842252, 0.05842252, 0.05842252,
       0.05842252, 0.05842252, 0.05842252, 0.05842252, 0.05842252,
       0.05842252, 0.05842252, 0.05842252, 0.05842252, 0.05842252])

real	131m17.902s
user	130m45.699s
sys	0m21.656s
Ended at: 
Fri Dec  8 01:11:12 CET 2023
