Started at: 
Thu Dec  7 17:54:42 CET 2023
Instance: 2
[INFO] aspmc: Tree Decomposition #bags: 30 unfolded treewidth: 4 #vertices: 39
[INFO] aspmc: Preprocessing disabled
[INFO] aspmc:    Stats Compilation
[INFO] aspmc: ------------------------------------------------------------
[INFO] aspmc: X/D-Constrained Tree Decomposition #bags: 42 treewidth: 11 #vertices: 57
[INFO] aspmc: Dtree time:               2.0271449089050293
[INFO] aspmc: Compilation time:         0.028104305267333984
[INFO] aspmc: Preparation time:         0.00010585784912109375
[INFO] aspmc: Counting time:            0.8193764686584473
[INFO] aspmc: ------------------------------------------------------------
[0.03::a0., 0.03::a1., 0.03::a2., 0.03::a3., 0.03::a4., 0.03::a5., 0.03::a6., 0.03::a7., 0.03::a8., 0.03::a9., 0.03::a10., 0.03::a11., 0.03::a12., 0.03::a13., 0.03::a14., qr:-a0., qr:-a1,not nqr., nqr:-a1,not qr., qr:-a2., qr:-a3,not nqr., nqr:-a3,not qr., qr:-a4., qr:-a5,not nqr., nqr:-a5,not qr., qr:-a6., qr:-a7,not nqr., nqr:-a7,not qr., qr:-a8., qr:-a9,not nqr., nqr:-a9,not qr., qr:-a10., qr:-a11,not nqr., nqr:-a11,not qr., qr:-a12., qr:-a13,not nqr., nqr:-a13,not qr., qr:-a14., query(qr).]
tracc
nnf_construction_time: 3.9792323112487793
Pre simplification
number of sums: 3583
number of prods: 8319
len(eq): 65
1.0*v_11 - (0.673027090165575*v_1 + 0.326972909834425)*(v_11 - 1)
Post simplification
symp_time: 1.3874871730804443
number of sums: 1
number of subs: 2
number of prods: 3
opt_time: 0.002340078353881836
     fun: 0.5792557863472131
   maxcv: 0.03962867126607583
 message: 'Did not converge to a solution satisfying the constraints. See `maxcv` for magnitude of violation.'
    nfev: 16
  status: 4
 success: False
       x: array([0.28962789, 0.28962789])

real	0m6.528s
user	0m5.805s
sys	0m0.601s
Instance: 3
[INFO] aspmc: Tree Decomposition #bags: 30 unfolded treewidth: 4 #vertices: 39
[INFO] aspmc: Preprocessing disabled
[INFO] aspmc:    Stats Compilation
[INFO] aspmc: ------------------------------------------------------------
[INFO] aspmc: X/D-Constrained Tree Decomposition #bags: 42 treewidth: 11 #vertices: 57
[INFO] aspmc: Dtree time:               2.027359962463379
[INFO] aspmc: Compilation time:         0.028423547744750977
[INFO] aspmc: Preparation time:         0.00011110305786132812
[INFO] aspmc: Counting time:            0.8023984432220459
[INFO] aspmc: ------------------------------------------------------------
[0.03::a0., 0.03::a1., 0.03::a2., 0.03::a3., 0.03::a4., 0.03::a5., 0.03::a6., 0.03::a7., 0.03::a8., 0.03::a9., 0.03::a10., 0.03::a11., 0.03::a12., 0.03::a13., 0.03::a14., qr:-a0., qr:-a1,not nqr., nqr:-a1,not qr., qr:-a2., qr:-a3,not nqr., nqr:-a3,not qr., qr:-a4., qr:-a5,not nqr., nqr:-a5,not qr., qr:-a6., qr:-a7,not nqr., nqr:-a7,not qr., qr:-a8., qr:-a9,not nqr., nqr:-a9,not qr., qr:-a10., qr:-a11,not nqr., nqr:-a11,not qr., qr:-a12., qr:-a13,not nqr., nqr:-a13,not qr., qr:-a14., query(qr).]
tracc
nnf_construction_time: 3.9771153926849365
Pre simplification
number of sums: 3583
number of prods: 8319
len(eq): 209
0.693842360995438*v_1*v_11*v_3 - 0.693842360995438*v_1*v_11 - 0.693842360995438*v_1*v_3 + 0.693842360995438*v_1 - 0.693842360995438*v_11*v_3 + 0.693842360995438*v_11 + 0.693842360995438*v_3 + 0.306157639004562
Post simplification
symp_time: 1.602372407913208
number of sums: 4
number of subs: 3
number of prods: 12
opt_time: 0.004542350769042969
     fun: 0.731332075019032
   maxcv: 5.819382706828691e-07
 message: 'Optimization terminated successfully.'
    nfev: 23
  status: 1
 success: True
       x: array([0.23133208, 0.25      , 0.25      ])

real	0m6.628s
user	0m5.886s
sys	0m0.592s
Instance: 4
[INFO] aspmc: Tree Decomposition #bags: 30 unfolded treewidth: 4 #vertices: 39
[INFO] aspmc: Preprocessing disabled
[INFO] aspmc:    Stats Compilation
[INFO] aspmc: ------------------------------------------------------------
[INFO] aspmc: X/D-Constrained Tree Decomposition #bags: 42 treewidth: 11 #vertices: 57
[INFO] aspmc: Dtree time:               2.027543067932129
[INFO] aspmc: Compilation time:         0.028677701950073242
[INFO] aspmc: Preparation time:         0.00010418891906738281
[INFO] aspmc: Counting time:            0.7871487140655518
[INFO] aspmc: ------------------------------------------------------------
[0.03::a0., 0.03::a1., 0.03::a2., 0.03::a3., 0.03::a4., 0.03::a5., 0.03::a6., 0.03::a7., 0.03::a8., 0.03::a9., 0.03::a10., 0.03::a11., 0.03::a12., 0.03::a13., 0.03::a14., qr:-a0., qr:-a1,not nqr., nqr:-a1,not qr., qr:-a2., qr:-a3,not nqr., nqr:-a3,not qr., qr:-a4., qr:-a5,not nqr., nqr:-a5,not qr., qr:-a6., qr:-a7,not nqr., nqr:-a7,not qr., qr:-a8., qr:-a9,not nqr., nqr:-a9,not qr., qr:-a10., qr:-a11,not nqr., nqr:-a11,not qr., qr:-a12., qr:-a13,not nqr., nqr:-a13,not qr., qr:-a14., query(qr).]
tracc
nnf_construction_time: 3.9481825828552246
Pre simplification
number of sums: 3583
number of prods: 8319
len(eq): 446
-0.71530140308808*v_1*v_11*v_12*v_3 + 0.71530140308808*v_1*v_11*v_12 + 0.71530140308808*v_1*v_11*v_3 - 0.71530140308808*v_1*v_11 + 0.71530140308808*v_1*v_12*v_3 - 0.71530140308808*v_1*v_12 - 0.71530140308808*v_1*v_3 + 0.71530140308808*v_1 + 0.71530140308808*v_11*v_12*v_3 - 0.71530140308808*v_11*v_12 - 0.71530140308808*v_11*v_3 + 0.71530140308808*v_11 - 0.71530140308808*v_12*v_3 + 0.71530140308808*v_12 + 0.71530140308808*v_3 + 0.28469859691192
Post simplification
symp_time: 1.6933808326721191
number of sums: 9
number of subs: 7
number of prods: 32
opt_time: 0.008269071578979492
     fun: 0.765131731270007
   maxcv: 8.616088684409995e-06
 message: 'Optimization terminated successfully.'
    nfev: 31
  status: 1
 success: True
       x: array([0.05001817, 0.25      , 0.21511356, 0.25      ])

real	0m6.687s
user	0m5.984s
sys	0m0.585s
Instance: 5
[INFO] aspmc: Tree Decomposition #bags: 30 unfolded treewidth: 4 #vertices: 39
[INFO] aspmc: Preprocessing disabled
[INFO] aspmc:    Stats Compilation
[INFO] aspmc: ------------------------------------------------------------
[INFO] aspmc: X/D-Constrained Tree Decomposition #bags: 42 treewidth: 11 #vertices: 57
[INFO] aspmc: Dtree time:               2.0276291370391846
[INFO] aspmc: Compilation time:         0.02850198745727539
[INFO] aspmc: Preparation time:         0.00010919570922851562
[INFO] aspmc: Counting time:            0.7914822101593018
[INFO] aspmc: ------------------------------------------------------------
[0.03::a0., 0.03::a1., 0.03::a2., 0.03::a3., 0.03::a4., 0.03::a5., 0.03::a6., 0.03::a7., 0.03::a8., 0.03::a9., 0.03::a10., 0.03::a11., 0.03::a12., 0.03::a13., 0.03::a14., qr:-a0., qr:-a1,not nqr., nqr:-a1,not qr., qr:-a2., qr:-a3,not nqr., nqr:-a3,not qr., qr:-a4., qr:-a5,not nqr., nqr:-a5,not qr., qr:-a6., qr:-a7,not nqr., nqr:-a7,not qr., qr:-a8., qr:-a9,not nqr., nqr:-a9,not qr., qr:-a10., qr:-a11,not nqr., nqr:-a11,not qr., qr:-a12., qr:-a13,not nqr., nqr:-a13,not qr., qr:-a14., query(qr).]
tracc
nnf_construction_time: 3.9574012756347656
Pre simplification
number of sums: 3583
number of prods: 8319
len(eq): 989
0.737424126894928*v_1*v_11*v_12*v_3*v_4 - 0.737424126894928*v_1*v_11*v_12*v_3 - 0.737424126894928*v_1*v_11*v_12*v_4 + 0.737424126894928*v_1*v_11*v_12 - 0.737424126894928*v_1*v_11*v_3*v_4 + 0.737424126894928*v_1*v_11*v_3 + 0.737424126894928*v_1*v_11*v_4 - 0.737424126894928*v_1*v_11 - 0.737424126894928*v_1*v_12*v_3*v_4 + 0.737424126894928*v_1*v_12*v_3 + 0.737424126894928*v_1*v_12*v_4 - 0.737424126894928*v_1*v_12 + 0.737424126894928*v_1*v_3*v_4 - 0.737424126894928*v_1*v_3 - 0.737424126894928*v_1*v_4 + 0.737424126894928*v_1 - 0.737424126894928*v_11*v_12*v_3*v_4 + 0.737424126894928*v_11*v_12*v_3 + 0.737424126894928*v_11*v_12*v_4 - 0.737424126894928*v_11*v_12 + 0.737424126894928*v_11*v_3*v_4 - 0.737424126894928*v_11*v_3 - 0.737424126894928*v_11*v_4 + 0.737424126894928*v_11 + 0.737424126894928*v_12*v_3*v_4 - 0.737424126894928*v_12*v_3 - 0.737424126894928*v_12*v_4 + 0.737424126894928*v_12 - 0.737424126894928*v_3*v_4 + 0.737424126894928*v_3 + 0.737424126894928*v_4 + 0.262575873105072
Post simplification
symp_time: 1.911756992340088
number of sums: 16
number of subs: 15
number of prods: 80
opt_time: 0.01757502555847168
     fun: 0.798610833356699
   maxcv: 6.419135500479456e-06
 message: 'Optimization terminated successfully.'
    nfev: 43
  status: 1
 success: True
       x: array([0.05      , 0.19861083, 0.25      , 0.25      , 0.05      ])

real	0m6.939s
user	0m6.235s
sys	0m0.590s
Instance: 6
[INFO] aspmc: Tree Decomposition #bags: 30 unfolded treewidth: 4 #vertices: 39
[INFO] aspmc: Preprocessing disabled
[INFO] aspmc:    Stats Compilation
[INFO] aspmc: ------------------------------------------------------------
[INFO] aspmc: X/D-Constrained Tree Decomposition #bags: 42 treewidth: 11 #vertices: 57
[INFO] aspmc: Dtree time:               2.0283985137939453
[INFO] aspmc: Compilation time:         0.028704166412353516
[INFO] aspmc: Preparation time:         0.00010991096496582031
[INFO] aspmc: Counting time:            0.8402445316314697
[INFO] aspmc: ------------------------------------------------------------
[0.03::a0., 0.03::a1., 0.03::a2., 0.03::a3., 0.03::a4., 0.03::a5., 0.03::a6., 0.03::a7., 0.03::a8., 0.03::a9., 0.03::a10., 0.03::a11., 0.03::a12., 0.03::a13., 0.03::a14., qr:-a0., qr:-a1,not nqr., nqr:-a1,not qr., qr:-a2., qr:-a3,not nqr., nqr:-a3,not qr., qr:-a4., qr:-a5,not nqr., nqr:-a5,not qr., qr:-a6., qr:-a7,not nqr., nqr:-a7,not qr., qr:-a8., qr:-a9,not nqr., nqr:-a9,not qr., qr:-a10., qr:-a11,not nqr., nqr:-a11,not qr., qr:-a12., qr:-a13,not nqr., nqr:-a13,not qr., qr:-a14., query(qr).]
tracc
nnf_construction_time: 4.019697904586792
Pre simplification
number of sums: 3583
number of prods: 8319
len(eq): 1095
v_11*(1.0*v_1*(-0.88529281*v_3*(v_4 - 1) + 0.88529281*v_4 + 0.0265587843*(v_3 - 1)*(v_4 - 1) + 0.11470719) - 1.0*(v_1 - 1)*(-0.88529281*v_3*(v_4 - 1) + 0.88529281*v_4 + 0.0265587843*(v_3 - 1)*(v_4 - 1) + 0.11470719) + 0.8587340257*(v_3 - 1)*(v_4 - 1)) - (v_11 - 1)*(v_12*(1.0*v_1*(-0.88529281*v_3*(v_4 - 1) + 0.88529281*v_4 + 0.0265587843*(v_3 - 1)*(v_4 - 1) + 0.11470719) - 1.0*(v_1 - 1)*(-0.88529281*v_3*(v_4 - 1) + 0.88529281*v_4 + 0.0265587843*(v_3 - 1)*(v_4 - 1) + 0.11470719) + 0.8587340257*(v_3 - 1)*(v_4 - 1)) - (v_12 - 1)*(v_13*(1.0*v_1*(-0.88529281*v_3*(v_4 - 1) + 0.88529281*v_4 + 0.0265587843*(v_3 - 1)*(v_4 - 1) + 0.11470719) - 1.0*(v_1 - 1)*(-0.88529281*v_3*(v_4 - 1) + 0.88529281*v_4 + 0.0265587843*(v_3 - 1)*(v_4 - 1) + 0.11470719) + 0.8587340257*(v_3 - 1)*(v_4 - 1)) - (v_13 - 1)*(0.760231058654565*v_1*(v_3 - 1)*(v_4 - 1) + 1.0*v_1*(-0.88529281*v_3*(v_4 - 1) + 0.88529281*v_4 + 0.0265587843*(v_3 - 1)*(v_4 - 1) + 0.11470719) - 1.0*(v_1 - 1)*(-0.88529281*v_3*(v_4 - 1) + 0.88529281*v_4 + 0.0265587843*(v_3 - 1)*(v_4 - 1) + 0.11470719) + 0.0985029670454348*(v_3 - 1)*(v_4 - 1))))
Post simplification
symp_time: 2.4306869506835938
number of sums: 29
number of subs: 56
number of prods: 73
opt_time: 0.031149625778198242
     fun: 0.8317585004141199
   maxcv: 0.0
 message: 'Optimization terminated successfully.'
    nfev: 54
  status: 1
 success: True
       x: array([0.05     , 0.05     , 0.25     , 0.1817585, 0.05     , 0.25     ])

real	0m7.599s
user	0m6.896s
sys	0m0.576s
Instance: 7
[INFO] aspmc: Tree Decomposition #bags: 30 unfolded treewidth: 4 #vertices: 39
[INFO] aspmc: Preprocessing disabled
[INFO] aspmc:    Stats Compilation
[INFO] aspmc: ------------------------------------------------------------
[INFO] aspmc: X/D-Constrained Tree Decomposition #bags: 42 treewidth: 11 #vertices: 57
[INFO] aspmc: Dtree time:               2.027402639389038
[INFO] aspmc: Compilation time:         0.028199434280395508
[INFO] aspmc: Preparation time:         0.00010848045349121094
[INFO] aspmc: Counting time:            0.8036034107208252
[INFO] aspmc: ------------------------------------------------------------
[0.03::a0., 0.03::a1., 0.03::a2., 0.03::a3., 0.03::a4., 0.03::a5., 0.03::a6., 0.03::a7., 0.03::a8., 0.03::a9., 0.03::a10., 0.03::a11., 0.03::a12., 0.03::a13., 0.03::a14., qr:-a0., qr:-a1,not nqr., nqr:-a1,not qr., qr:-a2., qr:-a3,not nqr., nqr:-a3,not qr., qr:-a4., qr:-a5,not nqr., nqr:-a5,not qr., qr:-a6., qr:-a7,not nqr., nqr:-a7,not qr., qr:-a8., qr:-a9,not nqr., nqr:-a9,not qr., qr:-a10., qr:-a11,not nqr., nqr:-a11,not qr., qr:-a12., qr:-a13,not nqr., nqr:-a13,not qr., qr:-a14., query(qr).]
tracc
nnf_construction_time: 3.9660470485687256
Pre simplification
number of sums: 3583
number of prods: 8319
len(eq): 1430
-v_11*(-1.0*v_1*(0.912673*v_3*(v_4 - 1)*(v_5 - 1) + 0.912673*v_4 - 0.912673*v_5*(v_4 - 1) - 0.02738019*(v_3 - 1)*(v_4 - 1)*(v_5 - 1) + 0.087327) + 1.0*(v_1 - 1)*(0.912673*v_3*(v_4 - 1)*(v_5 - 1) + 0.912673*v_4 - 0.912673*v_5*(v_4 - 1) - 0.02738019*(v_3 - 1)*(v_4 - 1)*(v_5 - 1) + 0.087327) + 0.88529281*(v_3 - 1)*(v_4 - 1)*(v_5 - 1)) + (v_11 - 1)*(v_12*(-1.0*v_1*(0.912673*v_3*(v_4 - 1)*(v_5 - 1) + 0.912673*v_4 - 0.912673*v_5*(v_4 - 1) - 0.02738019*(v_3 - 1)*(v_4 - 1)*(v_5 - 1) + 0.087327) + 1.0*(v_1 - 1)*(0.912673*v_3*(v_4 - 1)*(v_5 - 1) + 0.912673*v_4 - 0.912673*v_5*(v_4 - 1) - 0.02738019*(v_3 - 1)*(v_4 - 1)*(v_5 - 1) + 0.087327) + 0.88529281*(v_3 - 1)*(v_4 - 1)*(v_5 - 1)) - (v_12 - 1)*(v_13*(-1.0*v_1*(0.912673*v_3*(v_4 - 1)*(v_5 - 1) + 0.912673*v_4 - 0.912673*v_5*(v_4 - 1) - 0.02738019*(v_3 - 1)*(v_4 - 1)*(v_5 - 1) + 0.087327) + 1.0*(v_1 - 1)*(0.912673*v_3*(v_4 - 1)*(v_5 - 1) + 0.912673*v_4 - 0.912673*v_5*(v_4 - 1) - 0.02738019*(v_3 - 1)*(v_4 - 1)*(v_5 - 1) + 0.087327) + 0.88529281*(v_3 - 1)*(v_4 - 1)*(v_5 - 1)) - (v_13 - 1)*(0.783743359437696*v_1*(v_3 - 1)*(v_4 - 1)*(v_5 - 1) - 1.0*v_1*(0.912673*v_3*(v_4 - 1)*(v_5 - 1) + 0.912673*v_4 - 0.912673*v_5*(v_4 - 1) - 0.02738019*(v_3 - 1)*(v_4 - 1)*(v_5 - 1) + 0.087327) + 1.0*(v_1 - 1)*(0.912673*v_3*(v_4 - 1)*(v_5 - 1) + 0.912673*v_4 - 0.912673*v_5*(v_4 - 1) - 0.02738019*(v_3 - 1)*(v_4 - 1)*(v_5 - 1) + 0.087327) + 0.101549450562304*(v_3 - 1)*(v_4 - 1)*(v_5 - 1))))
Post simplification
symp_time: 3.133971929550171
number of sums: 25
number of subs: 93
number of prods: 110
opt_time: 0.04592704772949219
     fun: 0.8645324576828401
   maxcv: 3.452647637791628e-07
 message: 'Optimization terminated successfully.'
    nfev: 58
  status: 1
 success: True
       x: array([0.16452406, 0.25      , 0.24999324, 0.05      , 0.05      ,
       0.05001516, 0.05      ])

real	0m8.221s
user	0m7.520s
sys	0m0.578s
Instance: 8
[INFO] aspmc: Tree Decomposition #bags: 30 unfolded treewidth: 4 #vertices: 39
[INFO] aspmc: Preprocessing disabled
[INFO] aspmc:    Stats Compilation
[INFO] aspmc: ------------------------------------------------------------
[INFO] aspmc: X/D-Constrained Tree Decomposition #bags: 42 treewidth: 11 #vertices: 57
[INFO] aspmc: Dtree time:               2.0277976989746094
[INFO] aspmc: Compilation time:         0.02848052978515625
[INFO] aspmc: Preparation time:         0.00010037422180175781
[INFO] aspmc: Counting time:            0.797217607498169
[INFO] aspmc: ------------------------------------------------------------
[0.03::a0., 0.03::a1., 0.03::a2., 0.03::a3., 0.03::a4., 0.03::a5., 0.03::a6., 0.03::a7., 0.03::a8., 0.03::a9., 0.03::a10., 0.03::a11., 0.03::a12., 0.03::a13., 0.03::a14., qr:-a0., qr:-a1,not nqr., nqr:-a1,not qr., qr:-a2., qr:-a3,not nqr., nqr:-a3,not qr., qr:-a4., qr:-a5,not nqr., nqr:-a5,not qr., qr:-a6., qr:-a7,not nqr., nqr:-a7,not qr., qr:-a8., qr:-a9,not nqr., nqr:-a9,not qr., qr:-a10., qr:-a11,not nqr., nqr:-a11,not qr., qr:-a12., qr:-a13,not nqr., nqr:-a13,not qr., qr:-a14., query(qr).]
tracc
nnf_construction_time: 3.9629158973693848
Pre simplification
number of sums: 3583
number of prods: 8319
len(eq): 1775
v_11*(1.0*v_1*(0.912673*v_3*(v_4 - 1)*(v_5 - 1) + 0.912673*v_4 - 0.912673*v_5*(v_4 - 1) - 0.02738019*(v_3 - 1)*(v_4 - 1)*(v_5 - 1) + 0.087327) - 1.0*(v_1 - 1)*(0.912673*v_3*(v_4 - 1)*(v_5 - 1) + 0.912673*v_4 - 0.912673*v_5*(v_4 - 1) - 0.02738019*(v_3 - 1)*(v_4 - 1)*(v_5 - 1) + 0.087327) - 0.88529281*(v_3 - 1)*(v_4 - 1)*(v_5 - 1)) - (v_11 - 1)*(-v_12*(-1.0*v_1*(0.912673*v_3*(v_4 - 1)*(v_5 - 1) + 0.912673*v_4 - 0.912673*v_5*(v_4 - 1) - 0.02738019*(v_3 - 1)*(v_4 - 1)*(v_5 - 1) + 0.087327) + 1.0*(v_1 - 1)*(0.912673*v_3*(v_4 - 1)*(v_5 - 1) + 0.912673*v_4 - 0.912673*v_5*(v_4 - 1) - 0.02738019*(v_3 - 1)*(v_4 - 1)*(v_5 - 1) + 0.087327) + 0.88529281*(v_3 - 1)*(v_4 - 1)*(v_5 - 1)) + (v_12 - 1)*(v_13*(-1.0*v_1*(0.912673*v_3*(v_4 - 1)*(v_5 - 1) + 0.912673*v_4 - 0.912673*v_5*(v_4 - 1) - 0.02738019*(v_3 - 1)*(v_4 - 1)*(v_5 - 1) + 0.087327) + 1.0*(v_1 - 1)*(0.912673*v_3*(v_4 - 1)*(v_5 - 1) + 0.912673*v_4 - 0.912673*v_5*(v_4 - 1) - 0.02738019*(v_3 - 1)*(v_4 - 1)*(v_5 - 1) + 0.087327) + 0.88529281*(v_3 - 1)*(v_4 - 1)*(v_5 - 1)) - (v_13 - 1)*(v_14*(-1.0*v_1*(0.912673*v_3*(v_4 - 1)*(v_5 - 1) + 0.912673*v_4 - 0.912673*v_5*(v_4 - 1) - 0.02738019*(v_3 - 1)*(v_4 - 1)*(v_5 - 1) + 0.087327) + 1.0*(v_1 - 1)*(0.912673*v_3*(v_4 - 1)*(v_5 - 1) + 0.912673*v_4 - 0.912673*v_5*(v_4 - 1) - 0.02738019*(v_3 - 1)*(v_4 - 1)*(v_5 - 1) + 0.087327) + 0.88529281*(v_3 - 1)*(v_4 - 1)*(v_5 - 1)) - (v_14 - 1)*(0.80798284478113*v_1*(v_3 - 1)*(v_4 - 1)*(v_5 - 1) - 1.0*v_1*(0.912673*v_3*(v_4 - 1)*(v_5 - 1) + 0.912673*v_4 - 0.912673*v_5*(v_4 - 1) - 0.02738019*(v_3 - 1)*(v_4 - 1)*(v_5 - 1) + 0.087327) + 1.0*(v_1 - 1)*(0.912673*v_3*(v_4 - 1)*(v_5 - 1) + 0.912673*v_4 - 0.912673*v_5*(v_4 - 1) - 0.02738019*(v_3 - 1)*(v_4 - 1)*(v_5 - 1) + 0.087327) + 0.07730996521887*(v_3 - 1)*(v_4 - 1)*(v_5 - 1)))))
Post simplification
symp_time: 5.057379961013794
number of sums: 29
number of subs: 117
number of prods: 137
opt_time: 0.0591435432434082
     fun: 0.8969420166708268
   maxcv: 0.0
 message: 'Optimization terminated successfully.'
    nfev: 66
  status: 1
 success: True
       x: array([0.25      , 0.25      , 0.14694202, 0.05      , 0.05      ,
       0.05      , 0.05      , 0.05      ])

real	0m10.128s
user	0m9.400s
sys	0m0.595s
Instance: 9
[INFO] aspmc: Tree Decomposition #bags: 30 unfolded treewidth: 4 #vertices: 39
[INFO] aspmc: Preprocessing disabled
[INFO] aspmc:    Stats Compilation
[INFO] aspmc: ------------------------------------------------------------
[INFO] aspmc: X/D-Constrained Tree Decomposition #bags: 42 treewidth: 11 #vertices: 57
[INFO] aspmc: Dtree time:               2.02811598777771
[INFO] aspmc: Compilation time:         0.02921462059020996
[INFO] aspmc: Preparation time:         0.00010514259338378906
[INFO] aspmc: Counting time:            0.8361172676086426
[INFO] aspmc: ------------------------------------------------------------
[0.03::a0., 0.03::a1., 0.03::a2., 0.03::a3., 0.03::a4., 0.03::a5., 0.03::a6., 0.03::a7., 0.03::a8., 0.03::a9., 0.03::a10., 0.03::a11., 0.03::a12., 0.03::a13., 0.03::a14., qr:-a0., qr:-a1,not nqr., nqr:-a1,not qr., qr:-a2., qr:-a3,not nqr., nqr:-a3,not qr., qr:-a4., qr:-a5,not nqr., nqr:-a5,not qr., qr:-a6., qr:-a7,not nqr., nqr:-a7,not qr., qr:-a8., qr:-a9,not nqr., nqr:-a9,not qr., qr:-a10., qr:-a11,not nqr., nqr:-a11,not qr., qr:-a12., qr:-a13,not nqr., nqr:-a13,not qr., qr:-a14., query(qr).]
tracc
nnf_construction_time: 4.000373840332031
Pre simplification
number of sums: 3583
number of prods: 8319
len(eq): 2259
v_11*(1.0*v_1*(-0.9409*v_3*(v_4 - 1)*(v_5 - 1)*(v_6 - 1) - 0.9409*v_4*(v_6 - 1) + 0.9409*v_5*(v_4 - 1)*(v_6 - 1) + 0.9409*v_6 + 0.028227*(v_3 - 1)*(v_4 - 1)*(v_5 - 1)*(v_6 - 1) + 0.0591) - 1.0*(v_1 - 1)*(-0.9409*v_3*(v_4 - 1)*(v_5 - 1)*(v_6 - 1) - 0.9409*v_4*(v_6 - 1) + 0.9409*v_5*(v_4 - 1)*(v_6 - 1) + 0.9409*v_6 + 0.028227*(v_3 - 1)*(v_4 - 1)*(v_5 - 1)*(v_6 - 1) + 0.0591) + 0.912673*(v_3 - 1)*(v_4 - 1)*(v_5 - 1)*(v_6 - 1)) - (v_11 - 1)*(v_12*(1.0*v_1*(-0.9409*v_3*(v_4 - 1)*(v_5 - 1)*(v_6 - 1) - 0.9409*v_4*(v_6 - 1) + 0.9409*v_5*(v_4 - 1)*(v_6 - 1) + 0.9409*v_6 + 0.028227*(v_3 - 1)*(v_4 - 1)*(v_5 - 1)*(v_6 - 1) + 0.0591) - 1.0*(v_1 - 1)*(-0.9409*v_3*(v_4 - 1)*(v_5 - 1)*(v_6 - 1) - 0.9409*v_4*(v_6 - 1) + 0.9409*v_5*(v_4 - 1)*(v_6 - 1) + 0.9409*v_6 + 0.028227*(v_3 - 1)*(v_4 - 1)*(v_5 - 1)*(v_6 - 1) + 0.0591) + 0.912673*(v_3 - 1)*(v_4 - 1)*(v_5 - 1)*(v_6 - 1)) - (v_12 - 1)*(v_13*(1.0*v_1*(-0.9409*v_3*(v_4 - 1)*(v_5 - 1)*(v_6 - 1) - 0.9409*v_4*(v_6 - 1) + 0.9409*v_5*(v_4 - 1)*(v_6 - 1) + 0.9409*v_6 + 0.028227*(v_3 - 1)*(v_4 - 1)*(v_5 - 1)*(v_6 - 1) + 0.0591) - 1.0*(v_1 - 1)*(-0.9409*v_3*(v_4 - 1)*(v_5 - 1)*(v_6 - 1) - 0.9409*v_4*(v_6 - 1) + 0.9409*v_5*(v_4 - 1)*(v_6 - 1) + 0.9409*v_6 + 0.028227*(v_3 - 1)*(v_4 - 1)*(v_5 - 1)*(v_6 - 1) + 0.0591) + 0.912673*(v_3 - 1)*(v_4 - 1)*(v_5 - 1)*(v_6 - 1)) - (v_13 - 1)*(v_14*(1.0*v_1*(-0.9409*v_3*(v_4 - 1)*(v_5 - 1)*(v_6 - 1) - 0.9409*v_4*(v_6 - 1) + 0.9409*v_5*(v_4 - 1)*(v_6 - 1) + 0.9409*v_6 + 0.028227*(v_3 - 1)*(v_4 - 1)*(v_5 - 1)*(v_6 - 1) + 0.0591) - 1.0*(v_1 - 1)*(-0.9409*v_3*(v_4 - 1)*(v_5 - 1)*(v_6 - 1) - 0.9409*v_4*(v_6 - 1) + 0.9409*v_5*(v_4 - 1)*(v_6 - 1) + 0.9409*v_6 + 0.028227*(v_3 - 1)*(v_4 - 1)*(v_5 - 1)*(v_6 - 1) + 0.0591) + 0.912673*(v_3 - 1)*(v_4 - 1)*(v_5 - 1)*(v_6 - 1)) - (v_14 - 1)*(0.832972004929*v_1*(v_3 - 1)*(v_4 - 1)*(v_5 - 1)*(v_6 - 1) + 1.0*v_1*(-0.9409*v_3*(v_4 - 1)*(v_5 - 1)*(v_6 - 1) - 0.9409*v_4*(v_6 - 1) + 0.9409*v_5*(v_4 - 1)*(v_6 - 1) + 0.9409*v_6 + 0.028227*(v_3 - 1)*(v_4 - 1)*(v_5 - 1)*(v_6 - 1) + 0.0591) - 1.0*(v_1 - 1)*(-0.9409*v_3*(v_4 - 1)*(v_5 - 1)*(v_6 - 1) - 0.9409*v_4*(v_6 - 1) + 0.9409*v_5*(v_4 - 1)*(v_6 - 1) + 0.9409*v_6 + 0.028227*(v_3 - 1)*(v_4 - 1)*(v_5 - 1)*(v_6 - 1) + 0.0591) + 0.079700995071*(v_3 - 1)*(v_4 - 1)*(v_5 - 1)*(v_6 - 1)))))
Post simplification
symp_time: 8.689496755599976
number of sums: 46
number of subs: 162
number of prods: 193
opt_time: 0.0934286117553711
     fun: 0.9289828850008028
   maxcv: 0.0
 message: 'Optimization terminated successfully.'
    nfev: 81
  status: 1
 success: True
       x: array([0.05      , 0.25      , 0.05      , 0.12898289, 0.05      ,
       0.05      , 0.05      , 0.25      , 0.05      ])

real	0m13.869s
user	0m13.150s
sys	0m0.574s
Instance: 10
[INFO] aspmc: Tree Decomposition #bags: 30 unfolded treewidth: 4 #vertices: 39
[INFO] aspmc: Preprocessing disabled
[INFO] aspmc:    Stats Compilation
[INFO] aspmc: ------------------------------------------------------------
[INFO] aspmc: X/D-Constrained Tree Decomposition #bags: 42 treewidth: 11 #vertices: 57
[INFO] aspmc: Dtree time:               2.0311427116394043
[INFO] aspmc: Compilation time:         0.02892756462097168
[INFO] aspmc: Preparation time:         0.00011897087097167969
[INFO] aspmc: Counting time:            0.8412971496582031
[INFO] aspmc: ------------------------------------------------------------
[0.03::a0., 0.03::a1., 0.03::a2., 0.03::a3., 0.03::a4., 0.03::a5., 0.03::a6., 0.03::a7., 0.03::a8., 0.03::a9., 0.03::a10., 0.03::a11., 0.03::a12., 0.03::a13., 0.03::a14., qr:-a0., qr:-a1,not nqr., nqr:-a1,not qr., qr:-a2., qr:-a3,not nqr., nqr:-a3,not qr., qr:-a4., qr:-a5,not nqr., nqr:-a5,not qr., qr:-a6., qr:-a7,not nqr., nqr:-a7,not qr., qr:-a8., qr:-a9,not nqr., nqr:-a9,not qr., qr:-a10., qr:-a11,not nqr., nqr:-a11,not qr., qr:-a12., qr:-a13,not nqr., nqr:-a13,not qr., qr:-a14., query(qr).]
tracc
nnf_construction_time: 4.014325380325317
Pre simplification
number of sums: 3583
number of prods: 8319
len(eq): 2698
v_11*(1.0*v_1*(-0.9409*v_3*(v_4 - 1)*(v_5 - 1)*(v_6 - 1) - 0.9409*v_4*(v_6 - 1) + 0.9409*v_5*(v_4 - 1)*(v_6 - 1) + 0.9409*v_6 + 0.028227*(v_3 - 1)*(v_4 - 1)*(v_5 - 1)*(v_6 - 1) + 0.0591) - 1.0*(v_1 - 1)*(-0.9409*v_3*(v_4 - 1)*(v_5 - 1)*(v_6 - 1) - 0.9409*v_4*(v_6 - 1) + 0.9409*v_5*(v_4 - 1)*(v_6 - 1) + 0.9409*v_6 + 0.028227*(v_3 - 1)*(v_4 - 1)*(v_5 - 1)*(v_6 - 1) + 0.0591) + 0.912673*(v_3 - 1)*(v_4 - 1)*(v_5 - 1)*(v_6 - 1)) - (v_11 - 1)*(v_12*(1.0*v_1*(-0.9409*v_3*(v_4 - 1)*(v_5 - 1)*(v_6 - 1) - 0.9409*v_4*(v_6 - 1) + 0.9409*v_5*(v_4 - 1)*(v_6 - 1) + 0.9409*v_6 + 0.028227*(v_3 - 1)*(v_4 - 1)*(v_5 - 1)*(v_6 - 1) + 0.0591) - 1.0*(v_1 - 1)*(-0.9409*v_3*(v_4 - 1)*(v_5 - 1)*(v_6 - 1) - 0.9409*v_4*(v_6 - 1) + 0.9409*v_5*(v_4 - 1)*(v_6 - 1) + 0.9409*v_6 + 0.028227*(v_3 - 1)*(v_4 - 1)*(v_5 - 1)*(v_6 - 1) + 0.0591) + 0.912673*(v_3 - 1)*(v_4 - 1)*(v_5 - 1)*(v_6 - 1)) - (v_12 - 1)*(v_13*(1.0*v_1*(-0.9409*v_3*(v_4 - 1)*(v_5 - 1)*(v_6 - 1) - 0.9409*v_4*(v_6 - 1) + 0.9409*v_5*(v_4 - 1)*(v_6 - 1) + 0.9409*v_6 + 0.028227*(v_3 - 1)*(v_4 - 1)*(v_5 - 1)*(v_6 - 1) + 0.0591) - 1.0*(v_1 - 1)*(-0.9409*v_3*(v_4 - 1)*(v_5 - 1)*(v_6 - 1) - 0.9409*v_4*(v_6 - 1) + 0.9409*v_5*(v_4 - 1)*(v_6 - 1) + 0.9409*v_6 + 0.028227*(v_3 - 1)*(v_4 - 1)*(v_5 - 1)*(v_6 - 1) + 0.0591) + 0.912673*(v_3 - 1)*(v_4 - 1)*(v_5 - 1)*(v_6 - 1)) - (v_13 - 1)*(v_14*(1.0*v_1*(-0.9409*v_3*(v_4 - 1)*(v_5 - 1)*(v_6 - 1) - 0.9409*v_4*(v_6 - 1) + 0.9409*v_5*(v_4 - 1)*(v_6 - 1) + 0.9409*v_6 + 0.028227*(v_3 - 1)*(v_4 - 1)*(v_5 - 1)*(v_6 - 1) + 0.0591) - 1.0*(v_1 - 1)*(-0.9409*v_3*(v_4 - 1)*(v_5 - 1)*(v_6 - 1) - 0.9409*v_4*(v_6 - 1) + 0.9409*v_5*(v_4 - 1)*(v_6 - 1) + 0.9409*v_6 + 0.028227*(v_3 - 1)*(v_4 - 1)*(v_5 - 1)*(v_6 - 1) + 0.0591) + 0.912673*(v_3 - 1)*(v_4 - 1)*(v_5 - 1)*(v_6 - 1)) - (v_14 - 1)*(v_15*(1.0*v_1*(-0.9409*v_3*(v_4 - 1)*(v_5 - 1)*(v_6 - 1) - 0.9409*v_4*(v_6 - 1) + 0.9409*v_5*(v_4 - 1)*(v_6 - 1) + 0.9409*v_6 + 0.028227*(v_3 - 1)*(v_4 - 1)*(v_5 - 1)*(v_6 - 1) + 0.0591) - 1.0*(v_1 - 1)*(-0.9409*v_3*(v_4 - 1)*(v_5 - 1)*(v_6 - 1) - 0.9409*v_4*(v_6 - 1) + 0.9409*v_5*(v_4 - 1)*(v_6 - 1) + 0.9409*v_6 + 0.028227*(v_3 - 1)*(v_4 - 1)*(v_5 - 1)*(v_6 - 1) + 0.0591) + 0.912673*(v_3 - 1)*(v_4 - 1)*(v_5 - 1)*(v_6 - 1)) - (v_15 - 1)*(0.8587340257*v_1*(v_3 - 1)*(v_4 - 1)*(v_5 - 1)*(v_6 - 1) + 1.0*v_1*(-0.9409*v_3*(v_4 - 1)*(v_5 - 1)*(v_6 - 1) - 0.9409*v_4*(v_6 - 1) + 0.9409*v_5*(v_4 - 1)*(v_6 - 1) + 0.9409*v_6 + 0.028227*(v_3 - 1)*(v_4 - 1)*(v_5 - 1)*(v_6 - 1) + 0.0591) - 1.0*(v_1 - 1)*(-0.9409*v_3*(v_4 - 1)*(v_5 - 1)*(v_6 - 1) - 0.9409*v_4*(v_6 - 1) + 0.9409*v_5*(v_4 - 1)*(v_6 - 1) + 0.9409*v_6 + 0.028227*(v_3 - 1)*(v_4 - 1)*(v_5 - 1)*(v_6 - 1) + 0.0591) + 0.0539389743*(v_3 - 1)*(v_4 - 1)*(v_5 - 1)*(v_6 - 1))))))
Post simplification
symp_time: 17.383481979370117
number of sums: 55
number of subs: 194
number of prods: 231
opt_time: 0.1109459400177002
     fun: 0.9606457402554904
   maxcv: 0.0
 message: 'Optimization terminated successfully.'
    nfev: 82
  status: 1
 success: True
       x: array([0.25      , 0.11064574, 0.05      , 0.05      , 0.05      ,
       0.05      , 0.05      , 0.05      , 0.05      , 0.25      ])

real	0m22.670s
user	0m21.831s
sys	0m0.639s
Instance: 11
[INFO] aspmc: Tree Decomposition #bags: 30 unfolded treewidth: 4 #vertices: 39
[INFO] aspmc: Preprocessing disabled
[INFO] aspmc:    Stats Compilation
[INFO] aspmc: ------------------------------------------------------------
[INFO] aspmc: X/D-Constrained Tree Decomposition #bags: 42 treewidth: 11 #vertices: 57
[INFO] aspmc: Dtree time:               2.0274174213409424
[INFO] aspmc: Compilation time:         0.028371572494506836
[INFO] aspmc: Preparation time:         0.0001125335693359375
[INFO] aspmc: Counting time:            0.8703663349151611
[INFO] aspmc: ------------------------------------------------------------
[0.03::a0., 0.03::a1., 0.03::a2., 0.03::a3., 0.03::a4., 0.03::a5., 0.03::a6., 0.03::a7., 0.03::a8., 0.03::a9., 0.03::a10., 0.03::a11., 0.03::a12., 0.03::a13., 0.03::a14., qr:-a0., qr:-a1,not nqr., nqr:-a1,not qr., qr:-a2., qr:-a3,not nqr., nqr:-a3,not qr., qr:-a4., qr:-a5,not nqr., nqr:-a5,not qr., qr:-a6., qr:-a7,not nqr., nqr:-a7,not qr., qr:-a8., qr:-a9,not nqr., nqr:-a9,not qr., qr:-a10., qr:-a11,not nqr., nqr:-a11,not qr., qr:-a12., qr:-a13,not nqr., nqr:-a13,not qr., qr:-a14., query(qr).]
tracc
nnf_construction_time: 4.0323381423950195
Pre simplification
number of sums: 3583
number of prods: 8319
len(eq): 2782
v_11*(1.0*v_1*(-0.9409*v_3*(v_4 - 1)*(v_5 - 1)*(v_6 - 1) - 0.9409*v_4*(v_6 - 1) + 0.9409*v_5*(v_4 - 1)*(v_6 - 1) + 0.9409*v_6 + 0.9409*v_7*(v_3 - 1)*(v_4 - 1)*(v_5 - 1)*(v_6 - 1) + 0.0591) - 1.0*(v_1 - 1)*(-0.9409*v_3*(v_4 - 1)*(v_5 - 1)*(v_6 - 1) - 0.9409*v_4*(v_6 - 1) + 0.9409*v_5*(v_4 - 1)*(v_6 - 1) + 0.9409*v_6 + 0.9409*v_7*(v_3 - 1)*(v_4 - 1)*(v_5 - 1)*(v_6 - 1) + 0.0591) - 0.9409*(v_3 - 1)*(v_4 - 1)*(v_5 - 1)*(v_6 - 1)*(v_7 - 1)) - (v_11 - 1)*(v_12*(1.0*v_1*(-0.9409*v_3*(v_4 - 1)*(v_5 - 1)*(v_6 - 1) - 0.9409*v_4*(v_6 - 1) + 0.9409*v_5*(v_4 - 1)*(v_6 - 1) + 0.9409*v_6 + 0.9409*v_7*(v_3 - 1)*(v_4 - 1)*(v_5 - 1)*(v_6 - 1) + 0.0591) - 1.0*(v_1 - 1)*(-0.9409*v_3*(v_4 - 1)*(v_5 - 1)*(v_6 - 1) - 0.9409*v_4*(v_6 - 1) + 0.9409*v_5*(v_4 - 1)*(v_6 - 1) + 0.9409*v_6 + 0.9409*v_7*(v_3 - 1)*(v_4 - 1)*(v_5 - 1)*(v_6 - 1) + 0.0591) - 0.9409*(v_3 - 1)*(v_4 - 1)*(v_5 - 1)*(v_6 - 1)*(v_7 - 1)) - (v_12 - 1)*(-v_13*(-1.0*v_1*(-0.9409*v_3*(v_4 - 1)*(v_5 - 1)*(v_6 - 1) - 0.9409*v_4*(v_6 - 1) + 0.9409*v_5*(v_4 - 1)*(v_6 - 1) + 0.9409*v_6 + 0.9409*v_7*(v_3 - 1)*(v_4 - 1)*(v_5 - 1)*(v_6 - 1) + 0.0591) + 1.0*(v_1 - 1)*(-0.9409*v_3*(v_4 - 1)*(v_5 - 1)*(v_6 - 1) - 0.9409*v_4*(v_6 - 1) + 0.9409*v_5*(v_4 - 1)*(v_6 - 1) + 0.9409*v_6 + 0.9409*v_7*(v_3 - 1)*(v_4 - 1)*(v_5 - 1)*(v_6 - 1) + 0.0591) + 0.9409*(v_3 - 1)*(v_4 - 1)*(v_5 - 1)*(v_6 - 1)*(v_7 - 1)) + (v_13 - 1)*(v_14*(-1.0*v_1*(-0.9409*v_3*(v_4 - 1)*(v_5 - 1)*(v_6 - 1) - 0.9409*v_4*(v_6 - 1) + 0.9409*v_5*(v_4 - 1)*(v_6 - 1) + 0.9409*v_6 + 0.9409*v_7*(v_3 - 1)*(v_4 - 1)*(v_5 - 1)*(v_6 - 1) + 0.0591) + 1.0*(v_1 - 1)*(-0.9409*v_3*(v_4 - 1)*(v_5 - 1)*(v_6 - 1) - 0.9409*v_4*(v_6 - 1) + 0.9409*v_5*(v_4 - 1)*(v_6 - 1) + 0.9409*v_6 + 0.9409*v_7*(v_3 - 1)*(v_4 - 1)*(v_5 - 1)*(v_6 - 1) + 0.0591) + 0.9409*(v_3 - 1)*(v_4 - 1)*(v_5 - 1)*(v_6 - 1)*(v_7 - 1)) - (v_14 - 1)*(v_15*(-1.0*v_1*(-0.9409*v_3*(v_4 - 1)*(v_5 - 1)*(v_6 - 1) - 0.9409*v_4*(v_6 - 1) + 0.9409*v_5*(v_4 - 1)*(v_6 - 1) + 0.9409*v_6 + 0.9409*v_7*(v_3 - 1)*(v_4 - 1)*(v_5 - 1)*(v_6 - 1) + 0.0591) + 1.0*(v_1 - 1)*(-0.9409*v_3*(v_4 - 1)*(v_5 - 1)*(v_6 - 1) - 0.9409*v_4*(v_6 - 1) + 0.9409*v_5*(v_4 - 1)*(v_6 - 1) + 0.9409*v_6 + 0.9409*v_7*(v_3 - 1)*(v_4 - 1)*(v_5 - 1)*(v_6 - 1) + 0.0591) + 0.9409*(v_3 - 1)*(v_4 - 1)*(v_5 - 1)*(v_6 - 1)*(v_7 - 1)) - (v_15 - 1)*(0.88529281*v_1*(v_3 - 1)*(v_4 - 1)*(v_5 - 1)*(v_6 - 1)*(v_7 - 1) - 1.0*v_1*(-0.9409*v_3*(v_4 - 1)*(v_5 - 1)*(v_6 - 1) - 0.9409*v_4*(v_6 - 1) + 0.9409*v_5*(v_4 - 1)*(v_6 - 1) + 0.9409*v_6 + 0.9409*v_7*(v_3 - 1)*(v_4 - 1)*(v_5 - 1)*(v_6 - 1) + 0.0591) + 1.0*(v_1 - 1)*(-0.9409*v_3*(v_4 - 1)*(v_5 - 1)*(v_6 - 1) - 0.9409*v_4*(v_6 - 1) + 0.9409*v_5*(v_4 - 1)*(v_6 - 1) + 0.9409*v_6 + 0.9409*v_7*(v_3 - 1)*(v_4 - 1)*(v_5 - 1)*(v_6 - 1) + 0.0591) + 0.05560719*(v_3 - 1)*(v_4 - 1)*(v_5 - 1)*(v_6 - 1)*(v_7 - 1))))))
Post simplification
symp_time: 30.251044034957886
number of sums: 57
number of subs: 203
number of prods: 250
opt_time: 0.1340043544769287
     fun: 0.9919238794953522
   maxcv: 0.0
 message: 'Optimization terminated successfully.'
    nfev: 87
  status: 1
 success: True
       x: array([0.05      , 0.09192388, 0.05      , 0.05      , 0.05      ,
       0.05      , 0.25      , 0.05      , 0.25      , 0.05      ,
       0.05      ])

real	0m35.574s
user	0m34.750s
sys	0m0.631s
Instance: 12
[INFO] aspmc: Tree Decomposition #bags: 30 unfolded treewidth: 4 #vertices: 39
[INFO] aspmc: Preprocessing disabled
[INFO] aspmc:    Stats Compilation
[INFO] aspmc: ------------------------------------------------------------
[INFO] aspmc: X/D-Constrained Tree Decomposition #bags: 42 treewidth: 11 #vertices: 57
[INFO] aspmc: Dtree time:               2.0278267860412598
[INFO] aspmc: Compilation time:         0.028418779373168945
[INFO] aspmc: Preparation time:         0.00010824203491210938
[INFO] aspmc: Counting time:            0.8137834072113037
[INFO] aspmc: ------------------------------------------------------------
[0.03::a0., 0.03::a1., 0.03::a2., 0.03::a3., 0.03::a4., 0.03::a5., 0.03::a6., 0.03::a7., 0.03::a8., 0.03::a9., 0.03::a10., 0.03::a11., 0.03::a12., 0.03::a13., 0.03::a14., qr:-a0., qr:-a1,not nqr., nqr:-a1,not qr., qr:-a2., qr:-a3,not nqr., nqr:-a3,not qr., qr:-a4., qr:-a5,not nqr., nqr:-a5,not qr., qr:-a6., qr:-a7,not nqr., nqr:-a7,not qr., qr:-a8., qr:-a9,not nqr., nqr:-a9,not qr., qr:-a10., qr:-a11,not nqr., nqr:-a11,not qr., qr:-a12., qr:-a13,not nqr., nqr:-a13,not qr., qr:-a14., query(qr).]
tracc
nnf_construction_time: 3.9856679439544678
Pre simplification
number of sums: 3583
number of prods: 8319
len(eq): 3233
v_11*(1.0*v_1*(-0.9409*v_3*(v_4 - 1)*(v_5 - 1)*(v_6 - 1) - 0.9409*v_4*(v_6 - 1) + 0.9409*v_5*(v_4 - 1)*(v_6 - 1) + 0.9409*v_6 + 0.9409*v_7*(v_3 - 1)*(v_4 - 1)*(v_5 - 1)*(v_6 - 1) + 0.0591) - 1.0*(v_1 - 1)*(-0.9409*v_3*(v_4 - 1)*(v_5 - 1)*(v_6 - 1) - 0.9409*v_4*(v_6 - 1) + 0.9409*v_5*(v_4 - 1)*(v_6 - 1) + 0.9409*v_6 + 0.9409*v_7*(v_3 - 1)*(v_4 - 1)*(v_5 - 1)*(v_6 - 1) + 0.0591) - 0.9409*(v_3 - 1)*(v_4 - 1)*(v_5 - 1)*(v_6 - 1)*(v_7 - 1)) - (v_11 - 1)*(v_12*(1.0*v_1*(-0.9409*v_3*(v_4 - 1)*(v_5 - 1)*(v_6 - 1) - 0.9409*v_4*(v_6 - 1) + 0.9409*v_5*(v_4 - 1)*(v_6 - 1) + 0.9409*v_6 + 0.9409*v_7*(v_3 - 1)*(v_4 - 1)*(v_5 - 1)*(v_6 - 1) + 0.0591) - 1.0*(v_1 - 1)*(-0.9409*v_3*(v_4 - 1)*(v_5 - 1)*(v_6 - 1) - 0.9409*v_4*(v_6 - 1) + 0.9409*v_5*(v_4 - 1)*(v_6 - 1) + 0.9409*v_6 + 0.9409*v_7*(v_3 - 1)*(v_4 - 1)*(v_5 - 1)*(v_6 - 1) + 0.0591) - 0.9409*(v_3 - 1)*(v_4 - 1)*(v_5 - 1)*(v_6 - 1)*(v_7 - 1)) - (v_12 - 1)*(v_13*(1.0*v_1*(-0.9409*v_3*(v_4 - 1)*(v_5 - 1)*(v_6 - 1) - 0.9409*v_4*(v_6 - 1) + 0.9409*v_5*(v_4 - 1)*(v_6 - 1) + 0.9409*v_6 + 0.9409*v_7*(v_3 - 1)*(v_4 - 1)*(v_5 - 1)*(v_6 - 1) + 0.0591) - 1.0*(v_1 - 1)*(-0.9409*v_3*(v_4 - 1)*(v_5 - 1)*(v_6 - 1) - 0.9409*v_4*(v_6 - 1) + 0.9409*v_5*(v_4 - 1)*(v_6 - 1) + 0.9409*v_6 + 0.9409*v_7*(v_3 - 1)*(v_4 - 1)*(v_5 - 1)*(v_6 - 1) + 0.0591) - 0.9409*(v_3 - 1)*(v_4 - 1)*(v_5 - 1)*(v_6 - 1)*(v_7 - 1)) - (v_13 - 1)*(-v_14*(-1.0*v_1*(-0.9409*v_3*(v_4 - 1)*(v_5 - 1)*(v_6 - 1) - 0.9409*v_4*(v_6 - 1) + 0.9409*v_5*(v_4 - 1)*(v_6 - 1) + 0.9409*v_6 + 0.9409*v_7*(v_3 - 1)*(v_4 - 1)*(v_5 - 1)*(v_6 - 1) + 0.0591) + 1.0*(v_1 - 1)*(-0.9409*v_3*(v_4 - 1)*(v_5 - 1)*(v_6 - 1) - 0.9409*v_4*(v_6 - 1) + 0.9409*v_5*(v_4 - 1)*(v_6 - 1) + 0.9409*v_6 + 0.9409*v_7*(v_3 - 1)*(v_4 - 1)*(v_5 - 1)*(v_6 - 1) + 0.0591) + 0.9409*(v_3 - 1)*(v_4 - 1)*(v_5 - 1)*(v_6 - 1)*(v_7 - 1)) + (v_14 - 1)*(v_15*(-1.0*v_1*(-0.9409*v_3*(v_4 - 1)*(v_5 - 1)*(v_6 - 1) - 0.9409*v_4*(v_6 - 1) + 0.9409*v_5*(v_4 - 1)*(v_6 - 1) + 0.9409*v_6 + 0.9409*v_7*(v_3 - 1)*(v_4 - 1)*(v_5 - 1)*(v_6 - 1) + 0.0591) + 1.0*(v_1 - 1)*(-0.9409*v_3*(v_4 - 1)*(v_5 - 1)*(v_6 - 1) - 0.9409*v_4*(v_6 - 1) + 0.9409*v_5*(v_4 - 1)*(v_6 - 1) + 0.9409*v_6 + 0.9409*v_7*(v_3 - 1)*(v_4 - 1)*(v_5 - 1)*(v_6 - 1) + 0.0591) + 0.9409*(v_3 - 1)*(v_4 - 1)*(v_5 - 1)*(v_6 - 1)*(v_7 - 1)) - (v_15 - 1)*(v_16*(-1.0*v_1*(-0.9409*v_3*(v_4 - 1)*(v_5 - 1)*(v_6 - 1) - 0.9409*v_4*(v_6 - 1) + 0.9409*v_5*(v_4 - 1)*(v_6 - 1) + 0.9409*v_6 + 0.9409*v_7*(v_3 - 1)*(v_4 - 1)*(v_5 - 1)*(v_6 - 1) + 0.0591) + 1.0*(v_1 - 1)*(-0.9409*v_3*(v_4 - 1)*(v_5 - 1)*(v_6 - 1) - 0.9409*v_4*(v_6 - 1) + 0.9409*v_5*(v_4 - 1)*(v_6 - 1) + 0.9409*v_6 + 0.9409*v_7*(v_3 - 1)*(v_4 - 1)*(v_5 - 1)*(v_6 - 1) + 0.0591) + 0.9409*(v_3 - 1)*(v_4 - 1)*(v_5 - 1)*(v_6 - 1)*(v_7 - 1)) - (v_16 - 1)*(0.912673*v_1*(v_3 - 1)*(v_4 - 1)*(v_5 - 1)*(v_6 - 1)*(v_7 - 1) - 1.0*v_1*(-0.9409*v_3*(v_4 - 1)*(v_5 - 1)*(v_6 - 1) - 0.9409*v_4*(v_6 - 1) + 0.9409*v_5*(v_4 - 1)*(v_6 - 1) + 0.9409*v_6 + 0.9409*v_7*(v_3 - 1)*(v_4 - 1)*(v_5 - 1)*(v_6 - 1) + 0.0591) + 1.0*(v_1 - 1)*(-0.9409*v_3*(v_4 - 1)*(v_5 - 1)*(v_6 - 1) - 0.9409*v_4*(v_6 - 1) + 0.9409*v_5*(v_4 - 1)*(v_6 - 1) + 0.9409*v_6 + 0.9409*v_7*(v_3 - 1)*(v_4 - 1)*(v_5 - 1)*(v_6 - 1) + 0.0591) + 0.028227*(v_3 - 1)*(v_4 - 1)*(v_5 - 1)*(v_6 - 1)*(v_7 - 1)))))))
Post simplification
symp_time: 58.330119371414185
number of sums: 65
number of subs: 237
number of prods: 291
opt_time: 0.16565966606140137
     fun: 1.022816354033584
   maxcv: 6.245004513516506e-17
 message: 'Optimization terminated successfully.'
    nfev: 101
  status: 1
 success: True
       x: array([0.07281635, 0.05      , 0.05      , 0.05      , 0.25      ,
       0.05      , 0.05      , 0.05      , 0.05      , 0.25      ,
       0.05      , 0.05      ])

real	1m3.669s
user	1m2.720s
sys	0m0.731s
Instance: 13
[INFO] aspmc: Tree Decomposition #bags: 30 unfolded treewidth: 4 #vertices: 39
[INFO] aspmc: Preprocessing disabled
[INFO] aspmc:    Stats Compilation
[INFO] aspmc: ------------------------------------------------------------
[INFO] aspmc: X/D-Constrained Tree Decomposition #bags: 42 treewidth: 11 #vertices: 57
[INFO] aspmc: Dtree time:               2.028947114944458
[INFO] aspmc: Compilation time:         0.028792381286621094
[INFO] aspmc: Preparation time:         0.0001220703125
[INFO] aspmc: Counting time:            0.759662389755249
[INFO] aspmc: ------------------------------------------------------------
[0.03::a0., 0.03::a1., 0.03::a2., 0.03::a3., 0.03::a4., 0.03::a5., 0.03::a6., 0.03::a7., 0.03::a8., 0.03::a9., 0.03::a10., 0.03::a11., 0.03::a12., 0.03::a13., 0.03::a14., qr:-a0., qr:-a1,not nqr., nqr:-a1,not qr., qr:-a2., qr:-a3,not nqr., nqr:-a3,not qr., qr:-a4., qr:-a5,not nqr., nqr:-a5,not qr., qr:-a6., qr:-a7,not nqr., nqr:-a7,not qr., qr:-a8., qr:-a9,not nqr., nqr:-a9,not qr., qr:-a10., qr:-a11,not nqr., nqr:-a11,not qr., qr:-a12., qr:-a13,not nqr., nqr:-a13,not qr., qr:-a14., query(qr).]
tracc
nnf_construction_time: 3.923865795135498
Pre simplification
number of sums: 3583
number of prods: 8319
len(eq): 4217
v_11*(1.0*v_1*(0.97*v_3*(v_4 - 1)*(v_5 - 1)*(v_6 - 1)*(v_8 - 1) + 0.97*v_4*(v_6 - 1)*(v_8 - 1) - 0.97*v_5*(v_4 - 1)*(v_6 - 1)*(v_8 - 1) - 1.0*v_6*(v_8 - 1) - 0.97*v_7*(v_3 - 1)*(v_4 - 1)*(v_5 - 1)*(v_6 - 1)*(v_8 - 1) + 1.0*v_8 + 0.03*(v_6 - 1)*(v_8 - 1)) - 1.0*(v_1 - 1)*(0.97*v_3*(v_4 - 1)*(v_5 - 1)*(v_6 - 1)*(v_8 - 1) + 0.97*v_4*(v_6 - 1)*(v_8 - 1) - 0.97*v_5*(v_4 - 1)*(v_6 - 1)*(v_8 - 1) - 1.0*v_6*(v_8 - 1) - 0.97*v_7*(v_3 - 1)*(v_4 - 1)*(v_5 - 1)*(v_6 - 1)*(v_8 - 1) + 1.0*v_8 + 0.03*(v_6 - 1)*(v_8 - 1)) + 0.97*(v_3 - 1)*(v_4 - 1)*(v_5 - 1)*(v_6 - 1)*(v_7 - 1)*(v_8 - 1)) - (v_11 - 1)*(v_12*(1.0*v_1*(0.97*v_3*(v_4 - 1)*(v_5 - 1)*(v_6 - 1)*(v_8 - 1) + 0.97*v_4*(v_6 - 1)*(v_8 - 1) - 0.97*v_5*(v_4 - 1)*(v_6 - 1)*(v_8 - 1) - 1.0*v_6*(v_8 - 1) - 0.97*v_7*(v_3 - 1)*(v_4 - 1)*(v_5 - 1)*(v_6 - 1)*(v_8 - 1) + 1.0*v_8 + 0.03*(v_6 - 1)*(v_8 - 1)) - 1.0*(v_1 - 1)*(0.97*v_3*(v_4 - 1)*(v_5 - 1)*(v_6 - 1)*(v_8 - 1) + 0.97*v_4*(v_6 - 1)*(v_8 - 1) - 0.97*v_5*(v_4 - 1)*(v_6 - 1)*(v_8 - 1) - 1.0*v_6*(v_8 - 1) - 0.97*v_7*(v_3 - 1)*(v_4 - 1)*(v_5 - 1)*(v_6 - 1)*(v_8 - 1) + 1.0*v_8 + 0.03*(v_6 - 1)*(v_8 - 1)) + 0.97*(v_3 - 1)*(v_4 - 1)*(v_5 - 1)*(v_6 - 1)*(v_7 - 1)*(v_8 - 1)) - (v_12 - 1)*(v_13*(1.0*v_1*(0.97*v_3*(v_4 - 1)*(v_5 - 1)*(v_6 - 1)*(v_8 - 1) + 0.97*v_4*(v_6 - 1)*(v_8 - 1) - 0.97*v_5*(v_4 - 1)*(v_6 - 1)*(v_8 - 1) - 1.0*v_6*(v_8 - 1) - 0.97*v_7*(v_3 - 1)*(v_4 - 1)*(v_5 - 1)*(v_6 - 1)*(v_8 - 1) + 1.0*v_8 + 0.03*(v_6 - 1)*(v_8 - 1)) - 1.0*(v_1 - 1)*(0.97*v_3*(v_4 - 1)*(v_5 - 1)*(v_6 - 1)*(v_8 - 1) + 0.97*v_4*(v_6 - 1)*(v_8 - 1) - 0.97*v_5*(v_4 - 1)*(v_6 - 1)*(v_8 - 1) - 1.0*v_6*(v_8 - 1) - 0.97*v_7*(v_3 - 1)*(v_4 - 1)*(v_5 - 1)*(v_6 - 1)*(v_8 - 1) + 1.0*v_8 + 0.03*(v_6 - 1)*(v_8 - 1)) + 0.97*(v_3 - 1)*(v_4 - 1)*(v_5 - 1)*(v_6 - 1)*(v_7 - 1)*(v_8 - 1)) - (v_13 - 1)*(v_14*(1.0*v_1*(0.97*v_3*(v_4 - 1)*(v_5 - 1)*(v_6 - 1)*(v_8 - 1) + 0.97*v_4*(v_6 - 1)*(v_8 - 1) - 0.97*v_5*(v_4 - 1)*(v_6 - 1)*(v_8 - 1) - 1.0*v_6*(v_8 - 1) - 0.97*v_7*(v_3 - 1)*(v_4 - 1)*(v_5 - 1)*(v_6 - 1)*(v_8 - 1) + 1.0*v_8 + 0.03*(v_6 - 1)*(v_8 - 1)) - 1.0*(v_1 - 1)*(0.97*v_3*(v_4 - 1)*(v_5 - 1)*(v_6 - 1)*(v_8 - 1) + 0.97*v_4*(v_6 - 1)*(v_8 - 1) - 0.97*v_5*(v_4 - 1)*(v_6 - 1)*(v_8 - 1) - 1.0*v_6*(v_8 - 1) - 0.97*v_7*(v_3 - 1)*(v_4 - 1)*(v_5 - 1)*(v_6 - 1)*(v_8 - 1) + 1.0*v_8 + 0.03*(v_6 - 1)*(v_8 - 1)) + 0.97*(v_3 - 1)*(v_4 - 1)*(v_5 - 1)*(v_6 - 1)*(v_7 - 1)*(v_8 - 1)) - (v_14 - 1)*(v_15*(1.0*v_1*(0.97*v_3*(v_4 - 1)*(v_5 - 1)*(v_6 - 1)*(v_8 - 1) + 0.97*v_4*(v_6 - 1)*(v_8 - 1) - 0.97*v_5*(v_4 - 1)*(v_6 - 1)*(v_8 - 1) - 1.0*v_6*(v_8 - 1) - 0.97*v_7*(v_3 - 1)*(v_4 - 1)*(v_5 - 1)*(v_6 - 1)*(v_8 - 1) + 1.0*v_8 + 0.03*(v_6 - 1)*(v_8 - 1)) - 1.0*(v_1 - 1)*(0.97*v_3*(v_4 - 1)*(v_5 - 1)*(v_6 - 1)*(v_8 - 1) + 0.97*v_4*(v_6 - 1)*(v_8 - 1) - 0.97*v_5*(v_4 - 1)*(v_6 - 1)*(v_8 - 1) - 1.0*v_6*(v_8 - 1) - 0.97*v_7*(v_3 - 1)*(v_4 - 1)*(v_5 - 1)*(v_6 - 1)*(v_8 - 1) + 1.0*v_8 + 0.03*(v_6 - 1)*(v_8 - 1)) + 0.97*(v_3 - 1)*(v_4 - 1)*(v_5 - 1)*(v_6 - 1)*(v_7 - 1)*(v_8 - 1)) - (v_15 - 1)*(v_16*(1.0*v_1*(0.97*v_3*(v_4 - 1)*(v_5 - 1)*(v_6 - 1)*(v_8 - 1) + 0.97*v_4*(v_6 - 1)*(v_8 - 1) - 0.97*v_5*(v_4 - 1)*(v_6 - 1)*(v_8 - 1) - 1.0*v_6*(v_8 - 1) - 0.97*v_7*(v_3 - 1)*(v_4 - 1)*(v_5 - 1)*(v_6 - 1)*(v_8 - 1) + 1.0*v_8 + 0.03*(v_6 - 1)*(v_8 - 1)) - 1.0*(v_1 - 1)*(0.97*v_3*(v_4 - 1)*(v_5 - 1)*(v_6 - 1)*(v_8 - 1) + 0.97*v_4*(v_6 - 1)*(v_8 - 1) - 0.97*v_5*(v_4 - 1)*(v_6 - 1)*(v_8 - 1) - 1.0*v_6*(v_8 - 1) - 0.97*v_7*(v_3 - 1)*(v_4 - 1)*(v_5 - 1)*(v_6 - 1)*(v_8 - 1) + 1.0*v_8 + 0.03*(v_6 - 1)*(v_8 - 1)) + 0.97*(v_3 - 1)*(v_4 - 1)*(v_5 - 1)*(v_6 - 1)*(v_7 - 1)*(v_8 - 1)) - (v_16 - 1)*(0.9409*v_1*(v_3 - 1)*(v_4 - 1)*(v_5 - 1)*(v_6 - 1)*(v_7 - 1)*(v_8 - 1) + 1.0*v_1*(0.97*v_3*(v_4 - 1)*(v_5 - 1)*(v_6 - 1)*(v_8 - 1) + 0.97*v_4*(v_6 - 1)*(v_8 - 1) - 0.97*v_5*(v_4 - 1)*(v_6 - 1)*(v_8 - 1) - 1.0*v_6*(v_8 - 1) - 0.97*v_7*(v_3 - 1)*(v_4 - 1)*(v_5 - 1)*(v_6 - 1)*(v_8 - 1) + 1.0*v_8 + 0.03*(v_6 - 1)*(v_8 - 1)) - 1.0*(v_1 - 1)*(0.97*v_3*(v_4 - 1)*(v_5 - 1)*(v_6 - 1)*(v_8 - 1) + 0.97*v_4*(v_6 - 1)*(v_8 - 1) - 0.97*v_5*(v_4 - 1)*(v_6 - 1)*(v_8 - 1) - 1.0*v_6*(v_8 - 1) - 0.97*v_7*(v_3 - 1)*(v_4 - 1)*(v_5 - 1)*(v_6 - 1)*(v_8 - 1) + 1.0*v_8 + 0.03*(v_6 - 1)*(v_8 - 1)) + 0.0291*(v_3 - 1)*(v_4 - 1)*(v_5 - 1)*(v_6 - 1)*(v_7 - 1)*(v_8 - 1)))))))
Post simplification
symp_time: 113.72934079170227
number of sums: 50
number of subs: 354
number of prods: 411
opt_time: 0.1944425106048584
     fun: 1.0532851058693609
   maxcv: 2.186707925844189e-09
 message: 'Optimization terminated successfully.'
    nfev: 94
  status: 1
 success: True
       x: array([0.05      , 0.05      , 0.05      , 0.25      , 0.05      ,
       0.05328511, 0.05      , 0.05      , 0.05      , 0.05      ,
       0.05      , 0.25      , 0.05      ])

real	1m59.177s
user	1m58.147s
sys	0m0.710s
Instance: 14
[INFO] aspmc: Tree Decomposition #bags: 30 unfolded treewidth: 4 #vertices: 39
[INFO] aspmc: Preprocessing disabled
[INFO] aspmc:    Stats Compilation
[INFO] aspmc: ------------------------------------------------------------
[INFO] aspmc: X/D-Constrained Tree Decomposition #bags: 42 treewidth: 11 #vertices: 57
[INFO] aspmc: Dtree time:               2.0301129817962646
[INFO] aspmc: Compilation time:         0.028289318084716797
[INFO] aspmc: Preparation time:         0.00011444091796875
[INFO] aspmc: Counting time:            0.7714686393737793
[INFO] aspmc: ------------------------------------------------------------
[0.03::a0., 0.03::a1., 0.03::a2., 0.03::a3., 0.03::a4., 0.03::a5., 0.03::a6., 0.03::a7., 0.03::a8., 0.03::a9., 0.03::a10., 0.03::a11., 0.03::a12., 0.03::a13., 0.03::a14., qr:-a0., qr:-a1,not nqr., nqr:-a1,not qr., qr:-a2., qr:-a3,not nqr., nqr:-a3,not qr., qr:-a4., qr:-a5,not nqr., nqr:-a5,not qr., qr:-a6., qr:-a7,not nqr., nqr:-a7,not qr., qr:-a8., qr:-a9,not nqr., nqr:-a9,not qr., qr:-a10., qr:-a11,not nqr., nqr:-a11,not qr., qr:-a12., qr:-a13,not nqr., nqr:-a13,not qr., qr:-a14., query(qr).]
tracc
nnf_construction_time: 3.935074806213379
Pre simplification
number of sums: 3583
number of prods: 8319
len(eq): 4677
v_11*(v_1*(0.97*v_3*(v_4 - 1)*(v_5 - 1)*(v_6 - 1)*(v_8 - 1) + 0.97*v_4*(v_6 - 1)*(v_8 - 1) - 0.97*v_5*(v_4 - 1)*(v_6 - 1)*(v_8 - 1) - 1.0*v_6*(v_8 - 1) - 0.97*v_7*(v_3 - 1)*(v_4 - 1)*(v_5 - 1)*(v_6 - 1)*(v_8 - 1) + 1.0*v_8 + 0.03*(v_6 - 1)*(v_8 - 1)) - (v_1 - 1)*(0.97*v_3*(v_4 - 1)*(v_5 - 1)*(v_6 - 1)*(v_8 - 1) + 0.97*v_4*(v_6 - 1)*(v_8 - 1) - 0.97*v_5*(v_4 - 1)*(v_6 - 1)*(v_8 - 1) - 1.0*v_6*(v_8 - 1) - 0.97*v_7*(v_3 - 1)*(v_4 - 1)*(v_5 - 1)*(v_6 - 1)*(v_8 - 1) + 1.0*v_8 + 0.03*(v_6 - 1)*(v_8 - 1)) + 0.97*(v_3 - 1)*(v_4 - 1)*(v_5 - 1)*(v_6 - 1)*(v_7 - 1)*(v_8 - 1)) - (v_11 - 1)*(v_12*(v_1*(0.97*v_3*(v_4 - 1)*(v_5 - 1)*(v_6 - 1)*(v_8 - 1) + 0.97*v_4*(v_6 - 1)*(v_8 - 1) - 0.97*v_5*(v_4 - 1)*(v_6 - 1)*(v_8 - 1) - 1.0*v_6*(v_8 - 1) - 0.97*v_7*(v_3 - 1)*(v_4 - 1)*(v_5 - 1)*(v_6 - 1)*(v_8 - 1) + 1.0*v_8 + 0.03*(v_6 - 1)*(v_8 - 1)) - (v_1 - 1)*(0.97*v_3*(v_4 - 1)*(v_5 - 1)*(v_6 - 1)*(v_8 - 1) + 0.97*v_4*(v_6 - 1)*(v_8 - 1) - 0.97*v_5*(v_4 - 1)*(v_6 - 1)*(v_8 - 1) - 1.0*v_6*(v_8 - 1) - 0.97*v_7*(v_3 - 1)*(v_4 - 1)*(v_5 - 1)*(v_6 - 1)*(v_8 - 1) + 1.0*v_8 + 0.03*(v_6 - 1)*(v_8 - 1)) + 0.97*(v_3 - 1)*(v_4 - 1)*(v_5 - 1)*(v_6 - 1)*(v_7 - 1)*(v_8 - 1)) - (v_12 - 1)*(v_13*(v_1*(0.97*v_3*(v_4 - 1)*(v_5 - 1)*(v_6 - 1)*(v_8 - 1) + 0.97*v_4*(v_6 - 1)*(v_8 - 1) - 0.97*v_5*(v_4 - 1)*(v_6 - 1)*(v_8 - 1) - 1.0*v_6*(v_8 - 1) - 0.97*v_7*(v_3 - 1)*(v_4 - 1)*(v_5 - 1)*(v_6 - 1)*(v_8 - 1) + 1.0*v_8 + 0.03*(v_6 - 1)*(v_8 - 1)) - (v_1 - 1)*(0.97*v_3*(v_4 - 1)*(v_5 - 1)*(v_6 - 1)*(v_8 - 1) + 0.97*v_4*(v_6 - 1)*(v_8 - 1) - 0.97*v_5*(v_4 - 1)*(v_6 - 1)*(v_8 - 1) - 1.0*v_6*(v_8 - 1) - 0.97*v_7*(v_3 - 1)*(v_4 - 1)*(v_5 - 1)*(v_6 - 1)*(v_8 - 1) + 1.0*v_8 + 0.03*(v_6 - 1)*(v_8 - 1)) + 0.97*(v_3 - 1)*(v_4 - 1)*(v_5 - 1)*(v_6 - 1)*(v_7 - 1)*(v_8 - 1)) - (v_13 - 1)*(v_14*(v_1*(0.97*v_3*(v_4 - 1)*(v_5 - 1)*(v_6 - 1)*(v_8 - 1) + 0.97*v_4*(v_6 - 1)*(v_8 - 1) - 0.97*v_5*(v_4 - 1)*(v_6 - 1)*(v_8 - 1) - 1.0*v_6*(v_8 - 1) - 0.97*v_7*(v_3 - 1)*(v_4 - 1)*(v_5 - 1)*(v_6 - 1)*(v_8 - 1) + 1.0*v_8 + 0.03*(v_6 - 1)*(v_8 - 1)) - (v_1 - 1)*(0.97*v_3*(v_4 - 1)*(v_5 - 1)*(v_6 - 1)*(v_8 - 1) + 0.97*v_4*(v_6 - 1)*(v_8 - 1) - 0.97*v_5*(v_4 - 1)*(v_6 - 1)*(v_8 - 1) - 1.0*v_6*(v_8 - 1) - 0.97*v_7*(v_3 - 1)*(v_4 - 1)*(v_5 - 1)*(v_6 - 1)*(v_8 - 1) + 1.0*v_8 + 0.03*(v_6 - 1)*(v_8 - 1)) + 0.97*(v_3 - 1)*(v_4 - 1)*(v_5 - 1)*(v_6 - 1)*(v_7 - 1)*(v_8 - 1)) - (v_14 - 1)*(v_15*(v_1*(0.97*v_3*(v_4 - 1)*(v_5 - 1)*(v_6 - 1)*(v_8 - 1) + 0.97*v_4*(v_6 - 1)*(v_8 - 1) - 0.97*v_5*(v_4 - 1)*(v_6 - 1)*(v_8 - 1) - 1.0*v_6*(v_8 - 1) - 0.97*v_7*(v_3 - 1)*(v_4 - 1)*(v_5 - 1)*(v_6 - 1)*(v_8 - 1) + 1.0*v_8 + 0.03*(v_6 - 1)*(v_8 - 1)) - (v_1 - 1)*(0.97*v_3*(v_4 - 1)*(v_5 - 1)*(v_6 - 1)*(v_8 - 1) + 0.97*v_4*(v_6 - 1)*(v_8 - 1) - 0.97*v_5*(v_4 - 1)*(v_6 - 1)*(v_8 - 1) - 1.0*v_6*(v_8 - 1) - 0.97*v_7*(v_3 - 1)*(v_4 - 1)*(v_5 - 1)*(v_6 - 1)*(v_8 - 1) + 1.0*v_8 + 0.03*(v_6 - 1)*(v_8 - 1)) + 0.97*(v_3 - 1)*(v_4 - 1)*(v_5 - 1)*(v_6 - 1)*(v_7 - 1)*(v_8 - 1)) - (v_15 - 1)*(v_16*(v_1*(0.97*v_3*(v_4 - 1)*(v_5 - 1)*(v_6 - 1)*(v_8 - 1) + 0.97*v_4*(v_6 - 1)*(v_8 - 1) - 0.97*v_5*(v_4 - 1)*(v_6 - 1)*(v_8 - 1) - 1.0*v_6*(v_8 - 1) - 0.97*v_7*(v_3 - 1)*(v_4 - 1)*(v_5 - 1)*(v_6 - 1)*(v_8 - 1) + 1.0*v_8 + 0.03*(v_6 - 1)*(v_8 - 1)) - (v_1 - 1)*(0.97*v_3*(v_4 - 1)*(v_5 - 1)*(v_6 - 1)*(v_8 - 1) + 0.97*v_4*(v_6 - 1)*(v_8 - 1) - 0.97*v_5*(v_4 - 1)*(v_6 - 1)*(v_8 - 1) - 1.0*v_6*(v_8 - 1) - 0.97*v_7*(v_3 - 1)*(v_4 - 1)*(v_5 - 1)*(v_6 - 1)*(v_8 - 1) + 1.0*v_8 + 0.03*(v_6 - 1)*(v_8 - 1)) + 0.97*(v_3 - 1)*(v_4 - 1)*(v_5 - 1)*(v_6 - 1)*(v_7 - 1)*(v_8 - 1)) - (v_16 - 1)*(v_17*(v_1*(0.97*v_3*(v_4 - 1)*(v_5 - 1)*(v_6 - 1)*(v_8 - 1) + 0.97*v_4*(v_6 - 1)*(v_8 - 1) - 0.97*v_5*(v_4 - 1)*(v_6 - 1)*(v_8 - 1) - 1.0*v_6*(v_8 - 1) - 0.97*v_7*(v_3 - 1)*(v_4 - 1)*(v_5 - 1)*(v_6 - 1)*(v_8 - 1) + 1.0*v_8 + 0.03*(v_6 - 1)*(v_8 - 1)) - (v_1 - 1)*(0.97*v_3*(v_4 - 1)*(v_5 - 1)*(v_6 - 1)*(v_8 - 1) + 0.97*v_4*(v_6 - 1)*(v_8 - 1) - 0.97*v_5*(v_4 - 1)*(v_6 - 1)*(v_8 - 1) - 1.0*v_6*(v_8 - 1) - 0.97*v_7*(v_3 - 1)*(v_4 - 1)*(v_5 - 1)*(v_6 - 1)*(v_8 - 1) + 1.0*v_8 + 0.03*(v_6 - 1)*(v_8 - 1)) + 0.97*(v_3 - 1)*(v_4 - 1)*(v_5 - 1)*(v_6 - 1)*(v_7 - 1)*(v_8 - 1)) - (v_17 - 1)*(0.97*v_1*(v_3 - 1)*(v_4 - 1)*(v_5 - 1)*(v_6 - 1)*(v_7 - 1)*(v_8 - 1) + v_1*(0.97*v_3*(v_4 - 1)*(v_5 - 1)*(v_6 - 1)*(v_8 - 1) + 0.97*v_4*(v_6 - 1)*(v_8 - 1) - 0.97*v_5*(v_4 - 1)*(v_6 - 1)*(v_8 - 1) - 1.0*v_6*(v_8 - 1) - 0.97*v_7*(v_3 - 1)*(v_4 - 1)*(v_5 - 1)*(v_6 - 1)*(v_8 - 1) + 1.0*v_8 + 0.03*(v_6 - 1)*(v_8 - 1)) - (v_1 - 1)*(0.97*v_3*(v_4 - 1)*(v_5 - 1)*(v_6 - 1)*(v_8 - 1) + 0.97*v_4*(v_6 - 1)*(v_8 - 1) - 0.97*v_5*(v_4 - 1)*(v_6 - 1)*(v_8 - 1) - 1.0*v_6*(v_8 - 1) - 0.97*v_7*(v_3 - 1)*(v_4 - 1)*(v_5 - 1)*(v_6 - 1)*(v_8 - 1) + 1.0*v_8 + 0.03*(v_6 - 1)*(v_8 - 1)))))))))
Post simplification
symp_time: 227.5540156364441
number of sums: 56
number of subs: 398
number of prods: 447
opt_time: 0.2872047424316406
     fun: 1.0868704249246215
   maxcv: 0.0
 message: 'Optimization terminated successfully.'
    nfev: 124
  status: 1
 success: True
       x: array([0.05      , 0.05      , 0.05      , 0.05      , 0.05      ,
       0.05      , 0.05      , 0.05      , 0.05      , 0.05      ,
       0.05      , 0.05      , 0.23687042, 0.25      ])

real	3m53.329s
user	3m51.998s
sys	0m0.922s
Instance: 15
[INFO] aspmc: Tree Decomposition #bags: 30 unfolded treewidth: 4 #vertices: 39
[INFO] aspmc: Preprocessing disabled
[INFO] aspmc:    Stats Compilation
[INFO] aspmc: ------------------------------------------------------------
[INFO] aspmc: X/D-Constrained Tree Decomposition #bags: 42 treewidth: 11 #vertices: 57
[INFO] aspmc: Dtree time:               2.0300021171569824
[INFO] aspmc: Compilation time:         0.029988765716552734
[INFO] aspmc: Preparation time:         0.00010824203491210938
[INFO] aspmc: Counting time:            0.8142116069793701
[INFO] aspmc: ------------------------------------------------------------
[0.03::a0., 0.03::a1., 0.03::a2., 0.03::a3., 0.03::a4., 0.03::a5., 0.03::a6., 0.03::a7., 0.03::a8., 0.03::a9., 0.03::a10., 0.03::a11., 0.03::a12., 0.03::a13., 0.03::a14., qr:-a0., qr:-a1,not nqr., nqr:-a1,not qr., qr:-a2., qr:-a3,not nqr., nqr:-a3,not qr., qr:-a4., qr:-a5,not nqr., nqr:-a5,not qr., qr:-a6., qr:-a7,not nqr., nqr:-a7,not qr., qr:-a8., qr:-a9,not nqr., nqr:-a9,not qr., qr:-a10., qr:-a11,not nqr., nqr:-a11,not qr., qr:-a12., qr:-a13,not nqr., nqr:-a13,not qr., qr:-a14., query(qr).]
tracc
nnf_construction_time: 3.98110032081604
Pre simplification
number of sums: 3583
number of prods: 8319
len(eq): 4913
v_11*(v_1*(-v_3*(v_4 - 1)*(v_5 - 1)*(v_6 - 1)*(v_8 - 1)*(v_9 - 1) - v_4*(v_6 - 1)*(v_8 - 1)*(v_9 - 1) + v_5*(v_4 - 1)*(v_6 - 1)*(v_8 - 1)*(v_9 - 1) - v_6*(v_8 - 1) + v_7*(v_3 - 1)*(v_4 - 1)*(v_5 - 1)*(v_6 - 1)*(v_8 - 1)*(v_9 - 1) + v_8 + v_9*(v_6 - 1)*(v_8 - 1)) - (v_1 - 1)*(-v_3*(v_4 - 1)*(v_5 - 1)*(v_6 - 1)*(v_8 - 1)*(v_9 - 1) - v_4*(v_6 - 1)*(v_8 - 1)*(v_9 - 1) + v_5*(v_4 - 1)*(v_6 - 1)*(v_8 - 1)*(v_9 - 1) - v_6*(v_8 - 1) + v_7*(v_3 - 1)*(v_4 - 1)*(v_5 - 1)*(v_6 - 1)*(v_8 - 1)*(v_9 - 1) + v_8 + v_9*(v_6 - 1)*(v_8 - 1)) - (v_3 - 1)*(v_4 - 1)*(v_5 - 1)*(v_6 - 1)*(v_7 - 1)*(v_8 - 1)*(v_9 - 1)) - (v_11 - 1)*(v_12*(v_1*(-v_3*(v_4 - 1)*(v_5 - 1)*(v_6 - 1)*(v_8 - 1)*(v_9 - 1) - v_4*(v_6 - 1)*(v_8 - 1)*(v_9 - 1) + v_5*(v_4 - 1)*(v_6 - 1)*(v_8 - 1)*(v_9 - 1) - v_6*(v_8 - 1) + v_7*(v_3 - 1)*(v_4 - 1)*(v_5 - 1)*(v_6 - 1)*(v_8 - 1)*(v_9 - 1) + v_8 + v_9*(v_6 - 1)*(v_8 - 1)) - (v_1 - 1)*(-v_3*(v_4 - 1)*(v_5 - 1)*(v_6 - 1)*(v_8 - 1)*(v_9 - 1) - v_4*(v_6 - 1)*(v_8 - 1)*(v_9 - 1) + v_5*(v_4 - 1)*(v_6 - 1)*(v_8 - 1)*(v_9 - 1) - v_6*(v_8 - 1) + v_7*(v_3 - 1)*(v_4 - 1)*(v_5 - 1)*(v_6 - 1)*(v_8 - 1)*(v_9 - 1) + v_8 + v_9*(v_6 - 1)*(v_8 - 1)) - (v_3 - 1)*(v_4 - 1)*(v_5 - 1)*(v_6 - 1)*(v_7 - 1)*(v_8 - 1)*(v_9 - 1)) - (v_12 - 1)*(v_13*(v_1*(-v_3*(v_4 - 1)*(v_5 - 1)*(v_6 - 1)*(v_8 - 1)*(v_9 - 1) - v_4*(v_6 - 1)*(v_8 - 1)*(v_9 - 1) + v_5*(v_4 - 1)*(v_6 - 1)*(v_8 - 1)*(v_9 - 1) - v_6*(v_8 - 1) + v_7*(v_3 - 1)*(v_4 - 1)*(v_5 - 1)*(v_6 - 1)*(v_8 - 1)*(v_9 - 1) + v_8 + v_9*(v_6 - 1)*(v_8 - 1)) - (v_1 - 1)*(-v_3*(v_4 - 1)*(v_5 - 1)*(v_6 - 1)*(v_8 - 1)*(v_9 - 1) - v_4*(v_6 - 1)*(v_8 - 1)*(v_9 - 1) + v_5*(v_4 - 1)*(v_6 - 1)*(v_8 - 1)*(v_9 - 1) - v_6*(v_8 - 1) + v_7*(v_3 - 1)*(v_4 - 1)*(v_5 - 1)*(v_6 - 1)*(v_8 - 1)*(v_9 - 1) + v_8 + v_9*(v_6 - 1)*(v_8 - 1)) - (v_3 - 1)*(v_4 - 1)*(v_5 - 1)*(v_6 - 1)*(v_7 - 1)*(v_8 - 1)*(v_9 - 1)) - (v_13 - 1)*(v_14*(v_1*(-v_3*(v_4 - 1)*(v_5 - 1)*(v_6 - 1)*(v_8 - 1)*(v_9 - 1) - v_4*(v_6 - 1)*(v_8 - 1)*(v_9 - 1) + v_5*(v_4 - 1)*(v_6 - 1)*(v_8 - 1)*(v_9 - 1) - v_6*(v_8 - 1) + v_7*(v_3 - 1)*(v_4 - 1)*(v_5 - 1)*(v_6 - 1)*(v_8 - 1)*(v_9 - 1) + v_8 + v_9*(v_6 - 1)*(v_8 - 1)) - (v_1 - 1)*(-v_3*(v_4 - 1)*(v_5 - 1)*(v_6 - 1)*(v_8 - 1)*(v_9 - 1) - v_4*(v_6 - 1)*(v_8 - 1)*(v_9 - 1) + v_5*(v_4 - 1)*(v_6 - 1)*(v_8 - 1)*(v_9 - 1) - v_6*(v_8 - 1) + v_7*(v_3 - 1)*(v_4 - 1)*(v_5 - 1)*(v_6 - 1)*(v_8 - 1)*(v_9 - 1) + v_8 + v_9*(v_6 - 1)*(v_8 - 1)) - (v_3 - 1)*(v_4 - 1)*(v_5 - 1)*(v_6 - 1)*(v_7 - 1)*(v_8 - 1)*(v_9 - 1)) - (v_14 - 1)*(-v_15*(-v_1*(-v_3*(v_4 - 1)*(v_5 - 1)*(v_6 - 1)*(v_8 - 1)*(v_9 - 1) - v_4*(v_6 - 1)*(v_8 - 1)*(v_9 - 1) + v_5*(v_4 - 1)*(v_6 - 1)*(v_8 - 1)*(v_9 - 1) - v_6*(v_8 - 1) + v_7*(v_3 - 1)*(v_4 - 1)*(v_5 - 1)*(v_6 - 1)*(v_8 - 1)*(v_9 - 1) + v_8 + v_9*(v_6 - 1)*(v_8 - 1)) + (v_1 - 1)*(-v_3*(v_4 - 1)*(v_5 - 1)*(v_6 - 1)*(v_8 - 1)*(v_9 - 1) - v_4*(v_6 - 1)*(v_8 - 1)*(v_9 - 1) + v_5*(v_4 - 1)*(v_6 - 1)*(v_8 - 1)*(v_9 - 1) - v_6*(v_8 - 1) + v_7*(v_3 - 1)*(v_4 - 1)*(v_5 - 1)*(v_6 - 1)*(v_8 - 1)*(v_9 - 1) + v_8 + v_9*(v_6 - 1)*(v_8 - 1)) + (v_3 - 1)*(v_4 - 1)*(v_5 - 1)*(v_6 - 1)*(v_7 - 1)*(v_8 - 1)*(v_9 - 1)) + (v_15 - 1)*(v_16*(-v_1*(-v_3*(v_4 - 1)*(v_5 - 1)*(v_6 - 1)*(v_8 - 1)*(v_9 - 1) - v_4*(v_6 - 1)*(v_8 - 1)*(v_9 - 1) + v_5*(v_4 - 1)*(v_6 - 1)*(v_8 - 1)*(v_9 - 1) - v_6*(v_8 - 1) + v_7*(v_3 - 1)*(v_4 - 1)*(v_5 - 1)*(v_6 - 1)*(v_8 - 1)*(v_9 - 1) + v_8 + v_9*(v_6 - 1)*(v_8 - 1)) + (v_1 - 1)*(-v_3*(v_4 - 1)*(v_5 - 1)*(v_6 - 1)*(v_8 - 1)*(v_9 - 1) - v_4*(v_6 - 1)*(v_8 - 1)*(v_9 - 1) + v_5*(v_4 - 1)*(v_6 - 1)*(v_8 - 1)*(v_9 - 1) - v_6*(v_8 - 1) + v_7*(v_3 - 1)*(v_4 - 1)*(v_5 - 1)*(v_6 - 1)*(v_8 - 1)*(v_9 - 1) + v_8 + v_9*(v_6 - 1)*(v_8 - 1)) + (v_3 - 1)*(v_4 - 1)*(v_5 - 1)*(v_6 - 1)*(v_7 - 1)*(v_8 - 1)*(v_9 - 1)) - (v_16 - 1)*(v_17*(-v_1*(-v_3*(v_4 - 1)*(v_5 - 1)*(v_6 - 1)*(v_8 - 1)*(v_9 - 1) - v_4*(v_6 - 1)*(v_8 - 1)*(v_9 - 1) + v_5*(v_4 - 1)*(v_6 - 1)*(v_8 - 1)*(v_9 - 1) - v_6*(v_8 - 1) + v_7*(v_3 - 1)*(v_4 - 1)*(v_5 - 1)*(v_6 - 1)*(v_8 - 1)*(v_9 - 1) + v_8 + v_9*(v_6 - 1)*(v_8 - 1)) + (v_1 - 1)*(-v_3*(v_4 - 1)*(v_5 - 1)*(v_6 - 1)*(v_8 - 1)*(v_9 - 1) - v_4*(v_6 - 1)*(v_8 - 1)*(v_9 - 1) + v_5*(v_4 - 1)*(v_6 - 1)*(v_8 - 1)*(v_9 - 1) - v_6*(v_8 - 1) + v_7*(v_3 - 1)*(v_4 - 1)*(v_5 - 1)*(v_6 - 1)*(v_8 - 1)*(v_9 - 1) + v_8 + v_9*(v_6 - 1)*(v_8 - 1)) + (v_3 - 1)*(v_4 - 1)*(v_5 - 1)*(v_6 - 1)*(v_7 - 1)*(v_8 - 1)*(v_9 - 1)) - (v_17 - 1)*(v_1*(v_3 - 1)*(v_4 - 1)*(v_5 - 1)*(v_6 - 1)*(v_7 - 1)*(v_8 - 1)*(v_9 - 1) - v_1*(-v_3*(v_4 - 1)*(v_5 - 1)*(v_6 - 1)*(v_8 - 1)*(v_9 - 1) - v_4*(v_6 - 1)*(v_8 - 1)*(v_9 - 1) + v_5*(v_4 - 1)*(v_6 - 1)*(v_8 - 1)*(v_9 - 1) - v_6*(v_8 - 1) + v_7*(v_3 - 1)*(v_4 - 1)*(v_5 - 1)*(v_6 - 1)*(v_8 - 1)*(v_9 - 1) + v_8 + v_9*(v_6 - 1)*(v_8 - 1)) + (v_1 - 1)*(-v_3*(v_4 - 1)*(v_5 - 1)*(v_6 - 1)*(v_8 - 1)*(v_9 - 1) - v_4*(v_6 - 1)*(v_8 - 1)*(v_9 - 1) + v_5*(v_4 - 1)*(v_6 - 1)*(v_8 - 1)*(v_9 - 1) - v_6*(v_8 - 1) + v_7*(v_3 - 1)*(v_4 - 1)*(v_5 - 1)*(v_6 - 1)*(v_8 - 1)*(v_9 - 1) + v_8 + v_9*(v_6 - 1)*(v_8 - 1)))))))))
Post simplification
symp_time: 203.41874933242798
number of sums: 72
number of subs: 474
number of prods: 415
opt_time: 0.27558183670043945
     fun: 1.1207941595395516
   maxcv: 6.938893903907228e-17
 message: 'Optimization terminated successfully.'
    nfev: 107
  status: 1
 success: True
       x: array([0.05      , 0.05      , 0.05      , 0.05      , 0.05      ,
       0.05      , 0.05      , 0.25      , 0.22079416, 0.05      ,
       0.05      , 0.05      , 0.05      , 0.05      , 0.05      ])

real	3m29.189s
user	3m27.767s
sys	0m0.835s
Ended at: 
Thu Dec  7 18:07:13 CET 2023
