Started at: 
Thu Dec  7 17:54:42 CET 2023
Instance: 2
[INFO] aspmc: Tree Decomposition #bags: 20 unfolded treewidth: 4 #vertices: 27
[INFO] aspmc: Preprocessing disabled
[INFO] aspmc:    Stats Compilation
[INFO] aspmc: ------------------------------------------------------------
[INFO] aspmc: X/D-Constrained Tree Decomposition #bags: 28 treewidth: 10 #vertices: 38
[INFO] aspmc: Dtree time:               2.021721601486206
[INFO] aspmc: Compilation time:         0.01774764060974121
[INFO] aspmc: Preparation time:         9.322166442871094e-05
[INFO] aspmc: Counting time:            0.3032979965209961
[INFO] aspmc: ------------------------------------------------------------
[0.03::a0., 0.03::a1., 0.03::a2., 0.03::a3., 0.03::a4., 0.03::a5., 0.03::a6., 0.03::a7., 0.03::a8., 0.03::a9., qr:-a0., qr:-a1,not nqr., nqr:-a1,not qr., qr:-a2., qr:-a3,not nqr., nqr:-a3,not qr., qr:-a4., qr:-a5,not nqr., nqr:-a5,not qr., qr:-a6., qr:-a7,not nqr., nqr:-a7,not qr., qr:-a8., qr:-a9,not nqr., nqr:-a9,not qr., query(qr).]
tracc
nnf_construction_time: 3.446187734603882
Pre simplification
number of sums: 767
number of prods: 1055
len(eq): 63
1.0*v_7 - (0.783743359437696*v_1 + 0.216256640562304)*(v_7 - 1)
Post simplification
symp_time: 0.4529855251312256
number of sums: 1
number of subs: 2
number of prods: 3
opt_time: 0.002705097198486328
     fun: 0.632631377376426
   maxcv: 0.06634064220740066
 message: 'Did not converge to a solution satisfying the constraints. See `maxcv` for magnitude of violation.'
    nfev: 15
  status: 4
 success: False
       x: array([0.31631569, 0.31631569])

real	0m5.039s
user	0m4.284s
sys	0m0.601s
Instance: 3
[INFO] aspmc: Tree Decomposition #bags: 20 unfolded treewidth: 4 #vertices: 27
[INFO] aspmc: Preprocessing disabled
[INFO] aspmc:    Stats Compilation
[INFO] aspmc: ------------------------------------------------------------
[INFO] aspmc: X/D-Constrained Tree Decomposition #bags: 28 treewidth: 10 #vertices: 38
[INFO] aspmc: Dtree time:               2.0220484733581543
[INFO] aspmc: Compilation time:         0.019295692443847656
[INFO] aspmc: Preparation time:         9.489059448242188e-05
[INFO] aspmc: Counting time:            0.32817912101745605
[INFO] aspmc: ------------------------------------------------------------
[0.03::a0., 0.03::a1., 0.03::a2., 0.03::a3., 0.03::a4., 0.03::a5., 0.03::a6., 0.03::a7., 0.03::a8., 0.03::a9., qr:-a0., qr:-a1,not nqr., nqr:-a1,not qr., qr:-a2., qr:-a3,not nqr., nqr:-a3,not qr., qr:-a4., qr:-a5,not nqr., nqr:-a5,not qr., qr:-a6., qr:-a7,not nqr., nqr:-a7,not qr., qr:-a8., qr:-a9,not nqr., nqr:-a9,not qr., query(qr).]
tracc
nnf_construction_time: 3.4716994762420654
Pre simplification
number of sums: 767
number of prods: 1055
len(eq): 95
1.0*v_7 - (v_7 - 1)*(-0.80798284478113*v_1*(v_3 - 1) + 0.80798284478113*v_3 + 0.19201715521887)
Post simplification
symp_time: 0.534398078918457
number of sums: 2
number of subs: 4
number of prods: 5
opt_time: 0.008194923400878906
     fun: 0.802577049497349
   maxcv: 0.017526037690814178
 message: 'Did not converge to a solution satisfying the constraints. See `maxcv` for magnitude of violation.'
    nfev: 24
  status: 4
 success: False
       x: array([0.26752568, 0.26752568, 0.26752568])

real	0m5.103s
user	0m4.346s
sys	0m0.585s
Instance: 4
[INFO] aspmc: Tree Decomposition #bags: 20 unfolded treewidth: 4 #vertices: 27
[INFO] aspmc: Preprocessing disabled
[INFO] aspmc:    Stats Compilation
[INFO] aspmc: ------------------------------------------------------------
[INFO] aspmc: X/D-Constrained Tree Decomposition #bags: 28 treewidth: 10 #vertices: 38
[INFO] aspmc: Dtree time:               2.024712324142456
[INFO] aspmc: Compilation time:         0.01824808120727539
[INFO] aspmc: Preparation time:         9.72747802734375e-05
[INFO] aspmc: Counting time:            0.2991151809692383
[INFO] aspmc: ------------------------------------------------------------
[0.03::a0., 0.03::a1., 0.03::a2., 0.03::a3., 0.03::a4., 0.03::a5., 0.03::a6., 0.03::a7., 0.03::a8., 0.03::a9., qr:-a0., qr:-a1,not nqr., nqr:-a1,not qr., qr:-a2., qr:-a3,not nqr., nqr:-a3,not qr., qr:-a4., qr:-a5,not nqr., nqr:-a5,not qr., qr:-a6., qr:-a7,not nqr., nqr:-a7,not qr., qr:-a8., qr:-a9,not nqr., nqr:-a9,not qr., query(qr).]
tracc
nnf_construction_time: 3.4489433765411377
Pre simplification
number of sums: 767
number of prods: 1055
len(eq): 111
1.0*v_7 - (v_7 - 1)*(1.0*v_9 - (v_9 - 1)*(-0.832972004929*v_1*(v_3 - 1) + 0.832972004929*v_3 + 0.167027995071))
Post simplification
symp_time: 0.5722641944885254
number of sums: 2
number of subs: 6
number of prods: 7
opt_time: 0.02520608901977539
     fun: 0.8995398636225609
   maxcv: 0.0
 message: 'Optimization terminated successfully.'
    nfev: 50
  status: 1
 success: True
       x: array([0.20959123, 0.19004227, 0.24990637, 0.25      ])

real	0m5.152s
user	0m4.366s
sys	0m0.615s
Instance: 5
[INFO] aspmc: Tree Decomposition #bags: 20 unfolded treewidth: 4 #vertices: 27
[INFO] aspmc: Preprocessing disabled
[INFO] aspmc:    Stats Compilation
[INFO] aspmc: ------------------------------------------------------------
[INFO] aspmc: X/D-Constrained Tree Decomposition #bags: 28 treewidth: 10 #vertices: 38
[INFO] aspmc: Dtree time:               2.0220677852630615
[INFO] aspmc: Compilation time:         0.01809239387512207
[INFO] aspmc: Preparation time:         9.274482727050781e-05
[INFO] aspmc: Counting time:            0.2943544387817383
[INFO] aspmc: ------------------------------------------------------------
[0.03::a0., 0.03::a1., 0.03::a2., 0.03::a3., 0.03::a4., 0.03::a5., 0.03::a6., 0.03::a7., 0.03::a8., 0.03::a9., qr:-a0., qr:-a1,not nqr., nqr:-a1,not qr., qr:-a2., qr:-a3,not nqr., nqr:-a3,not qr., qr:-a4., qr:-a5,not nqr., nqr:-a5,not qr., qr:-a6., qr:-a7,not nqr., nqr:-a7,not qr., qr:-a8., qr:-a9,not nqr., nqr:-a9,not qr., query(qr).]
tracc
nnf_construction_time: 3.4378175735473633
Pre simplification
number of sums: 767
number of prods: 1055
len(eq): 368
v_7*(1.0*v_3*(0.9409*v_4 + 0.0591) - 0.9409*v_4 - 1.0*(v_3 - 1)*(0.9409*v_4 + 0.0591) + 0.9409) - (v_7 - 1)*(v_9*(1.0*v_3*(0.9409*v_4 + 0.0591) - 0.9409*v_4 - 1.0*(v_3 - 1)*(0.9409*v_4 + 0.0591) + 0.9409) - (v_9 - 1)*(1.0*v_3*(0.9409*v_4 + 0.0591) - 0.0821659743*v_4 - 1.0*(v_3 - 1)*(0.9409*v_4 + 0.0591) + 0.8587340257*(v_4 - 1)*(v_1*(v_3 - 1) - v_3) + 0.0821659743))
Post simplification
symp_time: 0.8967735767364502
number of sums: 10
number of subs: 16
number of prods: 28
opt_time: 0.031198978424072266
     fun: 0.9457989173312354
   maxcv: 9.227506869713409e-09
 message: 'Optimization terminated successfully.'
    nfev: 38
  status: 1
 success: True
       x: array([0.15315978, 0.15315978, 0.21315978, 0.21315978, 0.21315978])

real	0m5.452s
user	0m4.684s
sys	0m0.594s
Instance: 6
[INFO] aspmc: Tree Decomposition #bags: 20 unfolded treewidth: 4 #vertices: 27
[INFO] aspmc: Preprocessing disabled
[INFO] aspmc:    Stats Compilation
[INFO] aspmc: ------------------------------------------------------------
[INFO] aspmc: X/D-Constrained Tree Decomposition #bags: 28 treewidth: 10 #vertices: 38
[INFO] aspmc: Dtree time:               2.021968364715576
[INFO] aspmc: Compilation time:         0.018152952194213867
[INFO] aspmc: Preparation time:         9.298324584960938e-05
[INFO] aspmc: Counting time:            0.3022935390472412
[INFO] aspmc: ------------------------------------------------------------
[0.03::a0., 0.03::a1., 0.03::a2., 0.03::a3., 0.03::a4., 0.03::a5., 0.03::a6., 0.03::a7., 0.03::a8., 0.03::a9., qr:-a0., qr:-a1,not nqr., nqr:-a1,not qr., qr:-a2., qr:-a3,not nqr., nqr:-a3,not qr., qr:-a4., qr:-a5,not nqr., nqr:-a5,not qr., qr:-a6., qr:-a7,not nqr., nqr:-a7,not qr., qr:-a8., qr:-a9,not nqr., nqr:-a9,not qr., query(qr).]
tracc
nnf_construction_time: 3.4470465183258057
Pre simplification
number of sums: 767
number of prods: 1055
len(eq): 474
v_7*(1.0*v_3*(0.9409*v_4 + 0.0591) - 0.9409*v_4 - 1.0*(v_3 - 1)*(0.9409*v_4 + 0.0591) + 0.9409) - (v_7 - 1)*(v_9*(1.0*v_3*(0.9409*v_4 + 0.0591) - 0.9409*v_4 - 1.0*(v_3 - 1)*(0.9409*v_4 + 0.0591) + 0.9409) - (v_9 - 1)*(v_10*(1.0*v_3*(0.9409*v_4 + 0.0591) - 0.9409*v_4 - 1.0*(v_3 - 1)*(0.9409*v_4 + 0.0591) + 0.9409) - (v_10 - 1)*(1.0*v_3*(0.9409*v_4 + 0.0591) - 0.05560719*v_4 - 1.0*(v_3 - 1)*(0.9409*v_4 + 0.0591) + 0.88529281*(v_4 - 1)*(v_1*(v_3 - 1) - v_3) + 0.05560719)))
Post simplification
symp_time: 1.2766368389129639
number of sums: 13
number of subs: 21
number of prods: 37
opt_time: 0.07039690017700195
     fun: 0.9872572916767625
   maxcv: 2.7755575615628914e-17
 message: 'Optimization terminated successfully.'
    nfev: 56
  status: 1
 success: True
       x: array([0.20454288, 0.14454288, 0.14454288, 0.20454288, 0.14454288,
       0.14454288])

real	0m5.851s
user	0m5.085s
sys	0m0.599s
Instance: 7
[INFO] aspmc: Tree Decomposition #bags: 20 unfolded treewidth: 4 #vertices: 27
[INFO] aspmc: Preprocessing disabled
[INFO] aspmc:    Stats Compilation
[INFO] aspmc: ------------------------------------------------------------
[INFO] aspmc: X/D-Constrained Tree Decomposition #bags: 28 treewidth: 10 #vertices: 38
[INFO] aspmc: Dtree time:               2.022049903869629
[INFO] aspmc: Compilation time:         0.018202543258666992
[INFO] aspmc: Preparation time:         8.368492126464844e-05
[INFO] aspmc: Counting time:            0.2945699691772461
[INFO] aspmc: ------------------------------------------------------------
[0.03::a0., 0.03::a1., 0.03::a2., 0.03::a3., 0.03::a4., 0.03::a5., 0.03::a6., 0.03::a7., 0.03::a8., 0.03::a9., qr:-a0., qr:-a1,not nqr., nqr:-a1,not qr., qr:-a2., qr:-a3,not nqr., nqr:-a3,not qr., qr:-a4., qr:-a5,not nqr., nqr:-a5,not qr., qr:-a6., qr:-a7,not nqr., nqr:-a7,not qr., qr:-a8., qr:-a9,not nqr., nqr:-a9,not qr., query(qr).]
tracc
nnf_construction_time: 3.4390902519226074
Pre simplification
number of sums: 767
number of prods: 1055
len(eq): 634
v_7*(1.0*v_3*(0.97*v_4 - 0.97*v_5*(v_4 - 1) + 0.03) - 1.0*(v_3 - 1)*(0.97*v_4 - 0.97*v_5*(v_4 - 1) + 0.03) + 0.97*(v_4 - 1)*(v_5 - 1)) - (v_7 - 1)*(v_9*(1.0*v_3*(0.97*v_4 - 0.97*v_5*(v_4 - 1) + 0.03) - 1.0*(v_3 - 1)*(0.97*v_4 - 0.97*v_5*(v_4 - 1) + 0.03) + 0.97*(v_4 - 1)*(v_5 - 1)) - (v_9 - 1)*(v_10*(1.0*v_3*(0.97*v_4 - 0.97*v_5*(v_4 - 1) + 0.03) - 1.0*(v_3 - 1)*(0.97*v_4 - 0.97*v_5*(v_4 - 1) + 0.03) + 0.97*(v_4 - 1)*(v_5 - 1)) - (v_10 - 1)*(1.0*v_3*(0.97*v_4 - 0.97*v_5*(v_4 - 1) + 0.03) - 1.0*(v_3 - 1)*(0.97*v_4 - 0.97*v_5*(v_4 - 1) + 0.03) - 0.912673*(v_4 - 1)*(v_5 - 1)*(v_1*(v_3 - 1) - v_3) + 0.057327*(v_4 - 1)*(v_5 - 1))))
Post simplification
symp_time: 1.8568859100341797
number of sums: 12
number of subs: 43
number of prods: 58
opt_time: 0.11008810997009277
     fun: 1.0250885986162674
   maxcv: 0.0
 message: 'Optimization terminated successfully.'
    nfev: 67
  status: 1
 success: True
       x: array([0.17213889, 0.11215829, 0.11215829, 0.17215829, 0.11215829,
       0.17215829, 0.17215829])

real	0m6.449s
user	0m5.675s
sys	0m0.622s
Instance: 8
[INFO] aspmc: Tree Decomposition #bags: 20 unfolded treewidth: 4 #vertices: 27
[INFO] aspmc: Preprocessing disabled
[INFO] aspmc:    Stats Compilation
[INFO] aspmc: ------------------------------------------------------------
[INFO] aspmc: X/D-Constrained Tree Decomposition #bags: 28 treewidth: 10 #vertices: 38
[INFO] aspmc: Dtree time:               2.022104263305664
[INFO] aspmc: Compilation time:         0.01943516731262207
[INFO] aspmc: Preparation time:         9.226799011230469e-05
[INFO] aspmc: Counting time:            0.296588659286499
[INFO] aspmc: ------------------------------------------------------------
[0.03::a0., 0.03::a1., 0.03::a2., 0.03::a3., 0.03::a4., 0.03::a5., 0.03::a6., 0.03::a7., 0.03::a8., 0.03::a9., qr:-a0., qr:-a1,not nqr., nqr:-a1,not qr., qr:-a2., qr:-a3,not nqr., nqr:-a3,not qr., qr:-a4., qr:-a5,not nqr., nqr:-a5,not qr., qr:-a6., qr:-a7,not nqr., nqr:-a7,not qr., qr:-a8., qr:-a9,not nqr., nqr:-a9,not qr., query(qr).]
tracc
nnf_construction_time: 3.4444093704223633
Pre simplification
number of sums: 767
number of prods: 1055
len(eq): 781
v_7*(1.0*v_3*(0.97*v_4 - 0.97*v_5*(v_4 - 1) + 0.03) - 1.0*(v_3 - 1)*(0.97*v_4 - 0.97*v_5*(v_4 - 1) + 0.03) + 0.97*(v_4 - 1)*(v_5 - 1)) - (v_7 - 1)*(v_9*(1.0*v_3*(0.97*v_4 - 0.97*v_5*(v_4 - 1) + 0.03) - 1.0*(v_3 - 1)*(0.97*v_4 - 0.97*v_5*(v_4 - 1) + 0.03) + 0.97*(v_4 - 1)*(v_5 - 1)) - (v_9 - 1)*(v_10*(1.0*v_3*(0.97*v_4 - 0.97*v_5*(v_4 - 1) + 0.03) - 1.0*(v_3 - 1)*(0.97*v_4 - 0.97*v_5*(v_4 - 1) + 0.03) + 0.97*(v_4 - 1)*(v_5 - 1)) - (v_10 - 1)*(v_11*(1.0*v_3*(0.97*v_4 - 0.97*v_5*(v_4 - 1) + 0.03) - 1.0*(v_3 - 1)*(0.97*v_4 - 0.97*v_5*(v_4 - 1) + 0.03) + 0.97*(v_4 - 1)*(v_5 - 1)) - (v_11 - 1)*(1.0*v_3*(0.97*v_4 - 0.97*v_5*(v_4 - 1) + 0.03) - 1.0*(v_3 - 1)*(0.97*v_4 - 0.97*v_5*(v_4 - 1) + 0.03) - 0.9409*(v_4 - 1)*(v_5 - 1)*(v_1*(v_3 - 1) - v_3) + 0.0291*(v_4 - 1)*(v_5 - 1)))))
Post simplification
symp_time: 3.6767044067382812
number of sums: 15
number of subs: 53
number of prods: 72
opt_time: 0.13849139213562012
     fun: 1.061210061877556
   maxcv: 2.7755575615628914e-17
 message: 'Optimization terminated successfully.'
    nfev: 64
  status: 1
 success: True
       x: array([0.17015123, 0.17015123, 0.17015123, 0.11015128, 0.11015123,
       0.11015123, 0.11015142, 0.11015123])

real	0m8.350s
user	0m7.557s
sys	0m0.627s
Instance: 9
[INFO] aspmc: Tree Decomposition #bags: 20 unfolded treewidth: 4 #vertices: 27
[INFO] aspmc: Preprocessing disabled
[INFO] aspmc:    Stats Compilation
[INFO] aspmc: ------------------------------------------------------------
[INFO] aspmc: X/D-Constrained Tree Decomposition #bags: 28 treewidth: 10 #vertices: 38
[INFO] aspmc: Dtree time:               2.0218639373779297
[INFO] aspmc: Compilation time:         0.01797175407409668
[INFO] aspmc: Preparation time:         9.131431579589844e-05
[INFO] aspmc: Counting time:            0.341724157333374
[INFO] aspmc: ------------------------------------------------------------
[0.03::a0., 0.03::a1., 0.03::a2., 0.03::a3., 0.03::a4., 0.03::a5., 0.03::a6., 0.03::a7., 0.03::a8., 0.03::a9., qr:-a0., qr:-a1,not nqr., nqr:-a1,not qr., qr:-a2., qr:-a3,not nqr., nqr:-a3,not qr., qr:-a4., qr:-a5,not nqr., nqr:-a5,not qr., qr:-a6., qr:-a7,not nqr., nqr:-a7,not qr., qr:-a8., qr:-a9,not nqr., nqr:-a9,not qr., query(qr).]
tracc
nnf_construction_time: 3.4895195960998535
Pre simplification
number of sums: 767
number of prods: 1055
len(eq): 897
1.0*v_7*(v_3*(v_4 + v_5*(v_4 - 1)*(v_6 - 1) - v_6*(v_4 - 1)) - (v_3 - 1)*(v_4 + v_5*(v_4 - 1)*(v_6 - 1) - v_6*(v_4 - 1)) - (v_4 - 1)*(v_5 - 1)*(v_6 - 1)) - (v_7 - 1)*(-1.0*v_9*(-v_3*(v_4 + v_5*(v_4 - 1)*(v_6 - 1) - v_6*(v_4 - 1)) + (v_3 - 1)*(v_4 + v_5*(v_4 - 1)*(v_6 - 1) - v_6*(v_4 - 1)) + (v_4 - 1)*(v_5 - 1)*(v_6 - 1)) + (v_9 - 1)*(1.0*v_10*(-v_3*(v_4 + v_5*(v_4 - 1)*(v_6 - 1) - v_6*(v_4 - 1)) + (v_3 - 1)*(v_4 + v_5*(v_4 - 1)*(v_6 - 1) - v_6*(v_4 - 1)) + (v_4 - 1)*(v_5 - 1)*(v_6 - 1)) - (v_10 - 1)*(1.0*v_11*(-v_3*(v_4 + v_5*(v_4 - 1)*(v_6 - 1) - v_6*(v_4 - 1)) + (v_3 - 1)*(v_4 + v_5*(v_4 - 1)*(v_6 - 1) - v_6*(v_4 - 1)) + (v_4 - 1)*(v_5 - 1)*(v_6 - 1)) - (v_11 - 1)*(-1.0*v_3*(v_4 + v_5*(v_4 - 1)*(v_6 - 1) - v_6*(v_4 - 1)) + 1.0*(v_3 - 1)*(v_4 + v_5*(v_4 - 1)*(v_6 - 1) - v_6*(v_4 - 1)) + 0.97*(v_4 - 1)*(v_5 - 1)*(v_6 - 1)*(-v_1*(v_3 - 1) + v_3) + 0.03*(v_4 - 1)*(v_5 - 1)*(v_6 - 1)))))
Post simplification
symp_time: 7.497217178344727
number of sums: 21
number of subs: 79
number of prods: 70
opt_time: 0.2252211570739746
     fun: 1.095760560136414
   maxcv: 1.3877787807814457e-17
 message: 'Optimization terminated successfully.'
    nfev: 80
  status: 1
 success: True
       x: array([0.14821454, 0.08821454, 0.08821454, 0.14821454, 0.14821454,
       0.14821454, 0.14821454, 0.08821454, 0.09004421])

real	0m12.320s
user	0m11.490s
sys	0m0.652s
Instance: 10
[INFO] aspmc: Tree Decomposition #bags: 20 unfolded treewidth: 4 #vertices: 27
[INFO] aspmc: Preprocessing disabled
[INFO] aspmc:    Stats Compilation
[INFO] aspmc: ------------------------------------------------------------
[INFO] aspmc: X/D-Constrained Tree Decomposition #bags: 28 treewidth: 10 #vertices: 38
[INFO] aspmc: Dtree time:               2.0223324298858643
[INFO] aspmc: Compilation time:         0.017882347106933594
[INFO] aspmc: Preparation time:         8.606910705566406e-05
[INFO] aspmc: Counting time:            0.29235029220581055
[INFO] aspmc: ------------------------------------------------------------
[0.03::a0., 0.03::a1., 0.03::a2., 0.03::a3., 0.03::a4., 0.03::a5., 0.03::a6., 0.03::a7., 0.03::a8., 0.03::a9., qr:-a0., qr:-a1,not nqr., nqr:-a1,not qr., qr:-a2., qr:-a3,not nqr., nqr:-a3,not qr., qr:-a4., qr:-a5,not nqr., nqr:-a5,not qr., qr:-a6., qr:-a7,not nqr., nqr:-a7,not qr., qr:-a8., qr:-a9,not nqr., nqr:-a9,not qr., query(qr).]
tracc
nnf_construction_time: 3.43871808052063
Pre simplification
number of sums: 767
number of prods: 1055
len(eq): 997
v_7*(v_3*(v_4 + v_5*(v_4 - 1)*(v_6 - 1) - v_6*(v_4 - 1)) - (v_3 - 1)*(v_4 + v_5*(v_4 - 1)*(v_6 - 1) - v_6*(v_4 - 1)) - (v_4 - 1)*(v_5 - 1)*(v_6 - 1)) - (v_7 - 1)*(v_9*(v_3*(v_4 + v_5*(v_4 - 1)*(v_6 - 1) - v_6*(v_4 - 1)) - (v_3 - 1)*(v_4 + v_5*(v_4 - 1)*(v_6 - 1) - v_6*(v_4 - 1)) - (v_4 - 1)*(v_5 - 1)*(v_6 - 1)) - (v_9 - 1)*(-v_10*(-v_3*(v_4 + v_5*(v_4 - 1)*(v_6 - 1) - v_6*(v_4 - 1)) + (v_3 - 1)*(v_4 + v_5*(v_4 - 1)*(v_6 - 1) - v_6*(v_4 - 1)) + (v_4 - 1)*(v_5 - 1)*(v_6 - 1)) + (v_10 - 1)*(v_11*(-v_3*(v_4 + v_5*(v_4 - 1)*(v_6 - 1) - v_6*(v_4 - 1)) + (v_3 - 1)*(v_4 + v_5*(v_4 - 1)*(v_6 - 1) - v_6*(v_4 - 1)) + (v_4 - 1)*(v_5 - 1)*(v_6 - 1)) - (v_11 - 1)*(v_12*(-v_3*(v_4 + v_5*(v_4 - 1)*(v_6 - 1) - v_6*(v_4 - 1)) + (v_3 - 1)*(v_4 + v_5*(v_4 - 1)*(v_6 - 1) - v_6*(v_4 - 1)) + (v_4 - 1)*(v_5 - 1)*(v_6 - 1)) - (v_12 - 1)*(-v_3*(v_4 + v_5*(v_4 - 1)*(v_6 - 1) - v_6*(v_4 - 1)) + (v_3 - 1)*(v_4 + v_5*(v_4 - 1)*(v_6 - 1) - v_6*(v_4 - 1)) + (v_4 - 1)*(v_5 - 1)*(v_6 - 1)*(-v_1*(v_3 - 1) + v_3))))))
Post simplification
symp_time: 7.296221971511841
number of sums: 22
number of subs: 92
number of prods: 72
opt_time: 0.2892446517944336
     fun: 1.1292500849876848
   maxcv: 4.163336342344337e-17
 message: 'Optimization terminated successfully.'
    nfev: 84
  status: 1
 success: True
       x: array([0.14292629, 0.08292629, 0.08292629, 0.14292629, 0.08292629,
       0.08292629, 0.14292629, 0.14292629, 0.08300689, 0.14283288])

real	0m12.124s
user	0m11.326s
sys	0m0.622s
Ended at: 
Thu Dec  7 17:55:48 CET 2023
