Started at: 
Sat Dec  9 09:16:54 CET 2023
Instance 2
[INFO] aspmc: Tree Decomposition #bags: 33 unfolded treewidth: 3 #vertices: 35
[INFO] aspmc: Preprocessing disabled
[INFO] aspmc:    Stats Compilation
[INFO] aspmc: ------------------------------------------------------------
[INFO] aspmc: X/D-Constrained Tree Decomposition #bags: 47 treewidth: 10 #vertices: 76
[INFO] aspmc: Dtree time:               2.0315051078796387
[INFO] aspmc: Compilation time:         0.017219066619873047
[INFO] aspmc: Preparation time:         0.00012874603271484375
[INFO] aspmc: Counting time:            0.10756230354309082
[INFO] aspmc: ------------------------------------------------------------
[0.99::a0., 0.99::a1., 0.99::a2., 0.99::a3., 0.99::a4., 0.99::a5., 0.99::a6., 0.99::a7., 0.99::a8., 0.99::a9., 0.99::a10., 0.99::a11., 0.99::a12., 0.99::a13., 0.99::a14., 0.99::a15., 0.99::a16., 0.99::a17., 0.99::a18., 0.99::a19., 0.99::a20., 0.99::a21., 0.99::a22., 0.99::a23., 0.99::a24., 0.99::a25., 0.99::a26., 0.99::a27., 0.99::a28., 0.99::a29., qr:-a0,a2,a4,a6,a8,a10,a12,a14,a16,a18,a20,a22,a24,a26,a28., qr:-a1,a3,a5,a7,a9,a11,a13,a15,a17,a19,a21,a23,a25,a27,a29,not nqr., nqr:-a1,a3,a5,a7,a9,a11,a13,a15,a17,a19,a21,a23,a25,a27,a29,not qr., query(qr).]
tracc
nnf_construction_time: 3.2721493244171143
Pre simplification
number of sums: 2401
number of prods: 7921
0.868745812768978*v_15 - 0.868745812768978*v_31*(0.868745812768978*v_15 - 1.0)
Post simplification
symp_time: 1.1168618202209473
number of sums: 0
number of subs: 2
number of prods: 4
opt_time: 0.0026590824127197266
     fun: 1.0397220354109753
   maxcv: 3.3609449693550175e-05
 message: 'Optimization terminated successfully.'
    nfev: 15
  status: 1
 success: True
       x: array([0.48986102, 0.54986102])

real	0m5.680s
user	0m4.918s
sys	0m0.556s
Instance 3
[INFO] aspmc: Tree Decomposition #bags: 33 unfolded treewidth: 3 #vertices: 35
[INFO] aspmc: Preprocessing disabled
[INFO] aspmc:    Stats Compilation
[INFO] aspmc: ------------------------------------------------------------
[INFO] aspmc: X/D-Constrained Tree Decomposition #bags: 47 treewidth: 10 #vertices: 76
[INFO] aspmc: Dtree time:               2.0364813804626465
[INFO] aspmc: Compilation time:         0.01505136489868164
[INFO] aspmc: Preparation time:         0.00011181831359863281
[INFO] aspmc: Counting time:            0.10605502128601074
[INFO] aspmc: ------------------------------------------------------------
[0.99::a0., 0.99::a1., 0.99::a2., 0.99::a3., 0.99::a4., 0.99::a5., 0.99::a6., 0.99::a7., 0.99::a8., 0.99::a9., 0.99::a10., 0.99::a11., 0.99::a12., 0.99::a13., 0.99::a14., 0.99::a15., 0.99::a16., 0.99::a17., 0.99::a18., 0.99::a19., 0.99::a20., 0.99::a21., 0.99::a22., 0.99::a23., 0.99::a24., 0.99::a25., 0.99::a26., 0.99::a27., 0.99::a28., 0.99::a29., qr:-a0,a2,a4,a6,a8,a10,a12,a14,a16,a18,a20,a22,a24,a26,a28., qr:-a1,a3,a5,a7,a9,a11,a13,a15,a17,a19,a21,a23,a25,a27,a29,not nqr., nqr:-a1,a3,a5,a7,a9,a11,a13,a15,a17,a19,a21,a23,a25,a27,a29,not qr., query(qr).]
tracc
nnf_construction_time: 3.3511126041412354
Pre simplification
number of sums: 2401
number of prods: 7921
-0.762342714347103*v_14*v_15*v_31 + 0.877521022998968*v_14*v_15 + 0.868745812768978*v_31
Post simplification
symp_time: 1.1762926578521729
number of sums: 2
number of subs: 1
number of prods: 6
opt_time: 0.00610661506652832
     fun: 1.836671452223664
   maxcv: 0.0
 message: 'Optimization terminated successfully.'
    nfev: 20
  status: 1
 success: True
       x: array([0.59222382, 0.65222382, 0.59222382])

real	0m5.583s
user	0m4.920s
sys	0m0.462s
Instance 4
[INFO] aspmc: Tree Decomposition #bags: 33 unfolded treewidth: 3 #vertices: 35
[INFO] aspmc: Preprocessing disabled
[INFO] aspmc:    Stats Compilation
[INFO] aspmc: ------------------------------------------------------------
[INFO] aspmc: X/D-Constrained Tree Decomposition #bags: 47 treewidth: 10 #vertices: 76
[INFO] aspmc: Dtree time:               2.0313961505889893
[INFO] aspmc: Compilation time:         0.015152931213378906
[INFO] aspmc: Preparation time:         0.00012230873107910156
[INFO] aspmc: Counting time:            0.1058802604675293
[INFO] aspmc: ------------------------------------------------------------
[0.99::a0., 0.99::a1., 0.99::a2., 0.99::a3., 0.99::a4., 0.99::a5., 0.99::a6., 0.99::a7., 0.99::a8., 0.99::a9., 0.99::a10., 0.99::a11., 0.99::a12., 0.99::a13., 0.99::a14., 0.99::a15., 0.99::a16., 0.99::a17., 0.99::a18., 0.99::a19., 0.99::a20., 0.99::a21., 0.99::a22., 0.99::a23., 0.99::a24., 0.99::a25., 0.99::a26., 0.99::a27., 0.99::a28., 0.99::a29., qr:-a0,a2,a4,a6,a8,a10,a12,a14,a16,a18,a20,a22,a24,a26,a28., qr:-a1,a3,a5,a7,a9,a11,a13,a15,a17,a19,a21,a23,a25,a27,a29,not nqr., nqr:-a1,a3,a5,a7,a9,a11,a13,a15,a17,a19,a21,a23,a25,a27,a29,not qr., query(qr).]
tracc
nnf_construction_time: 3.2657248973846436
Pre simplification
number of sums: 2401
number of prods: 7921
-0.770043145805155*v_14*v_15*v_30*v_31 + 0.877521022998968*v_14*v_15 + 0.877521022998968*v_30*v_31
Post simplification
symp_time: 1.1770319938659668
number of sums: 2
number of subs: 1
number of prods: 8
opt_time: 0.012505531311035156
     fun: 2.8650412066727977
   maxcv: 0.0
 message: 'Optimization terminated successfully.'
    nfev: 26
  status: 1
 success: True
       x: array([0.6862603, 0.7462603, 0.6862603, 0.7462603])

real	0m5.514s
user	0m4.897s
sys	0m0.486s
Instance 5
[INFO] aspmc: Tree Decomposition #bags: 33 unfolded treewidth: 3 #vertices: 35
[INFO] aspmc: Preprocessing disabled
[INFO] aspmc:    Stats Compilation
[INFO] aspmc: ------------------------------------------------------------
[INFO] aspmc: X/D-Constrained Tree Decomposition #bags: 47 treewidth: 10 #vertices: 76
[INFO] aspmc: Dtree time:               2.0310401916503906
[INFO] aspmc: Compilation time:         0.01528310775756836
[INFO] aspmc: Preparation time:         0.00013494491577148438
[INFO] aspmc: Counting time:            0.10590839385986328
[INFO] aspmc: ------------------------------------------------------------
[0.99::a0., 0.99::a1., 0.99::a2., 0.99::a3., 0.99::a4., 0.99::a5., 0.99::a6., 0.99::a7., 0.99::a8., 0.99::a9., 0.99::a10., 0.99::a11., 0.99::a12., 0.99::a13., 0.99::a14., 0.99::a15., 0.99::a16., 0.99::a17., 0.99::a18., 0.99::a19., 0.99::a20., 0.99::a21., 0.99::a22., 0.99::a23., 0.99::a24., 0.99::a25., 0.99::a26., 0.99::a27., 0.99::a28., 0.99::a29., qr:-a0,a2,a4,a6,a8,a10,a12,a14,a16,a18,a20,a22,a24,a26,a28., qr:-a1,a3,a5,a7,a9,a11,a13,a15,a17,a19,a21,a23,a25,a27,a29,not nqr., nqr:-a1,a3,a5,a7,a9,a11,a13,a15,a17,a19,a21,a23,a25,a27,a29,not qr., query(qr).]
tracc
nnf_construction_time: 3.2669761180877686
Pre simplification
number of sums: 2401
number of prods: 7921
-0.777821359399147*v_13*v_14*v_15*v_30*v_31 + 0.886384871716129*v_13*v_14*v_15 + 0.877521022998968*v_30*v_31
Post simplification
symp_time: 1.2264761924743652
number of sums: 2
number of subs: 1
number of prods: 10
opt_time: 0.025434255599975586
     fun: 3.75827956836489
   maxcv: 5.551115123125783e-17
 message: 'Optimization terminated successfully.'
    nfev: 35
  status: 1
 success: True
       x: array([0.72765591, 0.78765591, 0.72765591, 0.78765591, 0.72765591])

real	0m5.567s
user	0m4.933s
sys	0m0.502s
Instance 6
[INFO] aspmc: Tree Decomposition #bags: 33 unfolded treewidth: 3 #vertices: 35
[INFO] aspmc: Preprocessing disabled
[INFO] aspmc:    Stats Compilation
[INFO] aspmc: ------------------------------------------------------------
[INFO] aspmc: X/D-Constrained Tree Decomposition #bags: 47 treewidth: 10 #vertices: 76
[INFO] aspmc: Dtree time:               2.031068801879883
[INFO] aspmc: Compilation time:         0.01586151123046875
[INFO] aspmc: Preparation time:         0.00013208389282226562
[INFO] aspmc: Counting time:            0.104827880859375
[INFO] aspmc: ------------------------------------------------------------
[0.99::a0., 0.99::a1., 0.99::a2., 0.99::a3., 0.99::a4., 0.99::a5., 0.99::a6., 0.99::a7., 0.99::a8., 0.99::a9., 0.99::a10., 0.99::a11., 0.99::a12., 0.99::a13., 0.99::a14., 0.99::a15., 0.99::a16., 0.99::a17., 0.99::a18., 0.99::a19., 0.99::a20., 0.99::a21., 0.99::a22., 0.99::a23., 0.99::a24., 0.99::a25., 0.99::a26., 0.99::a27., 0.99::a28., 0.99::a29., qr:-a0,a2,a4,a6,a8,a10,a12,a14,a16,a18,a20,a22,a24,a26,a28., qr:-a1,a3,a5,a7,a9,a11,a13,a15,a17,a19,a21,a23,a25,a27,a29,not nqr., nqr:-a1,a3,a5,a7,a9,a11,a13,a15,a17,a19,a21,a23,a25,a27,a29,not qr., query(qr).]
tracc
nnf_construction_time: 3.266831874847412
Pre simplification
number of sums: 2401
number of prods: 7921
-0.785678140807219*v_13*v_14*v_15*v_29*v_30*v_31 + 0.886384871716129*v_13*v_14*v_15 + 0.886384871716129*v_29*v_30*v_31
Post simplification
symp_time: 1.2897663116455078
number of sums: 2
number of subs: 1
number of prods: 12
opt_time: 0.04243969917297363
     fun: 4.779517943920523
   maxcv: 5.551115123125783e-17
 message: 'Optimization terminated successfully.'
    nfev: 44
  status: 1
 success: True
       x: array([0.76658632, 0.82658632, 0.76658632, 0.82658632, 0.76658632,
       0.82658632])

real	0m5.635s
user	0m5.019s
sys	0m0.490s
Instance 7
[INFO] aspmc: Tree Decomposition #bags: 33 unfolded treewidth: 3 #vertices: 35
[INFO] aspmc: Preprocessing disabled
[INFO] aspmc:    Stats Compilation
[INFO] aspmc: ------------------------------------------------------------
[INFO] aspmc: X/D-Constrained Tree Decomposition #bags: 47 treewidth: 10 #vertices: 76
[INFO] aspmc: Dtree time:               2.0309512615203857
[INFO] aspmc: Compilation time:         0.01582789421081543
[INFO] aspmc: Preparation time:         0.0001277923583984375
[INFO] aspmc: Counting time:            0.10892796516418457
[INFO] aspmc: ------------------------------------------------------------
[0.99::a0., 0.99::a1., 0.99::a2., 0.99::a3., 0.99::a4., 0.99::a5., 0.99::a6., 0.99::a7., 0.99::a8., 0.99::a9., 0.99::a10., 0.99::a11., 0.99::a12., 0.99::a13., 0.99::a14., 0.99::a15., 0.99::a16., 0.99::a17., 0.99::a18., 0.99::a19., 0.99::a20., 0.99::a21., 0.99::a22., 0.99::a23., 0.99::a24., 0.99::a25., 0.99::a26., 0.99::a27., 0.99::a28., 0.99::a29., qr:-a0,a2,a4,a6,a8,a10,a12,a14,a16,a18,a20,a22,a24,a26,a28., qr:-a1,a3,a5,a7,a9,a11,a13,a15,a17,a19,a21,a23,a25,a27,a29,not nqr., nqr:-a1,a3,a5,a7,a9,a11,a13,a15,a17,a19,a21,a23,a25,a27,a29,not qr., query(qr).]
tracc
nnf_construction_time: 3.2741949558258057
Pre simplification
number of sums: 2401
number of prods: 7921
-0.793614283643655*v_12*v_13*v_14*v_15*v_29*v_30*v_31 + 0.895338254258716*v_12*v_13*v_14*v_15 + 0.886384871716129*v_29*v_30*v_31
Post simplification
symp_time: 1.3203885555267334
number of sums: 2
number of subs: 1
number of prods: 14
opt_time: 0.07842183113098145
     fun: 5.698811985189727
   maxcv: 3.573896959829792e-05
 message: 'Optimization terminated successfully.'
    nfev: 56
  status: 1
 success: True
       x: array([0.78841424, 0.84840187, 0.78839854, 0.84840125, 0.78839969,
       0.84839817, 0.78839822])

real	0m5.694s
user	0m5.062s
sys	0m0.507s
Instance 8
[INFO] aspmc: Tree Decomposition #bags: 33 unfolded treewidth: 3 #vertices: 35
[INFO] aspmc: Preprocessing disabled
[INFO] aspmc:    Stats Compilation
[INFO] aspmc: ------------------------------------------------------------
[INFO] aspmc: X/D-Constrained Tree Decomposition #bags: 47 treewidth: 10 #vertices: 76
[INFO] aspmc: Dtree time:               2.0318851470947266
[INFO] aspmc: Compilation time:         0.015711069107055664
[INFO] aspmc: Preparation time:         0.00013065338134765625
[INFO] aspmc: Counting time:            0.11441946029663086
[INFO] aspmc: ------------------------------------------------------------
[0.99::a0., 0.99::a1., 0.99::a2., 0.99::a3., 0.99::a4., 0.99::a5., 0.99::a6., 0.99::a7., 0.99::a8., 0.99::a9., 0.99::a10., 0.99::a11., 0.99::a12., 0.99::a13., 0.99::a14., 0.99::a15., 0.99::a16., 0.99::a17., 0.99::a18., 0.99::a19., 0.99::a20., 0.99::a21., 0.99::a22., 0.99::a23., 0.99::a24., 0.99::a25., 0.99::a26., 0.99::a27., 0.99::a28., 0.99::a29., qr:-a0,a2,a4,a6,a8,a10,a12,a14,a16,a18,a20,a22,a24,a26,a28., qr:-a1,a3,a5,a7,a9,a11,a13,a15,a17,a19,a21,a23,a25,a27,a29,not nqr., nqr:-a1,a3,a5,a7,a9,a11,a13,a15,a17,a19,a21,a23,a25,a27,a29,not qr., query(qr).]
tracc
nnf_construction_time: 3.2710869312286377
Pre simplification
number of sums: 2401
number of prods: 7921
-0.801630589539046*v_12*v_13*v_14*v_15*v_28*v_29*v_30*v_31 + 3.08148791101958e-33*v_12*v_13*v_14*v_15*v_28*v_29 - 9.94025144705719e-17*v_12*v_13*v_14*v_15*v_28 - 2.77555756156289e-17*v_12*v_13*v_14*v_15*v_29 + 0.895338254258716*v_12*v_13*v_14*v_15 + 0.895338254258716*v_28*v_29*v_30*v_31
Post simplification
symp_time: 1.4484403133392334
number of sums: 3
number of subs: 6
number of prods: 32
opt_time: 0.12814950942993164
     fun: 6.7177853980292745
   maxcv: 5.551115123125783e-17
 message: 'Optimization terminated successfully.'
    nfev: 69
  status: 1
 success: True
       x: array([0.86972317, 0.80972317, 0.86972317, 0.80972317, 0.86972317,
       0.80972317, 0.86972317, 0.80972317])

real	0m5.858s
user	0m5.228s
sys	0m0.495s
Instance 9
[INFO] aspmc: Tree Decomposition #bags: 33 unfolded treewidth: 3 #vertices: 35
[INFO] aspmc: Preprocessing disabled
[INFO] aspmc:    Stats Compilation
[INFO] aspmc: ------------------------------------------------------------
[INFO] aspmc: X/D-Constrained Tree Decomposition #bags: 47 treewidth: 10 #vertices: 76
[INFO] aspmc: Dtree time:               2.031435012817383
[INFO] aspmc: Compilation time:         0.015624284744262695
[INFO] aspmc: Preparation time:         0.000133514404296875
[INFO] aspmc: Counting time:            0.10547947883605957
[INFO] aspmc: ------------------------------------------------------------
[0.99::a0., 0.99::a1., 0.99::a2., 0.99::a3., 0.99::a4., 0.99::a5., 0.99::a6., 0.99::a7., 0.99::a8., 0.99::a9., 0.99::a10., 0.99::a11., 0.99::a12., 0.99::a13., 0.99::a14., 0.99::a15., 0.99::a16., 0.99::a17., 0.99::a18., 0.99::a19., 0.99::a20., 0.99::a21., 0.99::a22., 0.99::a23., 0.99::a24., 0.99::a25., 0.99::a26., 0.99::a27., 0.99::a28., 0.99::a29., qr:-a0,a2,a4,a6,a8,a10,a12,a14,a16,a18,a20,a22,a24,a26,a28., qr:-a1,a3,a5,a7,a9,a11,a13,a15,a17,a19,a21,a23,a25,a27,a29,not nqr., nqr:-a1,a3,a5,a7,a9,a11,a13,a15,a17,a19,a21,a23,a25,a27,a29,not qr., query(qr).]
tracc
nnf_construction_time: 3.26102352142334
Pre simplification
number of sums: 2401
number of prods: 7921
-0.809727868221258*v_11*v_12*v_13*v_14*v_15*v_28*v_29*v_30*v_31 + 8.47409175530384e-33*v_11*v_12*v_13*v_14*v_15*v_28*v_29 - 1.00406580273305e-16*v_11*v_12*v_13*v_14*v_15*v_28 - 7.63278329429795e-17*v_11*v_12*v_13*v_14*v_15*v_29 + 0.904382075008804*v_11*v_12*v_13*v_14*v_15 + 0.895338254258716*v_28*v_29*v_30*v_31
Post simplification
symp_time: 1.4463081359863281
number of sums: 3
number of subs: 6
number of prods: 37
opt_time: 0.17667508125305176
     fun: 7.647348757152871
   maxcv: 2.7755575615628914e-16
 message: 'Optimization terminated successfully.'
    nfev: 71
  status: 1
 success: True
       x: array([0.82303875, 0.88303875, 0.82303875, 0.88303875, 0.82303875,
       0.88303875, 0.82303875, 0.88303875, 0.82303875])

real	0m5.903s
user	0m5.241s
sys	0m0.526s
Instance 10
[INFO] aspmc: Tree Decomposition #bags: 33 unfolded treewidth: 3 #vertices: 35
[INFO] aspmc: Preprocessing disabled
[INFO] aspmc:    Stats Compilation
[INFO] aspmc: ------------------------------------------------------------
[INFO] aspmc: X/D-Constrained Tree Decomposition #bags: 47 treewidth: 10 #vertices: 76
[INFO] aspmc: Dtree time:               2.0308682918548584
[INFO] aspmc: Compilation time:         0.015470743179321289
[INFO] aspmc: Preparation time:         0.00012922286987304688
[INFO] aspmc: Counting time:            0.10474729537963867
[INFO] aspmc: ------------------------------------------------------------
[0.99::a0., 0.99::a1., 0.99::a2., 0.99::a3., 0.99::a4., 0.99::a5., 0.99::a6., 0.99::a7., 0.99::a8., 0.99::a9., 0.99::a10., 0.99::a11., 0.99::a12., 0.99::a13., 0.99::a14., 0.99::a15., 0.99::a16., 0.99::a17., 0.99::a18., 0.99::a19., 0.99::a20., 0.99::a21., 0.99::a22., 0.99::a23., 0.99::a24., 0.99::a25., 0.99::a26., 0.99::a27., 0.99::a28., 0.99::a29., qr:-a0,a2,a4,a6,a8,a10,a12,a14,a16,a18,a20,a22,a24,a26,a28., qr:-a1,a3,a5,a7,a9,a11,a13,a15,a17,a19,a21,a23,a25,a27,a29,not nqr., nqr:-a1,a3,a5,a7,a9,a11,a13,a15,a17,a19,a21,a23,a25,a27,a29,not qr., query(qr).]
tracc
nnf_construction_time: 3.2568373680114746
Pre simplification
number of sums: 2401
number of prods: 7921
-0.817906937597231*v_11*v_12*v_13*v_14*v_15*v_27*v_28*v_29*v_30*v_31 + 8.47409175530384e-33*v_11*v_12*v_13*v_14*v_15*v_27*v_28*v_29 - 1.00406580273305e-16*v_11*v_12*v_13*v_14*v_15*v_27*v_28 - 7.63278329429795e-17*v_11*v_12*v_13*v_14*v_15*v_29 + 0.904382075008804*v_11*v_12*v_13*v_14*v_15 + 0.904382075008804*v_27*v_28*v_29*v_30*v_31
Post simplification
symp_time: 1.488452434539795
number of sums: 3
number of subs: 6
number of prods: 41
opt_time: 0.23289132118225098
     fun: 8.664510220405798
   maxcv: 2.920214559054557e-08
 message: 'Optimization terminated successfully.'
    nfev: 79
  status: 1
 success: True
       x: array([0.89645102, 0.83645102, 0.89645102, 0.83645102, 0.89645102,
       0.83645102, 0.89645102, 0.83645102, 0.89645102, 0.83645102])

real	0m5.992s
user	0m5.383s
sys	0m0.480s
Instance 11
[INFO] aspmc: Tree Decomposition #bags: 33 unfolded treewidth: 3 #vertices: 35
[INFO] aspmc: Preprocessing disabled
[INFO] aspmc:    Stats Compilation
[INFO] aspmc: ------------------------------------------------------------
[INFO] aspmc: X/D-Constrained Tree Decomposition #bags: 47 treewidth: 10 #vertices: 76
[INFO] aspmc: Dtree time:               2.0314855575561523
[INFO] aspmc: Compilation time:         0.015804767608642578
[INFO] aspmc: Preparation time:         0.00012445449829101562
[INFO] aspmc: Counting time:            0.10646629333496094
[INFO] aspmc: ------------------------------------------------------------
[0.99::a0., 0.99::a1., 0.99::a2., 0.99::a3., 0.99::a4., 0.99::a5., 0.99::a6., 0.99::a7., 0.99::a8., 0.99::a9., 0.99::a10., 0.99::a11., 0.99::a12., 0.99::a13., 0.99::a14., 0.99::a15., 0.99::a16., 0.99::a17., 0.99::a18., 0.99::a19., 0.99::a20., 0.99::a21., 0.99::a22., 0.99::a23., 0.99::a24., 0.99::a25., 0.99::a26., 0.99::a27., 0.99::a28., 0.99::a29., qr:-a0,a2,a4,a6,a8,a10,a12,a14,a16,a18,a20,a22,a24,a26,a28., qr:-a1,a3,a5,a7,a9,a11,a13,a15,a17,a19,a21,a23,a25,a27,a29,not nqr., nqr:-a1,a3,a5,a7,a9,a11,a13,a15,a17,a19,a21,a23,a25,a27,a29,not qr., query(qr).]
tracc
nnf_construction_time: 3.2599236965179443
Pre simplification
number of sums: 2401
number of prods: 7921
-0.826168623835587*v_10*v_11*v_12*v_13*v_14*v_15*v_27*v_28*v_29*v_30*v_31 + 1.04000216996911e-32*v_10*v_11*v_12*v_13*v_14*v_15*v_27*v_28*v_29 - 1.01420788154854e-16*v_10*v_11*v_12*v_13*v_14*v_15*v_27*v_28 - 9.36750677027476e-17*v_10*v_11*v_12*v_13*v_14*v_15*v_29 + 0.913517247483641*v_10*v_11*v_12*v_13*v_14*v_15 + 0.904382075008804*v_27*v_28*v_29*v_30*v_31
Post simplification
symp_time: 1.5299735069274902
number of sums: 3
number of subs: 6
number of prods: 46
opt_time: 0.28978872299194336
     fun: 9.598563703508864
   maxcv: 5.551115123125783e-17
 message: 'Optimization terminated successfully.'
    nfev: 75
  status: 1
 success: True
       x: array([0.90532397, 0.84532397, 0.90532397, 0.84532397, 0.90532397,
       0.84532397, 0.90532397, 0.84532397, 0.84532397, 0.90532397,
       0.84532397])

real	0m6.096s
user	0m5.435s
sys	0m0.521s
Instance 12
[INFO] aspmc: Tree Decomposition #bags: 33 unfolded treewidth: 3 #vertices: 35
[INFO] aspmc: Preprocessing disabled
[INFO] aspmc:    Stats Compilation
[INFO] aspmc: ------------------------------------------------------------
[INFO] aspmc: X/D-Constrained Tree Decomposition #bags: 47 treewidth: 10 #vertices: 76
[INFO] aspmc: Dtree time:               2.0316030979156494
[INFO] aspmc: Compilation time:         0.01598191261291504
[INFO] aspmc: Preparation time:         0.00011777877807617188
[INFO] aspmc: Counting time:            0.11336421966552734
[INFO] aspmc: ------------------------------------------------------------
[0.99::a0., 0.99::a1., 0.99::a2., 0.99::a3., 0.99::a4., 0.99::a5., 0.99::a6., 0.99::a7., 0.99::a8., 0.99::a9., 0.99::a10., 0.99::a11., 0.99::a12., 0.99::a13., 0.99::a14., 0.99::a15., 0.99::a16., 0.99::a17., 0.99::a18., 0.99::a19., 0.99::a20., 0.99::a21., 0.99::a22., 0.99::a23., 0.99::a24., 0.99::a25., 0.99::a26., 0.99::a27., 0.99::a28., 0.99::a29., qr:-a0,a2,a4,a6,a8,a10,a12,a14,a16,a18,a20,a22,a24,a26,a28., qr:-a1,a3,a5,a7,a9,a11,a13,a15,a17,a19,a21,a23,a25,a27,a29,not nqr., nqr:-a1,a3,a5,a7,a9,a11,a13,a15,a17,a19,a21,a23,a25,a27,a29,not qr., query(qr).]
tracc
nnf_construction_time: 3.2678229808807373
Pre simplification
number of sums: 2401
number of prods: 7921
-0.834513761450087*v_10*v_11*v_12*v_13*v_14*v_15*v_26*v_27*v_28*v_29*v_30*v_31 + 1.04000216996911e-32*v_10*v_11*v_12*v_13*v_14*v_15*v_27*v_28*v_29 - 1.01420788154854e-16*v_10*v_11*v_12*v_13*v_14*v_15*v_27*v_28 - 9.36750677027476e-17*v_10*v_11*v_12*v_13*v_14*v_15*v_29 + 0.913517247483641*v_10*v_11*v_12*v_13*v_14*v_15 + 0.913517247483641*v_26*v_27*v_28*v_29*v_30*v_31
Post simplification
symp_time: 1.5965418815612793
number of sums: 3
number of subs: 6
number of prods: 48
opt_time: 0.3957667350769043
     fun: 10.614237607089727
   maxcv: 5.551115123125783e-17
 message: 'Optimization terminated successfully.'
    nfev: 82
  status: 1
 success: True
       x: array([0.9145198, 0.8545198, 0.9145198, 0.8545198, 0.9145198, 0.8545198,
       0.9145198, 0.8545198, 0.9145198, 0.8545198, 0.9145198, 0.8545198])

real	0m6.257s
user	0m5.637s
sys	0m0.494s
Instance 13
[INFO] aspmc: Tree Decomposition #bags: 33 unfolded treewidth: 3 #vertices: 35
[INFO] aspmc: Preprocessing disabled
[INFO] aspmc:    Stats Compilation
[INFO] aspmc: ------------------------------------------------------------
[INFO] aspmc: X/D-Constrained Tree Decomposition #bags: 47 treewidth: 10 #vertices: 76
[INFO] aspmc: Dtree time:               2.0318055152893066
[INFO] aspmc: Compilation time:         0.016379356384277344
[INFO] aspmc: Preparation time:         0.00012373924255371094
[INFO] aspmc: Counting time:            0.10394406318664551
[INFO] aspmc: ------------------------------------------------------------
[0.99::a0., 0.99::a1., 0.99::a2., 0.99::a3., 0.99::a4., 0.99::a5., 0.99::a6., 0.99::a7., 0.99::a8., 0.99::a9., 0.99::a10., 0.99::a11., 0.99::a12., 0.99::a13., 0.99::a14., 0.99::a15., 0.99::a16., 0.99::a17., 0.99::a18., 0.99::a19., 0.99::a20., 0.99::a21., 0.99::a22., 0.99::a23., 0.99::a24., 0.99::a25., 0.99::a26., 0.99::a27., 0.99::a28., 0.99::a29., qr:-a0,a2,a4,a6,a8,a10,a12,a14,a16,a18,a20,a22,a24,a26,a28., qr:-a1,a3,a5,a7,a9,a11,a13,a15,a17,a19,a21,a23,a25,a27,a29,not nqr., nqr:-a1,a3,a5,a7,a9,a11,a13,a15,a17,a19,a21,a23,a25,a27,a29,not qr., query(qr).]
tracc
nnf_construction_time: 3.260430335998535
Pre simplification
number of sums: 2401
number of prods: 7921
-0.842943193383927*v_10*v_11*v_12*v_13*v_14*v_15*v_26*v_27*v_28*v_29*v_30*v_31*v_9 + 3.46667389989702e-33*v_10*v_11*v_12*v_13*v_14*v_15*v_27*v_28*v_29*v_9 - 1.02445240560458e-16*v_10*v_11*v_12*v_13*v_14*v_15*v_27*v_28*v_9 - 3.12250225675825e-17*v_10*v_11*v_12*v_13*v_14*v_15*v_29*v_9 + 0.92274469442792*v_10*v_11*v_12*v_13*v_14*v_15*v_9 - 1.01420788154854e-16*v_10*v_11*v_12*v_13*v_26*v_27*v_28*v_29*v_30*v_31*v_9 + 0.913517247483641*v_26*v_27*v_28*v_29*v_30*v_31
Post simplification
symp_time: 1.650493860244751
number of sums: 3
number of subs: 8
number of prods: 64
opt_time: 0.5487565994262695
     fun: 11.550308968874822
   maxcv: 5.083056997534641e-07
 message: 'Optimization terminated successfully.'
    nfev: 99
  status: 1
 success: True
       x: array([0.92079221, 0.86079221, 0.92079221, 0.86079221, 0.92079221,
       0.86080241, 0.92079221, 0.86079221, 0.86079221, 0.92079221,
       0.86079221, 0.92079221, 0.86079221])

real	0m6.478s
user	0m5.825s
sys	0m0.530s
Instance 14
[INFO] aspmc: Tree Decomposition #bags: 33 unfolded treewidth: 3 #vertices: 35
[INFO] aspmc: Preprocessing disabled
[INFO] aspmc:    Stats Compilation
[INFO] aspmc: ------------------------------------------------------------
[INFO] aspmc: X/D-Constrained Tree Decomposition #bags: 47 treewidth: 10 #vertices: 76
[INFO] aspmc: Dtree time:               2.0310277938842773
[INFO] aspmc: Compilation time:         0.01607537269592285
[INFO] aspmc: Preparation time:         0.00011563301086425781
[INFO] aspmc: Counting time:            0.1065216064453125
[INFO] aspmc: ------------------------------------------------------------
[0.99::a0., 0.99::a1., 0.99::a2., 0.99::a3., 0.99::a4., 0.99::a5., 0.99::a6., 0.99::a7., 0.99::a8., 0.99::a9., 0.99::a10., 0.99::a11., 0.99::a12., 0.99::a13., 0.99::a14., 0.99::a15., 0.99::a16., 0.99::a17., 0.99::a18., 0.99::a19., 0.99::a20., 0.99::a21., 0.99::a22., 0.99::a23., 0.99::a24., 0.99::a25., 0.99::a26., 0.99::a27., 0.99::a28., 0.99::a29., qr:-a0,a2,a4,a6,a8,a10,a12,a14,a16,a18,a20,a22,a24,a26,a28., qr:-a1,a3,a5,a7,a9,a11,a13,a15,a17,a19,a21,a23,a25,a27,a29,not nqr., nqr:-a1,a3,a5,a7,a9,a11,a13,a15,a17,a19,a21,a23,a25,a27,a29,not qr., query(qr).]
tracc
nnf_construction_time: 3.2654173374176025
Pre simplification
number of sums: 2401
number of prods: 7921
-0.851457771094875*v_10*v_11*v_12*v_13*v_14*v_15*v_25*v_26*v_27*v_28*v_29*v_30*v_31*v_9 + 0.92274469442792*v_10*v_11*v_12*v_13*v_14*v_15*v_9 - 1.02445240560458e-16*v_10*v_11*v_12*v_13*v_25*v_26*v_27*v_28*v_29*v_30*v_31*v_9 + 0.92274469442792*v_25*v_26*v_27*v_28*v_29*v_30*v_31
Post simplification
symp_time: 1.6364619731903076
number of sums: 2
number of subs: 3
number of prods: 40
opt_time: 0.7209131717681885
     fun: 12.56452525299021
   maxcv: 1.8914236676881302e-07
 message: 'Optimization terminated successfully.'
    nfev: 110
  status: 1
 success: True
       x: array([0.92746609, 0.86746609, 0.92746609, 0.86746609, 0.92746609,
       0.86746609, 0.92746609, 0.86746609, 0.92746609, 0.86746609,
       0.92746609, 0.86746609, 0.92746609, 0.86746609])

real	0m6.650s
user	0m6.045s
sys	0m0.461s
Instance 15
[INFO] aspmc: Tree Decomposition #bags: 33 unfolded treewidth: 3 #vertices: 35
[INFO] aspmc: Preprocessing disabled
[INFO] aspmc:    Stats Compilation
[INFO] aspmc: ------------------------------------------------------------
[INFO] aspmc: X/D-Constrained Tree Decomposition #bags: 47 treewidth: 10 #vertices: 76
[INFO] aspmc: Dtree time:               2.0308632850646973
[INFO] aspmc: Compilation time:         0.015936613082885742
[INFO] aspmc: Preparation time:         0.00013208389282226562
[INFO] aspmc: Counting time:            0.10543251037597656
[INFO] aspmc: ------------------------------------------------------------
[0.99::a0., 0.99::a1., 0.99::a2., 0.99::a3., 0.99::a4., 0.99::a5., 0.99::a6., 0.99::a7., 0.99::a8., 0.99::a9., 0.99::a10., 0.99::a11., 0.99::a12., 0.99::a13., 0.99::a14., 0.99::a15., 0.99::a16., 0.99::a17., 0.99::a18., 0.99::a19., 0.99::a20., 0.99::a21., 0.99::a22., 0.99::a23., 0.99::a24., 0.99::a25., 0.99::a26., 0.99::a27., 0.99::a28., 0.99::a29., qr:-a0,a2,a4,a6,a8,a10,a12,a14,a16,a18,a20,a22,a24,a26,a28., qr:-a1,a3,a5,a7,a9,a11,a13,a15,a17,a19,a21,a23,a25,a27,a29,not nqr., nqr:-a1,a3,a5,a7,a9,a11,a13,a15,a17,a19,a21,a23,a25,a27,a29,not qr., query(qr).]
tracc
nnf_construction_time: 3.2579495906829834
Pre simplification
number of sums: 2401
number of prods: 7921
-0.860058354641288*v_10*v_11*v_12*v_13*v_14*v_15*v_25*v_26*v_27*v_28*v_29*v_30*v_31*v_8*v_9 + 0.93206534790699*v_10*v_11*v_12*v_13*v_14*v_15*v_8*v_9 - 1.02445240560458e-16*v_10*v_11*v_12*v_13*v_25*v_26*v_27*v_28*v_29*v_30*v_31*v_9 + 0.92274469442792*v_25*v_26*v_27*v_28*v_29*v_30*v_31
Post simplification
symp_time: 1.6883642673492432
number of sums: 2
number of subs: 3
number of prods: 42
opt_time: 0.8762466907501221
     fun: 13.501403505831036
   maxcv: 1.4743252122029205e-05
 message: 'Optimization terminated successfully.'
    nfev: 113
  status: 1
 success: True
       x: array([0.93209357, 0.87209357, 0.93209357, 0.87209357, 0.93209357,
       0.87209357, 0.93209357, 0.87209357, 0.87209357, 0.93209357,
       0.87209357, 0.93209357, 0.87209357, 0.93209357, 0.87209357])

real	0m6.843s
user	0m6.187s
sys	0m0.499s
Instance 16
[INFO] aspmc: Tree Decomposition #bags: 33 unfolded treewidth: 3 #vertices: 35
[INFO] aspmc: Preprocessing disabled
[INFO] aspmc:    Stats Compilation
[INFO] aspmc: ------------------------------------------------------------
[INFO] aspmc: X/D-Constrained Tree Decomposition #bags: 47 treewidth: 10 #vertices: 76
[INFO] aspmc: Dtree time:               2.030719518661499
[INFO] aspmc: Compilation time:         0.015524625778198242
[INFO] aspmc: Preparation time:         0.00011324882507324219
[INFO] aspmc: Counting time:            0.10247635841369629
[INFO] aspmc: ------------------------------------------------------------
[0.99::a0., 0.99::a1., 0.99::a2., 0.99::a3., 0.99::a4., 0.99::a5., 0.99::a6., 0.99::a7., 0.99::a8., 0.99::a9., 0.99::a10., 0.99::a11., 0.99::a12., 0.99::a13., 0.99::a14., 0.99::a15., 0.99::a16., 0.99::a17., 0.99::a18., 0.99::a19., 0.99::a20., 0.99::a21., 0.99::a22., 0.99::a23., 0.99::a24., 0.99::a25., 0.99::a26., 0.99::a27., 0.99::a28., 0.99::a29., qr:-a0,a2,a4,a6,a8,a10,a12,a14,a16,a18,a20,a22,a24,a26,a28., qr:-a1,a3,a5,a7,a9,a11,a13,a15,a17,a19,a21,a23,a25,a27,a29,not nqr., nqr:-a1,a3,a5,a7,a9,a11,a13,a15,a17,a19,a21,a23,a25,a27,a29,not qr., query(qr).]
tracc
nnf_construction_time: 3.2575488090515137
Pre simplification
number of sums: 2401
number of prods: 7921
-0.868745812768978*v_10*v_11*v_12*v_13*v_14*v_15*v_24*v_25*v_26*v_27*v_28*v_29*v_30*v_31*v_8*v_9 - 1.0348004097016e-16*v_10*v_11*v_12*v_13*v_14*v_15*v_24*v_25*v_27*v_28*v_31*v_8*v_9 + 0.93206534790699*v_10*v_11*v_12*v_13*v_14*v_15*v_8*v_9 - 1.0348004097016e-16*v_10*v_11*v_12*v_13*v_24*v_25*v_26*v_27*v_28*v_29*v_30*v_31*v_9 + 0.93206534790699*v_24*v_25*v_26*v_27*v_28*v_29*v_30*v_31
Post simplification
symp_time: 1.7566003799438477
number of sums: 2
number of subs: 5
number of prods: 58
opt_time: 1.3182387351989746
     fun: 14.560090781053983
   maxcv: 5.551115123125783e-17
 message: 'Optimization terminated successfully.'
    nfev: 150
  status: 1
 success: True
       x: array([0.87255003, 0.93255003, 0.87255003, 0.93255003, 0.87255003,
       0.93255003, 0.87255003, 0.93255003, 0.93219504, 0.93255003,
       0.87255003, 0.93255003, 0.93219535, 0.93255003, 0.87255003,
       0.93255003])

real	0m7.390s
user	0m6.722s
sys	0m0.524s
Instance 17
[INFO] aspmc: Tree Decomposition #bags: 33 unfolded treewidth: 3 #vertices: 35
[INFO] aspmc: Preprocessing disabled
[INFO] aspmc:    Stats Compilation
[INFO] aspmc: ------------------------------------------------------------
[INFO] aspmc: X/D-Constrained Tree Decomposition #bags: 47 treewidth: 10 #vertices: 76
[INFO] aspmc: Dtree time:               2.0317366123199463
[INFO] aspmc: Compilation time:         0.016580581665039062
[INFO] aspmc: Preparation time:         0.0001251697540283203
[INFO] aspmc: Counting time:            0.10276913642883301
[INFO] aspmc: ------------------------------------------------------------
[0.99::a0., 0.99::a1., 0.99::a2., 0.99::a3., 0.99::a4., 0.99::a5., 0.99::a6., 0.99::a7., 0.99::a8., 0.99::a9., 0.99::a10., 0.99::a11., 0.99::a12., 0.99::a13., 0.99::a14., 0.99::a15., 0.99::a16., 0.99::a17., 0.99::a18., 0.99::a19., 0.99::a20., 0.99::a21., 0.99::a22., 0.99::a23., 0.99::a24., 0.99::a25., 0.99::a26., 0.99::a27., 0.99::a28., 0.99::a29., qr:-a0,a2,a4,a6,a8,a10,a12,a14,a16,a18,a20,a22,a24,a26,a28., qr:-a1,a3,a5,a7,a9,a11,a13,a15,a17,a19,a21,a23,a25,a27,a29,not nqr., nqr:-a1,a3,a5,a7,a9,a11,a13,a15,a17,a19,a21,a23,a25,a27,a29,not qr., query(qr).]
tracc
nnf_construction_time: 3.261531114578247
Pre simplification
number of sums: 2401
number of prods: 7921
-0.877521022998968*v_10*v_11*v_12*v_13*v_14*v_15*v_24*v_25*v_26*v_27*v_28*v_29*v_30*v_31*v_7*v_8*v_9 - 1.0348004097016e-16*v_10*v_11*v_12*v_13*v_14*v_15*v_24*v_25*v_26*v_27*v_28*v_29*v_30*v_31*v_7*v_9 + 8.47409175530384e-33*v_10*v_11*v_12*v_13*v_14*v_15*v_24*v_25*v_27*v_28*v_29*v_31*v_7*v_8*v_9 - 1.04525293909252e-16*v_10*v_11*v_12*v_13*v_14*v_15*v_24*v_25*v_27*v_28*v_31*v_7*v_8*v_9 - 7.63278329429795e-17*v_10*v_11*v_12*v_13*v_14*v_15*v_29*v_7*v_8*v_9 + 0.941480149401*v_10*v_11*v_12*v_13*v_14*v_15*v_7*v_8*v_9 + 0.93206534790699*v_24*v_25*v_26*v_27*v_28*v_29*v_30*v_31
Post simplification
symp_time: 1.8077037334442139
number of sums: 3
number of subs: 8
number of prods: 89
opt_time: 1.3755004405975342
     fun: 15.521636337616433
   maxcv: 1.448133295500753e-07
 message: 'Optimization terminated successfully.'
    nfev: 134
  status: 1
 success: True
       x: array([0.88127273, 0.94127273, 0.88127273, 0.94127273, 0.88127273,
       0.94127273, 0.88127273, 0.94127273, 0.94127273, 0.88127273,
       0.94127273, 0.88127273, 0.94127273, 0.88127273, 0.94127273,
       0.88127273, 0.94127273])

real	0m7.491s
user	0m6.844s
sys	0m0.493s
Instance 18
[INFO] aspmc: Tree Decomposition #bags: 33 unfolded treewidth: 3 #vertices: 35
[INFO] aspmc: Preprocessing disabled
[INFO] aspmc:    Stats Compilation
[INFO] aspmc: ------------------------------------------------------------
[INFO] aspmc: X/D-Constrained Tree Decomposition #bags: 47 treewidth: 10 #vertices: 76
[INFO] aspmc: Dtree time:               2.031064510345459
[INFO] aspmc: Compilation time:         0.016795635223388672
[INFO] aspmc: Preparation time:         0.00012087821960449219
[INFO] aspmc: Counting time:            0.1038670539855957
[INFO] aspmc: ------------------------------------------------------------
[0.99::a0., 0.99::a1., 0.99::a2., 0.99::a3., 0.99::a4., 0.99::a5., 0.99::a6., 0.99::a7., 0.99::a8., 0.99::a9., 0.99::a10., 0.99::a11., 0.99::a12., 0.99::a13., 0.99::a14., 0.99::a15., 0.99::a16., 0.99::a17., 0.99::a18., 0.99::a19., 0.99::a20., 0.99::a21., 0.99::a22., 0.99::a23., 0.99::a24., 0.99::a25., 0.99::a26., 0.99::a27., 0.99::a28., 0.99::a29., qr:-a0,a2,a4,a6,a8,a10,a12,a14,a16,a18,a20,a22,a24,a26,a28., qr:-a1,a3,a5,a7,a9,a11,a13,a15,a17,a19,a21,a23,a25,a27,a29,not nqr., nqr:-a1,a3,a5,a7,a9,a11,a13,a15,a17,a19,a21,a23,a25,a27,a29,not qr., query(qr).]
tracc
nnf_construction_time: 3.2590222358703613
Pre simplification
number of sums: 2401
number of prods: 7921
-0.886384871716129*v_10*v_11*v_12*v_13*v_14*v_15*v_23*v_24*v_25*v_26*v_27*v_28*v_29*v_30*v_31*v_7*v_8*v_9 - 1.04525293909252e-16*v_10*v_11*v_12*v_13*v_14*v_15*v_23*v_24*v_25*v_26*v_27*v_28*v_29*v_30*v_31*v_7*v_9 + 6.93334779979405e-33*v_10*v_11*v_12*v_13*v_14*v_15*v_23*v_24*v_25*v_27*v_28*v_31*v_7*v_8*v_9 - 6.24500451351651e-17*v_10*v_11*v_12*v_13*v_14*v_15*v_23*v_7*v_8*v_9 - 1.04525293909252e-16*v_10*v_11*v_12*v_13*v_14*v_15*v_24*v_25*v_27*v_28*v_31*v_7*v_8*v_9 + 0.941480149401*v_10*v_11*v_12*v_13*v_14*v_15*v_7*v_8*v_9 + 0.941480149401*v_23*v_24*v_25*v_26*v_27*v_28*v_29*v_30*v_31
Post simplification
symp_time: 2.200383186340332
number of sums: 3
number of subs: 8
number of prods: 92
opt_time: 1.6413285732269287
     fun: 16.46301304607288
   maxcv: 2.4948823917902985e-07
 message: 'Optimization terminated successfully.'
    nfev: 137
  status: 1
 success: True
       x: array([0.94461184, 0.88461184, 0.94461184, 0.88461184, 0.94461184,
       0.88461184, 0.94461184, 0.88461184, 0.94461184, 0.88461184,
       0.94461184, 0.88461184, 0.94461184, 0.88461184, 0.94461184,
       0.88461184, 0.94461184, 0.88461184])

real	0m8.150s
user	0m7.508s
sys	0m0.497s
Instance 19
[INFO] aspmc: Tree Decomposition #bags: 33 unfolded treewidth: 3 #vertices: 35
[INFO] aspmc: Preprocessing disabled
[INFO] aspmc:    Stats Compilation
[INFO] aspmc: ------------------------------------------------------------
[INFO] aspmc: X/D-Constrained Tree Decomposition #bags: 47 treewidth: 10 #vertices: 76
[INFO] aspmc: Dtree time:               2.031540870666504
[INFO] aspmc: Compilation time:         0.016358613967895508
[INFO] aspmc: Preparation time:         0.00012493133544921875
[INFO] aspmc: Counting time:            0.10735273361206055
[INFO] aspmc: ------------------------------------------------------------
[0.99::a0., 0.99::a1., 0.99::a2., 0.99::a3., 0.99::a4., 0.99::a5., 0.99::a6., 0.99::a7., 0.99::a8., 0.99::a9., 0.99::a10., 0.99::a11., 0.99::a12., 0.99::a13., 0.99::a14., 0.99::a15., 0.99::a16., 0.99::a17., 0.99::a18., 0.99::a19., 0.99::a20., 0.99::a21., 0.99::a22., 0.99::a23., 0.99::a24., 0.99::a25., 0.99::a26., 0.99::a27., 0.99::a28., 0.99::a29., qr:-a0,a2,a4,a6,a8,a10,a12,a14,a16,a18,a20,a22,a24,a26,a28., qr:-a1,a3,a5,a7,a9,a11,a13,a15,a17,a19,a21,a23,a25,a27,a29,not nqr., nqr:-a1,a3,a5,a7,a9,a11,a13,a15,a17,a19,a21,a23,a25,a27,a29,not qr., query(qr).]
tracc
nnf_construction_time: 3.2687923908233643
Pre simplification
number of sums: 2401
number of prods: 7921
-0.895338254258716*v_10*v_11*v_12*v_13*v_14*v_15*v_23*v_24*v_25*v_26*v_27*v_28*v_29*v_30*v_31*v_6*v_7*v_8*v_9 - 1.04525293909252e-16*v_10*v_11*v_12*v_13*v_14*v_15*v_23*v_24*v_25*v_26*v_27*v_28*v_29*v_30*v_31*v_7*v_9 - 3.08148791101958e-33*v_10*v_11*v_12*v_13*v_14*v_15*v_23*v_24*v_25*v_27*v_28*v_31*v_6*v_7*v_8*v_9 + 2.77555756156289e-17*v_10*v_11*v_12*v_13*v_14*v_15*v_23*v_6*v_7*v_8*v_9 - 1.05581104958841e-16*v_10*v_11*v_12*v_13*v_14*v_15*v_24*v_25*v_27*v_28*v_31*v_6*v_7*v_8*v_9 + 0.9509900499*v_10*v_11*v_12*v_13*v_14*v_15*v_6*v_7*v_8*v_9 + 0.941480149401*v_23*v_24*v_25*v_26*v_27*v_28*v_29*v_30*v_31
Post simplification
symp_time: 2.355133533477783
number of sums: 3
number of subs: 8
number of prods: 97
opt_time: 2.375851631164551
     fun: 17.47013067582198
   maxcv: 1.6653345369377348e-16
 message: 'Optimization terminated successfully.'
    nfev: 157
  status: 1
 success: True
       x: array([0.88790161, 0.94790161, 0.88790161, 0.94790161, 0.88790161,
       0.94790161, 0.88790161, 0.94790161, 0.94790161, 0.88790161,
       0.94790161, 0.88790161, 0.94790161, 0.88790161, 0.94790161,
       0.88790161, 0.94790161, 0.88790161, 0.94790161])

real	0m9.055s
user	0m8.332s
sys	0m0.556s
Instance 20
[INFO] aspmc: Tree Decomposition #bags: 33 unfolded treewidth: 3 #vertices: 35
[INFO] aspmc: Preprocessing disabled
[INFO] aspmc:    Stats Compilation
[INFO] aspmc: ------------------------------------------------------------
[INFO] aspmc: X/D-Constrained Tree Decomposition #bags: 47 treewidth: 10 #vertices: 76
[INFO] aspmc: Dtree time:               2.032616138458252
[INFO] aspmc: Compilation time:         0.016439199447631836
[INFO] aspmc: Preparation time:         0.0001347064971923828
[INFO] aspmc: Counting time:            0.11299562454223633
[INFO] aspmc: ------------------------------------------------------------
[0.99::a0., 0.99::a1., 0.99::a2., 0.99::a3., 0.99::a4., 0.99::a5., 0.99::a6., 0.99::a7., 0.99::a8., 0.99::a9., 0.99::a10., 0.99::a11., 0.99::a12., 0.99::a13., 0.99::a14., 0.99::a15., 0.99::a16., 0.99::a17., 0.99::a18., 0.99::a19., 0.99::a20., 0.99::a21., 0.99::a22., 0.99::a23., 0.99::a24., 0.99::a25., 0.99::a26., 0.99::a27., 0.99::a28., 0.99::a29., qr:-a0,a2,a4,a6,a8,a10,a12,a14,a16,a18,a20,a22,a24,a26,a28., qr:-a1,a3,a5,a7,a9,a11,a13,a15,a17,a19,a21,a23,a25,a27,a29,not nqr., nqr:-a1,a3,a5,a7,a9,a11,a13,a15,a17,a19,a21,a23,a25,a27,a29,not qr., query(qr).]
tracc
nnf_construction_time: 3.2750329971313477
Pre simplification
number of sums: 2401
number of prods: 7921
-0.904382075008804*v_10*v_11*v_12*v_13*v_14*v_15*v_22*v_23*v_24*v_25*v_26*v_27*v_28*v_29*v_30*v_31*v_6*v_7*v_8*v_9 - 1.05581104958841e-16*v_10*v_11*v_12*v_13*v_14*v_15*v_22*v_23*v_24*v_25*v_26*v_27*v_28*v_29*v_30*v_31*v_7*v_9 + 0.9509900499*v_10*v_11*v_12*v_13*v_14*v_15*v_6*v_7*v_8*v_9 + 0.9509900499*v_22*v_23*v_24*v_25*v_26*v_27*v_28*v_29*v_30*v_31
Post simplification
symp_time: 2.4022164344787598
number of sums: 2
number of subs: 3
number of prods: 58
opt_time: 2.770820140838623
     fun: 18.410309390978966
   maxcv: 2.182630656988316e-06
 message: 'Optimization terminated successfully.'
    nfev: 166
  status: 1
 success: True
       x: array([0.95051547, 0.89051547, 0.95051547, 0.89051547, 0.95051547,
       0.89051547, 0.95051547, 0.89051547, 0.95051547, 0.89051547,
       0.95051547, 0.89051547, 0.95051547, 0.89051547, 0.95051547,
       0.89051547, 0.95051547, 0.89051547, 0.95051547, 0.89051547])

real	0m9.552s
user	0m8.869s
sys	0m0.546s
Instance 21
[INFO] aspmc: Tree Decomposition #bags: 33 unfolded treewidth: 3 #vertices: 35
[INFO] aspmc: Preprocessing disabled
[INFO] aspmc:    Stats Compilation
[INFO] aspmc: ------------------------------------------------------------
[INFO] aspmc: X/D-Constrained Tree Decomposition #bags: 47 treewidth: 10 #vertices: 76
[INFO] aspmc: Dtree time:               2.032545328140259
[INFO] aspmc: Compilation time:         0.016729116439819336
[INFO] aspmc: Preparation time:         0.00012373924255371094
[INFO] aspmc: Counting time:            0.11406421661376953
[INFO] aspmc: ------------------------------------------------------------
[0.99::a0., 0.99::a1., 0.99::a2., 0.99::a3., 0.99::a4., 0.99::a5., 0.99::a6., 0.99::a7., 0.99::a8., 0.99::a9., 0.99::a10., 0.99::a11., 0.99::a12., 0.99::a13., 0.99::a14., 0.99::a15., 0.99::a16., 0.99::a17., 0.99::a18., 0.99::a19., 0.99::a20., 0.99::a21., 0.99::a22., 0.99::a23., 0.99::a24., 0.99::a25., 0.99::a26., 0.99::a27., 0.99::a28., 0.99::a29., qr:-a0,a2,a4,a6,a8,a10,a12,a14,a16,a18,a20,a22,a24,a26,a28., qr:-a1,a3,a5,a7,a9,a11,a13,a15,a17,a19,a21,a23,a25,a27,a29,not nqr., nqr:-a1,a3,a5,a7,a9,a11,a13,a15,a17,a19,a21,a23,a25,a27,a29,not qr., query(qr).]
tracc
nnf_construction_time: 3.2747268676757812
Pre simplification
number of sums: 2401
number of prods: 7921
-0.913517247483641*v_10*v_11*v_12*v_13*v_14*v_15*v_22*v_23*v_24*v_25*v_26*v_27*v_28*v_29*v_30*v_31*v_5*v_6*v_7*v_8*v_9 + 0.96059601*v_10*v_11*v_12*v_13*v_14*v_15*v_5*v_6*v_7*v_8*v_9 + 0.9509900499*v_22*v_23*v_24*v_25*v_26*v_27*v_28*v_29*v_30*v_31
Post simplification
symp_time: 2.3701698780059814
number of sums: 2
number of subs: 1
number of prods: 42
opt_time: 2.948366165161133
     fun: 19.34687293667436
   maxcv: 3.941873278012764e-06
 message: 'Optimization terminated successfully.'
    nfev: 160
  status: 1
 success: True
       x: array([0.95270819, 0.8927092 , 0.95270819, 0.89270819, 0.95270819,
       0.89270819, 0.95270819, 0.89270819, 0.89270819, 0.95270819,
       0.89270819, 0.95270819, 0.89270819, 0.95270819, 0.89270819,
       0.95270819, 0.89270819, 0.95270819, 0.89270819, 0.95270819,
       0.89270819])

real	0m9.666s
user	0m9.005s
sys	0m0.526s
Instance 22
[INFO] aspmc: Tree Decomposition #bags: 33 unfolded treewidth: 3 #vertices: 35
[INFO] aspmc: Preprocessing disabled
[INFO] aspmc:    Stats Compilation
[INFO] aspmc: ------------------------------------------------------------
[INFO] aspmc: X/D-Constrained Tree Decomposition #bags: 47 treewidth: 10 #vertices: 76
[INFO] aspmc: Dtree time:               2.032667636871338
[INFO] aspmc: Compilation time:         0.01626420021057129
[INFO] aspmc: Preparation time:         0.0001266002655029297
[INFO] aspmc: Counting time:            0.11543560028076172
[INFO] aspmc: ------------------------------------------------------------
[0.99::a0., 0.99::a1., 0.99::a2., 0.99::a3., 0.99::a4., 0.99::a5., 0.99::a6., 0.99::a7., 0.99::a8., 0.99::a9., 0.99::a10., 0.99::a11., 0.99::a12., 0.99::a13., 0.99::a14., 0.99::a15., 0.99::a16., 0.99::a17., 0.99::a18., 0.99::a19., 0.99::a20., 0.99::a21., 0.99::a22., 0.99::a23., 0.99::a24., 0.99::a25., 0.99::a26., 0.99::a27., 0.99::a28., 0.99::a29., qr:-a0,a2,a4,a6,a8,a10,a12,a14,a16,a18,a20,a22,a24,a26,a28., qr:-a1,a3,a5,a7,a9,a11,a13,a15,a17,a19,a21,a23,a25,a27,a29,not nqr., nqr:-a1,a3,a5,a7,a9,a11,a13,a15,a17,a19,a21,a23,a25,a27,a29,not qr., query(qr).]
tracc
nnf_construction_time: 3.2792482376098633
Pre simplification
number of sums: 2401
number of prods: 7921
-0.92274469442792*v_10*v_11*v_12*v_13*v_14*v_15*v_21*v_22*v_23*v_24*v_25*v_26*v_27*v_28*v_29*v_30*v_31*v_5*v_6*v_7*v_8*v_9 + 0.96059601*v_10*v_11*v_12*v_13*v_14*v_15*v_5*v_6*v_7*v_8*v_9 + 0.96059601*v_21*v_22*v_23*v_24*v_25*v_26*v_27*v_28*v_29*v_30*v_31
Post simplification
symp_time: 2.5795459747314453
number of sums: 2
number of subs: 1
number of prods: 44
opt_time: 3.7974507808685303
     fun: 20.356111823000763
   maxcv: 5.551115123125783e-17
 message: 'Optimization terminated successfully.'
    nfev: 159
  status: 1
 success: True
       x: array([0.95527781, 0.89527781, 0.95527781, 0.89527781, 0.95527781,
       0.89527781, 0.95527781, 0.95527781, 0.89527781, 0.89527781,
       0.95527781, 0.89527781, 0.95527781, 0.89527781, 0.95527781,
       0.89527781, 0.95527781, 0.89527781, 0.95527781, 0.89527781,
       0.95527781, 0.89527781])

real	0m10.751s
user	0m10.101s
sys	0m0.514s
Instance 23
[INFO] aspmc: Tree Decomposition #bags: 33 unfolded treewidth: 3 #vertices: 35
[INFO] aspmc: Preprocessing disabled
[INFO] aspmc:    Stats Compilation
[INFO] aspmc: ------------------------------------------------------------
[INFO] aspmc: X/D-Constrained Tree Decomposition #bags: 47 treewidth: 10 #vertices: 76
[INFO] aspmc: Dtree time:               2.034531831741333
[INFO] aspmc: Compilation time:         0.016680002212524414
[INFO] aspmc: Preparation time:         0.0001323223114013672
[INFO] aspmc: Counting time:            0.10793256759643555
[INFO] aspmc: ------------------------------------------------------------
[0.99::a0., 0.99::a1., 0.99::a2., 0.99::a3., 0.99::a4., 0.99::a5., 0.99::a6., 0.99::a7., 0.99::a8., 0.99::a9., 0.99::a10., 0.99::a11., 0.99::a12., 0.99::a13., 0.99::a14., 0.99::a15., 0.99::a16., 0.99::a17., 0.99::a18., 0.99::a19., 0.99::a20., 0.99::a21., 0.99::a22., 0.99::a23., 0.99::a24., 0.99::a25., 0.99::a26., 0.99::a27., 0.99::a28., 0.99::a29., qr:-a0,a2,a4,a6,a8,a10,a12,a14,a16,a18,a20,a22,a24,a26,a28., qr:-a1,a3,a5,a7,a9,a11,a13,a15,a17,a19,a21,a23,a25,a27,a29,not nqr., nqr:-a1,a3,a5,a7,a9,a11,a13,a15,a17,a19,a21,a23,a25,a27,a29,not qr., query(qr).]
tracc
nnf_construction_time: 3.2731411457061768
Pre simplification
number of sums: 2401
number of prods: 7921
-0.93206534790699*v_10*v_11*v_12*v_13*v_14*v_15*v_21*v_22*v_23*v_24*v_25*v_26*v_27*v_28*v_29*v_30*v_31*v_4*v_5*v_6*v_7*v_8*v_9 + 0.970299*v_10*v_11*v_12*v_13*v_14*v_15*v_4*v_5*v_6*v_7*v_8*v_9 + 0.96059601*v_21*v_22*v_23*v_24*v_25*v_26*v_27*v_28*v_29*v_30*v_31
Post simplification
symp_time: 2.563143014907837
number of sums: 2
number of subs: 1
number of prods: 46
opt_time: 6.836593866348267
     fun: 21.29275701331168
   maxcv: 1.6653345369377348e-16
 message: 'Optimization terminated successfully.'
    nfev: 279
  status: 1
 success: True
       x: array([0.95703264, 0.89703264, 0.95703264, 0.89703264, 0.95703264,
       0.89703264, 0.95703264, 0.89703264, 0.95703264, 0.89703264,
       0.89703264, 0.95703264, 0.89703264, 0.95703264, 0.89703264,
       0.95703264, 0.89703264, 0.95703264, 0.89703264, 0.95703264,
       0.89703264, 0.95703264, 0.89803898])

real	0m13.745s
user	0m13.081s
sys	0m0.511s
Instance 24
[INFO] aspmc: Tree Decomposition #bags: 33 unfolded treewidth: 3 #vertices: 35
[INFO] aspmc: Preprocessing disabled
[INFO] aspmc:    Stats Compilation
[INFO] aspmc: ------------------------------------------------------------
[INFO] aspmc: X/D-Constrained Tree Decomposition #bags: 47 treewidth: 10 #vertices: 76
[INFO] aspmc: Dtree time:               2.0331952571868896
[INFO] aspmc: Compilation time:         0.016384124755859375
[INFO] aspmc: Preparation time:         0.00012636184692382812
[INFO] aspmc: Counting time:            0.10971260070800781
[INFO] aspmc: ------------------------------------------------------------
[0.99::a0., 0.99::a1., 0.99::a2., 0.99::a3., 0.99::a4., 0.99::a5., 0.99::a6., 0.99::a7., 0.99::a8., 0.99::a9., 0.99::a10., 0.99::a11., 0.99::a12., 0.99::a13., 0.99::a14., 0.99::a15., 0.99::a16., 0.99::a17., 0.99::a18., 0.99::a19., 0.99::a20., 0.99::a21., 0.99::a22., 0.99::a23., 0.99::a24., 0.99::a25., 0.99::a26., 0.99::a27., 0.99::a28., 0.99::a29., qr:-a0,a2,a4,a6,a8,a10,a12,a14,a16,a18,a20,a22,a24,a26,a28., qr:-a1,a3,a5,a7,a9,a11,a13,a15,a17,a19,a21,a23,a25,a27,a29,not nqr., nqr:-a1,a3,a5,a7,a9,a11,a13,a15,a17,a19,a21,a23,a25,a27,a29,not qr., query(qr).]
tracc
nnf_construction_time: 3.276967763900757
Pre simplification
number of sums: 2401
number of prods: 7921
-0.941480149401*v_10*v_11*v_12*v_13*v_14*v_15*v_20*v_21*v_22*v_23*v_24*v_25*v_26*v_27*v_28*v_29*v_30*v_31*v_4*v_5*v_6*v_7*v_8*v_9 + 0.970299*v_10*v_11*v_12*v_13*v_14*v_15*v_4*v_5*v_6*v_7*v_8*v_9 + 0.970299*v_20*v_21*v_22*v_23*v_24*v_25*v_26*v_27*v_28*v_29*v_30*v_31
Post simplification
symp_time: 2.8577680587768555
number of sums: 2
number of subs: 1
number of prods: 48
opt_time: 5.463109493255615
     fun: 22.356544469063135
   maxcv: 5.551115123125783e-17
 message: 'Optimization terminated successfully.'
    nfev: 208
  status: 1
 success: True
       x: array([0.90083171, 0.96083171, 0.90083171, 0.96083171, 0.90083171,
       0.96083171, 0.90083171, 0.90083171, 0.96083171, 0.90083171,
       0.96083171, 0.96083171, 0.95956298, 0.96083171, 0.90083171,
       0.96083171, 0.90083171, 0.96083171, 0.90083171, 0.96083171,
       0.90083171, 0.96083171, 0.90083171, 0.91868396])

real	0m12.667s
user	0m11.987s
sys	0m0.545s
Instance 25
[INFO] aspmc: Tree Decomposition #bags: 33 unfolded treewidth: 3 #vertices: 35
[INFO] aspmc: Preprocessing disabled
[INFO] aspmc:    Stats Compilation
[INFO] aspmc: ------------------------------------------------------------
[INFO] aspmc: X/D-Constrained Tree Decomposition #bags: 47 treewidth: 10 #vertices: 76
[INFO] aspmc: Dtree time:               2.0328969955444336
[INFO] aspmc: Compilation time:         0.016318798065185547
[INFO] aspmc: Preparation time:         0.000125885009765625
[INFO] aspmc: Counting time:            0.10704851150512695
[INFO] aspmc: ------------------------------------------------------------
[0.99::a0., 0.99::a1., 0.99::a2., 0.99::a3., 0.99::a4., 0.99::a5., 0.99::a6., 0.99::a7., 0.99::a8., 0.99::a9., 0.99::a10., 0.99::a11., 0.99::a12., 0.99::a13., 0.99::a14., 0.99::a15., 0.99::a16., 0.99::a17., 0.99::a18., 0.99::a19., 0.99::a20., 0.99::a21., 0.99::a22., 0.99::a23., 0.99::a24., 0.99::a25., 0.99::a26., 0.99::a27., 0.99::a28., 0.99::a29., qr:-a0,a2,a4,a6,a8,a10,a12,a14,a16,a18,a20,a22,a24,a26,a28., qr:-a1,a3,a5,a7,a9,a11,a13,a15,a17,a19,a21,a23,a25,a27,a29,not nqr., nqr:-a1,a3,a5,a7,a9,a11,a13,a15,a17,a19,a21,a23,a25,a27,a29,not qr., query(qr).]
tracc
nnf_construction_time: 3.270991802215576
Pre simplification
number of sums: 2401
number of prods: 7921
-0.9509900499*v_10*v_11*v_12*v_13*v_14*v_15*v_20*v_21*v_22*v_23*v_24*v_25*v_26*v_27*v_28*v_29*v_3*v_30*v_31*v_4*v_5*v_6*v_7*v_8*v_9 + 0.9801*v_10*v_11*v_12*v_13*v_14*v_15*v_3*v_4*v_5*v_6*v_7*v_8*v_9 + 0.970299*v_20*v_21*v_22*v_23*v_24*v_25*v_26*v_27*v_28*v_29*v_30*v_31
Post simplification
symp_time: 2.85892391204834
number of sums: 2
number of subs: 1
number of prods: 50
opt_time: 6.476276874542236
     fun: 23.152288292962957
   maxcv: 1.6653345369377348e-16
 message: 'Optimization terminated successfully.'
    nfev: 222
  status: 1
 success: True
       x: array([0.95966525, 0.89966525, 0.95966525, 0.89966525, 0.95966525,
       0.89966525, 0.89966525, 0.95966525, 0.95966525, 0.89966525,
       0.95966525, 0.89966525, 0.89966525, 0.95966525, 0.89966525,
       0.95966525, 0.89966525, 0.95966525, 0.89966525, 0.95966525,
       0.89966525, 0.95966525, 0.89966525, 0.89966525, 0.90032238])

real	0m13.698s
user	0m13.037s
sys	0m0.517s
Instance 26
[INFO] aspmc: Tree Decomposition #bags: 33 unfolded treewidth: 3 #vertices: 35
[INFO] aspmc: Preprocessing disabled
[INFO] aspmc:    Stats Compilation
[INFO] aspmc: ------------------------------------------------------------
[INFO] aspmc: X/D-Constrained Tree Decomposition #bags: 47 treewidth: 10 #vertices: 76
[INFO] aspmc: Dtree time:               2.032557725906372
[INFO] aspmc: Compilation time:         0.016176939010620117
[INFO] aspmc: Preparation time:         0.00012612342834472656
[INFO] aspmc: Counting time:            0.10822391510009766
[INFO] aspmc: ------------------------------------------------------------
[0.99::a0., 0.99::a1., 0.99::a2., 0.99::a3., 0.99::a4., 0.99::a5., 0.99::a6., 0.99::a7., 0.99::a8., 0.99::a9., 0.99::a10., 0.99::a11., 0.99::a12., 0.99::a13., 0.99::a14., 0.99::a15., 0.99::a16., 0.99::a17., 0.99::a18., 0.99::a19., 0.99::a20., 0.99::a21., 0.99::a22., 0.99::a23., 0.99::a24., 0.99::a25., 0.99::a26., 0.99::a27., 0.99::a28., 0.99::a29., qr:-a0,a2,a4,a6,a8,a10,a12,a14,a16,a18,a20,a22,a24,a26,a28., qr:-a1,a3,a5,a7,a9,a11,a13,a15,a17,a19,a21,a23,a25,a27,a29,not nqr., nqr:-a1,a3,a5,a7,a9,a11,a13,a15,a17,a19,a21,a23,a25,a27,a29,not qr., query(qr).]
tracc
nnf_construction_time: 3.2737607955932617
Pre simplification
number of sums: 2401
number of prods: 7921
-0.96059601*v_10*v_11*v_12*v_13*v_14*v_15*v_19*v_20*v_21*v_22*v_23*v_24*v_25*v_26*v_27*v_28*v_29*v_3*v_30*v_31*v_4*v_5*v_6*v_7*v_8*v_9 + 0.9801*v_10*v_11*v_12*v_13*v_14*v_15*v_3*v_4*v_5*v_6*v_7*v_8*v_9 + 0.9801*v_19*v_20*v_21*v_22*v_23*v_24*v_25*v_26*v_27*v_28*v_29*v_30*v_31
Post simplification
symp_time: 2.964202404022217
number of sums: 2
number of subs: 1
number of prods: 52
opt_time: 6.030561923980713
     fun: 24.158643653393327
   maxcv: 2.7822239557773187e-06
 message: 'Optimization terminated successfully.'
    nfev: 188
  status: 1
 success: True
       x: array([0.96148629, 0.90148629, 0.96148629, 0.90148629, 0.96148629,
       0.90148629, 0.90148629, 0.96148629, 0.96148629, 0.96148629,
       0.90148629, 0.96148629, 0.90148629, 0.90148629, 0.96148629,
       0.90148629, 0.96148629, 0.90148629, 0.96148629, 0.90148629,
       0.96148629, 0.90148629, 0.96148629, 0.90148629, 0.90148629,
       0.90148629])

real	0m13.349s
user	0m12.675s
sys	0m0.521s
Instance 27
[INFO] aspmc: Tree Decomposition #bags: 33 unfolded treewidth: 3 #vertices: 35
[INFO] aspmc: Preprocessing disabled
[INFO] aspmc:    Stats Compilation
[INFO] aspmc: ------------------------------------------------------------
[INFO] aspmc: X/D-Constrained Tree Decomposition #bags: 47 treewidth: 10 #vertices: 76
[INFO] aspmc: Dtree time:               2.0327231884002686
[INFO] aspmc: Compilation time:         0.016596317291259766
[INFO] aspmc: Preparation time:         0.0001246929168701172
[INFO] aspmc: Counting time:            0.10408306121826172
[INFO] aspmc: ------------------------------------------------------------
[0.99::a0., 0.99::a1., 0.99::a2., 0.99::a3., 0.99::a4., 0.99::a5., 0.99::a6., 0.99::a7., 0.99::a8., 0.99::a9., 0.99::a10., 0.99::a11., 0.99::a12., 0.99::a13., 0.99::a14., 0.99::a15., 0.99::a16., 0.99::a17., 0.99::a18., 0.99::a19., 0.99::a20., 0.99::a21., 0.99::a22., 0.99::a23., 0.99::a24., 0.99::a25., 0.99::a26., 0.99::a27., 0.99::a28., 0.99::a29., qr:-a0,a2,a4,a6,a8,a10,a12,a14,a16,a18,a20,a22,a24,a26,a28., qr:-a1,a3,a5,a7,a9,a11,a13,a15,a17,a19,a21,a23,a25,a27,a29,not nqr., nqr:-a1,a3,a5,a7,a9,a11,a13,a15,a17,a19,a21,a23,a25,a27,a29,not qr., query(qr).]
tracc
nnf_construction_time: 3.2657768726348877
Pre simplification
number of sums: 2401
number of prods: 7921
-0.970299*v_10*v_11*v_12*v_13*v_14*v_15*v_19*v_2*v_20*v_21*v_22*v_23*v_24*v_25*v_26*v_27*v_28*v_29*v_3*v_30*v_31*v_4*v_5*v_6*v_7*v_8*v_9 + 0.99*v_10*v_11*v_12*v_13*v_14*v_15*v_2*v_3*v_4*v_5*v_6*v_7*v_8*v_9 + 0.9801*v_19*v_20*v_21*v_22*v_23*v_24*v_25*v_26*v_27*v_28*v_29*v_30*v_31
Post simplification
symp_time: 2.895007848739624
number of sums: 2
number of subs: 1
number of prods: 54
opt_time: 10.310719728469849
     fun: 17.67378181188368
   maxcv: 0.2609186975722411
 message: 'Did not converge to a solution satisfying the constraints. See `maxcv` for magnitude of violation.'
    nfev: 299
  status: 4
 success: False
       x: array([0.61892688, 0.61892688, 0.61892688, 0.61892688, 0.61892688,
       0.61892688, 0.61892688, 0.93984558, 0.93984558, 0.93984558,
       0.61892688, 0.61892688, 0.61892688, 0.61892688, 0.61892688,
       0.61892688, 0.61892688, 0.61892688, 0.61892688, 0.61892688,
       0.61892688, 0.61892688, 0.61892688, 0.61892688, 0.61892688,
       0.61892688, 0.61892688])

real	0m17.585s
user	0m16.863s
sys	0m0.535s
Instance 28
[INFO] aspmc: Tree Decomposition #bags: 33 unfolded treewidth: 3 #vertices: 35
[INFO] aspmc: Preprocessing disabled
[INFO] aspmc:    Stats Compilation
[INFO] aspmc: ------------------------------------------------------------
[INFO] aspmc: X/D-Constrained Tree Decomposition #bags: 47 treewidth: 10 #vertices: 76
[INFO] aspmc: Dtree time:               2.0321218967437744
[INFO] aspmc: Compilation time:         0.016277790069580078
[INFO] aspmc: Preparation time:         0.00014066696166992188
[INFO] aspmc: Counting time:            0.1045534610748291
[INFO] aspmc: ------------------------------------------------------------
[0.99::a0., 0.99::a1., 0.99::a2., 0.99::a3., 0.99::a4., 0.99::a5., 0.99::a6., 0.99::a7., 0.99::a8., 0.99::a9., 0.99::a10., 0.99::a11., 0.99::a12., 0.99::a13., 0.99::a14., 0.99::a15., 0.99::a16., 0.99::a17., 0.99::a18., 0.99::a19., 0.99::a20., 0.99::a21., 0.99::a22., 0.99::a23., 0.99::a24., 0.99::a25., 0.99::a26., 0.99::a27., 0.99::a28., 0.99::a29., qr:-a0,a2,a4,a6,a8,a10,a12,a14,a16,a18,a20,a22,a24,a26,a28., qr:-a1,a3,a5,a7,a9,a11,a13,a15,a17,a19,a21,a23,a25,a27,a29,not nqr., nqr:-a1,a3,a5,a7,a9,a11,a13,a15,a17,a19,a21,a23,a25,a27,a29,not qr., query(qr).]
tracc
nnf_construction_time: 3.265488386154175
Pre simplification
number of sums: 2401
number of prods: 7921
-0.9801*v_10*v_11*v_12*v_13*v_14*v_15*v_18*v_19*v_2*v_20*v_21*v_22*v_23*v_24*v_25*v_26*v_27*v_28*v_29*v_3*v_30*v_31*v_4*v_5*v_6*v_7*v_8*v_9 + 0.99*v_10*v_11*v_12*v_13*v_14*v_15*v_2*v_3*v_4*v_5*v_6*v_7*v_8*v_9 + 0.99*v_18*v_19*v_20*v_21*v_22*v_23*v_24*v_25*v_26*v_27*v_28*v_29*v_30*v_31
Post simplification
symp_time: 2.7555670738220215
number of sums: 2
number of subs: 1
number of prods: 56
opt_time: 12.60619592666626
     fun: 19.225277982512416
   maxcv: 0.24259173412777896
 message: 'Did not converge to a solution satisfying the constraints. See `maxcv` for magnitude of violation.'
    nfev: 317
  status: 4
 success: False
       x: array([0.64338968, 0.64338968, 0.64338968, 0.64338968, 0.64338968,
       0.64338968, 0.64338968, 0.94598141, 0.94598141, 0.94598141,
       0.94598141, 0.64338968, 0.64338968, 0.64338968, 0.64338968,
       0.64338968, 0.64338968, 0.64338968, 0.64338968, 0.64338968,
       0.64338968, 0.64338968, 0.64338968, 0.64338968, 0.64338968,
       0.64338968, 0.64338968, 0.64338968])

real	0m19.678s
user	0m19.005s
sys	0m0.531s
Instance 29
[INFO] aspmc: Tree Decomposition #bags: 33 unfolded treewidth: 3 #vertices: 35
[INFO] aspmc: Preprocessing disabled
[INFO] aspmc:    Stats Compilation
[INFO] aspmc: ------------------------------------------------------------
[INFO] aspmc: X/D-Constrained Tree Decomposition #bags: 47 treewidth: 10 #vertices: 76
[INFO] aspmc: Dtree time:               2.033348560333252
[INFO] aspmc: Compilation time:         0.016433000564575195
[INFO] aspmc: Preparation time:         0.00013184547424316406
[INFO] aspmc: Counting time:            0.10260200500488281
[INFO] aspmc: ------------------------------------------------------------
[0.99::a0., 0.99::a1., 0.99::a2., 0.99::a3., 0.99::a4., 0.99::a5., 0.99::a6., 0.99::a7., 0.99::a8., 0.99::a9., 0.99::a10., 0.99::a11., 0.99::a12., 0.99::a13., 0.99::a14., 0.99::a15., 0.99::a16., 0.99::a17., 0.99::a18., 0.99::a19., 0.99::a20., 0.99::a21., 0.99::a22., 0.99::a23., 0.99::a24., 0.99::a25., 0.99::a26., 0.99::a27., 0.99::a28., 0.99::a29., qr:-a0,a2,a4,a6,a8,a10,a12,a14,a16,a18,a20,a22,a24,a26,a28., qr:-a1,a3,a5,a7,a9,a11,a13,a15,a17,a19,a21,a23,a25,a27,a29,not nqr., nqr:-a1,a3,a5,a7,a9,a11,a13,a15,a17,a19,a21,a23,a25,a27,a29,not qr., query(qr).]
tracc
nnf_construction_time: 3.2617499828338623
Pre simplification
number of sums: 2401
number of prods: 7921
-0.99*v_1*v_10*v_11*v_12*v_13*v_14*v_15*v_18*v_19*v_2*v_20*v_21*v_22*v_23*v_24*v_25*v_26*v_27*v_28*v_29*v_3*v_30*v_31*v_4*v_5*v_6*v_7*v_8*v_9 + 1.0*v_1*v_10*v_11*v_12*v_13*v_14*v_15*v_2*v_3*v_4*v_5*v_6*v_7*v_8*v_9 + 0.99*v_18*v_19*v_20*v_21*v_22*v_23*v_24*v_25*v_26*v_27*v_28*v_29*v_30*v_31
Post simplification
symp_time: 2.701420307159424
number of sums: 2
number of subs: 1
number of prods: 58
opt_time: 15.19416618347168
     fun: 16.897548319611047
   maxcv: 0.3290401423462615
 message: 'Did not converge to a solution satisfying the constraints. See `maxcv` for magnitude of violation.'
    nfev: 378
  status: 4
 success: False
       x: array([0.54171414, 0.54171414, 0.54171414, 0.54171414, 0.54171414,
       0.54171414, 0.54171414, 0.93075428, 0.54171414, 0.93075428,
       0.54171414, 0.93075428, 0.54171414, 0.54171414, 0.56243208,
       0.54171414, 0.54171414, 0.54171414, 0.54171414, 0.54171414,
       0.54171414, 0.54171414, 0.54171414, 0.54171414, 0.54171414,
       0.54171414, 0.54171414, 0.54171414, 0.54171414])

real	0m22.207s
user	0m21.532s
sys	0m0.530s
Instance 30
[INFO] aspmc: Tree Decomposition #bags: 33 unfolded treewidth: 3 #vertices: 35
[INFO] aspmc: Preprocessing disabled
[INFO] aspmc:    Stats Compilation
[INFO] aspmc: ------------------------------------------------------------
[INFO] aspmc: X/D-Constrained Tree Decomposition #bags: 47 treewidth: 10 #vertices: 76
[INFO] aspmc: Dtree time:               2.0307047367095947
[INFO] aspmc: Compilation time:         0.015714645385742188
[INFO] aspmc: Preparation time:         0.00011801719665527344
[INFO] aspmc: Counting time:            0.10512495040893555
[INFO] aspmc: ------------------------------------------------------------
[0.99::a0., 0.99::a1., 0.99::a2., 0.99::a3., 0.99::a4., 0.99::a5., 0.99::a6., 0.99::a7., 0.99::a8., 0.99::a9., 0.99::a10., 0.99::a11., 0.99::a12., 0.99::a13., 0.99::a14., 0.99::a15., 0.99::a16., 0.99::a17., 0.99::a18., 0.99::a19., 0.99::a20., 0.99::a21., 0.99::a22., 0.99::a23., 0.99::a24., 0.99::a25., 0.99::a26., 0.99::a27., 0.99::a28., 0.99::a29., qr:-a0,a2,a4,a6,a8,a10,a12,a14,a16,a18,a20,a22,a24,a26,a28., qr:-a1,a3,a5,a7,a9,a11,a13,a15,a17,a19,a21,a23,a25,a27,a29,not nqr., nqr:-a1,a3,a5,a7,a9,a11,a13,a15,a17,a19,a21,a23,a25,a27,a29,not qr., query(qr).]
tracc
nnf_construction_time: 3.258479118347168
Pre simplification
number of sums: 2401
number of prods: 7921
-v_1*v_10*v_11*v_12*v_13*v_14*v_15*v_17*v_18*v_19*v_2*v_20*v_21*v_22*v_23*v_24*v_25*v_26*v_27*v_28*v_29*v_3*v_30*v_31*v_4*v_5*v_6*v_7*v_8*v_9 + v_1*v_10*v_11*v_12*v_13*v_14*v_15*v_2*v_3*v_4*v_5*v_6*v_7*v_8*v_9 + v_17*v_18*v_19*v_20*v_21*v_22*v_23*v_24*v_25*v_26*v_27*v_28*v_29*v_30*v_31
Post simplification
symp_time: 2.291877508163452
number of sums: 2
number of subs: 1
number of prods: 57
opt_time: 14.203644037246704
     fun: 19.466358740955272
   maxcv: 0.2667520694992776
 message: 'Did not converge to a solution satisfying the constraints. See `maxcv` for magnitude of violation.'
    nfev: 327
  status: 4
 success: False
       x: array([0.61620342, 0.61620342, 0.61620342, 0.61620342, 0.61620342,
       0.61620342, 0.61620342, 0.61620342, 0.94295549, 0.61620342,
       0.94295549, 0.61620342, 0.94295549, 0.61620342, 0.61620342,
       0.61620342, 0.61620342, 0.61620342, 0.61620342, 0.61620342,
       0.61620342, 0.61620342, 0.61620342, 0.61620342, 0.61620342,
       0.61620342, 0.61620342, 0.61620342, 0.61620342, 0.61620342])

real	0m20.783s
user	0m20.107s
sys	0m0.514s
Ended at: 
Sat Dec  9 09:21:33 CET 2023
