Started at: 
Sat Dec  9 09:16:53 CET 2023
Instance 2
[INFO] aspmc: Tree Decomposition #bags: 33 unfolded treewidth: 3 #vertices: 35
[INFO] aspmc: Preprocessing disabled
[INFO] aspmc:    Stats Compilation
[INFO] aspmc: ------------------------------------------------------------
[INFO] aspmc: X/D-Constrained Tree Decomposition #bags: 47 treewidth: 10 #vertices: 76
[INFO] aspmc: Dtree time:               2.0316126346588135
[INFO] aspmc: Compilation time:         0.017081499099731445
[INFO] aspmc: Preparation time:         0.0001347064971923828
[INFO] aspmc: Counting time:            0.10587716102600098
[INFO] aspmc: ------------------------------------------------------------
[0.99::a0., 0.99::a1., 0.99::a2., 0.99::a3., 0.99::a4., 0.99::a5., 0.99::a6., 0.99::a7., 0.99::a8., 0.99::a9., 0.99::a10., 0.99::a11., 0.99::a12., 0.99::a13., 0.99::a14., 0.99::a15., 0.99::a16., 0.99::a17., 0.99::a18., 0.99::a19., 0.99::a20., 0.99::a21., 0.99::a22., 0.99::a23., 0.99::a24., 0.99::a25., 0.99::a26., 0.99::a27., 0.99::a28., 0.99::a29., qr:-a0,a2,a4,a6,a8,a10,a12,a14,a16,a18,a20,a22,a24,a26,a28., qr:-a1,a3,a5,a7,a9,a11,a13,a15,a17,a19,a21,a23,a25,a27,a29,not nqr., nqr:-a1,a3,a5,a7,a9,a11,a13,a15,a17,a19,a21,a23,a25,a27,a29,not qr., query(qr).]
tracc
nnf_construction_time: 3.270413398742676
Pre simplification
number of sums: 2401
number of prods: 7921
0.868745812768978*v_15 - 0.868745812768978*v_31*(0.868745812768978*v_15 - 1.0)
Post simplification
symp_time: 1.086181402206421
number of sums: 0
number of subs: 2
number of prods: 4
opt_time: 0.041100502014160156
     fun: 1.0412192746075448
     jac: array([1., 1.])
 message: 'Optimization terminated successfully'
    nfev: 4
     nit: 4
    njev: 4
  status: 0
 success: True
       x: array([0.52060964, 0.52060964])

real	0m5.923s
user	0m5.008s
sys	0m0.569s
Instance 3
[INFO] aspmc: Tree Decomposition #bags: 33 unfolded treewidth: 3 #vertices: 35
[INFO] aspmc: Preprocessing disabled
[INFO] aspmc:    Stats Compilation
[INFO] aspmc: ------------------------------------------------------------
[INFO] aspmc: X/D-Constrained Tree Decomposition #bags: 47 treewidth: 10 #vertices: 76
[INFO] aspmc: Dtree time:               2.030891180038452
[INFO] aspmc: Compilation time:         0.015282392501831055
[INFO] aspmc: Preparation time:         0.00013875961303710938
[INFO] aspmc: Counting time:            0.11364269256591797
[INFO] aspmc: ------------------------------------------------------------
[0.99::a0., 0.99::a1., 0.99::a2., 0.99::a3., 0.99::a4., 0.99::a5., 0.99::a6., 0.99::a7., 0.99::a8., 0.99::a9., 0.99::a10., 0.99::a11., 0.99::a12., 0.99::a13., 0.99::a14., 0.99::a15., 0.99::a16., 0.99::a17., 0.99::a18., 0.99::a19., 0.99::a20., 0.99::a21., 0.99::a22., 0.99::a23., 0.99::a24., 0.99::a25., 0.99::a26., 0.99::a27., 0.99::a28., 0.99::a29., qr:-a0,a2,a4,a6,a8,a10,a12,a14,a16,a18,a20,a22,a24,a26,a28., qr:-a1,a3,a5,a7,a9,a11,a13,a15,a17,a19,a21,a23,a25,a27,a29,not nqr., nqr:-a1,a3,a5,a7,a9,a11,a13,a15,a17,a19,a21,a23,a25,a27,a29,not qr., query(qr).]
tracc
nnf_construction_time: 3.275477170944214
Pre simplification
number of sums: 2401
number of prods: 7921
-0.762342714347103*v_14*v_15*v_31 + 0.877521022998968*v_14*v_15 + 0.868745812768978*v_31
Post simplification
symp_time: 1.1602237224578857
number of sums: 2
number of subs: 1
number of prods: 6
opt_time: 0.053118228912353516
     fun: 1.5493550933970401
     jac: array([1., 1., 1.])
 message: 'Optimization terminated successfully'
    nfev: 3
     nit: 3
    njev: 3
  status: 0
 success: True
       x: array([0.4       , 0.74935509, 0.4       ])

real	0m5.531s
user	0m4.936s
sys	0m0.466s
Instance 4
[INFO] aspmc: Tree Decomposition #bags: 33 unfolded treewidth: 3 #vertices: 35
[INFO] aspmc: Preprocessing disabled
[INFO] aspmc:    Stats Compilation
[INFO] aspmc: ------------------------------------------------------------
[INFO] aspmc: X/D-Constrained Tree Decomposition #bags: 47 treewidth: 10 #vertices: 76
[INFO] aspmc: Dtree time:               2.0311574935913086
[INFO] aspmc: Compilation time:         0.016166210174560547
[INFO] aspmc: Preparation time:         0.00012993812561035156
[INFO] aspmc: Counting time:            0.10680842399597168
[INFO] aspmc: ------------------------------------------------------------
[0.99::a0., 0.99::a1., 0.99::a2., 0.99::a3., 0.99::a4., 0.99::a5., 0.99::a6., 0.99::a7., 0.99::a8., 0.99::a9., 0.99::a10., 0.99::a11., 0.99::a12., 0.99::a13., 0.99::a14., 0.99::a15., 0.99::a16., 0.99::a17., 0.99::a18., 0.99::a19., 0.99::a20., 0.99::a21., 0.99::a22., 0.99::a23., 0.99::a24., 0.99::a25., 0.99::a26., 0.99::a27., 0.99::a28., 0.99::a29., qr:-a0,a2,a4,a6,a8,a10,a12,a14,a16,a18,a20,a22,a24,a26,a28., qr:-a1,a3,a5,a7,a9,a11,a13,a15,a17,a19,a21,a23,a25,a27,a29,not nqr., nqr:-a1,a3,a5,a7,a9,a11,a13,a15,a17,a19,a21,a23,a25,a27,a29,not qr., query(qr).]
tracc
nnf_construction_time: 3.26487398147583
Pre simplification
number of sums: 2401
number of prods: 7921
-0.770043145805155*v_14*v_15*v_30*v_31 + 0.877521022998968*v_14*v_15 + 0.877521022998968*v_30*v_31
Post simplification
symp_time: 1.163053035736084
number of sums: 2
number of subs: 1
number of prods: 8
opt_time: 0.09181094169616699
     fun: 2.871664439813922
     jac: array([1., 1., 1., 1.])
 message: 'Optimization terminated successfully'
    nfev: 5
     nit: 4
    njev: 4
  status: 0
 success: True
       x: array([0.71791611, 0.71791611, 0.71791611, 0.71791611])

real	0m5.595s
user	0m4.986s
sys	0m0.471s
Instance 5
[INFO] aspmc: Tree Decomposition #bags: 33 unfolded treewidth: 3 #vertices: 35
[INFO] aspmc: Preprocessing disabled
[INFO] aspmc:    Stats Compilation
[INFO] aspmc: ------------------------------------------------------------
[INFO] aspmc: X/D-Constrained Tree Decomposition #bags: 47 treewidth: 10 #vertices: 76
[INFO] aspmc: Dtree time:               2.0306997299194336
[INFO] aspmc: Compilation time:         0.015538930892944336
[INFO] aspmc: Preparation time:         0.00012111663818359375
[INFO] aspmc: Counting time:            0.1100616455078125
[INFO] aspmc: ------------------------------------------------------------
[0.99::a0., 0.99::a1., 0.99::a2., 0.99::a3., 0.99::a4., 0.99::a5., 0.99::a6., 0.99::a7., 0.99::a8., 0.99::a9., 0.99::a10., 0.99::a11., 0.99::a12., 0.99::a13., 0.99::a14., 0.99::a15., 0.99::a16., 0.99::a17., 0.99::a18., 0.99::a19., 0.99::a20., 0.99::a21., 0.99::a22., 0.99::a23., 0.99::a24., 0.99::a25., 0.99::a26., 0.99::a27., 0.99::a28., 0.99::a29., qr:-a0,a2,a4,a6,a8,a10,a12,a14,a16,a18,a20,a22,a24,a26,a28., qr:-a1,a3,a5,a7,a9,a11,a13,a15,a17,a19,a21,a23,a25,a27,a29,not nqr., nqr:-a1,a3,a5,a7,a9,a11,a13,a15,a17,a19,a21,a23,a25,a27,a29,not qr., query(qr).]
tracc
nnf_construction_time: 3.2634682655334473
Pre simplification
number of sums: 2401
number of prods: 7921
-0.777821359399147*v_13*v_14*v_15*v_30*v_31 + 0.886384871716129*v_13*v_14*v_15 + 0.877521022998968*v_30*v_31
Post simplification
symp_time: 1.235447645187378
number of sums: 2
number of subs: 1
number of prods: 10
opt_time: 0.14916467666625977
     fun: 2.9631124633806927
     jac: array([1., 1., 1., 1., 1.])
 message: 'Optimization terminated successfully'
    nfev: 5
     nit: 6
    njev: 5
  status: 0
 success: True
       x: array([0.4       , 0.88155623, 0.4       , 0.88155623, 0.4       ])

real	0m5.673s
user	0m5.021s
sys	0m0.515s
Instance 6
[INFO] aspmc: Tree Decomposition #bags: 33 unfolded treewidth: 3 #vertices: 35
[INFO] aspmc: Preprocessing disabled
[INFO] aspmc:    Stats Compilation
[INFO] aspmc: ------------------------------------------------------------
[INFO] aspmc: X/D-Constrained Tree Decomposition #bags: 47 treewidth: 10 #vertices: 76
[INFO] aspmc: Dtree time:               2.0313007831573486
[INFO] aspmc: Compilation time:         0.016262531280517578
[INFO] aspmc: Preparation time:         0.0001220703125
[INFO] aspmc: Counting time:            0.11081242561340332
[INFO] aspmc: ------------------------------------------------------------
[0.99::a0., 0.99::a1., 0.99::a2., 0.99::a3., 0.99::a4., 0.99::a5., 0.99::a6., 0.99::a7., 0.99::a8., 0.99::a9., 0.99::a10., 0.99::a11., 0.99::a12., 0.99::a13., 0.99::a14., 0.99::a15., 0.99::a16., 0.99::a17., 0.99::a18., 0.99::a19., 0.99::a20., 0.99::a21., 0.99::a22., 0.99::a23., 0.99::a24., 0.99::a25., 0.99::a26., 0.99::a27., 0.99::a28., 0.99::a29., qr:-a0,a2,a4,a6,a8,a10,a12,a14,a16,a18,a20,a22,a24,a26,a28., qr:-a1,a3,a5,a7,a9,a11,a13,a15,a17,a19,a21,a23,a25,a27,a29,not nqr., nqr:-a1,a3,a5,a7,a9,a11,a13,a15,a17,a19,a21,a23,a25,a27,a29,not qr., query(qr).]
tracc
nnf_construction_time: 3.383841037750244
Pre simplification
number of sums: 2401
number of prods: 7921
-0.785678140807219*v_13*v_14*v_15*v_29*v_30*v_31 + 0.886384871716129*v_13*v_14*v_15 + 0.886384871716129*v_29*v_30*v_31
Post simplification
symp_time: 1.293647050857544
number of sums: 2
number of subs: 1
number of prods: 12
opt_time: 0.20760369300842285
     fun: 4.794523458692388
     jac: array([1., 1., 1., 1., 1., 1.])
 message: 'Optimization terminated successfully'
    nfev: 6
     nit: 6
    njev: 6
  status: 0
 success: True
       x: array([0.79908724, 0.79908724, 0.79908724, 0.79908724, 0.79908724,
       0.79908724])

real	0m5.901s
user	0m5.160s
sys	0m0.490s
Instance 7
[INFO] aspmc: Tree Decomposition #bags: 33 unfolded treewidth: 3 #vertices: 35
[INFO] aspmc: Preprocessing disabled
[INFO] aspmc:    Stats Compilation
[INFO] aspmc: ------------------------------------------------------------
[INFO] aspmc: X/D-Constrained Tree Decomposition #bags: 47 treewidth: 10 #vertices: 76
[INFO] aspmc: Dtree time:               2.031203269958496
[INFO] aspmc: Compilation time:         0.0157015323638916
[INFO] aspmc: Preparation time:         0.0001316070556640625
[INFO] aspmc: Counting time:            0.11294174194335938
[INFO] aspmc: ------------------------------------------------------------
[0.99::a0., 0.99::a1., 0.99::a2., 0.99::a3., 0.99::a4., 0.99::a5., 0.99::a6., 0.99::a7., 0.99::a8., 0.99::a9., 0.99::a10., 0.99::a11., 0.99::a12., 0.99::a13., 0.99::a14., 0.99::a15., 0.99::a16., 0.99::a17., 0.99::a18., 0.99::a19., 0.99::a20., 0.99::a21., 0.99::a22., 0.99::a23., 0.99::a24., 0.99::a25., 0.99::a26., 0.99::a27., 0.99::a28., 0.99::a29., qr:-a0,a2,a4,a6,a8,a10,a12,a14,a16,a18,a20,a22,a24,a26,a28., qr:-a1,a3,a5,a7,a9,a11,a13,a15,a17,a19,a21,a23,a25,a27,a29,not nqr., nqr:-a1,a3,a5,a7,a9,a11,a13,a15,a17,a19,a21,a23,a25,a27,a29,not qr., query(qr).]
tracc
nnf_construction_time: 3.2673325538635254
Pre simplification
number of sums: 2401
number of prods: 7921
-0.793614283643655*v_12*v_13*v_14*v_15*v_29*v_30*v_31 + 0.895338254258716*v_12*v_13*v_14*v_15 + 0.886384871716129*v_29*v_30*v_31
Post simplification
symp_time: 1.3387365341186523
number of sums: 2
number of subs: 1
number of prods: 14
opt_time: 0.3981602191925049
     fun: 4.363654320643379
     jac: array([1., 1., 1., 1., 1., 1., 1.])
 message: 'Optimization terminated successfully'
    nfev: 12
     nit: 11
    njev: 11
  status: 0
 success: True
       x: array([0.4       , 0.92121811, 0.4       , 0.92121811, 0.4       ,
       0.92121811, 0.4       ])

real	0m6.017s
user	0m5.370s
sys	0m0.518s
Instance 8
[INFO] aspmc: Tree Decomposition #bags: 33 unfolded treewidth: 3 #vertices: 35
[INFO] aspmc: Preprocessing disabled
[INFO] aspmc:    Stats Compilation
[INFO] aspmc: ------------------------------------------------------------
[INFO] aspmc: X/D-Constrained Tree Decomposition #bags: 47 treewidth: 10 #vertices: 76
[INFO] aspmc: Dtree time:               2.0311269760131836
[INFO] aspmc: Compilation time:         0.015697956085205078
[INFO] aspmc: Preparation time:         0.0001323223114013672
[INFO] aspmc: Counting time:            0.10924315452575684
[INFO] aspmc: ------------------------------------------------------------
[0.99::a0., 0.99::a1., 0.99::a2., 0.99::a3., 0.99::a4., 0.99::a5., 0.99::a6., 0.99::a7., 0.99::a8., 0.99::a9., 0.99::a10., 0.99::a11., 0.99::a12., 0.99::a13., 0.99::a14., 0.99::a15., 0.99::a16., 0.99::a17., 0.99::a18., 0.99::a19., 0.99::a20., 0.99::a21., 0.99::a22., 0.99::a23., 0.99::a24., 0.99::a25., 0.99::a26., 0.99::a27., 0.99::a28., 0.99::a29., qr:-a0,a2,a4,a6,a8,a10,a12,a14,a16,a18,a20,a22,a24,a26,a28., qr:-a1,a3,a5,a7,a9,a11,a13,a15,a17,a19,a21,a23,a25,a27,a29,not nqr., nqr:-a1,a3,a5,a7,a9,a11,a13,a15,a17,a19,a21,a23,a25,a27,a29,not qr., query(qr).]
tracc
nnf_construction_time: 3.2639975547790527
Pre simplification
number of sums: 2401
number of prods: 7921
-0.801630589539046*v_12*v_13*v_14*v_15*v_28*v_29*v_30*v_31 + 3.08148791101958e-33*v_12*v_13*v_14*v_15*v_28*v_29 - 9.94025144705719e-17*v_12*v_13*v_14*v_15*v_28 - 2.77555756156289e-17*v_12*v_13*v_14*v_15*v_29 + 0.895338254258716*v_12*v_13*v_14*v_15 + 0.895338254258716*v_28*v_29*v_30*v_31
Post simplification
symp_time: 1.449230670928955
number of sums: 3
number of subs: 6
number of prods: 32
opt_time: 0.8732967376708984
     fun: 5.3518082942321845
     jac: array([1., 1., 1., 1., 1., 1., 1., 1.])
 message: 'Optimization terminated successfully'
    nfev: 20
     nit: 17
    njev: 16
  status: 0
 success: True
       x: array([0.93795207, 0.4       , 0.93795207, 0.4       , 0.93795207,
       0.4       , 0.93795207, 0.4       ])

real	0m6.574s
user	0m5.964s
sys	0m0.481s
Instance 9
[INFO] aspmc: Tree Decomposition #bags: 33 unfolded treewidth: 3 #vertices: 35
[INFO] aspmc: Preprocessing disabled
[INFO] aspmc:    Stats Compilation
[INFO] aspmc: ------------------------------------------------------------
[INFO] aspmc: X/D-Constrained Tree Decomposition #bags: 47 treewidth: 10 #vertices: 76
[INFO] aspmc: Dtree time:               2.0320003032684326
[INFO] aspmc: Compilation time:         0.01614546775817871
[INFO] aspmc: Preparation time:         0.0001323223114013672
[INFO] aspmc: Counting time:            0.1075286865234375
[INFO] aspmc: ------------------------------------------------------------
[0.99::a0., 0.99::a1., 0.99::a2., 0.99::a3., 0.99::a4., 0.99::a5., 0.99::a6., 0.99::a7., 0.99::a8., 0.99::a9., 0.99::a10., 0.99::a11., 0.99::a12., 0.99::a13., 0.99::a14., 0.99::a15., 0.99::a16., 0.99::a17., 0.99::a18., 0.99::a19., 0.99::a20., 0.99::a21., 0.99::a22., 0.99::a23., 0.99::a24., 0.99::a25., 0.99::a26., 0.99::a27., 0.99::a28., 0.99::a29., qr:-a0,a2,a4,a6,a8,a10,a12,a14,a16,a18,a20,a22,a24,a26,a28., qr:-a1,a3,a5,a7,a9,a11,a13,a15,a17,a19,a21,a23,a25,a27,a29,not nqr., nqr:-a1,a3,a5,a7,a9,a11,a13,a15,a17,a19,a21,a23,a25,a27,a29,not qr., query(qr).]
tracc
nnf_construction_time: 3.2616846561431885
Pre simplification
number of sums: 2401
number of prods: 7921
-0.809727868221258*v_11*v_12*v_13*v_14*v_15*v_28*v_29*v_30*v_31 + 8.47409175530384e-33*v_11*v_12*v_13*v_14*v_15*v_28*v_29 - 1.00406580273305e-16*v_11*v_12*v_13*v_14*v_15*v_28 - 7.63278329429795e-17*v_11*v_12*v_13*v_14*v_15*v_29 + 0.904382075008804*v_11*v_12*v_13*v_14*v_15 + 0.895338254258716*v_28*v_29*v_30*v_31
Post simplification
symp_time: 1.499072551727295
number of sums: 3
number of subs: 6
number of prods: 37
opt_time: 0.6467671394348145
     fun: 5.757525113411107
     jac: array([1., 1., 1., 1., 1., 1., 1., 1., 1.])
 message: 'Optimization terminated successfully'
    nfev: 9
     nit: 8
    njev: 8
  status: 0
 success: True
       x: array([0.4       , 0.93938128, 0.4       , 0.93938128, 0.4       ,
       0.93938128, 0.4       , 0.93938128, 0.4       ])

real	0m6.401s
user	0m5.784s
sys	0m0.482s
Instance 10
[INFO] aspmc: Tree Decomposition #bags: 33 unfolded treewidth: 3 #vertices: 35
[INFO] aspmc: Preprocessing disabled
[INFO] aspmc:    Stats Compilation
[INFO] aspmc: ------------------------------------------------------------
[INFO] aspmc: X/D-Constrained Tree Decomposition #bags: 47 treewidth: 10 #vertices: 76
[INFO] aspmc: Dtree time:               2.0319087505340576
[INFO] aspmc: Compilation time:         0.01620650291442871
[INFO] aspmc: Preparation time:         0.0001246929168701172
[INFO] aspmc: Counting time:            0.11204147338867188
[INFO] aspmc: ------------------------------------------------------------
[0.99::a0., 0.99::a1., 0.99::a2., 0.99::a3., 0.99::a4., 0.99::a5., 0.99::a6., 0.99::a7., 0.99::a8., 0.99::a9., 0.99::a10., 0.99::a11., 0.99::a12., 0.99::a13., 0.99::a14., 0.99::a15., 0.99::a16., 0.99::a17., 0.99::a18., 0.99::a19., 0.99::a20., 0.99::a21., 0.99::a22., 0.99::a23., 0.99::a24., 0.99::a25., 0.99::a26., 0.99::a27., 0.99::a28., 0.99::a29., qr:-a0,a2,a4,a6,a8,a10,a12,a14,a16,a18,a20,a22,a24,a26,a28., qr:-a1,a3,a5,a7,a9,a11,a13,a15,a17,a19,a21,a23,a25,a27,a29,not nqr., nqr:-a1,a3,a5,a7,a9,a11,a13,a15,a17,a19,a21,a23,a25,a27,a29,not qr., query(qr).]
tracc
nnf_construction_time: 3.2658445835113525
Pre simplification
number of sums: 2401
number of prods: 7921
-0.817906937597231*v_11*v_12*v_13*v_14*v_15*v_27*v_28*v_29*v_30*v_31 + 8.47409175530384e-33*v_11*v_12*v_13*v_14*v_15*v_27*v_28*v_29 - 1.00406580273305e-16*v_11*v_12*v_13*v_14*v_15*v_27*v_28 - 7.63278329429795e-17*v_11*v_12*v_13*v_14*v_15*v_29 + 0.904382075008804*v_11*v_12*v_13*v_14*v_15 + 0.904382075008804*v_27*v_28*v_29*v_30*v_31
Post simplification
symp_time: 1.511484146118164
number of sums: 3
number of subs: 6
number of prods: 41
opt_time: 1.4906928539276123
     fun: 6.746468069994875
     jac: array([1., 1., 1., 1., 1., 1., 1., 1., 1., 1.])
 message: 'Optimization terminated successfully'
    nfev: 33
     nit: 22
    njev: 21
  status: 0
 success: True
       x: array([0.94929361, 0.4       , 0.94929361, 0.4       , 0.94929361,
       0.4       , 0.94929361, 0.4       , 0.94929361, 0.4       ])

real	0m7.292s
user	0m6.630s
sys	0m0.507s
Instance 11
[INFO] aspmc: Tree Decomposition #bags: 33 unfolded treewidth: 3 #vertices: 35
[INFO] aspmc: Preprocessing disabled
[INFO] aspmc:    Stats Compilation
[INFO] aspmc: ------------------------------------------------------------
[INFO] aspmc: X/D-Constrained Tree Decomposition #bags: 47 treewidth: 10 #vertices: 76
[INFO] aspmc: Dtree time:               2.03171706199646
[INFO] aspmc: Compilation time:         0.01578354835510254
[INFO] aspmc: Preparation time:         0.0001285076141357422
[INFO] aspmc: Counting time:            0.10944724082946777
[INFO] aspmc: ------------------------------------------------------------
[0.99::a0., 0.99::a1., 0.99::a2., 0.99::a3., 0.99::a4., 0.99::a5., 0.99::a6., 0.99::a7., 0.99::a8., 0.99::a9., 0.99::a10., 0.99::a11., 0.99::a12., 0.99::a13., 0.99::a14., 0.99::a15., 0.99::a16., 0.99::a17., 0.99::a18., 0.99::a19., 0.99::a20., 0.99::a21., 0.99::a22., 0.99::a23., 0.99::a24., 0.99::a25., 0.99::a26., 0.99::a27., 0.99::a28., 0.99::a29., qr:-a0,a2,a4,a6,a8,a10,a12,a14,a16,a18,a20,a22,a24,a26,a28., qr:-a1,a3,a5,a7,a9,a11,a13,a15,a17,a19,a21,a23,a25,a27,a29,not nqr., nqr:-a1,a3,a5,a7,a9,a11,a13,a15,a17,a19,a21,a23,a25,a27,a29,not qr., query(qr).]
tracc
nnf_construction_time: 3.2649505138397217
Pre simplification
number of sums: 2401
number of prods: 7921
-0.826168623835587*v_10*v_11*v_12*v_13*v_14*v_15*v_27*v_28*v_29*v_30*v_31 + 1.04000216996911e-32*v_10*v_11*v_12*v_13*v_14*v_15*v_27*v_28*v_29 - 1.01420788154854e-16*v_10*v_11*v_12*v_13*v_14*v_15*v_27*v_28 - 9.36750677027476e-17*v_10*v_11*v_12*v_13*v_14*v_15*v_29 + 0.913517247483641*v_10*v_11*v_12*v_13*v_14*v_15 + 0.904382075008804*v_27*v_28*v_29*v_30*v_31
Post simplification
symp_time: 1.5293209552764893
number of sums: 3
number of subs: 6
number of prods: 46
opt_time: 0.8952515125274658
     fun: 7.148749923325382
     jac: array([1., 1., 1., 1., 1., 1., 1., 1., 1., 1., 1.])
 message: 'Optimization terminated successfully'
    nfev: 11
     nit: 8
    njev: 8
  status: 0
 success: True
       x: array([0.94974998, 0.4       , 0.94974998, 0.4       , 0.94974998,
       0.4       , 0.94974998, 0.4       , 0.4       , 0.94974998,
       0.4       ])

real	0m6.703s
user	0m6.053s
sys	0m0.512s
Instance 12
[INFO] aspmc: Tree Decomposition #bags: 33 unfolded treewidth: 3 #vertices: 35
[INFO] aspmc: Preprocessing disabled
[INFO] aspmc:    Stats Compilation
[INFO] aspmc: ------------------------------------------------------------
[INFO] aspmc: X/D-Constrained Tree Decomposition #bags: 47 treewidth: 10 #vertices: 76
[INFO] aspmc: Dtree time:               2.0321273803710938
[INFO] aspmc: Compilation time:         0.016338586807250977
[INFO] aspmc: Preparation time:         0.00012302398681640625
[INFO] aspmc: Counting time:            0.10280251502990723
[INFO] aspmc: ------------------------------------------------------------
[0.99::a0., 0.99::a1., 0.99::a2., 0.99::a3., 0.99::a4., 0.99::a5., 0.99::a6., 0.99::a7., 0.99::a8., 0.99::a9., 0.99::a10., 0.99::a11., 0.99::a12., 0.99::a13., 0.99::a14., 0.99::a15., 0.99::a16., 0.99::a17., 0.99::a18., 0.99::a19., 0.99::a20., 0.99::a21., 0.99::a22., 0.99::a23., 0.99::a24., 0.99::a25., 0.99::a26., 0.99::a27., 0.99::a28., 0.99::a29., qr:-a0,a2,a4,a6,a8,a10,a12,a14,a16,a18,a20,a22,a24,a26,a28., qr:-a1,a3,a5,a7,a9,a11,a13,a15,a17,a19,a21,a23,a25,a27,a29,not nqr., nqr:-a1,a3,a5,a7,a9,a11,a13,a15,a17,a19,a21,a23,a25,a27,a29,not qr., query(qr).]
tracc
nnf_construction_time: 3.257849931716919
Pre simplification
number of sums: 2401
number of prods: 7921
-0.834513761450087*v_10*v_11*v_12*v_13*v_14*v_15*v_26*v_27*v_28*v_29*v_30*v_31 + 1.04000216996911e-32*v_10*v_11*v_12*v_13*v_14*v_15*v_27*v_28*v_29 - 1.01420788154854e-16*v_10*v_11*v_12*v_13*v_14*v_15*v_27*v_28 - 9.36750677027476e-17*v_10*v_11*v_12*v_13*v_14*v_15*v_29 + 0.913517247483641*v_10*v_11*v_12*v_13*v_14*v_15 + 0.913517247483641*v_26*v_27*v_28*v_29*v_30*v_31
Post simplification
symp_time: 1.5774803161621094
number of sums: 3
number of subs: 6
number of prods: 48
opt_time: 1.7610485553741455
     fun: 8.138057050095206
     jac: array([1., 1., 1., 1., 1., 1., 1., 1., 1., 1., 1., 1.])
 message: 'Optimization terminated successfully'
    nfev: 28
     nit: 20
    njev: 19
  status: 0
 success: True
       x: array([0.4       , 0.95634284, 0.4       , 0.95634284, 0.4       ,
       0.95634284, 0.4       , 0.95634284, 0.4       , 0.95634284,
       0.4       , 0.95634284])

real	0m7.889s
user	0m7.038s
sys	0m0.506s
Instance 13
[INFO] aspmc: Tree Decomposition #bags: 33 unfolded treewidth: 3 #vertices: 35
[INFO] aspmc: Preprocessing disabled
[INFO] aspmc:    Stats Compilation
[INFO] aspmc: ------------------------------------------------------------
[INFO] aspmc: X/D-Constrained Tree Decomposition #bags: 47 treewidth: 10 #vertices: 76
[INFO] aspmc: Dtree time:               2.0312771797180176
[INFO] aspmc: Compilation time:         0.015156984329223633
[INFO] aspmc: Preparation time:         0.000125885009765625
[INFO] aspmc: Counting time:            0.10446476936340332
[INFO] aspmc: ------------------------------------------------------------
[0.99::a0., 0.99::a1., 0.99::a2., 0.99::a3., 0.99::a4., 0.99::a5., 0.99::a6., 0.99::a7., 0.99::a8., 0.99::a9., 0.99::a10., 0.99::a11., 0.99::a12., 0.99::a13., 0.99::a14., 0.99::a15., 0.99::a16., 0.99::a17., 0.99::a18., 0.99::a19., 0.99::a20., 0.99::a21., 0.99::a22., 0.99::a23., 0.99::a24., 0.99::a25., 0.99::a26., 0.99::a27., 0.99::a28., 0.99::a29., qr:-a0,a2,a4,a6,a8,a10,a12,a14,a16,a18,a20,a22,a24,a26,a28., qr:-a1,a3,a5,a7,a9,a11,a13,a15,a17,a19,a21,a23,a25,a27,a29,not nqr., nqr:-a1,a3,a5,a7,a9,a11,a13,a15,a17,a19,a21,a23,a25,a27,a29,not qr., query(qr).]
tracc
nnf_construction_time: 3.2638304233551025
Pre simplification
number of sums: 2401
number of prods: 7921
-0.842943193383927*v_10*v_11*v_12*v_13*v_14*v_15*v_26*v_27*v_28*v_29*v_30*v_31*v_9 + 3.46667389989702e-33*v_10*v_11*v_12*v_13*v_14*v_15*v_27*v_28*v_29*v_9 - 1.02445240560458e-16*v_10*v_11*v_12*v_13*v_14*v_15*v_27*v_28*v_9 - 3.12250225675825e-17*v_10*v_11*v_12*v_13*v_14*v_15*v_29*v_9 + 0.92274469442792*v_10*v_11*v_12*v_13*v_14*v_15*v_9 - 1.01420788154854e-16*v_10*v_11*v_12*v_13*v_26*v_27*v_28*v_29*v_30*v_31*v_9 + 0.913517247483641*v_26*v_27*v_28*v_29*v_30*v_31
Post simplification
symp_time: 1.625654935836792
number of sums: 3
number of subs: 8
number of prods: 64
opt_time: 1.43125319480896
     fun: 8.538976951187042
     jac: array([1., 1., 1., 1., 1., 1., 1., 1., 1., 1., 1., 1., 1.])
 message: 'Optimization terminated successfully'
    nfev: 14
     nit: 9
    njev: 9
  status: 0
 success: True
       x: array([0.95649616, 0.4       , 0.95649616, 0.4       , 0.95649616,
       0.4       , 0.95649616, 0.4       , 0.4       , 0.95649616,
       0.4       , 0.95649616, 0.4       ])

real	0m7.360s
user	0m6.705s
sys	0m0.506s
Instance 14
[INFO] aspmc: Tree Decomposition #bags: 33 unfolded treewidth: 3 #vertices: 35
[INFO] aspmc: Preprocessing disabled
[INFO] aspmc:    Stats Compilation
[INFO] aspmc: ------------------------------------------------------------
[INFO] aspmc: X/D-Constrained Tree Decomposition #bags: 47 treewidth: 10 #vertices: 76
[INFO] aspmc: Dtree time:               2.031526803970337
[INFO] aspmc: Compilation time:         0.016069889068603516
[INFO] aspmc: Preparation time:         0.00012135505676269531
[INFO] aspmc: Counting time:            0.1048121452331543
[INFO] aspmc: ------------------------------------------------------------
[0.99::a0., 0.99::a1., 0.99::a2., 0.99::a3., 0.99::a4., 0.99::a5., 0.99::a6., 0.99::a7., 0.99::a8., 0.99::a9., 0.99::a10., 0.99::a11., 0.99::a12., 0.99::a13., 0.99::a14., 0.99::a15., 0.99::a16., 0.99::a17., 0.99::a18., 0.99::a19., 0.99::a20., 0.99::a21., 0.99::a22., 0.99::a23., 0.99::a24., 0.99::a25., 0.99::a26., 0.99::a27., 0.99::a28., 0.99::a29., qr:-a0,a2,a4,a6,a8,a10,a12,a14,a16,a18,a20,a22,a24,a26,a28., qr:-a1,a3,a5,a7,a9,a11,a13,a15,a17,a19,a21,a23,a25,a27,a29,not nqr., nqr:-a1,a3,a5,a7,a9,a11,a13,a15,a17,a19,a21,a23,a25,a27,a29,not qr., query(qr).]
tracc
nnf_construction_time: 3.2612664699554443
Pre simplification
number of sums: 2401
number of prods: 7921
-0.851457771094875*v_10*v_11*v_12*v_13*v_14*v_15*v_25*v_26*v_27*v_28*v_29*v_30*v_31*v_9 + 0.92274469442792*v_10*v_11*v_12*v_13*v_14*v_15*v_9 - 1.02445240560458e-16*v_10*v_11*v_12*v_13*v_25*v_26*v_27*v_28*v_29*v_30*v_31*v_9 + 0.92274469442792*v_25*v_26*v_27*v_28*v_29*v_30*v_31
Post simplification
symp_time: 1.649106740951538
number of sums: 2
number of subs: 3
number of prods: 40
opt_time: 1.316497564315796
     fun: 12.644117331511698
     jac: array([1., 1., 1., 1., 1., 1., 1., 1., 1., 1., 1., 1., 1., 1.])
 message: 'Optimization terminated successfully'
    nfev: 16
     nit: 11
    njev: 11
  status: 0
 success: True
       x: array([0.90315113, 0.90315134, 0.90315113, 0.90315134, 0.90315113,
       0.90315134, 0.90315113, 0.90315134, 0.90315113, 0.90315134,
       0.90315113, 0.90315134, 0.90315113, 0.90315134])

real	0m7.291s
user	0m6.591s
sys	0m0.545s
Instance 15
[INFO] aspmc: Tree Decomposition #bags: 33 unfolded treewidth: 3 #vertices: 35
[INFO] aspmc: Preprocessing disabled
[INFO] aspmc:    Stats Compilation
[INFO] aspmc: ------------------------------------------------------------
[INFO] aspmc: X/D-Constrained Tree Decomposition #bags: 47 treewidth: 10 #vertices: 76
[INFO] aspmc: Dtree time:               2.0309107303619385
[INFO] aspmc: Compilation time:         0.015706777572631836
[INFO] aspmc: Preparation time:         0.00012803077697753906
[INFO] aspmc: Counting time:            0.1039736270904541
[INFO] aspmc: ------------------------------------------------------------
[0.99::a0., 0.99::a1., 0.99::a2., 0.99::a3., 0.99::a4., 0.99::a5., 0.99::a6., 0.99::a7., 0.99::a8., 0.99::a9., 0.99::a10., 0.99::a11., 0.99::a12., 0.99::a13., 0.99::a14., 0.99::a15., 0.99::a16., 0.99::a17., 0.99::a18., 0.99::a19., 0.99::a20., 0.99::a21., 0.99::a22., 0.99::a23., 0.99::a24., 0.99::a25., 0.99::a26., 0.99::a27., 0.99::a28., 0.99::a29., qr:-a0,a2,a4,a6,a8,a10,a12,a14,a16,a18,a20,a22,a24,a26,a28., qr:-a1,a3,a5,a7,a9,a11,a13,a15,a17,a19,a21,a23,a25,a27,a29,not nqr., nqr:-a1,a3,a5,a7,a9,a11,a13,a15,a17,a19,a21,a23,a25,a27,a29,not qr., query(qr).]
tracc
nnf_construction_time: 3.2591052055358887
Pre simplification
number of sums: 2401
number of prods: 7921
-0.860058354641288*v_10*v_11*v_12*v_13*v_14*v_15*v_25*v_26*v_27*v_28*v_29*v_30*v_31*v_8*v_9 + 0.93206534790699*v_10*v_11*v_12*v_13*v_14*v_15*v_8*v_9 - 1.02445240560458e-16*v_10*v_11*v_12*v_13*v_25*v_26*v_27*v_28*v_29*v_30*v_31*v_9 + 0.92274469442792*v_25*v_26*v_27*v_28*v_29*v_30*v_31
Post simplification
symp_time: 1.6940579414367676
number of sums: 2
number of subs: 3
number of prods: 42
opt_time: 1.2720365524291992
     fun: 9.928856764904314
     jac: array([1., 1., 1., 1., 1., 1., 1., 1., 1., 1., 1., 1., 1., 1., 1.])
 message: 'Optimization terminated successfully'
    nfev: 14
     nit: 9
    njev: 9
  status: 0
 success: True
       x: array([0.96126525, 0.4       , 0.96126525, 0.4       , 0.96126525,
       0.4       , 0.96126525, 0.4       , 0.4       , 0.96126525,
       0.4       , 0.96126525, 0.4       , 0.96126525, 0.4       ])

real	0m7.293s
user	0m6.675s
sys	0m0.478s
Instance 16
[INFO] aspmc: Tree Decomposition #bags: 33 unfolded treewidth: 3 #vertices: 35
[INFO] aspmc: Preprocessing disabled
[INFO] aspmc:    Stats Compilation
[INFO] aspmc: ------------------------------------------------------------
[INFO] aspmc: X/D-Constrained Tree Decomposition #bags: 47 treewidth: 10 #vertices: 76
[INFO] aspmc: Dtree time:               2.031336784362793
[INFO] aspmc: Compilation time:         0.015715599060058594
[INFO] aspmc: Preparation time:         0.0001227855682373047
[INFO] aspmc: Counting time:            0.10881996154785156
[INFO] aspmc: ------------------------------------------------------------
[0.99::a0., 0.99::a1., 0.99::a2., 0.99::a3., 0.99::a4., 0.99::a5., 0.99::a6., 0.99::a7., 0.99::a8., 0.99::a9., 0.99::a10., 0.99::a11., 0.99::a12., 0.99::a13., 0.99::a14., 0.99::a15., 0.99::a16., 0.99::a17., 0.99::a18., 0.99::a19., 0.99::a20., 0.99::a21., 0.99::a22., 0.99::a23., 0.99::a24., 0.99::a25., 0.99::a26., 0.99::a27., 0.99::a28., 0.99::a29., qr:-a0,a2,a4,a6,a8,a10,a12,a14,a16,a18,a20,a22,a24,a26,a28., qr:-a1,a3,a5,a7,a9,a11,a13,a15,a17,a19,a21,a23,a25,a27,a29,not nqr., nqr:-a1,a3,a5,a7,a9,a11,a13,a15,a17,a19,a21,a23,a25,a27,a29,not qr., query(qr).]
tracc
nnf_construction_time: 3.264890670776367
Pre simplification
number of sums: 2401
number of prods: 7921
-0.868745812768978*v_10*v_11*v_12*v_13*v_14*v_15*v_24*v_25*v_26*v_27*v_28*v_29*v_30*v_31*v_8*v_9 - 1.0348004097016e-16*v_10*v_11*v_12*v_13*v_14*v_15*v_24*v_25*v_27*v_28*v_31*v_8*v_9 + 0.93206534790699*v_10*v_11*v_12*v_13*v_14*v_15*v_8*v_9 - 1.0348004097016e-16*v_10*v_11*v_12*v_13*v_24*v_25*v_26*v_27*v_28*v_29*v_30*v_31*v_9 + 0.93206534790699*v_24*v_25*v_26*v_27*v_28*v_29*v_30*v_31
Post simplification
symp_time: 1.7525568008422852
number of sums: 2
number of subs: 5
number of prods: 58
opt_time: 1.8971970081329346
     fun: 14.617220669055131
     jac: array([1., 1., 1., 1., 1., 1., 1., 1., 1., 1., 1., 1., 1., 1., 1., 1.])
 message: 'Optimization terminated successfully'
    nfev: 16
     nit: 11
    njev: 11
  status: 0
 success: True
       x: array([0.91357633, 0.91357626, 0.91357633, 0.91357626, 0.91357633,
       0.91357626, 0.91357633, 0.91357626, 0.91357633, 0.91357626,
       0.91357633, 0.91357626, 0.91357633, 0.91357626, 0.91357633,
       0.91357626])

real	0m7.973s
user	0m7.315s
sys	0m0.502s
Instance 17
[INFO] aspmc: Tree Decomposition #bags: 33 unfolded treewidth: 3 #vertices: 35
[INFO] aspmc: Preprocessing disabled
[INFO] aspmc:    Stats Compilation
[INFO] aspmc: ------------------------------------------------------------
[INFO] aspmc: X/D-Constrained Tree Decomposition #bags: 47 treewidth: 10 #vertices: 76
[INFO] aspmc: Dtree time:               2.0326359272003174
[INFO] aspmc: Compilation time:         0.016283512115478516
[INFO] aspmc: Preparation time:         0.00013494491577148438
[INFO] aspmc: Counting time:            0.10606670379638672
[INFO] aspmc: ------------------------------------------------------------
[0.99::a0., 0.99::a1., 0.99::a2., 0.99::a3., 0.99::a4., 0.99::a5., 0.99::a6., 0.99::a7., 0.99::a8., 0.99::a9., 0.99::a10., 0.99::a11., 0.99::a12., 0.99::a13., 0.99::a14., 0.99::a15., 0.99::a16., 0.99::a17., 0.99::a18., 0.99::a19., 0.99::a20., 0.99::a21., 0.99::a22., 0.99::a23., 0.99::a24., 0.99::a25., 0.99::a26., 0.99::a27., 0.99::a28., 0.99::a29., qr:-a0,a2,a4,a6,a8,a10,a12,a14,a16,a18,a20,a22,a24,a26,a28., qr:-a1,a3,a5,a7,a9,a11,a13,a15,a17,a19,a21,a23,a25,a27,a29,not nqr., nqr:-a1,a3,a5,a7,a9,a11,a13,a15,a17,a19,a21,a23,a25,a27,a29,not qr., query(qr).]
tracc
nnf_construction_time: 3.2632641792297363
Pre simplification
number of sums: 2401
number of prods: 7921
-0.877521022998968*v_10*v_11*v_12*v_13*v_14*v_15*v_24*v_25*v_26*v_27*v_28*v_29*v_30*v_31*v_7*v_8*v_9 - 1.0348004097016e-16*v_10*v_11*v_12*v_13*v_14*v_15*v_24*v_25*v_26*v_27*v_28*v_29*v_30*v_31*v_7*v_9 + 8.47409175530384e-33*v_10*v_11*v_12*v_13*v_14*v_15*v_24*v_25*v_27*v_28*v_29*v_31*v_7*v_8*v_9 - 1.04525293909252e-16*v_10*v_11*v_12*v_13*v_14*v_15*v_24*v_25*v_27*v_28*v_31*v_7*v_8*v_9 - 7.63278329429795e-17*v_10*v_11*v_12*v_13*v_14*v_15*v_29*v_7*v_8*v_9 + 0.941480149401*v_10*v_11*v_12*v_13*v_14*v_15*v_7*v_8*v_9 + 0.93206534790699*v_24*v_25*v_26*v_27*v_28*v_29*v_30*v_31
Post simplification
symp_time: 1.7736272811889648
number of sums: 3
number of subs: 8
number of prods: 89
opt_time: 2.5215792655944824
     fun: 11.318638528042197
     jac: array([1., 1., 1., 1., 1., 1., 1., 1., 1., 1., 1., 1., 1., 1., 1., 1., 1.])
 message: 'Optimization terminated successfully'
    nfev: 10
     nit: 10
    njev: 9
  status: 0
 success: True
       x: array([0.96482982, 0.4       , 0.96482982, 0.4       , 0.96482982,
       0.4       , 0.96482982, 0.4       , 0.4       , 0.96482982,
       0.4       , 0.96482982, 0.4       , 0.96482982, 0.4       ,
       0.96482982, 0.4       ])

real	0m8.614s
user	0m7.971s
sys	0m0.486s
Instance 18
[INFO] aspmc: Tree Decomposition #bags: 33 unfolded treewidth: 3 #vertices: 35
[INFO] aspmc: Preprocessing disabled
[INFO] aspmc:    Stats Compilation
[INFO] aspmc: ------------------------------------------------------------
[INFO] aspmc: X/D-Constrained Tree Decomposition #bags: 47 treewidth: 10 #vertices: 76
[INFO] aspmc: Dtree time:               2.0335991382598877
[INFO] aspmc: Compilation time:         0.015973329544067383
[INFO] aspmc: Preparation time:         0.00012612342834472656
[INFO] aspmc: Counting time:            0.11476278305053711
[INFO] aspmc: ------------------------------------------------------------
[0.99::a0., 0.99::a1., 0.99::a2., 0.99::a3., 0.99::a4., 0.99::a5., 0.99::a6., 0.99::a7., 0.99::a8., 0.99::a9., 0.99::a10., 0.99::a11., 0.99::a12., 0.99::a13., 0.99::a14., 0.99::a15., 0.99::a16., 0.99::a17., 0.99::a18., 0.99::a19., 0.99::a20., 0.99::a21., 0.99::a22., 0.99::a23., 0.99::a24., 0.99::a25., 0.99::a26., 0.99::a27., 0.99::a28., 0.99::a29., qr:-a0,a2,a4,a6,a8,a10,a12,a14,a16,a18,a20,a22,a24,a26,a28., qr:-a1,a3,a5,a7,a9,a11,a13,a15,a17,a19,a21,a23,a25,a27,a29,not nqr., nqr:-a1,a3,a5,a7,a9,a11,a13,a15,a17,a19,a21,a23,a25,a27,a29,not qr., query(qr).]
tracc
nnf_construction_time: 3.2712581157684326
Pre simplification
number of sums: 2401
number of prods: 7921
-0.886384871716129*v_10*v_11*v_12*v_13*v_14*v_15*v_23*v_24*v_25*v_26*v_27*v_28*v_29*v_30*v_31*v_7*v_8*v_9 - 1.04525293909252e-16*v_10*v_11*v_12*v_13*v_14*v_15*v_23*v_24*v_25*v_26*v_27*v_28*v_29*v_30*v_31*v_7*v_9 + 6.93334779979405e-33*v_10*v_11*v_12*v_13*v_14*v_15*v_23*v_24*v_25*v_27*v_28*v_31*v_7*v_8*v_9 - 6.24500451351651e-17*v_10*v_11*v_12*v_13*v_14*v_15*v_23*v_7*v_8*v_9 - 1.04525293909252e-16*v_10*v_11*v_12*v_13*v_14*v_15*v_24*v_25*v_27*v_28*v_31*v_7*v_8*v_9 + 0.941480149401*v_10*v_11*v_12*v_13*v_14*v_15*v_7*v_8*v_9 + 0.941480149401*v_23*v_24*v_25*v_26*v_27*v_28*v_29*v_30*v_31
Post simplification
symp_time: 2.3170175552368164
number of sums: 3
number of subs: 8
number of prods: 92
opt_time: 3.945781707763672
     fun: 12.308351396443058
     jac: array([1., 1., 1., 1., 1., 1., 1., 1., 1., 1., 1., 1., 1., 1., 1., 1., 1.,
       1.])
 message: 'Optimization terminated successfully'
    nfev: 21
     nit: 17
    njev: 16
  status: 0
 success: True
       x: array([0.4      , 0.9675946, 0.4      , 0.9675946, 0.4      , 0.9675946,
       0.4      , 0.9675946, 0.4      , 0.9675946, 0.4      , 0.9675946,
       0.4      , 0.9675946, 0.4      , 0.9675946, 0.4      , 0.9675946])

real	0m10.587s
user	0m9.918s
sys	0m0.525s
Instance 19
[INFO] aspmc: Tree Decomposition #bags: 33 unfolded treewidth: 3 #vertices: 35
[INFO] aspmc: Preprocessing disabled
[INFO] aspmc:    Stats Compilation
[INFO] aspmc: ------------------------------------------------------------
[INFO] aspmc: X/D-Constrained Tree Decomposition #bags: 47 treewidth: 10 #vertices: 76
[INFO] aspmc: Dtree time:               2.033353567123413
[INFO] aspmc: Compilation time:         0.01581406593322754
[INFO] aspmc: Preparation time:         0.00012350082397460938
[INFO] aspmc: Counting time:            0.10671496391296387
[INFO] aspmc: ------------------------------------------------------------
[0.99::a0., 0.99::a1., 0.99::a2., 0.99::a3., 0.99::a4., 0.99::a5., 0.99::a6., 0.99::a7., 0.99::a8., 0.99::a9., 0.99::a10., 0.99::a11., 0.99::a12., 0.99::a13., 0.99::a14., 0.99::a15., 0.99::a16., 0.99::a17., 0.99::a18., 0.99::a19., 0.99::a20., 0.99::a21., 0.99::a22., 0.99::a23., 0.99::a24., 0.99::a25., 0.99::a26., 0.99::a27., 0.99::a28., 0.99::a29., qr:-a0,a2,a4,a6,a8,a10,a12,a14,a16,a18,a20,a22,a24,a26,a28., qr:-a1,a3,a5,a7,a9,a11,a13,a15,a17,a19,a21,a23,a25,a27,a29,not nqr., nqr:-a1,a3,a5,a7,a9,a11,a13,a15,a17,a19,a21,a23,a25,a27,a29,not qr., query(qr).]
tracc
nnf_construction_time: 3.271257162094116
Pre simplification
number of sums: 2401
number of prods: 7921
-0.895338254258716*v_10*v_11*v_12*v_13*v_14*v_15*v_23*v_24*v_25*v_26*v_27*v_28*v_29*v_30*v_31*v_6*v_7*v_8*v_9 - 1.04525293909252e-16*v_10*v_11*v_12*v_13*v_14*v_15*v_23*v_24*v_25*v_26*v_27*v_28*v_29*v_30*v_31*v_7*v_9 - 3.08148791101958e-33*v_10*v_11*v_12*v_13*v_14*v_15*v_23*v_24*v_25*v_27*v_28*v_31*v_6*v_7*v_8*v_9 + 2.77555756156289e-17*v_10*v_11*v_12*v_13*v_14*v_15*v_23*v_6*v_7*v_8*v_9 - 1.05581104958841e-16*v_10*v_11*v_12*v_13*v_14*v_15*v_24*v_25*v_27*v_28*v_31*v_6*v_7*v_8*v_9 + 0.9509900499*v_10*v_11*v_12*v_13*v_14*v_15*v_6*v_7*v_8*v_9 + 0.941480149401*v_23*v_24*v_25*v_26*v_27*v_28*v_29*v_30*v_31
Post simplification
symp_time: 2.3617677688598633
number of sums: 3
number of subs: 8
number of prods: 97
opt_time: 3.1864542961120605
     fun: 12.708412416053338
     jac: array([1., 1., 1., 1., 1., 1., 1., 1., 1., 1., 1., 1., 1., 1., 1., 1., 1.,
       1., 1.])
 message: 'Optimization terminated successfully'
    nfev: 14
     nit: 9
    njev: 9
  status: 0
 success: True
       x: array([0.96760138, 0.4       , 0.96760138, 0.4       , 0.96760138,
       0.4       , 0.96760138, 0.4       , 0.4       , 0.96760138,
       0.4       , 0.96760138, 0.4       , 0.96760138, 0.4       ,
       0.96760138, 0.4       , 0.96760138, 0.4       ])

real	0m9.889s
user	0m9.235s
sys	0m0.514s
Instance 20
[INFO] aspmc: Tree Decomposition #bags: 33 unfolded treewidth: 3 #vertices: 35
[INFO] aspmc: Preprocessing disabled
[INFO] aspmc:    Stats Compilation
[INFO] aspmc: ------------------------------------------------------------
[INFO] aspmc: X/D-Constrained Tree Decomposition #bags: 47 treewidth: 10 #vertices: 76
[INFO] aspmc: Dtree time:               2.033050537109375
[INFO] aspmc: Compilation time:         0.016233444213867188
[INFO] aspmc: Preparation time:         0.00012826919555664062
[INFO] aspmc: Counting time:            0.11074423789978027
[INFO] aspmc: ------------------------------------------------------------
[0.99::a0., 0.99::a1., 0.99::a2., 0.99::a3., 0.99::a4., 0.99::a5., 0.99::a6., 0.99::a7., 0.99::a8., 0.99::a9., 0.99::a10., 0.99::a11., 0.99::a12., 0.99::a13., 0.99::a14., 0.99::a15., 0.99::a16., 0.99::a17., 0.99::a18., 0.99::a19., 0.99::a20., 0.99::a21., 0.99::a22., 0.99::a23., 0.99::a24., 0.99::a25., 0.99::a26., 0.99::a27., 0.99::a28., 0.99::a29., qr:-a0,a2,a4,a6,a8,a10,a12,a14,a16,a18,a20,a22,a24,a26,a28., qr:-a1,a3,a5,a7,a9,a11,a13,a15,a17,a19,a21,a23,a25,a27,a29,not nqr., nqr:-a1,a3,a5,a7,a9,a11,a13,a15,a17,a19,a21,a23,a25,a27,a29,not qr., query(qr).]
tracc
nnf_construction_time: 3.274036407470703
Pre simplification
number of sums: 2401
number of prods: 7921
-0.904382075008804*v_10*v_11*v_12*v_13*v_14*v_15*v_22*v_23*v_24*v_25*v_26*v_27*v_28*v_29*v_30*v_31*v_6*v_7*v_8*v_9 - 1.05581104958841e-16*v_10*v_11*v_12*v_13*v_14*v_15*v_22*v_23*v_24*v_25*v_26*v_27*v_28*v_29*v_30*v_31*v_7*v_9 + 0.9509900499*v_10*v_11*v_12*v_13*v_14*v_15*v_6*v_7*v_8*v_9 + 0.9509900499*v_22*v_23*v_24*v_25*v_26*v_27*v_28*v_29*v_30*v_31
Post simplification
symp_time: 2.34657621383667
number of sums: 2
number of subs: 3
number of prods: 58
opt_time: 3.5924651622772217
     fun: 13.698182456733331
     jac: array([1., 1., 1., 1., 1., 1., 1., 1., 1., 1., 1., 1., 1., 1., 1., 1., 1.,
       1., 1., 1.])
 message: 'Optimization terminated successfully'
    nfev: 44
     nit: 19
    njev: 18
  status: 0
 success: True
       x: array([0.96981825, 0.4       , 0.96981825, 0.4       , 0.96981825,
       0.4       , 0.96981825, 0.4       , 0.96981825, 0.4       ,
       0.96981825, 0.4       , 0.96981825, 0.4       , 0.96981825,
       0.4       , 0.96981825, 0.4       , 0.96981825, 0.4       ])

real	0m10.290s
user	0m9.627s
sys	0m0.518s
Instance 21
[INFO] aspmc: Tree Decomposition #bags: 33 unfolded treewidth: 3 #vertices: 35
[INFO] aspmc: Preprocessing disabled
[INFO] aspmc:    Stats Compilation
[INFO] aspmc: ------------------------------------------------------------
[INFO] aspmc: X/D-Constrained Tree Decomposition #bags: 47 treewidth: 10 #vertices: 76
[INFO] aspmc: Dtree time:               2.0326805114746094
[INFO] aspmc: Compilation time:         0.01647329330444336
[INFO] aspmc: Preparation time:         0.0001316070556640625
[INFO] aspmc: Counting time:            0.11212992668151855
[INFO] aspmc: ------------------------------------------------------------
[0.99::a0., 0.99::a1., 0.99::a2., 0.99::a3., 0.99::a4., 0.99::a5., 0.99::a6., 0.99::a7., 0.99::a8., 0.99::a9., 0.99::a10., 0.99::a11., 0.99::a12., 0.99::a13., 0.99::a14., 0.99::a15., 0.99::a16., 0.99::a17., 0.99::a18., 0.99::a19., 0.99::a20., 0.99::a21., 0.99::a22., 0.99::a23., 0.99::a24., 0.99::a25., 0.99::a26., 0.99::a27., 0.99::a28., 0.99::a29., qr:-a0,a2,a4,a6,a8,a10,a12,a14,a16,a18,a20,a22,a24,a26,a28., qr:-a1,a3,a5,a7,a9,a11,a13,a15,a17,a19,a21,a23,a25,a27,a29,not nqr., nqr:-a1,a3,a5,a7,a9,a11,a13,a15,a17,a19,a21,a23,a25,a27,a29,not qr., query(qr).]
tracc
nnf_construction_time: 3.272913932800293
Pre simplification
number of sums: 2401
number of prods: 7921
-0.913517247483641*v_10*v_11*v_12*v_13*v_14*v_15*v_22*v_23*v_24*v_25*v_26*v_27*v_28*v_29*v_30*v_31*v_5*v_6*v_7*v_8*v_9 + 0.96059601*v_10*v_11*v_12*v_13*v_14*v_15*v_5*v_6*v_7*v_8*v_9 + 0.9509900499*v_22*v_23*v_24*v_25*v_26*v_27*v_28*v_29*v_30*v_31
Post simplification
symp_time: 2.363527774810791
number of sums: 2
number of subs: 1
number of prods: 42
opt_time: 1.9685769081115723
     fun: 14.098207161472
     jac: array([1., 1., 1., 1., 1., 1., 1., 1., 1., 1., 1., 1., 1., 1., 1., 1., 1.,
       1., 1., 1., 1.])
 message: 'Optimization terminated successfully'
    nfev: 18
     nit: 9
    njev: 9
  status: 0
 success: True
       x: array([0.96982072, 0.4       , 0.96982072, 0.4       , 0.96982072,
       0.4       , 0.96982072, 0.4       , 0.4       , 0.96982072,
       0.4       , 0.96982072, 0.4       , 0.96982072, 0.4       ,
       0.96982072, 0.4       , 0.96982072, 0.4       , 0.96982072,
       0.4       ])

real	0m8.693s
user	0m8.001s
sys	0m0.536s
Instance 22
[INFO] aspmc: Tree Decomposition #bags: 33 unfolded treewidth: 3 #vertices: 35
[INFO] aspmc: Preprocessing disabled
[INFO] aspmc:    Stats Compilation
[INFO] aspmc: ------------------------------------------------------------
[INFO] aspmc: X/D-Constrained Tree Decomposition #bags: 47 treewidth: 10 #vertices: 76
[INFO] aspmc: Dtree time:               2.0327956676483154
[INFO] aspmc: Compilation time:         0.016575336456298828
[INFO] aspmc: Preparation time:         0.00012421607971191406
[INFO] aspmc: Counting time:            0.11202168464660645
[INFO] aspmc: ------------------------------------------------------------
[0.99::a0., 0.99::a1., 0.99::a2., 0.99::a3., 0.99::a4., 0.99::a5., 0.99::a6., 0.99::a7., 0.99::a8., 0.99::a9., 0.99::a10., 0.99::a11., 0.99::a12., 0.99::a13., 0.99::a14., 0.99::a15., 0.99::a16., 0.99::a17., 0.99::a18., 0.99::a19., 0.99::a20., 0.99::a21., 0.99::a22., 0.99::a23., 0.99::a24., 0.99::a25., 0.99::a26., 0.99::a27., 0.99::a28., 0.99::a29., qr:-a0,a2,a4,a6,a8,a10,a12,a14,a16,a18,a20,a22,a24,a26,a28., qr:-a1,a3,a5,a7,a9,a11,a13,a15,a17,a19,a21,a23,a25,a27,a29,not nqr., nqr:-a1,a3,a5,a7,a9,a11,a13,a15,a17,a19,a21,a23,a25,a27,a29,not qr., query(qr).]
tracc
nnf_construction_time: 3.2771105766296387
Pre simplification
number of sums: 2401
number of prods: 7921
-0.92274469442792*v_10*v_11*v_12*v_13*v_14*v_15*v_21*v_22*v_23*v_24*v_25*v_26*v_27*v_28*v_29*v_30*v_31*v_5*v_6*v_7*v_8*v_9 + 0.96059601*v_10*v_11*v_12*v_13*v_14*v_15*v_5*v_6*v_7*v_8*v_9 + 0.96059601*v_21*v_22*v_23*v_24*v_25*v_26*v_27*v_28*v_29*v_30*v_31
Post simplification
symp_time: 2.537243127822876
number of sums: 2
number of subs: 1
number of prods: 44
opt_time: 2.9277291297912598
     fun: 15.088018798653422
     jac: array([1., 1., 1., 1., 1., 1., 1., 1., 1., 1., 1., 1., 1., 1., 1., 1., 1.,
       1., 1., 1., 1., 1.])
 message: 'Optimization terminated successfully'
    nfev: 19
     nit: 16
    njev: 15
  status: 0
 success: True
       x: array([0.97163807, 0.4       , 0.97163807, 0.4       , 0.97163807,
       0.4       , 0.97163807, 0.97163807, 0.4       , 0.4       ,
       0.97163807, 0.4       , 0.97163807, 0.4       , 0.97163807,
       0.4       , 0.97163807, 0.4       , 0.97163807, 0.4       ,
       0.97163807, 0.4       ])

real	0m9.835s
user	0m9.163s
sys	0m0.532s
Instance 23
[INFO] aspmc: Tree Decomposition #bags: 33 unfolded treewidth: 3 #vertices: 35
[INFO] aspmc: Preprocessing disabled
[INFO] aspmc:    Stats Compilation
[INFO] aspmc: ------------------------------------------------------------
[INFO] aspmc: X/D-Constrained Tree Decomposition #bags: 47 treewidth: 10 #vertices: 76
[INFO] aspmc: Dtree time:               2.0332441329956055
[INFO] aspmc: Compilation time:         0.01645660400390625
[INFO] aspmc: Preparation time:         0.00013303756713867188
[INFO] aspmc: Counting time:            0.11128568649291992
[INFO] aspmc: ------------------------------------------------------------
[0.99::a0., 0.99::a1., 0.99::a2., 0.99::a3., 0.99::a4., 0.99::a5., 0.99::a6., 0.99::a7., 0.99::a8., 0.99::a9., 0.99::a10., 0.99::a11., 0.99::a12., 0.99::a13., 0.99::a14., 0.99::a15., 0.99::a16., 0.99::a17., 0.99::a18., 0.99::a19., 0.99::a20., 0.99::a21., 0.99::a22., 0.99::a23., 0.99::a24., 0.99::a25., 0.99::a26., 0.99::a27., 0.99::a28., 0.99::a29., qr:-a0,a2,a4,a6,a8,a10,a12,a14,a16,a18,a20,a22,a24,a26,a28., qr:-a1,a3,a5,a7,a9,a11,a13,a15,a17,a19,a21,a23,a25,a27,a29,not nqr., nqr:-a1,a3,a5,a7,a9,a11,a13,a15,a17,a19,a21,a23,a25,a27,a29,not qr., query(qr).]
tracc
nnf_construction_time: 3.2787911891937256
Pre simplification
number of sums: 2401
number of prods: 7921
-0.93206534790699*v_10*v_11*v_12*v_13*v_14*v_15*v_21*v_22*v_23*v_24*v_25*v_26*v_27*v_28*v_29*v_30*v_31*v_4*v_5*v_6*v_7*v_8*v_9 + 0.970299*v_10*v_11*v_12*v_13*v_14*v_15*v_4*v_5*v_6*v_7*v_8*v_9 + 0.96059601*v_21*v_22*v_23*v_24*v_25*v_26*v_27*v_28*v_29*v_30*v_31
Post simplification
symp_time: 2.5647523403167725
number of sums: 2
number of subs: 1
number of prods: 46
opt_time: 2.341738700866699
     fun: 15.48802879808331
     jac: array([1., 1., 1., 1., 1., 1., 1., 1., 1., 1., 1., 1., 1., 1., 1., 1., 1.,
       1., 1., 1., 1., 1., 1.])
 message: 'Optimization terminated successfully'
    nfev: 10
     nit: 9
    njev: 9
  status: 0
 success: True
       x: array([0.97163898, 0.4       , 0.97163898, 0.4       , 0.97163898,
       0.4       , 0.97163898, 0.4       , 0.97163898, 0.4       ,
       0.4       , 0.97163898, 0.4       , 0.97163898, 0.4       ,
       0.97163898, 0.4       , 0.97163898, 0.4       , 0.97163898,
       0.4       , 0.97163898, 0.4       ])

real	0m9.234s
user	0m8.593s
sys	0m0.508s
Instance 24
[INFO] aspmc: Tree Decomposition #bags: 33 unfolded treewidth: 3 #vertices: 35
[INFO] aspmc: Preprocessing disabled
[INFO] aspmc:    Stats Compilation
[INFO] aspmc: ------------------------------------------------------------
[INFO] aspmc: X/D-Constrained Tree Decomposition #bags: 47 treewidth: 10 #vertices: 76
[INFO] aspmc: Dtree time:               2.032344102859497
[INFO] aspmc: Compilation time:         0.01650547981262207
[INFO] aspmc: Preparation time:         0.00012731552124023438
[INFO] aspmc: Counting time:            0.1111147403717041
[INFO] aspmc: ------------------------------------------------------------
[0.99::a0., 0.99::a1., 0.99::a2., 0.99::a3., 0.99::a4., 0.99::a5., 0.99::a6., 0.99::a7., 0.99::a8., 0.99::a9., 0.99::a10., 0.99::a11., 0.99::a12., 0.99::a13., 0.99::a14., 0.99::a15., 0.99::a16., 0.99::a17., 0.99::a18., 0.99::a19., 0.99::a20., 0.99::a21., 0.99::a22., 0.99::a23., 0.99::a24., 0.99::a25., 0.99::a26., 0.99::a27., 0.99::a28., 0.99::a29., qr:-a0,a2,a4,a6,a8,a10,a12,a14,a16,a18,a20,a22,a24,a26,a28., qr:-a1,a3,a5,a7,a9,a11,a13,a15,a17,a19,a21,a23,a25,a27,a29,not nqr., nqr:-a1,a3,a5,a7,a9,a11,a13,a15,a17,a19,a21,a23,a25,a27,a29,not qr., query(qr).]
tracc
nnf_construction_time: 3.272758722305298
Pre simplification
number of sums: 2401
number of prods: 7921
-0.941480149401*v_10*v_11*v_12*v_13*v_14*v_15*v_20*v_21*v_22*v_23*v_24*v_25*v_26*v_27*v_28*v_29*v_30*v_31*v_4*v_5*v_6*v_7*v_8*v_9 + 0.970299*v_10*v_11*v_12*v_13*v_14*v_15*v_4*v_5*v_6*v_7*v_8*v_9 + 0.970299*v_20*v_21*v_22*v_23*v_24*v_25*v_26*v_27*v_28*v_29*v_30*v_31
Post simplification
symp_time: 2.8562660217285156
number of sums: 2
number of subs: 1
number of prods: 48
opt_time: 3.883418083190918
     fun: 16.477871665254828
     jac: array([1., 1., 1., 1., 1., 1., 1., 1., 1., 1., 1., 1., 1., 1., 1., 1., 1.,
       1., 1., 1., 1., 1., 1., 1.])
 message: 'Optimization terminated successfully'
    nfev: 28
     nit: 19
    njev: 18
  status: 0
 success: True
       x: array([0.4       , 0.97315597, 0.4       , 0.97315597, 0.4       ,
       0.97315597, 0.4       , 0.4       , 0.97315597, 0.4       ,
       0.97315597, 0.97315597, 0.4       , 0.97315597, 0.4       ,
       0.97315597, 0.4       , 0.97315597, 0.4       , 0.97315597,
       0.4       , 0.97315597, 0.4       , 0.97315597])

real	0m11.114s
user	0m10.441s
sys	0m0.498s
Instance 25
[INFO] aspmc: Tree Decomposition #bags: 33 unfolded treewidth: 3 #vertices: 35
[INFO] aspmc: Preprocessing disabled
[INFO] aspmc:    Stats Compilation
[INFO] aspmc: ------------------------------------------------------------
[INFO] aspmc: X/D-Constrained Tree Decomposition #bags: 47 treewidth: 10 #vertices: 76
[INFO] aspmc: Dtree time:               2.0325939655303955
[INFO] aspmc: Compilation time:         0.016376018524169922
[INFO] aspmc: Preparation time:         0.00012683868408203125
[INFO] aspmc: Counting time:            0.10537195205688477
[INFO] aspmc: ------------------------------------------------------------
[0.99::a0., 0.99::a1., 0.99::a2., 0.99::a3., 0.99::a4., 0.99::a5., 0.99::a6., 0.99::a7., 0.99::a8., 0.99::a9., 0.99::a10., 0.99::a11., 0.99::a12., 0.99::a13., 0.99::a14., 0.99::a15., 0.99::a16., 0.99::a17., 0.99::a18., 0.99::a19., 0.99::a20., 0.99::a21., 0.99::a22., 0.99::a23., 0.99::a24., 0.99::a25., 0.99::a26., 0.99::a27., 0.99::a28., 0.99::a29., qr:-a0,a2,a4,a6,a8,a10,a12,a14,a16,a18,a20,a22,a24,a26,a28., qr:-a1,a3,a5,a7,a9,a11,a13,a15,a17,a19,a21,a23,a25,a27,a29,not nqr., nqr:-a1,a3,a5,a7,a9,a11,a13,a15,a17,a19,a21,a23,a25,a27,a29,not qr., query(qr).]
tracc
nnf_construction_time: 3.2704966068267822
Pre simplification
number of sums: 2401
number of prods: 7921
-0.9509900499*v_10*v_11*v_12*v_13*v_14*v_15*v_20*v_21*v_22*v_23*v_24*v_25*v_26*v_27*v_28*v_29*v_3*v_30*v_31*v_4*v_5*v_6*v_7*v_8*v_9 + 0.9801*v_10*v_11*v_12*v_13*v_14*v_15*v_3*v_4*v_5*v_6*v_7*v_8*v_9 + 0.970299*v_20*v_21*v_22*v_23*v_24*v_25*v_26*v_27*v_28*v_29*v_30*v_31
Post simplification
symp_time: 2.8179054260253906
number of sums: 2
number of subs: 1
number of prods: 50
opt_time: 3.8647685050964355
     fun: 17.467705026967337
     jac: array([1., 1., 1., 1., 1., 1., 1., 1., 1., 1., 1., 1., 1., 1., 1., 1., 1.,
       1., 1., 1., 1., 1., 1., 1., 1.])
 message: 'Optimization terminated successfully'
    nfev: 32
     nit: 18
    njev: 17
  status: 0
 success: True
       x: array([0.4       , 0.97443885, 0.4       , 0.97443885, 0.4       ,
       0.97443885, 0.4       , 0.97443885, 0.4       , 0.97443885,
       0.4       , 0.97443885, 0.97443885, 0.4       , 0.97443885,
       0.4       , 0.97443885, 0.4       , 0.97443885, 0.4       ,
       0.97443885, 0.4       , 0.97443885, 0.4       , 0.97443885])

real	0m11.037s
user	0m10.369s
sys	0m0.526s
Instance 26
[INFO] aspmc: Tree Decomposition #bags: 33 unfolded treewidth: 3 #vertices: 35
[INFO] aspmc: Preprocessing disabled
[INFO] aspmc:    Stats Compilation
[INFO] aspmc: ------------------------------------------------------------
[INFO] aspmc: X/D-Constrained Tree Decomposition #bags: 47 treewidth: 10 #vertices: 76
[INFO] aspmc: Dtree time:               2.033203363418579
[INFO] aspmc: Compilation time:         0.016365528106689453
[INFO] aspmc: Preparation time:         0.00012612342834472656
[INFO] aspmc: Counting time:            0.10613512992858887
[INFO] aspmc: ------------------------------------------------------------
[0.99::a0., 0.99::a1., 0.99::a2., 0.99::a3., 0.99::a4., 0.99::a5., 0.99::a6., 0.99::a7., 0.99::a8., 0.99::a9., 0.99::a10., 0.99::a11., 0.99::a12., 0.99::a13., 0.99::a14., 0.99::a15., 0.99::a16., 0.99::a17., 0.99::a18., 0.99::a19., 0.99::a20., 0.99::a21., 0.99::a22., 0.99::a23., 0.99::a24., 0.99::a25., 0.99::a26., 0.99::a27., 0.99::a28., 0.99::a29., qr:-a0,a2,a4,a6,a8,a10,a12,a14,a16,a18,a20,a22,a24,a26,a28., qr:-a1,a3,a5,a7,a9,a11,a13,a15,a17,a19,a21,a23,a25,a27,a29,not nqr., nqr:-a1,a3,a5,a7,a9,a11,a13,a15,a17,a19,a21,a23,a25,a27,a29,not qr., query(qr).]
tracc
nnf_construction_time: 3.2671854496002197
Pre simplification
number of sums: 2401
number of prods: 7921
-0.96059601*v_10*v_11*v_12*v_13*v_14*v_15*v_19*v_20*v_21*v_22*v_23*v_24*v_25*v_26*v_27*v_28*v_29*v_3*v_30*v_31*v_4*v_5*v_6*v_7*v_8*v_9 + 0.9801*v_10*v_11*v_12*v_13*v_14*v_15*v_3*v_4*v_5*v_6*v_7*v_8*v_9 + 0.9801*v_19*v_20*v_21*v_22*v_23*v_24*v_25*v_26*v_27*v_28*v_29*v_30*v_31
Post simplification
symp_time: 2.9397754669189453
number of sums: 2
number of subs: 1
number of prods: 52
opt_time: 5.271304607391357
     fun: 17.867729075653568
     jac: array([1., 1., 1., 1., 1., 1., 1., 1., 1., 1., 1., 1., 1., 1., 1., 1., 1.,
       1., 1., 1., 1., 1., 1., 1., 1., 1.])
 message: 'Optimization terminated successfully'
    nfev: 54
     nit: 27
    njev: 24
  status: 0
 success: True
       x: array([0.4      , 0.9744407, 0.4      , 0.9744407, 0.4      , 0.9744407,
       0.4      , 0.4      , 0.9744407, 0.4      , 0.9744407, 0.4      ,
       0.9744407, 0.9744407, 0.4      , 0.9744407, 0.4      , 0.9744407,
       0.4      , 0.9744407, 0.4      , 0.9744407, 0.4      , 0.9744407,
       0.4      , 0.9744407])

real	0m12.562s
user	0m11.924s
sys	0m0.475s
Instance 27
[INFO] aspmc: Tree Decomposition #bags: 33 unfolded treewidth: 3 #vertices: 35
[INFO] aspmc: Preprocessing disabled
[INFO] aspmc:    Stats Compilation
[INFO] aspmc: ------------------------------------------------------------
[INFO] aspmc: X/D-Constrained Tree Decomposition #bags: 47 treewidth: 10 #vertices: 76
[INFO] aspmc: Dtree time:               2.0326924324035645
[INFO] aspmc: Compilation time:         0.016299724578857422
[INFO] aspmc: Preparation time:         0.00012683868408203125
[INFO] aspmc: Counting time:            0.1049344539642334
[INFO] aspmc: ------------------------------------------------------------
[0.99::a0., 0.99::a1., 0.99::a2., 0.99::a3., 0.99::a4., 0.99::a5., 0.99::a6., 0.99::a7., 0.99::a8., 0.99::a9., 0.99::a10., 0.99::a11., 0.99::a12., 0.99::a13., 0.99::a14., 0.99::a15., 0.99::a16., 0.99::a17., 0.99::a18., 0.99::a19., 0.99::a20., 0.99::a21., 0.99::a22., 0.99::a23., 0.99::a24., 0.99::a25., 0.99::a26., 0.99::a27., 0.99::a28., 0.99::a29., qr:-a0,a2,a4,a6,a8,a10,a12,a14,a16,a18,a20,a22,a24,a26,a28., qr:-a1,a3,a5,a7,a9,a11,a13,a15,a17,a19,a21,a23,a25,a27,a29,not nqr., nqr:-a1,a3,a5,a7,a9,a11,a13,a15,a17,a19,a21,a23,a25,a27,a29,not qr., query(qr).]
tracc
nnf_construction_time: 3.2660319805145264
Pre simplification
number of sums: 2401
number of prods: 7921
-0.970299*v_10*v_11*v_12*v_13*v_14*v_15*v_19*v_2*v_20*v_21*v_22*v_23*v_24*v_25*v_26*v_27*v_28*v_29*v_3*v_30*v_31*v_4*v_5*v_6*v_7*v_8*v_9 + 0.99*v_10*v_11*v_12*v_13*v_14*v_15*v_2*v_3*v_4*v_5*v_6*v_7*v_8*v_9 + 0.9801*v_19*v_20*v_21*v_22*v_23*v_24*v_25*v_26*v_27*v_28*v_29*v_30*v_31
Post simplification
symp_time: 2.83880352973938
number of sums: 2
number of subs: 1
number of prods: 54
opt_time: 3.97357439994812
     fun: 18.97916521100479
     jac: array([1., 1., 1., 1., 1., 1., 1., 1., 1., 1., 1., 1., 1., 1., 1., 1., 1.,
       1., 1., 1., 1., 1., 1., 1., 1., 1., 1.])
 message: 'Optimization terminated successfully'
    nfev: 38
     nit: 21
    njev: 19
  status: 0
 success: True
       x: array([0.4       , 0.94208323, 0.4       , 0.94208323, 0.4       ,
       0.94208323, 0.4       , 0.94208323, 0.99      , 0.94208323,
       0.4       , 0.94208323, 0.4       , 0.94208323, 0.94208323,
       0.4       , 0.94208323, 0.4       , 0.94208323, 0.4       ,
       0.94208323, 0.4       , 0.94208323, 0.4       , 0.94208323,
       0.4       , 0.94208323])

real	0m11.161s
user	0m10.475s
sys	0m0.526s
Instance 28
[INFO] aspmc: Tree Decomposition #bags: 33 unfolded treewidth: 3 #vertices: 35
[INFO] aspmc: Preprocessing disabled
[INFO] aspmc:    Stats Compilation
[INFO] aspmc: ------------------------------------------------------------
[INFO] aspmc: X/D-Constrained Tree Decomposition #bags: 47 treewidth: 10 #vertices: 76
[INFO] aspmc: Dtree time:               2.0322909355163574
[INFO] aspmc: Compilation time:         0.01595592498779297
[INFO] aspmc: Preparation time:         0.00012874603271484375
[INFO] aspmc: Counting time:            0.10370993614196777
[INFO] aspmc: ------------------------------------------------------------
[0.99::a0., 0.99::a1., 0.99::a2., 0.99::a3., 0.99::a4., 0.99::a5., 0.99::a6., 0.99::a7., 0.99::a8., 0.99::a9., 0.99::a10., 0.99::a11., 0.99::a12., 0.99::a13., 0.99::a14., 0.99::a15., 0.99::a16., 0.99::a17., 0.99::a18., 0.99::a19., 0.99::a20., 0.99::a21., 0.99::a22., 0.99::a23., 0.99::a24., 0.99::a25., 0.99::a26., 0.99::a27., 0.99::a28., 0.99::a29., qr:-a0,a2,a4,a6,a8,a10,a12,a14,a16,a18,a20,a22,a24,a26,a28., qr:-a1,a3,a5,a7,a9,a11,a13,a15,a17,a19,a21,a23,a25,a27,a29,not nqr., nqr:-a1,a3,a5,a7,a9,a11,a13,a15,a17,a19,a21,a23,a25,a27,a29,not qr., query(qr).]
tracc
nnf_construction_time: 3.2604644298553467
Pre simplification
number of sums: 2401
number of prods: 7921
-0.9801*v_10*v_11*v_12*v_13*v_14*v_15*v_18*v_19*v_2*v_20*v_21*v_22*v_23*v_24*v_25*v_26*v_27*v_28*v_29*v_3*v_30*v_31*v_4*v_5*v_6*v_7*v_8*v_9 + 0.99*v_10*v_11*v_12*v_13*v_14*v_15*v_2*v_3*v_4*v_5*v_6*v_7*v_8*v_9 + 0.99*v_18*v_19*v_20*v_21*v_22*v_23*v_24*v_25*v_26*v_27*v_28*v_29*v_30*v_31
Post simplification
symp_time: 2.768699884414673
number of sums: 2
number of subs: 1
number of prods: 56
opt_time: 3.5561845302581787
     fun: 19.20341585330604
     jac: array([1., 1., 1., 1., 1., 1., 1., 1., 1., 1., 1., 1., 1., 1., 1., 1., 1.,
       1., 1., 1., 1., 1., 1., 1., 1., 1., 1., 1.])
 message: 'Optimization terminated successfully'
    nfev: 22
     nit: 17
    njev: 15
  status: 0
 success: True
       x: array([0.4       , 0.97167256, 0.4       , 0.97167256, 0.4       ,
       0.97167256, 0.4       , 0.4       , 0.97167256, 0.4       ,
       0.97167256, 0.4       , 0.97167256, 0.4       , 0.97167256,
       0.97167256, 0.4       , 0.97167256, 0.4       , 0.97167256,
       0.4       , 0.97167256, 0.4       , 0.97167256, 0.4       ,
       0.97167256, 0.4       , 0.97167256])

real	0m10.671s
user	0m9.957s
sys	0m0.566s
Instance 29
[INFO] aspmc: Tree Decomposition #bags: 33 unfolded treewidth: 3 #vertices: 35
[INFO] aspmc: Preprocessing disabled
[INFO] aspmc:    Stats Compilation
[INFO] aspmc: ------------------------------------------------------------
[INFO] aspmc: X/D-Constrained Tree Decomposition #bags: 47 treewidth: 10 #vertices: 76
[INFO] aspmc: Dtree time:               2.0319125652313232
[INFO] aspmc: Compilation time:         0.015928030014038086
[INFO] aspmc: Preparation time:         0.00013494491577148438
[INFO] aspmc: Counting time:            0.10492610931396484
[INFO] aspmc: ------------------------------------------------------------
[0.99::a0., 0.99::a1., 0.99::a2., 0.99::a3., 0.99::a4., 0.99::a5., 0.99::a6., 0.99::a7., 0.99::a8., 0.99::a9., 0.99::a10., 0.99::a11., 0.99::a12., 0.99::a13., 0.99::a14., 0.99::a15., 0.99::a16., 0.99::a17., 0.99::a18., 0.99::a19., 0.99::a20., 0.99::a21., 0.99::a22., 0.99::a23., 0.99::a24., 0.99::a25., 0.99::a26., 0.99::a27., 0.99::a28., 0.99::a29., qr:-a0,a2,a4,a6,a8,a10,a12,a14,a16,a18,a20,a22,a24,a26,a28., qr:-a1,a3,a5,a7,a9,a11,a13,a15,a17,a19,a21,a23,a25,a27,a29,not nqr., nqr:-a1,a3,a5,a7,a9,a11,a13,a15,a17,a19,a21,a23,a25,a27,a29,not qr., query(qr).]
tracc
nnf_construction_time: 3.2630836963653564
Pre simplification
number of sums: 2401
number of prods: 7921
-0.99*v_1*v_10*v_11*v_12*v_13*v_14*v_15*v_18*v_19*v_2*v_20*v_21*v_22*v_23*v_24*v_25*v_26*v_27*v_28*v_29*v_3*v_30*v_31*v_4*v_5*v_6*v_7*v_8*v_9 + 1.0*v_1*v_10*v_11*v_12*v_13*v_14*v_15*v_2*v_3*v_4*v_5*v_6*v_7*v_8*v_9 + 0.99*v_18*v_19*v_20*v_21*v_22*v_23*v_24*v_25*v_26*v_27*v_28*v_29*v_30*v_31
Post simplification
symp_time: 2.7880635261535645
number of sums: 2
number of subs: 1
number of prods: 58
opt_time: 5.1771399974823
     fun: 16.523430014362393
     jac: array([1., 1., 1., 1., 1., 1., 1., 1., 1., 1., 1., 1., 1., 1., 1., 1., 1.,
       1., 1., 1., 1., 1., 1., 1., 1., 1., 1., 1., 1.])
 message: 'Optimization terminated successfully'
    nfev: 58
     nit: 29
    njev: 27
  status: 0
 success: True
       x: array([0.4       , 0.4       , 0.4       , 0.4       , 0.4       ,
       0.4       , 0.4       , 0.94704778, 0.4       , 0.94704778,
       0.4       , 0.94704778, 0.4       , 0.94704778, 0.4       ,
       0.94704778, 0.4       , 0.4       , 0.94704778, 0.4       ,
       0.94704778, 0.4       , 0.94704778, 0.4       , 0.94704778,
       0.4       , 0.4       , 0.4       , 0.4       ])

real	0m12.306s
user	0m11.648s
sys	0m0.499s
Instance 30
[INFO] aspmc: Tree Decomposition #bags: 33 unfolded treewidth: 3 #vertices: 35
[INFO] aspmc: Preprocessing disabled
[INFO] aspmc:    Stats Compilation
[INFO] aspmc: ------------------------------------------------------------
[INFO] aspmc: X/D-Constrained Tree Decomposition #bags: 47 treewidth: 10 #vertices: 76
[INFO] aspmc: Dtree time:               2.032153606414795
[INFO] aspmc: Compilation time:         0.016262531280517578
[INFO] aspmc: Preparation time:         0.0001323223114013672
[INFO] aspmc: Counting time:            0.10365056991577148
[INFO] aspmc: ------------------------------------------------------------
[0.99::a0., 0.99::a1., 0.99::a2., 0.99::a3., 0.99::a4., 0.99::a5., 0.99::a6., 0.99::a7., 0.99::a8., 0.99::a9., 0.99::a10., 0.99::a11., 0.99::a12., 0.99::a13., 0.99::a14., 0.99::a15., 0.99::a16., 0.99::a17., 0.99::a18., 0.99::a19., 0.99::a20., 0.99::a21., 0.99::a22., 0.99::a23., 0.99::a24., 0.99::a25., 0.99::a26., 0.99::a27., 0.99::a28., 0.99::a29., qr:-a0,a2,a4,a6,a8,a10,a12,a14,a16,a18,a20,a22,a24,a26,a28., qr:-a1,a3,a5,a7,a9,a11,a13,a15,a17,a19,a21,a23,a25,a27,a29,not nqr., nqr:-a1,a3,a5,a7,a9,a11,a13,a15,a17,a19,a21,a23,a25,a27,a29,not qr., query(qr).]
tracc
nnf_construction_time: 3.2647476196289062
Pre simplification
number of sums: 2401
number of prods: 7921
-v_1*v_10*v_11*v_12*v_13*v_14*v_15*v_17*v_18*v_19*v_2*v_20*v_21*v_22*v_23*v_24*v_25*v_26*v_27*v_28*v_29*v_3*v_30*v_31*v_4*v_5*v_6*v_7*v_8*v_9 + v_1*v_10*v_11*v_12*v_13*v_14*v_15*v_2*v_3*v_4*v_5*v_6*v_7*v_8*v_9 + v_17*v_18*v_19*v_20*v_21*v_22*v_23*v_24*v_25*v_26*v_27*v_28*v_29*v_30*v_31
Post simplification
symp_time: 2.4031941890716553
number of sums: 2
number of subs: 1
number of prods: 57
opt_time: 5.016379356384277
     fun: 16.936296758994885
     jac: array([1., 1., 1., 1., 1., 1., 1., 1., 1., 1., 1., 1., 1., 1., 1., 1., 1.,
       1., 1., 1., 1., 1., 1., 1., 1., 1., 1., 1., 1., 1.])
 message: 'Optimization terminated successfully'
    nfev: 58
     nit: 29
    njev: 27
  status: 0
 success: True
       x: array([0.4       , 0.4       , 0.4       , 0.4       , 0.4       ,
       0.4       , 0.4       , 0.4       , 0.94847742, 0.4       ,
       0.94847742, 0.4       , 0.94847742, 0.4       , 0.94847742,
       0.4       , 0.94847742, 0.4       , 0.4       , 0.94847742,
       0.4       , 0.94847742, 0.4       , 0.94847742, 0.4       ,
       0.94847742, 0.4       , 0.4       , 0.4       , 0.4       ])

real	0m11.715s
user	0m11.040s
sys	0m0.535s
Ended at: 
Sat Dec  9 09:21:01 CET 2023
