Started at: 
Sat Dec  9 09:16:54 CET 2023
Instance 2
[INFO] aspmc: Tree Decomposition #bags: 33 unfolded treewidth: 3 #vertices: 35
[INFO] aspmc: Preprocessing disabled
[INFO] aspmc:    Stats Compilation
[INFO] aspmc: ------------------------------------------------------------
[INFO] aspmc: X/D-Constrained Tree Decomposition #bags: 47 treewidth: 10 #vertices: 76
[INFO] aspmc: Dtree time:               2.0311038494110107
[INFO] aspmc: Compilation time:         0.01614856719970703
[INFO] aspmc: Preparation time:         0.00012040138244628906
[INFO] aspmc: Counting time:            0.10694313049316406
[INFO] aspmc: ------------------------------------------------------------
[0.99::a0., 0.99::a1., 0.99::a2., 0.99::a3., 0.99::a4., 0.99::a5., 0.99::a6., 0.99::a7., 0.99::a8., 0.99::a9., 0.99::a10., 0.99::a11., 0.99::a12., 0.99::a13., 0.99::a14., 0.99::a15., 0.99::a16., 0.99::a17., 0.99::a18., 0.99::a19., 0.99::a20., 0.99::a21., 0.99::a22., 0.99::a23., 0.99::a24., 0.99::a25., 0.99::a26., 0.99::a27., 0.99::a28., 0.99::a29., qr:-a0,a2,a4,a6,a8,a10,a12,a14,a16,a18,a20,a22,a24,a26,a28., qr:-a1,a3,a5,a7,a9,a11,a13,a15,a17,a19,a21,a23,a25,a27,a29,not nqr., nqr:-a1,a3,a5,a7,a9,a11,a13,a15,a17,a19,a21,a23,a25,a27,a29,not qr., query(qr).]
tracc
nnf_construction_time: 3.2600109577178955
Pre simplification
number of sums: 2401
number of prods: 7921
0.868745812768978*v_15 - 0.868745812768978*v_31*(0.868745812768978*v_15 - 1.0)
Post simplification
symp_time: 1.1124181747436523
number of sums: 0
number of subs: 2
number of prods: 4
opt_time: 0.06711411476135254
     fun: 1.0412192746075448
     jac: array([1., 1.])
 message: 'Optimization terminated successfully'
    nfev: 4
     nit: 4
    njev: 4
  status: 0
 success: True
       x: array([0.52060964, 0.52060964])

real	0m5.605s
user	0m4.962s
sys	0m0.521s
Instance 3
[INFO] aspmc: Tree Decomposition #bags: 33 unfolded treewidth: 3 #vertices: 35
[INFO] aspmc: Preprocessing disabled
[INFO] aspmc:    Stats Compilation
[INFO] aspmc: ------------------------------------------------------------
[INFO] aspmc: X/D-Constrained Tree Decomposition #bags: 47 treewidth: 10 #vertices: 76
[INFO] aspmc: Dtree time:               2.0315499305725098
[INFO] aspmc: Compilation time:         0.01557469367980957
[INFO] aspmc: Preparation time:         0.00013566017150878906
[INFO] aspmc: Counting time:            0.1075284481048584
[INFO] aspmc: ------------------------------------------------------------
[0.99::a0., 0.99::a1., 0.99::a2., 0.99::a3., 0.99::a4., 0.99::a5., 0.99::a6., 0.99::a7., 0.99::a8., 0.99::a9., 0.99::a10., 0.99::a11., 0.99::a12., 0.99::a13., 0.99::a14., 0.99::a15., 0.99::a16., 0.99::a17., 0.99::a18., 0.99::a19., 0.99::a20., 0.99::a21., 0.99::a22., 0.99::a23., 0.99::a24., 0.99::a25., 0.99::a26., 0.99::a27., 0.99::a28., 0.99::a29., qr:-a0,a2,a4,a6,a8,a10,a12,a14,a16,a18,a20,a22,a24,a26,a28., qr:-a1,a3,a5,a7,a9,a11,a13,a15,a17,a19,a21,a23,a25,a27,a29,not nqr., nqr:-a1,a3,a5,a7,a9,a11,a13,a15,a17,a19,a21,a23,a25,a27,a29,not qr., query(qr).]
tracc
nnf_construction_time: 3.2612454891204834
Pre simplification
number of sums: 2401
number of prods: 7921
-0.762342714347103*v_14*v_15*v_31 + 0.877521022998968*v_14*v_15 + 0.868745812768978*v_31
Post simplification
symp_time: 1.1881000995635986
number of sums: 2
number of subs: 1
number of prods: 6
opt_time: 0.17597317695617676
     fun: 1.8366714463033094
     jac: array([1., 1., 1.])
 message: 'Optimization terminated successfully'
    nfev: 8
     nit: 5
    njev: 4
  status: 0
 success: True
       x: array([0.59222382, 0.65222382, 0.59222382])

real	0m5.639s
user	0m5.043s
sys	0m0.475s
Instance 4
[INFO] aspmc: Tree Decomposition #bags: 33 unfolded treewidth: 3 #vertices: 35
[INFO] aspmc: Preprocessing disabled
[INFO] aspmc:    Stats Compilation
[INFO] aspmc: ------------------------------------------------------------
[INFO] aspmc: X/D-Constrained Tree Decomposition #bags: 47 treewidth: 10 #vertices: 76
[INFO] aspmc: Dtree time:               2.0309741497039795
[INFO] aspmc: Compilation time:         0.01616835594177246
[INFO] aspmc: Preparation time:         0.000133514404296875
[INFO] aspmc: Counting time:            0.10508465766906738
[INFO] aspmc: ------------------------------------------------------------
[0.99::a0., 0.99::a1., 0.99::a2., 0.99::a3., 0.99::a4., 0.99::a5., 0.99::a6., 0.99::a7., 0.99::a8., 0.99::a9., 0.99::a10., 0.99::a11., 0.99::a12., 0.99::a13., 0.99::a14., 0.99::a15., 0.99::a16., 0.99::a17., 0.99::a18., 0.99::a19., 0.99::a20., 0.99::a21., 0.99::a22., 0.99::a23., 0.99::a24., 0.99::a25., 0.99::a26., 0.99::a27., 0.99::a28., 0.99::a29., qr:-a0,a2,a4,a6,a8,a10,a12,a14,a16,a18,a20,a22,a24,a26,a28., qr:-a1,a3,a5,a7,a9,a11,a13,a15,a17,a19,a21,a23,a25,a27,a29,not nqr., nqr:-a1,a3,a5,a7,a9,a11,a13,a15,a17,a19,a21,a23,a25,a27,a29,not qr., query(qr).]
tracc
nnf_construction_time: 3.258633613586426
Pre simplification
number of sums: 2401
number of prods: 7921
-0.770043145805155*v_14*v_15*v_30*v_31 + 0.877521022998968*v_14*v_15 + 0.877521022998968*v_30*v_31
Post simplification
symp_time: 1.146031379699707
number of sums: 2
number of subs: 1
number of prods: 8
opt_time: 0.37417101860046387
     fun: 2.871664439813922
     jac: array([1., 1., 1., 1.])
 message: 'Optimization terminated successfully'
    nfev: 5
     nit: 4
    njev: 4
  status: 0
 success: True
       x: array([0.71791611, 0.71791611, 0.71791611, 0.71791611])

real	0m5.799s
user	0m5.164s
sys	0m0.511s
Instance 5
[INFO] aspmc: Tree Decomposition #bags: 33 unfolded treewidth: 3 #vertices: 35
[INFO] aspmc: Preprocessing disabled
[INFO] aspmc:    Stats Compilation
[INFO] aspmc: ------------------------------------------------------------
[INFO] aspmc: X/D-Constrained Tree Decomposition #bags: 47 treewidth: 10 #vertices: 76
[INFO] aspmc: Dtree time:               2.030984878540039
[INFO] aspmc: Compilation time:         0.016498088836669922
[INFO] aspmc: Preparation time:         0.0001308917999267578
[INFO] aspmc: Counting time:            0.10616445541381836
[INFO] aspmc: ------------------------------------------------------------
[0.99::a0., 0.99::a1., 0.99::a2., 0.99::a3., 0.99::a4., 0.99::a5., 0.99::a6., 0.99::a7., 0.99::a8., 0.99::a9., 0.99::a10., 0.99::a11., 0.99::a12., 0.99::a13., 0.99::a14., 0.99::a15., 0.99::a16., 0.99::a17., 0.99::a18., 0.99::a19., 0.99::a20., 0.99::a21., 0.99::a22., 0.99::a23., 0.99::a24., 0.99::a25., 0.99::a26., 0.99::a27., 0.99::a28., 0.99::a29., qr:-a0,a2,a4,a6,a8,a10,a12,a14,a16,a18,a20,a22,a24,a26,a28., qr:-a1,a3,a5,a7,a9,a11,a13,a15,a17,a19,a21,a23,a25,a27,a29,not nqr., nqr:-a1,a3,a5,a7,a9,a11,a13,a15,a17,a19,a21,a23,a25,a27,a29,not qr., query(qr).]
tracc
nnf_construction_time: 3.2685976028442383
Pre simplification
number of sums: 2401
number of prods: 7921
-0.777821359399147*v_13*v_14*v_15*v_30*v_31 + 0.886384871716129*v_13*v_14*v_15 + 0.877521022998968*v_30*v_31
Post simplification
symp_time: 1.2502493858337402
number of sums: 2
number of subs: 1
number of prods: 10
opt_time: 0.8584752082824707
     fun: 3.7582756173009706
     jac: array([1., 1., 1., 1., 1.])
 message: 'Optimization terminated successfully'
    nfev: 5
     nit: 5
    njev: 5
  status: 0
 success: True
       x: array([0.72765512, 0.78765512, 0.72765512, 0.78765512, 0.72765512])

real	0m6.368s
user	0m5.685s
sys	0m0.543s
Instance 6
[INFO] aspmc: Tree Decomposition #bags: 33 unfolded treewidth: 3 #vertices: 35
[INFO] aspmc: Preprocessing disabled
[INFO] aspmc:    Stats Compilation
[INFO] aspmc: ------------------------------------------------------------
[INFO] aspmc: X/D-Constrained Tree Decomposition #bags: 47 treewidth: 10 #vertices: 76
[INFO] aspmc: Dtree time:               2.0317251682281494
[INFO] aspmc: Compilation time:         0.0162961483001709
[INFO] aspmc: Preparation time:         0.00013589859008789062
[INFO] aspmc: Counting time:            0.10824728012084961
[INFO] aspmc: ------------------------------------------------------------
[0.99::a0., 0.99::a1., 0.99::a2., 0.99::a3., 0.99::a4., 0.99::a5., 0.99::a6., 0.99::a7., 0.99::a8., 0.99::a9., 0.99::a10., 0.99::a11., 0.99::a12., 0.99::a13., 0.99::a14., 0.99::a15., 0.99::a16., 0.99::a17., 0.99::a18., 0.99::a19., 0.99::a20., 0.99::a21., 0.99::a22., 0.99::a23., 0.99::a24., 0.99::a25., 0.99::a26., 0.99::a27., 0.99::a28., 0.99::a29., qr:-a0,a2,a4,a6,a8,a10,a12,a14,a16,a18,a20,a22,a24,a26,a28., qr:-a1,a3,a5,a7,a9,a11,a13,a15,a17,a19,a21,a23,a25,a27,a29,not nqr., nqr:-a1,a3,a5,a7,a9,a11,a13,a15,a17,a19,a21,a23,a25,a27,a29,not qr., query(qr).]
tracc
nnf_construction_time: 3.260605812072754
Pre simplification
number of sums: 2401
number of prods: 7921
-0.785678140807219*v_13*v_14*v_15*v_29*v_30*v_31 + 0.886384871716129*v_13*v_14*v_15 + 0.886384871716129*v_29*v_30*v_31
Post simplification
symp_time: 1.3056621551513672
number of sums: 2
number of subs: 1
number of prods: 12
opt_time: 1.7089183330535889
     fun: 4.794523458692388
     jac: array([1., 1., 1., 1., 1., 1.])
 message: 'Optimization terminated successfully'
    nfev: 6
     nit: 6
    njev: 6
  status: 0
 success: True
       x: array([0.79908724, 0.79908724, 0.79908724, 0.79908724, 0.79908724,
       0.79908724])

real	0m7.282s
user	0m6.612s
sys	0m0.538s
Instance 7
[INFO] aspmc: Tree Decomposition #bags: 33 unfolded treewidth: 3 #vertices: 35
[INFO] aspmc: Preprocessing disabled
[INFO] aspmc:    Stats Compilation
[INFO] aspmc: ------------------------------------------------------------
[INFO] aspmc: X/D-Constrained Tree Decomposition #bags: 47 treewidth: 10 #vertices: 76
[INFO] aspmc: Dtree time:               2.0314102172851562
[INFO] aspmc: Compilation time:         0.01611781120300293
[INFO] aspmc: Preparation time:         0.00013303756713867188
[INFO] aspmc: Counting time:            0.10556817054748535
[INFO] aspmc: ------------------------------------------------------------
[0.99::a0., 0.99::a1., 0.99::a2., 0.99::a3., 0.99::a4., 0.99::a5., 0.99::a6., 0.99::a7., 0.99::a8., 0.99::a9., 0.99::a10., 0.99::a11., 0.99::a12., 0.99::a13., 0.99::a14., 0.99::a15., 0.99::a16., 0.99::a17., 0.99::a18., 0.99::a19., 0.99::a20., 0.99::a21., 0.99::a22., 0.99::a23., 0.99::a24., 0.99::a25., 0.99::a26., 0.99::a27., 0.99::a28., 0.99::a29., qr:-a0,a2,a4,a6,a8,a10,a12,a14,a16,a18,a20,a22,a24,a26,a28., qr:-a1,a3,a5,a7,a9,a11,a13,a15,a17,a19,a21,a23,a25,a27,a29,not nqr., nqr:-a1,a3,a5,a7,a9,a11,a13,a15,a17,a19,a21,a23,a25,a27,a29,not qr., query(qr).]
tracc
nnf_construction_time: 3.2581958770751953
Pre simplification
number of sums: 2401
number of prods: 7921
-0.793614283643655*v_12*v_13*v_14*v_15*v_29*v_30*v_31 + 0.895338254258716*v_12*v_13*v_14*v_15 + 0.886384871716129*v_29*v_30*v_31
Post simplification
symp_time: 1.3163461685180664
number of sums: 2
number of subs: 1
number of prods: 14
opt_time: 3.1597540378570557
     fun: 5.698930781555919
     jac: array([1., 1., 1., 1., 1., 1., 1.])
 message: 'Optimization terminated successfully'
    nfev: 7
     nit: 7
    njev: 7
  status: 0
 success: True
       x: array([0.78841868, 0.84841868, 0.78841868, 0.84841868, 0.78841868,
       0.84841868, 0.78841868])

real	0m8.771s
user	0m8.063s
sys	0m0.553s
Instance 8
[INFO] aspmc: Tree Decomposition #bags: 33 unfolded treewidth: 3 #vertices: 35
[INFO] aspmc: Preprocessing disabled
[INFO] aspmc:    Stats Compilation
[INFO] aspmc: ------------------------------------------------------------
[INFO] aspmc: X/D-Constrained Tree Decomposition #bags: 47 treewidth: 10 #vertices: 76
[INFO] aspmc: Dtree time:               2.031841278076172
[INFO] aspmc: Compilation time:         0.01574993133544922
[INFO] aspmc: Preparation time:         0.00015211105346679688
[INFO] aspmc: Counting time:            0.10724043846130371
[INFO] aspmc: ------------------------------------------------------------
[0.99::a0., 0.99::a1., 0.99::a2., 0.99::a3., 0.99::a4., 0.99::a5., 0.99::a6., 0.99::a7., 0.99::a8., 0.99::a9., 0.99::a10., 0.99::a11., 0.99::a12., 0.99::a13., 0.99::a14., 0.99::a15., 0.99::a16., 0.99::a17., 0.99::a18., 0.99::a19., 0.99::a20., 0.99::a21., 0.99::a22., 0.99::a23., 0.99::a24., 0.99::a25., 0.99::a26., 0.99::a27., 0.99::a28., 0.99::a29., qr:-a0,a2,a4,a6,a8,a10,a12,a14,a16,a18,a20,a22,a24,a26,a28., qr:-a1,a3,a5,a7,a9,a11,a13,a15,a17,a19,a21,a23,a25,a27,a29,not nqr., nqr:-a1,a3,a5,a7,a9,a11,a13,a15,a17,a19,a21,a23,a25,a27,a29,not qr., query(qr).]
tracc
nnf_construction_time: 3.264266014099121
Pre simplification
number of sums: 2401
number of prods: 7921
-0.801630589539046*v_12*v_13*v_14*v_15*v_28*v_29*v_30*v_31 + 3.08148791101958e-33*v_12*v_13*v_14*v_15*v_28*v_29 - 9.94025144705719e-17*v_12*v_13*v_14*v_15*v_28 - 2.77555756156289e-17*v_12*v_13*v_14*v_15*v_29 + 0.895338254258716*v_12*v_13*v_14*v_15 + 0.895338254258716*v_28*v_29*v_30*v_31
Post simplification
symp_time: 1.4540786743164062
number of sums: 3
number of subs: 6
number of prods: 32
opt_time: 9.570451736450195
     fun: 6.717785395187585
     jac: array([1., 1., 1., 1., 1., 1., 1., 1.])
 message: 'Optimization terminated successfully'
    nfev: 29
     nit: 14
    njev: 14
  status: 0
 success: True
       x: array([0.86972317, 0.80972317, 0.86972317, 0.80972317, 0.86972317,
       0.80972317, 0.86972317, 0.80972317])

real	0m15.319s
user	0m14.659s
sys	0m0.518s
Instance 9
[INFO] aspmc: Tree Decomposition #bags: 33 unfolded treewidth: 3 #vertices: 35
[INFO] aspmc: Preprocessing disabled
[INFO] aspmc:    Stats Compilation
[INFO] aspmc: ------------------------------------------------------------
[INFO] aspmc: X/D-Constrained Tree Decomposition #bags: 47 treewidth: 10 #vertices: 76
[INFO] aspmc: Dtree time:               2.031008243560791
[INFO] aspmc: Compilation time:         0.01632976531982422
[INFO] aspmc: Preparation time:         0.0001266002655029297
[INFO] aspmc: Counting time:            0.10422158241271973
[INFO] aspmc: ------------------------------------------------------------
[0.99::a0., 0.99::a1., 0.99::a2., 0.99::a3., 0.99::a4., 0.99::a5., 0.99::a6., 0.99::a7., 0.99::a8., 0.99::a9., 0.99::a10., 0.99::a11., 0.99::a12., 0.99::a13., 0.99::a14., 0.99::a15., 0.99::a16., 0.99::a17., 0.99::a18., 0.99::a19., 0.99::a20., 0.99::a21., 0.99::a22., 0.99::a23., 0.99::a24., 0.99::a25., 0.99::a26., 0.99::a27., 0.99::a28., 0.99::a29., qr:-a0,a2,a4,a6,a8,a10,a12,a14,a16,a18,a20,a22,a24,a26,a28., qr:-a1,a3,a5,a7,a9,a11,a13,a15,a17,a19,a21,a23,a25,a27,a29,not nqr., nqr:-a1,a3,a5,a7,a9,a11,a13,a15,a17,a19,a21,a23,a25,a27,a29,not qr., query(qr).]
tracc
nnf_construction_time: 3.258870840072632
Pre simplification
number of sums: 2401
number of prods: 7921
-0.809727868221258*v_11*v_12*v_13*v_14*v_15*v_28*v_29*v_30*v_31 + 8.47409175530384e-33*v_11*v_12*v_13*v_14*v_15*v_28*v_29 - 1.00406580273305e-16*v_11*v_12*v_13*v_14*v_15*v_28 - 7.63278329429795e-17*v_11*v_12*v_13*v_14*v_15*v_29 + 0.904382075008804*v_11*v_12*v_13*v_14*v_15 + 0.895338254258716*v_28*v_29*v_30*v_31
Post simplification
symp_time: 1.4578478336334229
number of sums: 3
number of subs: 6
number of prods: 37
opt_time: 9.70650029182434
     fun: 7.64734874296302
     jac: array([1., 1., 1., 1., 1., 1., 1., 1., 1.])
 message: 'Optimization terminated successfully'
    nfev: 14
     nit: 10
    njev: 10
  status: 0
 success: True
       x: array([0.82303875, 0.88303875, 0.82303875, 0.88303875, 0.82303875,
       0.88303875, 0.82303875, 0.88303875, 0.82303875])

real	0m15.451s
user	0m14.794s
sys	0m0.514s
Instance 10
[INFO] aspmc: Tree Decomposition #bags: 33 unfolded treewidth: 3 #vertices: 35
[INFO] aspmc: Preprocessing disabled
[INFO] aspmc:    Stats Compilation
[INFO] aspmc: ------------------------------------------------------------
[INFO] aspmc: X/D-Constrained Tree Decomposition #bags: 47 treewidth: 10 #vertices: 76
[INFO] aspmc: Dtree time:               2.0311455726623535
[INFO] aspmc: Compilation time:         0.01623392105102539
[INFO] aspmc: Preparation time:         0.00013327598571777344
[INFO] aspmc: Counting time:            0.1050727367401123
[INFO] aspmc: ------------------------------------------------------------
[0.99::a0., 0.99::a1., 0.99::a2., 0.99::a3., 0.99::a4., 0.99::a5., 0.99::a6., 0.99::a7., 0.99::a8., 0.99::a9., 0.99::a10., 0.99::a11., 0.99::a12., 0.99::a13., 0.99::a14., 0.99::a15., 0.99::a16., 0.99::a17., 0.99::a18., 0.99::a19., 0.99::a20., 0.99::a21., 0.99::a22., 0.99::a23., 0.99::a24., 0.99::a25., 0.99::a26., 0.99::a27., 0.99::a28., 0.99::a29., qr:-a0,a2,a4,a6,a8,a10,a12,a14,a16,a18,a20,a22,a24,a26,a28., qr:-a1,a3,a5,a7,a9,a11,a13,a15,a17,a19,a21,a23,a25,a27,a29,not nqr., nqr:-a1,a3,a5,a7,a9,a11,a13,a15,a17,a19,a21,a23,a25,a27,a29,not qr., query(qr).]
tracc
nnf_construction_time: 3.25858473777771
Pre simplification
number of sums: 2401
number of prods: 7921
-0.817906937597231*v_11*v_12*v_13*v_14*v_15*v_27*v_28*v_29*v_30*v_31 + 8.47409175530384e-33*v_11*v_12*v_13*v_14*v_15*v_27*v_28*v_29 - 1.00406580273305e-16*v_11*v_12*v_13*v_14*v_15*v_27*v_28 - 7.63278329429795e-17*v_11*v_12*v_13*v_14*v_15*v_29 + 0.904382075008804*v_11*v_12*v_13*v_14*v_15 + 0.904382075008804*v_27*v_28*v_29*v_30*v_31
Post simplification
symp_time: 1.5130951404571533
number of sums: 3
number of subs: 6
number of prods: 41
opt_time: 23.752912282943726
     fun: 8.664510321329915
     jac: array([1., 1., 1., 1., 1., 1., 1., 1., 1., 1.])
 message: 'Optimization terminated successfully'
    nfev: 33
     nit: 19
    njev: 18
  status: 0
 success: True
       x: array([0.89645103, 0.83645103, 0.89645103, 0.83645103, 0.89645103,
       0.83645103, 0.89645103, 0.83645103, 0.89645103, 0.83645103])

real	0m29.563s
user	0m28.865s
sys	0m0.522s
Instance 11
[INFO] aspmc: Tree Decomposition #bags: 33 unfolded treewidth: 3 #vertices: 35
[INFO] aspmc: Preprocessing disabled
[INFO] aspmc:    Stats Compilation
[INFO] aspmc: ------------------------------------------------------------
[INFO] aspmc: X/D-Constrained Tree Decomposition #bags: 47 treewidth: 10 #vertices: 76
[INFO] aspmc: Dtree time:               2.0313353538513184
[INFO] aspmc: Compilation time:         0.016106128692626953
[INFO] aspmc: Preparation time:         0.0001347064971923828
[INFO] aspmc: Counting time:            0.11116480827331543
[INFO] aspmc: ------------------------------------------------------------
[0.99::a0., 0.99::a1., 0.99::a2., 0.99::a3., 0.99::a4., 0.99::a5., 0.99::a6., 0.99::a7., 0.99::a8., 0.99::a9., 0.99::a10., 0.99::a11., 0.99::a12., 0.99::a13., 0.99::a14., 0.99::a15., 0.99::a16., 0.99::a17., 0.99::a18., 0.99::a19., 0.99::a20., 0.99::a21., 0.99::a22., 0.99::a23., 0.99::a24., 0.99::a25., 0.99::a26., 0.99::a27., 0.99::a28., 0.99::a29., qr:-a0,a2,a4,a6,a8,a10,a12,a14,a16,a18,a20,a22,a24,a26,a28., qr:-a1,a3,a5,a7,a9,a11,a13,a15,a17,a19,a21,a23,a25,a27,a29,not nqr., nqr:-a1,a3,a5,a7,a9,a11,a13,a15,a17,a19,a21,a23,a25,a27,a29,not qr., query(qr).]
tracc
nnf_construction_time: 3.266745090484619
Pre simplification
number of sums: 2401
number of prods: 7921
-0.826168623835587*v_10*v_11*v_12*v_13*v_14*v_15*v_27*v_28*v_29*v_30*v_31 + 1.04000216996911e-32*v_10*v_11*v_12*v_13*v_14*v_15*v_27*v_28*v_29 - 1.01420788154854e-16*v_10*v_11*v_12*v_13*v_14*v_15*v_27*v_28 - 9.36750677027476e-17*v_10*v_11*v_12*v_13*v_14*v_15*v_29 + 0.913517247483641*v_10*v_11*v_12*v_13*v_14*v_15 + 0.904382075008804*v_27*v_28*v_29*v_30*v_31
Post simplification
symp_time: 1.5238759517669678
number of sums: 3
number of subs: 6
number of prods: 46
opt_time: 18.48731803894043
     fun: 9.598563702817499
     jac: array([1., 1., 1., 1., 1., 1., 1., 1., 1., 1., 1.])
 message: 'Optimization terminated successfully'
    nfev: 18
     nit: 10
    njev: 10
  status: 0
 success: True
       x: array([0.90532397, 0.84532397, 0.90532397, 0.84532397, 0.90532397,
       0.84532397, 0.90532397, 0.84532397, 0.84532397, 0.90532397,
       0.84532397])

real	0m24.330s
user	0m23.586s
sys	0m0.570s
Instance 12
[INFO] aspmc: Tree Decomposition #bags: 33 unfolded treewidth: 3 #vertices: 35
[INFO] aspmc: Preprocessing disabled
[INFO] aspmc:    Stats Compilation
[INFO] aspmc: ------------------------------------------------------------
[INFO] aspmc: X/D-Constrained Tree Decomposition #bags: 47 treewidth: 10 #vertices: 76
[INFO] aspmc: Dtree time:               2.032334566116333
[INFO] aspmc: Compilation time:         0.01600360870361328
[INFO] aspmc: Preparation time:         0.00012230873107910156
[INFO] aspmc: Counting time:            0.1105046272277832
[INFO] aspmc: ------------------------------------------------------------
[0.99::a0., 0.99::a1., 0.99::a2., 0.99::a3., 0.99::a4., 0.99::a5., 0.99::a6., 0.99::a7., 0.99::a8., 0.99::a9., 0.99::a10., 0.99::a11., 0.99::a12., 0.99::a13., 0.99::a14., 0.99::a15., 0.99::a16., 0.99::a17., 0.99::a18., 0.99::a19., 0.99::a20., 0.99::a21., 0.99::a22., 0.99::a23., 0.99::a24., 0.99::a25., 0.99::a26., 0.99::a27., 0.99::a28., 0.99::a29., qr:-a0,a2,a4,a6,a8,a10,a12,a14,a16,a18,a20,a22,a24,a26,a28., qr:-a1,a3,a5,a7,a9,a11,a13,a15,a17,a19,a21,a23,a25,a27,a29,not nqr., nqr:-a1,a3,a5,a7,a9,a11,a13,a15,a17,a19,a21,a23,a25,a27,a29,not qr., query(qr).]
tracc
nnf_construction_time: 3.274859666824341
Pre simplification
number of sums: 2401
number of prods: 7921
-0.834513761450087*v_10*v_11*v_12*v_13*v_14*v_15*v_26*v_27*v_28*v_29*v_30*v_31 + 1.04000216996911e-32*v_10*v_11*v_12*v_13*v_14*v_15*v_27*v_28*v_29 - 1.01420788154854e-16*v_10*v_11*v_12*v_13*v_14*v_15*v_27*v_28 - 9.36750677027476e-17*v_10*v_11*v_12*v_13*v_14*v_15*v_29 + 0.913517247483641*v_10*v_11*v_12*v_13*v_14*v_15 + 0.913517247483641*v_26*v_27*v_28*v_29*v_30*v_31
Post simplification
symp_time: 1.7174851894378662
number of sums: 3
number of subs: 6
number of prods: 48
opt_time: 43.2333037853241
     fun: 10.614209733171746
     jac: array([1., 1., 1., 1., 1., 1., 1., 1., 1., 1., 1., 1.])
 message: 'Optimization terminated successfully'
    nfev: 47
     nit: 19
    njev: 18
  status: 0
 success: True
       x: array([0.85451748, 0.91451748, 0.85451748, 0.91451748, 0.85451748,
       0.91451748, 0.85451748, 0.91451748, 0.85451748, 0.91451748,
       0.85451748, 0.91451748])

real	0m49.312s
user	0m48.589s
sys	0m0.557s
Instance 13
[INFO] aspmc: Tree Decomposition #bags: 33 unfolded treewidth: 3 #vertices: 35
[INFO] aspmc: Preprocessing disabled
[INFO] aspmc:    Stats Compilation
[INFO] aspmc: ------------------------------------------------------------
[INFO] aspmc: X/D-Constrained Tree Decomposition #bags: 47 treewidth: 10 #vertices: 76
[INFO] aspmc: Dtree time:               2.032578468322754
[INFO] aspmc: Compilation time:         0.015981674194335938
[INFO] aspmc: Preparation time:         0.00013208389282226562
[INFO] aspmc: Counting time:            0.11064720153808594
[INFO] aspmc: ------------------------------------------------------------
[0.99::a0., 0.99::a1., 0.99::a2., 0.99::a3., 0.99::a4., 0.99::a5., 0.99::a6., 0.99::a7., 0.99::a8., 0.99::a9., 0.99::a10., 0.99::a11., 0.99::a12., 0.99::a13., 0.99::a14., 0.99::a15., 0.99::a16., 0.99::a17., 0.99::a18., 0.99::a19., 0.99::a20., 0.99::a21., 0.99::a22., 0.99::a23., 0.99::a24., 0.99::a25., 0.99::a26., 0.99::a27., 0.99::a28., 0.99::a29., qr:-a0,a2,a4,a6,a8,a10,a12,a14,a16,a18,a20,a22,a24,a26,a28., qr:-a1,a3,a5,a7,a9,a11,a13,a15,a17,a19,a21,a23,a25,a27,a29,not nqr., nqr:-a1,a3,a5,a7,a9,a11,a13,a15,a17,a19,a21,a23,a25,a27,a29,not qr., query(qr).]
tracc
nnf_construction_time: 3.2725343704223633
Pre simplification
number of sums: 2401
number of prods: 7921
-0.842943193383927*v_10*v_11*v_12*v_13*v_14*v_15*v_26*v_27*v_28*v_29*v_30*v_31*v_9 + 3.46667389989702e-33*v_10*v_11*v_12*v_13*v_14*v_15*v_27*v_28*v_29*v_9 - 1.02445240560458e-16*v_10*v_11*v_12*v_13*v_14*v_15*v_27*v_28*v_9 - 3.12250225675825e-17*v_10*v_11*v_12*v_13*v_14*v_15*v_29*v_9 + 0.92274469442792*v_10*v_11*v_12*v_13*v_14*v_15*v_9 - 1.01420788154854e-16*v_10*v_11*v_12*v_13*v_26*v_27*v_28*v_29*v_30*v_31*v_9 + 0.913517247483641*v_26*v_27*v_28*v_29*v_30*v_31
Post simplification
symp_time: 1.7079119682312012
number of sums: 3
number of subs: 8
number of prods: 64
opt_time: 36.917999267578125
     fun: 11.550306688742038
     jac: array([1., 1., 1., 1., 1., 1., 1., 1., 1., 1., 1., 1., 1.])
 message: 'Optimization terminated successfully'
    nfev: 19
     nit: 13
    njev: 12
  status: 0
 success: True
       x: array([0.92079282, 0.86079282, 0.92079282, 0.86079282, 0.92079282,
       0.86079282, 0.92079282, 0.86079282, 0.86079282, 0.92079282,
       0.86079282, 0.92079282, 0.86079282])

real	0m43.008s
user	0m42.305s
sys	0m0.527s
Instance 14
[INFO] aspmc: Tree Decomposition #bags: 33 unfolded treewidth: 3 #vertices: 35
[INFO] aspmc: Preprocessing disabled
[INFO] aspmc:    Stats Compilation
[INFO] aspmc: ------------------------------------------------------------
[INFO] aspmc: X/D-Constrained Tree Decomposition #bags: 47 treewidth: 10 #vertices: 76
[INFO] aspmc: Dtree time:               2.0321919918060303
[INFO] aspmc: Compilation time:         0.016037464141845703
[INFO] aspmc: Preparation time:         0.00012135505676269531
[INFO] aspmc: Counting time:            0.1126556396484375
[INFO] aspmc: ------------------------------------------------------------
[0.99::a0., 0.99::a1., 0.99::a2., 0.99::a3., 0.99::a4., 0.99::a5., 0.99::a6., 0.99::a7., 0.99::a8., 0.99::a9., 0.99::a10., 0.99::a11., 0.99::a12., 0.99::a13., 0.99::a14., 0.99::a15., 0.99::a16., 0.99::a17., 0.99::a18., 0.99::a19., 0.99::a20., 0.99::a21., 0.99::a22., 0.99::a23., 0.99::a24., 0.99::a25., 0.99::a26., 0.99::a27., 0.99::a28., 0.99::a29., qr:-a0,a2,a4,a6,a8,a10,a12,a14,a16,a18,a20,a22,a24,a26,a28., qr:-a1,a3,a5,a7,a9,a11,a13,a15,a17,a19,a21,a23,a25,a27,a29,not nqr., nqr:-a1,a3,a5,a7,a9,a11,a13,a15,a17,a19,a21,a23,a25,a27,a29,not qr., query(qr).]
tracc
nnf_construction_time: 3.271953821182251
Pre simplification
number of sums: 2401
number of prods: 7921
-0.851457771094875*v_10*v_11*v_12*v_13*v_14*v_15*v_25*v_26*v_27*v_28*v_29*v_30*v_31*v_9 + 0.92274469442792*v_10*v_11*v_12*v_13*v_14*v_15*v_9 - 1.02445240560458e-16*v_10*v_11*v_12*v_13*v_25*v_26*v_27*v_28*v_29*v_30*v_31*v_9 + 0.92274469442792*v_25*v_26*v_27*v_28*v_29*v_30*v_31
Post simplification
symp_time: 1.687593936920166
number of sums: 2
number of subs: 3
number of prods: 40
opt_time: 40.514018058776855
     fun: 12.644117331511698
     jac: array([1., 1., 1., 1., 1., 1., 1., 1., 1., 1., 1., 1., 1., 1.])
 message: 'Optimization terminated successfully'
    nfev: 16
     nit: 11
    njev: 11
  status: 0
 success: True
       x: array([0.90315113, 0.90315134, 0.90315113, 0.90315134, 0.90315113,
       0.90315134, 0.90315113, 0.90315134, 0.90315113, 0.90315134,
       0.90315113, 0.90315134, 0.90315113, 0.90315134])

real	0m46.532s
user	0m45.805s
sys	0m0.550s
Instance 15
[INFO] aspmc: Tree Decomposition #bags: 33 unfolded treewidth: 3 #vertices: 35
[INFO] aspmc: Preprocessing disabled
[INFO] aspmc:    Stats Compilation
[INFO] aspmc: ------------------------------------------------------------
[INFO] aspmc: X/D-Constrained Tree Decomposition #bags: 47 treewidth: 10 #vertices: 76
[INFO] aspmc: Dtree time:               2.030869722366333
[INFO] aspmc: Compilation time:         0.015482902526855469
[INFO] aspmc: Preparation time:         0.00013256072998046875
[INFO] aspmc: Counting time:            0.1061398983001709
[INFO] aspmc: ------------------------------------------------------------
[0.99::a0., 0.99::a1., 0.99::a2., 0.99::a3., 0.99::a4., 0.99::a5., 0.99::a6., 0.99::a7., 0.99::a8., 0.99::a9., 0.99::a10., 0.99::a11., 0.99::a12., 0.99::a13., 0.99::a14., 0.99::a15., 0.99::a16., 0.99::a17., 0.99::a18., 0.99::a19., 0.99::a20., 0.99::a21., 0.99::a22., 0.99::a23., 0.99::a24., 0.99::a25., 0.99::a26., 0.99::a27., 0.99::a28., 0.99::a29., qr:-a0,a2,a4,a6,a8,a10,a12,a14,a16,a18,a20,a22,a24,a26,a28., qr:-a1,a3,a5,a7,a9,a11,a13,a15,a17,a19,a21,a23,a25,a27,a29,not nqr., nqr:-a1,a3,a5,a7,a9,a11,a13,a15,a17,a19,a21,a23,a25,a27,a29,not qr., query(qr).]
tracc
nnf_construction_time: 3.2580134868621826
Pre simplification
number of sums: 2401
number of prods: 7921
-0.860058354641288*v_10*v_11*v_12*v_13*v_14*v_15*v_25*v_26*v_27*v_28*v_29*v_30*v_31*v_8*v_9 + 0.93206534790699*v_10*v_11*v_12*v_13*v_14*v_15*v_8*v_9 - 1.02445240560458e-16*v_10*v_11*v_12*v_13*v_25*v_26*v_27*v_28*v_29*v_30*v_31*v_9 + 0.92274469442792*v_25*v_26*v_27*v_28*v_29*v_30*v_31
Post simplification
symp_time: 1.6103439331054688
number of sums: 2
number of subs: 3
number of prods: 42
opt_time: 46.2617461681366
     fun: 13.501456640073007
     jac: array([1., 1., 1., 1., 1., 1., 1., 1., 1., 1., 1., 1., 1., 1., 1.])
 message: 'Optimization terminated successfully'
    nfev: 15
     nit: 12
    njev: 11
  status: 0
 success: True
       x: array([0.93209711, 0.87209711, 0.93209711, 0.87209711, 0.93209711,
       0.87209711, 0.93209711, 0.87209711, 0.87209711, 0.93209711,
       0.87209711, 0.93209711, 0.87209711, 0.93209711, 0.87209711])

real	0m52.142s
user	0m51.427s
sys	0m0.529s
Instance 16
[INFO] aspmc: Tree Decomposition #bags: 33 unfolded treewidth: 3 #vertices: 35
[INFO] aspmc: Preprocessing disabled
[INFO] aspmc:    Stats Compilation
[INFO] aspmc: ------------------------------------------------------------
[INFO] aspmc: X/D-Constrained Tree Decomposition #bags: 47 treewidth: 10 #vertices: 76
[INFO] aspmc: Dtree time:               2.0297374725341797
[INFO] aspmc: Compilation time:         0.015226602554321289
[INFO] aspmc: Preparation time:         0.00011944770812988281
[INFO] aspmc: Counting time:            0.09985780715942383
[INFO] aspmc: ------------------------------------------------------------
[0.99::a0., 0.99::a1., 0.99::a2., 0.99::a3., 0.99::a4., 0.99::a5., 0.99::a6., 0.99::a7., 0.99::a8., 0.99::a9., 0.99::a10., 0.99::a11., 0.99::a12., 0.99::a13., 0.99::a14., 0.99::a15., 0.99::a16., 0.99::a17., 0.99::a18., 0.99::a19., 0.99::a20., 0.99::a21., 0.99::a22., 0.99::a23., 0.99::a24., 0.99::a25., 0.99::a26., 0.99::a27., 0.99::a28., 0.99::a29., qr:-a0,a2,a4,a6,a8,a10,a12,a14,a16,a18,a20,a22,a24,a26,a28., qr:-a1,a3,a5,a7,a9,a11,a13,a15,a17,a19,a21,a23,a25,a27,a29,not nqr., nqr:-a1,a3,a5,a7,a9,a11,a13,a15,a17,a19,a21,a23,a25,a27,a29,not qr., query(qr).]
tracc
nnf_construction_time: 3.2442710399627686
Pre simplification
number of sums: 2401
number of prods: 7921
-0.868745812768978*v_10*v_11*v_12*v_13*v_14*v_15*v_24*v_25*v_26*v_27*v_28*v_29*v_30*v_31*v_8*v_9 - 1.0348004097016e-16*v_10*v_11*v_12*v_13*v_14*v_15*v_24*v_25*v_27*v_28*v_31*v_8*v_9 + 0.93206534790699*v_10*v_11*v_12*v_13*v_14*v_15*v_8*v_9 - 1.0348004097016e-16*v_10*v_11*v_12*v_13*v_24*v_25*v_26*v_27*v_28*v_29*v_30*v_31*v_9 + 0.93206534790699*v_24*v_25*v_26*v_27*v_28*v_29*v_30*v_31
Post simplification
symp_time: 1.641089677810669
number of sums: 2
number of subs: 5
number of prods: 58
opt_time: 54.87477469444275
     fun: 14.617220669055131
     jac: array([1., 1., 1., 1., 1., 1., 1., 1., 1., 1., 1., 1., 1., 1., 1., 1.])
 message: 'Optimization terminated successfully'
    nfev: 16
     nit: 11
    njev: 11
  status: 0
 success: True
       x: array([0.91357633, 0.91357626, 0.91357633, 0.91357626, 0.91357633,
       0.91357626, 0.91357633, 0.91357626, 0.91357633, 0.91357626,
       0.91357633, 0.91357626, 0.91357633, 0.91357626, 0.91357633,
       0.91357626])

real	1m0.740s
user	1m0.011s
sys	0m0.518s
Instance 17
[INFO] aspmc: Tree Decomposition #bags: 33 unfolded treewidth: 3 #vertices: 35
[INFO] aspmc: Preprocessing disabled
[INFO] aspmc:    Stats Compilation
[INFO] aspmc: ------------------------------------------------------------
[INFO] aspmc: X/D-Constrained Tree Decomposition #bags: 47 treewidth: 10 #vertices: 76
[INFO] aspmc: Dtree time:               2.027217149734497
[INFO] aspmc: Compilation time:         0.013288497924804688
[INFO] aspmc: Preparation time:         0.00011801719665527344
[INFO] aspmc: Counting time:            0.09589028358459473
[INFO] aspmc: ------------------------------------------------------------
[0.99::a0., 0.99::a1., 0.99::a2., 0.99::a3., 0.99::a4., 0.99::a5., 0.99::a6., 0.99::a7., 0.99::a8., 0.99::a9., 0.99::a10., 0.99::a11., 0.99::a12., 0.99::a13., 0.99::a14., 0.99::a15., 0.99::a16., 0.99::a17., 0.99::a18., 0.99::a19., 0.99::a20., 0.99::a21., 0.99::a22., 0.99::a23., 0.99::a24., 0.99::a25., 0.99::a26., 0.99::a27., 0.99::a28., 0.99::a29., qr:-a0,a2,a4,a6,a8,a10,a12,a14,a16,a18,a20,a22,a24,a26,a28., qr:-a1,a3,a5,a7,a9,a11,a13,a15,a17,a19,a21,a23,a25,a27,a29,not nqr., nqr:-a1,a3,a5,a7,a9,a11,a13,a15,a17,a19,a21,a23,a25,a27,a29,not qr., query(qr).]
tracc
nnf_construction_time: 3.2313897609710693
Pre simplification
number of sums: 2401
number of prods: 7921
-0.877521022998968*v_10*v_11*v_12*v_13*v_14*v_15*v_24*v_25*v_26*v_27*v_28*v_29*v_30*v_31*v_7*v_8*v_9 - 1.0348004097016e-16*v_10*v_11*v_12*v_13*v_14*v_15*v_24*v_25*v_26*v_27*v_28*v_29*v_30*v_31*v_7*v_9 + 8.47409175530384e-33*v_10*v_11*v_12*v_13*v_14*v_15*v_24*v_25*v_27*v_28*v_29*v_31*v_7*v_8*v_9 - 1.04525293909252e-16*v_10*v_11*v_12*v_13*v_14*v_15*v_24*v_25*v_27*v_28*v_31*v_7*v_8*v_9 - 7.63278329429795e-17*v_10*v_11*v_12*v_13*v_14*v_15*v_29*v_7*v_8*v_9 + 0.941480149401*v_10*v_11*v_12*v_13*v_14*v_15*v_7*v_8*v_9 + 0.93206534790699*v_24*v_25*v_26*v_27*v_28*v_29*v_30*v_31
Post simplification
symp_time: 1.5684549808502197
number of sums: 3
number of subs: 8
number of prods: 89
opt_time: 64.633291721344
     fun: 15.451437918479945
     jac: array([1., 1., 1., 1., 1., 1., 1., 1., 1., 1., 1., 1., 1., 1., 1., 1., 1.])
 message: 'Optimization terminated successfully'
    nfev: 16
     nit: 12
    njev: 11
  status: 0
 success: True
       x: array([0.94067282, 0.88067282, 0.94067282, 0.88067282, 0.94067282,
       0.88067282, 0.94067282, 0.88067282, 0.88067282, 0.94067282,
       0.88067282, 0.94067282, 0.88067282, 0.94067282, 0.88067282,
       0.94067282, 0.88067282])

real	1m10.386s
user	1m9.655s
sys	0m0.507s
Instance 18
[INFO] aspmc: Tree Decomposition #bags: 33 unfolded treewidth: 3 #vertices: 35
[INFO] aspmc: Preprocessing disabled
[INFO] aspmc:    Stats Compilation
[INFO] aspmc: ------------------------------------------------------------
[INFO] aspmc: X/D-Constrained Tree Decomposition #bags: 47 treewidth: 10 #vertices: 76
[INFO] aspmc: Dtree time:               2.027050733566284
[INFO] aspmc: Compilation time:         0.013485431671142578
[INFO] aspmc: Preparation time:         0.00011372566223144531
[INFO] aspmc: Counting time:            0.09502387046813965
[INFO] aspmc: ------------------------------------------------------------
[0.99::a0., 0.99::a1., 0.99::a2., 0.99::a3., 0.99::a4., 0.99::a5., 0.99::a6., 0.99::a7., 0.99::a8., 0.99::a9., 0.99::a10., 0.99::a11., 0.99::a12., 0.99::a13., 0.99::a14., 0.99::a15., 0.99::a16., 0.99::a17., 0.99::a18., 0.99::a19., 0.99::a20., 0.99::a21., 0.99::a22., 0.99::a23., 0.99::a24., 0.99::a25., 0.99::a26., 0.99::a27., 0.99::a28., 0.99::a29., qr:-a0,a2,a4,a6,a8,a10,a12,a14,a16,a18,a20,a22,a24,a26,a28., qr:-a1,a3,a5,a7,a9,a11,a13,a15,a17,a19,a21,a23,a25,a27,a29,not nqr., nqr:-a1,a3,a5,a7,a9,a11,a13,a15,a17,a19,a21,a23,a25,a27,a29,not qr., query(qr).]
tracc
nnf_construction_time: 3.2313785552978516
Pre simplification
number of sums: 2401
number of prods: 7921
-0.886384871716129*v_10*v_11*v_12*v_13*v_14*v_15*v_23*v_24*v_25*v_26*v_27*v_28*v_29*v_30*v_31*v_7*v_8*v_9 - 1.04525293909252e-16*v_10*v_11*v_12*v_13*v_14*v_15*v_23*v_24*v_25*v_26*v_27*v_28*v_29*v_30*v_31*v_7*v_9 + 6.93334779979405e-33*v_10*v_11*v_12*v_13*v_14*v_15*v_23*v_24*v_25*v_27*v_28*v_31*v_7*v_8*v_9 - 6.24500451351651e-17*v_10*v_11*v_12*v_13*v_14*v_15*v_23*v_7*v_8*v_9 - 1.04525293909252e-16*v_10*v_11*v_12*v_13*v_14*v_15*v_24*v_25*v_27*v_28*v_31*v_7*v_8*v_9 + 0.941480149401*v_10*v_11*v_12*v_13*v_14*v_15*v_7*v_8*v_9 + 0.941480149401*v_23*v_24*v_25*v_26*v_27*v_28*v_29*v_30*v_31
Post simplification
symp_time: 1.941819667816162
number of sums: 3
number of subs: 8
number of prods: 92
opt_time: 114.43997931480408
     fun: 16.46301393009799
     jac: array([1., 1., 1., 1., 1., 1., 1., 1., 1., 1., 1., 1., 1., 1., 1., 1., 1.,
       1.])
 message: 'Optimization terminated successfully'
    nfev: 31
     nit: 17
    njev: 16
  status: 0
 success: True
       x: array([0.88461189, 0.94461189, 0.88461189, 0.94461189, 0.88461189,
       0.94461189, 0.88461189, 0.94461189, 0.88461189, 0.94461189,
       0.88461189, 0.94461189, 0.88461189, 0.94461189, 0.88461189,
       0.94461189, 0.88461189, 0.94461189])

real	2m0.581s
user	1m59.763s
sys	0m0.536s
Instance 19
[INFO] aspmc: Tree Decomposition #bags: 33 unfolded treewidth: 3 #vertices: 35
[INFO] aspmc: Preprocessing disabled
[INFO] aspmc:    Stats Compilation
[INFO] aspmc: ------------------------------------------------------------
[INFO] aspmc: X/D-Constrained Tree Decomposition #bags: 47 treewidth: 10 #vertices: 76
[INFO] aspmc: Dtree time:               2.0283310413360596
[INFO] aspmc: Compilation time:         0.014769792556762695
[INFO] aspmc: Preparation time:         0.00011801719665527344
[INFO] aspmc: Counting time:            0.0908348560333252
[INFO] aspmc: ------------------------------------------------------------
[0.99::a0., 0.99::a1., 0.99::a2., 0.99::a3., 0.99::a4., 0.99::a5., 0.99::a6., 0.99::a7., 0.99::a8., 0.99::a9., 0.99::a10., 0.99::a11., 0.99::a12., 0.99::a13., 0.99::a14., 0.99::a15., 0.99::a16., 0.99::a17., 0.99::a18., 0.99::a19., 0.99::a20., 0.99::a21., 0.99::a22., 0.99::a23., 0.99::a24., 0.99::a25., 0.99::a26., 0.99::a27., 0.99::a28., 0.99::a29., qr:-a0,a2,a4,a6,a8,a10,a12,a14,a16,a18,a20,a22,a24,a26,a28., qr:-a1,a3,a5,a7,a9,a11,a13,a15,a17,a19,a21,a23,a25,a27,a29,not nqr., nqr:-a1,a3,a5,a7,a9,a11,a13,a15,a17,a19,a21,a23,a25,a27,a29,not qr., query(qr).]
tracc
nnf_construction_time: 3.2288012504577637
Pre simplification
number of sums: 2401
number of prods: 7921
-0.895338254258716*v_10*v_11*v_12*v_13*v_14*v_15*v_23*v_24*v_25*v_26*v_27*v_28*v_29*v_30*v_31*v_6*v_7*v_8*v_9 - 1.04525293909252e-16*v_10*v_11*v_12*v_13*v_14*v_15*v_23*v_24*v_25*v_26*v_27*v_28*v_29*v_30*v_31*v_7*v_9 - 3.08148791101958e-33*v_10*v_11*v_12*v_13*v_14*v_15*v_23*v_24*v_25*v_27*v_28*v_31*v_6*v_7*v_8*v_9 + 2.77555756156289e-17*v_10*v_11*v_12*v_13*v_14*v_15*v_23*v_6*v_7*v_8*v_9 - 1.05581104958841e-16*v_10*v_11*v_12*v_13*v_14*v_15*v_24*v_25*v_27*v_28*v_31*v_6*v_7*v_8*v_9 + 0.9509900499*v_10*v_11*v_12*v_13*v_14*v_15*v_6*v_7*v_8*v_9 + 0.941480149401*v_23*v_24*v_25*v_26*v_27*v_28*v_29*v_30*v_31
Post simplification
symp_time: 1.9626352787017822
number of sums: 3
number of subs: 8
number of prods: 97
opt_time: 82.85122966766357
     fun: 17.39995895269954
     jac: array([1., 1., 1., 1., 1., 1., 1., 1., 1., 1., 1., 1., 1., 1., 1., 1., 1.,
       1., 1.])
 message: 'Optimization terminated successfully'
    nfev: 14
     nit: 11
    njev: 10
  status: 0
 success: True
       x: array([0.94736626, 0.88736626, 0.94736626, 0.88736626, 0.94736626,
       0.88736626, 0.94736626, 0.88736626, 0.88736626, 0.94736626,
       0.88736626, 0.94736626, 0.88736626, 0.94736626, 0.88736626,
       0.94736626, 0.88736626, 0.94736626, 0.88736626])

real	1m29.005s
user	1m28.175s
sys	0m0.586s
Instance 20
[INFO] aspmc: Tree Decomposition #bags: 33 unfolded treewidth: 3 #vertices: 35
[INFO] aspmc: Preprocessing disabled
[INFO] aspmc:    Stats Compilation
[INFO] aspmc: ------------------------------------------------------------
[INFO] aspmc: X/D-Constrained Tree Decomposition #bags: 47 treewidth: 10 #vertices: 76
[INFO] aspmc: Dtree time:               2.0274691581726074
[INFO] aspmc: Compilation time:         0.013362646102905273
[INFO] aspmc: Preparation time:         9.775161743164062e-05
[INFO] aspmc: Counting time:            0.09163427352905273
[INFO] aspmc: ------------------------------------------------------------
[0.99::a0., 0.99::a1., 0.99::a2., 0.99::a3., 0.99::a4., 0.99::a5., 0.99::a6., 0.99::a7., 0.99::a8., 0.99::a9., 0.99::a10., 0.99::a11., 0.99::a12., 0.99::a13., 0.99::a14., 0.99::a15., 0.99::a16., 0.99::a17., 0.99::a18., 0.99::a19., 0.99::a20., 0.99::a21., 0.99::a22., 0.99::a23., 0.99::a24., 0.99::a25., 0.99::a26., 0.99::a27., 0.99::a28., 0.99::a29., qr:-a0,a2,a4,a6,a8,a10,a12,a14,a16,a18,a20,a22,a24,a26,a28., qr:-a1,a3,a5,a7,a9,a11,a13,a15,a17,a19,a21,a23,a25,a27,a29,not nqr., nqr:-a1,a3,a5,a7,a9,a11,a13,a15,a17,a19,a21,a23,a25,a27,a29,not qr., query(qr).]
tracc
nnf_construction_time: 3.227160692214966
Pre simplification
number of sums: 2401
number of prods: 7921
-0.904382075008804*v_10*v_11*v_12*v_13*v_14*v_15*v_22*v_23*v_24*v_25*v_26*v_27*v_28*v_29*v_30*v_31*v_6*v_7*v_8*v_9 - 1.05581104958841e-16*v_10*v_11*v_12*v_13*v_14*v_15*v_22*v_23*v_24*v_25*v_26*v_27*v_28*v_29*v_30*v_31*v_7*v_9 + 0.9509900499*v_10*v_11*v_12*v_13*v_14*v_15*v_6*v_7*v_8*v_9 + 0.9509900499*v_22*v_23*v_24*v_25*v_26*v_27*v_28*v_29*v_30*v_31
Post simplification
symp_time: 1.9780464172363281
number of sums: 2
number of subs: 3
number of prods: 58
opt_time: 134.66335725784302
     fun: 18.410317105630845
     jac: array([1., 1., 1., 1., 1., 1., 1., 1., 1., 1., 1., 1., 1., 1., 1., 1., 1.,
       1., 1., 1.])
 message: 'Optimization terminated successfully'
    nfev: 19
     nit: 15
    njev: 14
  status: 0
 success: True
       x: array([0.95051586, 0.89051586, 0.95051586, 0.89051586, 0.95051586,
       0.89051586, 0.95051586, 0.89051586, 0.95051586, 0.89051586,
       0.95051586, 0.89051586, 0.95051586, 0.89051586, 0.95051586,
       0.89051586, 0.95051586, 0.89051586, 0.95051586, 0.89051586])

real	2m20.829s
user	2m20.009s
sys	0m0.534s
Instance 21
[INFO] aspmc: Tree Decomposition #bags: 33 unfolded treewidth: 3 #vertices: 35
[INFO] aspmc: Preprocessing disabled
[INFO] aspmc:    Stats Compilation
[INFO] aspmc: ------------------------------------------------------------
[INFO] aspmc: X/D-Constrained Tree Decomposition #bags: 47 treewidth: 10 #vertices: 76
[INFO] aspmc: Dtree time:               2.0278561115264893
[INFO] aspmc: Compilation time:         0.01312255859375
[INFO] aspmc: Preparation time:         0.00010943412780761719
[INFO] aspmc: Counting time:            0.0911552906036377
[INFO] aspmc: ------------------------------------------------------------
[0.99::a0., 0.99::a1., 0.99::a2., 0.99::a3., 0.99::a4., 0.99::a5., 0.99::a6., 0.99::a7., 0.99::a8., 0.99::a9., 0.99::a10., 0.99::a11., 0.99::a12., 0.99::a13., 0.99::a14., 0.99::a15., 0.99::a16., 0.99::a17., 0.99::a18., 0.99::a19., 0.99::a20., 0.99::a21., 0.99::a22., 0.99::a23., 0.99::a24., 0.99::a25., 0.99::a26., 0.99::a27., 0.99::a28., 0.99::a29., qr:-a0,a2,a4,a6,a8,a10,a12,a14,a16,a18,a20,a22,a24,a26,a28., qr:-a1,a3,a5,a7,a9,a11,a13,a15,a17,a19,a21,a23,a25,a27,a29,not nqr., nqr:-a1,a3,a5,a7,a9,a11,a13,a15,a17,a19,a21,a23,a25,a27,a29,not qr., query(qr).]
tracc
nnf_construction_time: 3.226975202560425
Pre simplification
number of sums: 2401
number of prods: 7921
-0.913517247483641*v_10*v_11*v_12*v_13*v_14*v_15*v_22*v_23*v_24*v_25*v_26*v_27*v_28*v_29*v_30*v_31*v_5*v_6*v_7*v_8*v_9 + 0.96059601*v_10*v_11*v_12*v_13*v_14*v_15*v_5*v_6*v_7*v_8*v_9 + 0.9509900499*v_22*v_23*v_24*v_25*v_26*v_27*v_28*v_29*v_30*v_31
Post simplification
symp_time: 1.946209192276001
number of sums: 2
number of subs: 1
number of prods: 42
opt_time: 122.98146462440491
     fun: 19.346886510044076
     jac: array([1., 1., 1., 1., 1., 1., 1., 1., 1., 1., 1., 1., 1., 1., 1., 1., 1.,
       1., 1., 1., 1.])
 message: 'Optimization terminated successfully'
    nfev: 17
     nit: 12
    njev: 11
  status: 0
 success: True
       x: array([0.95270888, 0.89270888, 0.95270888, 0.89270888, 0.95270888,
       0.89270888, 0.95270888, 0.89270888, 0.89270888, 0.95270888,
       0.89270888, 0.95270888, 0.89270888, 0.95270888, 0.89270888,
       0.95270888, 0.89270888, 0.95270888, 0.89270888, 0.95270888,
       0.89270888])

real	2m9.121s
user	2m8.300s
sys	0m0.550s
Instance 22
[INFO] aspmc: Tree Decomposition #bags: 33 unfolded treewidth: 3 #vertices: 35
[INFO] aspmc: Preprocessing disabled
[INFO] aspmc:    Stats Compilation
[INFO] aspmc: ------------------------------------------------------------
[INFO] aspmc: X/D-Constrained Tree Decomposition #bags: 47 treewidth: 10 #vertices: 76
[INFO] aspmc: Dtree time:               2.0299618244171143
[INFO] aspmc: Compilation time:         0.013660430908203125
[INFO] aspmc: Preparation time:         0.00010037422180175781
[INFO] aspmc: Counting time:            0.0963890552520752
[INFO] aspmc: ------------------------------------------------------------
[0.99::a0., 0.99::a1., 0.99::a2., 0.99::a3., 0.99::a4., 0.99::a5., 0.99::a6., 0.99::a7., 0.99::a8., 0.99::a9., 0.99::a10., 0.99::a11., 0.99::a12., 0.99::a13., 0.99::a14., 0.99::a15., 0.99::a16., 0.99::a17., 0.99::a18., 0.99::a19., 0.99::a20., 0.99::a21., 0.99::a22., 0.99::a23., 0.99::a24., 0.99::a25., 0.99::a26., 0.99::a27., 0.99::a28., 0.99::a29., qr:-a0,a2,a4,a6,a8,a10,a12,a14,a16,a18,a20,a22,a24,a26,a28., qr:-a1,a3,a5,a7,a9,a11,a13,a15,a17,a19,a21,a23,a25,a27,a29,not nqr., nqr:-a1,a3,a5,a7,a9,a11,a13,a15,a17,a19,a21,a23,a25,a27,a29,not qr., query(qr).]
tracc
nnf_construction_time: 3.2354395389556885
Pre simplification
number of sums: 2401
number of prods: 7921
-0.92274469442792*v_10*v_11*v_12*v_13*v_14*v_15*v_21*v_22*v_23*v_24*v_25*v_26*v_27*v_28*v_29*v_30*v_31*v_5*v_6*v_7*v_8*v_9 + 0.96059601*v_10*v_11*v_12*v_13*v_14*v_15*v_5*v_6*v_7*v_8*v_9 + 0.96059601*v_21*v_22*v_23*v_24*v_25*v_26*v_27*v_28*v_29*v_30*v_31
Post simplification
symp_time: 2.1448261737823486
number of sums: 2
number of subs: 1
number of prods: 44
opt_time: 166.95242857933044
     fun: 20.3560969847604
     jac: array([1., 1., 1., 1., 1., 1., 1., 1., 1., 1., 1., 1., 1., 1., 1., 1., 1.,
       1., 1., 1., 1., 1.])
 message: 'Optimization terminated successfully'
    nfev: 17
     nit: 14
    njev: 13
  status: 0
 success: True
       x: array([0.95527714, 0.89527714, 0.95527714, 0.89527714, 0.95527714,
       0.89527714, 0.95527714, 0.95527714, 0.89527714, 0.89527714,
       0.95527714, 0.89527714, 0.95527714, 0.89527714, 0.95527714,
       0.89527714, 0.95527714, 0.89527714, 0.95527714, 0.89527714,
       0.95527714, 0.89527714])

real	2m53.291s
user	2m52.484s
sys	0m0.503s
Instance 23
[INFO] aspmc: Tree Decomposition #bags: 33 unfolded treewidth: 3 #vertices: 35
[INFO] aspmc: Preprocessing disabled
[INFO] aspmc:    Stats Compilation
[INFO] aspmc: ------------------------------------------------------------
[INFO] aspmc: X/D-Constrained Tree Decomposition #bags: 47 treewidth: 10 #vertices: 76
[INFO] aspmc: Dtree time:               2.0281014442443848
[INFO] aspmc: Compilation time:         0.013221979141235352
[INFO] aspmc: Preparation time:         0.00011563301086425781
[INFO] aspmc: Counting time:            0.09605073928833008
[INFO] aspmc: ------------------------------------------------------------
[0.99::a0., 0.99::a1., 0.99::a2., 0.99::a3., 0.99::a4., 0.99::a5., 0.99::a6., 0.99::a7., 0.99::a8., 0.99::a9., 0.99::a10., 0.99::a11., 0.99::a12., 0.99::a13., 0.99::a14., 0.99::a15., 0.99::a16., 0.99::a17., 0.99::a18., 0.99::a19., 0.99::a20., 0.99::a21., 0.99::a22., 0.99::a23., 0.99::a24., 0.99::a25., 0.99::a26., 0.99::a27., 0.99::a28., 0.99::a29., qr:-a0,a2,a4,a6,a8,a10,a12,a14,a16,a18,a20,a22,a24,a26,a28., qr:-a1,a3,a5,a7,a9,a11,a13,a15,a17,a19,a21,a23,a25,a27,a29,not nqr., nqr:-a1,a3,a5,a7,a9,a11,a13,a15,a17,a19,a21,a23,a25,a27,a29,not qr., query(qr).]
tracc
nnf_construction_time: 3.233046054840088
Pre simplification
number of sums: 2401
number of prods: 7921
-0.93206534790699*v_10*v_11*v_12*v_13*v_14*v_15*v_21*v_22*v_23*v_24*v_25*v_26*v_27*v_28*v_29*v_30*v_31*v_4*v_5*v_6*v_7*v_8*v_9 + 0.970299*v_10*v_11*v_12*v_13*v_14*v_15*v_4*v_5*v_6*v_7*v_8*v_9 + 0.96059601*v_21*v_22*v_23*v_24*v_25*v_26*v_27*v_28*v_29*v_30*v_31
Post simplification
symp_time: 2.1490724086761475
number of sums: 2
number of subs: 1
number of prods: 46
opt_time: 147.47828102111816
     fun: 21.29217977269698
     jac: array([1., 1., 1., 1., 1., 1., 1., 1., 1., 1., 1., 1., 1., 1., 1., 1., 1.,
       1., 1., 1., 1., 1., 1.])
 message: 'Optimization terminated successfully'
    nfev: 15
     nit: 11
    njev: 10
  status: 0
 success: True
       x: array([0.95705129, 0.89705129, 0.95705129, 0.89705129, 0.95705129,
       0.89705129, 0.95705129, 0.89705129, 0.95705129, 0.89705129,
       0.89705129, 0.95705129, 0.89705129, 0.95705129, 0.89705129,
       0.95705129, 0.89705129, 0.95705129, 0.89705129, 0.95705129,
       0.89705129, 0.95705129, 0.89705129])

real	2m33.850s
user	2m33.035s
sys	0m0.512s
Instance 24
[INFO] aspmc: Tree Decomposition #bags: 33 unfolded treewidth: 3 #vertices: 35
[INFO] aspmc: Preprocessing disabled
[INFO] aspmc:    Stats Compilation
[INFO] aspmc: ------------------------------------------------------------
[INFO] aspmc: X/D-Constrained Tree Decomposition #bags: 47 treewidth: 10 #vertices: 76
[INFO] aspmc: Dtree time:               2.0270090103149414
[INFO] aspmc: Compilation time:         0.013236522674560547
[INFO] aspmc: Preparation time:         0.00011706352233886719
[INFO] aspmc: Counting time:            0.09134459495544434
[INFO] aspmc: ------------------------------------------------------------
[0.99::a0., 0.99::a1., 0.99::a2., 0.99::a3., 0.99::a4., 0.99::a5., 0.99::a6., 0.99::a7., 0.99::a8., 0.99::a9., 0.99::a10., 0.99::a11., 0.99::a12., 0.99::a13., 0.99::a14., 0.99::a15., 0.99::a16., 0.99::a17., 0.99::a18., 0.99::a19., 0.99::a20., 0.99::a21., 0.99::a22., 0.99::a23., 0.99::a24., 0.99::a25., 0.99::a26., 0.99::a27., 0.99::a28., 0.99::a29., qr:-a0,a2,a4,a6,a8,a10,a12,a14,a16,a18,a20,a22,a24,a26,a28., qr:-a1,a3,a5,a7,a9,a11,a13,a15,a17,a19,a21,a23,a25,a27,a29,not nqr., nqr:-a1,a3,a5,a7,a9,a11,a13,a15,a17,a19,a21,a23,a25,a27,a29,not qr., query(qr).]
tracc
nnf_construction_time: 3.225872039794922
Pre simplification
number of sums: 2401
number of prods: 7921
-0.941480149401*v_10*v_11*v_12*v_13*v_14*v_15*v_20*v_21*v_22*v_23*v_24*v_25*v_26*v_27*v_28*v_29*v_30*v_31*v_4*v_5*v_6*v_7*v_8*v_9 + 0.970299*v_10*v_11*v_12*v_13*v_14*v_15*v_4*v_5*v_6*v_7*v_8*v_9 + 0.970299*v_20*v_21*v_22*v_23*v_24*v_25*v_26*v_27*v_28*v_29*v_30*v_31
Post simplification
symp_time: 2.3692963123321533
number of sums: 2
number of subs: 1
number of prods: 48
opt_time: 255.91632080078125
     fun: 22.30031258011385
     jac: array([1., 1., 1., 1., 1., 1., 1., 1., 1., 1., 1., 1., 1., 1., 1., 1., 1.,
       1., 1., 1., 1., 1., 1., 1.])
 message: 'Optimization terminated successfully'
    nfev: 20
     nit: 16
    njev: 15
  status: 0
 success: True
       x: array([0.89917969, 0.95917969, 0.89917969, 0.95917969, 0.89917969,
       0.95917969, 0.89917969, 0.89917969, 0.95917969, 0.89917969,
       0.95917969, 0.95917969, 0.89917969, 0.95917969, 0.89917969,
       0.95917969, 0.89917969, 0.95917969, 0.89917969, 0.95917969,
       0.89917969, 0.95917969, 0.89917969, 0.95917969])

real	4m22.471s
user	4m21.566s
sys	0m0.536s
Instance 25
[INFO] aspmc: Tree Decomposition #bags: 33 unfolded treewidth: 3 #vertices: 35
[INFO] aspmc: Preprocessing disabled
[INFO] aspmc:    Stats Compilation
[INFO] aspmc: ------------------------------------------------------------
[INFO] aspmc: X/D-Constrained Tree Decomposition #bags: 47 treewidth: 10 #vertices: 76
[INFO] aspmc: Dtree time:               2.028825044631958
[INFO] aspmc: Compilation time:         0.014100074768066406
[INFO] aspmc: Preparation time:         0.00013947486877441406
[INFO] aspmc: Counting time:            0.09375786781311035
[INFO] aspmc: ------------------------------------------------------------
[0.99::a0., 0.99::a1., 0.99::a2., 0.99::a3., 0.99::a4., 0.99::a5., 0.99::a6., 0.99::a7., 0.99::a8., 0.99::a9., 0.99::a10., 0.99::a11., 0.99::a12., 0.99::a13., 0.99::a14., 0.99::a15., 0.99::a16., 0.99::a17., 0.99::a18., 0.99::a19., 0.99::a20., 0.99::a21., 0.99::a22., 0.99::a23., 0.99::a24., 0.99::a25., 0.99::a26., 0.99::a27., 0.99::a28., 0.99::a29., qr:-a0,a2,a4,a6,a8,a10,a12,a14,a16,a18,a20,a22,a24,a26,a28., qr:-a1,a3,a5,a7,a9,a11,a13,a15,a17,a19,a21,a23,a25,a27,a29,not nqr., nqr:-a1,a3,a5,a7,a9,a11,a13,a15,a17,a19,a21,a23,a25,a27,a29,not qr., query(qr).]
tracc
nnf_construction_time: 3.2330527305603027
Pre simplification
number of sums: 2401
number of prods: 7921
-0.9509900499*v_10*v_11*v_12*v_13*v_14*v_15*v_20*v_21*v_22*v_23*v_24*v_25*v_26*v_27*v_28*v_29*v_3*v_30*v_31*v_4*v_5*v_6*v_7*v_8*v_9 + 0.9801*v_10*v_11*v_12*v_13*v_14*v_15*v_3*v_4*v_5*v_6*v_7*v_8*v_9 + 0.970299*v_20*v_21*v_22*v_23*v_24*v_25*v_26*v_27*v_28*v_29*v_30*v_31
Post simplification
symp_time: 2.355292797088623
number of sums: 2
number of subs: 1
number of prods: 50
opt_time: 362.66283345222473
     fun: 23.38847045378256
     jac: array([1., 1., 1., 1., 1., 1., 1., 1., 1., 1., 1., 1., 1., 1., 1., 1., 1.,
       1., 1., 1., 1., 1., 1., 1., 1.])
 message: 'Optimization terminated successfully'
    nfev: 29
     nit: 21
    njev: 19
  status: 0
 success: True
       x: array([0.94033882, 0.94033882, 0.94033882, 0.94033882, 0.94033882,
       0.94033882, 0.88033882, 0.94033882, 0.94033882, 0.94033882,
       0.94033882, 0.94033882, 0.94033882, 0.94033882, 0.94033882,
       0.94033882, 0.94033882, 0.94033882, 0.94033882, 0.94033882,
       0.94033882, 0.94033882, 0.94033882, 0.88033882, 0.94033882])

real	6m9.287s
user	6m8.168s
sys	0m0.585s
Instance 26
[INFO] aspmc: Tree Decomposition #bags: 33 unfolded treewidth: 3 #vertices: 35
[INFO] aspmc: Preprocessing disabled
[INFO] aspmc:    Stats Compilation
[INFO] aspmc: ------------------------------------------------------------
[INFO] aspmc: X/D-Constrained Tree Decomposition #bags: 47 treewidth: 10 #vertices: 76
[INFO] aspmc: Dtree time:               2.028998613357544
[INFO] aspmc: Compilation time:         0.014397621154785156
[INFO] aspmc: Preparation time:         0.00011706352233886719
[INFO] aspmc: Counting time:            0.09044957160949707
[INFO] aspmc: ------------------------------------------------------------
[0.99::a0., 0.99::a1., 0.99::a2., 0.99::a3., 0.99::a4., 0.99::a5., 0.99::a6., 0.99::a7., 0.99::a8., 0.99::a9., 0.99::a10., 0.99::a11., 0.99::a12., 0.99::a13., 0.99::a14., 0.99::a15., 0.99::a16., 0.99::a17., 0.99::a18., 0.99::a19., 0.99::a20., 0.99::a21., 0.99::a22., 0.99::a23., 0.99::a24., 0.99::a25., 0.99::a26., 0.99::a27., 0.99::a28., 0.99::a29., qr:-a0,a2,a4,a6,a8,a10,a12,a14,a16,a18,a20,a22,a24,a26,a28., qr:-a1,a3,a5,a7,a9,a11,a13,a15,a17,a19,a21,a23,a25,a27,a29,not nqr., nqr:-a1,a3,a5,a7,a9,a11,a13,a15,a17,a19,a21,a23,a25,a27,a29,not qr., query(qr).]
tracc
nnf_construction_time: 3.229458808898926
Pre simplification
number of sums: 2401
number of prods: 7921
-0.96059601*v_10*v_11*v_12*v_13*v_14*v_15*v_19*v_20*v_21*v_22*v_23*v_24*v_25*v_26*v_27*v_28*v_29*v_3*v_30*v_31*v_4*v_5*v_6*v_7*v_8*v_9 + 0.9801*v_10*v_11*v_12*v_13*v_14*v_15*v_3*v_4*v_5*v_6*v_7*v_8*v_9 + 0.9801*v_19*v_20*v_21*v_22*v_23*v_24*v_25*v_26*v_27*v_28*v_29*v_30*v_31
Post simplification
symp_time: 2.4680047035217285
number of sums: 2
number of subs: 1
number of prods: 52
opt_time: 383.4510164260864
     fun: 24.37838995290709
     jac: array([1., 1., 1., 1., 1., 1., 1., 1., 1., 1., 1., 1., 1., 1., 1., 1., 1.,
       1., 1., 1., 1., 1., 1., 1., 1., 1.])
 message: 'Optimization terminated successfully'
    nfev: 36
     nit: 19
    njev: 18
  status: 0
 success: True
       x: array([0.94224577, 0.94224577, 0.94224577, 0.94224577, 0.94224577,
       0.94224577, 0.88224577, 0.94224577, 0.94224577, 0.94224577,
       0.94224577, 0.94224577, 0.94224577, 0.94224577, 0.94224577,
       0.94224577, 0.94224577, 0.94224577, 0.94224577, 0.94224577,
       0.94224577, 0.94224577, 0.94224577, 0.94224577, 0.88224577,
       0.94224577])

real	6m30.294s
user	6m29.029s
sys	0m0.610s
Instance 27
[INFO] aspmc: Tree Decomposition #bags: 33 unfolded treewidth: 3 #vertices: 35
[INFO] aspmc: Preprocessing disabled
[INFO] aspmc:    Stats Compilation
[INFO] aspmc: ------------------------------------------------------------
[INFO] aspmc: X/D-Constrained Tree Decomposition #bags: 47 treewidth: 10 #vertices: 76
[INFO] aspmc: Dtree time:               2.027277708053589
[INFO] aspmc: Compilation time:         0.014122486114501953
[INFO] aspmc: Preparation time:         0.0001068115234375
[INFO] aspmc: Counting time:            0.0903165340423584
[INFO] aspmc: ------------------------------------------------------------
[0.99::a0., 0.99::a1., 0.99::a2., 0.99::a3., 0.99::a4., 0.99::a5., 0.99::a6., 0.99::a7., 0.99::a8., 0.99::a9., 0.99::a10., 0.99::a11., 0.99::a12., 0.99::a13., 0.99::a14., 0.99::a15., 0.99::a16., 0.99::a17., 0.99::a18., 0.99::a19., 0.99::a20., 0.99::a21., 0.99::a22., 0.99::a23., 0.99::a24., 0.99::a25., 0.99::a26., 0.99::a27., 0.99::a28., 0.99::a29., qr:-a0,a2,a4,a6,a8,a10,a12,a14,a16,a18,a20,a22,a24,a26,a28., qr:-a1,a3,a5,a7,a9,a11,a13,a15,a17,a19,a21,a23,a25,a27,a29,not nqr., nqr:-a1,a3,a5,a7,a9,a11,a13,a15,a17,a19,a21,a23,a25,a27,a29,not qr., query(qr).]
tracc
nnf_construction_time: 3.2251501083374023
Pre simplification
number of sums: 2401
number of prods: 7921
-0.970299*v_10*v_11*v_12*v_13*v_14*v_15*v_19*v_2*v_20*v_21*v_22*v_23*v_24*v_25*v_26*v_27*v_28*v_29*v_3*v_30*v_31*v_4*v_5*v_6*v_7*v_8*v_9 + 0.99*v_10*v_11*v_12*v_13*v_14*v_15*v_2*v_3*v_4*v_5*v_6*v_7*v_8*v_9 + 0.9801*v_19*v_20*v_21*v_22*v_23*v_24*v_25*v_26*v_27*v_28*v_29*v_30*v_31
Post simplification
symp_time: 2.377802610397339
number of sums: 2
number of subs: 1
number of prods: 54
opt_time: 428.8440456390381
     fun: 10.800000000000004
     jac: array([1., 1., 1., 1., 1., 1., 1., 1., 1., 1., 1., 1., 1., 1., 1., 1., 1.,
       1., 1., 1., 1., 1., 1., 1., 1., 1., 1.])
 message: 'Positive directional derivative for linesearch'
    nfev: 23
     nit: 18
    njev: 14
  status: 8
 success: False
       x: array([0.4, 0.4, 0.4, 0.4, 0.4, 0.4, 0.4, 0.4, 0.4, 0.4, 0.4, 0.4, 0.4,
       0.4, 0.4, 0.4, 0.4, 0.4, 0.4, 0.4, 0.4, 0.4, 0.4, 0.4, 0.4, 0.4,
       0.4])

real	7m15.640s
user	7m14.386s
sys	0m0.565s
Instance 28
[INFO] aspmc: Tree Decomposition #bags: 33 unfolded treewidth: 3 #vertices: 35
[INFO] aspmc: Preprocessing disabled
[INFO] aspmc:    Stats Compilation
[INFO] aspmc: ------------------------------------------------------------
[INFO] aspmc: X/D-Constrained Tree Decomposition #bags: 47 treewidth: 10 #vertices: 76
[INFO] aspmc: Dtree time:               2.02982234954834
[INFO] aspmc: Compilation time:         0.01426553726196289
[INFO] aspmc: Preparation time:         0.0002532005310058594
[INFO] aspmc: Counting time:            0.08933830261230469
[INFO] aspmc: ------------------------------------------------------------
[0.99::a0., 0.99::a1., 0.99::a2., 0.99::a3., 0.99::a4., 0.99::a5., 0.99::a6., 0.99::a7., 0.99::a8., 0.99::a9., 0.99::a10., 0.99::a11., 0.99::a12., 0.99::a13., 0.99::a14., 0.99::a15., 0.99::a16., 0.99::a17., 0.99::a18., 0.99::a19., 0.99::a20., 0.99::a21., 0.99::a22., 0.99::a23., 0.99::a24., 0.99::a25., 0.99::a26., 0.99::a27., 0.99::a28., 0.99::a29., qr:-a0,a2,a4,a6,a8,a10,a12,a14,a16,a18,a20,a22,a24,a26,a28., qr:-a1,a3,a5,a7,a9,a11,a13,a15,a17,a19,a21,a23,a25,a27,a29,not nqr., nqr:-a1,a3,a5,a7,a9,a11,a13,a15,a17,a19,a21,a23,a25,a27,a29,not qr., query(qr).]
tracc
nnf_construction_time: 3.227909564971924
Pre simplification
number of sums: 2401
number of prods: 7921
-0.9801*v_10*v_11*v_12*v_13*v_14*v_15*v_18*v_19*v_2*v_20*v_21*v_22*v_23*v_24*v_25*v_26*v_27*v_28*v_29*v_3*v_30*v_31*v_4*v_5*v_6*v_7*v_8*v_9 + 0.99*v_10*v_11*v_12*v_13*v_14*v_15*v_2*v_3*v_4*v_5*v_6*v_7*v_8*v_9 + 0.99*v_18*v_19*v_20*v_21*v_22*v_23*v_24*v_25*v_26*v_27*v_28*v_29*v_30*v_31
Post simplification
symp_time: 2.3471498489379883
number of sums: 2
number of subs: 1
number of prods: 56
opt_time: 686.4148607254028
     fun: 11.200000000000005
     jac: array([1., 1., 1., 1., 1., 1., 1., 1., 1., 1., 1., 1., 1., 1., 1., 1., 1.,
       1., 1., 1., 1., 1., 1., 1., 1., 1., 1., 1.])
 message: 'Positive directional derivative for linesearch'
    nfev: 69
     nit: 29
    njev: 25
  status: 8
 success: False
       x: array([0.4, 0.4, 0.4, 0.4, 0.4, 0.4, 0.4, 0.4, 0.4, 0.4, 0.4, 0.4, 0.4,
       0.4, 0.4, 0.4, 0.4, 0.4, 0.4, 0.4, 0.4, 0.4, 0.4, 0.4, 0.4, 0.4,
       0.4, 0.4])

real	11m33.238s
user	11m31.754s
sys	0m0.614s
Instance 29
[INFO] aspmc: Tree Decomposition #bags: 33 unfolded treewidth: 3 #vertices: 35
[INFO] aspmc: Preprocessing disabled
[INFO] aspmc:    Stats Compilation
[INFO] aspmc: ------------------------------------------------------------
[INFO] aspmc: X/D-Constrained Tree Decomposition #bags: 47 treewidth: 10 #vertices: 76
[INFO] aspmc: Dtree time:               2.0272867679595947
[INFO] aspmc: Compilation time:         0.014860868453979492
[INFO] aspmc: Preparation time:         0.0002551078796386719
[INFO] aspmc: Counting time:            0.08729147911071777
[INFO] aspmc: ------------------------------------------------------------
[0.99::a0., 0.99::a1., 0.99::a2., 0.99::a3., 0.99::a4., 0.99::a5., 0.99::a6., 0.99::a7., 0.99::a8., 0.99::a9., 0.99::a10., 0.99::a11., 0.99::a12., 0.99::a13., 0.99::a14., 0.99::a15., 0.99::a16., 0.99::a17., 0.99::a18., 0.99::a19., 0.99::a20., 0.99::a21., 0.99::a22., 0.99::a23., 0.99::a24., 0.99::a25., 0.99::a26., 0.99::a27., 0.99::a28., 0.99::a29., qr:-a0,a2,a4,a6,a8,a10,a12,a14,a16,a18,a20,a22,a24,a26,a28., qr:-a1,a3,a5,a7,a9,a11,a13,a15,a17,a19,a21,a23,a25,a27,a29,not nqr., nqr:-a1,a3,a5,a7,a9,a11,a13,a15,a17,a19,a21,a23,a25,a27,a29,not qr., query(qr).]
tracc
nnf_construction_time: 3.2239339351654053
Pre simplification
number of sums: 2401
number of prods: 7921
-0.99*v_1*v_10*v_11*v_12*v_13*v_14*v_15*v_18*v_19*v_2*v_20*v_21*v_22*v_23*v_24*v_25*v_26*v_27*v_28*v_29*v_3*v_30*v_31*v_4*v_5*v_6*v_7*v_8*v_9 + 1.0*v_1*v_10*v_11*v_12*v_13*v_14*v_15*v_2*v_3*v_4*v_5*v_6*v_7*v_8*v_9 + 0.99*v_18*v_19*v_20*v_21*v_22*v_23*v_24*v_25*v_26*v_27*v_28*v_29*v_30*v_31
Post simplification
symp_time: 2.2945172786712646
number of sums: 2
number of subs: 1
number of prods: 58
opt_time: 652.4263770580292
     fun: 13.29999996356745
     jac: array([1., 1., 1., 1., 1., 1., 1., 1., 1., 1., 1., 1., 1., 1., 1., 1., 1.,
       1., 1., 1., 1., 1., 1., 1., 1., 1., 1., 1., 1.])
 message: 'Positive directional derivative for linesearch'
    nfev: 177
     nit: 26
    njev: 22
  status: 8
 success: False
       x: array([0.44, 0.44, 0.44, 0.44, 0.44, 0.44, 0.44, 0.5 , 0.44, 0.5 , 0.44,
       0.5 , 0.44, 0.5 , 0.44, 0.5 , 0.44, 0.44, 0.5 , 0.44, 0.5 , 0.44,
       0.5 , 0.44, 0.5 , 0.44, 0.44, 0.44, 0.44])

real	10m59.125s
user	10m57.710s
sys	0m0.638s
Instance 30
[INFO] aspmc: Tree Decomposition #bags: 33 unfolded treewidth: 3 #vertices: 35
[INFO] aspmc: Preprocessing disabled
[INFO] aspmc:    Stats Compilation
[INFO] aspmc: ------------------------------------------------------------
[INFO] aspmc: X/D-Constrained Tree Decomposition #bags: 47 treewidth: 10 #vertices: 76
[INFO] aspmc: Dtree time:               2.0273070335388184
[INFO] aspmc: Compilation time:         0.01424860954284668
[INFO] aspmc: Preparation time:         0.00010371208190917969
[INFO] aspmc: Counting time:            0.08789825439453125
[INFO] aspmc: ------------------------------------------------------------
[0.99::a0., 0.99::a1., 0.99::a2., 0.99::a3., 0.99::a4., 0.99::a5., 0.99::a6., 0.99::a7., 0.99::a8., 0.99::a9., 0.99::a10., 0.99::a11., 0.99::a12., 0.99::a13., 0.99::a14., 0.99::a15., 0.99::a16., 0.99::a17., 0.99::a18., 0.99::a19., 0.99::a20., 0.99::a21., 0.99::a22., 0.99::a23., 0.99::a24., 0.99::a25., 0.99::a26., 0.99::a27., 0.99::a28., 0.99::a29., qr:-a0,a2,a4,a6,a8,a10,a12,a14,a16,a18,a20,a22,a24,a26,a28., qr:-a1,a3,a5,a7,a9,a11,a13,a15,a17,a19,a21,a23,a25,a27,a29,not nqr., nqr:-a1,a3,a5,a7,a9,a11,a13,a15,a17,a19,a21,a23,a25,a27,a29,not qr., query(qr).]
tracc
nnf_construction_time: 3.222754955291748
Pre simplification
number of sums: 2401
number of prods: 7921
-v_1*v_10*v_11*v_12*v_13*v_14*v_15*v_17*v_18*v_19*v_2*v_20*v_21*v_22*v_23*v_24*v_25*v_26*v_27*v_28*v_29*v_3*v_30*v_31*v_4*v_5*v_6*v_7*v_8*v_9 + v_1*v_10*v_11*v_12*v_13*v_14*v_15*v_2*v_3*v_4*v_5*v_6*v_7*v_8*v_9 + v_17*v_18*v_19*v_20*v_21*v_22*v_23*v_24*v_25*v_26*v_27*v_28*v_29*v_30*v_31
Post simplification
symp_time: 2.0207855701446533
number of sums: 2
number of subs: 1
number of prods: 57
opt_time: 1471.4919650554657
     fun: 13.738302424400565
     jac: array([1., 1., 1., 1., 1., 1., 1., 1., 1., 1., 1., 1., 1., 1., 1., 1., 1.,
       1., 1., 1., 1., 1., 1., 1., 1., 1., 1., 1., 1., 1.])
 message: 'Positive directional derivative for linesearch'
    nfev: 345
     nit: 49
    njev: 45
  status: 8
 success: False
       x: array([0.43994341, 0.43994341, 0.43994341, 0.43994341, 0.43994341,
       0.43994341, 0.43994341, 0.43994341, 0.49994341, 0.43994341,
       0.49994341, 0.43994341, 0.49994341, 0.43994341, 0.49994341,
       0.43994341, 0.49994341, 0.43994341, 0.43994341, 0.49994341,
       0.43994341, 0.49994341, 0.43994341, 0.49994341, 0.43994341,
       0.49994341, 0.43994341, 0.43994341, 0.43994341, 0.43994341])

real	24m37.916s
user	24m35.865s
sys	0m0.725s
Ended at: 
Sat Dec  9 10:49:15 CET 2023
