Started at: 
Sat Dec  9 09:16:54 CET 2023
Instance 2
[INFO] aspmc: Tree Decomposition #bags: 33 unfolded treewidth: 3 #vertices: 35
[INFO] aspmc: Preprocessing disabled
[INFO] aspmc:    Stats Compilation
[INFO] aspmc: ------------------------------------------------------------
[INFO] aspmc: X/D-Constrained Tree Decomposition #bags: 47 treewidth: 10 #vertices: 76
[INFO] aspmc: Dtree time:               2.030822277069092
[INFO] aspmc: Compilation time:         0.016060829162597656
[INFO] aspmc: Preparation time:         0.0001227855682373047
[INFO] aspmc: Counting time:            0.11111736297607422
[INFO] aspmc: ------------------------------------------------------------
[0.99::a0., 0.99::a1., 0.99::a2., 0.99::a3., 0.99::a4., 0.99::a5., 0.99::a6., 0.99::a7., 0.99::a8., 0.99::a9., 0.99::a10., 0.99::a11., 0.99::a12., 0.99::a13., 0.99::a14., 0.99::a15., 0.99::a16., 0.99::a17., 0.99::a18., 0.99::a19., 0.99::a20., 0.99::a21., 0.99::a22., 0.99::a23., 0.99::a24., 0.99::a25., 0.99::a26., 0.99::a27., 0.99::a28., 0.99::a29., qr:-a0,a2,a4,a6,a8,a10,a12,a14,a16,a18,a20,a22,a24,a26,a28., qr:-a1,a3,a5,a7,a9,a11,a13,a15,a17,a19,a21,a23,a25,a27,a29,not nqr., nqr:-a1,a3,a5,a7,a9,a11,a13,a15,a17,a19,a21,a23,a25,a27,a29,not qr., query(qr).]
tracc
nnf_construction_time: 3.2706351280212402
Pre simplification
number of sums: 2401
number of prods: 7921
0.868745812768978*v_15 - 0.868745812768978*v_31*(0.868745812768978*v_15 - 1.0)
Post simplification
symp_time: 1.1211743354797363
number of sums: 0
number of subs: 2
number of prods: 4
opt_time: 0.0018165111541748047
     fun: 1.021811067794128
   maxcv: 2.3035757218403674e-05
 message: 'Optimization terminated successfully.'
    nfev: 14
  status: 1
 success: True
       x: array([0.4       , 0.62181107])

real	0m5.570s
user	0m4.965s
sys	0m0.482s
Instance 3
[INFO] aspmc: Tree Decomposition #bags: 33 unfolded treewidth: 3 #vertices: 35
[INFO] aspmc: Preprocessing disabled
[INFO] aspmc:    Stats Compilation
[INFO] aspmc: ------------------------------------------------------------
[INFO] aspmc: X/D-Constrained Tree Decomposition #bags: 47 treewidth: 10 #vertices: 76
[INFO] aspmc: Dtree time:               2.0311286449432373
[INFO] aspmc: Compilation time:         0.015279054641723633
[INFO] aspmc: Preparation time:         0.000125885009765625
[INFO] aspmc: Counting time:            0.11442279815673828
[INFO] aspmc: ------------------------------------------------------------
[0.99::a0., 0.99::a1., 0.99::a2., 0.99::a3., 0.99::a4., 0.99::a5., 0.99::a6., 0.99::a7., 0.99::a8., 0.99::a9., 0.99::a10., 0.99::a11., 0.99::a12., 0.99::a13., 0.99::a14., 0.99::a15., 0.99::a16., 0.99::a17., 0.99::a18., 0.99::a19., 0.99::a20., 0.99::a21., 0.99::a22., 0.99::a23., 0.99::a24., 0.99::a25., 0.99::a26., 0.99::a27., 0.99::a28., 0.99::a29., qr:-a0,a2,a4,a6,a8,a10,a12,a14,a16,a18,a20,a22,a24,a26,a28., qr:-a1,a3,a5,a7,a9,a11,a13,a15,a17,a19,a21,a23,a25,a27,a29,not nqr., nqr:-a1,a3,a5,a7,a9,a11,a13,a15,a17,a19,a21,a23,a25,a27,a29,not qr., query(qr).]
tracc
nnf_construction_time: 3.270911931991577
Pre simplification
number of sums: 2401
number of prods: 7921
-0.762342714347103*v_14*v_15*v_31 + 0.877521022998968*v_14*v_15 + 0.868745812768978*v_31
Post simplification
symp_time: 1.1668615341186523
number of sums: 2
number of subs: 1
number of prods: 6
opt_time: 0.0038657188415527344
     fun: 1.5493550933970406
   maxcv: 0.0
 message: 'Optimization terminated successfully.'
    nfev: 22
  status: 1
 success: True
       x: array([0.4       , 0.74935509, 0.4       ])

real	0m5.475s
user	0m4.891s
sys	0m0.462s
Instance 4
[INFO] aspmc: Tree Decomposition #bags: 33 unfolded treewidth: 3 #vertices: 35
[INFO] aspmc: Preprocessing disabled
[INFO] aspmc:    Stats Compilation
[INFO] aspmc: ------------------------------------------------------------
[INFO] aspmc: X/D-Constrained Tree Decomposition #bags: 47 treewidth: 10 #vertices: 76
[INFO] aspmc: Dtree time:               2.0308895111083984
[INFO] aspmc: Compilation time:         0.014847278594970703
[INFO] aspmc: Preparation time:         0.00011968612670898438
[INFO] aspmc: Counting time:            0.10793066024780273
[INFO] aspmc: ------------------------------------------------------------
[0.99::a0., 0.99::a1., 0.99::a2., 0.99::a3., 0.99::a4., 0.99::a5., 0.99::a6., 0.99::a7., 0.99::a8., 0.99::a9., 0.99::a10., 0.99::a11., 0.99::a12., 0.99::a13., 0.99::a14., 0.99::a15., 0.99::a16., 0.99::a17., 0.99::a18., 0.99::a19., 0.99::a20., 0.99::a21., 0.99::a22., 0.99::a23., 0.99::a24., 0.99::a25., 0.99::a26., 0.99::a27., 0.99::a28., 0.99::a29., qr:-a0,a2,a4,a6,a8,a10,a12,a14,a16,a18,a20,a22,a24,a26,a28., qr:-a1,a3,a5,a7,a9,a11,a13,a15,a17,a19,a21,a23,a25,a27,a29,not nqr., nqr:-a1,a3,a5,a7,a9,a11,a13,a15,a17,a19,a21,a23,a25,a27,a29,not qr., query(qr).]
tracc
nnf_construction_time: 3.2627458572387695
Pre simplification
number of sums: 2401
number of prods: 7921
-0.770043145805155*v_14*v_15*v_30*v_31 + 0.877521022998968*v_14*v_15 + 0.877521022998968*v_30*v_31
Post simplification
symp_time: 1.148545265197754
number of sums: 2
number of subs: 1
number of prods: 8
opt_time: 0.013910531997680664
     fun: 2.522627690668503
   maxcv: 7.543141111732155e-09
 message: 'Optimization terminated successfully.'
    nfev: 70
  status: 1
 success: True
       x: array([0.8614016 , 0.4       , 0.86122609, 0.4       ])

real	0m5.489s
user	0m4.889s
sys	0m0.471s
Instance 5
[INFO] aspmc: Tree Decomposition #bags: 33 unfolded treewidth: 3 #vertices: 35
[INFO] aspmc: Preprocessing disabled
[INFO] aspmc:    Stats Compilation
[INFO] aspmc: ------------------------------------------------------------
[INFO] aspmc: X/D-Constrained Tree Decomposition #bags: 47 treewidth: 10 #vertices: 76
[INFO] aspmc: Dtree time:               2.0313668251037598
[INFO] aspmc: Compilation time:         0.015857458114624023
[INFO] aspmc: Preparation time:         0.00012969970703125
[INFO] aspmc: Counting time:            0.11050581932067871
[INFO] aspmc: ------------------------------------------------------------
[0.99::a0., 0.99::a1., 0.99::a2., 0.99::a3., 0.99::a4., 0.99::a5., 0.99::a6., 0.99::a7., 0.99::a8., 0.99::a9., 0.99::a10., 0.99::a11., 0.99::a12., 0.99::a13., 0.99::a14., 0.99::a15., 0.99::a16., 0.99::a17., 0.99::a18., 0.99::a19., 0.99::a20., 0.99::a21., 0.99::a22., 0.99::a23., 0.99::a24., 0.99::a25., 0.99::a26., 0.99::a27., 0.99::a28., 0.99::a29., qr:-a0,a2,a4,a6,a8,a10,a12,a14,a16,a18,a20,a22,a24,a26,a28., qr:-a1,a3,a5,a7,a9,a11,a13,a15,a17,a19,a21,a23,a25,a27,a29,not nqr., nqr:-a1,a3,a5,a7,a9,a11,a13,a15,a17,a19,a21,a23,a25,a27,a29,not qr., query(qr).]
tracc
nnf_construction_time: 3.2743804454803467
Pre simplification
number of sums: 2401
number of prods: 7921
-0.777821359399147*v_13*v_14*v_15*v_30*v_31 + 0.886384871716129*v_13*v_14*v_15 + 0.877521022998968*v_30*v_31
Post simplification
symp_time: 1.240483283996582
number of sums: 2
number of subs: 1
number of prods: 10
opt_time: 0.01803898811340332
     fun: 2.9631124547016108
   maxcv: 8.2769993081655e-09
 message: 'Optimization terminated successfully.'
    nfev: 73
  status: 1
 success: True
       x: array([0.4       , 0.88150754, 0.4       , 0.88160492, 0.4       ])

real	0m5.579s
user	0m4.990s
sys	0m0.458s
Instance 6
[INFO] aspmc: Tree Decomposition #bags: 33 unfolded treewidth: 3 #vertices: 35
[INFO] aspmc: Preprocessing disabled
[INFO] aspmc:    Stats Compilation
[INFO] aspmc: ------------------------------------------------------------
[INFO] aspmc: X/D-Constrained Tree Decomposition #bags: 47 treewidth: 10 #vertices: 76
[INFO] aspmc: Dtree time:               2.030628204345703
[INFO] aspmc: Compilation time:         0.015671491622924805
[INFO] aspmc: Preparation time:         0.00013375282287597656
[INFO] aspmc: Counting time:            0.10678291320800781
[INFO] aspmc: ------------------------------------------------------------
[0.99::a0., 0.99::a1., 0.99::a2., 0.99::a3., 0.99::a4., 0.99::a5., 0.99::a6., 0.99::a7., 0.99::a8., 0.99::a9., 0.99::a10., 0.99::a11., 0.99::a12., 0.99::a13., 0.99::a14., 0.99::a15., 0.99::a16., 0.99::a17., 0.99::a18., 0.99::a19., 0.99::a20., 0.99::a21., 0.99::a22., 0.99::a23., 0.99::a24., 0.99::a25., 0.99::a26., 0.99::a27., 0.99::a28., 0.99::a29., qr:-a0,a2,a4,a6,a8,a10,a12,a14,a16,a18,a20,a22,a24,a26,a28., qr:-a1,a3,a5,a7,a9,a11,a13,a15,a17,a19,a21,a23,a25,a27,a29,not nqr., nqr:-a1,a3,a5,a7,a9,a11,a13,a15,a17,a19,a21,a23,a25,a27,a29,not qr., query(qr).]
tracc
nnf_construction_time: 3.267220973968506
Pre simplification
number of sums: 2401
number of prods: 7921
-0.785678140807219*v_13*v_14*v_15*v_29*v_30*v_31 + 0.886384871716129*v_13*v_14*v_15 + 0.886384871716129*v_29*v_30*v_31
Post simplification
symp_time: 1.289719581604004
number of sums: 2
number of subs: 1
number of prods: 12
opt_time: 0.0340576171875
     fun: 3.9489467760785133
   maxcv: 7.577718563744895e-09
 message: 'Optimization terminated successfully.'
    nfev: 110
  status: 1
 success: True
       x: array([0.4       , 0.91628504, 0.4       , 0.91635613, 0.4       ,
       0.91630561])

real	0m5.626s
user	0m5.006s
sys	0m0.495s
Instance 7
[INFO] aspmc: Tree Decomposition #bags: 33 unfolded treewidth: 3 #vertices: 35
[INFO] aspmc: Preprocessing disabled
[INFO] aspmc:    Stats Compilation
[INFO] aspmc: ------------------------------------------------------------
[INFO] aspmc: X/D-Constrained Tree Decomposition #bags: 47 treewidth: 10 #vertices: 76
[INFO] aspmc: Dtree time:               2.0309994220733643
[INFO] aspmc: Compilation time:         0.015587568283081055
[INFO] aspmc: Preparation time:         0.00013017654418945312
[INFO] aspmc: Counting time:            0.10401463508605957
[INFO] aspmc: ------------------------------------------------------------
[0.99::a0., 0.99::a1., 0.99::a2., 0.99::a3., 0.99::a4., 0.99::a5., 0.99::a6., 0.99::a7., 0.99::a8., 0.99::a9., 0.99::a10., 0.99::a11., 0.99::a12., 0.99::a13., 0.99::a14., 0.99::a15., 0.99::a16., 0.99::a17., 0.99::a18., 0.99::a19., 0.99::a20., 0.99::a21., 0.99::a22., 0.99::a23., 0.99::a24., 0.99::a25., 0.99::a26., 0.99::a27., 0.99::a28., 0.99::a29., qr:-a0,a2,a4,a6,a8,a10,a12,a14,a16,a18,a20,a22,a24,a26,a28., qr:-a1,a3,a5,a7,a9,a11,a13,a15,a17,a19,a21,a23,a25,a27,a29,not nqr., nqr:-a1,a3,a5,a7,a9,a11,a13,a15,a17,a19,a21,a23,a25,a27,a29,not qr., query(qr).]
tracc
nnf_construction_time: 3.2694785594940186
Pre simplification
number of sums: 2401
number of prods: 7921
-0.793614283643655*v_12*v_13*v_14*v_15*v_29*v_30*v_31 + 0.895338254258716*v_12*v_13*v_14*v_15 + 0.886384871716129*v_29*v_30*v_31
Post simplification
symp_time: 1.3274405002593994
number of sums: 2
number of subs: 1
number of prods: 14
opt_time: 0.05083751678466797
     fun: 4.363654315737168
   maxcv: 6.465261104260378e-09
 message: 'Optimization terminated successfully.'
    nfev: 131
  status: 1
 success: True
       x: array([0.4       , 0.9211498 , 0.4       , 0.92124304, 0.4       ,
       0.92126148, 0.4       ])

real	0m5.664s
user	0m5.058s
sys	0m0.481s
Instance 8
[INFO] aspmc: Tree Decomposition #bags: 33 unfolded treewidth: 3 #vertices: 35
[INFO] aspmc: Preprocessing disabled
[INFO] aspmc:    Stats Compilation
[INFO] aspmc: ------------------------------------------------------------
[INFO] aspmc: X/D-Constrained Tree Decomposition #bags: 47 treewidth: 10 #vertices: 76
[INFO] aspmc: Dtree time:               2.032137155532837
[INFO] aspmc: Compilation time:         0.015631914138793945
[INFO] aspmc: Preparation time:         0.0001289844512939453
[INFO] aspmc: Counting time:            0.10455036163330078
[INFO] aspmc: ------------------------------------------------------------
[0.99::a0., 0.99::a1., 0.99::a2., 0.99::a3., 0.99::a4., 0.99::a5., 0.99::a6., 0.99::a7., 0.99::a8., 0.99::a9., 0.99::a10., 0.99::a11., 0.99::a12., 0.99::a13., 0.99::a14., 0.99::a15., 0.99::a16., 0.99::a17., 0.99::a18., 0.99::a19., 0.99::a20., 0.99::a21., 0.99::a22., 0.99::a23., 0.99::a24., 0.99::a25., 0.99::a26., 0.99::a27., 0.99::a28., 0.99::a29., qr:-a0,a2,a4,a6,a8,a10,a12,a14,a16,a18,a20,a22,a24,a26,a28., qr:-a1,a3,a5,a7,a9,a11,a13,a15,a17,a19,a21,a23,a25,a27,a29,not nqr., nqr:-a1,a3,a5,a7,a9,a11,a13,a15,a17,a19,a21,a23,a25,a27,a29,not qr., query(qr).]
tracc
nnf_construction_time: 3.2612335681915283
Pre simplification
number of sums: 2401
number of prods: 7921
-0.801630589539046*v_12*v_13*v_14*v_15*v_28*v_29*v_30*v_31 + 3.08148791101958e-33*v_12*v_13*v_14*v_15*v_28*v_29 - 9.94025144705719e-17*v_12*v_13*v_14*v_15*v_28 - 2.77555756156289e-17*v_12*v_13*v_14*v_15*v_29 + 0.895338254258716*v_12*v_13*v_14*v_15 + 0.895338254258716*v_28*v_29*v_30*v_31
Post simplification
symp_time: 1.4465529918670654
number of sums: 3
number of subs: 6
number of prods: 32
opt_time: 0.07939481735229492
     fun: 5.351808253675124
   maxcv: 3.088685063268315e-08
 message: 'Optimization terminated successfully.'
    nfev: 178
  status: 1
 success: True
       x: array([0.4       , 0.93798472, 0.4       , 0.93796698, 0.4       ,
       0.93795797, 0.4       , 0.93789859])

real	0m5.795s
user	0m5.163s
sys	0m0.500s
Instance 9
[INFO] aspmc: Tree Decomposition #bags: 33 unfolded treewidth: 3 #vertices: 35
[INFO] aspmc: Preprocessing disabled
[INFO] aspmc:    Stats Compilation
[INFO] aspmc: ------------------------------------------------------------
[INFO] aspmc: X/D-Constrained Tree Decomposition #bags: 47 treewidth: 10 #vertices: 76
[INFO] aspmc: Dtree time:               2.0325138568878174
[INFO] aspmc: Compilation time:         0.015546560287475586
[INFO] aspmc: Preparation time:         0.00011277198791503906
[INFO] aspmc: Counting time:            0.10981345176696777
[INFO] aspmc: ------------------------------------------------------------
[0.99::a0., 0.99::a1., 0.99::a2., 0.99::a3., 0.99::a4., 0.99::a5., 0.99::a6., 0.99::a7., 0.99::a8., 0.99::a9., 0.99::a10., 0.99::a11., 0.99::a12., 0.99::a13., 0.99::a14., 0.99::a15., 0.99::a16., 0.99::a17., 0.99::a18., 0.99::a19., 0.99::a20., 0.99::a21., 0.99::a22., 0.99::a23., 0.99::a24., 0.99::a25., 0.99::a26., 0.99::a27., 0.99::a28., 0.99::a29., qr:-a0,a2,a4,a6,a8,a10,a12,a14,a16,a18,a20,a22,a24,a26,a28., qr:-a1,a3,a5,a7,a9,a11,a13,a15,a17,a19,a21,a23,a25,a27,a29,not nqr., nqr:-a1,a3,a5,a7,a9,a11,a13,a15,a17,a19,a21,a23,a25,a27,a29,not qr., query(qr).]
tracc
nnf_construction_time: 3.267717123031616
Pre simplification
number of sums: 2401
number of prods: 7921
-0.809727868221258*v_11*v_12*v_13*v_14*v_15*v_28*v_29*v_30*v_31 + 8.47409175530384e-33*v_11*v_12*v_13*v_14*v_15*v_28*v_29 - 1.00406580273305e-16*v_11*v_12*v_13*v_14*v_15*v_28 - 7.63278329429795e-17*v_11*v_12*v_13*v_14*v_15*v_29 + 0.904382075008804*v_11*v_12*v_13*v_14*v_15 + 0.895338254258716*v_28*v_29*v_30*v_31
Post simplification
symp_time: 1.4473340511322021
number of sums: 3
number of subs: 6
number of prods: 37
opt_time: 0.08771228790283203
     fun: 5.757525108187005
   maxcv: 1.301005214671136e-08
 message: 'Optimization terminated successfully.'
    nfev: 167
  status: 1
 success: True
       x: array([0.4       , 0.93944832, 0.4       , 0.9394306 , 0.4       ,
       0.93939426, 0.4       , 0.93925192, 0.4       ])

real	0m5.816s
user	0m5.162s
sys	0m0.519s
Instance 10
[INFO] aspmc: Tree Decomposition #bags: 33 unfolded treewidth: 3 #vertices: 35
[INFO] aspmc: Preprocessing disabled
[INFO] aspmc:    Stats Compilation
[INFO] aspmc: ------------------------------------------------------------
[INFO] aspmc: X/D-Constrained Tree Decomposition #bags: 47 treewidth: 10 #vertices: 76
[INFO] aspmc: Dtree time:               2.033478021621704
[INFO] aspmc: Compilation time:         0.015998125076293945
[INFO] aspmc: Preparation time:         0.0001327991485595703
[INFO] aspmc: Counting time:            0.10996484756469727
[INFO] aspmc: ------------------------------------------------------------
[0.99::a0., 0.99::a1., 0.99::a2., 0.99::a3., 0.99::a4., 0.99::a5., 0.99::a6., 0.99::a7., 0.99::a8., 0.99::a9., 0.99::a10., 0.99::a11., 0.99::a12., 0.99::a13., 0.99::a14., 0.99::a15., 0.99::a16., 0.99::a17., 0.99::a18., 0.99::a19., 0.99::a20., 0.99::a21., 0.99::a22., 0.99::a23., 0.99::a24., 0.99::a25., 0.99::a26., 0.99::a27., 0.99::a28., 0.99::a29., qr:-a0,a2,a4,a6,a8,a10,a12,a14,a16,a18,a20,a22,a24,a26,a28., qr:-a1,a3,a5,a7,a9,a11,a13,a15,a17,a19,a21,a23,a25,a27,a29,not nqr., nqr:-a1,a3,a5,a7,a9,a11,a13,a15,a17,a19,a21,a23,a25,a27,a29,not qr., query(qr).]
tracc
nnf_construction_time: 3.2675929069519043
Pre simplification
number of sums: 2401
number of prods: 7921
-0.817906937597231*v_11*v_12*v_13*v_14*v_15*v_27*v_28*v_29*v_30*v_31 + 8.47409175530384e-33*v_11*v_12*v_13*v_14*v_15*v_27*v_28*v_29 - 1.00406580273305e-16*v_11*v_12*v_13*v_14*v_15*v_27*v_28 - 7.63278329429795e-17*v_11*v_12*v_13*v_14*v_15*v_29 + 0.904382075008804*v_11*v_12*v_13*v_14*v_15 + 0.904382075008804*v_27*v_28*v_29*v_30*v_31
Post simplification
symp_time: 1.486907958984375
number of sums: 3
number of subs: 6
number of prods: 41
opt_time: 0.11573195457458496
     fun: 6.746468016661415
   maxcv: 4.1070786882535515e-08
 message: 'Optimization terminated successfully.'
    nfev: 195
  status: 1
 success: True
       x: array([0.94930118, 0.4       , 0.94928878, 0.4       , 0.94925555,
       0.4       , 0.94935458, 0.4       , 0.94926792, 0.4       ])

real	0m5.885s
user	0m5.227s
sys	0m0.519s
Instance 11
[INFO] aspmc: Tree Decomposition #bags: 33 unfolded treewidth: 3 #vertices: 35
[INFO] aspmc: Preprocessing disabled
[INFO] aspmc:    Stats Compilation
[INFO] aspmc: ------------------------------------------------------------
[INFO] aspmc: X/D-Constrained Tree Decomposition #bags: 47 treewidth: 10 #vertices: 76
[INFO] aspmc: Dtree time:               2.0314931869506836
[INFO] aspmc: Compilation time:         0.016289710998535156
[INFO] aspmc: Preparation time:         0.00012683868408203125
[INFO] aspmc: Counting time:            0.11722302436828613
[INFO] aspmc: ------------------------------------------------------------
[0.99::a0., 0.99::a1., 0.99::a2., 0.99::a3., 0.99::a4., 0.99::a5., 0.99::a6., 0.99::a7., 0.99::a8., 0.99::a9., 0.99::a10., 0.99::a11., 0.99::a12., 0.99::a13., 0.99::a14., 0.99::a15., 0.99::a16., 0.99::a17., 0.99::a18., 0.99::a19., 0.99::a20., 0.99::a21., 0.99::a22., 0.99::a23., 0.99::a24., 0.99::a25., 0.99::a26., 0.99::a27., 0.99::a28., 0.99::a29., qr:-a0,a2,a4,a6,a8,a10,a12,a14,a16,a18,a20,a22,a24,a26,a28., qr:-a1,a3,a5,a7,a9,a11,a13,a15,a17,a19,a21,a23,a25,a27,a29,not nqr., nqr:-a1,a3,a5,a7,a9,a11,a13,a15,a17,a19,a21,a23,a25,a27,a29,not qr., query(qr).]
tracc
nnf_construction_time: 3.2752809524536133
Pre simplification
number of sums: 2401
number of prods: 7921
-0.826168623835587*v_10*v_11*v_12*v_13*v_14*v_15*v_27*v_28*v_29*v_30*v_31 + 1.04000216996911e-32*v_10*v_11*v_12*v_13*v_14*v_15*v_27*v_28*v_29 - 1.01420788154854e-16*v_10*v_11*v_12*v_13*v_14*v_15*v_27*v_28 - 9.36750677027476e-17*v_10*v_11*v_12*v_13*v_14*v_15*v_29 + 0.913517247483641*v_10*v_11*v_12*v_13*v_14*v_15 + 0.904382075008804*v_27*v_28*v_29*v_30*v_31
Post simplification
symp_time: 1.556619644165039
number of sums: 3
number of subs: 6
number of prods: 46
opt_time: 0.1533830165863037
     fun: 7.14874989749003
   maxcv: 2.5168023110033744e-08
 message: 'Optimization terminated successfully.'
    nfev: 227
  status: 1
 success: True
       x: array([0.94970597, 0.4       , 0.94974106, 0.4       , 0.94977534,
       0.4       , 0.94966244, 0.4       , 0.4       , 0.94986509,
       0.4       ])

real	0m6.005s
user	0m5.378s
sys	0m0.482s
Instance 12
[INFO] aspmc: Tree Decomposition #bags: 33 unfolded treewidth: 3 #vertices: 35
[INFO] aspmc: Preprocessing disabled
[INFO] aspmc:    Stats Compilation
[INFO] aspmc: ------------------------------------------------------------
[INFO] aspmc: X/D-Constrained Tree Decomposition #bags: 47 treewidth: 10 #vertices: 76
[INFO] aspmc: Dtree time:               2.03208065032959
[INFO] aspmc: Compilation time:         0.01664447784423828
[INFO] aspmc: Preparation time:         0.00013589859008789062
[INFO] aspmc: Counting time:            0.10363459587097168
[INFO] aspmc: ------------------------------------------------------------
[0.99::a0., 0.99::a1., 0.99::a2., 0.99::a3., 0.99::a4., 0.99::a5., 0.99::a6., 0.99::a7., 0.99::a8., 0.99::a9., 0.99::a10., 0.99::a11., 0.99::a12., 0.99::a13., 0.99::a14., 0.99::a15., 0.99::a16., 0.99::a17., 0.99::a18., 0.99::a19., 0.99::a20., 0.99::a21., 0.99::a22., 0.99::a23., 0.99::a24., 0.99::a25., 0.99::a26., 0.99::a27., 0.99::a28., 0.99::a29., qr:-a0,a2,a4,a6,a8,a10,a12,a14,a16,a18,a20,a22,a24,a26,a28., qr:-a1,a3,a5,a7,a9,a11,a13,a15,a17,a19,a21,a23,a25,a27,a29,not nqr., nqr:-a1,a3,a5,a7,a9,a11,a13,a15,a17,a19,a21,a23,a25,a27,a29,not qr., query(qr).]
tracc
nnf_construction_time: 3.2604966163635254
Pre simplification
number of sums: 2401
number of prods: 7921
-0.834513761450087*v_10*v_11*v_12*v_13*v_14*v_15*v_26*v_27*v_28*v_29*v_30*v_31 + 1.04000216996911e-32*v_10*v_11*v_12*v_13*v_14*v_15*v_27*v_28*v_29 - 1.01420788154854e-16*v_10*v_11*v_12*v_13*v_14*v_15*v_27*v_28 - 9.36750677027476e-17*v_10*v_11*v_12*v_13*v_14*v_15*v_29 + 0.913517247483641*v_10*v_11*v_12*v_13*v_14*v_15 + 0.913517247483641*v_26*v_27*v_28*v_29*v_30*v_31
Post simplification
symp_time: 1.5809838771820068
number of sums: 3
number of subs: 6
number of prods: 48
opt_time: 0.1869218349456787
     fun: 8.138057030535185
   maxcv: 2.2020557599589097e-08
 message: 'Optimization terminated successfully.'
    nfev: 249
  status: 1
 success: True
       x: array([0.95634924, 0.4       , 0.95630597, 0.4       , 0.95630145,
       0.4       , 0.95646793, 0.4       , 0.95632766, 0.4       ,
       0.95630478, 0.4       ])

real	0m6.048s
user	0m5.410s
sys	0m0.504s
Instance 13
[INFO] aspmc: Tree Decomposition #bags: 33 unfolded treewidth: 3 #vertices: 35
[INFO] aspmc: Preprocessing disabled
[INFO] aspmc:    Stats Compilation
[INFO] aspmc: ------------------------------------------------------------
[INFO] aspmc: X/D-Constrained Tree Decomposition #bags: 47 treewidth: 10 #vertices: 76
[INFO] aspmc: Dtree time:               2.0316922664642334
[INFO] aspmc: Compilation time:         0.01659226417541504
[INFO] aspmc: Preparation time:         0.0001246929168701172
[INFO] aspmc: Counting time:            0.10549497604370117
[INFO] aspmc: ------------------------------------------------------------
[0.99::a0., 0.99::a1., 0.99::a2., 0.99::a3., 0.99::a4., 0.99::a5., 0.99::a6., 0.99::a7., 0.99::a8., 0.99::a9., 0.99::a10., 0.99::a11., 0.99::a12., 0.99::a13., 0.99::a14., 0.99::a15., 0.99::a16., 0.99::a17., 0.99::a18., 0.99::a19., 0.99::a20., 0.99::a21., 0.99::a22., 0.99::a23., 0.99::a24., 0.99::a25., 0.99::a26., 0.99::a27., 0.99::a28., 0.99::a29., qr:-a0,a2,a4,a6,a8,a10,a12,a14,a16,a18,a20,a22,a24,a26,a28., qr:-a1,a3,a5,a7,a9,a11,a13,a15,a17,a19,a21,a23,a25,a27,a29,not nqr., nqr:-a1,a3,a5,a7,a9,a11,a13,a15,a17,a19,a21,a23,a25,a27,a29,not qr., query(qr).]
tracc
nnf_construction_time: 3.266141414642334
Pre simplification
number of sums: 2401
number of prods: 7921
-0.842943193383927*v_10*v_11*v_12*v_13*v_14*v_15*v_26*v_27*v_28*v_29*v_30*v_31*v_9 + 3.46667389989702e-33*v_10*v_11*v_12*v_13*v_14*v_15*v_27*v_28*v_29*v_9 - 1.02445240560458e-16*v_10*v_11*v_12*v_13*v_14*v_15*v_27*v_28*v_9 - 3.12250225675825e-17*v_10*v_11*v_12*v_13*v_14*v_15*v_29*v_9 + 0.92274469442792*v_10*v_11*v_12*v_13*v_14*v_15*v_9 - 1.01420788154854e-16*v_10*v_11*v_12*v_13*v_26*v_27*v_28*v_29*v_30*v_31*v_9 + 0.913517247483641*v_26*v_27*v_28*v_29*v_30*v_31
Post simplification
symp_time: 1.6136198043823242
number of sums: 3
number of subs: 8
number of prods: 64
opt_time: 0.20607829093933105
     fun: 8.538976951311184
   maxcv: 1.5694697652612888e-08
 message: 'Optimization terminated successfully.'
    nfev: 244
  status: 1
 success: True
       x: array([0.95643846, 0.4       , 0.95662511, 0.4       , 0.95643147,
       0.4       , 0.95640769, 0.4       , 0.4       , 0.95648067,
       0.4       , 0.95659356, 0.4       ])

real	0m6.119s
user	0m5.476s
sys	0m0.508s
Instance 14
[INFO] aspmc: Tree Decomposition #bags: 33 unfolded treewidth: 3 #vertices: 35
[INFO] aspmc: Preprocessing disabled
[INFO] aspmc:    Stats Compilation
[INFO] aspmc: ------------------------------------------------------------
[INFO] aspmc: X/D-Constrained Tree Decomposition #bags: 47 treewidth: 10 #vertices: 76
[INFO] aspmc: Dtree time:               2.0309293270111084
[INFO] aspmc: Compilation time:         0.015372514724731445
[INFO] aspmc: Preparation time:         0.00012230873107910156
[INFO] aspmc: Counting time:            0.11078977584838867
[INFO] aspmc: ------------------------------------------------------------
[0.99::a0., 0.99::a1., 0.99::a2., 0.99::a3., 0.99::a4., 0.99::a5., 0.99::a6., 0.99::a7., 0.99::a8., 0.99::a9., 0.99::a10., 0.99::a11., 0.99::a12., 0.99::a13., 0.99::a14., 0.99::a15., 0.99::a16., 0.99::a17., 0.99::a18., 0.99::a19., 0.99::a20., 0.99::a21., 0.99::a22., 0.99::a23., 0.99::a24., 0.99::a25., 0.99::a26., 0.99::a27., 0.99::a28., 0.99::a29., qr:-a0,a2,a4,a6,a8,a10,a12,a14,a16,a18,a20,a22,a24,a26,a28., qr:-a1,a3,a5,a7,a9,a11,a13,a15,a17,a19,a21,a23,a25,a27,a29,not nqr., nqr:-a1,a3,a5,a7,a9,a11,a13,a15,a17,a19,a21,a23,a25,a27,a29,not qr., query(qr).]
tracc
nnf_construction_time: 3.2695939540863037
Pre simplification
number of sums: 2401
number of prods: 7921
-0.851457771094875*v_10*v_11*v_12*v_13*v_14*v_15*v_25*v_26*v_27*v_28*v_29*v_30*v_31*v_9 + 0.92274469442792*v_10*v_11*v_12*v_13*v_14*v_15*v_9 - 1.02445240560458e-16*v_10*v_11*v_12*v_13*v_25*v_26*v_27*v_28*v_29*v_30*v_31*v_9 + 0.92274469442792*v_25*v_26*v_27*v_28*v_29*v_30*v_31
Post simplification
symp_time: 1.6398499011993408
number of sums: 2
number of subs: 3
number of prods: 40
opt_time: 0.2553408145904541
     fun: 9.528484636231742
   maxcv: 1.5859214608227035e-08
 message: 'Optimization terminated successfully.'
    nfev: 276
  status: 1
 success: True
       x: array([0.4       , 0.96119629, 0.4       , 0.96125099, 0.4       ,
       0.96128601, 0.4       , 0.96130209, 0.4       , 0.96107715,
       0.4       , 0.9611265 , 0.4       , 0.9612456 ])

real	0m6.197s
user	0m5.511s
sys	0m0.538s
Instance 15
[INFO] aspmc: Tree Decomposition #bags: 33 unfolded treewidth: 3 #vertices: 35
[INFO] aspmc: Preprocessing disabled
[INFO] aspmc:    Stats Compilation
[INFO] aspmc: ------------------------------------------------------------
[INFO] aspmc: X/D-Constrained Tree Decomposition #bags: 47 treewidth: 10 #vertices: 76
[INFO] aspmc: Dtree time:               2.031158924102783
[INFO] aspmc: Compilation time:         0.015773534774780273
[INFO] aspmc: Preparation time:         0.00012445449829101562
[INFO] aspmc: Counting time:            0.10207223892211914
[INFO] aspmc: ------------------------------------------------------------
[0.99::a0., 0.99::a1., 0.99::a2., 0.99::a3., 0.99::a4., 0.99::a5., 0.99::a6., 0.99::a7., 0.99::a8., 0.99::a9., 0.99::a10., 0.99::a11., 0.99::a12., 0.99::a13., 0.99::a14., 0.99::a15., 0.99::a16., 0.99::a17., 0.99::a18., 0.99::a19., 0.99::a20., 0.99::a21., 0.99::a22., 0.99::a23., 0.99::a24., 0.99::a25., 0.99::a26., 0.99::a27., 0.99::a28., 0.99::a29., qr:-a0,a2,a4,a6,a8,a10,a12,a14,a16,a18,a20,a22,a24,a26,a28., qr:-a1,a3,a5,a7,a9,a11,a13,a15,a17,a19,a21,a23,a25,a27,a29,not nqr., nqr:-a1,a3,a5,a7,a9,a11,a13,a15,a17,a19,a21,a23,a25,a27,a29,not qr., query(qr).]
tracc
nnf_construction_time: 3.25624418258667
Pre simplification
number of sums: 2401
number of prods: 7921
-0.860058354641288*v_10*v_11*v_12*v_13*v_14*v_15*v_25*v_26*v_27*v_28*v_29*v_30*v_31*v_8*v_9 + 0.93206534790699*v_10*v_11*v_12*v_13*v_14*v_15*v_8*v_9 - 1.02445240560458e-16*v_10*v_11*v_12*v_13*v_25*v_26*v_27*v_28*v_29*v_30*v_31*v_9 + 0.92274469442792*v_25*v_26*v_27*v_28*v_29*v_30*v_31
Post simplification
symp_time: 1.6603844165802002
number of sums: 2
number of subs: 3
number of prods: 42
opt_time: 0.28661441802978516
     fun: 9.928856747325668
   maxcv: 1.9003365769876268e-08
 message: 'Optimization terminated successfully.'
    nfev: 296
  status: 1
 success: True
       x: array([0.96128322, 0.4       , 0.96124703, 0.4       , 0.96121402,
       0.4       , 0.96131611, 0.4       , 0.4       , 0.96131303,
       0.4       , 0.96130225, 0.4       , 0.96118108, 0.4       ])

real	0m6.243s
user	0m5.570s
sys	0m0.514s
Instance 16
[INFO] aspmc: Tree Decomposition #bags: 33 unfolded treewidth: 3 #vertices: 35
[INFO] aspmc: Preprocessing disabled
[INFO] aspmc:    Stats Compilation
[INFO] aspmc: ------------------------------------------------------------
[INFO] aspmc: X/D-Constrained Tree Decomposition #bags: 47 treewidth: 10 #vertices: 76
[INFO] aspmc: Dtree time:               2.0330312252044678
[INFO] aspmc: Compilation time:         0.01578354835510254
[INFO] aspmc: Preparation time:         0.00012826919555664062
[INFO] aspmc: Counting time:            0.11295437812805176
[INFO] aspmc: ------------------------------------------------------------
[0.99::a0., 0.99::a1., 0.99::a2., 0.99::a3., 0.99::a4., 0.99::a5., 0.99::a6., 0.99::a7., 0.99::a8., 0.99::a9., 0.99::a10., 0.99::a11., 0.99::a12., 0.99::a13., 0.99::a14., 0.99::a15., 0.99::a16., 0.99::a17., 0.99::a18., 0.99::a19., 0.99::a20., 0.99::a21., 0.99::a22., 0.99::a23., 0.99::a24., 0.99::a25., 0.99::a26., 0.99::a27., 0.99::a28., 0.99::a29., qr:-a0,a2,a4,a6,a8,a10,a12,a14,a16,a18,a20,a22,a24,a26,a28., qr:-a1,a3,a5,a7,a9,a11,a13,a15,a17,a19,a21,a23,a25,a27,a29,not nqr., nqr:-a1,a3,a5,a7,a9,a11,a13,a15,a17,a19,a21,a23,a25,a27,a29,not qr., query(qr).]
tracc
nnf_construction_time: 3.2704849243164062
Pre simplification
number of sums: 2401
number of prods: 7921
-0.868745812768978*v_10*v_11*v_12*v_13*v_14*v_15*v_24*v_25*v_26*v_27*v_28*v_29*v_30*v_31*v_8*v_9 - 1.0348004097016e-16*v_10*v_11*v_12*v_13*v_14*v_15*v_24*v_25*v_27*v_28*v_31*v_8*v_9 + 0.93206534790699*v_10*v_11*v_12*v_13*v_14*v_15*v_8*v_9 - 1.0348004097016e-16*v_10*v_11*v_12*v_13*v_24*v_25*v_26*v_27*v_28*v_29*v_30*v_31*v_9 + 0.93206534790699*v_24*v_25*v_26*v_27*v_28*v_29*v_30*v_31
Post simplification
symp_time: 1.72507643699646
number of sums: 2
number of subs: 5
number of prods: 58
opt_time: 0.35604143142700195
     fun: 10.918487835983285
   maxcv: 1.2098367307977753e-08
 message: 'Optimization terminated successfully.'
    nfev: 317
  status: 1
 success: True
       x: array([0.96483048, 0.4       , 0.96476372, 0.4       , 0.96486311,
       0.4       , 0.96480414, 0.4       , 0.96480305, 0.4       ,
       0.96476292, 0.4       , 0.96476989, 0.4       , 0.96489053,
       0.4       ])

real	0m6.385s
user	0m5.712s
sys	0m0.503s
Instance 17
[INFO] aspmc: Tree Decomposition #bags: 33 unfolded treewidth: 3 #vertices: 35
[INFO] aspmc: Preprocessing disabled
[INFO] aspmc:    Stats Compilation
[INFO] aspmc: ------------------------------------------------------------
[INFO] aspmc: X/D-Constrained Tree Decomposition #bags: 47 treewidth: 10 #vertices: 76
[INFO] aspmc: Dtree time:               2.031620979309082
[INFO] aspmc: Compilation time:         0.015943288803100586
[INFO] aspmc: Preparation time:         0.00015282630920410156
[INFO] aspmc: Counting time:            0.10759425163269043
[INFO] aspmc: ------------------------------------------------------------
[0.99::a0., 0.99::a1., 0.99::a2., 0.99::a3., 0.99::a4., 0.99::a5., 0.99::a6., 0.99::a7., 0.99::a8., 0.99::a9., 0.99::a10., 0.99::a11., 0.99::a12., 0.99::a13., 0.99::a14., 0.99::a15., 0.99::a16., 0.99::a17., 0.99::a18., 0.99::a19., 0.99::a20., 0.99::a21., 0.99::a22., 0.99::a23., 0.99::a24., 0.99::a25., 0.99::a26., 0.99::a27., 0.99::a28., 0.99::a29., qr:-a0,a2,a4,a6,a8,a10,a12,a14,a16,a18,a20,a22,a24,a26,a28., qr:-a1,a3,a5,a7,a9,a11,a13,a15,a17,a19,a21,a23,a25,a27,a29,not nqr., nqr:-a1,a3,a5,a7,a9,a11,a13,a15,a17,a19,a21,a23,a25,a27,a29,not qr., query(qr).]
tracc
nnf_construction_time: 3.2671959400177
Pre simplification
number of sums: 2401
number of prods: 7921
-0.877521022998968*v_10*v_11*v_12*v_13*v_14*v_15*v_24*v_25*v_26*v_27*v_28*v_29*v_30*v_31*v_7*v_8*v_9 - 1.0348004097016e-16*v_10*v_11*v_12*v_13*v_14*v_15*v_24*v_25*v_26*v_27*v_28*v_29*v_30*v_31*v_7*v_9 + 8.47409175530384e-33*v_10*v_11*v_12*v_13*v_14*v_15*v_24*v_25*v_27*v_28*v_29*v_31*v_7*v_8*v_9 - 1.04525293909252e-16*v_10*v_11*v_12*v_13*v_14*v_15*v_24*v_25*v_27*v_28*v_31*v_7*v_8*v_9 - 7.63278329429795e-17*v_10*v_11*v_12*v_13*v_14*v_15*v_29*v_7*v_8*v_9 + 0.941480149401*v_10*v_11*v_12*v_13*v_14*v_15*v_7*v_8*v_9 + 0.93206534790699*v_24*v_25*v_26*v_27*v_28*v_29*v_30*v_31
Post simplification
symp_time: 1.7825334072113037
number of sums: 3
number of subs: 8
number of prods: 89
opt_time: 0.4992337226867676
     fun: 11.318638510437763
   maxcv: 2.6584629053694186e-08
 message: 'Optimization terminated successfully.'
    nfev: 395
  status: 1
 success: True
       x: array([0.96482409, 0.4       , 0.96469143, 0.4       , 0.96480533,
       0.4       , 0.96482017, 0.4       , 0.4       , 0.96485122,
       0.4       , 0.96495034, 0.4       , 0.96481939, 0.4       ,
       0.96487654, 0.4       ])

real	0m6.581s
user	0m5.903s
sys	0m0.506s
Instance 18
[INFO] aspmc: Tree Decomposition #bags: 33 unfolded treewidth: 3 #vertices: 35
[INFO] aspmc: Preprocessing disabled
[INFO] aspmc:    Stats Compilation
[INFO] aspmc: ------------------------------------------------------------
[INFO] aspmc: X/D-Constrained Tree Decomposition #bags: 47 treewidth: 10 #vertices: 76
[INFO] aspmc: Dtree time:               2.031400203704834
[INFO] aspmc: Compilation time:         0.015871286392211914
[INFO] aspmc: Preparation time:         0.00012373924255371094
[INFO] aspmc: Counting time:            0.10767459869384766
[INFO] aspmc: ------------------------------------------------------------
[0.99::a0., 0.99::a1., 0.99::a2., 0.99::a3., 0.99::a4., 0.99::a5., 0.99::a6., 0.99::a7., 0.99::a8., 0.99::a9., 0.99::a10., 0.99::a11., 0.99::a12., 0.99::a13., 0.99::a14., 0.99::a15., 0.99::a16., 0.99::a17., 0.99::a18., 0.99::a19., 0.99::a20., 0.99::a21., 0.99::a22., 0.99::a23., 0.99::a24., 0.99::a25., 0.99::a26., 0.99::a27., 0.99::a28., 0.99::a29., qr:-a0,a2,a4,a6,a8,a10,a12,a14,a16,a18,a20,a22,a24,a26,a28., qr:-a1,a3,a5,a7,a9,a11,a13,a15,a17,a19,a21,a23,a25,a27,a29,not nqr., nqr:-a1,a3,a5,a7,a9,a11,a13,a15,a17,a19,a21,a23,a25,a27,a29,not qr., query(qr).]
tracc
nnf_construction_time: 3.2646169662475586
Pre simplification
number of sums: 2401
number of prods: 7921
-0.886384871716129*v_10*v_11*v_12*v_13*v_14*v_15*v_23*v_24*v_25*v_26*v_27*v_28*v_29*v_30*v_31*v_7*v_8*v_9 - 1.04525293909252e-16*v_10*v_11*v_12*v_13*v_14*v_15*v_23*v_24*v_25*v_26*v_27*v_28*v_29*v_30*v_31*v_7*v_9 + 6.93334779979405e-33*v_10*v_11*v_12*v_13*v_14*v_15*v_23*v_24*v_25*v_27*v_28*v_31*v_7*v_8*v_9 - 6.24500451351651e-17*v_10*v_11*v_12*v_13*v_14*v_15*v_23*v_7*v_8*v_9 - 1.04525293909252e-16*v_10*v_11*v_12*v_13*v_14*v_15*v_24*v_25*v_27*v_28*v_31*v_7*v_8*v_9 + 0.941480149401*v_10*v_11*v_12*v_13*v_14*v_15*v_7*v_8*v_9 + 0.941480149401*v_23*v_24*v_25*v_26*v_27*v_28*v_29*v_30*v_31
Post simplification
symp_time: 2.211012601852417
number of sums: 3
number of subs: 8
number of prods: 92
opt_time: 0.5137145519256592
     fun: 12.308351397271455
   maxcv: 9.365274888928354e-09
 message: 'Optimization terminated successfully.'
    nfev: 382
  status: 1
 success: True
       x: array([0.96747719, 0.4       , 0.96758014, 0.4       , 0.96765809,
       0.4       , 0.96755476, 0.4       , 0.96758499, 0.4       ,
       0.96763159, 0.4       , 0.96760344, 0.4       , 0.96759237,
       0.4       , 0.96766883, 0.4       ])

real	0m7.028s
user	0m6.326s
sys	0m0.530s
Instance 19
[INFO] aspmc: Tree Decomposition #bags: 33 unfolded treewidth: 3 #vertices: 35
[INFO] aspmc: Preprocessing disabled
[INFO] aspmc:    Stats Compilation
[INFO] aspmc: ------------------------------------------------------------
[INFO] aspmc: X/D-Constrained Tree Decomposition #bags: 47 treewidth: 10 #vertices: 76
[INFO] aspmc: Dtree time:               2.031965970993042
[INFO] aspmc: Compilation time:         0.016579627990722656
[INFO] aspmc: Preparation time:         0.0001251697540283203
[INFO] aspmc: Counting time:            0.10376691818237305
[INFO] aspmc: ------------------------------------------------------------
[0.99::a0., 0.99::a1., 0.99::a2., 0.99::a3., 0.99::a4., 0.99::a5., 0.99::a6., 0.99::a7., 0.99::a8., 0.99::a9., 0.99::a10., 0.99::a11., 0.99::a12., 0.99::a13., 0.99::a14., 0.99::a15., 0.99::a16., 0.99::a17., 0.99::a18., 0.99::a19., 0.99::a20., 0.99::a21., 0.99::a22., 0.99::a23., 0.99::a24., 0.99::a25., 0.99::a26., 0.99::a27., 0.99::a28., 0.99::a29., qr:-a0,a2,a4,a6,a8,a10,a12,a14,a16,a18,a20,a22,a24,a26,a28., qr:-a1,a3,a5,a7,a9,a11,a13,a15,a17,a19,a21,a23,a25,a27,a29,not nqr., nqr:-a1,a3,a5,a7,a9,a11,a13,a15,a17,a19,a21,a23,a25,a27,a29,not qr., query(qr).]
tracc
nnf_construction_time: 3.2617907524108887
Pre simplification
number of sums: 2401
number of prods: 7921
-0.895338254258716*v_10*v_11*v_12*v_13*v_14*v_15*v_23*v_24*v_25*v_26*v_27*v_28*v_29*v_30*v_31*v_6*v_7*v_8*v_9 - 1.04525293909252e-16*v_10*v_11*v_12*v_13*v_14*v_15*v_23*v_24*v_25*v_26*v_27*v_28*v_29*v_30*v_31*v_7*v_9 - 3.08148791101958e-33*v_10*v_11*v_12*v_13*v_14*v_15*v_23*v_24*v_25*v_27*v_28*v_31*v_6*v_7*v_8*v_9 + 2.77555756156289e-17*v_10*v_11*v_12*v_13*v_14*v_15*v_23*v_6*v_7*v_8*v_9 - 1.05581104958841e-16*v_10*v_11*v_12*v_13*v_14*v_15*v_24*v_25*v_27*v_28*v_31*v_6*v_7*v_8*v_9 + 0.9509900499*v_10*v_11*v_12*v_13*v_14*v_15*v_6*v_7*v_8*v_9 + 0.941480149401*v_23*v_24*v_25*v_26*v_27*v_28*v_29*v_30*v_31
Post simplification
symp_time: 2.257599115371704
number of sums: 3
number of subs: 8
number of prods: 97
opt_time: 0.669346809387207
     fun: 12.708412403479118
   maxcv: 1.547609806973327e-08
 message: 'Optimization terminated successfully.'
    nfev: 449
  status: 1
 success: True
       x: array([0.96762683, 0.4       , 0.96767184, 0.4       , 0.96759073,
       0.4       , 0.96754356, 0.4       , 0.4       , 0.96752221,
       0.4       , 0.96760303, 0.4       , 0.96762798, 0.4       ,
       0.96759179, 0.4       , 0.96763443, 0.4       ])

real	0m7.262s
user	0m6.606s
sys	0m0.477s
Instance 20
[INFO] aspmc: Tree Decomposition #bags: 33 unfolded treewidth: 3 #vertices: 35
[INFO] aspmc: Preprocessing disabled
[INFO] aspmc:    Stats Compilation
[INFO] aspmc: ------------------------------------------------------------
[INFO] aspmc: X/D-Constrained Tree Decomposition #bags: 47 treewidth: 10 #vertices: 76
[INFO] aspmc: Dtree time:               2.032849073410034
[INFO] aspmc: Compilation time:         0.016206979751586914
[INFO] aspmc: Preparation time:         0.0001266002655029297
[INFO] aspmc: Counting time:            0.10925078392028809
[INFO] aspmc: ------------------------------------------------------------
[0.99::a0., 0.99::a1., 0.99::a2., 0.99::a3., 0.99::a4., 0.99::a5., 0.99::a6., 0.99::a7., 0.99::a8., 0.99::a9., 0.99::a10., 0.99::a11., 0.99::a12., 0.99::a13., 0.99::a14., 0.99::a15., 0.99::a16., 0.99::a17., 0.99::a18., 0.99::a19., 0.99::a20., 0.99::a21., 0.99::a22., 0.99::a23., 0.99::a24., 0.99::a25., 0.99::a26., 0.99::a27., 0.99::a28., 0.99::a29., qr:-a0,a2,a4,a6,a8,a10,a12,a14,a16,a18,a20,a22,a24,a26,a28., qr:-a1,a3,a5,a7,a9,a11,a13,a15,a17,a19,a21,a23,a25,a27,a29,not nqr., nqr:-a1,a3,a5,a7,a9,a11,a13,a15,a17,a19,a21,a23,a25,a27,a29,not qr., query(qr).]
tracc
nnf_construction_time: 3.273407459259033
Pre simplification
number of sums: 2401
number of prods: 7921
-0.904382075008804*v_10*v_11*v_12*v_13*v_14*v_15*v_22*v_23*v_24*v_25*v_26*v_27*v_28*v_29*v_30*v_31*v_6*v_7*v_8*v_9 - 1.05581104958841e-16*v_10*v_11*v_12*v_13*v_14*v_15*v_22*v_23*v_24*v_25*v_26*v_27*v_28*v_29*v_30*v_31*v_7*v_9 + 0.9509900499*v_10*v_11*v_12*v_13*v_14*v_15*v_6*v_7*v_8*v_9 + 0.9509900499*v_22*v_23*v_24*v_25*v_26*v_27*v_28*v_29*v_30*v_31
Post simplification
symp_time: 2.3685576915740967
number of sums: 2
number of subs: 3
number of prods: 58
opt_time: 0.6766490936279297
     fun: 13.698182541116394
   maxcv: 1.50006024268734e-08
 message: 'Optimization terminated successfully.'
    nfev: 421
  status: 1
 success: True
       x: array([0.4       , 0.96980928, 0.4       , 0.96963056, 0.4       ,
       0.96993922, 0.4       , 0.96984074, 0.4       , 0.97004813,
       0.4       , 0.96965229, 0.4       , 0.97000835, 0.4       ,
       0.96970954, 0.4       , 0.96966984, 0.4       , 0.9698746 ])

real	0m7.383s
user	0m6.750s
sys	0m0.502s
Instance 21
[INFO] aspmc: Tree Decomposition #bags: 33 unfolded treewidth: 3 #vertices: 35
[INFO] aspmc: Preprocessing disabled
[INFO] aspmc:    Stats Compilation
[INFO] aspmc: ------------------------------------------------------------
[INFO] aspmc: X/D-Constrained Tree Decomposition #bags: 47 treewidth: 10 #vertices: 76
[INFO] aspmc: Dtree time:               2.032658576965332
[INFO] aspmc: Compilation time:         0.01648855209350586
[INFO] aspmc: Preparation time:         0.00013399124145507812
[INFO] aspmc: Counting time:            0.10784912109375
[INFO] aspmc: ------------------------------------------------------------
[0.99::a0., 0.99::a1., 0.99::a2., 0.99::a3., 0.99::a4., 0.99::a5., 0.99::a6., 0.99::a7., 0.99::a8., 0.99::a9., 0.99::a10., 0.99::a11., 0.99::a12., 0.99::a13., 0.99::a14., 0.99::a15., 0.99::a16., 0.99::a17., 0.99::a18., 0.99::a19., 0.99::a20., 0.99::a21., 0.99::a22., 0.99::a23., 0.99::a24., 0.99::a25., 0.99::a26., 0.99::a27., 0.99::a28., 0.99::a29., qr:-a0,a2,a4,a6,a8,a10,a12,a14,a16,a18,a20,a22,a24,a26,a28., qr:-a1,a3,a5,a7,a9,a11,a13,a15,a17,a19,a21,a23,a25,a27,a29,not nqr., nqr:-a1,a3,a5,a7,a9,a11,a13,a15,a17,a19,a21,a23,a25,a27,a29,not qr., query(qr).]
tracc
nnf_construction_time: 3.2697441577911377
Pre simplification
number of sums: 2401
number of prods: 7921
-0.913517247483641*v_10*v_11*v_12*v_13*v_14*v_15*v_22*v_23*v_24*v_25*v_26*v_27*v_28*v_29*v_30*v_31*v_5*v_6*v_7*v_8*v_9 + 0.96059601*v_10*v_11*v_12*v_13*v_14*v_15*v_5*v_6*v_7*v_8*v_9 + 0.9509900499*v_22*v_23*v_24*v_25*v_26*v_27*v_28*v_29*v_30*v_31
Post simplification
symp_time: 2.3616762161254883
number of sums: 2
number of subs: 1
number of prods: 42
opt_time: 0.8408992290496826
     fun: 14.09820714550672
   maxcv: 1.3745199867187807e-08
 message: 'Optimization terminated successfully.'
    nfev: 505
  status: 1
 success: True
       x: array([0.96977474, 0.4       , 0.96983343, 0.4       , 0.96984739,
       0.4       , 0.96983963, 0.4       , 0.4       , 0.96982519,
       0.4       , 0.96983288, 0.4       , 0.96984602, 0.4       ,
       0.96982497, 0.4       , 0.9697961 , 0.4       , 0.9697868 ,
       0.4       ])

real	0m7.547s
user	0m6.859s
sys	0m0.533s
Instance 22
[INFO] aspmc: Tree Decomposition #bags: 33 unfolded treewidth: 3 #vertices: 35
[INFO] aspmc: Preprocessing disabled
[INFO] aspmc:    Stats Compilation
[INFO] aspmc: ------------------------------------------------------------
[INFO] aspmc: X/D-Constrained Tree Decomposition #bags: 47 treewidth: 10 #vertices: 76
[INFO] aspmc: Dtree time:               2.032914161682129
[INFO] aspmc: Compilation time:         0.01639580726623535
[INFO] aspmc: Preparation time:         0.00012683868408203125
[INFO] aspmc: Counting time:            0.1123812198638916
[INFO] aspmc: ------------------------------------------------------------
[0.99::a0., 0.99::a1., 0.99::a2., 0.99::a3., 0.99::a4., 0.99::a5., 0.99::a6., 0.99::a7., 0.99::a8., 0.99::a9., 0.99::a10., 0.99::a11., 0.99::a12., 0.99::a13., 0.99::a14., 0.99::a15., 0.99::a16., 0.99::a17., 0.99::a18., 0.99::a19., 0.99::a20., 0.99::a21., 0.99::a22., 0.99::a23., 0.99::a24., 0.99::a25., 0.99::a26., 0.99::a27., 0.99::a28., 0.99::a29., qr:-a0,a2,a4,a6,a8,a10,a12,a14,a16,a18,a20,a22,a24,a26,a28., qr:-a1,a3,a5,a7,a9,a11,a13,a15,a17,a19,a21,a23,a25,a27,a29,not nqr., nqr:-a1,a3,a5,a7,a9,a11,a13,a15,a17,a19,a21,a23,a25,a27,a29,not qr., query(qr).]
tracc
nnf_construction_time: 3.2789204120635986
Pre simplification
number of sums: 2401
number of prods: 7921
-0.92274469442792*v_10*v_11*v_12*v_13*v_14*v_15*v_21*v_22*v_23*v_24*v_25*v_26*v_27*v_28*v_29*v_30*v_31*v_5*v_6*v_7*v_8*v_9 + 0.96059601*v_10*v_11*v_12*v_13*v_14*v_15*v_5*v_6*v_7*v_8*v_9 + 0.96059601*v_21*v_22*v_23*v_24*v_25*v_26*v_27*v_28*v_29*v_30*v_31
Post simplification
symp_time: 2.5495762825012207
number of sums: 2
number of subs: 1
number of prods: 44
opt_time: 1.0766851902008057
     fun: 15.088018776514213
   maxcv: 2.3215290023692603e-08
 message: 'Optimization terminated successfully.'
    nfev: 566
  status: 1
 success: True
       x: array([0.4       , 0.97170853, 0.4       , 0.97159455, 0.4       ,
       0.9716199 , 0.4       , 0.4       , 0.97171836, 0.97163154,
       0.4       , 0.97166364, 0.4       , 0.9716265 , 0.4       ,
       0.97162636, 0.4       , 0.97159085, 0.4       , 0.97158712,
       0.4       , 0.97165144])

real	0m7.995s
user	0m7.316s
sys	0m0.539s
Instance 23
[INFO] aspmc: Tree Decomposition #bags: 33 unfolded treewidth: 3 #vertices: 35
[INFO] aspmc: Preprocessing disabled
[INFO] aspmc:    Stats Compilation
[INFO] aspmc: ------------------------------------------------------------
[INFO] aspmc: X/D-Constrained Tree Decomposition #bags: 47 treewidth: 10 #vertices: 76
[INFO] aspmc: Dtree time:               2.0325381755828857
[INFO] aspmc: Compilation time:         0.0171661376953125
[INFO] aspmc: Preparation time:         0.0001304149627685547
[INFO] aspmc: Counting time:            0.1077117919921875
[INFO] aspmc: ------------------------------------------------------------
[0.99::a0., 0.99::a1., 0.99::a2., 0.99::a3., 0.99::a4., 0.99::a5., 0.99::a6., 0.99::a7., 0.99::a8., 0.99::a9., 0.99::a10., 0.99::a11., 0.99::a12., 0.99::a13., 0.99::a14., 0.99::a15., 0.99::a16., 0.99::a17., 0.99::a18., 0.99::a19., 0.99::a20., 0.99::a21., 0.99::a22., 0.99::a23., 0.99::a24., 0.99::a25., 0.99::a26., 0.99::a27., 0.99::a28., 0.99::a29., qr:-a0,a2,a4,a6,a8,a10,a12,a14,a16,a18,a20,a22,a24,a26,a28., qr:-a1,a3,a5,a7,a9,a11,a13,a15,a17,a19,a21,a23,a25,a27,a29,not nqr., nqr:-a1,a3,a5,a7,a9,a11,a13,a15,a17,a19,a21,a23,a25,a27,a29,not qr., query(qr).]
tracc
nnf_construction_time: 3.2702910900115967
Pre simplification
number of sums: 2401
number of prods: 7921
-0.93206534790699*v_10*v_11*v_12*v_13*v_14*v_15*v_21*v_22*v_23*v_24*v_25*v_26*v_27*v_28*v_29*v_30*v_31*v_4*v_5*v_6*v_7*v_8*v_9 + 0.970299*v_10*v_11*v_12*v_13*v_14*v_15*v_4*v_5*v_6*v_7*v_8*v_9 + 0.96059601*v_21*v_22*v_23*v_24*v_25*v_26*v_27*v_28*v_29*v_30*v_31
Post simplification
symp_time: 2.6013376712799072
number of sums: 2
number of subs: 1
number of prods: 46
opt_time: 1.0703580379486084
     fun: 15.488028866764875
   maxcv: 3.7391086560312203e-08
 message: 'Optimization terminated successfully.'
    nfev: 535
  status: 1
 success: True
       x: array([0.97166913, 0.4       , 0.97160043, 0.4       , 0.97141685,
       0.4       , 0.9715243 , 0.4       , 0.97152922, 0.4       ,
       0.4       , 0.9719455 , 0.4       , 0.97165565, 0.4       ,
       0.97178146, 0.4       , 0.97160852, 0.4       , 0.97150443,
       0.4       , 0.97179339, 0.4       ])

real	0m8.031s
user	0m7.350s
sys	0m0.525s
Instance 24
[INFO] aspmc: Tree Decomposition #bags: 33 unfolded treewidth: 3 #vertices: 35
[INFO] aspmc: Preprocessing disabled
[INFO] aspmc:    Stats Compilation
[INFO] aspmc: ------------------------------------------------------------
[INFO] aspmc: X/D-Constrained Tree Decomposition #bags: 47 treewidth: 10 #vertices: 76
[INFO] aspmc: Dtree time:               2.0335030555725098
[INFO] aspmc: Compilation time:         0.01638054847717285
[INFO] aspmc: Preparation time:         0.000133514404296875
[INFO] aspmc: Counting time:            0.11191344261169434
[INFO] aspmc: ------------------------------------------------------------
[0.99::a0., 0.99::a1., 0.99::a2., 0.99::a3., 0.99::a4., 0.99::a5., 0.99::a6., 0.99::a7., 0.99::a8., 0.99::a9., 0.99::a10., 0.99::a11., 0.99::a12., 0.99::a13., 0.99::a14., 0.99::a15., 0.99::a16., 0.99::a17., 0.99::a18., 0.99::a19., 0.99::a20., 0.99::a21., 0.99::a22., 0.99::a23., 0.99::a24., 0.99::a25., 0.99::a26., 0.99::a27., 0.99::a28., 0.99::a29., qr:-a0,a2,a4,a6,a8,a10,a12,a14,a16,a18,a20,a22,a24,a26,a28., qr:-a1,a3,a5,a7,a9,a11,a13,a15,a17,a19,a21,a23,a25,a27,a29,not nqr., nqr:-a1,a3,a5,a7,a9,a11,a13,a15,a17,a19,a21,a23,a25,a27,a29,not qr., query(qr).]
tracc
nnf_construction_time: 3.2747645378112793
Pre simplification
number of sums: 2401
number of prods: 7921
-0.941480149401*v_10*v_11*v_12*v_13*v_14*v_15*v_20*v_21*v_22*v_23*v_24*v_25*v_26*v_27*v_28*v_29*v_30*v_31*v_4*v_5*v_6*v_7*v_8*v_9 + 0.970299*v_10*v_11*v_12*v_13*v_14*v_15*v_4*v_5*v_6*v_7*v_8*v_9 + 0.970299*v_20*v_21*v_22*v_23*v_24*v_25*v_26*v_27*v_28*v_29*v_30*v_31
Post simplification
symp_time: 2.8418984413146973
number of sums: 2
number of subs: 1
number of prods: 48
opt_time: 1.0600378513336182
     fun: 16.4778716623331
   maxcv: 3.2484885226224947e-08
 message: 'Optimization terminated successfully.'
    nfev: 509
  status: 1
 success: True
       x: array([0.4       , 0.97310548, 0.4       , 0.97320138, 0.4       ,
       0.97327945, 0.4       , 0.4       , 0.97313422, 0.4       ,
       0.97311283, 0.97317733, 0.4       , 0.97307405, 0.4       ,
       0.97312139, 0.4       , 0.97331969, 0.4       , 0.97308501,
       0.4       , 0.97322665, 0.4       , 0.97303419])

real	0m8.246s
user	0m7.553s
sys	0m0.558s
Instance 25
[INFO] aspmc: Tree Decomposition #bags: 33 unfolded treewidth: 3 #vertices: 35
[INFO] aspmc: Preprocessing disabled
[INFO] aspmc:    Stats Compilation
[INFO] aspmc: ------------------------------------------------------------
[INFO] aspmc: X/D-Constrained Tree Decomposition #bags: 47 treewidth: 10 #vertices: 76
[INFO] aspmc: Dtree time:               2.0327835083007812
[INFO] aspmc: Compilation time:         0.01609516143798828
[INFO] aspmc: Preparation time:         0.00012826919555664062
[INFO] aspmc: Counting time:            0.10763716697692871
[INFO] aspmc: ------------------------------------------------------------
[0.99::a0., 0.99::a1., 0.99::a2., 0.99::a3., 0.99::a4., 0.99::a5., 0.99::a6., 0.99::a7., 0.99::a8., 0.99::a9., 0.99::a10., 0.99::a11., 0.99::a12., 0.99::a13., 0.99::a14., 0.99::a15., 0.99::a16., 0.99::a17., 0.99::a18., 0.99::a19., 0.99::a20., 0.99::a21., 0.99::a22., 0.99::a23., 0.99::a24., 0.99::a25., 0.99::a26., 0.99::a27., 0.99::a28., 0.99::a29., qr:-a0,a2,a4,a6,a8,a10,a12,a14,a16,a18,a20,a22,a24,a26,a28., qr:-a1,a3,a5,a7,a9,a11,a13,a15,a17,a19,a21,a23,a25,a27,a29,not nqr., nqr:-a1,a3,a5,a7,a9,a11,a13,a15,a17,a19,a21,a23,a25,a27,a29,not qr., query(qr).]
tracc
nnf_construction_time: 3.269941806793213
Pre simplification
number of sums: 2401
number of prods: 7921
-0.9509900499*v_10*v_11*v_12*v_13*v_14*v_15*v_20*v_21*v_22*v_23*v_24*v_25*v_26*v_27*v_28*v_29*v_3*v_30*v_31*v_4*v_5*v_6*v_7*v_8*v_9 + 0.9801*v_10*v_11*v_12*v_13*v_14*v_15*v_3*v_4*v_5*v_6*v_7*v_8*v_9 + 0.970299*v_20*v_21*v_22*v_23*v_24*v_25*v_26*v_27*v_28*v_29*v_30*v_31
Post simplification
symp_time: 2.825061559677124
number of sums: 2
number of subs: 1
number of prods: 50
opt_time: 1.050248622894287
     fun: 16.28707699687068
   maxcv: 0.0009730153650608919
 message: 'Did not converge to a solution satisfying the constraints. See `maxcv` for magnitude of violation.'
    nfev: 475
  status: 4
 success: False
       x: array([0.97418129, 0.4       , 0.97153011, 0.4       , 0.97769218,
       0.4       , 0.4       , 0.98996934, 0.97469439, 0.4       ,
       0.97757282, 0.4       , 0.4       , 0.96465202, 0.4       ,
       0.96280464, 0.4       , 0.96068618, 0.4       , 0.96603825,
       0.4       , 0.96725579, 0.4       , 0.4       , 0.4       ])

real	0m8.216s
user	0m7.541s
sys	0m0.533s
Instance 26
[INFO] aspmc: Tree Decomposition #bags: 33 unfolded treewidth: 3 #vertices: 35
[INFO] aspmc: Preprocessing disabled
[INFO] aspmc:    Stats Compilation
[INFO] aspmc: ------------------------------------------------------------
[INFO] aspmc: X/D-Constrained Tree Decomposition #bags: 47 treewidth: 10 #vertices: 76
[INFO] aspmc: Dtree time:               2.032672166824341
[INFO] aspmc: Compilation time:         0.0169675350189209
[INFO] aspmc: Preparation time:         0.00012922286987304688
[INFO] aspmc: Counting time:            0.10898280143737793
[INFO] aspmc: ------------------------------------------------------------
[0.99::a0., 0.99::a1., 0.99::a2., 0.99::a3., 0.99::a4., 0.99::a5., 0.99::a6., 0.99::a7., 0.99::a8., 0.99::a9., 0.99::a10., 0.99::a11., 0.99::a12., 0.99::a13., 0.99::a14., 0.99::a15., 0.99::a16., 0.99::a17., 0.99::a18., 0.99::a19., 0.99::a20., 0.99::a21., 0.99::a22., 0.99::a23., 0.99::a24., 0.99::a25., 0.99::a26., 0.99::a27., 0.99::a28., 0.99::a29., qr:-a0,a2,a4,a6,a8,a10,a12,a14,a16,a18,a20,a22,a24,a26,a28., qr:-a1,a3,a5,a7,a9,a11,a13,a15,a17,a19,a21,a23,a25,a27,a29,not nqr., nqr:-a1,a3,a5,a7,a9,a11,a13,a15,a17,a19,a21,a23,a25,a27,a29,not qr., query(qr).]
tracc
nnf_construction_time: 3.2727155685424805
Pre simplification
number of sums: 2401
number of prods: 7921
-0.96059601*v_10*v_11*v_12*v_13*v_14*v_15*v_19*v_20*v_21*v_22*v_23*v_24*v_25*v_26*v_27*v_28*v_29*v_3*v_30*v_31*v_4*v_5*v_6*v_7*v_8*v_9 + 0.9801*v_10*v_11*v_12*v_13*v_14*v_15*v_3*v_4*v_5*v_6*v_7*v_8*v_9 + 0.9801*v_19*v_20*v_21*v_22*v_23*v_24*v_25*v_26*v_27*v_28*v_29*v_30*v_31
Post simplification
symp_time: 2.932175397872925
number of sums: 2
number of subs: 1
number of prods: 52
opt_time: 0.8513331413269043
     fun: 17.278004551090575
   maxcv: 0.001218525132603121
 message: 'Did not converge to a solution satisfying the constraints. See `maxcv` for magnitude of violation.'
    nfev: 358
  status: 4
 success: False
       x: array([0.9778193 , 0.4       , 0.98995454, 0.4       , 0.9876802 ,
       0.4       , 0.4       , 0.95569727, 0.98999525, 0.98997153,
       0.4       , 0.94873675, 0.4       , 0.4       , 0.95675528,
       0.4       , 0.94845334, 0.4       , 0.98997896, 0.4       ,
       0.95759505, 0.4       , 0.98536709, 0.4       , 0.4       ,
       0.4       ])

real	0m8.161s
user	0m7.499s
sys	0m0.530s
Instance 27
[INFO] aspmc: Tree Decomposition #bags: 33 unfolded treewidth: 3 #vertices: 35
[INFO] aspmc: Preprocessing disabled
[INFO] aspmc:    Stats Compilation
[INFO] aspmc: ------------------------------------------------------------
[INFO] aspmc: X/D-Constrained Tree Decomposition #bags: 47 treewidth: 10 #vertices: 76
[INFO] aspmc: Dtree time:               2.032365322113037
[INFO] aspmc: Compilation time:         0.01581263542175293
[INFO] aspmc: Preparation time:         0.0001232624053955078
[INFO] aspmc: Counting time:            0.10770082473754883
[INFO] aspmc: ------------------------------------------------------------
[0.99::a0., 0.99::a1., 0.99::a2., 0.99::a3., 0.99::a4., 0.99::a5., 0.99::a6., 0.99::a7., 0.99::a8., 0.99::a9., 0.99::a10., 0.99::a11., 0.99::a12., 0.99::a13., 0.99::a14., 0.99::a15., 0.99::a16., 0.99::a17., 0.99::a18., 0.99::a19., 0.99::a20., 0.99::a21., 0.99::a22., 0.99::a23., 0.99::a24., 0.99::a25., 0.99::a26., 0.99::a27., 0.99::a28., 0.99::a29., qr:-a0,a2,a4,a6,a8,a10,a12,a14,a16,a18,a20,a22,a24,a26,a28., qr:-a1,a3,a5,a7,a9,a11,a13,a15,a17,a19,a21,a23,a25,a27,a29,not nqr., nqr:-a1,a3,a5,a7,a9,a11,a13,a15,a17,a19,a21,a23,a25,a27,a29,not qr., query(qr).]
tracc
nnf_construction_time: 3.2753689289093018
Pre simplification
number of sums: 2401
number of prods: 7921
-0.970299*v_10*v_11*v_12*v_13*v_14*v_15*v_19*v_2*v_20*v_21*v_22*v_23*v_24*v_25*v_26*v_27*v_28*v_29*v_3*v_30*v_31*v_4*v_5*v_6*v_7*v_8*v_9 + 0.99*v_10*v_11*v_12*v_13*v_14*v_15*v_2*v_3*v_4*v_5*v_6*v_7*v_8*v_9 + 0.9801*v_19*v_20*v_21*v_22*v_23*v_24*v_25*v_26*v_27*v_28*v_29*v_30*v_31
Post simplification
symp_time: 2.930004358291626
number of sums: 2
number of subs: 1
number of prods: 54
opt_time: 1.058448314666748
     fun: 12.349120102345685
   maxcv: 0.03201662455830767
 message: 'Did not converge to a solution satisfying the constraints. See `maxcv` for magnitude of violation.'
    nfev: 406
  status: 4
 success: False
       x: array([0.4       , 0.4       , 0.4       , 0.4       , 0.4       ,
       0.4       , 0.4       , 0.98997314, 0.76921656, 0.98993005,
       0.4       , 0.4       , 0.4       , 0.4       , 0.4       ,
       0.4       , 0.4       , 0.4       , 0.4       , 0.4       ,
       0.4       , 0.40000036, 0.4       , 0.4       , 0.4       ,
       0.4       , 0.4       ])

real	0m8.342s
user	0m7.691s
sys	0m0.505s
Instance 28
[INFO] aspmc: Tree Decomposition #bags: 33 unfolded treewidth: 3 #vertices: 35
[INFO] aspmc: Preprocessing disabled
[INFO] aspmc:    Stats Compilation
[INFO] aspmc: ------------------------------------------------------------
[INFO] aspmc: X/D-Constrained Tree Decomposition #bags: 47 treewidth: 10 #vertices: 76
[INFO] aspmc: Dtree time:               2.0326952934265137
[INFO] aspmc: Compilation time:         0.016527652740478516
[INFO] aspmc: Preparation time:         0.00013303756713867188
[INFO] aspmc: Counting time:            0.11145615577697754
[INFO] aspmc: ------------------------------------------------------------
[0.99::a0., 0.99::a1., 0.99::a2., 0.99::a3., 0.99::a4., 0.99::a5., 0.99::a6., 0.99::a7., 0.99::a8., 0.99::a9., 0.99::a10., 0.99::a11., 0.99::a12., 0.99::a13., 0.99::a14., 0.99::a15., 0.99::a16., 0.99::a17., 0.99::a18., 0.99::a19., 0.99::a20., 0.99::a21., 0.99::a22., 0.99::a23., 0.99::a24., 0.99::a25., 0.99::a26., 0.99::a27., 0.99::a28., 0.99::a29., qr:-a0,a2,a4,a6,a8,a10,a12,a14,a16,a18,a20,a22,a24,a26,a28., qr:-a1,a3,a5,a7,a9,a11,a13,a15,a17,a19,a21,a23,a25,a27,a29,not nqr., nqr:-a1,a3,a5,a7,a9,a11,a13,a15,a17,a19,a21,a23,a25,a27,a29,not qr., query(qr).]
tracc
nnf_construction_time: 3.280402183532715
Pre simplification
number of sums: 2401
number of prods: 7921
-0.9801*v_10*v_11*v_12*v_13*v_14*v_15*v_18*v_19*v_2*v_20*v_21*v_22*v_23*v_24*v_25*v_26*v_27*v_28*v_29*v_3*v_30*v_31*v_4*v_5*v_6*v_7*v_8*v_9 + 0.99*v_10*v_11*v_12*v_13*v_14*v_15*v_2*v_3*v_4*v_5*v_6*v_7*v_8*v_9 + 0.99*v_18*v_19*v_20*v_21*v_22*v_23*v_24*v_25*v_26*v_27*v_28*v_29*v_30*v_31
Post simplification
symp_time: 2.8495962619781494
number of sums: 2
number of subs: 1
number of prods: 56
opt_time: 1.842557668685913
     fun: 13.326393343918168
   maxcv: 0.031463322913452996
 message: 'Did not converge to a solution satisfying the constraints. See `maxcv` for magnitude of violation.'
    nfev: 555
  status: 4
 success: False
       x: array([0.4       , 0.4       , 0.4       , 0.4       , 0.4       ,
       0.4       , 0.4       , 0.85615827, 0.98997678, 0.89051525,
       0.98973862, 0.4       , 0.4       , 0.4       , 0.4       ,
       0.4       , 0.4       , 0.40000442, 0.4       , 0.4       ,
       0.4       , 0.4       , 0.4       , 0.4       , 0.4       ,
       0.4       , 0.4       , 0.4       ])

real	0m9.056s
user	0m8.376s
sys	0m0.534s
Instance 29
[INFO] aspmc: Tree Decomposition #bags: 33 unfolded treewidth: 3 #vertices: 35
[INFO] aspmc: Preprocessing disabled
[INFO] aspmc:    Stats Compilation
[INFO] aspmc: ------------------------------------------------------------
[INFO] aspmc: X/D-Constrained Tree Decomposition #bags: 47 treewidth: 10 #vertices: 76
[INFO] aspmc: Dtree time:               2.0343079566955566
[INFO] aspmc: Compilation time:         0.016477108001708984
[INFO] aspmc: Preparation time:         0.0001316070556640625
[INFO] aspmc: Counting time:            0.10946249961853027
[INFO] aspmc: ------------------------------------------------------------
[0.99::a0., 0.99::a1., 0.99::a2., 0.99::a3., 0.99::a4., 0.99::a5., 0.99::a6., 0.99::a7., 0.99::a8., 0.99::a9., 0.99::a10., 0.99::a11., 0.99::a12., 0.99::a13., 0.99::a14., 0.99::a15., 0.99::a16., 0.99::a17., 0.99::a18., 0.99::a19., 0.99::a20., 0.99::a21., 0.99::a22., 0.99::a23., 0.99::a24., 0.99::a25., 0.99::a26., 0.99::a27., 0.99::a28., 0.99::a29., qr:-a0,a2,a4,a6,a8,a10,a12,a14,a16,a18,a20,a22,a24,a26,a28., qr:-a1,a3,a5,a7,a9,a11,a13,a15,a17,a19,a21,a23,a25,a27,a29,not nqr., nqr:-a1,a3,a5,a7,a9,a11,a13,a15,a17,a19,a21,a23,a25,a27,a29,not qr., query(qr).]
tracc
nnf_construction_time: 3.272453784942627
Pre simplification
number of sums: 2401
number of prods: 7921
-0.99*v_1*v_10*v_11*v_12*v_13*v_14*v_15*v_18*v_19*v_2*v_20*v_21*v_22*v_23*v_24*v_25*v_26*v_27*v_28*v_29*v_3*v_30*v_31*v_4*v_5*v_6*v_7*v_8*v_9 + 1.0*v_1*v_10*v_11*v_12*v_13*v_14*v_15*v_2*v_3*v_4*v_5*v_6*v_7*v_8*v_9 + 0.99*v_18*v_19*v_20*v_21*v_22*v_23*v_24*v_25*v_26*v_27*v_28*v_29*v_30*v_31
Post simplification
symp_time: 2.790719747543335
number of sums: 2
number of subs: 1
number of prods: 58
opt_time: 0.8643763065338135
     fun: 13.249070701054132
   maxcv: 0.031295247816161664
 message: 'Did not converge to a solution satisfying the constraints. See `maxcv` for magnitude of violation.'
    nfev: 329
  status: 4
 success: False
       x: array([0.4       , 0.4       , 0.4       , 0.4       , 0.4       ,
       0.4       , 0.4       , 0.91605799, 0.4       , 0.98997683,
       0.4       , 0.94303588, 0.4       , 0.4       , 0.4       ,
       0.4       , 0.4       , 0.4       , 0.4       , 0.4       ,
       0.4       , 0.4       , 0.4       , 0.4       , 0.4       ,
       0.4       , 0.4       , 0.4       , 0.4       ])

real	0m8.006s
user	0m7.326s
sys	0m0.528s
Instance 30
[INFO] aspmc: Tree Decomposition #bags: 33 unfolded treewidth: 3 #vertices: 35
[INFO] aspmc: Preprocessing disabled
[INFO] aspmc:    Stats Compilation
[INFO] aspmc: ------------------------------------------------------------
[INFO] aspmc: X/D-Constrained Tree Decomposition #bags: 47 treewidth: 10 #vertices: 76
[INFO] aspmc: Dtree time:               2.032761573791504
[INFO] aspmc: Compilation time:         0.016474246978759766
[INFO] aspmc: Preparation time:         0.0001289844512939453
[INFO] aspmc: Counting time:            0.1094202995300293
[INFO] aspmc: ------------------------------------------------------------
[0.99::a0., 0.99::a1., 0.99::a2., 0.99::a3., 0.99::a4., 0.99::a5., 0.99::a6., 0.99::a7., 0.99::a8., 0.99::a9., 0.99::a10., 0.99::a11., 0.99::a12., 0.99::a13., 0.99::a14., 0.99::a15., 0.99::a16., 0.99::a17., 0.99::a18., 0.99::a19., 0.99::a20., 0.99::a21., 0.99::a22., 0.99::a23., 0.99::a24., 0.99::a25., 0.99::a26., 0.99::a27., 0.99::a28., 0.99::a29., qr:-a0,a2,a4,a6,a8,a10,a12,a14,a16,a18,a20,a22,a24,a26,a28., qr:-a1,a3,a5,a7,a9,a11,a13,a15,a17,a19,a21,a23,a25,a27,a29,not nqr., nqr:-a1,a3,a5,a7,a9,a11,a13,a15,a17,a19,a21,a23,a25,a27,a29,not qr., query(qr).]
tracc
nnf_construction_time: 3.270437479019165
Pre simplification
number of sums: 2401
number of prods: 7921
-v_1*v_10*v_11*v_12*v_13*v_14*v_15*v_17*v_18*v_19*v_2*v_20*v_21*v_22*v_23*v_24*v_25*v_26*v_27*v_28*v_29*v_3*v_30*v_31*v_4*v_5*v_6*v_7*v_8*v_9 + v_1*v_10*v_11*v_12*v_13*v_14*v_15*v_2*v_3*v_4*v_5*v_6*v_7*v_8*v_9 + v_17*v_18*v_19*v_20*v_21*v_22*v_23*v_24*v_25*v_26*v_27*v_28*v_29*v_30*v_31
Post simplification
symp_time: 2.4508092403411865
number of sums: 2
number of subs: 1
number of prods: 57
opt_time: 0.9397544860839844
     fun: 13.641845368745384
   maxcv: 0.04731800971805444
 message: 'Did not converge to a solution satisfying the constraints. See `maxcv` for magnitude of violation.'
    nfev: 327
  status: 4
 success: False
       x: array([0.4       , 0.40001232, 0.4       , 0.4       , 0.4       ,
       0.4       , 0.4       , 0.4       , 0.98999764, 0.4       ,
       0.98995343, 0.4       , 0.86188198, 0.4       , 0.4       ,
       0.4       , 0.4       , 0.4       , 0.4       , 0.4       ,
       0.4       , 0.4       , 0.4       , 0.4       , 0.4       ,
       0.4       , 0.4       , 0.4       , 0.4       , 0.4       ])

real	0m7.750s
user	0m7.085s
sys	0m0.496s
Ended at: 
Sat Dec  9 09:20:11 CET 2023
