Started at: 
Sat Dec  9 09:16:55 CET 2023
Instance 2
[INFO] aspmc: Tree Decomposition #bags: 13 unfolded treewidth: 3 #vertices: 15
[INFO] aspmc: Preprocessing disabled
[INFO] aspmc:    Stats Compilation
[INFO] aspmc: ------------------------------------------------------------
[INFO] aspmc: X/D-Constrained Tree Decomposition #bags: 16 treewidth: 7 #vertices: 26
[INFO] aspmc: Dtree time:               2.017949104309082
[INFO] aspmc: Compilation time:         0.014282941818237305
[INFO] aspmc: Preparation time:         6.914138793945312e-05
[INFO] aspmc: Counting time:            0.026595592498779297
[INFO] aspmc: ------------------------------------------------------------
[0.99::a0., 0.99::a1., 0.99::a2., 0.99::a3., 0.99::a4., 0.99::a5., 0.99::a6., 0.99::a7., 0.99::a8., 0.99::a9., qr:-a0,a2,a4,a6,a8., qr:-a1,a3,a5,a7,a9,not nqr., nqr:-a1,a3,a5,a7,a9,not qr., query(qr).]
tracc
nnf_construction_time: 3.1627697944641113
Pre simplification
number of sums: 119
number of prods: 190
-0.92274469442792*v_11*v_5 + 0.96059601*v_11 + 0.96059601*v_5
Post simplification
symp_time: 0.32111501693725586
number of sums: 2
number of subs: 1
number of prods: 4
opt_time: 0.0019268989562988281
     fun: 0.9338288575320364
   maxcv: 2.8238399492064303e-06
 message: 'Optimization terminated successfully.'
    nfev: 14
  status: 1
 success: True
       x: array([0.4       , 0.53382886])

real	0m4.672s
user	0m3.793s
sys	0m0.750s
Instance 3
[INFO] aspmc: Tree Decomposition #bags: 13 unfolded treewidth: 3 #vertices: 15
[INFO] aspmc: Preprocessing disabled
[INFO] aspmc:    Stats Compilation
[INFO] aspmc: ------------------------------------------------------------
[INFO] aspmc: X/D-Constrained Tree Decomposition #bags: 16 treewidth: 7 #vertices: 26
[INFO] aspmc: Dtree time:               2.0181689262390137
[INFO] aspmc: Compilation time:         0.015029668807983398
[INFO] aspmc: Preparation time:         7.033348083496094e-05
[INFO] aspmc: Counting time:            0.02602076530456543
[INFO] aspmc: ------------------------------------------------------------
[0.99::a0., 0.99::a1., 0.99::a2., 0.99::a3., 0.99::a4., 0.99::a5., 0.99::a6., 0.99::a7., 0.99::a8., 0.99::a9., qr:-a0,a2,a4,a6,a8., qr:-a1,a3,a5,a7,a9,not nqr., nqr:-a1,a3,a5,a7,a9,not qr., query(qr).]
tracc
nnf_construction_time: 3.1660850048065186
Pre simplification
number of sums: 119
number of prods: 190
-0.93206534790699*v_11*v_4*v_5 + 0.96059601*v_11 + 0.970299*v_4*v_5
Post simplification
symp_time: 0.3621385097503662
number of sums: 2
number of subs: 1
number of prods: 6
opt_time: 0.003367185592651367
     fun: 1.471305980988661
   maxcv: 1.3674704662403059e-05
 message: 'Optimization terminated successfully.'
    nfev: 19
  status: 1
 success: True
       x: array([0.40000237, 0.67130124, 0.40000237])

real	0m4.603s
user	0m3.712s
sys	0m0.777s
Instance 4
[INFO] aspmc: Tree Decomposition #bags: 13 unfolded treewidth: 3 #vertices: 15
[INFO] aspmc: Preprocessing disabled
[INFO] aspmc:    Stats Compilation
[INFO] aspmc: ------------------------------------------------------------
[INFO] aspmc: X/D-Constrained Tree Decomposition #bags: 16 treewidth: 7 #vertices: 26
[INFO] aspmc: Dtree time:               2.018153667449951
[INFO] aspmc: Compilation time:         0.014492988586425781
[INFO] aspmc: Preparation time:         6.937980651855469e-05
[INFO] aspmc: Counting time:            0.026208877563476562
[INFO] aspmc: ------------------------------------------------------------
[0.99::a0., 0.99::a1., 0.99::a2., 0.99::a3., 0.99::a4., 0.99::a5., 0.99::a6., 0.99::a7., 0.99::a8., 0.99::a9., qr:-a0,a2,a4,a6,a8., qr:-a1,a3,a5,a7,a9,not nqr., nqr:-a1,a3,a5,a7,a9,not qr., query(qr).]
tracc
nnf_construction_time: 3.1691439151763916
Pre simplification
number of sums: 119
number of prods: 190
-0.941480149401*v_10*v_11*v_4*v_5 + 0.970299*v_10*v_11 + 0.970299*v_4*v_5
Post simplification
symp_time: 0.38115358352661133
number of sums: 2
number of subs: 1
number of prods: 8
opt_time: 0.014130830764770508
     fun: 2.4304670461325926
   maxcv: 8.19692080877843e-09
 message: 'Optimization terminated successfully.'
    nfev: 67
  status: 1
 success: True
       x: array([0.81524719, 0.4       , 0.81521986, 0.4       ])

real	0m4.623s
user	0m3.782s
sys	0m0.718s
Instance 5
[INFO] aspmc: Tree Decomposition #bags: 13 unfolded treewidth: 3 #vertices: 15
[INFO] aspmc: Preprocessing disabled
[INFO] aspmc:    Stats Compilation
[INFO] aspmc: ------------------------------------------------------------
[INFO] aspmc: X/D-Constrained Tree Decomposition #bags: 16 treewidth: 7 #vertices: 26
[INFO] aspmc: Dtree time:               2.018218994140625
[INFO] aspmc: Compilation time:         0.014301776885986328
[INFO] aspmc: Preparation time:         6.67572021484375e-05
[INFO] aspmc: Counting time:            0.025221824645996094
[INFO] aspmc: ------------------------------------------------------------
[0.99::a0., 0.99::a1., 0.99::a2., 0.99::a3., 0.99::a4., 0.99::a5., 0.99::a6., 0.99::a7., 0.99::a8., 0.99::a9., qr:-a0,a2,a4,a6,a8., qr:-a1,a3,a5,a7,a9,not nqr., nqr:-a1,a3,a5,a7,a9,not qr., query(qr).]
tracc
nnf_construction_time: 3.1658380031585693
Pre simplification
number of sums: 119
number of prods: 190
-0.9509900499*v_10*v_11*v_3*v_4*v_5 + 0.970299*v_10*v_11 + 0.9801*v_3*v_4*v_5
Post simplification
symp_time: 0.4108140468597412
number of sums: 2
number of subs: 1
number of prods: 10
opt_time: 0.023189067840576172
     fun: 2.8741985989846692
   maxcv: 1.2214543931854394e-08
 message: 'Optimization terminated successfully.'
    nfev: 90
  status: 1
 success: True
       x: array([0.4       , 0.83700037, 0.4       , 0.83719822, 0.4       ])

real	0m4.649s
user	0m3.759s
sys	0m0.776s
Instance 6
[INFO] aspmc: Tree Decomposition #bags: 13 unfolded treewidth: 3 #vertices: 15
[INFO] aspmc: Preprocessing disabled
[INFO] aspmc:    Stats Compilation
[INFO] aspmc: ------------------------------------------------------------
[INFO] aspmc: X/D-Constrained Tree Decomposition #bags: 16 treewidth: 7 #vertices: 26
[INFO] aspmc: Dtree time:               2.0192766189575195
[INFO] aspmc: Compilation time:         0.01459503173828125
[INFO] aspmc: Preparation time:         6.890296936035156e-05
[INFO] aspmc: Counting time:            0.024918794631958008
[INFO] aspmc: ------------------------------------------------------------
[0.99::a0., 0.99::a1., 0.99::a2., 0.99::a3., 0.99::a4., 0.99::a5., 0.99::a6., 0.99::a7., 0.99::a8., 0.99::a9., qr:-a0,a2,a4,a6,a8., qr:-a1,a3,a5,a7,a9,not nqr., nqr:-a1,a3,a5,a7,a9,not qr., query(qr).]
tracc
nnf_construction_time: 3.1696765422821045
Pre simplification
number of sums: 119
number of prods: 190
-0.96059601*v_10*v_11*v_3*v_4*v_5*v_9 + 0.9801*v_10*v_11*v_9 + 0.9801*v_3*v_4*v_5
Post simplification
symp_time: 0.4202094078063965
number of sums: 2
number of subs: 1
number of prods: 12
opt_time: 0.03186750411987305
     fun: 3.8557323641983423
   maxcv: 9.551601065638238e-09
 message: 'Optimization terminated successfully.'
    nfev: 99
  status: 1
 success: True
       x: array([0.88530716, 0.4       , 0.8853106 , 0.4       , 0.88511461,
       0.4       ])

real	0m4.686s
user	0m3.816s
sys	0m0.749s
Instance 7
[INFO] aspmc: Tree Decomposition #bags: 13 unfolded treewidth: 3 #vertices: 15
[INFO] aspmc: Preprocessing disabled
[INFO] aspmc:    Stats Compilation
[INFO] aspmc: ------------------------------------------------------------
[INFO] aspmc: X/D-Constrained Tree Decomposition #bags: 16 treewidth: 7 #vertices: 26
[INFO] aspmc: Dtree time:               2.0190649032592773
[INFO] aspmc: Compilation time:         0.014448404312133789
[INFO] aspmc: Preparation time:         7.414817810058594e-05
[INFO] aspmc: Counting time:            0.024866819381713867
[INFO] aspmc: ------------------------------------------------------------
[0.99::a0., 0.99::a1., 0.99::a2., 0.99::a3., 0.99::a4., 0.99::a5., 0.99::a6., 0.99::a7., 0.99::a8., 0.99::a9., qr:-a0,a2,a4,a6,a8., qr:-a1,a3,a5,a7,a9,not nqr., nqr:-a1,a3,a5,a7,a9,not qr., query(qr).]
tracc
nnf_construction_time: 3.16886043548584
Pre simplification
number of sums: 119
number of prods: 190
-0.970299*v_10*v_11*v_2*v_3*v_4*v_5*v_9 + 0.9801*v_10*v_11*v_9 + 0.99*v_2*v_3*v_4*v_5
Post simplification
symp_time: 0.4261610507965088
number of sums: 2
number of subs: 1
number of prods: 14
opt_time: 0.05024838447570801
     fun: 4.271620687566198
   maxcv: 1.53028967275759e-08
 message: 'Optimization terminated successfully.'
    nfev: 138
  status: 1
 success: True
       x: array([0.4       , 0.89052052, 0.4       , 0.89049703, 0.4       ,
       0.89060314, 0.4       ])

real	0m4.705s
user	0m3.805s
sys	0m0.771s
Instance 8
[INFO] aspmc: Tree Decomposition #bags: 13 unfolded treewidth: 3 #vertices: 15
[INFO] aspmc: Preprocessing disabled
[INFO] aspmc:    Stats Compilation
[INFO] aspmc: ------------------------------------------------------------
[INFO] aspmc: X/D-Constrained Tree Decomposition #bags: 16 treewidth: 7 #vertices: 26
[INFO] aspmc: Dtree time:               2.018537998199463
[INFO] aspmc: Compilation time:         0.014943122863769531
[INFO] aspmc: Preparation time:         6.985664367675781e-05
[INFO] aspmc: Counting time:            0.02552318572998047
[INFO] aspmc: ------------------------------------------------------------
[0.99::a0., 0.99::a1., 0.99::a2., 0.99::a3., 0.99::a4., 0.99::a5., 0.99::a6., 0.99::a7., 0.99::a8., 0.99::a9., qr:-a0,a2,a4,a6,a8., qr:-a1,a3,a5,a7,a9,not nqr., nqr:-a1,a3,a5,a7,a9,not qr., query(qr).]
tracc
nnf_construction_time: 3.1617417335510254
Pre simplification
number of sums: 119
number of prods: 190
-0.9801*v_10*v_11*v_2*v_3*v_4*v_5*v_8*v_9 + 0.99*v_10*v_11*v_8*v_9 + 0.99*v_2*v_3*v_4*v_5
Post simplification
symp_time: 0.5009889602661133
number of sums: 2
number of subs: 1
number of prods: 16
opt_time: 0.07349014282226562
     fun: 5.257707294231335
   maxcv: 1.1281024447917787e-08
 message: 'Optimization terminated successfully.'
    nfev: 167
  status: 1
 success: True
       x: array([0.91435504, 0.4       , 0.91451995, 0.4       , 0.91442095,
       0.4       , 0.91441136, 0.4       ])

real	0m4.790s
user	0m3.918s
sys	0m0.744s
Instance 9
[INFO] aspmc: Tree Decomposition #bags: 13 unfolded treewidth: 3 #vertices: 15
[INFO] aspmc: Preprocessing disabled
[INFO] aspmc:    Stats Compilation
[INFO] aspmc: ------------------------------------------------------------
[INFO] aspmc: X/D-Constrained Tree Decomposition #bags: 16 treewidth: 7 #vertices: 26
[INFO] aspmc: Dtree time:               2.018415927886963
[INFO] aspmc: Compilation time:         0.014536619186401367
[INFO] aspmc: Preparation time:         7.319450378417969e-05
[INFO] aspmc: Counting time:            0.025121212005615234
[INFO] aspmc: ------------------------------------------------------------
[0.99::a0., 0.99::a1., 0.99::a2., 0.99::a3., 0.99::a4., 0.99::a5., 0.99::a6., 0.99::a7., 0.99::a8., 0.99::a9., qr:-a0,a2,a4,a6,a8., qr:-a1,a3,a5,a7,a9,not nqr., nqr:-a1,a3,a5,a7,a9,not qr., query(qr).]
tracc
nnf_construction_time: 3.165619134902954
Pre simplification
number of sums: 119
number of prods: 190
-0.99*v_1*v_10*v_11*v_2*v_3*v_4*v_5*v_8*v_9 + 1.0*v_1*v_2*v_3*v_4*v_5 + 0.99*v_10*v_11*v_8*v_9
Post simplification
symp_time: 0.4754667282104492
number of sums: 2
number of subs: 1
number of prods: 18
opt_time: 0.058829307556152344
     fun: 5.07825216706251
   maxcv: 0.0008008695595284054
 message: 'Did not converge to a solution satisfying the constraints. See `maxcv` for magnitude of violation.'
    nfev: 119
  status: 4
 success: False
       x: array([0.9899863 , 0.84421272, 0.4       , 0.84405315, 0.4       ,
       0.4       , 0.4       , 0.4       , 0.4       ])

real	0m4.757s
user	0m3.827s
sys	0m0.801s
Instance 10
[INFO] aspmc: Tree Decomposition #bags: 13 unfolded treewidth: 3 #vertices: 15
[INFO] aspmc: Preprocessing disabled
[INFO] aspmc:    Stats Compilation
[INFO] aspmc: ------------------------------------------------------------
[INFO] aspmc: X/D-Constrained Tree Decomposition #bags: 16 treewidth: 7 #vertices: 26
[INFO] aspmc: Dtree time:               2.0183024406433105
[INFO] aspmc: Compilation time:         0.013961553573608398
[INFO] aspmc: Preparation time:         7.033348083496094e-05
[INFO] aspmc: Counting time:            0.025846242904663086
[INFO] aspmc: ------------------------------------------------------------
[0.99::a0., 0.99::a1., 0.99::a2., 0.99::a3., 0.99::a4., 0.99::a5., 0.99::a6., 0.99::a7., 0.99::a8., 0.99::a9., qr:-a0,a2,a4,a6,a8., qr:-a1,a3,a5,a7,a9,not nqr., nqr:-a1,a3,a5,a7,a9,not qr., query(qr).]
tracc
nnf_construction_time: 3.1617119312286377
Pre simplification
number of sums: 119
number of prods: 190
-v_1*v_10*v_11*v_2*v_3*v_4*v_5*v_7*v_8*v_9 + v_1*v_2*v_3*v_4*v_5 + v_10*v_11*v_7*v_8*v_9
Post simplification
symp_time: 0.44313788414001465
number of sums: 2
number of subs: 1
number of prods: 17
opt_time: 0.0998697280883789
     fun: 6.060597892401052
   maxcv: 0.00010202946974180449
 message: 'Optimization terminated successfully.'
    nfev: 159
  status: 1
 success: True
       x: array([0.89107427, 0.99      , 0.88969938, 0.40001037, 0.88981386,
       0.4       , 0.4       , 0.4       , 0.4       , 0.4       ])

real	0m4.730s
user	0m3.819s
sys	0m0.786s
Ended at: 
Sat Dec  9 09:17:37 CET 2023
