Started at: 
Sat Dec  9 09:16:55 CET 2023
Instance 2
[INFO] aspmc: Tree Decomposition #bags: 23 unfolded treewidth: 3 #vertices: 25
[INFO] aspmc: Preprocessing disabled
[INFO] aspmc:    Stats Compilation
[INFO] aspmc: ------------------------------------------------------------
[INFO] aspmc: X/D-Constrained Tree Decomposition #bags: 32 treewidth: 10 #vertices: 51
[INFO] aspmc: Dtree time:               2.025723695755005
[INFO] aspmc: Compilation time:         0.015343427658081055
[INFO] aspmc: Preparation time:         0.00010776519775390625
[INFO] aspmc: Counting time:            0.0886831283569336
[INFO] aspmc: ------------------------------------------------------------
[0.99::a0., 0.99::a1., 0.99::a2., 0.99::a3., 0.99::a4., 0.99::a5., 0.99::a6., 0.99::a7., 0.99::a8., 0.99::a9., 0.99::a10., 0.99::a11., 0.99::a12., 0.99::a13., 0.99::a14., 0.99::a15., 0.99::a16., 0.99::a17., 0.99::a18., 0.99::a19., qr:-a0,a2,a4,a6,a8,a10,a12,a14,a16,a18., qr:-a1,a3,a5,a7,a9,a11,a13,a15,a17,a19,not nqr., nqr:-a1,a3,a5,a7,a9,a11,a13,a15,a17,a19,not qr., query(qr).]
tracc
nnf_construction_time: 3.238435983657837
Pre simplification
number of sums: 1791
number of prods: 5086
-0.834513761450087*v_10*v_16 + 0.913517247483641*v_10 + 0.913517247483641*v_16
Post simplification
symp_time: 0.8743612766265869
number of sums: 2
number of subs: 1
number of prods: 4
opt_time: 0.05277132987976074
     fun: 0.9901891699158818
     jac: array([1., 1.])
 message: 'Optimization terminated successfully'
    nfev: 4
     nit: 3
    njev: 3
  status: 0
 success: True
       x: array([0.49509458, 0.49509458])

real	0m5.341s
user	0m4.614s
sys	0m0.595s
Instance 3
[INFO] aspmc: Tree Decomposition #bags: 23 unfolded treewidth: 3 #vertices: 25
[INFO] aspmc: Preprocessing disabled
[INFO] aspmc:    Stats Compilation
[INFO] aspmc: ------------------------------------------------------------
[INFO] aspmc: X/D-Constrained Tree Decomposition #bags: 32 treewidth: 10 #vertices: 51
[INFO] aspmc: Dtree time:               2.0260462760925293
[INFO] aspmc: Compilation time:         0.015602588653564453
[INFO] aspmc: Preparation time:         0.00010609626770019531
[INFO] aspmc: Counting time:            0.0843505859375
[INFO] aspmc: ------------------------------------------------------------
[0.99::a0., 0.99::a1., 0.99::a2., 0.99::a3., 0.99::a4., 0.99::a5., 0.99::a6., 0.99::a7., 0.99::a8., 0.99::a9., 0.99::a10., 0.99::a11., 0.99::a12., 0.99::a13., 0.99::a14., 0.99::a15., 0.99::a16., 0.99::a17., 0.99::a18., 0.99::a19., qr:-a0,a2,a4,a6,a8,a10,a12,a14,a16,a18., qr:-a1,a3,a5,a7,a9,a11,a13,a15,a17,a19,not nqr., nqr:-a1,a3,a5,a7,a9,a11,a13,a15,a17,a19,not qr., query(qr).]
tracc
nnf_construction_time: 3.2432382106781006
Pre simplification
number of sums: 1791
number of prods: 5086
-0.842943193383927*v_10*v_16*v_9 + 0.92274469442792*v_10*v_9 - 1.01420788154854e-16*v_16*v_9 + 0.913517247483641*v_16
Post simplification
symp_time: 0.9131438732147217
number of sums: 2
number of subs: 3
number of prods: 8
opt_time: 0.24393916130065918
     fun: 1.7623426254465278
     jac: array([1., 1., 1.])
 message: 'Optimization terminated successfully'
    nfev: 4
     nit: 4
    njev: 4
  status: 0
 success: True
       x: array([0.56744754, 0.62744754, 0.56744754])

real	0m5.466s
user	0m4.789s
sys	0m0.555s
Instance 4
[INFO] aspmc: Tree Decomposition #bags: 23 unfolded treewidth: 3 #vertices: 25
[INFO] aspmc: Preprocessing disabled
[INFO] aspmc:    Stats Compilation
[INFO] aspmc: ------------------------------------------------------------
[INFO] aspmc: X/D-Constrained Tree Decomposition #bags: 32 treewidth: 10 #vertices: 51
[INFO] aspmc: Dtree time:               2.025677442550659
[INFO] aspmc: Compilation time:         0.015191316604614258
[INFO] aspmc: Preparation time:         0.0001049041748046875
[INFO] aspmc: Counting time:            0.08291244506835938
[INFO] aspmc: ------------------------------------------------------------
[0.99::a0., 0.99::a1., 0.99::a2., 0.99::a3., 0.99::a4., 0.99::a5., 0.99::a6., 0.99::a7., 0.99::a8., 0.99::a9., 0.99::a10., 0.99::a11., 0.99::a12., 0.99::a13., 0.99::a14., 0.99::a15., 0.99::a16., 0.99::a17., 0.99::a18., 0.99::a19., qr:-a0,a2,a4,a6,a8,a10,a12,a14,a16,a18., qr:-a1,a3,a5,a7,a9,a11,a13,a15,a17,a19,not nqr., nqr:-a1,a3,a5,a7,a9,a11,a13,a15,a17,a19,not qr., query(qr).]
tracc
nnf_construction_time: 3.2315549850463867
Pre simplification
number of sums: 1791
number of prods: 5086
-0.851457771094875*v_10*v_15*v_16*v_9 - 3.12250225675825e-17*v_10*v_15*v_9 - 1.02445240560458e-16*v_10*v_16*v_9 + 0.92274469442792*v_10*v_9 - 1.02445240560458e-16*v_15*v_16*v_9 + 0.92274469442792*v_15*v_16
Post simplification
symp_time: 1.0315511226654053
number of sums: 2
number of subs: 7
number of prods: 17
opt_time: 0.43761730194091797
     fun: 2.800410366990931
     jac: array([1., 1., 1., 1.])
 message: 'Optimization terminated successfully'
    nfev: 4
     nit: 4
    njev: 4
  status: 0
 success: True
       x: array([0.70010259, 0.70010259, 0.70010259, 0.70010259])

real	0m5.751s
user	0m5.086s
sys	0m0.548s
Instance 5
[INFO] aspmc: Tree Decomposition #bags: 23 unfolded treewidth: 3 #vertices: 25
[INFO] aspmc: Preprocessing disabled
[INFO] aspmc:    Stats Compilation
[INFO] aspmc: ------------------------------------------------------------
[INFO] aspmc: X/D-Constrained Tree Decomposition #bags: 32 treewidth: 10 #vertices: 51
[INFO] aspmc: Dtree time:               2.02589750289917
[INFO] aspmc: Compilation time:         0.015533447265625
[INFO] aspmc: Preparation time:         0.00011849403381347656
[INFO] aspmc: Counting time:            0.08769059181213379
[INFO] aspmc: ------------------------------------------------------------
[0.99::a0., 0.99::a1., 0.99::a2., 0.99::a3., 0.99::a4., 0.99::a5., 0.99::a6., 0.99::a7., 0.99::a8., 0.99::a9., 0.99::a10., 0.99::a11., 0.99::a12., 0.99::a13., 0.99::a14., 0.99::a15., 0.99::a16., 0.99::a17., 0.99::a18., 0.99::a19., qr:-a0,a2,a4,a6,a8,a10,a12,a14,a16,a18., qr:-a1,a3,a5,a7,a9,a11,a13,a15,a17,a19,not nqr., nqr:-a1,a3,a5,a7,a9,a11,a13,a15,a17,a19,not qr., query(qr).]
tracc
nnf_construction_time: 3.2364375591278076
Pre simplification
number of sums: 1791
number of prods: 5086
-0.860058354641288*v_10*v_15*v_16*v_8*v_9 - 1.11022302462516e-16*v_10*v_15*v_8*v_9 - 1.0348004097016e-16*v_10*v_16*v_8*v_9 + 0.93206534790699*v_10*v_8*v_9 + 0.92274469442792*v_15*v_16
Post simplification
symp_time: 1.0146775245666504
number of sums: 2
number of subs: 5
number of prods: 18
opt_time: 1.0057260990142822
     fun: 3.6757334490201385
     jac: array([1., 1., 1., 1., 1.])
 message: 'Optimization terminated successfully'
    nfev: 5
     nit: 5
    njev: 5
  status: 0
 success: True
       x: array([0.71114669, 0.77114669, 0.71114669, 0.77114669, 0.71114669])

real	0m6.314s
user	0m5.623s
sys	0m0.563s
Instance 6
[INFO] aspmc: Tree Decomposition #bags: 23 unfolded treewidth: 3 #vertices: 25
[INFO] aspmc: Preprocessing disabled
[INFO] aspmc:    Stats Compilation
[INFO] aspmc: ------------------------------------------------------------
[INFO] aspmc: X/D-Constrained Tree Decomposition #bags: 32 treewidth: 10 #vertices: 51
[INFO] aspmc: Dtree time:               2.0261032581329346
[INFO] aspmc: Compilation time:         0.01575446128845215
[INFO] aspmc: Preparation time:         0.00010561943054199219
[INFO] aspmc: Counting time:            0.08972358703613281
[INFO] aspmc: ------------------------------------------------------------
[0.99::a0., 0.99::a1., 0.99::a2., 0.99::a3., 0.99::a4., 0.99::a5., 0.99::a6., 0.99::a7., 0.99::a8., 0.99::a9., 0.99::a10., 0.99::a11., 0.99::a12., 0.99::a13., 0.99::a14., 0.99::a15., 0.99::a16., 0.99::a17., 0.99::a18., 0.99::a19., qr:-a0,a2,a4,a6,a8,a10,a12,a14,a16,a18., qr:-a1,a3,a5,a7,a9,a11,a13,a15,a17,a19,not nqr., nqr:-a1,a3,a5,a7,a9,a11,a13,a15,a17,a19,not qr., query(qr).]
tracc
nnf_construction_time: 3.2379982471466064
Pre simplification
number of sums: 1791
number of prods: 5086
-0.868745812768978*v_10*v_14*v_15*v_16*v_8*v_9 - 7.70371977754894e-34*v_10*v_14*v_16*v_8*v_9 + 6.93889390390723e-18*v_10*v_14*v_8*v_9 - 1.0348004097016e-16*v_10*v_16*v_8*v_9 + 0.93206534790699*v_10*v_8*v_9 + 0.93206534790699*v_14*v_15*v_16
Post simplification
symp_time: 1.1349406242370605
number of sums: 3
number of subs: 6
number of prods: 25
opt_time: 1.9280943870544434
     fun: 4.714881393744631
     jac: array([1., 1., 1., 1., 1., 1.])
 message: 'Optimization terminated successfully'
    nfev: 6
     nit: 6
    njev: 6
  status: 0
 success: True
       x: array([0.78581357, 0.78581357, 0.78581357, 0.78581357, 0.78581357,
       0.78581357])

real	0m7.363s
user	0m6.672s
sys	0m0.561s
Instance 7
[INFO] aspmc: Tree Decomposition #bags: 23 unfolded treewidth: 3 #vertices: 25
[INFO] aspmc: Preprocessing disabled
[INFO] aspmc:    Stats Compilation
[INFO] aspmc: ------------------------------------------------------------
[INFO] aspmc: X/D-Constrained Tree Decomposition #bags: 32 treewidth: 10 #vertices: 51
[INFO] aspmc: Dtree time:               2.028856039047241
[INFO] aspmc: Compilation time:         0.015554666519165039
[INFO] aspmc: Preparation time:         0.00011301040649414062
[INFO] aspmc: Counting time:            0.08281302452087402
[INFO] aspmc: ------------------------------------------------------------
[0.99::a0., 0.99::a1., 0.99::a2., 0.99::a3., 0.99::a4., 0.99::a5., 0.99::a6., 0.99::a7., 0.99::a8., 0.99::a9., 0.99::a10., 0.99::a11., 0.99::a12., 0.99::a13., 0.99::a14., 0.99::a15., 0.99::a16., 0.99::a17., 0.99::a18., 0.99::a19., qr:-a0,a2,a4,a6,a8,a10,a12,a14,a16,a18., qr:-a1,a3,a5,a7,a9,a11,a13,a15,a17,a19,not nqr., nqr:-a1,a3,a5,a7,a9,a11,a13,a15,a17,a19,not qr., query(qr).]
tracc
nnf_construction_time: 3.232748508453369
Pre simplification
number of sums: 1791
number of prods: 5086
-0.877521022998968*v_10*v_14*v_15*v_16*v_7*v_8*v_9 - 1.0348004097016e-16*v_10*v_14*v_15*v_16*v_8*v_9 + 3.85185988877447e-33*v_10*v_14*v_16*v_7*v_8*v_9 - 3.46944695195361e-17*v_10*v_14*v_7*v_8*v_9 - 1.04525293909252e-16*v_10*v_16*v_7*v_8*v_9 + 0.941480149401*v_10*v_7*v_8*v_9 + 0.93206534790699*v_14*v_15*v_16
Post simplification
symp_time: 1.133523941040039
number of sums: 3
number of subs: 8
number of prods: 36
opt_time: 4.041426181793213
     fun: 5.611794449196327
     jac: array([1., 1., 1., 1., 1., 1., 1.])
 message: 'Optimization terminated successfully'
    nfev: 10
     nit: 8
    njev: 8
  status: 0
 success: True
       x: array([0.77597064, 0.83597064, 0.77597064, 0.83597064, 0.77597064,
       0.83597064, 0.77597064])

real	0m9.497s
user	0m8.764s
sys	0m0.578s
Instance 8
[INFO] aspmc: Tree Decomposition #bags: 23 unfolded treewidth: 3 #vertices: 25
[INFO] aspmc: Preprocessing disabled
[INFO] aspmc:    Stats Compilation
[INFO] aspmc: ------------------------------------------------------------
[INFO] aspmc: X/D-Constrained Tree Decomposition #bags: 32 treewidth: 10 #vertices: 51
[INFO] aspmc: Dtree time:               2.0272765159606934
[INFO] aspmc: Compilation time:         0.015496492385864258
[INFO] aspmc: Preparation time:         0.00010514259338378906
[INFO] aspmc: Counting time:            0.08497285842895508
[INFO] aspmc: ------------------------------------------------------------
[0.99::a0., 0.99::a1., 0.99::a2., 0.99::a3., 0.99::a4., 0.99::a5., 0.99::a6., 0.99::a7., 0.99::a8., 0.99::a9., 0.99::a10., 0.99::a11., 0.99::a12., 0.99::a13., 0.99::a14., 0.99::a15., 0.99::a16., 0.99::a17., 0.99::a18., 0.99::a19., qr:-a0,a2,a4,a6,a8,a10,a12,a14,a16,a18., qr:-a1,a3,a5,a7,a9,a11,a13,a15,a17,a19,not nqr., nqr:-a1,a3,a5,a7,a9,a11,a13,a15,a17,a19,not qr., query(qr).]
tracc
nnf_construction_time: 3.235595941543579
Pre simplification
number of sums: 1791
number of prods: 5086
-0.886384871716129*v_10*v_13*v_14*v_15*v_16*v_7*v_8*v_9 - 1.04525293909252e-16*v_10*v_13*v_14*v_15*v_16*v_8*v_9 - 2.88889491658085e-33*v_10*v_13*v_16*v_7*v_8*v_9 + 2.60208521396521e-17*v_10*v_13*v_7*v_8*v_9 - 1.04525293909252e-16*v_10*v_16*v_7*v_8*v_9 + 0.941480149401*v_10*v_7*v_8*v_9 + 0.941480149401*v_13*v_14*v_15*v_16
Post simplification
symp_time: 1.2269845008850098
number of sums: 3
number of subs: 8
number of prods: 39
opt_time: 5.263202428817749
     fun: 6.660217730623437
     jac: array([1., 1., 1., 1., 1., 1., 1., 1.])
 message: 'Optimization terminated successfully'
    nfev: 8
     nit: 7
    njev: 7
  status: 0
 success: True
       x: array([0.83252722, 0.83252722, 0.83252722, 0.83252722, 0.83252722,
       0.83252722, 0.83252722, 0.83252722])

real	0m10.820s
user	0m10.080s
sys	0m0.606s
Instance 9
[INFO] aspmc: Tree Decomposition #bags: 23 unfolded treewidth: 3 #vertices: 25
[INFO] aspmc: Preprocessing disabled
[INFO] aspmc:    Stats Compilation
[INFO] aspmc: ------------------------------------------------------------
[INFO] aspmc: X/D-Constrained Tree Decomposition #bags: 32 treewidth: 10 #vertices: 51
[INFO] aspmc: Dtree time:               2.0259757041931152
[INFO] aspmc: Compilation time:         0.015699386596679688
[INFO] aspmc: Preparation time:         0.00010514259338378906
[INFO] aspmc: Counting time:            0.08723902702331543
[INFO] aspmc: ------------------------------------------------------------
[0.99::a0., 0.99::a1., 0.99::a2., 0.99::a3., 0.99::a4., 0.99::a5., 0.99::a6., 0.99::a7., 0.99::a8., 0.99::a9., 0.99::a10., 0.99::a11., 0.99::a12., 0.99::a13., 0.99::a14., 0.99::a15., 0.99::a16., 0.99::a17., 0.99::a18., 0.99::a19., qr:-a0,a2,a4,a6,a8,a10,a12,a14,a16,a18., qr:-a1,a3,a5,a7,a9,a11,a13,a15,a17,a19,not nqr., nqr:-a1,a3,a5,a7,a9,a11,a13,a15,a17,a19,not qr., query(qr).]
tracc
nnf_construction_time: 3.2419207096099854
Pre simplification
number of sums: 1791
number of prods: 5086
-0.895338254258716*v_10*v_13*v_14*v_15*v_16*v_6*v_7*v_8*v_9 + 2.69630192214213e-33*v_10*v_13*v_16*v_6*v_7*v_8*v_9 - 2.42861286636753e-17*v_10*v_13*v_6*v_7*v_8*v_9 - 1.05581104958841e-16*v_10*v_16*v_6*v_7*v_8*v_9 + 0.9509900499*v_10*v_6*v_7*v_8*v_9 + 0.941480149401*v_13*v_14*v_15*v_16
Post simplification
symp_time: 1.2672128677368164
number of sums: 3
number of subs: 6
number of prods: 37
opt_time: 10.142947673797607
     fun: 7.557300729107162
     jac: array([1., 1., 1., 1., 1., 1., 1., 1., 1.])
 message: 'Optimization terminated successfully'
    nfev: 14
     nit: 10
    njev: 10
  status: 0
 success: True
       x: array([0.81303341, 0.87303341, 0.81303341, 0.87303341, 0.81303341,
       0.87303341, 0.81303341, 0.87303341, 0.81303341])

real	0m15.709s
user	0m14.970s
sys	0m0.602s
Instance 10
[INFO] aspmc: Tree Decomposition #bags: 23 unfolded treewidth: 3 #vertices: 25
[INFO] aspmc: Preprocessing disabled
[INFO] aspmc:    Stats Compilation
[INFO] aspmc: ------------------------------------------------------------
[INFO] aspmc: X/D-Constrained Tree Decomposition #bags: 32 treewidth: 10 #vertices: 51
[INFO] aspmc: Dtree time:               2.0259721279144287
[INFO] aspmc: Compilation time:         0.01534891128540039
[INFO] aspmc: Preparation time:         0.000102996826171875
[INFO] aspmc: Counting time:            0.08445143699645996
[INFO] aspmc: ------------------------------------------------------------
[0.99::a0., 0.99::a1., 0.99::a2., 0.99::a3., 0.99::a4., 0.99::a5., 0.99::a6., 0.99::a7., 0.99::a8., 0.99::a9., 0.99::a10., 0.99::a11., 0.99::a12., 0.99::a13., 0.99::a14., 0.99::a15., 0.99::a16., 0.99::a17., 0.99::a18., 0.99::a19., qr:-a0,a2,a4,a6,a8,a10,a12,a14,a16,a18., qr:-a1,a3,a5,a7,a9,a11,a13,a15,a17,a19,not nqr., nqr:-a1,a3,a5,a7,a9,a11,a13,a15,a17,a19,not qr., query(qr).]
tracc
nnf_construction_time: 3.2362451553344727
Pre simplification
number of sums: 1791
number of prods: 5086
-0.904382075008804*v_10*v_12*v_13*v_14*v_15*v_16*v_6*v_7*v_8*v_9 - 1.05581104958841e-16*v_10*v_16*v_6*v_7*v_8*v_9 + 0.9509900499*v_10*v_6*v_7*v_8*v_9 + 0.9509900499*v_12*v_13*v_14*v_15*v_16
Post simplification
symp_time: 1.3145689964294434
number of sums: 2
number of subs: 3
number of prods: 26
opt_time: 20.720141649246216
     fun: 8.577048145802785
     jac: array([1., 1., 1., 1., 1., 1., 1., 1., 1., 1.])
 message: 'Optimization terminated successfully'
    nfev: 20
     nit: 16
    njev: 15
  status: 0
 success: True
       x: array([0.82770481, 0.88770481, 0.82770481, 0.88770481, 0.82770481,
       0.88770481, 0.82770481, 0.88770481, 0.82770481, 0.88770481])

real	0m26.359s
user	0m25.590s
sys	0m0.601s
Instance 11
[INFO] aspmc: Tree Decomposition #bags: 23 unfolded treewidth: 3 #vertices: 25
[INFO] aspmc: Preprocessing disabled
[INFO] aspmc:    Stats Compilation
[INFO] aspmc: ------------------------------------------------------------
[INFO] aspmc: X/D-Constrained Tree Decomposition #bags: 32 treewidth: 10 #vertices: 51
[INFO] aspmc: Dtree time:               2.0259287357330322
[INFO] aspmc: Compilation time:         0.015802860260009766
[INFO] aspmc: Preparation time:         0.00010132789611816406
[INFO] aspmc: Counting time:            0.08553504943847656
[INFO] aspmc: ------------------------------------------------------------
[0.99::a0., 0.99::a1., 0.99::a2., 0.99::a3., 0.99::a4., 0.99::a5., 0.99::a6., 0.99::a7., 0.99::a8., 0.99::a9., 0.99::a10., 0.99::a11., 0.99::a12., 0.99::a13., 0.99::a14., 0.99::a15., 0.99::a16., 0.99::a17., 0.99::a18., 0.99::a19., qr:-a0,a2,a4,a6,a8,a10,a12,a14,a16,a18., qr:-a1,a3,a5,a7,a9,a11,a13,a15,a17,a19,not nqr., nqr:-a1,a3,a5,a7,a9,a11,a13,a15,a17,a19,not qr., query(qr).]
tracc
nnf_construction_time: 3.2418715953826904
Pre simplification
number of sums: 1791
number of prods: 5086
-0.913517247483641*v_10*v_12*v_13*v_14*v_15*v_16*v_5*v_6*v_7*v_8*v_9 - 1.05581104958841e-16*v_10*v_12*v_13*v_14*v_15*v_16*v_5*v_6*v_8*v_9 - 1.06647580766506e-16*v_10*v_16*v_5*v_6*v_7*v_8*v_9 + 0.96059601*v_10*v_5*v_6*v_7*v_8*v_9 + 0.9509900499*v_12*v_13*v_14*v_15*v_16
Post simplification
symp_time: 1.3618900775909424
number of sums: 2
number of subs: 5
number of prods: 39
opt_time: 20.21022081375122
     fun: 9.506510908802571
     jac: array([1., 1., 1., 1., 1., 1., 1., 1., 1., 1., 1.])
 message: 'Optimization terminated successfully'
    nfev: 17
     nit: 12
    njev: 11
  status: 0
 success: True
       x: array([0.89695554, 0.83695554, 0.89695554, 0.83695554, 0.89695554,
       0.83695554, 0.89695554, 0.83695554, 0.83695554, 0.89695554,
       0.83695554])

real	0m25.894s
user	0m25.191s
sys	0m0.540s
Instance 12
[INFO] aspmc: Tree Decomposition #bags: 23 unfolded treewidth: 3 #vertices: 25
[INFO] aspmc: Preprocessing disabled
[INFO] aspmc:    Stats Compilation
[INFO] aspmc: ------------------------------------------------------------
[INFO] aspmc: X/D-Constrained Tree Decomposition #bags: 32 treewidth: 10 #vertices: 51
[INFO] aspmc: Dtree time:               2.0292019844055176
[INFO] aspmc: Compilation time:         0.015340566635131836
[INFO] aspmc: Preparation time:         0.00010442733764648438
[INFO] aspmc: Counting time:            0.08237981796264648
[INFO] aspmc: ------------------------------------------------------------
[0.99::a0., 0.99::a1., 0.99::a2., 0.99::a3., 0.99::a4., 0.99::a5., 0.99::a6., 0.99::a7., 0.99::a8., 0.99::a9., 0.99::a10., 0.99::a11., 0.99::a12., 0.99::a13., 0.99::a14., 0.99::a15., 0.99::a16., 0.99::a17., 0.99::a18., 0.99::a19., qr:-a0,a2,a4,a6,a8,a10,a12,a14,a16,a18., qr:-a1,a3,a5,a7,a9,a11,a13,a15,a17,a19,not nqr., nqr:-a1,a3,a5,a7,a9,a11,a13,a15,a17,a19,not qr., query(qr).]
tracc
nnf_construction_time: 3.2391204833984375
Pre simplification
number of sums: 1791
number of prods: 5086
-0.92274469442792*v_10*v_12*v_13*v_14*v_15*v_16*v_22*v_5*v_6*v_7*v_8*v_9 - 1.06647580766506e-16*v_10*v_12*v_13*v_14*v_15*v_16*v_22*v_5*v_6*v_8*v_9 - 1.06647580766506e-16*v_10*v_16*v_22*v_5*v_6*v_7*v_8*v_9 + 0.96059601*v_10*v_5*v_6*v_7*v_8*v_9 + 0.96059601*v_12*v_13*v_14*v_15*v_16*v_22
Post simplification
symp_time: 1.428729772567749
number of sums: 2
number of subs: 5
number of prods: 43
opt_time: 43.193095207214355
     fun: 10.52471828999016
     jac: array([1., 1., 1., 1., 1., 1., 1., 1., 1., 1., 1., 1.])
 message: 'Optimization terminated successfully'
    nfev: 44
     nit: 21
    njev: 19
  status: 0
 success: True
       x: array([0.90705986, 0.84705986, 0.90705986, 0.84705986, 0.90705986,
       0.84705986, 0.90705986, 0.84705986, 0.90705986, 0.84705986,
       0.90705986, 0.84705986])

real	0m48.906s
user	0m48.135s
sys	0m0.584s
Instance 13
[INFO] aspmc: Tree Decomposition #bags: 23 unfolded treewidth: 3 #vertices: 25
[INFO] aspmc: Preprocessing disabled
[INFO] aspmc:    Stats Compilation
[INFO] aspmc: ------------------------------------------------------------
[INFO] aspmc: X/D-Constrained Tree Decomposition #bags: 32 treewidth: 10 #vertices: 51
[INFO] aspmc: Dtree time:               2.023732900619507
[INFO] aspmc: Compilation time:         0.012271404266357422
[INFO] aspmc: Preparation time:         9.965896606445312e-05
[INFO] aspmc: Counting time:            0.06933808326721191
[INFO] aspmc: ------------------------------------------------------------
[0.99::a0., 0.99::a1., 0.99::a2., 0.99::a3., 0.99::a4., 0.99::a5., 0.99::a6., 0.99::a7., 0.99::a8., 0.99::a9., 0.99::a10., 0.99::a11., 0.99::a12., 0.99::a13., 0.99::a14., 0.99::a15., 0.99::a16., 0.99::a17., 0.99::a18., 0.99::a19., qr:-a0,a2,a4,a6,a8,a10,a12,a14,a16,a18., qr:-a1,a3,a5,a7,a9,a11,a13,a15,a17,a19,not nqr., nqr:-a1,a3,a5,a7,a9,a11,a13,a15,a17,a19,not qr., query(qr).]
tracc
nnf_construction_time: 3.195530652999878
Pre simplification
number of sums: 1791
number of prods: 5086
-0.93206534790699*v_10*v_12*v_13*v_14*v_15*v_16*v_22*v_4*v_5*v_6*v_7*v_8*v_9 - 1.07724829057076e-16*v_10*v_16*v_22*v_4*v_5*v_6*v_7*v_8*v_9 + 0.970299*v_10*v_4*v_5*v_6*v_7*v_8*v_9 + 0.96059601*v_12*v_13*v_14*v_15*v_16*v_22
Post simplification
symp_time: 1.1456117630004883
number of sums: 2
number of subs: 3
number of prods: 35
opt_time: 40.308716773986816
     fun: 11.456793077451923
     jac: array([1., 1., 1., 1., 1., 1., 1., 1., 1., 1., 1., 1., 1.])
 message: 'Optimization terminated successfully'
    nfev: 53
     nit: 17
    njev: 16
  status: 0
 success: True
       x: array([0.91359947, 0.85359947, 0.91359947, 0.85359947, 0.91359947,
       0.85359947, 0.91359947, 0.85359947, 0.85359947, 0.91359947,
       0.85359947, 0.91359947, 0.85359947])

real	0m45.597s
user	0m44.860s
sys	0m0.555s
Instance 14
[INFO] aspmc: Tree Decomposition #bags: 23 unfolded treewidth: 3 #vertices: 25
[INFO] aspmc: Preprocessing disabled
[INFO] aspmc:    Stats Compilation
[INFO] aspmc: ------------------------------------------------------------
[INFO] aspmc: X/D-Constrained Tree Decomposition #bags: 32 treewidth: 10 #vertices: 51
[INFO] aspmc: Dtree time:               2.0218546390533447
[INFO] aspmc: Compilation time:         0.012652873992919922
[INFO] aspmc: Preparation time:         8.535385131835938e-05
[INFO] aspmc: Counting time:            0.0754694938659668
[INFO] aspmc: ------------------------------------------------------------
[0.99::a0., 0.99::a1., 0.99::a2., 0.99::a3., 0.99::a4., 0.99::a5., 0.99::a6., 0.99::a7., 0.99::a8., 0.99::a9., 0.99::a10., 0.99::a11., 0.99::a12., 0.99::a13., 0.99::a14., 0.99::a15., 0.99::a16., 0.99::a17., 0.99::a18., 0.99::a19., qr:-a0,a2,a4,a6,a8,a10,a12,a14,a16,a18., qr:-a1,a3,a5,a7,a9,a11,a13,a15,a17,a19,not nqr., nqr:-a1,a3,a5,a7,a9,a11,a13,a15,a17,a19,not qr., query(qr).]
tracc
nnf_construction_time: 3.1985394954681396
Pre simplification
number of sums: 1791
number of prods: 5086
-0.941480149401*v_10*v_12*v_13*v_14*v_15*v_16*v_21*v_22*v_4*v_5*v_6*v_7*v_8*v_9 + 0.970299*v_10*v_4*v_5*v_6*v_7*v_8*v_9 + 0.970299*v_12*v_13*v_14*v_15*v_16*v_21*v_22
Post simplification
symp_time: 1.2611284255981445
number of sums: 2
number of subs: 1
number of prods: 28
opt_time: 53.60521721839905
     fun: 12.473543086386167
     jac: array([1., 1., 1., 1., 1., 1., 1., 1., 1., 1., 1., 1., 1., 1.])
 message: 'Optimization terminated successfully'
    nfev: 21
     nit: 17
    njev: 16
  status: 0
 success: True
       x: array([0.92096736, 0.86096736, 0.92096736, 0.86096736, 0.92096736,
       0.86096736, 0.92096736, 0.86096736, 0.92096736, 0.86096736,
       0.92096736, 0.86096736, 0.92096736, 0.86096736])

real	0m58.991s
user	0m58.229s
sys	0m0.556s
Instance 15
[INFO] aspmc: Tree Decomposition #bags: 23 unfolded treewidth: 3 #vertices: 25
[INFO] aspmc: Preprocessing disabled
[INFO] aspmc:    Stats Compilation
[INFO] aspmc: ------------------------------------------------------------
[INFO] aspmc: X/D-Constrained Tree Decomposition #bags: 32 treewidth: 10 #vertices: 51
[INFO] aspmc: Dtree time:               2.0232410430908203
[INFO] aspmc: Compilation time:         0.014031648635864258
[INFO] aspmc: Preparation time:         9.72747802734375e-05
[INFO] aspmc: Counting time:            0.06746530532836914
[INFO] aspmc: ------------------------------------------------------------
[0.99::a0., 0.99::a1., 0.99::a2., 0.99::a3., 0.99::a4., 0.99::a5., 0.99::a6., 0.99::a7., 0.99::a8., 0.99::a9., 0.99::a10., 0.99::a11., 0.99::a12., 0.99::a13., 0.99::a14., 0.99::a15., 0.99::a16., 0.99::a17., 0.99::a18., 0.99::a19., qr:-a0,a2,a4,a6,a8,a10,a12,a14,a16,a18., qr:-a1,a3,a5,a7,a9,a11,a13,a15,a17,a19,not nqr., nqr:-a1,a3,a5,a7,a9,a11,a13,a15,a17,a19,not qr., query(qr).]
tracc
nnf_construction_time: 3.196214199066162
Pre simplification
number of sums: 1791
number of prods: 5086
-0.9509900499*v_10*v_12*v_13*v_14*v_15*v_16*v_21*v_22*v_3*v_4*v_5*v_6*v_7*v_8*v_9 + 0.9801*v_10*v_3*v_4*v_5*v_6*v_7*v_8*v_9 + 0.970299*v_12*v_13*v_14*v_15*v_16*v_21*v_22
Post simplification
symp_time: 1.2783010005950928
number of sums: 2
number of subs: 1
number of prods: 30
opt_time: 46.59230899810791
     fun: 13.406834786897125
     jac: array([1., 1., 1., 1., 1., 1., 1., 1., 1., 1., 1., 1., 1., 1., 1.])
 message: 'Optimization terminated successfully'
    nfev: 17
     nit: 13
    njev: 12
  status: 0
 success: True
       x: array([0.92578899, 0.86578899, 0.92578899, 0.86578899, 0.92578899,
       0.86578899, 0.92578899, 0.86578899, 0.86578899, 0.92578899,
       0.86578899, 0.92578899, 0.86578899, 0.92578899, 0.86578899])

real	0m52.080s
user	0m51.251s
sys	0m0.575s
Instance 16
[INFO] aspmc: Tree Decomposition #bags: 23 unfolded treewidth: 3 #vertices: 25
[INFO] aspmc: Preprocessing disabled
[INFO] aspmc:    Stats Compilation
[INFO] aspmc: ------------------------------------------------------------
[INFO] aspmc: X/D-Constrained Tree Decomposition #bags: 32 treewidth: 10 #vertices: 51
[INFO] aspmc: Dtree time:               2.0222160816192627
[INFO] aspmc: Compilation time:         0.012425661087036133
[INFO] aspmc: Preparation time:         9.584426879882812e-05
[INFO] aspmc: Counting time:            0.07007241249084473
[INFO] aspmc: ------------------------------------------------------------
[0.99::a0., 0.99::a1., 0.99::a2., 0.99::a3., 0.99::a4., 0.99::a5., 0.99::a6., 0.99::a7., 0.99::a8., 0.99::a9., 0.99::a10., 0.99::a11., 0.99::a12., 0.99::a13., 0.99::a14., 0.99::a15., 0.99::a16., 0.99::a17., 0.99::a18., 0.99::a19., qr:-a0,a2,a4,a6,a8,a10,a12,a14,a16,a18., qr:-a1,a3,a5,a7,a9,a11,a13,a15,a17,a19,not nqr., nqr:-a1,a3,a5,a7,a9,a11,a13,a15,a17,a19,not qr., query(qr).]
tracc
nnf_construction_time: 3.194737672805786
Pre simplification
number of sums: 1791
number of prods: 5086
-0.96059601*v_10*v_12*v_13*v_14*v_15*v_16*v_20*v_21*v_22*v_3*v_4*v_5*v_6*v_7*v_8*v_9 + 0.9801*v_10*v_3*v_4*v_5*v_6*v_7*v_8*v_9 + 0.9801*v_12*v_13*v_14*v_15*v_16*v_20*v_21*v_22
Post simplification
symp_time: 1.3036766052246094
number of sums: 2
number of subs: 1
number of prods: 32
opt_time: 80.44488048553467
     fun: 14.42219261166741
     jac: array([1., 1., 1., 1., 1., 1., 1., 1., 1., 1., 1., 1., 1., 1., 1., 1.])
 message: 'Optimization terminated successfully'
    nfev: 52
     nit: 18
    njev: 17
  status: 0
 success: True
       x: array([0.87138704, 0.93138704, 0.87138704, 0.93138704, 0.87138704,
       0.93138704, 0.87138704, 0.93138704, 0.87138704, 0.93138704,
       0.87138704, 0.93138704, 0.87138704, 0.93138704, 0.87138704,
       0.93138704])

real	1m26.062s
user	1m25.087s
sys	0m0.618s
Instance 17
[INFO] aspmc: Tree Decomposition #bags: 23 unfolded treewidth: 3 #vertices: 25
[INFO] aspmc: Preprocessing disabled
[INFO] aspmc:    Stats Compilation
[INFO] aspmc: ------------------------------------------------------------
[INFO] aspmc: X/D-Constrained Tree Decomposition #bags: 32 treewidth: 10 #vertices: 51
[INFO] aspmc: Dtree time:               2.0227603912353516
[INFO] aspmc: Compilation time:         0.013631105422973633
[INFO] aspmc: Preparation time:         9.369850158691406e-05
[INFO] aspmc: Counting time:            0.06902122497558594
[INFO] aspmc: ------------------------------------------------------------
[0.99::a0., 0.99::a1., 0.99::a2., 0.99::a3., 0.99::a4., 0.99::a5., 0.99::a6., 0.99::a7., 0.99::a8., 0.99::a9., 0.99::a10., 0.99::a11., 0.99::a12., 0.99::a13., 0.99::a14., 0.99::a15., 0.99::a16., 0.99::a17., 0.99::a18., 0.99::a19., qr:-a0,a2,a4,a6,a8,a10,a12,a14,a16,a18., qr:-a1,a3,a5,a7,a9,a11,a13,a15,a17,a19,not nqr., nqr:-a1,a3,a5,a7,a9,a11,a13,a15,a17,a19,not qr., query(qr).]
tracc
nnf_construction_time: 3.1965832710266113
Pre simplification
number of sums: 1791
number of prods: 5086
-0.970299*v_10*v_12*v_13*v_14*v_15*v_16*v_2*v_20*v_21*v_22*v_3*v_4*v_5*v_6*v_7*v_8*v_9 + 0.99*v_10*v_2*v_3*v_4*v_5*v_6*v_7*v_8*v_9 + 0.9801*v_12*v_13*v_14*v_15*v_16*v_20*v_21*v_22
Post simplification
symp_time: 1.3106286525726318
number of sums: 2
number of subs: 1
number of prods: 34
opt_time: 135.04790091514587
     fun: 15.329608784011507
     jac: array([1., 1., 1., 1., 1., 1., 1., 1., 1., 1., 1., 1., 1., 1., 1., 1., 1.])
 message: 'Optimization terminated successfully'
    nfev: 34
     nit: 28
    njev: 24
  status: 0
 success: True
       x: array([0.91232993, 0.91232993, 0.91232993, 0.91232993, 0.91232993,
       0.91232993, 0.91232993, 0.91232993, 0.91232993, 0.85232993,
       0.91232993, 0.85232993, 0.91232993, 0.85232993, 0.91232993,
       0.91232993, 0.91232993])

real	2m20.764s
user	2m19.605s
sys	0m0.691s
Instance 18
[INFO] aspmc: Tree Decomposition #bags: 23 unfolded treewidth: 3 #vertices: 25
[INFO] aspmc: Preprocessing disabled
[INFO] aspmc:    Stats Compilation
[INFO] aspmc: ------------------------------------------------------------
[INFO] aspmc: X/D-Constrained Tree Decomposition #bags: 32 treewidth: 10 #vertices: 51
[INFO] aspmc: Dtree time:               2.0226361751556396
[INFO] aspmc: Compilation time:         0.013465642929077148
[INFO] aspmc: Preparation time:         8.487701416015625e-05
[INFO] aspmc: Counting time:            0.06780624389648438
[INFO] aspmc: ------------------------------------------------------------
[0.99::a0., 0.99::a1., 0.99::a2., 0.99::a3., 0.99::a4., 0.99::a5., 0.99::a6., 0.99::a7., 0.99::a8., 0.99::a9., 0.99::a10., 0.99::a11., 0.99::a12., 0.99::a13., 0.99::a14., 0.99::a15., 0.99::a16., 0.99::a17., 0.99::a18., 0.99::a19., qr:-a0,a2,a4,a6,a8,a10,a12,a14,a16,a18., qr:-a1,a3,a5,a7,a9,a11,a13,a15,a17,a19,not nqr., nqr:-a1,a3,a5,a7,a9,a11,a13,a15,a17,a19,not qr., query(qr).]
tracc
nnf_construction_time: 3.194974422454834
Pre simplification
number of sums: 1791
number of prods: 5086
-0.9801*v_10*v_12*v_13*v_14*v_15*v_16*v_19*v_2*v_20*v_21*v_22*v_3*v_4*v_5*v_6*v_7*v_8*v_9 + 0.99*v_10*v_2*v_3*v_4*v_5*v_6*v_7*v_8*v_9 + 0.99*v_12*v_13*v_14*v_15*v_16*v_19*v_20*v_21*v_22
Post simplification
symp_time: 1.256680965423584
number of sums: 2
number of subs: 1
number of prods: 36
opt_time: 148.8815131187439
     fun: 16.319437639059295
     jac: array([1., 1., 1., 1., 1., 1., 1., 1., 1., 1., 1., 1., 1., 1., 1., 1., 1.,
       1.])
 message: 'Optimization terminated successfully'
    nfev: 31
     nit: 25
    njev: 22
  status: 0
 success: True
       x: array([0.91663542, 0.91663542, 0.91663542, 0.91663542, 0.91663542,
       0.91663542, 0.91663542, 0.91663542, 0.91663542, 0.91663542,
       0.85663542, 0.91663542, 0.85663542, 0.91663542, 0.85663542,
       0.91663542, 0.91663542, 0.91663542])

real	2m34.533s
user	2m33.411s
sys	0m0.654s
Instance 19
[INFO] aspmc: Tree Decomposition #bags: 23 unfolded treewidth: 3 #vertices: 25
[INFO] aspmc: Preprocessing disabled
[INFO] aspmc:    Stats Compilation
[INFO] aspmc: ------------------------------------------------------------
[INFO] aspmc: X/D-Constrained Tree Decomposition #bags: 32 treewidth: 10 #vertices: 51
[INFO] aspmc: Dtree time:               2.0224742889404297
[INFO] aspmc: Compilation time:         0.013611316680908203
[INFO] aspmc: Preparation time:         9.465217590332031e-05
[INFO] aspmc: Counting time:            0.0691523551940918
[INFO] aspmc: ------------------------------------------------------------
[0.99::a0., 0.99::a1., 0.99::a2., 0.99::a3., 0.99::a4., 0.99::a5., 0.99::a6., 0.99::a7., 0.99::a8., 0.99::a9., 0.99::a10., 0.99::a11., 0.99::a12., 0.99::a13., 0.99::a14., 0.99::a15., 0.99::a16., 0.99::a17., 0.99::a18., 0.99::a19., qr:-a0,a2,a4,a6,a8,a10,a12,a14,a16,a18., qr:-a1,a3,a5,a7,a9,a11,a13,a15,a17,a19,not nqr., nqr:-a1,a3,a5,a7,a9,a11,a13,a15,a17,a19,not qr., query(qr).]
tracc
nnf_construction_time: 3.1950345039367676
Pre simplification
number of sums: 1791
number of prods: 5086
-0.99*v_1*v_10*v_12*v_13*v_14*v_15*v_16*v_19*v_2*v_20*v_21*v_22*v_3*v_4*v_5*v_6*v_7*v_8*v_9 + 1.0*v_1*v_10*v_2*v_3*v_4*v_5*v_6*v_7*v_8*v_9 + 0.99*v_12*v_13*v_14*v_15*v_16*v_19*v_20*v_21*v_22
Post simplification
symp_time: 1.2259161472320557
number of sums: 2
number of subs: 1
number of prods: 38
opt_time: 183.24503540992737
     fun: 16.884552124177635
     jac: array([1., 1., 1., 1., 1., 1., 1., 1., 1., 1., 1., 1., 1., 1., 1., 1., 1.,
       1., 1.])
 message: 'Optimization terminated successfully'
    nfev: 46
     nit: 26
    njev: 23
  status: 0
 success: True
       x: array([0.86023959, 0.92023959, 0.86023959, 0.92023959, 0.86023959,
       0.92023959, 0.86023959, 0.92023959, 0.92023959, 0.86023959,
       0.92023959, 0.86023959, 0.92023959, 0.86023959, 0.92023959,
       0.86023959, 0.92023959, 0.86023959, 0.86023959])

real	3m8.799s
user	3m7.717s
sys	0m0.636s
Instance 20
[INFO] aspmc: Tree Decomposition #bags: 23 unfolded treewidth: 3 #vertices: 25
[INFO] aspmc: Preprocessing disabled
[INFO] aspmc:    Stats Compilation
[INFO] aspmc: ------------------------------------------------------------
[INFO] aspmc: X/D-Constrained Tree Decomposition #bags: 32 treewidth: 10 #vertices: 51
[INFO] aspmc: Dtree time:               2.022587776184082
[INFO] aspmc: Compilation time:         0.013248920440673828
[INFO] aspmc: Preparation time:         9.5367431640625e-05
[INFO] aspmc: Counting time:            0.06952190399169922
[INFO] aspmc: ------------------------------------------------------------
[0.99::a0., 0.99::a1., 0.99::a2., 0.99::a3., 0.99::a4., 0.99::a5., 0.99::a6., 0.99::a7., 0.99::a8., 0.99::a9., 0.99::a10., 0.99::a11., 0.99::a12., 0.99::a13., 0.99::a14., 0.99::a15., 0.99::a16., 0.99::a17., 0.99::a18., 0.99::a19., qr:-a0,a2,a4,a6,a8,a10,a12,a14,a16,a18., qr:-a1,a3,a5,a7,a9,a11,a13,a15,a17,a19,not nqr., nqr:-a1,a3,a5,a7,a9,a11,a13,a15,a17,a19,not qr., query(qr).]
tracc
nnf_construction_time: 3.1965954303741455
Pre simplification
number of sums: 1791
number of prods: 5086
-v_1*v_10*v_12*v_13*v_14*v_15*v_16*v_18*v_19*v_2*v_20*v_21*v_22*v_3*v_4*v_5*v_6*v_7*v_8*v_9 + v_1*v_10*v_2*v_3*v_4*v_5*v_6*v_7*v_8*v_9 + v_12*v_13*v_14*v_15*v_16*v_18*v_19*v_20*v_21*v_22
Post simplification
symp_time: 1.4480884075164795
number of sums: 2
number of subs: 1
number of prods: 37
opt_time: 196.89384579658508
     fun: 17.81440620507879
     jac: array([1., 1., 1., 1., 1., 1., 1., 1., 1., 1., 1., 1., 1., 1., 1., 1., 1.,
       1., 1., 1.])
 message: 'Optimization terminated successfully'
    nfev: 49
     nit: 23
    njev: 21
  status: 0
 success: True
       x: array([0.86372031, 0.92372031, 0.86372031, 0.92372031, 0.86372031,
       0.92372031, 0.86372031, 0.92372031, 0.86372031, 0.92372031,
       0.86372031, 0.92372031, 0.86372031, 0.92372031, 0.86372031,
       0.92372031, 0.86372031, 0.92372031, 0.86372031, 0.86372031])

real	3m22.729s
user	3m21.578s
sys	0m0.653s
Ended at: 
Sat Dec  9 09:35:12 CET 2023
