Started at: 
Sat Dec  9 09:16:54 CET 2023
Instance 2
[INFO] aspmc: Tree Decomposition #bags: 28 unfolded treewidth: 3 #vertices: 30
[INFO] aspmc: Preprocessing disabled
[INFO] aspmc:    Stats Compilation
[INFO] aspmc: ------------------------------------------------------------
[INFO] aspmc: X/D-Constrained Tree Decomposition #bags: 38 treewidth: 8 #vertices: 63
[INFO] aspmc: Dtree time:               2.029738426208496
[INFO] aspmc: Compilation time:         0.015944242477416992
[INFO] aspmc: Preparation time:         0.000110626220703125
[INFO] aspmc: Counting time:            0.08988833427429199
[INFO] aspmc: ------------------------------------------------------------
[0.99::a0., 0.99::a1., 0.99::a2., 0.99::a3., 0.99::a4., 0.99::a5., 0.99::a6., 0.99::a7., 0.99::a8., 0.99::a9., 0.99::a10., 0.99::a11., 0.99::a12., 0.99::a13., 0.99::a14., 0.99::a15., 0.99::a16., 0.99::a17., 0.99::a18., 0.99::a19., 0.99::a20., 0.99::a21., 0.99::a22., 0.99::a23., 0.99::a24., qr:-a0,a2,a4,a6,a8,a10,a12,a14,a16,a18,a20,a22,a24., qr:-a1,a3,a5,a7,a9,a11,a13,a15,a17,a19,a21,a23,not nqr., nqr:-a1,a3,a5,a7,a9,a11,a13,a15,a17,a19,a21,a23,not qr., query(qr).]
tracc
nnf_construction_time: 3.243224620819092
Pre simplification
number of sums: 947
number of prods: 2331
-0.793614283643655*v_13*v_24 + 0.886384871716129*v_13 + 0.895338254258716*v_24
Post simplification
symp_time: 0.5595443248748779
number of sums: 2
number of subs: 1
number of prods: 4
opt_time: 0.0018308162689208984
     fun: 0.9977686627250523
   maxcv: 0.0
 message: 'Optimization terminated successfully.'
    nfev: 13
  status: 1
 success: True
       x: array([0.59776866, 0.4       ])

real	0m5.022s
user	0m4.249s
sys	0m0.607s
Instance 3
[INFO] aspmc: Tree Decomposition #bags: 28 unfolded treewidth: 3 #vertices: 30
[INFO] aspmc: Preprocessing disabled
[INFO] aspmc:    Stats Compilation
[INFO] aspmc: ------------------------------------------------------------
[INFO] aspmc: X/D-Constrained Tree Decomposition #bags: 38 treewidth: 8 #vertices: 63
[INFO] aspmc: Dtree time:               2.030721664428711
[INFO] aspmc: Compilation time:         0.01564955711364746
[INFO] aspmc: Preparation time:         0.00011682510375976562
[INFO] aspmc: Counting time:            0.08959007263183594
[INFO] aspmc: ------------------------------------------------------------
[0.99::a0., 0.99::a1., 0.99::a2., 0.99::a3., 0.99::a4., 0.99::a5., 0.99::a6., 0.99::a7., 0.99::a8., 0.99::a9., 0.99::a10., 0.99::a11., 0.99::a12., 0.99::a13., 0.99::a14., 0.99::a15., 0.99::a16., 0.99::a17., 0.99::a18., 0.99::a19., 0.99::a20., 0.99::a21., 0.99::a22., 0.99::a23., 0.99::a24., qr:-a0,a2,a4,a6,a8,a10,a12,a14,a16,a18,a20,a22,a24., qr:-a1,a3,a5,a7,a9,a11,a13,a15,a17,a19,a21,a23,not nqr., nqr:-a1,a3,a5,a7,a9,a11,a13,a15,a17,a19,a21,a23,not qr., query(qr).]
tracc
nnf_construction_time: 3.2448604106903076
Pre simplification
number of sums: 947
number of prods: 2331
-0.801630589539046*v_12*v_13*v_24 + 0.895338254258716*v_12*v_13 - 1.07724829057076e-16*v_12*v_24 + 0.895338254258716*v_24
Post simplification
symp_time: 0.6055657863616943
number of sums: 2
number of subs: 3
number of prods: 8
opt_time: 0.0038080215454101562
     fun: 1.5258014750528157
   maxcv: 0.0
 message: 'Optimization terminated successfully.'
    nfev: 21
  status: 1
 success: True
       x: array([0.4       , 0.72580148, 0.4       ])

real	0m4.866s
user	0m4.194s
sys	0m0.560s
Instance 4
[INFO] aspmc: Tree Decomposition #bags: 28 unfolded treewidth: 3 #vertices: 30
[INFO] aspmc: Preprocessing disabled
[INFO] aspmc:    Stats Compilation
[INFO] aspmc: ------------------------------------------------------------
[INFO] aspmc: X/D-Constrained Tree Decomposition #bags: 38 treewidth: 8 #vertices: 63
[INFO] aspmc: Dtree time:               2.030764579772949
[INFO] aspmc: Compilation time:         0.01563405990600586
[INFO] aspmc: Preparation time:         0.00010466575622558594
[INFO] aspmc: Counting time:            0.09316253662109375
[INFO] aspmc: ------------------------------------------------------------
[0.99::a0., 0.99::a1., 0.99::a2., 0.99::a3., 0.99::a4., 0.99::a5., 0.99::a6., 0.99::a7., 0.99::a8., 0.99::a9., 0.99::a10., 0.99::a11., 0.99::a12., 0.99::a13., 0.99::a14., 0.99::a15., 0.99::a16., 0.99::a17., 0.99::a18., 0.99::a19., 0.99::a20., 0.99::a21., 0.99::a22., 0.99::a23., 0.99::a24., qr:-a0,a2,a4,a6,a8,a10,a12,a14,a16,a18,a20,a22,a24., qr:-a1,a3,a5,a7,a9,a11,a13,a15,a17,a19,a21,a23,not nqr., nqr:-a1,a3,a5,a7,a9,a11,a13,a15,a17,a19,a21,a23,not qr., query(qr).]
tracc
nnf_construction_time: 3.2506327629089355
Pre simplification
number of sums: 947
number of prods: 2331
-0.809727868221258*v_12*v_13*v_23*v_24 - 9.94025144705719e-17*v_12*v_13*v_23 + 0.895338254258716*v_12*v_13 - 1.00406580273305e-16*v_12*v_23*v_24 + 0.904382075008804*v_23*v_24
Post simplification
symp_time: 0.7236878871917725
number of sums: 2
number of subs: 5
number of prods: 14
opt_time: 0.014209270477294922
     fun: 2.495338851633182
   maxcv: 7.74819297610918e-09
 message: 'Optimization terminated successfully.'
    nfev: 61
  status: 1
 success: True
       x: array([0.84759758, 0.4       , 0.84774127, 0.4       ])

real	0m4.991s
user	0m4.317s
sys	0m0.558s
Instance 5
[INFO] aspmc: Tree Decomposition #bags: 28 unfolded treewidth: 3 #vertices: 30
[INFO] aspmc: Preprocessing disabled
[INFO] aspmc:    Stats Compilation
[INFO] aspmc: ------------------------------------------------------------
[INFO] aspmc: X/D-Constrained Tree Decomposition #bags: 38 treewidth: 8 #vertices: 63
[INFO] aspmc: Dtree time:               2.0295190811157227
[INFO] aspmc: Compilation time:         0.01575160026550293
[INFO] aspmc: Preparation time:         0.00010514259338378906
[INFO] aspmc: Counting time:            0.09151434898376465
[INFO] aspmc: ------------------------------------------------------------
[0.99::a0., 0.99::a1., 0.99::a2., 0.99::a3., 0.99::a4., 0.99::a5., 0.99::a6., 0.99::a7., 0.99::a8., 0.99::a9., 0.99::a10., 0.99::a11., 0.99::a12., 0.99::a13., 0.99::a14., 0.99::a15., 0.99::a16., 0.99::a17., 0.99::a18., 0.99::a19., 0.99::a20., 0.99::a21., 0.99::a22., 0.99::a23., 0.99::a24., qr:-a0,a2,a4,a6,a8,a10,a12,a14,a16,a18,a20,a22,a24., qr:-a1,a3,a5,a7,a9,a11,a13,a15,a17,a19,a21,a23,not nqr., nqr:-a1,a3,a5,a7,a9,a11,a13,a15,a17,a19,a21,a23,not qr., query(qr).]
tracc
nnf_construction_time: 3.2438385486602783
Pre simplification
number of sums: 947
number of prods: 2331
-0.817906937597231*v_11*v_12*v_13*v_23*v_24 - 1.00406580273305e-16*v_11*v_12*v_13*v_23 + 0.904382075008804*v_11*v_12*v_13 + 0.904382075008804*v_23*v_24
Post simplification
symp_time: 0.7622108459472656
number of sums: 2
number of subs: 3
number of prods: 14
opt_time: 0.021656274795532227
     fun: 2.936236815433522
   maxcv: 8.519989158628505e-09
 message: 'Optimization terminated successfully.'
    nfev: 80
  status: 1
 success: True
       x: array([0.4       , 0.86822023, 0.4       , 0.86801659, 0.4       ])

real	0m5.033s
user	0m4.373s
sys	0m0.549s
Instance 6
[INFO] aspmc: Tree Decomposition #bags: 28 unfolded treewidth: 3 #vertices: 30
[INFO] aspmc: Preprocessing disabled
[INFO] aspmc:    Stats Compilation
[INFO] aspmc: ------------------------------------------------------------
[INFO] aspmc: X/D-Constrained Tree Decomposition #bags: 38 treewidth: 8 #vertices: 63
[INFO] aspmc: Dtree time:               2.0301856994628906
[INFO] aspmc: Compilation time:         0.01625514030456543
[INFO] aspmc: Preparation time:         0.00011086463928222656
[INFO] aspmc: Counting time:            0.09044408798217773
[INFO] aspmc: ------------------------------------------------------------
[0.99::a0., 0.99::a1., 0.99::a2., 0.99::a3., 0.99::a4., 0.99::a5., 0.99::a6., 0.99::a7., 0.99::a8., 0.99::a9., 0.99::a10., 0.99::a11., 0.99::a12., 0.99::a13., 0.99::a14., 0.99::a15., 0.99::a16., 0.99::a17., 0.99::a18., 0.99::a19., 0.99::a20., 0.99::a21., 0.99::a22., 0.99::a23., 0.99::a24., qr:-a0,a2,a4,a6,a8,a10,a12,a14,a16,a18,a20,a22,a24., qr:-a1,a3,a5,a7,a9,a11,a13,a15,a17,a19,a21,a23,not nqr., nqr:-a1,a3,a5,a7,a9,a11,a13,a15,a17,a19,a21,a23,not qr., query(qr).]
tracc
nnf_construction_time: 3.2458348274230957
Pre simplification
number of sums: 947
number of prods: 2331
-0.826168623835586*v_11*v_12*v_13*v_22*v_23*v_24 - 1.00406580273305e-16*v_11*v_12*v_13*v_23 + 0.904382075008804*v_11*v_12*v_13 + 0.913517247483641*v_22*v_23*v_24
Post simplification
symp_time: 0.8094041347503662
number of sums: 2
number of subs: 3
number of prods: 16
opt_time: 0.03768587112426758
     fun: 3.920939983572884
   maxcv: 8.1532186557709e-09
 message: 'Optimization terminated successfully.'
    nfev: 113
  status: 1
 success: True
       x: array([0.90695993, 0.4       , 0.90707838, 0.4       , 0.90690167,
       0.4       ])

real	0m5.117s
user	0m4.417s
sys	0m0.582s
Instance 7
[INFO] aspmc: Tree Decomposition #bags: 28 unfolded treewidth: 3 #vertices: 30
[INFO] aspmc: Preprocessing disabled
[INFO] aspmc:    Stats Compilation
[INFO] aspmc: ------------------------------------------------------------
[INFO] aspmc: X/D-Constrained Tree Decomposition #bags: 38 treewidth: 8 #vertices: 63
[INFO] aspmc: Dtree time:               2.0304322242736816
[INFO] aspmc: Compilation time:         0.015863895416259766
[INFO] aspmc: Preparation time:         0.00011157989501953125
[INFO] aspmc: Counting time:            0.09213566780090332
[INFO] aspmc: ------------------------------------------------------------
[0.99::a0., 0.99::a1., 0.99::a2., 0.99::a3., 0.99::a4., 0.99::a5., 0.99::a6., 0.99::a7., 0.99::a8., 0.99::a9., 0.99::a10., 0.99::a11., 0.99::a12., 0.99::a13., 0.99::a14., 0.99::a15., 0.99::a16., 0.99::a17., 0.99::a18., 0.99::a19., 0.99::a20., 0.99::a21., 0.99::a22., 0.99::a23., 0.99::a24., qr:-a0,a2,a4,a6,a8,a10,a12,a14,a16,a18,a20,a22,a24., qr:-a1,a3,a5,a7,a9,a11,a13,a15,a17,a19,a21,a23,not nqr., nqr:-a1,a3,a5,a7,a9,a11,a13,a15,a17,a19,a21,a23,not qr., query(qr).]
tracc
nnf_construction_time: 3.245321035385132
Pre simplification
number of sums: 947
number of prods: 2331
-0.834513761450087*v_10*v_11*v_12*v_13*v_22*v_23*v_24 - 1.01420788154854e-16*v_10*v_11*v_12*v_13*v_23 + 0.913517247483641*v_10*v_11*v_12*v_13 + 0.913517247483641*v_22*v_23*v_24
Post simplification
symp_time: 0.8311977386474609
number of sums: 2
number of subs: 3
number of prods: 19
opt_time: 0.053965091705322266
     fun: 4.335825196205752
   maxcv: 7.80372400033258e-09
 message: 'Optimization terminated successfully.'
    nfev: 140
  status: 1
 success: True
       x: array([0.4       , 0.91195994, 0.4       , 0.91198161, 0.4       ,
       0.91188365, 0.4       ])

real	0m5.179s
user	0m4.501s
sys	0m0.552s
Instance 8
[INFO] aspmc: Tree Decomposition #bags: 28 unfolded treewidth: 3 #vertices: 30
[INFO] aspmc: Preprocessing disabled
[INFO] aspmc:    Stats Compilation
[INFO] aspmc: ------------------------------------------------------------
[INFO] aspmc: X/D-Constrained Tree Decomposition #bags: 38 treewidth: 8 #vertices: 63
[INFO] aspmc: Dtree time:               2.029740810394287
[INFO] aspmc: Compilation time:         0.015954256057739258
[INFO] aspmc: Preparation time:         0.00011348724365234375
[INFO] aspmc: Counting time:            0.09309506416320801
[INFO] aspmc: ------------------------------------------------------------
[0.99::a0., 0.99::a1., 0.99::a2., 0.99::a3., 0.99::a4., 0.99::a5., 0.99::a6., 0.99::a7., 0.99::a8., 0.99::a9., 0.99::a10., 0.99::a11., 0.99::a12., 0.99::a13., 0.99::a14., 0.99::a15., 0.99::a16., 0.99::a17., 0.99::a18., 0.99::a19., 0.99::a20., 0.99::a21., 0.99::a22., 0.99::a23., 0.99::a24., qr:-a0,a2,a4,a6,a8,a10,a12,a14,a16,a18,a20,a22,a24., qr:-a1,a3,a5,a7,a9,a11,a13,a15,a17,a19,a21,a23,not nqr., nqr:-a1,a3,a5,a7,a9,a11,a13,a15,a17,a19,a21,a23,not qr., query(qr).]
tracc
nnf_construction_time: 3.252289295196533
Pre simplification
number of sums: 947
number of prods: 2331
-0.842943193383927*v_10*v_11*v_12*v_13*v_21*v_22*v_23*v_24 - 1.01420788154854e-16*v_10*v_11*v_12*v_13*v_23 + 0.913517247483641*v_10*v_11*v_12*v_13 + 0.92274469442792*v_21*v_22*v_23*v_24
Post simplification
symp_time: 0.8408243656158447
number of sums: 2
number of subs: 3
number of prods: 21
opt_time: 0.0762939453125
     fun: 5.323437844690053
   maxcv: 8.38051694707076e-09
 message: 'Optimization terminated successfully.'
    nfev: 166
  status: 1
 success: True
       x: array([0.93078996, 0.4       , 0.93096105, 0.4       , 0.93078981,
       0.4       , 0.93089702, 0.4       ])

real	0m5.240s
user	0m4.501s
sys	0m0.601s
Instance 9
[INFO] aspmc: Tree Decomposition #bags: 28 unfolded treewidth: 3 #vertices: 30
[INFO] aspmc: Preprocessing disabled
[INFO] aspmc:    Stats Compilation
[INFO] aspmc: ------------------------------------------------------------
[INFO] aspmc: X/D-Constrained Tree Decomposition #bags: 38 treewidth: 8 #vertices: 63
[INFO] aspmc: Dtree time:               2.0293893814086914
[INFO] aspmc: Compilation time:         0.015668153762817383
[INFO] aspmc: Preparation time:         0.00011420249938964844
[INFO] aspmc: Counting time:            0.08885645866394043
[INFO] aspmc: ------------------------------------------------------------
[0.99::a0., 0.99::a1., 0.99::a2., 0.99::a3., 0.99::a4., 0.99::a5., 0.99::a6., 0.99::a7., 0.99::a8., 0.99::a9., 0.99::a10., 0.99::a11., 0.99::a12., 0.99::a13., 0.99::a14., 0.99::a15., 0.99::a16., 0.99::a17., 0.99::a18., 0.99::a19., 0.99::a20., 0.99::a21., 0.99::a22., 0.99::a23., 0.99::a24., qr:-a0,a2,a4,a6,a8,a10,a12,a14,a16,a18,a20,a22,a24., qr:-a1,a3,a5,a7,a9,a11,a13,a15,a17,a19,a21,a23,not nqr., nqr:-a1,a3,a5,a7,a9,a11,a13,a15,a17,a19,a21,a23,not qr., query(qr).]
tracc
nnf_construction_time: 3.2427256107330322
Pre simplification
number of sums: 947
number of prods: 2331
-0.851457771094875*v_10*v_11*v_12*v_13*v_21*v_22*v_23*v_24*v_9 - 1.02445240560458e-16*v_10*v_11*v_12*v_13*v_23*v_9 + 0.92274469442792*v_10*v_11*v_12*v_13*v_9 + 0.92274469442792*v_21*v_22*v_23*v_24
Post simplification
symp_time: 0.877234697341919
number of sums: 2
number of subs: 3
number of prods: 24
opt_time: 0.07662510871887207
     fun: 5.729231416743559
   maxcv: 2.0105976994422292e-08
 message: 'Optimization terminated successfully.'
    nfev: 144
  status: 1
 success: True
       x: array([0.4       , 0.93227357, 0.4       , 0.93222377, 0.4       ,
       0.93231027, 0.4       , 0.9324238 , 0.4       ])

real	0m5.277s
user	0m4.522s
sys	0m0.629s
Instance 10
[INFO] aspmc: Tree Decomposition #bags: 28 unfolded treewidth: 3 #vertices: 30
[INFO] aspmc: Preprocessing disabled
[INFO] aspmc:    Stats Compilation
[INFO] aspmc: ------------------------------------------------------------
[INFO] aspmc: X/D-Constrained Tree Decomposition #bags: 38 treewidth: 8 #vertices: 63
[INFO] aspmc: Dtree time:               2.029707670211792
[INFO] aspmc: Compilation time:         0.015944480895996094
[INFO] aspmc: Preparation time:         0.00011539459228515625
[INFO] aspmc: Counting time:            0.09294795989990234
[INFO] aspmc: ------------------------------------------------------------
[0.99::a0., 0.99::a1., 0.99::a2., 0.99::a3., 0.99::a4., 0.99::a5., 0.99::a6., 0.99::a7., 0.99::a8., 0.99::a9., 0.99::a10., 0.99::a11., 0.99::a12., 0.99::a13., 0.99::a14., 0.99::a15., 0.99::a16., 0.99::a17., 0.99::a18., 0.99::a19., 0.99::a20., 0.99::a21., 0.99::a22., 0.99::a23., 0.99::a24., qr:-a0,a2,a4,a6,a8,a10,a12,a14,a16,a18,a20,a22,a24., qr:-a1,a3,a5,a7,a9,a11,a13,a15,a17,a19,a21,a23,not nqr., nqr:-a1,a3,a5,a7,a9,a11,a13,a15,a17,a19,a21,a23,not qr., query(qr).]
tracc
nnf_construction_time: 3.2479517459869385
Pre simplification
number of sums: 947
number of prods: 2331
-0.860058354641288*v_10*v_11*v_12*v_13*v_20*v_21*v_22*v_23*v_24*v_9 + 1.02445240560458e-16*v_10*v_11*v_12*v_13*v_20*v_23*v_9 + 1.01420788154854e-16*v_10*v_11*v_12*v_13*v_21*v_22*v_23*v_24*v_9 - 2.04890481120916e-16*v_10*v_11*v_12*v_13*v_23*v_9 + 0.92274469442792*v_10*v_11*v_12*v_13*v_9 + 0.93206534790699*v_20*v_21*v_22*v_23*v_24
Post simplification
symp_time: 1.0527582168579102
number of sums: 4
number of subs: 5
number of prods: 42
opt_time: 0.11678385734558105
     fun: 6.717854231945359
   maxcv: 7.0513140881800496e-09
 message: 'Optimization terminated successfully.'
    nfev: 181
  status: 1
 success: True
       x: array([0.94361986, 0.4       , 0.9435493 , 0.4       , 0.94356434,
       0.4       , 0.94355563, 0.4       , 0.94356511, 0.4       ])

real	0m5.495s
user	0m4.761s
sys	0m0.595s
Instance 11
[INFO] aspmc: Tree Decomposition #bags: 28 unfolded treewidth: 3 #vertices: 30
[INFO] aspmc: Preprocessing disabled
[INFO] aspmc:    Stats Compilation
[INFO] aspmc: ------------------------------------------------------------
[INFO] aspmc: X/D-Constrained Tree Decomposition #bags: 38 treewidth: 8 #vertices: 63
[INFO] aspmc: Dtree time:               2.0296947956085205
[INFO] aspmc: Compilation time:         0.016074657440185547
[INFO] aspmc: Preparation time:         0.00011944770812988281
[INFO] aspmc: Counting time:            0.0880289077758789
[INFO] aspmc: ------------------------------------------------------------
[0.99::a0., 0.99::a1., 0.99::a2., 0.99::a3., 0.99::a4., 0.99::a5., 0.99::a6., 0.99::a7., 0.99::a8., 0.99::a9., 0.99::a10., 0.99::a11., 0.99::a12., 0.99::a13., 0.99::a14., 0.99::a15., 0.99::a16., 0.99::a17., 0.99::a18., 0.99::a19., 0.99::a20., 0.99::a21., 0.99::a22., 0.99::a23., 0.99::a24., qr:-a0,a2,a4,a6,a8,a10,a12,a14,a16,a18,a20,a22,a24., qr:-a1,a3,a5,a7,a9,a11,a13,a15,a17,a19,a21,a23,not nqr., nqr:-a1,a3,a5,a7,a9,a11,a13,a15,a17,a19,a21,a23,not qr., query(qr).]
tracc
nnf_construction_time: 3.24942946434021
Pre simplification
number of sums: 947
number of prods: 2331
-0.868745812768978*v_10*v_11*v_12*v_13*v_20*v_21*v_22*v_23*v_24*v_8*v_9 + 1.0348004097016e-16*v_10*v_11*v_12*v_13*v_20*v_23*v_8*v_9 + 1.02445240560458e-16*v_10*v_11*v_12*v_13*v_21*v_22*v_23*v_24*v_8*v_9 - 2.06960081940319e-16*v_10*v_11*v_12*v_13*v_23*v_8*v_9 + 0.93206534790699*v_10*v_11*v_12*v_13*v_8*v_9 - 1.0348004097016e-16*v_20*v_21*v_22*v_23*v_24*v_8*v_9 + 0.93206534790699*v_20*v_21*v_22*v_23*v_24
Post simplification
symp_time: 1.116708755493164
number of sums: 4
number of subs: 7
number of prods: 54
opt_time: 0.16512584686279297
     fun: 7.120169127015041
   maxcv: 1.614634170810092e-08
 message: 'Optimization terminated successfully.'
    nfev: 230
  status: 1
 success: True
       x: array([0.94401709, 0.4       , 0.94403662, 0.4       , 0.94398061,
       0.4       , 0.94409015, 0.4       , 0.4       , 0.94404466,
       0.4       ])

real	0m5.581s
user	0m4.862s
sys	0m0.590s
Instance 12
[INFO] aspmc: Tree Decomposition #bags: 28 unfolded treewidth: 3 #vertices: 30
[INFO] aspmc: Preprocessing disabled
[INFO] aspmc:    Stats Compilation
[INFO] aspmc: ------------------------------------------------------------
[INFO] aspmc: X/D-Constrained Tree Decomposition #bags: 38 treewidth: 8 #vertices: 63
[INFO] aspmc: Dtree time:               2.0305416584014893
[INFO] aspmc: Compilation time:         0.016156435012817383
[INFO] aspmc: Preparation time:         0.00012683868408203125
[INFO] aspmc: Counting time:            0.0881035327911377
[INFO] aspmc: ------------------------------------------------------------
[0.99::a0., 0.99::a1., 0.99::a2., 0.99::a3., 0.99::a4., 0.99::a5., 0.99::a6., 0.99::a7., 0.99::a8., 0.99::a9., 0.99::a10., 0.99::a11., 0.99::a12., 0.99::a13., 0.99::a14., 0.99::a15., 0.99::a16., 0.99::a17., 0.99::a18., 0.99::a19., 0.99::a20., 0.99::a21., 0.99::a22., 0.99::a23., 0.99::a24., qr:-a0,a2,a4,a6,a8,a10,a12,a14,a16,a18,a20,a22,a24., qr:-a1,a3,a5,a7,a9,a11,a13,a15,a17,a19,a21,a23,not nqr., nqr:-a1,a3,a5,a7,a9,a11,a13,a15,a17,a19,a21,a23,not qr., query(qr).]
tracc
nnf_construction_time: 3.2434349060058594
Pre simplification
number of sums: 947
number of prods: 2331
-0.877521022998968*v_10*v_11*v_12*v_13*v_19*v_20*v_21*v_22*v_23*v_24*v_8*v_9 - 1.0348004097016e-16*v_10*v_11*v_12*v_13*v_19*v_20*v_23*v_8*v_9 - 1.02445240560458e-16*v_10*v_11*v_12*v_13*v_21*v_22*v_24*v_8*v_9 + 0.93206534790699*v_10*v_11*v_12*v_13*v_8*v_9 - 1.04525293909252e-16*v_19*v_20*v_21*v_22*v_23*v_24*v_8*v_9 + 0.941480149401*v_19*v_20*v_21*v_22*v_23*v_24
Post simplification
symp_time: 1.1969666481018066
number of sums: 2
number of subs: 7
number of prods: 50
opt_time: 0.17240142822265625
     fun: 8.10926340086005
   maxcv: 1.297057894422693e-08
 message: 'Optimization terminated successfully.'
    nfev: 223
  status: 1
 success: True
       x: array([0.95153158, 0.4       , 0.9515277 , 0.4       , 0.95161111,
       0.4       , 0.95145165, 0.4       , 0.95160363, 0.4       ,
       0.95153774, 0.4       ])

real	0m5.668s
user	0m4.948s
sys	0m0.597s
Instance 13
[INFO] aspmc: Tree Decomposition #bags: 28 unfolded treewidth: 3 #vertices: 30
[INFO] aspmc: Preprocessing disabled
[INFO] aspmc:    Stats Compilation
[INFO] aspmc: ------------------------------------------------------------
[INFO] aspmc: X/D-Constrained Tree Decomposition #bags: 38 treewidth: 8 #vertices: 63
[INFO] aspmc: Dtree time:               2.0297818183898926
[INFO] aspmc: Compilation time:         0.015579462051391602
[INFO] aspmc: Preparation time:         0.00010728836059570312
[INFO] aspmc: Counting time:            0.08788752555847168
[INFO] aspmc: ------------------------------------------------------------
[0.99::a0., 0.99::a1., 0.99::a2., 0.99::a3., 0.99::a4., 0.99::a5., 0.99::a6., 0.99::a7., 0.99::a8., 0.99::a9., 0.99::a10., 0.99::a11., 0.99::a12., 0.99::a13., 0.99::a14., 0.99::a15., 0.99::a16., 0.99::a17., 0.99::a18., 0.99::a19., 0.99::a20., 0.99::a21., 0.99::a22., 0.99::a23., 0.99::a24., qr:-a0,a2,a4,a6,a8,a10,a12,a14,a16,a18,a20,a22,a24., qr:-a1,a3,a5,a7,a9,a11,a13,a15,a17,a19,a21,a23,not nqr., nqr:-a1,a3,a5,a7,a9,a11,a13,a15,a17,a19,a21,a23,not qr., query(qr).]
tracc
nnf_construction_time: 3.244699478149414
Pre simplification
number of sums: 947
number of prods: 2331
-0.886384871716129*v_10*v_11*v_12*v_13*v_19*v_20*v_21*v_22*v_23*v_24*v_7*v_8*v_9 - 1.04525293909252e-16*v_10*v_11*v_12*v_13*v_19*v_20*v_23*v_7*v_8*v_9 - 1.0348004097016e-16*v_10*v_11*v_12*v_13*v_21*v_22*v_24*v_7*v_8*v_9 + 0.941480149401*v_10*v_11*v_12*v_13*v_7*v_8*v_9 + 0.941480149401*v_19*v_20*v_21*v_22*v_23*v_24
Post simplification
symp_time: 1.1979928016662598
number of sums: 2
number of subs: 5
number of prods: 46
opt_time: 0.2053813934326172
     fun: 8.51019739402391
   maxcv: 7.93599463921879e-09
 message: 'Optimization terminated successfully.'
    nfev: 240
  status: 1
 success: True
       x: array([0.95169358, 0.4       , 0.95168034, 0.4       , 0.95171923,
       0.4       , 0.95175837, 0.4       , 0.4       , 0.95169309,
       0.4       , 0.95165279, 0.4       ])

real	0m5.675s
user	0m4.958s
sys	0m0.600s
Instance 14
[INFO] aspmc: Tree Decomposition #bags: 28 unfolded treewidth: 3 #vertices: 30
[INFO] aspmc: Preprocessing disabled
[INFO] aspmc:    Stats Compilation
[INFO] aspmc: ------------------------------------------------------------
[INFO] aspmc: X/D-Constrained Tree Decomposition #bags: 38 treewidth: 8 #vertices: 63
[INFO] aspmc: Dtree time:               2.029724597930908
[INFO] aspmc: Compilation time:         0.016069412231445312
[INFO] aspmc: Preparation time:         0.00011563301086425781
[INFO] aspmc: Counting time:            0.09399223327636719
[INFO] aspmc: ------------------------------------------------------------
[0.99::a0., 0.99::a1., 0.99::a2., 0.99::a3., 0.99::a4., 0.99::a5., 0.99::a6., 0.99::a7., 0.99::a8., 0.99::a9., 0.99::a10., 0.99::a11., 0.99::a12., 0.99::a13., 0.99::a14., 0.99::a15., 0.99::a16., 0.99::a17., 0.99::a18., 0.99::a19., 0.99::a20., 0.99::a21., 0.99::a22., 0.99::a23., 0.99::a24., qr:-a0,a2,a4,a6,a8,a10,a12,a14,a16,a18,a20,a22,a24., qr:-a1,a3,a5,a7,a9,a11,a13,a15,a17,a19,a21,a23,not nqr., nqr:-a1,a3,a5,a7,a9,a11,a13,a15,a17,a19,a21,a23,not qr., query(qr).]
tracc
nnf_construction_time: 3.2510762214660645
Pre simplification
number of sums: 947
number of prods: 2331
-0.895338254258716*v_10*v_11*v_12*v_13*v_18*v_19*v_20*v_21*v_22*v_23*v_24*v_7*v_8*v_9 + 1.04525293909252e-16*v_10*v_11*v_12*v_13*v_18*v_19*v_20*v_23*v_7*v_8*v_9 + 1.0348004097016e-16*v_10*v_11*v_12*v_13*v_19*v_21*v_22*v_23*v_24*v_7*v_8*v_9 - 1.04525293909252e-16*v_10*v_11*v_12*v_13*v_19*v_23*v_7*v_8*v_9 - 1.0348004097016e-16*v_10*v_11*v_12*v_13*v_21*v_22*v_24*v_7*v_8*v_9 + 0.941480149401*v_10*v_11*v_12*v_13*v_7*v_8*v_9 + 0.9509900499*v_18*v_19*v_20*v_21*v_22*v_23*v_24
Post simplification
symp_time: 1.3658244609832764
number of sums: 4
number of subs: 7
number of prods: 70
opt_time: 0.25729870796203613
     fun: 9.49955286871389
   maxcv: 1.676980920795046e-08
 message: 'Optimization terminated successfully.'
    nfev: 256
  status: 1
 success: True
       x: array([0.95732813, 0.4       , 0.95709989, 0.4       , 0.95723023,
       0.4       , 0.95696949, 0.4       , 0.95709763, 0.4       ,
       0.9568971 , 0.4       , 0.9569304 , 0.4       ])

real	0m5.922s
user	0m5.215s
sys	0m0.576s
Instance 15
[INFO] aspmc: Tree Decomposition #bags: 28 unfolded treewidth: 3 #vertices: 30
[INFO] aspmc: Preprocessing disabled
[INFO] aspmc:    Stats Compilation
[INFO] aspmc: ------------------------------------------------------------
[INFO] aspmc: X/D-Constrained Tree Decomposition #bags: 38 treewidth: 8 #vertices: 63
[INFO] aspmc: Dtree time:               2.0301430225372314
[INFO] aspmc: Compilation time:         0.0163271427154541
[INFO] aspmc: Preparation time:         0.00011444091796875
[INFO] aspmc: Counting time:            0.0935208797454834
[INFO] aspmc: ------------------------------------------------------------
[0.99::a0., 0.99::a1., 0.99::a2., 0.99::a3., 0.99::a4., 0.99::a5., 0.99::a6., 0.99::a7., 0.99::a8., 0.99::a9., 0.99::a10., 0.99::a11., 0.99::a12., 0.99::a13., 0.99::a14., 0.99::a15., 0.99::a16., 0.99::a17., 0.99::a18., 0.99::a19., 0.99::a20., 0.99::a21., 0.99::a22., 0.99::a23., 0.99::a24., qr:-a0,a2,a4,a6,a8,a10,a12,a14,a16,a18,a20,a22,a24., qr:-a1,a3,a5,a7,a9,a11,a13,a15,a17,a19,a21,a23,not nqr., nqr:-a1,a3,a5,a7,a9,a11,a13,a15,a17,a19,a21,a23,not qr., query(qr).]
tracc
nnf_construction_time: 3.255795955657959
Pre simplification
number of sums: 947
number of prods: 2331
-0.904382075008804*v_10*v_11*v_12*v_13*v_18*v_19*v_20*v_21*v_22*v_23*v_24*v_6*v_7*v_8*v_9 + 1.05581104958841e-16*v_10*v_11*v_12*v_13*v_18*v_19*v_20*v_23*v_6*v_7*v_8*v_9 + 1.04525293909252e-16*v_10*v_11*v_12*v_13*v_19*v_21*v_22*v_23*v_24*v_6*v_7*v_8*v_9 - 1.05581104958841e-16*v_10*v_11*v_12*v_13*v_19*v_23*v_6*v_7*v_8*v_9 - 1.04525293909252e-16*v_10*v_11*v_12*v_13*v_21*v_22*v_24*v_6*v_7*v_8*v_9 + 0.9509900499*v_10*v_11*v_12*v_13*v_6*v_7*v_8*v_9 - 1.05581104958841e-16*v_10*v_11*v_12*v_18*v_19*v_20*v_21*v_22*v_23*v_24*v_6*v_7*v_8*v_9 + 0.9509900499*v_18*v_19*v_20*v_21*v_22*v_23*v_24
Post simplification
symp_time: 1.3951654434204102
number of sums: 4
number of subs: 9
number of prods: 90
opt_time: 0.30083513259887695
     fun: 9.899930880795113
   maxcv: 8.070260570924859e-09
 message: 'Optimization terminated successfully.'
    nfev: 273
  status: 1
 success: True
       x: array([0.95710165, 0.4       , 0.95709191, 0.4       , 0.95715528,
       0.4       , 0.95714777, 0.4       , 0.4       , 0.95712059,
       0.4       , 0.95723157, 0.4       , 0.95708212, 0.4       ])

real	0m6.020s
user	0m5.281s
sys	0m0.577s
Instance 16
[INFO] aspmc: Tree Decomposition #bags: 28 unfolded treewidth: 3 #vertices: 30
[INFO] aspmc: Preprocessing disabled
[INFO] aspmc:    Stats Compilation
[INFO] aspmc: ------------------------------------------------------------
[INFO] aspmc: X/D-Constrained Tree Decomposition #bags: 38 treewidth: 8 #vertices: 63
[INFO] aspmc: Dtree time:               2.029780864715576
[INFO] aspmc: Compilation time:         0.016167640686035156
[INFO] aspmc: Preparation time:         0.00011754035949707031
[INFO] aspmc: Counting time:            0.08943486213684082
[INFO] aspmc: ------------------------------------------------------------
[0.99::a0., 0.99::a1., 0.99::a2., 0.99::a3., 0.99::a4., 0.99::a5., 0.99::a6., 0.99::a7., 0.99::a8., 0.99::a9., 0.99::a10., 0.99::a11., 0.99::a12., 0.99::a13., 0.99::a14., 0.99::a15., 0.99::a16., 0.99::a17., 0.99::a18., 0.99::a19., 0.99::a20., 0.99::a21., 0.99::a22., 0.99::a23., 0.99::a24., qr:-a0,a2,a4,a6,a8,a10,a12,a14,a16,a18,a20,a22,a24., qr:-a1,a3,a5,a7,a9,a11,a13,a15,a17,a19,a21,a23,not nqr., nqr:-a1,a3,a5,a7,a9,a11,a13,a15,a17,a19,a21,a23,not qr., query(qr).]
tracc
nnf_construction_time: 3.2444803714752197
Pre simplification
number of sums: 947
number of prods: 2331
-0.913517247483641*v_10*v_11*v_12*v_13*v_17*v_18*v_19*v_20*v_21*v_22*v_23*v_24*v_6*v_7*v_8*v_9 + 0.9509900499*v_10*v_11*v_12*v_13*v_6*v_7*v_8*v_9 - 1.06647580766506e-16*v_10*v_11*v_12*v_17*v_18*v_19*v_20*v_21*v_22*v_23*v_24*v_6*v_7*v_8*v_9 + 0.96059601*v_17*v_18*v_19*v_20*v_21*v_22*v_23*v_24
Post simplification
symp_time: 1.538822889328003
number of sums: 2
number of subs: 3
number of prods: 47
opt_time: 0.40420079231262207
     fun: 10.889447444428239
   maxcv: 1.013098060997919e-08
 message: 'Optimization terminated successfully.'
    nfev: 353
  status: 1
 success: True
       x: array([0.96119387, 0.4       , 0.96117161, 0.4       , 0.96116221,
       0.4       , 0.96115183, 0.4       , 0.96114855, 0.4       ,
       0.96124074, 0.4       , 0.96121915, 0.4       , 0.96115947,
       0.4       ])

real	0m6.260s
user	0m5.482s
sys	0m0.621s
Instance 17
[INFO] aspmc: Tree Decomposition #bags: 28 unfolded treewidth: 3 #vertices: 30
[INFO] aspmc: Preprocessing disabled
[INFO] aspmc:    Stats Compilation
[INFO] aspmc: ------------------------------------------------------------
[INFO] aspmc: X/D-Constrained Tree Decomposition #bags: 38 treewidth: 8 #vertices: 63
[INFO] aspmc: Dtree time:               2.0292556285858154
[INFO] aspmc: Compilation time:         0.015697717666625977
[INFO] aspmc: Preparation time:         0.00011682510375976562
[INFO] aspmc: Counting time:            0.08867955207824707
[INFO] aspmc: ------------------------------------------------------------
[0.99::a0., 0.99::a1., 0.99::a2., 0.99::a3., 0.99::a4., 0.99::a5., 0.99::a6., 0.99::a7., 0.99::a8., 0.99::a9., 0.99::a10., 0.99::a11., 0.99::a12., 0.99::a13., 0.99::a14., 0.99::a15., 0.99::a16., 0.99::a17., 0.99::a18., 0.99::a19., 0.99::a20., 0.99::a21., 0.99::a22., 0.99::a23., 0.99::a24., qr:-a0,a2,a4,a6,a8,a10,a12,a14,a16,a18,a20,a22,a24., qr:-a1,a3,a5,a7,a9,a11,a13,a15,a17,a19,a21,a23,not nqr., nqr:-a1,a3,a5,a7,a9,a11,a13,a15,a17,a19,a21,a23,not qr., query(qr).]
tracc
nnf_construction_time: 3.241787910461426
Pre simplification
number of sums: 947
number of prods: 2331
-0.92274469442792*v_10*v_11*v_12*v_13*v_17*v_18*v_19*v_20*v_21*v_22*v_23*v_24*v_5*v_6*v_7*v_8*v_9 + 0.96059601*v_10*v_11*v_12*v_13*v_5*v_6*v_7*v_8*v_9 + 0.96059601*v_17*v_18*v_19*v_20*v_21*v_22*v_23*v_24
Post simplification
symp_time: 1.5248525142669678
number of sums: 2
number of subs: 1
number of prods: 34
opt_time: 0.4473152160644531
     fun: 11.289600613926066
   maxcv: 1.602984867066226e-08
 message: 'Optimization terminated successfully.'
    nfev: 362
  status: 1
 success: True
       x: array([0.96117494, 0.4       , 0.96113332, 0.4       , 0.96112667,
       0.4       , 0.96128062, 0.4       , 0.4       , 0.96128034,
       0.4       , 0.96124957, 0.4       , 0.96116608, 0.4       ,
       0.96118909, 0.4       ])

real	0m6.285s
user	0m5.529s
sys	0m0.610s
Instance 18
[INFO] aspmc: Tree Decomposition #bags: 28 unfolded treewidth: 3 #vertices: 30
[INFO] aspmc: Preprocessing disabled
[INFO] aspmc:    Stats Compilation
[INFO] aspmc: ------------------------------------------------------------
[INFO] aspmc: X/D-Constrained Tree Decomposition #bags: 38 treewidth: 8 #vertices: 63
[INFO] aspmc: Dtree time:               2.030172109603882
[INFO] aspmc: Compilation time:         0.016208171844482422
[INFO] aspmc: Preparation time:         0.00011467933654785156
[INFO] aspmc: Counting time:            0.09048604965209961
[INFO] aspmc: ------------------------------------------------------------
[0.99::a0., 0.99::a1., 0.99::a2., 0.99::a3., 0.99::a4., 0.99::a5., 0.99::a6., 0.99::a7., 0.99::a8., 0.99::a9., 0.99::a10., 0.99::a11., 0.99::a12., 0.99::a13., 0.99::a14., 0.99::a15., 0.99::a16., 0.99::a17., 0.99::a18., 0.99::a19., 0.99::a20., 0.99::a21., 0.99::a22., 0.99::a23., 0.99::a24., qr:-a0,a2,a4,a6,a8,a10,a12,a14,a16,a18,a20,a22,a24., qr:-a1,a3,a5,a7,a9,a11,a13,a15,a17,a19,a21,a23,not nqr., nqr:-a1,a3,a5,a7,a9,a11,a13,a15,a17,a19,a21,a23,not qr., query(qr).]
tracc
nnf_construction_time: 3.2467052936553955
Pre simplification
number of sums: 947
number of prods: 2331
-0.93206534790699*v_10*v_11*v_12*v_13*v_16*v_17*v_18*v_19*v_20*v_21*v_22*v_23*v_24*v_5*v_6*v_7*v_8*v_9 + 0.96059601*v_10*v_11*v_12*v_13*v_5*v_6*v_7*v_8*v_9 + 0.970299*v_16*v_17*v_18*v_19*v_20*v_21*v_22*v_23*v_24
Post simplification
symp_time: 1.5330891609191895
number of sums: 2
number of subs: 1
number of prods: 36
opt_time: 0.4656493663787842
     fun: 12.279224165423694
   maxcv: 2.836695167651726e-08
 message: 'Optimization terminated successfully.'
    nfev: 355
  status: 1
 success: True
       x: array([0.96427739, 0.4       , 0.96434711, 0.4       , 0.96429917,
       0.4       , 0.9644667 , 0.4       , 0.96436161, 0.4       ,
       0.96427044, 0.4       , 0.96436733, 0.4       , 0.96441621,
       0.4       , 0.96441821, 0.4       ])

real	0m6.296s
user	0m5.574s
sys	0m0.580s
Instance 19
[INFO] aspmc: Tree Decomposition #bags: 28 unfolded treewidth: 3 #vertices: 30
[INFO] aspmc: Preprocessing disabled
[INFO] aspmc:    Stats Compilation
[INFO] aspmc: ------------------------------------------------------------
[INFO] aspmc: X/D-Constrained Tree Decomposition #bags: 38 treewidth: 8 #vertices: 63
[INFO] aspmc: Dtree time:               2.0298373699188232
[INFO] aspmc: Compilation time:         0.016237258911132812
[INFO] aspmc: Preparation time:         0.0001201629638671875
[INFO] aspmc: Counting time:            0.0913238525390625
[INFO] aspmc: ------------------------------------------------------------
[0.99::a0., 0.99::a1., 0.99::a2., 0.99::a3., 0.99::a4., 0.99::a5., 0.99::a6., 0.99::a7., 0.99::a8., 0.99::a9., 0.99::a10., 0.99::a11., 0.99::a12., 0.99::a13., 0.99::a14., 0.99::a15., 0.99::a16., 0.99::a17., 0.99::a18., 0.99::a19., 0.99::a20., 0.99::a21., 0.99::a22., 0.99::a23., 0.99::a24., qr:-a0,a2,a4,a6,a8,a10,a12,a14,a16,a18,a20,a22,a24., qr:-a1,a3,a5,a7,a9,a11,a13,a15,a17,a19,a21,a23,not nqr., nqr:-a1,a3,a5,a7,a9,a11,a13,a15,a17,a19,a21,a23,not qr., query(qr).]
tracc
nnf_construction_time: 3.253326654434204
Pre simplification
number of sums: 947
number of prods: 2331
-0.941480149401*v_10*v_11*v_12*v_13*v_16*v_17*v_18*v_19*v_20*v_21*v_22*v_23*v_24*v_4*v_5*v_6*v_7*v_8*v_9 + 0.970299*v_10*v_11*v_12*v_13*v_4*v_5*v_6*v_7*v_8*v_9 + 0.970299*v_16*v_17*v_18*v_19*v_20*v_21*v_22*v_23*v_24
Post simplification
symp_time: 1.5120584964752197
number of sums: 2
number of subs: 1
number of prods: 38
opt_time: 0.592658519744873
     fun: 12.679286228455352
   maxcv: 1.5439091893831858e-08
 message: 'Optimization terminated successfully.'
    nfev: 416
  status: 1
 success: True
       x: array([0.96439014, 0.4       , 0.96440644, 0.4       , 0.96433275,
       0.4       , 0.96440319, 0.4       , 0.4       , 0.96440384,
       0.4       , 0.9643992 , 0.4       , 0.9642778 , 0.4       ,
       0.96440423, 0.4       , 0.96426864, 0.4       ])

real	0m6.412s
user	0m5.704s
sys	0m0.571s
Instance 20
[INFO] aspmc: Tree Decomposition #bags: 28 unfolded treewidth: 3 #vertices: 30
[INFO] aspmc: Preprocessing disabled
[INFO] aspmc:    Stats Compilation
[INFO] aspmc: ------------------------------------------------------------
[INFO] aspmc: X/D-Constrained Tree Decomposition #bags: 38 treewidth: 8 #vertices: 63
[INFO] aspmc: Dtree time:               2.0296590328216553
[INFO] aspmc: Compilation time:         0.01705169677734375
[INFO] aspmc: Preparation time:         0.00011372566223144531
[INFO] aspmc: Counting time:            0.08648943901062012
[INFO] aspmc: ------------------------------------------------------------
[0.99::a0., 0.99::a1., 0.99::a2., 0.99::a3., 0.99::a4., 0.99::a5., 0.99::a6., 0.99::a7., 0.99::a8., 0.99::a9., 0.99::a10., 0.99::a11., 0.99::a12., 0.99::a13., 0.99::a14., 0.99::a15., 0.99::a16., 0.99::a17., 0.99::a18., 0.99::a19., 0.99::a20., 0.99::a21., 0.99::a22., 0.99::a23., 0.99::a24., qr:-a0,a2,a4,a6,a8,a10,a12,a14,a16,a18,a20,a22,a24., qr:-a1,a3,a5,a7,a9,a11,a13,a15,a17,a19,a21,a23,not nqr., nqr:-a1,a3,a5,a7,a9,a11,a13,a15,a17,a19,a21,a23,not qr., query(qr).]
tracc
nnf_construction_time: 3.2415354251861572
Pre simplification
number of sums: 947
number of prods: 2331
-0.9509900499*v_10*v_11*v_12*v_13*v_15*v_16*v_17*v_18*v_19*v_20*v_21*v_22*v_23*v_24*v_4*v_5*v_6*v_7*v_8*v_9 + 0.970299*v_10*v_11*v_12*v_13*v_4*v_5*v_6*v_7*v_8*v_9 + 0.9801*v_15*v_16*v_17*v_18*v_19*v_20*v_21*v_22*v_23*v_24
Post simplification
symp_time: 1.5584356784820557
number of sums: 2
number of subs: 1
number of prods: 40
opt_time: 0.6195614337921143
     fun: 13.66898467294891
   maxcv: 1.5892852589516338e-08
 message: 'Optimization terminated successfully.'
    nfev: 403
  status: 1
 success: True
       x: array([0.96690961, 0.4       , 0.96699917, 0.4       , 0.96700423,
       0.4       , 0.96693296, 0.4       , 0.96693921, 0.4       ,
       0.9669455 , 0.4       , 0.96687132, 0.4       , 0.96676547,
       0.4       , 0.96673881, 0.4       , 0.96687839, 0.4       ])

real	0m6.476s
user	0m5.755s
sys	0m0.573s
Instance 21
[INFO] aspmc: Tree Decomposition #bags: 28 unfolded treewidth: 3 #vertices: 30
[INFO] aspmc: Preprocessing disabled
[INFO] aspmc:    Stats Compilation
[INFO] aspmc: ------------------------------------------------------------
[INFO] aspmc: X/D-Constrained Tree Decomposition #bags: 38 treewidth: 8 #vertices: 63
[INFO] aspmc: Dtree time:               2.029742479324341
[INFO] aspmc: Compilation time:         0.016402006149291992
[INFO] aspmc: Preparation time:         0.00011157989501953125
[INFO] aspmc: Counting time:            0.08673667907714844
[INFO] aspmc: ------------------------------------------------------------
[0.99::a0., 0.99::a1., 0.99::a2., 0.99::a3., 0.99::a4., 0.99::a5., 0.99::a6., 0.99::a7., 0.99::a8., 0.99::a9., 0.99::a10., 0.99::a11., 0.99::a12., 0.99::a13., 0.99::a14., 0.99::a15., 0.99::a16., 0.99::a17., 0.99::a18., 0.99::a19., 0.99::a20., 0.99::a21., 0.99::a22., 0.99::a23., 0.99::a24., qr:-a0,a2,a4,a6,a8,a10,a12,a14,a16,a18,a20,a22,a24., qr:-a1,a3,a5,a7,a9,a11,a13,a15,a17,a19,a21,a23,not nqr., nqr:-a1,a3,a5,a7,a9,a11,a13,a15,a17,a19,a21,a23,not qr., query(qr).]
tracc
nnf_construction_time: 3.2424557209014893
Pre simplification
number of sums: 947
number of prods: 2331
-0.96059601*v_10*v_11*v_12*v_13*v_15*v_16*v_17*v_18*v_19*v_20*v_21*v_22*v_23*v_24*v_3*v_4*v_5*v_6*v_7*v_8*v_9 + 0.9801*v_10*v_11*v_12*v_13*v_3*v_4*v_5*v_6*v_7*v_8*v_9 + 0.9801*v_15*v_16*v_17*v_18*v_19*v_20*v_21*v_22*v_23*v_24
Post simplification
symp_time: 1.5264203548431396
number of sums: 2
number of subs: 1
number of prods: 42
opt_time: 0.7998332977294922
     fun: 14.06900976772484
   maxcv: 2.921001562850023e-08
 message: 'Optimization terminated successfully.'
    nfev: 482
  status: 1
 success: True
       x: array([0.96680036, 0.4       , 0.9668724 , 0.4       , 0.96699027,
       0.4       , 0.96685636, 0.4       , 0.4       , 0.96690734,
       0.4       , 0.96687428, 0.4       , 0.96683674, 0.4       ,
       0.9669922 , 0.4       , 0.96694513, 0.4       , 0.96693468,
       0.4       ])

real	0m6.624s
user	0m5.907s
sys	0m0.584s
Instance 22
[INFO] aspmc: Tree Decomposition #bags: 28 unfolded treewidth: 3 #vertices: 30
[INFO] aspmc: Preprocessing disabled
[INFO] aspmc:    Stats Compilation
[INFO] aspmc: ------------------------------------------------------------
[INFO] aspmc: X/D-Constrained Tree Decomposition #bags: 38 treewidth: 8 #vertices: 63
[INFO] aspmc: Dtree time:               2.0312442779541016
[INFO] aspmc: Compilation time:         0.01566004753112793
[INFO] aspmc: Preparation time:         0.00011754035949707031
[INFO] aspmc: Counting time:            0.09050345420837402
[INFO] aspmc: ------------------------------------------------------------
[0.99::a0., 0.99::a1., 0.99::a2., 0.99::a3., 0.99::a4., 0.99::a5., 0.99::a6., 0.99::a7., 0.99::a8., 0.99::a9., 0.99::a10., 0.99::a11., 0.99::a12., 0.99::a13., 0.99::a14., 0.99::a15., 0.99::a16., 0.99::a17., 0.99::a18., 0.99::a19., 0.99::a20., 0.99::a21., 0.99::a22., 0.99::a23., 0.99::a24., qr:-a0,a2,a4,a6,a8,a10,a12,a14,a16,a18,a20,a22,a24., qr:-a1,a3,a5,a7,a9,a11,a13,a15,a17,a19,a21,a23,not nqr., nqr:-a1,a3,a5,a7,a9,a11,a13,a15,a17,a19,a21,a23,not qr., query(qr).]
tracc
nnf_construction_time: 3.246641159057617
Pre simplification
number of sums: 947
number of prods: 2331
-0.970299*v_10*v_11*v_12*v_13*v_15*v_16*v_17*v_18*v_19*v_20*v_21*v_22*v_23*v_24*v_27*v_3*v_4*v_5*v_6*v_7*v_8*v_9 + 0.9801*v_10*v_11*v_12*v_13*v_3*v_4*v_5*v_6*v_7*v_8*v_9 + 0.99*v_15*v_16*v_17*v_18*v_19*v_20*v_21*v_22*v_23*v_24*v_27
Post simplification
symp_time: 1.7317707538604736
number of sums: 2
number of subs: 1
number of prods: 44
opt_time: 0.8671460151672363
     fun: 15.058762718884484
   maxcv: 8.70604399683117e-09
 message: 'Optimization terminated successfully.'
    nfev: 479
  status: 1
 success: True
       x: array([0.9689912 , 0.4       , 0.96901372, 0.4       , 0.96913054,
       0.4       , 0.96892163, 0.96893531, 0.4       , 0.4       ,
       0.96894461, 0.4       , 0.96885466, 0.4       , 0.96898872,
       0.4       , 0.96902742, 0.4       , 0.96899943, 0.4       ,
       0.96895549, 0.4       ])

real	0m6.932s
user	0m6.209s
sys	0m0.570s
Instance 23
[INFO] aspmc: Tree Decomposition #bags: 28 unfolded treewidth: 3 #vertices: 30
[INFO] aspmc: Preprocessing disabled
[INFO] aspmc:    Stats Compilation
[INFO] aspmc: ------------------------------------------------------------
[INFO] aspmc: X/D-Constrained Tree Decomposition #bags: 38 treewidth: 8 #vertices: 63
[INFO] aspmc: Dtree time:               2.030336380004883
[INFO] aspmc: Compilation time:         0.01710033416748047
[INFO] aspmc: Preparation time:         0.00011491775512695312
[INFO] aspmc: Counting time:            0.08477973937988281
[INFO] aspmc: ------------------------------------------------------------
[0.99::a0., 0.99::a1., 0.99::a2., 0.99::a3., 0.99::a4., 0.99::a5., 0.99::a6., 0.99::a7., 0.99::a8., 0.99::a9., 0.99::a10., 0.99::a11., 0.99::a12., 0.99::a13., 0.99::a14., 0.99::a15., 0.99::a16., 0.99::a17., 0.99::a18., 0.99::a19., 0.99::a20., 0.99::a21., 0.99::a22., 0.99::a23., 0.99::a24., qr:-a0,a2,a4,a6,a8,a10,a12,a14,a16,a18,a20,a22,a24., qr:-a1,a3,a5,a7,a9,a11,a13,a15,a17,a19,a21,a23,not nqr., nqr:-a1,a3,a5,a7,a9,a11,a13,a15,a17,a19,a21,a23,not qr., query(qr).]
tracc
nnf_construction_time: 3.242159366607666
Pre simplification
number of sums: 947
number of prods: 2331
-0.9801*v_10*v_11*v_12*v_13*v_15*v_16*v_17*v_18*v_19*v_2*v_20*v_21*v_22*v_23*v_24*v_27*v_3*v_4*v_5*v_6*v_7*v_8*v_9 + 0.99*v_10*v_11*v_12*v_13*v_2*v_3*v_4*v_5*v_6*v_7*v_8*v_9 + 0.99*v_15*v_16*v_17*v_18*v_19*v_20*v_21*v_22*v_23*v_24*v_27
Post simplification
symp_time: 1.6871273517608643
number of sums: 2
number of subs: 1
number of prods: 46
opt_time: 0.5355262756347656
     fun: 12.50440534584412
   maxcv: 0.012380071481477906
 message: 'Did not converge to a solution satisfying the constraints. See `maxcv` for magnitude of violation.'
    nfev: 294
  status: 4
 success: False
       x: array([0.4       , 0.4       , 0.4       , 0.40000681, 0.4       ,
       0.4       , 0.4       , 0.98995772, 0.4       , 0.4       ,
       0.4       , 0.88906091, 0.4       , 0.98995398, 0.4       ,
       0.98997649, 0.4       , 0.98993713, 0.4       , 0.85551231,
       0.4       , 0.4       , 0.4       ])

real	0m6.762s
user	0m5.805s
sys	0m0.598s
Instance 24
[INFO] aspmc: Tree Decomposition #bags: 28 unfolded treewidth: 3 #vertices: 30
[INFO] aspmc: Preprocessing disabled
[INFO] aspmc:    Stats Compilation
[INFO] aspmc: ------------------------------------------------------------
[INFO] aspmc: X/D-Constrained Tree Decomposition #bags: 38 treewidth: 8 #vertices: 63
[INFO] aspmc: Dtree time:               2.029456615447998
[INFO] aspmc: Compilation time:         0.015672683715820312
[INFO] aspmc: Preparation time:         0.00011110305786132812
[INFO] aspmc: Counting time:            0.08215141296386719
[INFO] aspmc: ------------------------------------------------------------
[0.99::a0., 0.99::a1., 0.99::a2., 0.99::a3., 0.99::a4., 0.99::a5., 0.99::a6., 0.99::a7., 0.99::a8., 0.99::a9., 0.99::a10., 0.99::a11., 0.99::a12., 0.99::a13., 0.99::a14., 0.99::a15., 0.99::a16., 0.99::a17., 0.99::a18., 0.99::a19., 0.99::a20., 0.99::a21., 0.99::a22., 0.99::a23., 0.99::a24., qr:-a0,a2,a4,a6,a8,a10,a12,a14,a16,a18,a20,a22,a24., qr:-a1,a3,a5,a7,a9,a11,a13,a15,a17,a19,a21,a23,not nqr., nqr:-a1,a3,a5,a7,a9,a11,a13,a15,a17,a19,a21,a23,not qr., query(qr).]
tracc
nnf_construction_time: 3.248892068862915
Pre simplification
number of sums: 947
number of prods: 2331
-0.99*v_10*v_11*v_12*v_13*v_15*v_16*v_17*v_18*v_19*v_2*v_20*v_21*v_22*v_23*v_24*v_26*v_27*v_3*v_4*v_5*v_6*v_7*v_8*v_9 + 0.99*v_10*v_11*v_12*v_13*v_2*v_3*v_4*v_5*v_6*v_7*v_8*v_9 + 1.0*v_15*v_16*v_17*v_18*v_19*v_20*v_21*v_22*v_23*v_24*v_26*v_27
Post simplification
symp_time: 1.4979383945465088
number of sums: 2
number of subs: 1
number of prods: 48
opt_time: 0.5397014617919922
     fun: 12.894666110018491
   maxcv: 0.016180030744986973
 message: 'Did not converge to a solution satisfying the constraints. See `maxcv` for magnitude of violation.'
    nfev: 295
  status: 4
 success: False
       x: array([0.4       , 0.4       , 0.4       , 0.4       , 0.4       ,
       0.4       , 0.4       , 0.4       , 0.98996909, 0.4       ,
       0.4       , 0.4       , 0.98997968, 0.4       , 0.8878055 ,
       0.4       , 0.93343851, 0.4       , 0.90351445, 0.4       ,
       0.98995888, 0.4       , 0.4       , 0.4       ])

real	0m6.336s
user	0m5.601s
sys	0m0.587s
Instance 25
[INFO] aspmc: Tree Decomposition #bags: 28 unfolded treewidth: 3 #vertices: 30
[INFO] aspmc: Preprocessing disabled
[INFO] aspmc:    Stats Compilation
[INFO] aspmc: ------------------------------------------------------------
[INFO] aspmc: X/D-Constrained Tree Decomposition #bags: 38 treewidth: 8 #vertices: 63
[INFO] aspmc: Dtree time:               2.028226375579834
[INFO] aspmc: Compilation time:         0.015910863876342773
[INFO] aspmc: Preparation time:         0.00011396408081054688
[INFO] aspmc: Counting time:            0.08576726913452148
[INFO] aspmc: ------------------------------------------------------------
[0.99::a0., 0.99::a1., 0.99::a2., 0.99::a3., 0.99::a4., 0.99::a5., 0.99::a6., 0.99::a7., 0.99::a8., 0.99::a9., 0.99::a10., 0.99::a11., 0.99::a12., 0.99::a13., 0.99::a14., 0.99::a15., 0.99::a16., 0.99::a17., 0.99::a18., 0.99::a19., 0.99::a20., 0.99::a21., 0.99::a22., 0.99::a23., 0.99::a24., qr:-a0,a2,a4,a6,a8,a10,a12,a14,a16,a18,a20,a22,a24., qr:-a1,a3,a5,a7,a9,a11,a13,a15,a17,a19,a21,a23,not nqr., nqr:-a1,a3,a5,a7,a9,a11,a13,a15,a17,a19,a21,a23,not qr., query(qr).]
tracc
nnf_construction_time: 3.233891725540161
Pre simplification
number of sums: 947
number of prods: 2331
-v_1*v_10*v_11*v_12*v_13*v_15*v_16*v_17*v_18*v_19*v_2*v_20*v_21*v_22*v_23*v_24*v_26*v_27*v_3*v_4*v_5*v_6*v_7*v_8*v_9 + v_1*v_10*v_11*v_12*v_13*v_2*v_3*v_4*v_5*v_6*v_7*v_8*v_9 + v_15*v_16*v_17*v_18*v_19*v_20*v_21*v_22*v_23*v_24*v_26*v_27
Post simplification
symp_time: 1.4234049320220947
number of sums: 2
number of subs: 1
number of prods: 47
opt_time: 0.5407688617706299
     fun: 11.129932801199999
   maxcv: 0.016368350873475657
 message: 'Did not converge to a solution satisfying the constraints. See `maxcv` for magnitude of violation.'
    nfev: 260
  status: 4
 success: False
       x: array([0.4       , 0.4       , 0.4       , 0.4       , 0.4       ,
       0.4       , 0.4       , 0.93987033, 0.4       , 0.98993379,
       0.4       , 0.4       , 0.4       , 0.4       , 0.4       ,
       0.4       , 0.4       , 0.40004909, 0.4       , 0.40000172,
       0.4       , 0.40007786, 0.4       , 0.4       , 0.4       ])

real	0m6.194s
user	0m5.441s
sys	0m0.625s
Ended at: 
Sat Dec  9 09:19:14 CET 2023
