Started at: 
Sat Dec  9 09:16:55 CET 2023
Instance 2
[INFO] aspmc: Tree Decomposition #bags: 28 unfolded treewidth: 3 #vertices: 30
[INFO] aspmc: Preprocessing disabled
[INFO] aspmc:    Stats Compilation
[INFO] aspmc: ------------------------------------------------------------
[INFO] aspmc: X/D-Constrained Tree Decomposition #bags: 38 treewidth: 8 #vertices: 63
[INFO] aspmc: Dtree time:               2.029146432876587
[INFO] aspmc: Compilation time:         0.016057729721069336
[INFO] aspmc: Preparation time:         0.00010895729064941406
[INFO] aspmc: Counting time:            0.08922076225280762
[INFO] aspmc: ------------------------------------------------------------
[0.99::a0., 0.99::a1., 0.99::a2., 0.99::a3., 0.99::a4., 0.99::a5., 0.99::a6., 0.99::a7., 0.99::a8., 0.99::a9., 0.99::a10., 0.99::a11., 0.99::a12., 0.99::a13., 0.99::a14., 0.99::a15., 0.99::a16., 0.99::a17., 0.99::a18., 0.99::a19., 0.99::a20., 0.99::a21., 0.99::a22., 0.99::a23., 0.99::a24., qr:-a0,a2,a4,a6,a8,a10,a12,a14,a16,a18,a20,a22,a24., qr:-a1,a3,a5,a7,a9,a11,a13,a15,a17,a19,a21,a23,not nqr., nqr:-a1,a3,a5,a7,a9,a11,a13,a15,a17,a19,a21,a23,not qr., query(qr).]
tracc
nnf_construction_time: 3.2432785034179688
Pre simplification
number of sums: 947
number of prods: 2331
-0.793614283643655*v_13*v_24 + 0.886384871716129*v_13 + 0.895338254258716*v_24
Post simplification
symp_time: 0.5989630222320557
number of sums: 2
number of subs: 1
number of prods: 4
opt_time: 0.04519009590148926
     fun: 0.9977686627250488
     jac: array([1., 1.])
 message: 'Optimization terminated successfully'
    nfev: 5
     nit: 5
    njev: 5
  status: 0
 success: True
       x: array([0.59776866, 0.4       ])

real	0m5.048s
user	0m4.373s
sys	0m0.550s
Instance 3
[INFO] aspmc: Tree Decomposition #bags: 28 unfolded treewidth: 3 #vertices: 30
[INFO] aspmc: Preprocessing disabled
[INFO] aspmc:    Stats Compilation
[INFO] aspmc: ------------------------------------------------------------
[INFO] aspmc: X/D-Constrained Tree Decomposition #bags: 38 treewidth: 8 #vertices: 63
[INFO] aspmc: Dtree time:               2.029057025909424
[INFO] aspmc: Compilation time:         0.01589798927307129
[INFO] aspmc: Preparation time:         0.00011181831359863281
[INFO] aspmc: Counting time:            0.08955574035644531
[INFO] aspmc: ------------------------------------------------------------
[0.99::a0., 0.99::a1., 0.99::a2., 0.99::a3., 0.99::a4., 0.99::a5., 0.99::a6., 0.99::a7., 0.99::a8., 0.99::a9., 0.99::a10., 0.99::a11., 0.99::a12., 0.99::a13., 0.99::a14., 0.99::a15., 0.99::a16., 0.99::a17., 0.99::a18., 0.99::a19., 0.99::a20., 0.99::a21., 0.99::a22., 0.99::a23., 0.99::a24., qr:-a0,a2,a4,a6,a8,a10,a12,a14,a16,a18,a20,a22,a24., qr:-a1,a3,a5,a7,a9,a11,a13,a15,a17,a19,a21,a23,not nqr., nqr:-a1,a3,a5,a7,a9,a11,a13,a15,a17,a19,a21,a23,not qr., query(qr).]
tracc
nnf_construction_time: 3.2530429363250732
Pre simplification
number of sums: 947
number of prods: 2331
-0.801630589539046*v_12*v_13*v_24 + 0.895338254258716*v_12*v_13 - 1.07724829057076e-16*v_12*v_24 + 0.895338254258716*v_24
Post simplification
symp_time: 0.6191689968109131
number of sums: 2
number of subs: 3
number of prods: 8
opt_time: 0.06368088722229004
     fun: 1.5258014750528193
     jac: array([1., 1., 1.])
 message: 'Optimization terminated successfully'
    nfev: 3
     nit: 3
    njev: 3
  status: 0
 success: True
       x: array([0.4       , 0.72580148, 0.4       ])

real	0m4.973s
user	0m4.274s
sys	0m0.581s
Instance 4
[INFO] aspmc: Tree Decomposition #bags: 28 unfolded treewidth: 3 #vertices: 30
[INFO] aspmc: Preprocessing disabled
[INFO] aspmc:    Stats Compilation
[INFO] aspmc: ------------------------------------------------------------
[INFO] aspmc: X/D-Constrained Tree Decomposition #bags: 38 treewidth: 8 #vertices: 63
[INFO] aspmc: Dtree time:               2.0294816493988037
[INFO] aspmc: Compilation time:         0.01582646369934082
[INFO] aspmc: Preparation time:         0.00010514259338378906
[INFO] aspmc: Counting time:            0.08968567848205566
[INFO] aspmc: ------------------------------------------------------------
[0.99::a0., 0.99::a1., 0.99::a2., 0.99::a3., 0.99::a4., 0.99::a5., 0.99::a6., 0.99::a7., 0.99::a8., 0.99::a9., 0.99::a10., 0.99::a11., 0.99::a12., 0.99::a13., 0.99::a14., 0.99::a15., 0.99::a16., 0.99::a17., 0.99::a18., 0.99::a19., 0.99::a20., 0.99::a21., 0.99::a22., 0.99::a23., 0.99::a24., qr:-a0,a2,a4,a6,a8,a10,a12,a14,a16,a18,a20,a22,a24., qr:-a1,a3,a5,a7,a9,a11,a13,a15,a17,a19,a21,a23,not nqr., nqr:-a1,a3,a5,a7,a9,a11,a13,a15,a17,a19,a21,a23,not qr., query(qr).]
tracc
nnf_construction_time: 3.2495462894439697
Pre simplification
number of sums: 947
number of prods: 2331
-0.809727868221258*v_12*v_13*v_23*v_24 - 9.94025144705719e-17*v_12*v_13*v_23 + 0.895338254258716*v_12*v_13 - 1.00406580273305e-16*v_12*v_23*v_24 + 0.904382075008804*v_23*v_24
Post simplification
symp_time: 0.7294206619262695
number of sums: 2
number of subs: 5
number of prods: 14
opt_time: 0.22152423858642578
     fun: 2.495338857415744
     jac: array([1., 1., 1., 1.])
 message: 'Optimization terminated successfully'
    nfev: 15
     nit: 10
    njev: 9
  status: 0
 success: True
       x: array([0.84766943, 0.4       , 0.84766943, 0.4       ])

real	0m5.255s
user	0m4.595s
sys	0m0.549s
Instance 5
[INFO] aspmc: Tree Decomposition #bags: 28 unfolded treewidth: 3 #vertices: 30
[INFO] aspmc: Preprocessing disabled
[INFO] aspmc:    Stats Compilation
[INFO] aspmc: ------------------------------------------------------------
[INFO] aspmc: X/D-Constrained Tree Decomposition #bags: 38 treewidth: 8 #vertices: 63
[INFO] aspmc: Dtree time:               2.0297739505767822
[INFO] aspmc: Compilation time:         0.015959978103637695
[INFO] aspmc: Preparation time:         0.00011038780212402344
[INFO] aspmc: Counting time:            0.09432244300842285
[INFO] aspmc: ------------------------------------------------------------
[0.99::a0., 0.99::a1., 0.99::a2., 0.99::a3., 0.99::a4., 0.99::a5., 0.99::a6., 0.99::a7., 0.99::a8., 0.99::a9., 0.99::a10., 0.99::a11., 0.99::a12., 0.99::a13., 0.99::a14., 0.99::a15., 0.99::a16., 0.99::a17., 0.99::a18., 0.99::a19., 0.99::a20., 0.99::a21., 0.99::a22., 0.99::a23., 0.99::a24., qr:-a0,a2,a4,a6,a8,a10,a12,a14,a16,a18,a20,a22,a24., qr:-a1,a3,a5,a7,a9,a11,a13,a15,a17,a19,a21,a23,not nqr., nqr:-a1,a3,a5,a7,a9,a11,a13,a15,a17,a19,a21,a23,not qr., query(qr).]
tracc
nnf_construction_time: 3.256273031234741
Pre simplification
number of sums: 947
number of prods: 2331
-0.817906937597231*v_11*v_12*v_13*v_23*v_24 - 1.00406580273305e-16*v_11*v_12*v_13*v_23 + 0.904382075008804*v_11*v_12*v_13 + 0.904382075008804*v_23*v_24
Post simplification
symp_time: 0.7417564392089844
number of sums: 2
number of subs: 3
number of prods: 14
opt_time: 0.17792391777038574
     fun: 2.9362368149453824
     jac: array([1., 1., 1., 1., 1.])
 message: 'Optimization terminated successfully'
    nfev: 16
     nit: 5
    njev: 5
  status: 0
 success: True
       x: array([0.4       , 0.86811841, 0.4       , 0.86811841, 0.4       ])

real	0m5.244s
user	0m4.582s
sys	0m0.549s
Instance 6
[INFO] aspmc: Tree Decomposition #bags: 28 unfolded treewidth: 3 #vertices: 30
[INFO] aspmc: Preprocessing disabled
[INFO] aspmc:    Stats Compilation
[INFO] aspmc: ------------------------------------------------------------
[INFO] aspmc: X/D-Constrained Tree Decomposition #bags: 38 treewidth: 8 #vertices: 63
[INFO] aspmc: Dtree time:               2.0319249629974365
[INFO] aspmc: Compilation time:         0.016117572784423828
[INFO] aspmc: Preparation time:         0.00011491775512695312
[INFO] aspmc: Counting time:            0.09512209892272949
[INFO] aspmc: ------------------------------------------------------------
[0.99::a0., 0.99::a1., 0.99::a2., 0.99::a3., 0.99::a4., 0.99::a5., 0.99::a6., 0.99::a7., 0.99::a8., 0.99::a9., 0.99::a10., 0.99::a11., 0.99::a12., 0.99::a13., 0.99::a14., 0.99::a15., 0.99::a16., 0.99::a17., 0.99::a18., 0.99::a19., 0.99::a20., 0.99::a21., 0.99::a22., 0.99::a23., 0.99::a24., qr:-a0,a2,a4,a6,a8,a10,a12,a14,a16,a18,a20,a22,a24., qr:-a1,a3,a5,a7,a9,a11,a13,a15,a17,a19,a21,a23,not nqr., nqr:-a1,a3,a5,a7,a9,a11,a13,a15,a17,a19,a21,a23,not qr., query(qr).]
tracc
nnf_construction_time: 3.255591869354248
Pre simplification
number of sums: 947
number of prods: 2331
-0.826168623835586*v_11*v_12*v_13*v_22*v_23*v_24 - 1.00406580273305e-16*v_11*v_12*v_13*v_23 + 0.904382075008804*v_11*v_12*v_13 + 0.913517247483641*v_22*v_23*v_24
Post simplification
symp_time: 0.7948951721191406
number of sums: 2
number of subs: 3
number of prods: 16
opt_time: 0.30672669410705566
     fun: 3.920939986150057
     jac: array([1., 1., 1., 1., 1., 1.])
 message: 'Optimization terminated successfully'
    nfev: 8
     nit: 9
    njev: 8
  status: 0
 success: True
       x: array([0.90698, 0.4    , 0.90698, 0.4    , 0.90698, 0.4    ])

real	0m5.398s
user	0m4.712s
sys	0m0.570s
Instance 7
[INFO] aspmc: Tree Decomposition #bags: 28 unfolded treewidth: 3 #vertices: 30
[INFO] aspmc: Preprocessing disabled
[INFO] aspmc:    Stats Compilation
[INFO] aspmc: ------------------------------------------------------------
[INFO] aspmc: X/D-Constrained Tree Decomposition #bags: 38 treewidth: 8 #vertices: 63
[INFO] aspmc: Dtree time:               2.0299997329711914
[INFO] aspmc: Compilation time:         0.016118288040161133
[INFO] aspmc: Preparation time:         0.0001201629638671875
[INFO] aspmc: Counting time:            0.09020352363586426
[INFO] aspmc: ------------------------------------------------------------
[0.99::a0., 0.99::a1., 0.99::a2., 0.99::a3., 0.99::a4., 0.99::a5., 0.99::a6., 0.99::a7., 0.99::a8., 0.99::a9., 0.99::a10., 0.99::a11., 0.99::a12., 0.99::a13., 0.99::a14., 0.99::a15., 0.99::a16., 0.99::a17., 0.99::a18., 0.99::a19., 0.99::a20., 0.99::a21., 0.99::a22., 0.99::a23., 0.99::a24., qr:-a0,a2,a4,a6,a8,a10,a12,a14,a16,a18,a20,a22,a24., qr:-a1,a3,a5,a7,a9,a11,a13,a15,a17,a19,a21,a23,not nqr., nqr:-a1,a3,a5,a7,a9,a11,a13,a15,a17,a19,a21,a23,not qr., query(qr).]
tracc
nnf_construction_time: 3.252096176147461
Pre simplification
number of sums: 947
number of prods: 2331
-0.834513761450087*v_10*v_11*v_12*v_13*v_22*v_23*v_24 - 1.01420788154854e-16*v_10*v_11*v_12*v_13*v_23 + 0.913517247483641*v_10*v_11*v_12*v_13 + 0.913517247483641*v_22*v_23*v_24
Post simplification
symp_time: 0.8276915550231934
number of sums: 2
number of subs: 3
number of prods: 19
opt_time: 0.38149380683898926
     fun: 4.33582520382635
     jac: array([1., 1., 1., 1., 1., 1., 1.])
 message: 'Optimization terminated successfully'
    nfev: 8
     nit: 8
    njev: 8
  status: 0
 success: True
       x: array([0.4       , 0.91194173, 0.4       , 0.91194173, 0.4       ,
       0.91194173, 0.4       ])

real	0m5.522s
user	0m4.807s
sys	0m0.589s
Instance 8
[INFO] aspmc: Tree Decomposition #bags: 28 unfolded treewidth: 3 #vertices: 30
[INFO] aspmc: Preprocessing disabled
[INFO] aspmc:    Stats Compilation
[INFO] aspmc: ------------------------------------------------------------
[INFO] aspmc: X/D-Constrained Tree Decomposition #bags: 38 treewidth: 8 #vertices: 63
[INFO] aspmc: Dtree time:               2.0294456481933594
[INFO] aspmc: Compilation time:         0.015946149826049805
[INFO] aspmc: Preparation time:         0.00011658668518066406
[INFO] aspmc: Counting time:            0.09009003639221191
[INFO] aspmc: ------------------------------------------------------------
[0.99::a0., 0.99::a1., 0.99::a2., 0.99::a3., 0.99::a4., 0.99::a5., 0.99::a6., 0.99::a7., 0.99::a8., 0.99::a9., 0.99::a10., 0.99::a11., 0.99::a12., 0.99::a13., 0.99::a14., 0.99::a15., 0.99::a16., 0.99::a17., 0.99::a18., 0.99::a19., 0.99::a20., 0.99::a21., 0.99::a22., 0.99::a23., 0.99::a24., qr:-a0,a2,a4,a6,a8,a10,a12,a14,a16,a18,a20,a22,a24., qr:-a1,a3,a5,a7,a9,a11,a13,a15,a17,a19,a21,a23,not nqr., nqr:-a1,a3,a5,a7,a9,a11,a13,a15,a17,a19,a21,a23,not qr., query(qr).]
tracc
nnf_construction_time: 3.2446670532226562
Pre simplification
number of sums: 947
number of prods: 2331
-0.842943193383927*v_10*v_11*v_12*v_13*v_21*v_22*v_23*v_24 - 1.01420788154854e-16*v_10*v_11*v_12*v_13*v_23 + 0.913517247483641*v_10*v_11*v_12*v_13 + 0.92274469442792*v_21*v_22*v_23*v_24
Post simplification
symp_time: 0.8332409858703613
number of sums: 2
number of subs: 3
number of prods: 21
opt_time: 0.44974637031555176
     fun: 5.332704948140702
     jac: array([1., 1., 1., 1., 1., 1., 1., 1.])
 message: 'Optimization terminated successfully'
    nfev: 9
     nit: 8
    njev: 8
  status: 0
 success: True
       x: array([0.4       , 0.93317624, 0.4       , 0.93317624, 0.4       ,
       0.93317624, 0.4       , 0.93317624])

real	0m5.586s
user	0m4.873s
sys	0m0.593s
Instance 9
[INFO] aspmc: Tree Decomposition #bags: 28 unfolded treewidth: 3 #vertices: 30
[INFO] aspmc: Preprocessing disabled
[INFO] aspmc:    Stats Compilation
[INFO] aspmc: ------------------------------------------------------------
[INFO] aspmc: X/D-Constrained Tree Decomposition #bags: 38 treewidth: 8 #vertices: 63
[INFO] aspmc: Dtree time:               2.029517412185669
[INFO] aspmc: Compilation time:         0.015978097915649414
[INFO] aspmc: Preparation time:         0.00010895729064941406
[INFO] aspmc: Counting time:            0.08776640892028809
[INFO] aspmc: ------------------------------------------------------------
[0.99::a0., 0.99::a1., 0.99::a2., 0.99::a3., 0.99::a4., 0.99::a5., 0.99::a6., 0.99::a7., 0.99::a8., 0.99::a9., 0.99::a10., 0.99::a11., 0.99::a12., 0.99::a13., 0.99::a14., 0.99::a15., 0.99::a16., 0.99::a17., 0.99::a18., 0.99::a19., 0.99::a20., 0.99::a21., 0.99::a22., 0.99::a23., 0.99::a24., qr:-a0,a2,a4,a6,a8,a10,a12,a14,a16,a18,a20,a22,a24., qr:-a1,a3,a5,a7,a9,a11,a13,a15,a17,a19,a21,a23,not nqr., nqr:-a1,a3,a5,a7,a9,a11,a13,a15,a17,a19,a21,a23,not qr., query(qr).]
tracc
nnf_construction_time: 3.241833448410034
Pre simplification
number of sums: 947
number of prods: 2331
-0.851457771094875*v_10*v_11*v_12*v_13*v_21*v_22*v_23*v_24*v_9 - 1.02445240560458e-16*v_10*v_11*v_12*v_13*v_23*v_9 + 0.92274469442792*v_10*v_11*v_12*v_13*v_9 + 0.92274469442792*v_21*v_22*v_23*v_24
Post simplification
symp_time: 0.8862431049346924
number of sums: 2
number of subs: 3
number of prods: 24
opt_time: 0.5821337699890137
     fun: 5.7292314322554905
     jac: array([1., 1., 1., 1., 1., 1., 1., 1., 1.])
 message: 'Optimization terminated successfully'
    nfev: 10
     nit: 9
    njev: 9
  status: 0
 success: True
       x: array([0.4       , 0.93230786, 0.4       , 0.93230786, 0.4       ,
       0.93230786, 0.4       , 0.93230786, 0.4       ])

real	0m5.752s
user	0m5.033s
sys	0m0.591s
Instance 10
[INFO] aspmc: Tree Decomposition #bags: 28 unfolded treewidth: 3 #vertices: 30
[INFO] aspmc: Preprocessing disabled
[INFO] aspmc:    Stats Compilation
[INFO] aspmc: ------------------------------------------------------------
[INFO] aspmc: X/D-Constrained Tree Decomposition #bags: 38 treewidth: 8 #vertices: 63
[INFO] aspmc: Dtree time:               2.0298311710357666
[INFO] aspmc: Compilation time:         0.016533851623535156
[INFO] aspmc: Preparation time:         0.00011682510375976562
[INFO] aspmc: Counting time:            0.09124469757080078
[INFO] aspmc: ------------------------------------------------------------
[0.99::a0., 0.99::a1., 0.99::a2., 0.99::a3., 0.99::a4., 0.99::a5., 0.99::a6., 0.99::a7., 0.99::a8., 0.99::a9., 0.99::a10., 0.99::a11., 0.99::a12., 0.99::a13., 0.99::a14., 0.99::a15., 0.99::a16., 0.99::a17., 0.99::a18., 0.99::a19., 0.99::a20., 0.99::a21., 0.99::a22., 0.99::a23., 0.99::a24., qr:-a0,a2,a4,a6,a8,a10,a12,a14,a16,a18,a20,a22,a24., qr:-a1,a3,a5,a7,a9,a11,a13,a15,a17,a19,a21,a23,not nqr., nqr:-a1,a3,a5,a7,a9,a11,a13,a15,a17,a19,a21,a23,not qr., query(qr).]
tracc
nnf_construction_time: 3.245140314102173
Pre simplification
number of sums: 947
number of prods: 2331
-0.860058354641288*v_10*v_11*v_12*v_13*v_20*v_21*v_22*v_23*v_24*v_9 + 1.02445240560458e-16*v_10*v_11*v_12*v_13*v_20*v_23*v_9 + 1.01420788154854e-16*v_10*v_11*v_12*v_13*v_21*v_22*v_23*v_24*v_9 - 2.04890481120916e-16*v_10*v_11*v_12*v_13*v_23*v_9 + 0.92274469442792*v_10*v_11*v_12*v_13*v_9 + 0.93206534790699*v_20*v_21*v_22*v_23*v_24
Post simplification
symp_time: 1.064244270324707
number of sums: 4
number of subs: 5
number of prods: 42
opt_time: 0.8688039779663086
     fun: 6.717854239933312
     jac: array([1., 1., 1., 1., 1., 1., 1., 1., 1., 1.])
 message: 'Optimization terminated successfully'
    nfev: 15
     nit: 9
    njev: 9
  status: 0
 success: True
       x: array([0.94357085, 0.4       , 0.94357085, 0.4       , 0.94357085,
       0.4       , 0.94357085, 0.4       , 0.94357085, 0.4       ])

real	0m6.255s
user	0m5.543s
sys	0m0.561s
Instance 11
[INFO] aspmc: Tree Decomposition #bags: 28 unfolded treewidth: 3 #vertices: 30
[INFO] aspmc: Preprocessing disabled
[INFO] aspmc:    Stats Compilation
[INFO] aspmc: ------------------------------------------------------------
[INFO] aspmc: X/D-Constrained Tree Decomposition #bags: 38 treewidth: 8 #vertices: 63
[INFO] aspmc: Dtree time:               2.0299041271209717
[INFO] aspmc: Compilation time:         0.015949726104736328
[INFO] aspmc: Preparation time:         0.00011444091796875
[INFO] aspmc: Counting time:            0.08862805366516113
[INFO] aspmc: ------------------------------------------------------------
[0.99::a0., 0.99::a1., 0.99::a2., 0.99::a3., 0.99::a4., 0.99::a5., 0.99::a6., 0.99::a7., 0.99::a8., 0.99::a9., 0.99::a10., 0.99::a11., 0.99::a12., 0.99::a13., 0.99::a14., 0.99::a15., 0.99::a16., 0.99::a17., 0.99::a18., 0.99::a19., 0.99::a20., 0.99::a21., 0.99::a22., 0.99::a23., 0.99::a24., qr:-a0,a2,a4,a6,a8,a10,a12,a14,a16,a18,a20,a22,a24., qr:-a1,a3,a5,a7,a9,a11,a13,a15,a17,a19,a21,a23,not nqr., nqr:-a1,a3,a5,a7,a9,a11,a13,a15,a17,a19,a21,a23,not qr., query(qr).]
tracc
nnf_construction_time: 3.2409231662750244
Pre simplification
number of sums: 947
number of prods: 2331
-0.868745812768978*v_10*v_11*v_12*v_13*v_20*v_21*v_22*v_23*v_24*v_8*v_9 + 1.0348004097016e-16*v_10*v_11*v_12*v_13*v_20*v_23*v_8*v_9 + 1.02445240560458e-16*v_10*v_11*v_12*v_13*v_21*v_22*v_23*v_24*v_8*v_9 - 2.06960081940319e-16*v_10*v_11*v_12*v_13*v_23*v_8*v_9 + 0.93206534790699*v_10*v_11*v_12*v_13*v_8*v_9 - 1.0348004097016e-16*v_20*v_21*v_22*v_23*v_24*v_8*v_9 + 0.93206534790699*v_20*v_21*v_22*v_23*v_24
Post simplification
symp_time: 1.0987958908081055
number of sums: 4
number of subs: 7
number of prods: 54
opt_time: 1.1132206916809082
     fun: 7.120169153887506
     jac: array([1., 1., 1., 1., 1., 1., 1., 1., 1., 1., 1.])
 message: 'Optimization terminated successfully'
    nfev: 13
     nit: 9
    njev: 9
  status: 0
 success: True
       x: array([0.94403383, 0.4       , 0.94403383, 0.4       , 0.94403383,
       0.4       , 0.94403383, 0.4       , 0.4       , 0.94403383,
       0.4       ])

real	0m6.484s
user	0m5.763s
sys	0m0.591s
Instance 12
[INFO] aspmc: Tree Decomposition #bags: 28 unfolded treewidth: 3 #vertices: 30
[INFO] aspmc: Preprocessing disabled
[INFO] aspmc:    Stats Compilation
[INFO] aspmc: ------------------------------------------------------------
[INFO] aspmc: X/D-Constrained Tree Decomposition #bags: 38 treewidth: 8 #vertices: 63
[INFO] aspmc: Dtree time:               2.0305228233337402
[INFO] aspmc: Compilation time:         0.0160830020904541
[INFO] aspmc: Preparation time:         0.00011920928955078125
[INFO] aspmc: Counting time:            0.08908319473266602
[INFO] aspmc: ------------------------------------------------------------
[0.99::a0., 0.99::a1., 0.99::a2., 0.99::a3., 0.99::a4., 0.99::a5., 0.99::a6., 0.99::a7., 0.99::a8., 0.99::a9., 0.99::a10., 0.99::a11., 0.99::a12., 0.99::a13., 0.99::a14., 0.99::a15., 0.99::a16., 0.99::a17., 0.99::a18., 0.99::a19., 0.99::a20., 0.99::a21., 0.99::a22., 0.99::a23., 0.99::a24., qr:-a0,a2,a4,a6,a8,a10,a12,a14,a16,a18,a20,a22,a24., qr:-a1,a3,a5,a7,a9,a11,a13,a15,a17,a19,a21,a23,not nqr., nqr:-a1,a3,a5,a7,a9,a11,a13,a15,a17,a19,a21,a23,not qr., query(qr).]
tracc
nnf_construction_time: 3.249863386154175
Pre simplification
number of sums: 947
number of prods: 2331
-0.877521022998968*v_10*v_11*v_12*v_13*v_19*v_20*v_21*v_22*v_23*v_24*v_8*v_9 - 1.0348004097016e-16*v_10*v_11*v_12*v_13*v_19*v_20*v_23*v_8*v_9 - 1.02445240560458e-16*v_10*v_11*v_12*v_13*v_21*v_22*v_24*v_8*v_9 + 0.93206534790699*v_10*v_11*v_12*v_13*v_8*v_9 - 1.04525293909252e-16*v_19*v_20*v_21*v_22*v_23*v_24*v_8*v_9 + 0.941480149401*v_19*v_20*v_21*v_22*v_23*v_24
Post simplification
symp_time: 1.1918861865997314
number of sums: 2
number of subs: 7
number of prods: 50
opt_time: 1.1683893203735352
     fun: 8.109263409801041
     jac: array([1., 1., 1., 1., 1., 1., 1., 1., 1., 1., 1., 1.])
 message: 'Optimization terminated successfully'
    nfev: 10
     nit: 10
    njev: 9
  status: 0
 success: True
       x: array([0.9515439, 0.4      , 0.9515439, 0.4      , 0.9515439, 0.4      ,
       0.9515439, 0.4      , 0.9515439, 0.4      , 0.9515439, 0.4      ])

real	0m6.655s
user	0m5.940s
sys	0m0.593s
Instance 13
[INFO] aspmc: Tree Decomposition #bags: 28 unfolded treewidth: 3 #vertices: 30
[INFO] aspmc: Preprocessing disabled
[INFO] aspmc:    Stats Compilation
[INFO] aspmc: ------------------------------------------------------------
[INFO] aspmc: X/D-Constrained Tree Decomposition #bags: 38 treewidth: 8 #vertices: 63
[INFO] aspmc: Dtree time:               2.0295493602752686
[INFO] aspmc: Compilation time:         0.01625537872314453
[INFO] aspmc: Preparation time:         0.00011563301086425781
[INFO] aspmc: Counting time:            0.0882716178894043
[INFO] aspmc: ------------------------------------------------------------
[0.99::a0., 0.99::a1., 0.99::a2., 0.99::a3., 0.99::a4., 0.99::a5., 0.99::a6., 0.99::a7., 0.99::a8., 0.99::a9., 0.99::a10., 0.99::a11., 0.99::a12., 0.99::a13., 0.99::a14., 0.99::a15., 0.99::a16., 0.99::a17., 0.99::a18., 0.99::a19., 0.99::a20., 0.99::a21., 0.99::a22., 0.99::a23., 0.99::a24., qr:-a0,a2,a4,a6,a8,a10,a12,a14,a16,a18,a20,a22,a24., qr:-a1,a3,a5,a7,a9,a11,a13,a15,a17,a19,a21,a23,not nqr., nqr:-a1,a3,a5,a7,a9,a11,a13,a15,a17,a19,a21,a23,not qr., query(qr).]
tracc
nnf_construction_time: 3.2430341243743896
Pre simplification
number of sums: 947
number of prods: 2331
-0.886384871716129*v_10*v_11*v_12*v_13*v_19*v_20*v_21*v_22*v_23*v_24*v_7*v_8*v_9 - 1.04525293909252e-16*v_10*v_11*v_12*v_13*v_19*v_20*v_23*v_7*v_8*v_9 - 1.0348004097016e-16*v_10*v_11*v_12*v_13*v_21*v_22*v_24*v_7*v_8*v_9 + 0.941480149401*v_10*v_11*v_12*v_13*v_7*v_8*v_9 + 0.941480149401*v_19*v_20*v_21*v_22*v_23*v_24
Post simplification
symp_time: 1.2064430713653564
number of sums: 2
number of subs: 5
number of prods: 46
opt_time: 1.2226614952087402
     fun: 8.510197401922245
     jac: array([1., 1., 1., 1., 1., 1., 1., 1., 1., 1., 1., 1., 1.])
 message: 'Optimization terminated successfully'
    nfev: 15
     nit: 9
    njev: 9
  status: 0
 success: True
       x: array([0.95169957, 0.4       , 0.95169957, 0.4       , 0.95169957,
       0.4       , 0.95169957, 0.4       , 0.4       , 0.95169957,
       0.4       , 0.95169957, 0.4       ])

real	0m6.726s
user	0m6.017s
sys	0m0.590s
Instance 14
[INFO] aspmc: Tree Decomposition #bags: 28 unfolded treewidth: 3 #vertices: 30
[INFO] aspmc: Preprocessing disabled
[INFO] aspmc:    Stats Compilation
[INFO] aspmc: ------------------------------------------------------------
[INFO] aspmc: X/D-Constrained Tree Decomposition #bags: 38 treewidth: 8 #vertices: 63
[INFO] aspmc: Dtree time:               2.0299665927886963
[INFO] aspmc: Compilation time:         0.0167081356048584
[INFO] aspmc: Preparation time:         0.00011205673217773438
[INFO] aspmc: Counting time:            0.08998394012451172
[INFO] aspmc: ------------------------------------------------------------
[0.99::a0., 0.99::a1., 0.99::a2., 0.99::a3., 0.99::a4., 0.99::a5., 0.99::a6., 0.99::a7., 0.99::a8., 0.99::a9., 0.99::a10., 0.99::a11., 0.99::a12., 0.99::a13., 0.99::a14., 0.99::a15., 0.99::a16., 0.99::a17., 0.99::a18., 0.99::a19., 0.99::a20., 0.99::a21., 0.99::a22., 0.99::a23., 0.99::a24., qr:-a0,a2,a4,a6,a8,a10,a12,a14,a16,a18,a20,a22,a24., qr:-a1,a3,a5,a7,a9,a11,a13,a15,a17,a19,a21,a23,not nqr., nqr:-a1,a3,a5,a7,a9,a11,a13,a15,a17,a19,a21,a23,not qr., query(qr).]
tracc
nnf_construction_time: 3.2474968433380127
Pre simplification
number of sums: 947
number of prods: 2331
-0.895338254258716*v_10*v_11*v_12*v_13*v_18*v_19*v_20*v_21*v_22*v_23*v_24*v_7*v_8*v_9 + 1.04525293909252e-16*v_10*v_11*v_12*v_13*v_18*v_19*v_20*v_23*v_7*v_8*v_9 + 1.0348004097016e-16*v_10*v_11*v_12*v_13*v_19*v_21*v_22*v_23*v_24*v_7*v_8*v_9 - 1.04525293909252e-16*v_10*v_11*v_12*v_13*v_19*v_23*v_7*v_8*v_9 - 1.0348004097016e-16*v_10*v_11*v_12*v_13*v_21*v_22*v_24*v_7*v_8*v_9 + 0.941480149401*v_10*v_11*v_12*v_13*v_7*v_8*v_9 + 0.9509900499*v_18*v_19*v_20*v_21*v_22*v_23*v_24
Post simplification
symp_time: 1.3173489570617676
number of sums: 4
number of subs: 7
number of prods: 70
opt_time: 1.723006248474121
     fun: 9.499552812088577
     jac: array([1., 1., 1., 1., 1., 1., 1., 1., 1., 1., 1., 1., 1., 1.])
 message: 'Optimization terminated successfully'
    nfev: 10
     nit: 10
    njev: 9
  status: 0
 success: True
       x: array([0.95707897, 0.4       , 0.95707897, 0.4       , 0.95707897,
       0.4       , 0.95707897, 0.4       , 0.95707897, 0.4       ,
       0.95707897, 0.4       , 0.95707897, 0.4       ])

real	0m7.347s
user	0m6.612s
sys	0m0.597s
Instance 15
[INFO] aspmc: Tree Decomposition #bags: 28 unfolded treewidth: 3 #vertices: 30
[INFO] aspmc: Preprocessing disabled
[INFO] aspmc:    Stats Compilation
[INFO] aspmc: ------------------------------------------------------------
[INFO] aspmc: X/D-Constrained Tree Decomposition #bags: 38 treewidth: 8 #vertices: 63
[INFO] aspmc: Dtree time:               2.036440849304199
[INFO] aspmc: Compilation time:         0.01578998565673828
[INFO] aspmc: Preparation time:         0.00011730194091796875
[INFO] aspmc: Counting time:            0.08755254745483398
[INFO] aspmc: ------------------------------------------------------------
[0.99::a0., 0.99::a1., 0.99::a2., 0.99::a3., 0.99::a4., 0.99::a5., 0.99::a6., 0.99::a7., 0.99::a8., 0.99::a9., 0.99::a10., 0.99::a11., 0.99::a12., 0.99::a13., 0.99::a14., 0.99::a15., 0.99::a16., 0.99::a17., 0.99::a18., 0.99::a19., 0.99::a20., 0.99::a21., 0.99::a22., 0.99::a23., 0.99::a24., qr:-a0,a2,a4,a6,a8,a10,a12,a14,a16,a18,a20,a22,a24., qr:-a1,a3,a5,a7,a9,a11,a13,a15,a17,a19,a21,a23,not nqr., nqr:-a1,a3,a5,a7,a9,a11,a13,a15,a17,a19,a21,a23,not qr., query(qr).]
tracc
nnf_construction_time: 3.247826337814331
Pre simplification
number of sums: 947
number of prods: 2331
-0.904382075008804*v_10*v_11*v_12*v_13*v_18*v_19*v_20*v_21*v_22*v_23*v_24*v_6*v_7*v_8*v_9 + 1.05581104958841e-16*v_10*v_11*v_12*v_13*v_18*v_19*v_20*v_23*v_6*v_7*v_8*v_9 + 1.04525293909252e-16*v_10*v_11*v_12*v_13*v_19*v_21*v_22*v_23*v_24*v_6*v_7*v_8*v_9 - 1.05581104958841e-16*v_10*v_11*v_12*v_13*v_19*v_23*v_6*v_7*v_8*v_9 - 1.04525293909252e-16*v_10*v_11*v_12*v_13*v_21*v_22*v_24*v_6*v_7*v_8*v_9 + 0.9509900499*v_10*v_11*v_12*v_13*v_6*v_7*v_8*v_9 - 1.05581104958841e-16*v_10*v_11*v_12*v_18*v_19*v_20*v_21*v_22*v_23*v_24*v_6*v_7*v_8*v_9 + 0.9509900499*v_18*v_19*v_20*v_21*v_22*v_23*v_24
Post simplification
symp_time: 1.3559880256652832
number of sums: 4
number of subs: 9
number of prods: 90
opt_time: 2.145624876022339
     fun: 9.899930900717834
     jac: array([1., 1., 1., 1., 1., 1., 1., 1., 1., 1., 1., 1., 1., 1., 1.])
 message: 'Optimization terminated successfully'
    nfev: 11
     nit: 8
    njev: 8
  status: 0
 success: True
       x: array([0.95713299, 0.4       , 0.95713299, 0.4       , 0.95713299,
       0.4       , 0.95713299, 0.4       , 0.4       , 0.95713299,
       0.4       , 0.95713299, 0.4       , 0.95713299, 0.4       ])

real	0m7.861s
user	0m7.121s
sys	0m0.582s
Instance 16
[INFO] aspmc: Tree Decomposition #bags: 28 unfolded treewidth: 3 #vertices: 30
[INFO] aspmc: Preprocessing disabled
[INFO] aspmc:    Stats Compilation
[INFO] aspmc: ------------------------------------------------------------
[INFO] aspmc: X/D-Constrained Tree Decomposition #bags: 38 treewidth: 8 #vertices: 63
[INFO] aspmc: Dtree time:               2.0298588275909424
[INFO] aspmc: Compilation time:         0.015622615814208984
[INFO] aspmc: Preparation time:         0.00010585784912109375
[INFO] aspmc: Counting time:            0.09175705909729004
[INFO] aspmc: ------------------------------------------------------------
[0.99::a0., 0.99::a1., 0.99::a2., 0.99::a3., 0.99::a4., 0.99::a5., 0.99::a6., 0.99::a7., 0.99::a8., 0.99::a9., 0.99::a10., 0.99::a11., 0.99::a12., 0.99::a13., 0.99::a14., 0.99::a15., 0.99::a16., 0.99::a17., 0.99::a18., 0.99::a19., 0.99::a20., 0.99::a21., 0.99::a22., 0.99::a23., 0.99::a24., qr:-a0,a2,a4,a6,a8,a10,a12,a14,a16,a18,a20,a22,a24., qr:-a1,a3,a5,a7,a9,a11,a13,a15,a17,a19,a21,a23,not nqr., nqr:-a1,a3,a5,a7,a9,a11,a13,a15,a17,a19,a21,a23,not qr., query(qr).]
tracc
nnf_construction_time: 3.247272253036499
Pre simplification
number of sums: 947
number of prods: 2331
-0.913517247483641*v_10*v_11*v_12*v_13*v_17*v_18*v_19*v_20*v_21*v_22*v_23*v_24*v_6*v_7*v_8*v_9 + 0.9509900499*v_10*v_11*v_12*v_13*v_6*v_7*v_8*v_9 - 1.06647580766506e-16*v_10*v_11*v_12*v_17*v_18*v_19*v_20*v_21*v_22*v_23*v_24*v_6*v_7*v_8*v_9 + 0.96059601*v_17*v_18*v_19*v_20*v_21*v_22*v_23*v_24
Post simplification
symp_time: 1.529494047164917
number of sums: 2
number of subs: 3
number of prods: 47
opt_time: 1.6167726516723633
     fun: 10.889447454190904
     jac: array([1., 1., 1., 1., 1., 1., 1., 1., 1., 1., 1., 1., 1., 1., 1., 1.])
 message: 'Optimization terminated successfully'
    nfev: 11
     nit: 10
    njev: 9
  status: 0
 success: True
       x: array([0.96118093, 0.4       , 0.96118093, 0.4       , 0.96118093,
       0.4       , 0.96118093, 0.4       , 0.96118093, 0.4       ,
       0.96118093, 0.4       , 0.96118093, 0.4       , 0.96118093,
       0.4       ])

real	0m7.467s
user	0m6.711s
sys	0m0.614s
Instance 17
[INFO] aspmc: Tree Decomposition #bags: 28 unfolded treewidth: 3 #vertices: 30
[INFO] aspmc: Preprocessing disabled
[INFO] aspmc:    Stats Compilation
[INFO] aspmc: ------------------------------------------------------------
[INFO] aspmc: X/D-Constrained Tree Decomposition #bags: 38 treewidth: 8 #vertices: 63
[INFO] aspmc: Dtree time:               2.0303523540496826
[INFO] aspmc: Compilation time:         0.015962600708007812
[INFO] aspmc: Preparation time:         0.000125885009765625
[INFO] aspmc: Counting time:            0.0888681411743164
[INFO] aspmc: ------------------------------------------------------------
[0.99::a0., 0.99::a1., 0.99::a2., 0.99::a3., 0.99::a4., 0.99::a5., 0.99::a6., 0.99::a7., 0.99::a8., 0.99::a9., 0.99::a10., 0.99::a11., 0.99::a12., 0.99::a13., 0.99::a14., 0.99::a15., 0.99::a16., 0.99::a17., 0.99::a18., 0.99::a19., 0.99::a20., 0.99::a21., 0.99::a22., 0.99::a23., 0.99::a24., qr:-a0,a2,a4,a6,a8,a10,a12,a14,a16,a18,a20,a22,a24., qr:-a1,a3,a5,a7,a9,a11,a13,a15,a17,a19,a21,a23,not nqr., nqr:-a1,a3,a5,a7,a9,a11,a13,a15,a17,a19,a21,a23,not qr., query(qr).]
tracc
nnf_construction_time: 3.2458441257476807
Pre simplification
number of sums: 947
number of prods: 2331
-0.92274469442792*v_10*v_11*v_12*v_13*v_17*v_18*v_19*v_20*v_21*v_22*v_23*v_24*v_5*v_6*v_7*v_8*v_9 + 0.96059601*v_10*v_11*v_12*v_13*v_5*v_6*v_7*v_8*v_9 + 0.96059601*v_17*v_18*v_19*v_20*v_21*v_22*v_23*v_24
Post simplification
symp_time: 1.5073611736297607
number of sums: 2
number of subs: 1
number of prods: 34
opt_time: 1.254279375076294
     fun: 11.289600641728496
     jac: array([1., 1., 1., 1., 1., 1., 1., 1., 1., 1., 1., 1., 1., 1., 1., 1., 1.])
 message: 'Optimization terminated successfully'
    nfev: 11
     nit: 8
    njev: 8
  status: 0
 success: True
       x: array([0.96120008, 0.4       , 0.96120008, 0.4       , 0.96120008,
       0.4       , 0.96120008, 0.4       , 0.4       , 0.96120008,
       0.4       , 0.96120008, 0.4       , 0.96120008, 0.4       ,
       0.96120008, 0.4       ])

real	0m7.075s
user	0m6.333s
sys	0m0.586s
Instance 18
[INFO] aspmc: Tree Decomposition #bags: 28 unfolded treewidth: 3 #vertices: 30
[INFO] aspmc: Preprocessing disabled
[INFO] aspmc:    Stats Compilation
[INFO] aspmc: ------------------------------------------------------------
[INFO] aspmc: X/D-Constrained Tree Decomposition #bags: 38 treewidth: 8 #vertices: 63
[INFO] aspmc: Dtree time:               2.0295376777648926
[INFO] aspmc: Compilation time:         0.01604914665222168
[INFO] aspmc: Preparation time:         0.00011324882507324219
[INFO] aspmc: Counting time:            0.08947324752807617
[INFO] aspmc: ------------------------------------------------------------
[0.99::a0., 0.99::a1., 0.99::a2., 0.99::a3., 0.99::a4., 0.99::a5., 0.99::a6., 0.99::a7., 0.99::a8., 0.99::a9., 0.99::a10., 0.99::a11., 0.99::a12., 0.99::a13., 0.99::a14., 0.99::a15., 0.99::a16., 0.99::a17., 0.99::a18., 0.99::a19., 0.99::a20., 0.99::a21., 0.99::a22., 0.99::a23., 0.99::a24., qr:-a0,a2,a4,a6,a8,a10,a12,a14,a16,a18,a20,a22,a24., qr:-a1,a3,a5,a7,a9,a11,a13,a15,a17,a19,a21,a23,not nqr., nqr:-a1,a3,a5,a7,a9,a11,a13,a15,a17,a19,a21,a23,not qr., query(qr).]
tracc
nnf_construction_time: 3.243893623352051
Pre simplification
number of sums: 947
number of prods: 2331
-0.93206534790699*v_10*v_11*v_12*v_13*v_16*v_17*v_18*v_19*v_20*v_21*v_22*v_23*v_24*v_5*v_6*v_7*v_8*v_9 + 0.96059601*v_10*v_11*v_12*v_13*v_5*v_6*v_7*v_8*v_9 + 0.970299*v_16*v_17*v_18*v_19*v_20*v_21*v_22*v_23*v_24
Post simplification
symp_time: 1.5248591899871826
number of sums: 2
number of subs: 1
number of prods: 36
opt_time: 1.5008649826049805
     fun: 12.279224185655233
     jac: array([1., 1., 1., 1., 1., 1., 1., 1., 1., 1., 1., 1., 1., 1., 1., 1., 1.,
       1.])
 message: 'Optimization terminated successfully'
    nfev: 15
     nit: 9
    njev: 9
  status: 0
 success: True
       x: array([0.96435824, 0.4       , 0.96435824, 0.4       , 0.96435824,
       0.4       , 0.96435824, 0.4       , 0.96435824, 0.4       ,
       0.96435824, 0.4       , 0.96435824, 0.4       , 0.96435824,
       0.4       , 0.96435824, 0.4       ])

real	0m7.338s
user	0m6.594s
sys	0m0.609s
Instance 19
[INFO] aspmc: Tree Decomposition #bags: 28 unfolded treewidth: 3 #vertices: 30
[INFO] aspmc: Preprocessing disabled
[INFO] aspmc:    Stats Compilation
[INFO] aspmc: ------------------------------------------------------------
[INFO] aspmc: X/D-Constrained Tree Decomposition #bags: 38 treewidth: 8 #vertices: 63
[INFO] aspmc: Dtree time:               2.0295159816741943
[INFO] aspmc: Compilation time:         0.015964984893798828
[INFO] aspmc: Preparation time:         0.00012302398681640625
[INFO] aspmc: Counting time:            0.08686470985412598
[INFO] aspmc: ------------------------------------------------------------
[0.99::a0., 0.99::a1., 0.99::a2., 0.99::a3., 0.99::a4., 0.99::a5., 0.99::a6., 0.99::a7., 0.99::a8., 0.99::a9., 0.99::a10., 0.99::a11., 0.99::a12., 0.99::a13., 0.99::a14., 0.99::a15., 0.99::a16., 0.99::a17., 0.99::a18., 0.99::a19., 0.99::a20., 0.99::a21., 0.99::a22., 0.99::a23., 0.99::a24., qr:-a0,a2,a4,a6,a8,a10,a12,a14,a16,a18,a20,a22,a24., qr:-a1,a3,a5,a7,a9,a11,a13,a15,a17,a19,a21,a23,not nqr., nqr:-a1,a3,a5,a7,a9,a11,a13,a15,a17,a19,a21,a23,not qr., query(qr).]
tracc
nnf_construction_time: 3.244075059890747
Pre simplification
number of sums: 947
number of prods: 2331
-0.941480149401*v_10*v_11*v_12*v_13*v_16*v_17*v_18*v_19*v_20*v_21*v_22*v_23*v_24*v_4*v_5*v_6*v_7*v_8*v_9 + 0.970299*v_10*v_11*v_12*v_13*v_4*v_5*v_6*v_7*v_8*v_9 + 0.970299*v_16*v_17*v_18*v_19*v_20*v_21*v_22*v_23*v_24
Post simplification
symp_time: 1.5135040283203125
number of sums: 2
number of subs: 1
number of prods: 38
opt_time: 1.6453125476837158
     fun: 12.679286238849807
     jac: array([1., 1., 1., 1., 1., 1., 1., 1., 1., 1., 1., 1., 1., 1., 1., 1., 1.,
       1., 1.])
 message: 'Optimization terminated successfully'
    nfev: 14
     nit: 9
    njev: 9
  status: 0
 success: True
       x: array([0.96436514, 0.4       , 0.96436514, 0.4       , 0.96436514,
       0.4       , 0.96436514, 0.4       , 0.4       , 0.96436514,
       0.4       , 0.96436514, 0.4       , 0.96436514, 0.4       ,
       0.96436514, 0.4       , 0.96436514, 0.4       ])

real	0m7.511s
user	0m6.781s
sys	0m0.556s
Instance 20
[INFO] aspmc: Tree Decomposition #bags: 28 unfolded treewidth: 3 #vertices: 30
[INFO] aspmc: Preprocessing disabled
[INFO] aspmc:    Stats Compilation
[INFO] aspmc: ------------------------------------------------------------
[INFO] aspmc: X/D-Constrained Tree Decomposition #bags: 38 treewidth: 8 #vertices: 63
[INFO] aspmc: Dtree time:               2.0293562412261963
[INFO] aspmc: Compilation time:         0.01606297492980957
[INFO] aspmc: Preparation time:         0.0001285076141357422
[INFO] aspmc: Counting time:            0.08936071395874023
[INFO] aspmc: ------------------------------------------------------------
[0.99::a0., 0.99::a1., 0.99::a2., 0.99::a3., 0.99::a4., 0.99::a5., 0.99::a6., 0.99::a7., 0.99::a8., 0.99::a9., 0.99::a10., 0.99::a11., 0.99::a12., 0.99::a13., 0.99::a14., 0.99::a15., 0.99::a16., 0.99::a17., 0.99::a18., 0.99::a19., 0.99::a20., 0.99::a21., 0.99::a22., 0.99::a23., 0.99::a24., qr:-a0,a2,a4,a6,a8,a10,a12,a14,a16,a18,a20,a22,a24., qr:-a1,a3,a5,a7,a9,a11,a13,a15,a17,a19,a21,a23,not nqr., nqr:-a1,a3,a5,a7,a9,a11,a13,a15,a17,a19,a21,a23,not qr., query(qr).]
tracc
nnf_construction_time: 3.2433531284332275
Pre simplification
number of sums: 947
number of prods: 2331
-0.9509900499*v_10*v_11*v_12*v_13*v_15*v_16*v_17*v_18*v_19*v_20*v_21*v_22*v_23*v_24*v_4*v_5*v_6*v_7*v_8*v_9 + 0.970299*v_10*v_11*v_12*v_13*v_4*v_5*v_6*v_7*v_8*v_9 + 0.9801*v_15*v_16*v_17*v_18*v_19*v_20*v_21*v_22*v_23*v_24
Post simplification
symp_time: 1.5570247173309326
number of sums: 2
number of subs: 1
number of prods: 40
opt_time: 1.7925808429718018
     fun: 13.668984658918935
     jac: array([1., 1., 1., 1., 1., 1., 1., 1., 1., 1., 1., 1., 1., 1., 1., 1., 1.,
       1., 1., 1.])
 message: 'Optimization terminated successfully'
    nfev: 14
     nit: 9
    njev: 9
  status: 0
 success: True
       x: array([0.96689847, 0.4       , 0.96689847, 0.4       , 0.96689847,
       0.4       , 0.96689847, 0.4       , 0.96689847, 0.4       ,
       0.96689847, 0.4       , 0.96689847, 0.4       , 0.96689847,
       0.4       , 0.96689847, 0.4       , 0.96689847, 0.4       ])

real	0m7.656s
user	0m6.910s
sys	0m0.608s
Instance 21
[INFO] aspmc: Tree Decomposition #bags: 28 unfolded treewidth: 3 #vertices: 30
[INFO] aspmc: Preprocessing disabled
[INFO] aspmc:    Stats Compilation
[INFO] aspmc: ------------------------------------------------------------
[INFO] aspmc: X/D-Constrained Tree Decomposition #bags: 38 treewidth: 8 #vertices: 63
[INFO] aspmc: Dtree time:               2.030592203140259
[INFO] aspmc: Compilation time:         0.015703201293945312
[INFO] aspmc: Preparation time:         0.00011301040649414062
[INFO] aspmc: Counting time:            0.08559966087341309
[INFO] aspmc: ------------------------------------------------------------
[0.99::a0., 0.99::a1., 0.99::a2., 0.99::a3., 0.99::a4., 0.99::a5., 0.99::a6., 0.99::a7., 0.99::a8., 0.99::a9., 0.99::a10., 0.99::a11., 0.99::a12., 0.99::a13., 0.99::a14., 0.99::a15., 0.99::a16., 0.99::a17., 0.99::a18., 0.99::a19., 0.99::a20., 0.99::a21., 0.99::a22., 0.99::a23., 0.99::a24., qr:-a0,a2,a4,a6,a8,a10,a12,a14,a16,a18,a20,a22,a24., qr:-a1,a3,a5,a7,a9,a11,a13,a15,a17,a19,a21,a23,not nqr., nqr:-a1,a3,a5,a7,a9,a11,a13,a15,a17,a19,a21,a23,not qr., query(qr).]
tracc
nnf_construction_time: 3.263899803161621
Pre simplification
number of sums: 947
number of prods: 2331
-0.96059601*v_10*v_11*v_12*v_13*v_15*v_16*v_17*v_18*v_19*v_20*v_21*v_22*v_23*v_24*v_3*v_4*v_5*v_6*v_7*v_8*v_9 + 0.9801*v_10*v_11*v_12*v_13*v_3*v_4*v_5*v_6*v_7*v_8*v_9 + 0.9801*v_15*v_16*v_17*v_18*v_19*v_20*v_21*v_22*v_23*v_24
Post simplification
symp_time: 1.5463781356811523
number of sums: 2
number of subs: 1
number of prods: 42
opt_time: 2.334179639816284
     fun: 14.06900978884326
     jac: array([1., 1., 1., 1., 1., 1., 1., 1., 1., 1., 1., 1., 1., 1., 1., 1., 1.,
       1., 1., 1., 1.])
 message: 'Optimization terminated successfully'
    nfev: 21
     nit: 13
    njev: 12
  status: 0
 success: True
       x: array([0.96690098, 0.4       , 0.96690098, 0.4       , 0.96690098,
       0.4       , 0.96690098, 0.4       , 0.4       , 0.96690098,
       0.4       , 0.96690098, 0.4       , 0.96690098, 0.4       ,
       0.96690098, 0.4       , 0.96690098, 0.4       , 0.96690098,
       0.4       ])

real	0m8.220s
user	0m7.477s
sys	0m0.574s
Instance 22
[INFO] aspmc: Tree Decomposition #bags: 28 unfolded treewidth: 3 #vertices: 30
[INFO] aspmc: Preprocessing disabled
[INFO] aspmc:    Stats Compilation
[INFO] aspmc: ------------------------------------------------------------
[INFO] aspmc: X/D-Constrained Tree Decomposition #bags: 38 treewidth: 8 #vertices: 63
[INFO] aspmc: Dtree time:               2.029482364654541
[INFO] aspmc: Compilation time:         0.015567779541015625
[INFO] aspmc: Preparation time:         0.00011324882507324219
[INFO] aspmc: Counting time:            0.0846865177154541
[INFO] aspmc: ------------------------------------------------------------
[0.99::a0., 0.99::a1., 0.99::a2., 0.99::a3., 0.99::a4., 0.99::a5., 0.99::a6., 0.99::a7., 0.99::a8., 0.99::a9., 0.99::a10., 0.99::a11., 0.99::a12., 0.99::a13., 0.99::a14., 0.99::a15., 0.99::a16., 0.99::a17., 0.99::a18., 0.99::a19., 0.99::a20., 0.99::a21., 0.99::a22., 0.99::a23., 0.99::a24., qr:-a0,a2,a4,a6,a8,a10,a12,a14,a16,a18,a20,a22,a24., qr:-a1,a3,a5,a7,a9,a11,a13,a15,a17,a19,a21,a23,not nqr., nqr:-a1,a3,a5,a7,a9,a11,a13,a15,a17,a19,a21,a23,not qr., query(qr).]
tracc
nnf_construction_time: 3.2368764877319336
Pre simplification
number of sums: 947
number of prods: 2331
-0.970299*v_10*v_11*v_12*v_13*v_15*v_16*v_17*v_18*v_19*v_20*v_21*v_22*v_23*v_24*v_27*v_3*v_4*v_5*v_6*v_7*v_8*v_9 + 0.9801*v_10*v_11*v_12*v_13*v_3*v_4*v_5*v_6*v_7*v_8*v_9 + 0.99*v_15*v_16*v_17*v_18*v_19*v_20*v_21*v_22*v_23*v_24*v_27
Post simplification
symp_time: 1.6027815341949463
number of sums: 2
number of subs: 1
number of prods: 44
opt_time: 2.044142961502075
     fun: 15.058762706449965
     jac: array([1., 1., 1., 1., 1., 1., 1., 1., 1., 1., 1., 1., 1., 1., 1., 1., 1.,
       1., 1., 1., 1., 1.])
 message: 'Optimization terminated successfully'
    nfev: 15
     nit: 9
    njev: 9
  status: 0
 success: True
       x: array([0.96897843, 0.4       , 0.96897843, 0.4       , 0.96897843,
       0.4       , 0.96897843, 0.96897843, 0.4       , 0.4       ,
       0.96897843, 0.4       , 0.96897843, 0.4       , 0.96897843,
       0.4       , 0.96897843, 0.4       , 0.96897843, 0.4       ,
       0.96897843, 0.4       ])

real	0m7.948s
user	0m7.224s
sys	0m0.554s
Instance 23
[INFO] aspmc: Tree Decomposition #bags: 28 unfolded treewidth: 3 #vertices: 30
[INFO] aspmc: Preprocessing disabled
[INFO] aspmc:    Stats Compilation
[INFO] aspmc: ------------------------------------------------------------
[INFO] aspmc: X/D-Constrained Tree Decomposition #bags: 38 treewidth: 8 #vertices: 63
[INFO] aspmc: Dtree time:               2.0276551246643066
[INFO] aspmc: Compilation time:         0.015264749526977539
[INFO] aspmc: Preparation time:         0.00011396408081054688
[INFO] aspmc: Counting time:            0.08115267753601074
[INFO] aspmc: ------------------------------------------------------------
[0.99::a0., 0.99::a1., 0.99::a2., 0.99::a3., 0.99::a4., 0.99::a5., 0.99::a6., 0.99::a7., 0.99::a8., 0.99::a9., 0.99::a10., 0.99::a11., 0.99::a12., 0.99::a13., 0.99::a14., 0.99::a15., 0.99::a16., 0.99::a17., 0.99::a18., 0.99::a19., 0.99::a20., 0.99::a21., 0.99::a22., 0.99::a23., 0.99::a24., qr:-a0,a2,a4,a6,a8,a10,a12,a14,a16,a18,a20,a22,a24., qr:-a1,a3,a5,a7,a9,a11,a13,a15,a17,a19,a21,a23,not nqr., nqr:-a1,a3,a5,a7,a9,a11,a13,a15,a17,a19,a21,a23,not qr., query(qr).]
tracc
nnf_construction_time: 3.2267966270446777
Pre simplification
number of sums: 947
number of prods: 2331
-0.9801*v_10*v_11*v_12*v_13*v_15*v_16*v_17*v_18*v_19*v_2*v_20*v_21*v_22*v_23*v_24*v_27*v_3*v_4*v_5*v_6*v_7*v_8*v_9 + 0.99*v_10*v_11*v_12*v_13*v_2*v_3*v_4*v_5*v_6*v_7*v_8*v_9 + 0.99*v_15*v_16*v_17*v_18*v_19*v_20*v_21*v_22*v_23*v_24*v_27
Post simplification
symp_time: 1.576695442199707
number of sums: 2
number of subs: 1
number of prods: 46
opt_time: 3.249387741088867
     fun: 18.316103857337584
     jac: array([1., 1., 1., 1., 1., 1., 1., 1., 1., 1., 1., 1., 1., 1., 1., 1., 1.,
       1., 1., 1., 1., 1., 1.])
 message: 'Optimization terminated successfully'
    nfev: 41
     nit: 22
    njev: 20
  status: 0
 success: True
       x: array([0.4       , 0.91384199, 0.4       , 0.91384199, 0.4       ,
       0.91384199, 0.4       , 0.91384199, 0.4       , 0.91384199,
       0.91384199, 0.99      , 0.91384199, 0.99      , 0.91384199,
       0.99      , 0.91384199, 0.99      , 0.91384199, 0.99      ,
       0.91384199, 0.4       , 0.91384199])

real	0m9.096s
user	0m8.346s
sys	0m0.608s
Instance 24
[INFO] aspmc: Tree Decomposition #bags: 28 unfolded treewidth: 3 #vertices: 30
[INFO] aspmc: Preprocessing disabled
[INFO] aspmc:    Stats Compilation
[INFO] aspmc: ------------------------------------------------------------
[INFO] aspmc: X/D-Constrained Tree Decomposition #bags: 38 treewidth: 8 #vertices: 63
[INFO] aspmc: Dtree time:               2.0303542613983154
[INFO] aspmc: Compilation time:         0.015469789505004883
[INFO] aspmc: Preparation time:         0.00010085105895996094
[INFO] aspmc: Counting time:            0.07949090003967285
[INFO] aspmc: ------------------------------------------------------------
[0.99::a0., 0.99::a1., 0.99::a2., 0.99::a3., 0.99::a4., 0.99::a5., 0.99::a6., 0.99::a7., 0.99::a8., 0.99::a9., 0.99::a10., 0.99::a11., 0.99::a12., 0.99::a13., 0.99::a14., 0.99::a15., 0.99::a16., 0.99::a17., 0.99::a18., 0.99::a19., 0.99::a20., 0.99::a21., 0.99::a22., 0.99::a23., 0.99::a24., qr:-a0,a2,a4,a6,a8,a10,a12,a14,a16,a18,a20,a22,a24., qr:-a1,a3,a5,a7,a9,a11,a13,a15,a17,a19,a21,a23,not nqr., nqr:-a1,a3,a5,a7,a9,a11,a13,a15,a17,a19,a21,a23,not qr., query(qr).]
tracc
nnf_construction_time: 3.2237296104431152
Pre simplification
number of sums: 947
number of prods: 2331
-0.99*v_10*v_11*v_12*v_13*v_15*v_16*v_17*v_18*v_19*v_2*v_20*v_21*v_22*v_23*v_24*v_26*v_27*v_3*v_4*v_5*v_6*v_7*v_8*v_9 + 0.99*v_10*v_11*v_12*v_13*v_2*v_3*v_4*v_5*v_6*v_7*v_8*v_9 + 1.0*v_15*v_16*v_17*v_18*v_19*v_20*v_21*v_22*v_23*v_24*v_26*v_27
Post simplification
symp_time: 1.403688669204712
number of sums: 2
number of subs: 1
number of prods: 48
opt_time: 3.3498873710632324
     fun: 18.78650333385358
     jac: array([1., 1., 1., 1., 1., 1., 1., 1., 1., 1., 1., 1., 1., 1., 1., 1., 1.,
       1., 1., 1., 1., 1., 1., 1.])
 message: 'Optimization terminated successfully'
    nfev: 48
     nit: 23
    njev: 20
  status: 0
 success: True
       x: array([0.4       , 0.91970861, 0.4       , 0.91970861, 0.4       ,
       0.91970861, 0.4       , 0.4       , 0.91970861, 0.4       ,
       0.91970861, 0.91970861, 0.99      , 0.91970861, 0.99      ,
       0.91970861, 0.99      , 0.91970861, 0.99      , 0.91970861,
       0.99      , 0.91970861, 0.4       , 0.91970861])

real	0m8.989s
user	0m8.285s
sys	0m0.569s
Instance 25
[INFO] aspmc: Tree Decomposition #bags: 28 unfolded treewidth: 3 #vertices: 30
[INFO] aspmc: Preprocessing disabled
[INFO] aspmc:    Stats Compilation
[INFO] aspmc: ------------------------------------------------------------
[INFO] aspmc: X/D-Constrained Tree Decomposition #bags: 38 treewidth: 8 #vertices: 63
[INFO] aspmc: Dtree time:               2.026125192642212
[INFO] aspmc: Compilation time:         0.014165163040161133
[INFO] aspmc: Preparation time:         0.00010037422180175781
[INFO] aspmc: Counting time:            0.08134627342224121
[INFO] aspmc: ------------------------------------------------------------
[0.99::a0., 0.99::a1., 0.99::a2., 0.99::a3., 0.99::a4., 0.99::a5., 0.99::a6., 0.99::a7., 0.99::a8., 0.99::a9., 0.99::a10., 0.99::a11., 0.99::a12., 0.99::a13., 0.99::a14., 0.99::a15., 0.99::a16., 0.99::a17., 0.99::a18., 0.99::a19., 0.99::a20., 0.99::a21., 0.99::a22., 0.99::a23., 0.99::a24., qr:-a0,a2,a4,a6,a8,a10,a12,a14,a16,a18,a20,a22,a24., qr:-a1,a3,a5,a7,a9,a11,a13,a15,a17,a19,a21,a23,not nqr., nqr:-a1,a3,a5,a7,a9,a11,a13,a15,a17,a19,a21,a23,not qr., query(qr).]
tracc
nnf_construction_time: 3.222806692123413
Pre simplification
number of sums: 947
number of prods: 2331
-v_1*v_10*v_11*v_12*v_13*v_15*v_16*v_17*v_18*v_19*v_2*v_20*v_21*v_22*v_23*v_24*v_26*v_27*v_3*v_4*v_5*v_6*v_7*v_8*v_9 + v_1*v_10*v_11*v_12*v_13*v_2*v_3*v_4*v_5*v_6*v_7*v_8*v_9 + v_15*v_16*v_17*v_18*v_19*v_20*v_21*v_22*v_23*v_24*v_26*v_27
Post simplification
symp_time: 1.328662633895874
number of sums: 2
number of subs: 1
number of prods: 47
opt_time: 3.3604958057403564
     fun: 14.845841073180656
     jac: array([1., 1., 1., 1., 1., 1., 1., 1., 1., 1., 1., 1., 1., 1., 1., 1., 1.,
       1., 1., 1., 1., 1., 1., 1., 1.])
 message: 'Optimization terminated successfully'
    nfev: 52
     nit: 28
    njev: 26
  status: 0
 success: True
       x: array([0.4       , 0.93842679, 0.4       , 0.4       , 0.4       ,
       0.4       , 0.4       , 0.93842679, 0.4       , 0.93842679,
       0.4       , 0.93842679, 0.4       , 0.4       , 0.93842679,
       0.4       , 0.93842679, 0.4       , 0.93842679, 0.4       ,
       0.93842679, 0.4       , 0.93842679, 0.4       , 0.4       ])

real	0m8.862s
user	0m8.158s
sys	0m0.583s
Ended at: 
Sat Dec  9 09:19:40 CET 2023
