Started at: 
Sat Dec  9 09:16:56 CET 2023
Instance 2
[INFO] aspmc: Tree Decomposition #bags: 18 unfolded treewidth: 3 #vertices: 20
[INFO] aspmc: Preprocessing disabled
[INFO] aspmc:    Stats Compilation
[INFO] aspmc: ------------------------------------------------------------
[INFO] aspmc: X/D-Constrained Tree Decomposition #bags: 23 treewidth: 7 #vertices: 38
[INFO] aspmc: Dtree time:               2.0233566761016846
[INFO] aspmc: Compilation time:         0.014970779418945312
[INFO] aspmc: Preparation time:         0.00010395050048828125
[INFO] aspmc: Counting time:            0.03870391845703125
[INFO] aspmc: ------------------------------------------------------------
[0.99::a0., 0.99::a1., 0.99::a2., 0.99::a3., 0.99::a4., 0.99::a5., 0.99::a6., 0.99::a7., 0.99::a8., 0.99::a9., 0.99::a10., 0.99::a11., 0.99::a12., 0.99::a13., 0.99::a14., qr:-a0,a2,a4,a6,a8,a10,a12,a14., qr:-a1,a3,a5,a7,a9,a11,a13,not nqr., nqr:-a1,a3,a5,a7,a9,a11,a13,not qr., query(qr).]
tracc
nnf_construction_time: 3.180208444595337
Pre simplification
number of sums: 199
number of prods: 397
-0.877521022998968*v_17*v_8 + 0.941480149401*v_17 + 0.93206534790699*v_8
Post simplification
symp_time: 0.3529021739959717
number of sums: 2
number of subs: 1
number of prods: 4
opt_time: 0.07995367050170898
     fun: 0.9635097468061841
     jac: array([1., 1.])
 message: 'Optimization terminated successfully'
    nfev: 5
     nit: 5
    njev: 5
  status: 0
 success: True
       x: array([0.51175487, 0.45175487])

real	0m4.770s
user	0m3.953s
sys	0m0.684s
Instance 3
[INFO] aspmc: Tree Decomposition #bags: 18 unfolded treewidth: 3 #vertices: 20
[INFO] aspmc: Preprocessing disabled
[INFO] aspmc:    Stats Compilation
[INFO] aspmc: ------------------------------------------------------------
[INFO] aspmc: X/D-Constrained Tree Decomposition #bags: 23 treewidth: 7 #vertices: 38
[INFO] aspmc: Dtree time:               2.0217947959899902
[INFO] aspmc: Compilation time:         0.014852046966552734
[INFO] aspmc: Preparation time:         8.726119995117188e-05
[INFO] aspmc: Counting time:            0.038846492767333984
[INFO] aspmc: ------------------------------------------------------------
[0.99::a0., 0.99::a1., 0.99::a2., 0.99::a3., 0.99::a4., 0.99::a5., 0.99::a6., 0.99::a7., 0.99::a8., 0.99::a9., 0.99::a10., 0.99::a11., 0.99::a12., 0.99::a13., 0.99::a14., qr:-a0,a2,a4,a6,a8,a10,a12,a14., qr:-a1,a3,a5,a7,a9,a11,a13,not nqr., nqr:-a1,a3,a5,a7,a9,a11,a13,not qr., query(qr).]
tracc
nnf_construction_time: 3.1805455684661865
Pre simplification
number of sums: 199
number of prods: 397
-0.886384871716129*v_17*v_7*v_8 + 0.941480149401*v_17 + 0.941480149401*v_7*v_8
Post simplification
symp_time: 0.39220643043518066
number of sums: 2
number of subs: 1
number of prods: 6
opt_time: 0.17872309684753418
     fun: 1.7220322451220582
     jac: array([1., 1., 1.])
 message: 'Optimization terminated successfully'
    nfev: 4
     nit: 4
    njev: 4
  status: 0
 success: True
       x: array([0.55401075, 0.61401075, 0.55401075])

real	0m4.811s
user	0m4.022s
sys	0m0.668s
Instance 4
[INFO] aspmc: Tree Decomposition #bags: 18 unfolded treewidth: 3 #vertices: 20
[INFO] aspmc: Preprocessing disabled
[INFO] aspmc:    Stats Compilation
[INFO] aspmc: ------------------------------------------------------------
[INFO] aspmc: X/D-Constrained Tree Decomposition #bags: 23 treewidth: 7 #vertices: 38
[INFO] aspmc: Dtree time:               2.0215225219726562
[INFO] aspmc: Compilation time:         0.01446843147277832
[INFO] aspmc: Preparation time:         8.058547973632812e-05
[INFO] aspmc: Counting time:            0.037120819091796875
[INFO] aspmc: ------------------------------------------------------------
[0.99::a0., 0.99::a1., 0.99::a2., 0.99::a3., 0.99::a4., 0.99::a5., 0.99::a6., 0.99::a7., 0.99::a8., 0.99::a9., 0.99::a10., 0.99::a11., 0.99::a12., 0.99::a13., 0.99::a14., qr:-a0,a2,a4,a6,a8,a10,a12,a14., qr:-a1,a3,a5,a7,a9,a11,a13,not nqr., nqr:-a1,a3,a5,a7,a9,a11,a13,not qr., query(qr).]
tracc
nnf_construction_time: 3.175231695175171
Pre simplification
number of sums: 199
number of prods: 397
-0.895338254258716*v_16*v_17*v_7*v_8 + 0.9509900499*v_16*v_17 + 1.04525293909252e-16*v_16*v_7*v_8 + 0.941480149401*v_7*v_8
Post simplification
symp_time: 0.42465949058532715
number of sums: 3
number of subs: 2
number of prods: 11
opt_time: 0.4923992156982422
     fun: 2.7574382591386533
     jac: array([1., 1., 1., 1.])
 message: 'Optimization terminated successfully'
    nfev: 5
     nit: 5
    njev: 5
  status: 0
 success: True
       x: array([0.71935956, 0.65935956, 0.71935956, 0.65935956])

real	0m5.160s
user	0m4.355s
sys	0m0.660s
Instance 5
[INFO] aspmc: Tree Decomposition #bags: 18 unfolded treewidth: 3 #vertices: 20
[INFO] aspmc: Preprocessing disabled
[INFO] aspmc:    Stats Compilation
[INFO] aspmc: ------------------------------------------------------------
[INFO] aspmc: X/D-Constrained Tree Decomposition #bags: 23 treewidth: 7 #vertices: 38
[INFO] aspmc: Dtree time:               2.021711826324463
[INFO] aspmc: Compilation time:         0.015307188034057617
[INFO] aspmc: Preparation time:         8.368492126464844e-05
[INFO] aspmc: Counting time:            0.03768467903137207
[INFO] aspmc: ------------------------------------------------------------
[0.99::a0., 0.99::a1., 0.99::a2., 0.99::a3., 0.99::a4., 0.99::a5., 0.99::a6., 0.99::a7., 0.99::a8., 0.99::a9., 0.99::a10., 0.99::a11., 0.99::a12., 0.99::a13., 0.99::a14., qr:-a0,a2,a4,a6,a8,a10,a12,a14., qr:-a1,a3,a5,a7,a9,a11,a13,not nqr., nqr:-a1,a3,a5,a7,a9,a11,a13,not qr., query(qr).]
tracc
nnf_construction_time: 3.1760759353637695
Pre simplification
number of sums: 199
number of prods: 397
-0.904382075008804*v_16*v_17*v_6*v_7*v_8 + 0.9509900499*v_16*v_17 + 1.05581104958841e-16*v_16*v_6*v_7*v_8 + 0.9509900499*v_6*v_7*v_8
Post simplification
symp_time: 0.4598233699798584
number of sums: 3
number of subs: 2
number of prods: 14
opt_time: 0.9206809997558594
     fun: 3.6315158426394736
     jac: array([1., 1., 1., 1., 1.])
 message: 'Optimization terminated successfully'
    nfev: 5
     nit: 5
    njev: 5
  status: 0
 success: True
       x: array([0.70230317, 0.76230317, 0.70230317, 0.76230317, 0.70230317])

real	0m5.607s
user	0m4.813s
sys	0m0.671s
Instance 6
[INFO] aspmc: Tree Decomposition #bags: 18 unfolded treewidth: 3 #vertices: 20
[INFO] aspmc: Preprocessing disabled
[INFO] aspmc:    Stats Compilation
[INFO] aspmc: ------------------------------------------------------------
[INFO] aspmc: X/D-Constrained Tree Decomposition #bags: 23 treewidth: 7 #vertices: 38
[INFO] aspmc: Dtree time:               2.0226645469665527
[INFO] aspmc: Compilation time:         0.014808893203735352
[INFO] aspmc: Preparation time:         8.654594421386719e-05
[INFO] aspmc: Counting time:            0.03833436965942383
[INFO] aspmc: ------------------------------------------------------------
[0.99::a0., 0.99::a1., 0.99::a2., 0.99::a3., 0.99::a4., 0.99::a5., 0.99::a6., 0.99::a7., 0.99::a8., 0.99::a9., 0.99::a10., 0.99::a11., 0.99::a12., 0.99::a13., 0.99::a14., qr:-a0,a2,a4,a6,a8,a10,a12,a14., qr:-a1,a3,a5,a7,a9,a11,a13,not nqr., nqr:-a1,a3,a5,a7,a9,a11,a13,not qr., query(qr).]
tracc
nnf_construction_time: 3.179377317428589
Pre simplification
number of sums: 199
number of prods: 397
-0.913517247483641*v_15*v_16*v_17*v_6*v_7*v_8 + 0.96059601*v_15*v_16*v_17 - 1.05581104958841e-16*v_15*v_6*v_7*v_8 + 0.9509900499*v_6*v_7*v_8
Post simplification
symp_time: 0.5319361686706543
number of sums: 2
number of subs: 3
number of prods: 16
opt_time: 1.5669491291046143
     fun: 4.658475540939322
     jac: array([1., 1., 1., 1., 1., 1.])
 message: 'Optimization terminated successfully'
    nfev: 6
     nit: 5
    njev: 5
  status: 0
 success: True
       x: array([0.80641259, 0.74641259, 0.80641259, 0.74641259, 0.80641259,
       0.74641259])

real	0m6.343s
user	0m5.521s
sys	0m0.702s
Instance 7
[INFO] aspmc: Tree Decomposition #bags: 18 unfolded treewidth: 3 #vertices: 20
[INFO] aspmc: Preprocessing disabled
[INFO] aspmc:    Stats Compilation
[INFO] aspmc: ------------------------------------------------------------
[INFO] aspmc: X/D-Constrained Tree Decomposition #bags: 23 treewidth: 7 #vertices: 38
[INFO] aspmc: Dtree time:               2.0219602584838867
[INFO] aspmc: Compilation time:         0.014496564865112305
[INFO] aspmc: Preparation time:         8.20159912109375e-05
[INFO] aspmc: Counting time:            0.03673839569091797
[INFO] aspmc: ------------------------------------------------------------
[0.99::a0., 0.99::a1., 0.99::a2., 0.99::a3., 0.99::a4., 0.99::a5., 0.99::a6., 0.99::a7., 0.99::a8., 0.99::a9., 0.99::a10., 0.99::a11., 0.99::a12., 0.99::a13., 0.99::a14., qr:-a0,a2,a4,a6,a8,a10,a12,a14., qr:-a1,a3,a5,a7,a9,a11,a13,not nqr., nqr:-a1,a3,a5,a7,a9,a11,a13,not qr., query(qr).]
tracc
nnf_construction_time: 3.180743455886841
Pre simplification
number of sums: 199
number of prods: 397
-0.92274469442792*v_15*v_16*v_17*v_5*v_6*v_7*v_8 + 0.96059601*v_15*v_16*v_17 - 1.06647580766506e-16*v_15*v_5*v_6*v_7*v_8 + 0.96059601*v_5*v_6*v_7*v_8
Post simplification
symp_time: 0.5612668991088867
number of sums: 2
number of subs: 3
number of prods: 19
opt_time: 2.9004437923431396
     fun: 5.565137260854884
     jac: array([1., 1., 1., 1., 1., 1., 1.])
 message: 'Optimization terminated successfully'
    nfev: 7
     nit: 6
    njev: 6
  status: 0
 success: True
       x: array([0.76930532, 0.82930532, 0.76930532, 0.82930532, 0.76930532,
       0.82930532, 0.76930532])

real	0m7.715s
user	0m6.913s
sys	0m0.677s
Instance 8
[INFO] aspmc: Tree Decomposition #bags: 18 unfolded treewidth: 3 #vertices: 20
[INFO] aspmc: Preprocessing disabled
[INFO] aspmc:    Stats Compilation
[INFO] aspmc: ------------------------------------------------------------
[INFO] aspmc: X/D-Constrained Tree Decomposition #bags: 23 treewidth: 7 #vertices: 38
[INFO] aspmc: Dtree time:               2.021756649017334
[INFO] aspmc: Compilation time:         0.014849185943603516
[INFO] aspmc: Preparation time:         8.082389831542969e-05
[INFO] aspmc: Counting time:            0.03785967826843262
[INFO] aspmc: ------------------------------------------------------------
[0.99::a0., 0.99::a1., 0.99::a2., 0.99::a3., 0.99::a4., 0.99::a5., 0.99::a6., 0.99::a7., 0.99::a8., 0.99::a9., 0.99::a10., 0.99::a11., 0.99::a12., 0.99::a13., 0.99::a14., qr:-a0,a2,a4,a6,a8,a10,a12,a14., qr:-a1,a3,a5,a7,a9,a11,a13,not nqr., nqr:-a1,a3,a5,a7,a9,a11,a13,not qr., query(qr).]
tracc
nnf_construction_time: 3.176769733428955
Pre simplification
number of sums: 199
number of prods: 397
-0.93206534790699*v_14*v_15*v_16*v_17*v_5*v_6*v_7*v_8 + 0.970299*v_14*v_15*v_16*v_17 + 0.96059601*v_5*v_6*v_7*v_8
Post simplification
symp_time: 0.5893576145172119
number of sums: 2
number of subs: 1
number of prods: 16
opt_time: 7.560734510421753
     fun: 6.593503258949091
     jac: array([1., 1., 1., 1., 1., 1., 1., 1.])
 message: 'Optimization terminated successfully'
    nfev: 14
     nit: 11
    njev: 11
  status: 0
 success: True
       x: array([0.79418791, 0.85418791, 0.79418791, 0.85418791, 0.79418791,
       0.85418791, 0.79418791, 0.85418791])

real	0m12.381s
user	0m11.521s
sys	0m0.718s
Instance 9
[INFO] aspmc: Tree Decomposition #bags: 18 unfolded treewidth: 3 #vertices: 20
[INFO] aspmc: Preprocessing disabled
[INFO] aspmc:    Stats Compilation
[INFO] aspmc: ------------------------------------------------------------
[INFO] aspmc: X/D-Constrained Tree Decomposition #bags: 23 treewidth: 7 #vertices: 38
[INFO] aspmc: Dtree time:               2.020656108856201
[INFO] aspmc: Compilation time:         0.014554500579833984
[INFO] aspmc: Preparation time:         8.344650268554688e-05
[INFO] aspmc: Counting time:            0.03574109077453613
[INFO] aspmc: ------------------------------------------------------------
[0.99::a0., 0.99::a1., 0.99::a2., 0.99::a3., 0.99::a4., 0.99::a5., 0.99::a6., 0.99::a7., 0.99::a8., 0.99::a9., 0.99::a10., 0.99::a11., 0.99::a12., 0.99::a13., 0.99::a14., qr:-a0,a2,a4,a6,a8,a10,a12,a14., qr:-a1,a3,a5,a7,a9,a11,a13,not nqr., nqr:-a1,a3,a5,a7,a9,a11,a13,not qr., query(qr).]
tracc
nnf_construction_time: 3.171353340148926
Pre simplification
number of sums: 199
number of prods: 397
-0.941480149401*v_14*v_15*v_16*v_17*v_4*v_5*v_6*v_7*v_8 + 0.970299*v_14*v_15*v_16*v_17 + 0.970299*v_4*v_5*v_6*v_7*v_8
Post simplification
symp_time: 0.578620195388794
number of sums: 2
number of subs: 1
number of prods: 18
opt_time: 6.715552568435669
     fun: 7.508909080059421
     jac: array([1., 1., 1., 1., 1., 1., 1., 1., 1.])
 message: 'Optimization terminated successfully'
    nfev: 7
     nit: 7
    njev: 7
  status: 0
 success: True
       x: array([0.80765656, 0.86765656, 0.80765656, 0.86765656, 0.80765656,
       0.86765656, 0.80765656, 0.86765656, 0.80765656])

real	0m11.481s
user	0m10.677s
sys	0m0.668s
Instance 10
[INFO] aspmc: Tree Decomposition #bags: 18 unfolded treewidth: 3 #vertices: 20
[INFO] aspmc: Preprocessing disabled
[INFO] aspmc:    Stats Compilation
[INFO] aspmc: ------------------------------------------------------------
[INFO] aspmc: X/D-Constrained Tree Decomposition #bags: 23 treewidth: 7 #vertices: 38
[INFO] aspmc: Dtree time:               2.0206058025360107
[INFO] aspmc: Compilation time:         0.01439666748046875
[INFO] aspmc: Preparation time:         8.821487426757812e-05
[INFO] aspmc: Counting time:            0.03473687171936035
[INFO] aspmc: ------------------------------------------------------------
[0.99::a0., 0.99::a1., 0.99::a2., 0.99::a3., 0.99::a4., 0.99::a5., 0.99::a6., 0.99::a7., 0.99::a8., 0.99::a9., 0.99::a10., 0.99::a11., 0.99::a12., 0.99::a13., 0.99::a14., qr:-a0,a2,a4,a6,a8,a10,a12,a14., qr:-a1,a3,a5,a7,a9,a11,a13,not nqr., nqr:-a1,a3,a5,a7,a9,a11,a13,not qr., query(qr).]
tracc
nnf_construction_time: 3.1718814373016357
Pre simplification
number of sums: 199
number of prods: 397
-0.9509900499*v_13*v_14*v_15*v_16*v_17*v_4*v_5*v_6*v_7*v_8 + 0.9801*v_13*v_14*v_15*v_16*v_17 + 0.970299*v_4*v_5*v_6*v_7*v_8
Post simplification
symp_time: 0.5887949466705322
number of sums: 2
number of subs: 1
number of prods: 20
opt_time: 13.438812494277954
     fun: 8.53626693214533
     jac: array([1., 1., 1., 1., 1., 1., 1., 1., 1., 1.])
 message: 'Optimization terminated successfully'
    nfev: 22
     nit: 11
    njev: 11
  status: 0
 success: True
       x: array([0.82362669, 0.88362669, 0.82362669, 0.88362669, 0.82362669,
       0.88362669, 0.82362669, 0.88362669, 0.82362669, 0.88362669])

real	0m18.198s
user	0m17.330s
sys	0m0.722s
Instance 11
[INFO] aspmc: Tree Decomposition #bags: 18 unfolded treewidth: 3 #vertices: 20
[INFO] aspmc: Preprocessing disabled
[INFO] aspmc:    Stats Compilation
[INFO] aspmc: ------------------------------------------------------------
[INFO] aspmc: X/D-Constrained Tree Decomposition #bags: 23 treewidth: 7 #vertices: 38
[INFO] aspmc: Dtree time:               2.0176703929901123
[INFO] aspmc: Compilation time:         0.011567115783691406
[INFO] aspmc: Preparation time:         7.128715515136719e-05
[INFO] aspmc: Counting time:            0.03162884712219238
[INFO] aspmc: ------------------------------------------------------------
[0.99::a0., 0.99::a1., 0.99::a2., 0.99::a3., 0.99::a4., 0.99::a5., 0.99::a6., 0.99::a7., 0.99::a8., 0.99::a9., 0.99::a10., 0.99::a11., 0.99::a12., 0.99::a13., 0.99::a14., qr:-a0,a2,a4,a6,a8,a10,a12,a14., qr:-a1,a3,a5,a7,a9,a11,a13,not nqr., nqr:-a1,a3,a5,a7,a9,a11,a13,not qr., query(qr).]
tracc
nnf_construction_time: 3.1494381427764893
Pre simplification
number of sums: 199
number of prods: 397
-0.96059601*v_13*v_14*v_15*v_16*v_17*v_3*v_4*v_5*v_6*v_7*v_8 + 0.9801*v_13*v_14*v_15*v_16*v_17 + 0.9801*v_3*v_4*v_5*v_6*v_7*v_8
Post simplification
symp_time: 0.5081236362457275
number of sums: 2
number of subs: 1
number of prods: 22
opt_time: 16.866650819778442
     fun: 9.456779778216028
     jac: array([1., 1., 1., 1., 1., 1., 1., 1., 1., 1., 1.])
 message: 'Optimization terminated successfully'
    nfev: 16
     nit: 12
    njev: 11
  status: 0
 success: True
       x: array([0.89243453, 0.83243453, 0.89243453, 0.83243453, 0.89243453,
       0.83243453, 0.89243453, 0.83243453, 0.83243453, 0.89243453,
       0.83243453])

real	0m21.461s
user	0m20.597s
sys	0m0.709s
Instance 12
[INFO] aspmc: Tree Decomposition #bags: 18 unfolded treewidth: 3 #vertices: 20
[INFO] aspmc: Preprocessing disabled
[INFO] aspmc:    Stats Compilation
[INFO] aspmc: ------------------------------------------------------------
[INFO] aspmc: X/D-Constrained Tree Decomposition #bags: 23 treewidth: 7 #vertices: 38
[INFO] aspmc: Dtree time:               2.0181779861450195
[INFO] aspmc: Compilation time:         0.01205301284790039
[INFO] aspmc: Preparation time:         7.891654968261719e-05
[INFO] aspmc: Counting time:            0.029606103897094727
[INFO] aspmc: ------------------------------------------------------------
[0.99::a0., 0.99::a1., 0.99::a2., 0.99::a3., 0.99::a4., 0.99::a5., 0.99::a6., 0.99::a7., 0.99::a8., 0.99::a9., 0.99::a10., 0.99::a11., 0.99::a12., 0.99::a13., 0.99::a14., qr:-a0,a2,a4,a6,a8,a10,a12,a14., qr:-a1,a3,a5,a7,a9,a11,a13,not nqr., nqr:-a1,a3,a5,a7,a9,a11,a13,not qr., query(qr).]
tracc
nnf_construction_time: 3.146104335784912
Pre simplification
number of sums: 199
number of prods: 397
-0.970299*v_12*v_13*v_14*v_15*v_16*v_17*v_3*v_4*v_5*v_6*v_7*v_8 + 0.99*v_12*v_13*v_14*v_15*v_16*v_17 + 0.9801*v_3*v_4*v_5*v_6*v_7*v_8
Post simplification
symp_time: 0.5311617851257324
number of sums: 2
number of subs: 1
number of prods: 24
opt_time: 27.034829139709473
     fun: 10.477069631962
     jac: array([1., 1., 1., 1., 1., 1., 1., 1., 1., 1., 1., 1.])
 message: 'Optimization terminated successfully'
    nfev: 17
     nit: 13
    njev: 12
  status: 0
 success: True
       x: array([0.90308914, 0.84308914, 0.90308914, 0.84308914, 0.90308914,
       0.84308914, 0.90308914, 0.84308914, 0.90308914, 0.84308914,
       0.90308914, 0.84308914])

real	0m31.652s
user	0m30.819s
sys	0m0.676s
Instance 13
[INFO] aspmc: Tree Decomposition #bags: 18 unfolded treewidth: 3 #vertices: 20
[INFO] aspmc: Preprocessing disabled
[INFO] aspmc:    Stats Compilation
[INFO] aspmc: ------------------------------------------------------------
[INFO] aspmc: X/D-Constrained Tree Decomposition #bags: 23 treewidth: 7 #vertices: 38
[INFO] aspmc: Dtree time:               2.021655559539795
[INFO] aspmc: Compilation time:         0.014519691467285156
[INFO] aspmc: Preparation time:         9.250640869140625e-05
[INFO] aspmc: Counting time:            0.03602147102355957
[INFO] aspmc: ------------------------------------------------------------
[0.99::a0., 0.99::a1., 0.99::a2., 0.99::a3., 0.99::a4., 0.99::a5., 0.99::a6., 0.99::a7., 0.99::a8., 0.99::a9., 0.99::a10., 0.99::a11., 0.99::a12., 0.99::a13., 0.99::a14., qr:-a0,a2,a4,a6,a8,a10,a12,a14., qr:-a1,a3,a5,a7,a9,a11,a13,not nqr., nqr:-a1,a3,a5,a7,a9,a11,a13,not qr., query(qr).]
tracc
nnf_construction_time: 3.174600601196289
Pre simplification
number of sums: 199
number of prods: 397
-0.9801*v_12*v_13*v_14*v_15*v_16*v_17*v_2*v_3*v_4*v_5*v_6*v_7*v_8 + 0.99*v_12*v_13*v_14*v_15*v_16*v_17 + 0.99*v_2*v_3*v_4*v_5*v_6*v_7*v_8
Post simplification
symp_time: 0.644655704498291
number of sums: 2
number of subs: 1
number of prods: 26
opt_time: 34.516316413879395
     fun: 11.405971009805823
     jac: array([1., 1., 1., 1., 1., 1., 1., 1., 1., 1., 1., 1., 1.])
 message: 'Optimization terminated successfully'
    nfev: 17
     nit: 13
    njev: 12
  status: 0
 success: True
       x: array([0.90969008, 0.84969008, 0.90969008, 0.84969008, 0.90969008,
       0.84969008, 0.90969008, 0.84969008, 0.84969008, 0.90969008,
       0.84969008, 0.90969008, 0.84969008])

real	0m39.403s
user	0m38.520s
sys	0m0.693s
Instance 14
[INFO] aspmc: Tree Decomposition #bags: 18 unfolded treewidth: 3 #vertices: 20
[INFO] aspmc: Preprocessing disabled
[INFO] aspmc:    Stats Compilation
[INFO] aspmc: ------------------------------------------------------------
[INFO] aspmc: X/D-Constrained Tree Decomposition #bags: 23 treewidth: 7 #vertices: 38
[INFO] aspmc: Dtree time:               2.019724130630493
[INFO] aspmc: Compilation time:         0.014127731323242188
[INFO] aspmc: Preparation time:         8.177757263183594e-05
[INFO] aspmc: Counting time:            0.031790733337402344
[INFO] aspmc: ------------------------------------------------------------
[0.99::a0., 0.99::a1., 0.99::a2., 0.99::a3., 0.99::a4., 0.99::a5., 0.99::a6., 0.99::a7., 0.99::a8., 0.99::a9., 0.99::a10., 0.99::a11., 0.99::a12., 0.99::a13., 0.99::a14., qr:-a0,a2,a4,a6,a8,a10,a12,a14., qr:-a1,a3,a5,a7,a9,a11,a13,not nqr., nqr:-a1,a3,a5,a7,a9,a11,a13,not qr., query(qr).]
tracc
nnf_construction_time: 3.159419536590576
Pre simplification
number of sums: 199
number of prods: 397
-0.99*v_11*v_12*v_13*v_14*v_15*v_16*v_17*v_2*v_3*v_4*v_5*v_6*v_7*v_8 + 1.0*v_11*v_12*v_13*v_14*v_15*v_16*v_17 + 0.99*v_2*v_3*v_4*v_5*v_6*v_7*v_8
Post simplification
symp_time: 0.5421609878540039
number of sums: 2
number of subs: 1
number of prods: 28
opt_time: 38.86574339866638
     fun: 12.424649063961452
     jac: array([1., 1., 1., 1., 1., 1., 1., 1., 1., 1., 1., 1., 1., 1.])
 message: 'Optimization terminated successfully'
    nfev: 17
     nit: 13
    njev: 12
  status: 0
 success: True
       x: array([0.91747493, 0.85747493, 0.91747493, 0.85747493, 0.91747493,
       0.85747493, 0.91747493, 0.85747493, 0.91747493, 0.85747493,
       0.91747493, 0.85747493, 0.91747493, 0.85747493])

real	0m43.570s
user	0m42.692s
sys	0m0.680s
Instance 15
[INFO] aspmc: Tree Decomposition #bags: 18 unfolded treewidth: 3 #vertices: 20
[INFO] aspmc: Preprocessing disabled
[INFO] aspmc:    Stats Compilation
[INFO] aspmc: ------------------------------------------------------------
[INFO] aspmc: X/D-Constrained Tree Decomposition #bags: 23 treewidth: 7 #vertices: 38
[INFO] aspmc: Dtree time:               2.0178909301757812
[INFO] aspmc: Compilation time:         0.01203298568725586
[INFO] aspmc: Preparation time:         6.651878356933594e-05
[INFO] aspmc: Counting time:            0.030293703079223633
[INFO] aspmc: ------------------------------------------------------------
[0.99::a0., 0.99::a1., 0.99::a2., 0.99::a3., 0.99::a4., 0.99::a5., 0.99::a6., 0.99::a7., 0.99::a8., 0.99::a9., 0.99::a10., 0.99::a11., 0.99::a12., 0.99::a13., 0.99::a14., qr:-a0,a2,a4,a6,a8,a10,a12,a14., qr:-a1,a3,a5,a7,a9,a11,a13,not nqr., nqr:-a1,a3,a5,a7,a9,a11,a13,not qr., query(qr).]
tracc
nnf_construction_time: 3.1464288234710693
Pre simplification
number of sums: 199
number of prods: 397
-v_1*v_11*v_12*v_13*v_14*v_15*v_16*v_17*v_2*v_3*v_4*v_5*v_6*v_7*v_8 + v_1*v_2*v_3*v_4*v_5*v_6*v_7*v_8 + v_11*v_12*v_13*v_14*v_15*v_16*v_17
Post simplification
symp_time: 0.44779419898986816
number of sums: 2
number of subs: 1
number of prods: 27
opt_time: 74.99420928955078
     fun: 13.069526135271289
     jac: array([1., 1., 1., 1., 1., 1., 1., 1., 1., 1., 1., 1., 1., 1., 1.])
 message: 'Optimization terminated successfully'
    nfev: 35
     nit: 22
    njev: 19
  status: 0
 success: True
       x: array([0.83930174, 0.89930174, 0.83930174, 0.89930174, 0.83930174,
       0.89930174, 0.83930174, 0.89930174, 0.89930174, 0.83930174,
       0.89930174, 0.83930174, 0.89930174, 0.83930174, 0.89930174])

real	1m19.500s
user	1m18.587s
sys	0m0.733s
Ended at: 
Sat Dec  9 09:21:48 CET 2023
