Started at: 
Thu Dec  7 17:50:17 CET 2023
Instance 2
[INFO] aspmc: Tree Decomposition #bags: 251 unfolded treewidth: 8 #vertices: 320
[INFO] aspmc: Preprocessing disabled
[INFO] aspmc:    Stats Compilation
[INFO] aspmc: ------------------------------------------------------------
[INFO] aspmc: X/D-Constrained Tree Decomposition #bags: 203 treewidth: 12 #vertices: 320
[INFO] aspmc: Dtree time:               1.101020336151123
[INFO] aspmc: Compilation time:         0.39180994033813477
[INFO] aspmc: Preparation time:         0.0003514289855957031
[INFO] aspmc: Counting time:            2.8415865898132324
[INFO] aspmc: ------------------------------------------------------------
[0.5::edge(1,2)., 0.5::edge(1,3)., 0.8121440014439971::edge(2,4)., 0.9318293737581665::edge(3,5)., 0.9615464115892465::edge(4,6)., 0.9624207154646245::edge(5,6)., 0.8785836646800782::edge(6,7)., 0.994983574039669::edge(6,8)., 0.840237422823531::edge(7,9)., 0.877123958103951::edge(8,9)., 0.8281664113721792::edge(9,10)., path(X,X):-node(X)., path(X,Y):-path(X,Z),edge(Z,Y)., transmit(A,B):-path(A,B),node(A),node(B),not not_transmit(A,B)., not_transmit(A,B):-path(A,B),node(A),node(B),not transmit(A,B)., qr:-transmit(1,10)., node(1)., node(2)., node(3)., node(4)., node(5)., node(6)., node(7)., node(8)., node(9)., node(10)., query(qr).]
tracc
nnf_construction_time: 5.4814019203186035
Pre simplification
number of sums: 2047
number of prods: 2151
-0.560667885347982*v_40*v_41 + 0.625178913888028*v_40 + 0.717963539358215*v_41
Post simplification
symp_time: 1.5121970176696777
number of sums: 2
number of subs: 1
number of prods: 4
opt_time: 0.0028700828552246094
     fun: 1.5190400902359777
   maxcv: 1.1183412857995734e-06
 message: 'Optimization terminated successfully.'
    nfev: 16
  status: 1
 success: True
       x: array([0.72952005, 0.78952005])

real	0m8.176s
user	0m7.610s
sys	0m0.439s
Instance 3
[INFO] aspmc: Tree Decomposition #bags: 251 unfolded treewidth: 8 #vertices: 320
[INFO] aspmc: Preprocessing disabled
[INFO] aspmc:    Stats Compilation
[INFO] aspmc: ------------------------------------------------------------
[INFO] aspmc: X/D-Constrained Tree Decomposition #bags: 203 treewidth: 12 #vertices: 320
[INFO] aspmc: Dtree time:               1.1022040843963623
[INFO] aspmc: Compilation time:         0.391890287399292
[INFO] aspmc: Preparation time:         0.0003883838653564453
[INFO] aspmc: Counting time:            2.838571786880493
[INFO] aspmc: ------------------------------------------------------------
[0.5::edge(1,2)., 0.5::edge(1,3)., 0.8121440014439971::edge(2,4)., 0.9318293737581665::edge(3,5)., 0.9615464115892465::edge(4,6)., 0.9624207154646245::edge(5,6)., 0.8785836646800782::edge(6,7)., 0.994983574039669::edge(6,8)., 0.840237422823531::edge(7,9)., 0.877123958103951::edge(8,9)., 0.8281664113721792::edge(9,10)., path(X,X):-node(X)., path(X,Y):-path(X,Z),edge(Z,Y)., transmit(A,B):-path(A,B),node(A),node(B),not not_transmit(A,B)., not_transmit(A,B):-path(A,B),node(A),node(B),not transmit(A,B)., qr:-transmit(1,10)., node(1)., node(2)., node(3)., node(4)., node(5)., node(6)., node(7)., node(8)., node(9)., node(10)., query(qr).]
tracc
nnf_construction_time: 5.483854293823242
Pre simplification
number of sums: 2047
number of prods: 2151
-0.690355263780785*v_37*v_40*v_41 + 0.769788256624475*v_37*v_40 - 1.11022302462516e-16*v_37*v_41 + 0.717963539358215*v_41
Post simplification
symp_time: 1.587287187576294
number of sums: 2
number of subs: 3
number of prods: 8
opt_time: 0.006675004959106445
     fun: 2.3099367963913653
   maxcv: 3.5633561246140033e-07
 message: 'Optimization terminated successfully.'
    nfev: 21
  status: 1
 success: True
       x: array([0.74997893, 0.80997893, 0.74997893])

real	0m8.154s
user	0m7.575s
sys	0m0.431s
Instance 4
[INFO] aspmc: Tree Decomposition #bags: 251 unfolded treewidth: 8 #vertices: 320
[INFO] aspmc: Preprocessing disabled
[INFO] aspmc:    Stats Compilation
[INFO] aspmc: ------------------------------------------------------------
[INFO] aspmc: X/D-Constrained Tree Decomposition #bags: 203 treewidth: 12 #vertices: 320
[INFO] aspmc: Dtree time:               1.1048622131347656
[INFO] aspmc: Compilation time:         0.3906288146972656
[INFO] aspmc: Preparation time:         0.0003833770751953125
[INFO] aspmc: Counting time:            2.788480758666992
[INFO] aspmc: ------------------------------------------------------------
[0.5::edge(1,2)., 0.5::edge(1,3)., 0.8121440014439971::edge(2,4)., 0.9318293737581665::edge(3,5)., 0.9615464115892465::edge(4,6)., 0.9624207154646245::edge(5,6)., 0.8785836646800782::edge(6,7)., 0.994983574039669::edge(6,8)., 0.840237422823531::edge(7,9)., 0.877123958103951::edge(8,9)., 0.8281664113721792::edge(9,10)., path(X,X):-node(X)., path(X,Y):-path(X,Z),edge(Z,Y)., transmit(A,B):-path(A,B),node(A),node(B),not not_transmit(A,B)., not_transmit(A,B):-path(A,B),node(A),node(B),not transmit(A,B)., qr:-transmit(1,10)., node(1)., node(2)., node(3)., node(4)., node(5)., node(6)., node(7)., node(8)., node(9)., node(10)., query(qr).]
tracc
nnf_construction_time: 5.433461904525757
Pre simplification
number of sums: 2047
number of prods: 2151
-0.740860168188072*v_36*v_37*v_40*v_41 + 1.11022302462516e-16*v_36*v_37*v_40 + 0.770488205751891*v_36*v_41 + 0.769788256624475*v_37*v_40
Post simplification
symp_time: 1.5952093601226807
number of sums: 3
number of subs: 2
number of prods: 11
opt_time: 0.013336896896362305
     fun: 3.266464719679315
   maxcv: 3.096128796009623e-06
 message: 'Optimization terminated successfully.'
    nfev: 26
  status: 1
 success: True
       x: array([0.78661618, 0.84661618, 0.78661618, 0.84661618])

real	0m8.131s
user	0m7.586s
sys	0m0.410s
Instance 5
[INFO] aspmc: Tree Decomposition #bags: 251 unfolded treewidth: 8 #vertices: 320
[INFO] aspmc: Preprocessing disabled
[INFO] aspmc:    Stats Compilation
[INFO] aspmc: ------------------------------------------------------------
[INFO] aspmc: X/D-Constrained Tree Decomposition #bags: 203 treewidth: 12 #vertices: 320
[INFO] aspmc: Dtree time:               1.1056575775146484
[INFO] aspmc: Compilation time:         0.39081740379333496
[INFO] aspmc: Preparation time:         0.0003962516784667969
[INFO] aspmc: Counting time:            2.8647892475128174
[INFO] aspmc: ------------------------------------------------------------
[0.5::edge(1,2)., 0.5::edge(1,3)., 0.8121440014439971::edge(2,4)., 0.9318293737581665::edge(3,5)., 0.9615464115892465::edge(4,6)., 0.9624207154646245::edge(5,6)., 0.8785836646800782::edge(6,7)., 0.994983574039669::edge(6,8)., 0.840237422823531::edge(7,9)., 0.877123958103951::edge(8,9)., 0.8281664113721792::edge(9,10)., path(X,X):-node(X)., path(X,Y):-path(X,Z),edge(Z,Y)., transmit(A,B):-path(A,B),node(A),node(B),not not_transmit(A,B)., not_transmit(A,B):-path(A,B),node(A),node(B),not transmit(A,B)., qr:-transmit(1,10)., node(1)., node(2)., node(3)., node(4)., node(5)., node(6)., node(7)., node(8)., node(9)., node(10)., query(qr).]
tracc
nnf_construction_time: 5.512058734893799
Pre simplification
number of sums: 2047
number of prods: 2151
-0.770488205751891*v_34*v_36*v_37*v_40*v_41 + 0.80057316903141*v_34*v_37*v_40 + 0.770488205751891*v_36*v_41
Post simplification
symp_time: 1.6336932182312012
number of sums: 2
number of subs: 1
number of prods: 10
opt_time: 0.03478240966796875
     fun: 4.176107315369381
   maxcv: 0.0
 message: 'Optimization terminated successfully.'
    nfev: 46
  status: 1
 success: True
       x: array([0.81122111, 0.87122111, 0.81122143, 0.87122111, 0.81122257])

real	0m8.257s
user	0m7.745s
sys	0m0.387s
Instance 6
[INFO] aspmc: Tree Decomposition #bags: 251 unfolded treewidth: 8 #vertices: 320
[INFO] aspmc: Preprocessing disabled
[INFO] aspmc:    Stats Compilation
[INFO] aspmc: ------------------------------------------------------------
[INFO] aspmc: X/D-Constrained Tree Decomposition #bags: 203 treewidth: 12 #vertices: 320
[INFO] aspmc: Dtree time:               1.1047453880310059
[INFO] aspmc: Compilation time:         0.39162540435791016
[INFO] aspmc: Preparation time:         0.000392913818359375
[INFO] aspmc: Counting time:            2.864830493927002
[INFO] aspmc: ------------------------------------------------------------
[0.5::edge(1,2)., 0.5::edge(1,3)., 0.8121440014439971::edge(2,4)., 0.9318293737581665::edge(3,5)., 0.9615464115892465::edge(4,6)., 0.9624207154646245::edge(5,6)., 0.8785836646800782::edge(6,7)., 0.994983574039669::edge(6,8)., 0.840237422823531::edge(7,9)., 0.877123958103951::edge(8,9)., 0.8281664113721792::edge(9,10)., path(X,X):-node(X)., path(X,Y):-path(X,Z),edge(Z,Y)., transmit(A,B):-path(A,B),node(A),node(B),not not_transmit(A,B)., not_transmit(A,B):-path(A,B),node(A),node(B),not transmit(A,B)., qr:-transmit(1,10)., node(1)., node(2)., node(3)., node(4)., node(5)., node(6)., node(7)., node(8)., node(9)., node(10)., query(qr).]
tracc
nnf_construction_time: 5.512346267700195
Pre simplification
number of sums: 2047
number of prods: 2151
-0.80057316903141*v_32*v_34*v_36*v_37*v_40*v_41 + 0.80057316903141*v_32*v_36*v_41 + 0.80057316903141*v_34*v_37*v_40
Post simplification
symp_time: 1.6279075145721436
number of sums: 2
number of subs: 1
number of prods: 12
opt_time: 0.04910635948181152
     fun: 5.162653924381203
   maxcv: 1.6653345369377348e-16
 message: 'Optimization terminated successfully.'
    nfev: 45
  status: 1
 success: True
       x: array([0.89044232, 0.83044232, 0.89044232, 0.83051244, 0.8903722 ,
       0.83044232])

real	0m8.259s
user	0m7.695s
sys	0m0.417s
Instance 7
[INFO] aspmc: Tree Decomposition #bags: 251 unfolded treewidth: 8 #vertices: 320
[INFO] aspmc: Preprocessing disabled
[INFO] aspmc:    Stats Compilation
[INFO] aspmc: ------------------------------------------------------------
[INFO] aspmc: X/D-Constrained Tree Decomposition #bags: 203 treewidth: 12 #vertices: 320
[INFO] aspmc: Dtree time:               1.1030914783477783
[INFO] aspmc: Compilation time:         0.39087486267089844
[INFO] aspmc: Preparation time:         0.00038552284240722656
[INFO] aspmc: Counting time:            3.00923228263855
[INFO] aspmc: ------------------------------------------------------------
[0.5::edge(1,2)., 0.5::edge(1,3)., 0.8121440014439971::edge(2,4)., 0.9318293737581665::edge(3,5)., 0.9615464115892465::edge(4,6)., 0.9624207154646245::edge(5,6)., 0.8785836646800782::edge(6,7)., 0.994983574039669::edge(6,8)., 0.840237422823531::edge(7,9)., 0.877123958103951::edge(8,9)., 0.8281664113721792::edge(9,10)., path(X,X):-node(X)., path(X,Y):-path(X,Z),edge(Z,Y)., transmit(A,B):-path(A,B),node(A),node(B),not not_transmit(A,B)., not_transmit(A,B):-path(A,B),node(A),node(B),not transmit(A,B)., qr:-transmit(1,10)., node(1)., node(2)., node(3)., node(4)., node(5)., node(6)., node(7)., node(8)., node(9)., node(10)., query(qr).]
tracc
nnf_construction_time: 5.6508519649505615
Pre simplification
number of sums: 2047
number of prods: 2151
(0.0885658695111775*v_27 + 0.722760643245197)*(v_32*(v_34*(v_36*(v_37*(v_40 - v_41*(v_40 - 1)) - v_41*(v_37 - 1)) - v_37*v_40*(v_36 - 1)) - v_36*v_41*(v_34 - 1)) - v_34*v_37*v_40*(v_32 - 1))
Post simplification
symp_time: 1.7762484550476074
number of sums: 1
number of subs: 10
number of prods: 15
opt_time: 0.0749061107635498
     fun: 6.01219014058217
   maxcv: 5.551115123125783e-17
 message: 'Optimization terminated successfully.'
    nfev: 51
  status: 1
 success: True
       x: array([0.89317002, 0.83317002, 0.89317002, 0.83317002, 0.89317002,
       0.83317002, 0.83317002])

real	0m8.593s
user	0m8.053s
sys	0m0.401s
Instance 8
[INFO] aspmc: Tree Decomposition #bags: 251 unfolded treewidth: 8 #vertices: 320
[INFO] aspmc: Preprocessing disabled
[INFO] aspmc:    Stats Compilation
[INFO] aspmc: ------------------------------------------------------------
[INFO] aspmc: X/D-Constrained Tree Decomposition #bags: 203 treewidth: 12 #vertices: 320
[INFO] aspmc: Dtree time:               1.1040420532226562
[INFO] aspmc: Compilation time:         0.3917429447174072
[INFO] aspmc: Preparation time:         0.0003833770751953125
[INFO] aspmc: Counting time:            2.893235683441162
[INFO] aspmc: ------------------------------------------------------------
[0.5::edge(1,2)., 0.5::edge(1,3)., 0.8121440014439971::edge(2,4)., 0.9318293737581665::edge(3,5)., 0.9615464115892465::edge(4,6)., 0.9624207154646245::edge(5,6)., 0.8785836646800782::edge(6,7)., 0.994983574039669::edge(6,8)., 0.840237422823531::edge(7,9)., 0.877123958103951::edge(8,9)., 0.8281664113721792::edge(9,10)., path(X,X):-node(X)., path(X,Y):-path(X,Z),edge(Z,Y)., transmit(A,B):-path(A,B),node(A),node(B),not not_transmit(A,B)., not_transmit(A,B):-path(A,B),node(A),node(B),not transmit(A,B)., qr:-transmit(1,10)., node(1)., node(2)., node(3)., node(4)., node(5)., node(6)., node(7)., node(8)., node(9)., node(10)., query(qr).]
tracc
nnf_construction_time: 5.54149055480957
Pre simplification
number of sums: 2047
number of prods: 2151
(v_32*(v_34*(v_36*(v_37*(v_40 - v_41*(v_40 - 1)) - v_41*(v_37 - 1)) - v_37*v_40*(v_36 - 1)) - v_36*v_41*(v_34 - 1)) - v_34*v_37*v_40*(v_32 - 1))*(0.116052273192121*v_27*v_29 + 0.695856407669062*v_27 - 0.726404601078184*v_29*(v_27 - 1))
Post simplification
symp_time: 1.8489477634429932
number of sums: 1
number of subs: 12
number of prods: 19
opt_time: 0.11264562606811523
     fun: 7.0067829442588625
   maxcv: 4.41905990544722e-06
 message: 'Optimization terminated successfully.'
    nfev: 59
  status: 1
 success: True
       x: array([0.84584787, 0.90584787, 0.84584787, 0.90584787, 0.84584787,
       0.90584787, 0.84584787, 0.90584787])

real	0m8.575s
user	0m8.014s
sys	0m0.426s
Instance 9
[INFO] aspmc: Tree Decomposition #bags: 251 unfolded treewidth: 8 #vertices: 320
[INFO] aspmc: Preprocessing disabled
[INFO] aspmc:    Stats Compilation
[INFO] aspmc: ------------------------------------------------------------
[INFO] aspmc: X/D-Constrained Tree Decomposition #bags: 203 treewidth: 12 #vertices: 320
[INFO] aspmc: Dtree time:               1.1007180213928223
[INFO] aspmc: Compilation time:         0.3835437297821045
[INFO] aspmc: Preparation time:         0.0004291534423828125
[INFO] aspmc: Counting time:            2.7932984828948975
[INFO] aspmc: ------------------------------------------------------------
[0.5::edge(1,2)., 0.5::edge(1,3)., 0.8121440014439971::edge(2,4)., 0.9318293737581665::edge(3,5)., 0.9615464115892465::edge(4,6)., 0.9624207154646245::edge(5,6)., 0.8785836646800782::edge(6,7)., 0.994983574039669::edge(6,8)., 0.840237422823531::edge(7,9)., 0.877123958103951::edge(8,9)., 0.8281664113721792::edge(9,10)., path(X,X):-node(X)., path(X,Y):-path(X,Z),edge(Z,Y)., transmit(A,B):-path(A,B),node(A),node(B),not not_transmit(A,B)., not_transmit(A,B):-path(A,B),node(A),node(B),not transmit(A,B)., qr:-transmit(1,10)., node(1)., node(2)., node(3)., node(4)., node(5)., node(6)., node(7)., node(8)., node(9)., node(10)., query(qr).]
tracc
nnf_construction_time: 5.4221391677856445
Pre simplification
number of sums: 2047
number of prods: 2151
(v_32*(v_34*(v_36*(v_37*(v_40 - v_41*(v_40 - 1)) - v_41*(v_37 - 1)) - v_37*v_40*(v_36 - 1)) - v_36*v_41*(v_34 - 1)) - v_34*v_37*v_40*(v_32 - 1))*(0.101761808921816*v_26*v_27 + 0.726404601078184*v_26*(v_27 - v_29*(v_27 - 1)) - 0.726404601078184*v_29*(v_26 - 1))
Post simplification
symp_time: 1.9540190696716309
number of sums: 1
number of subs: 14
number of prods: 21
opt_time: 0.1698925495147705
     fun: 7.848659555191222
   maxcv: 5.551115123125783e-17
 message: 'Optimization terminated successfully.'
    nfev: 68
  status: 1
 success: True
       x: array([0.84540662, 0.90540662, 0.84540662, 0.90540662, 0.84540662,
       0.90540662, 0.84540662, 0.90540662, 0.84540662])

real	0m8.646s
user	0m8.106s
sys	0m0.363s
Instance 10
[INFO] aspmc: Tree Decomposition #bags: 251 unfolded treewidth: 8 #vertices: 320
[INFO] aspmc: Preprocessing disabled
[INFO] aspmc:    Stats Compilation
[INFO] aspmc: ------------------------------------------------------------
[INFO] aspmc: X/D-Constrained Tree Decomposition #bags: 203 treewidth: 12 #vertices: 320
[INFO] aspmc: Dtree time:               1.0987396240234375
[INFO] aspmc: Compilation time:         0.3839700222015381
[INFO] aspmc: Preparation time:         0.0003490447998046875
[INFO] aspmc: Counting time:            2.8100903034210205
[INFO] aspmc: ------------------------------------------------------------
[0.5::edge(1,2)., 0.5::edge(1,3)., 0.8121440014439971::edge(2,4)., 0.9318293737581665::edge(3,5)., 0.9615464115892465::edge(4,6)., 0.9624207154646245::edge(5,6)., 0.8785836646800782::edge(6,7)., 0.994983574039669::edge(6,8)., 0.840237422823531::edge(7,9)., 0.877123958103951::edge(8,9)., 0.8281664113721792::edge(9,10)., path(X,X):-node(X)., path(X,Y):-path(X,Z),edge(Z,Y)., transmit(A,B):-path(A,B),node(A),node(B),not not_transmit(A,B)., not_transmit(A,B):-path(A,B),node(A),node(B),not transmit(A,B)., qr:-transmit(1,10)., node(1)., node(2)., node(3)., node(4)., node(5)., node(6)., node(7)., node(8)., node(9)., node(10)., query(qr).]
tracc
nnf_construction_time: 5.4361395835876465
Pre simplification
number of sums: 2047
number of prods: 2151
0.82816641*v_23*v_26*v_27*v_29*v_32*v_34*v_36*v_37*v_40*v_41 - 0.82816641*v_23*v_26*v_27*v_29*v_32*v_36*v_41 - 0.82816641*v_23*v_26*v_27*v_29*v_34*v_37*v_40 - 0.82816641*v_23*v_29*v_32*v_34*v_36*v_37*v_40*v_41 + 0.82816641*v_23*v_29*v_32*v_36*v_41 + 0.82816641*v_23*v_29*v_34*v_37*v_40 - 0.82816641*v_26*v_27*v_32*v_34*v_36*v_37*v_40*v_41 + 0.82816641*v_26*v_27*v_32*v_36*v_41 + 0.82816641*v_26*v_27*v_34*v_37*v_40
Post simplification
symp_time: 2.009798765182495
number of sums: 4
number of subs: 4
number of prods: 60
opt_time: 0.23857665061950684
     fun: 8.72421198267412
   maxcv: 1.4689577507720486e-06
 message: 'Optimization terminated successfully.'
    nfev: 76
  status: 1
 success: True
       x: array([0.9024212, 0.8424212, 0.9024212, 0.8424212, 0.9024212, 0.8424212,
       0.8424212, 0.9024212, 0.8424212, 0.9024212])

real	0m8.738s
user	0m8.192s
sys	0m0.410s
Instance 11
[INFO] aspmc: Tree Decomposition #bags: 251 unfolded treewidth: 8 #vertices: 320
[INFO] aspmc: Preprocessing disabled
[INFO] aspmc:    Stats Compilation
[INFO] aspmc: ------------------------------------------------------------
[INFO] aspmc: X/D-Constrained Tree Decomposition #bags: 203 treewidth: 12 #vertices: 320
[INFO] aspmc: Dtree time:               1.0943431854248047
[INFO] aspmc: Compilation time:         0.370694637298584
[INFO] aspmc: Preparation time:         0.00033354759216308594
[INFO] aspmc: Counting time:            2.6309545040130615
[INFO] aspmc: ------------------------------------------------------------
[0.5::edge(1,2)., 0.5::edge(1,3)., 0.8121440014439971::edge(2,4)., 0.9318293737581665::edge(3,5)., 0.9615464115892465::edge(4,6)., 0.9624207154646245::edge(5,6)., 0.8785836646800782::edge(6,7)., 0.994983574039669::edge(6,8)., 0.840237422823531::edge(7,9)., 0.877123958103951::edge(8,9)., 0.8281664113721792::edge(9,10)., path(X,X):-node(X)., path(X,Y):-path(X,Z),edge(Z,Y)., transmit(A,B):-path(A,B),node(A),node(B),not not_transmit(A,B)., not_transmit(A,B):-path(A,B),node(A),node(B),not transmit(A,B)., qr:-transmit(1,10)., node(1)., node(2)., node(3)., node(4)., node(5)., node(6)., node(7)., node(8)., node(9)., node(10)., query(qr).]
tracc
nnf_construction_time: 5.233457326889038
Pre simplification
number of sums: 2047
number of prods: 2151
-v_21*(v_23*(v_26*(v_27 - v_29*(v_27 - 1)) - v_29*(v_26 - 1)) - v_26*v_27*(v_23 - 1))*(v_32*(v_34*(-v_36*(v_37*(v_40 - v_41*(v_40 - 1)) - v_41*(v_37 - 1)) + v_37*v_40*(v_36 - 1)) + v_36*v_41*(v_34 - 1)) + v_34*v_37*v_40*(v_32 - 1))
Post simplification
symp_time: 1.949512243270874
number of sums: 3
number of subs: 15
number of prods: 21
opt_time: 0.26418566703796387
     fun: 9.354097410082902
   maxcv: 5.551115123125783e-17
 message: 'Optimization terminated successfully.'
    nfev: 72
  status: 1
 success: True
       x: array([0.84491795, 0.84491795, 0.84491795, 0.84491795, 0.84491795,
       0.84491795, 0.84491795, 0.84491795, 0.84491795, 0.84491795,
       0.90491795])

real	0m8.496s
user	0m7.949s
sys	0m0.400s
Ended at: 
Thu Dec  7 17:51:41 CET 2023
