Started at: 
Thu Dec  7 17:50:17 CET 2023
Instance 2
[INFO] aspmc: Tree Decomposition #bags: 301 unfolded treewidth: 9 #vertices: 381
[INFO] aspmc: Preprocessing disabled
[INFO] aspmc:    Stats Compilation
[INFO] aspmc: ------------------------------------------------------------
[INFO] aspmc: X/D-Constrained Tree Decomposition #bags: 235 treewidth: 13 #vertices: 381
[INFO] aspmc: Dtree time:               1.1246836185455322
[INFO] aspmc: Compilation time:         0.8751859664916992
[INFO] aspmc: Preparation time:         0.0004019737243652344
[INFO] aspmc: Counting time:            6.406011343002319
[INFO] aspmc: ------------------------------------------------------------
[0.5::edge(1,2)., 0.5::edge(1,3)., 0.8121440014439971::edge(2,4)., 0.9318293737581665::edge(3,5)., 0.9615464115892465::edge(4,6)., 0.9624207154646245::edge(5,6)., 0.8785836646800782::edge(6,7)., 0.994983574039669::edge(6,8)., 0.840237422823531::edge(7,9)., 0.877123958103951::edge(8,9)., 0.8281664113721792::edge(9,10)., 0.8945639242705665::edge(9,11)., path(X,X):-node(X)., path(X,Y):-path(X,Z),edge(Z,Y)., transmit(A,B):-path(A,B),node(A),node(B),not not_transmit(A,B)., not_transmit(A,B):-path(A,B),node(A),node(B),not transmit(A,B)., qr:-transmit(1,11)., node(1)., node(2)., node(3)., node(4)., node(5)., node(6)., node(7)., node(8)., node(9)., node(10)., node(11)., query(qr).]
tracc
nnf_construction_time: 9.607253313064575
Pre simplification
number of sums: 4095
number of prods: 4350
-0.605618937545416*v_43*v_46 + 0.675302080784726*v_43 + 0.775525631600247*v_46
Post simplification
symp_time: 3.048140048980713
number of sums: 2
number of subs: 1
number of prods: 4
opt_time: 0.002398252487182617
     fun: 1.2061440675740343
   maxcv: 0.0
 message: 'Optimization terminated successfully.'
    nfev: 14
  status: 1
 success: True
       x: array([0.40003201, 0.80611206])

real	0m14.096s
user	0m12.512s
sys	0m1.151s
Instance 3
[INFO] aspmc: Tree Decomposition #bags: 301 unfolded treewidth: 9 #vertices: 381
[INFO] aspmc: Preprocessing disabled
[INFO] aspmc:    Stats Compilation
[INFO] aspmc: ------------------------------------------------------------
[INFO] aspmc: X/D-Constrained Tree Decomposition #bags: 235 treewidth: 13 #vertices: 381
[INFO] aspmc: Dtree time:               1.1271414756774902
[INFO] aspmc: Compilation time:         0.9005692005157471
[INFO] aspmc: Preparation time:         0.00042557716369628906
[INFO] aspmc: Counting time:            6.000274658203125
[INFO] aspmc: ------------------------------------------------------------
[0.5::edge(1,2)., 0.5::edge(1,3)., 0.8121440014439971::edge(2,4)., 0.9318293737581665::edge(3,5)., 0.9615464115892465::edge(4,6)., 0.9624207154646245::edge(5,6)., 0.8785836646800782::edge(6,7)., 0.994983574039669::edge(6,8)., 0.840237422823531::edge(7,9)., 0.877123958103951::edge(8,9)., 0.8281664113721792::edge(9,10)., 0.8945639242705665::edge(9,11)., path(X,X):-node(X)., path(X,Y):-path(X,Z),edge(Z,Y)., transmit(A,B):-path(A,B),node(A),node(B),not not_transmit(A,B)., not_transmit(A,B):-path(A,B),node(A),node(B),not transmit(A,B)., qr:-transmit(1,11)., node(1)., node(2)., node(3)., node(4)., node(5)., node(6)., node(7)., node(8)., node(9)., node(10)., node(11)., query(qr).]
tracc
nnf_construction_time: 9.190688610076904
Pre simplification
number of sums: 4095
number of prods: 4350
-0.7457038869282*v_42*v_43*v_46 + 0.831505349771378*v_42*v_43 - 1.11022302462516e-16*v_42*v_46 + 0.775525631600247*v_46
Post simplification
symp_time: 3.2829995155334473
number of sums: 2
number of subs: 3
number of prods: 8
opt_time: 0.004488468170166016
     fun: 1.664009300690346
   maxcv: 0.0
 message: 'Optimization terminated successfully.'
    nfev: 20
  status: 1
 success: True
       x: array([0.4      , 0.8640093, 0.4      ])

real	0m13.611s
user	0m12.177s
sys	0m1.069s
Instance 4
[INFO] aspmc: Tree Decomposition #bags: 301 unfolded treewidth: 9 #vertices: 381
[INFO] aspmc: Preprocessing disabled
[INFO] aspmc:    Stats Compilation
[INFO] aspmc: ------------------------------------------------------------
[INFO] aspmc: X/D-Constrained Tree Decomposition #bags: 235 treewidth: 13 #vertices: 381
[INFO] aspmc: Dtree time:               1.1282846927642822
[INFO] aspmc: Compilation time:         0.9136266708374023
[INFO] aspmc: Preparation time:         0.00040841102600097656
[INFO] aspmc: Counting time:            5.7702553272247314
[INFO] aspmc: ------------------------------------------------------------
[0.5::edge(1,2)., 0.5::edge(1,3)., 0.8121440014439971::edge(2,4)., 0.9318293737581665::edge(3,5)., 0.9615464115892465::edge(4,6)., 0.9624207154646245::edge(5,6)., 0.8785836646800782::edge(6,7)., 0.994983574039669::edge(6,8)., 0.840237422823531::edge(7,9)., 0.877123958103951::edge(8,9)., 0.8281664113721792::edge(9,10)., 0.8945639242705665::edge(9,11)., path(X,X):-node(X)., path(X,Y):-path(X,Z),edge(Z,Y)., transmit(A,B):-path(A,B),node(A),node(B),not not_transmit(A,B)., not_transmit(A,B):-path(A,B),node(A),node(B),not transmit(A,B)., qr:-transmit(1,11)., node(1)., node(2)., node(3)., node(4)., node(5)., node(6)., node(7)., node(8)., node(9)., node(10)., node(11)., query(qr).]
tracc
nnf_construction_time: 8.977135181427002
Pre simplification
number of sums: 4095
number of prods: 4350
-0.800257977410822*v_39*v_42*v_43*v_46 + 1.11022302462516e-16*v_39*v_42*v_43 + 0.832261416701479*v_39*v_46 + 0.831505349771378*v_42*v_43
Post simplification
symp_time: 3.3153343200683594
number of sums: 3
number of subs: 2
number of prods: 11
opt_time: 0.01524209976196289
     fun: 2.594533851310814
   maxcv: 7.042455285599658e-09
 message: 'Optimization terminated successfully.'
    nfev: 59
  status: 1
 success: True
       x: array([0.4       , 0.89721136, 0.4       , 0.89732249])

real	0m13.431s
user	0m12.133s
sys	0m0.967s
Instance 5
[INFO] aspmc: Tree Decomposition #bags: 301 unfolded treewidth: 9 #vertices: 381
[INFO] aspmc: Preprocessing disabled
[INFO] aspmc:    Stats Compilation
[INFO] aspmc: ------------------------------------------------------------
[INFO] aspmc: X/D-Constrained Tree Decomposition #bags: 235 treewidth: 13 #vertices: 381
[INFO] aspmc: Dtree time:               1.1297197341918945
[INFO] aspmc: Compilation time:         0.8984894752502441
[INFO] aspmc: Preparation time:         0.00042247772216796875
[INFO] aspmc: Counting time:            6.167819261550903
[INFO] aspmc: ------------------------------------------------------------
[0.5::edge(1,2)., 0.5::edge(1,3)., 0.8121440014439971::edge(2,4)., 0.9318293737581665::edge(3,5)., 0.9615464115892465::edge(4,6)., 0.9624207154646245::edge(5,6)., 0.8785836646800782::edge(6,7)., 0.994983574039669::edge(6,8)., 0.840237422823531::edge(7,9)., 0.877123958103951::edge(8,9)., 0.8281664113721792::edge(9,10)., 0.8945639242705665::edge(9,11)., path(X,X):-node(X)., path(X,Y):-path(X,Z),edge(Z,Y)., transmit(A,B):-path(A,B),node(A),node(B),not not_transmit(A,B)., not_transmit(A,B):-path(A,B),node(A),node(B),not transmit(A,B)., qr:-transmit(1,11)., node(1)., node(2)., node(3)., node(4)., node(5)., node(6)., node(7)., node(8)., node(9)., node(10)., node(11)., query(qr).]
tracc
nnf_construction_time: 9.366395711898804
Pre simplification
number of sums: 4095
number of prods: 4350
-0.832261416701479*v_37*v_39*v_42*v_43*v_46 + 0.864758415323269*v_37*v_42*v_43 + 0.832261416701479*v_39*v_46
Post simplification
symp_time: 3.1956849098205566
number of sums: 2
number of subs: 1
number of prods: 10
opt_time: 0.02411198616027832
     fun: 3.019390917522435
   maxcv: 7.790573630650499e-09
 message: 'Optimization terminated successfully.'
    nfev: 73
  status: 1
 success: True
       x: array([0.4       , 0.9096267 , 0.4       , 0.90976421, 0.4       ])

real	0m13.764s
user	0m12.517s
sys	0m0.942s
Instance 6
[INFO] aspmc: Tree Decomposition #bags: 301 unfolded treewidth: 9 #vertices: 381
[INFO] aspmc: Preprocessing disabled
[INFO] aspmc:    Stats Compilation
[INFO] aspmc: ------------------------------------------------------------
[INFO] aspmc: X/D-Constrained Tree Decomposition #bags: 235 treewidth: 13 #vertices: 381
[INFO] aspmc: Dtree time:               1.1334478855133057
[INFO] aspmc: Compilation time:         0.9335544109344482
[INFO] aspmc: Preparation time:         0.0004394054412841797
[INFO] aspmc: Counting time:            5.822270393371582
[INFO] aspmc: ------------------------------------------------------------
[0.5::edge(1,2)., 0.5::edge(1,3)., 0.8121440014439971::edge(2,4)., 0.9318293737581665::edge(3,5)., 0.9615464115892465::edge(4,6)., 0.9624207154646245::edge(5,6)., 0.8785836646800782::edge(6,7)., 0.994983574039669::edge(6,8)., 0.840237422823531::edge(7,9)., 0.877123958103951::edge(8,9)., 0.8281664113721792::edge(9,10)., 0.8945639242705665::edge(9,11)., path(X,X):-node(X)., path(X,Y):-path(X,Z),edge(Z,Y)., transmit(A,B):-path(A,B),node(A),node(B),not not_transmit(A,B)., not_transmit(A,B):-path(A,B),node(A),node(B),not transmit(A,B)., qr:-transmit(1,11)., node(1)., node(2)., node(3)., node(4)., node(5)., node(6)., node(7)., node(8)., node(9)., node(10)., node(11)., query(qr).]
tracc
nnf_construction_time: 9.058125972747803
Pre simplification
number of sums: 4095
number of prods: 4350
-0.864758415323269*v_35*v_37*v_39*v_42*v_43*v_46 + 0.864758415323269*v_35*v_39*v_46 + 0.864758415323269*v_37*v_42*v_43
Post simplification
symp_time: 3.372893810272217
number of sums: 2
number of subs: 1
number of prods: 12
opt_time: 0.045094966888427734
     fun: 3.9808245830371916
   maxcv: 6.4042295910837765e-09
 message: 'Optimization terminated successfully.'
    nfev: 111
  status: 1
 success: True
       x: array([0.92700769, 0.4       , 0.92689811, 0.4       , 0.92691878,
       0.4       ])

real	0m13.644s
user	0m12.423s
sys	0m0.905s
Instance 7
[INFO] aspmc: Tree Decomposition #bags: 301 unfolded treewidth: 9 #vertices: 381
[INFO] aspmc: Preprocessing disabled
[INFO] aspmc:    Stats Compilation
[INFO] aspmc: ------------------------------------------------------------
[INFO] aspmc: X/D-Constrained Tree Decomposition #bags: 235 treewidth: 13 #vertices: 381
[INFO] aspmc: Dtree time:               1.1264443397521973
[INFO] aspmc: Compilation time:         0.8876807689666748
[INFO] aspmc: Preparation time:         0.00045752525329589844
[INFO] aspmc: Counting time:            5.7899489402771
[INFO] aspmc: ------------------------------------------------------------
[0.5::edge(1,2)., 0.5::edge(1,3)., 0.8121440014439971::edge(2,4)., 0.9318293737581665::edge(3,5)., 0.9615464115892465::edge(4,6)., 0.9624207154646245::edge(5,6)., 0.8785836646800782::edge(6,7)., 0.994983574039669::edge(6,8)., 0.840237422823531::edge(7,9)., 0.877123958103951::edge(8,9)., 0.8281664113721792::edge(9,10)., 0.8945639242705665::edge(9,11)., path(X,X):-node(X)., path(X,Y):-path(X,Z),edge(Z,Y)., transmit(A,B):-path(A,B),node(A),node(B),not not_transmit(A,B)., not_transmit(A,B):-path(A,B),node(A),node(B),not transmit(A,B)., qr:-transmit(1,11)., node(1)., node(2)., node(3)., node(4)., node(5)., node(6)., node(7)., node(8)., node(9)., node(10)., node(11)., query(qr).]
tracc
nnf_construction_time: 8.962451457977295
Pre simplification
number of sums: 4095
number of prods: 4350
-0.0956665598259745*v_32*v_35*v_37*v_39*v_42*v_43*v_46 + 0.0956665598259745*v_32*v_35*v_39*v_46 + 0.0956665598259745*v_32*v_37*v_42*v_43 - 0.780707339051755*v_35*v_37*v_39*v_42*v_43*v_46 + 0.780707339051755*v_35*v_39*v_46 + 0.780707339051755*v_37*v_42*v_43
Post simplification
symp_time: 3.2139344215393066
number of sums: 4
number of subs: 2
number of prods: 27
opt_time: 0.04880833625793457
     fun: 4.435992089417866
   maxcv: 7.745436847450549e-09
 message: 'Optimization terminated successfully.'
    nfev: 108
  status: 1
 success: True
       x: array([0.94540165, 0.4       , 0.94526231, 0.4       , 0.94532813,
       0.4       , 0.4       ])

real	0m13.341s
user	0m12.217s
sys	0m0.849s
Instance 8
[INFO] aspmc: Tree Decomposition #bags: 301 unfolded treewidth: 9 #vertices: 381
[INFO] aspmc: Preprocessing disabled
[INFO] aspmc:    Stats Compilation
[INFO] aspmc: ------------------------------------------------------------
[INFO] aspmc: X/D-Constrained Tree Decomposition #bags: 235 treewidth: 13 #vertices: 381
[INFO] aspmc: Dtree time:               1.1259880065917969
[INFO] aspmc: Compilation time:         0.8871829509735107
[INFO] aspmc: Preparation time:         0.0004291534423828125
[INFO] aspmc: Counting time:            5.470853328704834
[INFO] aspmc: ------------------------------------------------------------
[0.5::edge(1,2)., 0.5::edge(1,3)., 0.8121440014439971::edge(2,4)., 0.9318293737581665::edge(3,5)., 0.9615464115892465::edge(4,6)., 0.9624207154646245::edge(5,6)., 0.8785836646800782::edge(6,7)., 0.994983574039669::edge(6,8)., 0.840237422823531::edge(7,9)., 0.877123958103951::edge(8,9)., 0.8281664113721792::edge(9,10)., 0.8945639242705665::edge(9,11)., path(X,X):-node(X)., path(X,Y):-path(X,Z),edge(Z,Y)., transmit(A,B):-path(A,B),node(A),node(B),not not_transmit(A,B)., not_transmit(A,B):-path(A,B),node(A),node(B),not transmit(A,B)., qr:-transmit(1,11)., node(1)., node(2)., node(3)., node(4)., node(5)., node(6)., node(7)., node(8)., node(9)., node(10)., node(11)., query(qr).]
tracc
nnf_construction_time: 8.643005847930908
Pre simplification
number of sums: 4095
number of prods: 4350
(v_32*(0.125356661629944*v_34 + 0.751646080165886) - 0.784643447983523*v_34*(v_32 - 1))*(v_35*(v_37*(v_39*(v_42*(v_43 - v_46*(v_43 - 1)) - v_46*(v_42 - 1)) - v_42*v_43*(v_39 - 1)) - v_39*v_46*(v_37 - 1)) - v_37*v_42*v_43*(v_35 - 1))
Post simplification
symp_time: 3.421873092651367
number of sums: 1
number of subs: 12
number of prods: 18
opt_time: 0.04397726058959961
     fun: 5.498183069370176
   maxcv: 0.0
 message: 'Optimization terminated successfully.'
    nfev: 67
  status: 1
 success: True
       x: array([0.95      , 0.4       , 0.95      , 0.4       , 0.95      ,
       0.4       , 0.49818307, 0.95      ])

real	0m13.257s
user	0m12.236s
sys	0m0.785s
Instance 9
[INFO] aspmc: Tree Decomposition #bags: 301 unfolded treewidth: 9 #vertices: 381
[INFO] aspmc: Preprocessing disabled
[INFO] aspmc:    Stats Compilation
[INFO] aspmc: ------------------------------------------------------------
[INFO] aspmc: X/D-Constrained Tree Decomposition #bags: 235 treewidth: 13 #vertices: 381
[INFO] aspmc: Dtree time:               1.1262092590332031
[INFO] aspmc: Compilation time:         0.8923130035400391
[INFO] aspmc: Preparation time:         0.00041747093200683594
[INFO] aspmc: Counting time:            5.388544082641602
[INFO] aspmc: ------------------------------------------------------------
[0.5::edge(1,2)., 0.5::edge(1,3)., 0.8121440014439971::edge(2,4)., 0.9318293737581665::edge(3,5)., 0.9615464115892465::edge(4,6)., 0.9624207154646245::edge(5,6)., 0.8785836646800782::edge(6,7)., 0.994983574039669::edge(6,8)., 0.840237422823531::edge(7,9)., 0.877123958103951::edge(8,9)., 0.8281664113721792::edge(9,10)., 0.8945639242705665::edge(9,11)., path(X,X):-node(X)., path(X,Y):-path(X,Z),edge(Z,Y)., transmit(A,B):-path(A,B),node(A),node(B),not not_transmit(A,B)., not_transmit(A,B):-path(A,B),node(A),node(B),not transmit(A,B)., qr:-transmit(1,11)., node(1)., node(2)., node(3)., node(4)., node(5)., node(6)., node(7)., node(8)., node(9)., node(10)., node(11)., query(qr).]
tracc
nnf_construction_time: 8.58173680305481
Pre simplification
number of sums: 4095
number of prods: 4350
0.784643447983523*v_29*v_32*v_34*v_35*v_37*v_39*v_42*v_43*v_46 - 0.784643447983523*v_29*v_32*v_34*v_35*v_39*v_46 - 0.784643447983523*v_29*v_32*v_34*v_37*v_42*v_43 - 0.89456392*v_29*v_32*v_35*v_37*v_39*v_42*v_43*v_46 + 0.89456392*v_29*v_32*v_35*v_39*v_46 + 0.89456392*v_29*v_32*v_37*v_42*v_43 - 0.784643447983523*v_34*v_35*v_37*v_39*v_42*v_43*v_46 + 0.784643447983523*v_34*v_35*v_39*v_46 + 0.784643447983523*v_34*v_37*v_42*v_43
Post simplification
symp_time: 3.5025415420532227
number of sums: 4
number of subs: 4
number of prods: 54
opt_time: 0.08905649185180664
     fun: 6.293968403608043
   maxcv: 1.292205453751194e-09
 message: 'Optimization terminated successfully.'
    nfev: 145
  status: 1
 success: True
       x: array([0.4       , 0.95      , 0.4       , 0.95      , 0.4       ,
       0.95      , 0.64707551, 0.95      , 0.6468929 ])

real	0m13.349s
user	0m12.429s
sys	0m0.726s
Instance 10
[INFO] aspmc: Tree Decomposition #bags: 301 unfolded treewidth: 9 #vertices: 381
[INFO] aspmc: Preprocessing disabled
[INFO] aspmc:    Stats Compilation
[INFO] aspmc: ------------------------------------------------------------
[INFO] aspmc: X/D-Constrained Tree Decomposition #bags: 235 treewidth: 13 #vertices: 381
[INFO] aspmc: Dtree time:               1.1289074420928955
[INFO] aspmc: Compilation time:         0.8909506797790527
[INFO] aspmc: Preparation time:         0.0003986358642578125
[INFO] aspmc: Counting time:            5.578509092330933
[INFO] aspmc: ------------------------------------------------------------
[0.5::edge(1,2)., 0.5::edge(1,3)., 0.8121440014439971::edge(2,4)., 0.9318293737581665::edge(3,5)., 0.9615464115892465::edge(4,6)., 0.9624207154646245::edge(5,6)., 0.8785836646800782::edge(6,7)., 0.994983574039669::edge(6,8)., 0.840237422823531::edge(7,9)., 0.877123958103951::edge(8,9)., 0.8281664113721792::edge(9,10)., 0.8945639242705665::edge(9,11)., path(X,X):-node(X)., path(X,Y):-path(X,Z),edge(Z,Y)., transmit(A,B):-path(A,B),node(A),node(B),not not_transmit(A,B)., not_transmit(A,B):-path(A,B),node(A),node(B),not transmit(A,B)., qr:-transmit(1,11)., node(1)., node(2)., node(3)., node(4)., node(5)., node(6)., node(7)., node(8)., node(9)., node(10)., node(11)., query(qr).]
tracc
nnf_construction_time: 8.75796890258789
Pre simplification
number of sums: 4095
number of prods: 4350
0.89456392*v_28*v_29*v_32*v_34*v_35*v_37*v_39*v_42*v_43*v_46 - 0.89456392*v_28*v_29*v_32*v_34*v_35*v_39*v_46 - 0.89456392*v_28*v_29*v_32*v_34*v_37*v_42*v_43 - 0.89456392*v_28*v_34*v_35*v_37*v_39*v_42*v_43*v_46 + 0.89456392*v_28*v_34*v_35*v_39*v_46 + 0.89456392*v_28*v_34*v_37*v_42*v_43 - 0.89456392*v_29*v_32*v_35*v_37*v_39*v_42*v_43*v_46 + 0.89456392*v_29*v_32*v_35*v_39*v_46 + 0.89456392*v_29*v_32*v_37*v_42*v_43
Post simplification
symp_time: 3.695934295654297
number of sums: 4
number of subs: 4
number of prods: 60
opt_time: 0.09195375442504883
     fun: 6.731058426259042
   maxcv: 6.511193806346682e-09
 message: 'Optimization terminated successfully.'
    nfev: 125
  status: 1
 success: True
       x: array([0.95      , 0.4       , 0.95      , 0.4       , 0.95      ,
       0.4       , 0.94043298, 0.4       , 0.94062545, 0.4       ])

real	0m13.957s
user	0m12.733s
sys	0m0.755s
Instance 11
[INFO] aspmc: Tree Decomposition #bags: 301 unfolded treewidth: 9 #vertices: 381
[INFO] aspmc: Preprocessing disabled
[INFO] aspmc:    Stats Compilation
[INFO] aspmc: ------------------------------------------------------------
[INFO] aspmc: X/D-Constrained Tree Decomposition #bags: 235 treewidth: 13 #vertices: 381
[INFO] aspmc: Dtree time:               1.1267704963684082
[INFO] aspmc: Compilation time:         0.876060962677002
[INFO] aspmc: Preparation time:         0.00041747093200683594
[INFO] aspmc: Counting time:            5.747396469116211
[INFO] aspmc: ------------------------------------------------------------
[0.5::edge(1,2)., 0.5::edge(1,3)., 0.8121440014439971::edge(2,4)., 0.9318293737581665::edge(3,5)., 0.9615464115892465::edge(4,6)., 0.9624207154646245::edge(5,6)., 0.8785836646800782::edge(6,7)., 0.994983574039669::edge(6,8)., 0.840237422823531::edge(7,9)., 0.877123958103951::edge(8,9)., 0.8281664113721792::edge(9,10)., 0.8945639242705665::edge(9,11)., path(X,X):-node(X)., path(X,Y):-path(X,Z),edge(Z,Y)., transmit(A,B):-path(A,B),node(A),node(B),not not_transmit(A,B)., not_transmit(A,B):-path(A,B),node(A),node(B),not transmit(A,B)., qr:-transmit(1,11)., node(1)., node(2)., node(3)., node(4)., node(5)., node(6)., node(7)., node(8)., node(9)., node(10)., node(11)., query(qr).]
tracc
nnf_construction_time: 8.915477752685547
Pre simplification
number of sums: 4095
number of prods: 4350
0.89456392*(v_35*(v_37*(v_39*(v_42*(v_43 - v_46*(v_43 - 1)) - v_46*(v_42 - 1)) - v_42*v_43*(v_39 - 1)) - v_39*v_46*(v_37 - 1)) - v_37*v_42*v_43*(v_35 - 1))*(-v_28*v_34*(v_32 - 1) + v_32*(-v_29*(v_34 - 1) + v_34*(v_28 - v_29*(v_28 - 1))))
Post simplification
symp_time: 4.15468692779541
number of sums: 2
number of subs: 16
number of prods: 21
opt_time: 0.12367963790893555
     fun: 7.131058420332123
   maxcv: 6.51122933348347e-09
 message: 'Optimization terminated successfully.'
    nfev: 149
  status: 1
 success: True
       x: array([0.95      , 0.4       , 0.95      , 0.4       , 0.95      ,
       0.4       , 0.4       , 0.94046849, 0.4       , 0.94058993,
       0.4       ])

real	0m14.562s
user	0m13.397s
sys	0m0.755s
Instance 12
[INFO] aspmc: Tree Decomposition #bags: 301 unfolded treewidth: 9 #vertices: 381
[INFO] aspmc: Preprocessing disabled
[INFO] aspmc:    Stats Compilation
[INFO] aspmc: ------------------------------------------------------------
[INFO] aspmc: X/D-Constrained Tree Decomposition #bags: 235 treewidth: 13 #vertices: 381
[INFO] aspmc: Dtree time:               1.1220099925994873
[INFO] aspmc: Compilation time:         0.8428158760070801
[INFO] aspmc: Preparation time:         0.00043082237243652344
[INFO] aspmc: Counting time:            5.479801177978516
[INFO] aspmc: ------------------------------------------------------------
[0.5::edge(1,2)., 0.5::edge(1,3)., 0.8121440014439971::edge(2,4)., 0.9318293737581665::edge(3,5)., 0.9615464115892465::edge(4,6)., 0.9624207154646245::edge(5,6)., 0.8785836646800782::edge(6,7)., 0.994983574039669::edge(6,8)., 0.840237422823531::edge(7,9)., 0.877123958103951::edge(8,9)., 0.8281664113721792::edge(9,10)., 0.8945639242705665::edge(9,11)., path(X,X):-node(X)., path(X,Y):-path(X,Z),edge(Z,Y)., transmit(A,B):-path(A,B),node(A),node(B),not not_transmit(A,B)., not_transmit(A,B):-path(A,B),node(A),node(B),not transmit(A,B)., qr:-transmit(1,11)., node(1)., node(2)., node(3)., node(4)., node(5)., node(6)., node(7)., node(8)., node(9)., node(10)., node(11)., query(qr).]
tracc
nnf_construction_time: 8.602346181869507
Pre simplification
number of sums: 4095
number of prods: 4350
v_26*(v_35*(v_37*(v_39*(v_42*(v_43 - v_46*(v_43 - 1)) - v_46*(v_42 - 1)) - v_42*v_43*(v_39 - 1)) - v_39*v_46*(v_37 - 1)) - v_37*v_42*v_43*(v_35 - 1))*(-v_28*v_34*(v_32 - 1) + v_32*(-v_29*(v_34 - 1) + v_34*(v_28 - v_29*(v_28 - 1))))
Post simplification
symp_time: 3.6695704460144043
number of sums: 2
number of subs: 16
number of prods: 21
opt_time: 0.15686893463134766
     fun: 8.01313069478561
   maxcv: 6.914691819126517e-09
 message: 'Optimization terminated successfully.'
    nfev: 190
  status: 1
 success: True
       x: array([0.4       , 0.95      , 0.4       , 0.95      , 0.4       ,
       0.95      , 0.90649718, 0.4       , 0.90663352, 0.4       ,
       0.4       , 0.95      ])

real	0m13.604s
user	0m12.747s
sys	0m0.656s
Ended at: 
Thu Dec  7 17:52:47 CET 2023
