Started at: 
Thu Dec  7 17:45:00 CET 2023
Instance 2
[INFO] aspmc: Tree Decomposition #bags: 83 unfolded treewidth: 3 #vertices: 111
[INFO] aspmc: Preprocessing disabled
[INFO] aspmc:    Stats Compilation
[INFO] aspmc: ------------------------------------------------------------
[INFO] aspmc: X/D-Constrained Tree Decomposition #bags: 70 treewidth: 7 #vertices: 111
[INFO] aspmc: Dtree time:               2.037670135498047
[INFO] aspmc: Compilation time:         0.021381616592407227
[INFO] aspmc: Preparation time:         0.00015473365783691406
[INFO] aspmc: Counting time:            0.12344598770141602
[INFO] aspmc: ------------------------------------------------------------
[0.5::edge(1,2)., 0.5::edge(1,3)., 0.816343623039356::edge(2,4)., 0.8285621451275564::edge(3,5)., 0.8780109837190632::edge(4,6)., 0.9710507923144887::edge(5,6)., path(X,X):-node(X)., path(X,Y):-path(X,Z),edge(Z,Y)., transmit(A,B):-path(A,B),node(A),node(B),not not_transmit(A,B)., not_transmit(A,B):-path(A,B),node(A),node(B),not transmit(A,B)., qr:-transmit(1,6)., node(1)., node(2)., node(3)., node(4)., node(5)., node(6)., query(qr).]
tracc
nnf_construction_time: 3.2961056232452393
Pre simplification
number of sums: 63
number of prods: 77
-0.576686767144216*v_22*v_23 + 0.716758661812948*v_22 + 0.804575930321599*v_23
Post simplification
symp_time: 0.3149535655975342
number of sums: 2
number of subs: 1
number of prods: 4
opt_time: 0.10965204238891602
     fun: 1.180008843609767
     jac: array([1., 1.])
 message: 'Optimization terminated successfully'
    nfev: 4
     nit: 4
    njev: 4
  status: 0
 success: True
       x: array([0.56000442, 0.62000442])

real	0m4.868s
user	0m4.196s
sys	0m0.545s
Instance 3
[INFO] aspmc: Tree Decomposition #bags: 83 unfolded treewidth: 3 #vertices: 111
[INFO] aspmc: Preprocessing disabled
[INFO] aspmc:    Stats Compilation
[INFO] aspmc: ------------------------------------------------------------
[INFO] aspmc: X/D-Constrained Tree Decomposition #bags: 70 treewidth: 7 #vertices: 111
[INFO] aspmc: Dtree time:               2.0385234355926514
[INFO] aspmc: Compilation time:         0.021011829376220703
[INFO] aspmc: Preparation time:         0.000148773193359375
[INFO] aspmc: Counting time:            0.11856198310852051
[INFO] aspmc: ------------------------------------------------------------
[0.5::edge(1,2)., 0.5::edge(1,3)., 0.816343623039356::edge(2,4)., 0.8285621451275564::edge(3,5)., 0.8780109837190632::edge(4,6)., 0.9710507923144887::edge(5,6)., path(X,X):-node(X)., path(X,Y):-path(X,Z),edge(Z,Y)., transmit(A,B):-path(A,B),node(A),node(B),not not_transmit(A,B)., not_transmit(A,B):-path(A,B),node(A),node(B),not transmit(A,B)., qr:-transmit(1,6)., node(1)., node(2)., node(3)., node(4)., node(5)., node(6)., query(qr).]
tracc
nnf_construction_time: 3.292271375656128
Pre simplification
number of sums: 63
number of prods: 77
-0.706426501066079*v_19*v_22*v_23 + 0.87801098*v_19*v_22 + 0.804575930321599*v_23
Post simplification
symp_time: 0.3522837162017822
number of sums: 2
number of subs: 1
number of prods: 6
opt_time: 0.3031728267669678
     fun: 1.9201028647858494
     jac: array([1., 1., 1.])
 message: 'Optimization terminated successfully'
    nfev: 5
     nit: 4
    njev: 4
  status: 0
 success: True
       x: array([0.62003429, 0.68003429, 0.62003429])

real	0m4.975s
user	0m4.286s
sys	0m0.566s
Instance 4
[INFO] aspmc: Tree Decomposition #bags: 83 unfolded treewidth: 3 #vertices: 111
[INFO] aspmc: Preprocessing disabled
[INFO] aspmc:    Stats Compilation
[INFO] aspmc: ------------------------------------------------------------
[INFO] aspmc: X/D-Constrained Tree Decomposition #bags: 70 treewidth: 7 #vertices: 111
[INFO] aspmc: Dtree time:               2.0378434658050537
[INFO] aspmc: Compilation time:         0.021423816680908203
[INFO] aspmc: Preparation time:         0.00016236305236816406
[INFO] aspmc: Counting time:            0.11956000328063965
[INFO] aspmc: ------------------------------------------------------------
[0.5::edge(1,2)., 0.5::edge(1,3)., 0.816343623039356::edge(2,4)., 0.8285621451275564::edge(3,5)., 0.8780109837190632::edge(4,6)., 0.9710507923144887::edge(5,6)., path(X,X):-node(X)., path(X,Y):-path(X,Z),edge(Z,Y)., transmit(A,B):-path(A,B),node(A),node(B),not not_transmit(A,B)., not_transmit(A,B):-path(A,B),node(A),node(B),not transmit(A,B)., qr:-transmit(1,6)., node(1)., node(2)., node(3)., node(4)., node(5)., node(6)., query(qr).]
tracc
nnf_construction_time: 3.297145366668701
Pre simplification
number of sums: 63
number of prods: 77
-0.852593255757674*v_18*v_19*v_22*v_23 + 0.97105079*v_18*v_23 + 0.87801098*v_19*v_22
Post simplification
symp_time: 0.38347363471984863
number of sums: 2
number of subs: 1
number of prods: 8
opt_time: 0.6183743476867676
     fun: 2.778586855776743
     jac: array([1., 1., 1., 1.])
 message: 'Optimization terminated successfully'
    nfev: 5
     nit: 4
    njev: 4
  status: 0
 success: True
       x: array([0.66464671, 0.72464671, 0.66464671, 0.72464671])

real	0m5.371s
user	0m4.683s
sys	0m0.564s
Instance 5
[INFO] aspmc: Tree Decomposition #bags: 83 unfolded treewidth: 3 #vertices: 111
[INFO] aspmc: Preprocessing disabled
[INFO] aspmc:    Stats Compilation
[INFO] aspmc: ------------------------------------------------------------
[INFO] aspmc: X/D-Constrained Tree Decomposition #bags: 70 treewidth: 7 #vertices: 111
[INFO] aspmc: Dtree time:               2.0349936485290527
[INFO] aspmc: Compilation time:         0.01993536949157715
[INFO] aspmc: Preparation time:         0.00017309188842773438
[INFO] aspmc: Counting time:            0.11497998237609863
[INFO] aspmc: ------------------------------------------------------------
[0.5::edge(1,2)., 0.5::edge(1,3)., 0.816343623039356::edge(2,4)., 0.8285621451275564::edge(3,5)., 0.8780109837190632::edge(4,6)., 0.9710507923144887::edge(5,6)., path(X,X):-node(X)., path(X,Y):-path(X,Z),edge(Z,Y)., transmit(A,B):-path(A,B),node(A),node(B),not not_transmit(A,B)., not_transmit(A,B):-path(A,B),node(A),node(B),not transmit(A,B)., qr:-transmit(1,6)., node(1)., node(2)., node(3)., node(4)., node(5)., node(6)., query(qr).]
tracc
nnf_construction_time: 3.283653974533081
Pre simplification
number of sums: 63
number of prods: 77
-0.97105079*v_16*v_18*v_19*v_22*v_23 + 1.0*v_16*v_19*v_22 + 0.97105079*v_18*v_23
Post simplification
symp_time: 0.36505770683288574
number of sums: 2
number of subs: 1
number of prods: 10
opt_time: 1.3451480865478516
     fun: 3.584500013335867
     jac: array([1., 1., 1., 1., 1.])
 message: 'Optimization terminated successfully'
    nfev: 5
     nit: 5
    njev: 5
  status: 0
 success: True
       x: array([0.6929, 0.7529, 0.6929, 0.7529, 0.6929])

real	0m6.049s
user	0m5.322s
sys	0m0.556s
Instance 6
[INFO] aspmc: Tree Decomposition #bags: 83 unfolded treewidth: 3 #vertices: 111
[INFO] aspmc: Preprocessing disabled
[INFO] aspmc:    Stats Compilation
[INFO] aspmc: ------------------------------------------------------------
[INFO] aspmc: X/D-Constrained Tree Decomposition #bags: 70 treewidth: 7 #vertices: 111
[INFO] aspmc: Dtree time:               2.032179117202759
[INFO] aspmc: Compilation time:         0.01813817024230957
[INFO] aspmc: Preparation time:         0.0001232624053955078
[INFO] aspmc: Counting time:            0.10221576690673828
[INFO] aspmc: ------------------------------------------------------------
[0.5::edge(1,2)., 0.5::edge(1,3)., 0.816343623039356::edge(2,4)., 0.8285621451275564::edge(3,5)., 0.8780109837190632::edge(4,6)., 0.9710507923144887::edge(5,6)., path(X,X):-node(X)., path(X,Y):-path(X,Z),edge(Z,Y)., transmit(A,B):-path(A,B),node(A),node(B),not not_transmit(A,B)., not_transmit(A,B):-path(A,B),node(A),node(B),not transmit(A,B)., qr:-transmit(1,6)., node(1)., node(2)., node(3)., node(4)., node(5)., node(6)., query(qr).]
tracc
nnf_construction_time: 3.259432077407837
Pre simplification
number of sums: 63
number of prods: 77
-v_13*v_16*v_18*v_19*v_22*v_23 + v_13*v_18*v_23 + v_16*v_19*v_22
Post simplification
symp_time: 0.33748888969421387
number of sums: 2
number of subs: 1
number of prods: 9
opt_time: 1.9004919528961182
     fun: 4.60560010427129
     jac: array([1., 1., 1., 1., 1., 1.])
 message: 'Optimization terminated successfully'
    nfev: 6
     nit: 5
    njev: 5
  status: 0
 success: True
       x: array([0.76760002, 0.76760002, 0.76760002, 0.76760002, 0.76760002,
       0.76760002])

real	0m6.476s
user	0m5.765s
sys	0m0.550s
Ended at: 
Thu Dec  7 17:45:28 CET 2023
