Started at: 
Thu Dec  7 17:50:17 CET 2023
Instance 2
[INFO] aspmc: Tree Decomposition #bags: 251 unfolded treewidth: 8 #vertices: 320
[INFO] aspmc: Preprocessing disabled
[INFO] aspmc:    Stats Compilation
[INFO] aspmc: ------------------------------------------------------------
[INFO] aspmc: X/D-Constrained Tree Decomposition #bags: 203 treewidth: 12 #vertices: 320
[INFO] aspmc: Dtree time:               1.100595474243164
[INFO] aspmc: Compilation time:         0.3905918598175049
[INFO] aspmc: Preparation time:         0.00034737586975097656
[INFO] aspmc: Counting time:            2.931321859359741
[INFO] aspmc: ------------------------------------------------------------
[0.5::edge(1,2)., 0.5::edge(1,3)., 0.8121440014439971::edge(2,4)., 0.9318293737581665::edge(3,5)., 0.9615464115892465::edge(4,6)., 0.9624207154646245::edge(5,6)., 0.8785836646800782::edge(6,7)., 0.994983574039669::edge(6,8)., 0.840237422823531::edge(7,9)., 0.877123958103951::edge(8,9)., 0.8281664113721792::edge(9,10)., path(X,X):-node(X)., path(X,Y):-path(X,Z),edge(Z,Y)., transmit(A,B):-path(A,B),node(A),node(B),not not_transmit(A,B)., not_transmit(A,B):-path(A,B),node(A),node(B),not transmit(A,B)., qr:-transmit(1,10)., node(1)., node(2)., node(3)., node(4)., node(5)., node(6)., node(7)., node(8)., node(9)., node(10)., query(qr).]
tracc
nnf_construction_time: 5.5708911418914795
Pre simplification
number of sums: 2047
number of prods: 2151
-0.560667885347982*v_40*v_41 + 0.625178913888028*v_40 + 0.717963539358215*v_41
Post simplification
symp_time: 1.5058395862579346
number of sums: 2
number of subs: 1
number of prods: 4
opt_time: 0.0020728111267089844
     fun: 1.3113437910326915
   maxcv: 1.2991201490120119e-06
 message: 'Optimization terminated successfully.'
    nfev: 15
  status: 1
 success: True
       x: array([0.4       , 0.91134379])

real	0m8.238s
user	0m7.665s
sys	0m0.441s
Instance 3
[INFO] aspmc: Tree Decomposition #bags: 251 unfolded treewidth: 8 #vertices: 320
[INFO] aspmc: Preprocessing disabled
[INFO] aspmc:    Stats Compilation
[INFO] aspmc: ------------------------------------------------------------
[INFO] aspmc: X/D-Constrained Tree Decomposition #bags: 203 treewidth: 12 #vertices: 320
[INFO] aspmc: Dtree time:               1.103224277496338
[INFO] aspmc: Compilation time:         0.39015698432922363
[INFO] aspmc: Preparation time:         0.0003910064697265625
[INFO] aspmc: Counting time:            3.012153148651123
[INFO] aspmc: ------------------------------------------------------------
[0.5::edge(1,2)., 0.5::edge(1,3)., 0.8121440014439971::edge(2,4)., 0.9318293737581665::edge(3,5)., 0.9615464115892465::edge(4,6)., 0.9624207154646245::edge(5,6)., 0.8785836646800782::edge(6,7)., 0.994983574039669::edge(6,8)., 0.840237422823531::edge(7,9)., 0.877123958103951::edge(8,9)., 0.8281664113721792::edge(9,10)., path(X,X):-node(X)., path(X,Y):-path(X,Z),edge(Z,Y)., transmit(A,B):-path(A,B),node(A),node(B),not not_transmit(A,B)., not_transmit(A,B):-path(A,B),node(A),node(B),not transmit(A,B)., qr:-transmit(1,10)., node(1)., node(2)., node(3)., node(4)., node(5)., node(6)., node(7)., node(8)., node(9)., node(10)., query(qr).]
tracc
nnf_construction_time: 5.654621839523315
Pre simplification
number of sums: 2047
number of prods: 2151
-0.690355263780785*v_37*v_40*v_41 + 0.769788256624475*v_37*v_40 - 1.11022302462516e-16*v_37*v_41 + 0.717963539358215*v_41
Post simplification
symp_time: 1.584655523300171
number of sums: 2
number of subs: 3
number of prods: 8
opt_time: 0.004712581634521484
     fun: 1.7495103217012473
   maxcv: 0.0
 message: 'Optimization terminated successfully.'
    nfev: 26
  status: 1
 success: True
       x: array([0.4       , 0.94951032, 0.4       ])

real	0m8.324s
user	0m7.794s
sys	0m0.382s
Instance 4
[INFO] aspmc: Tree Decomposition #bags: 251 unfolded treewidth: 8 #vertices: 320
[INFO] aspmc: Preprocessing disabled
[INFO] aspmc:    Stats Compilation
[INFO] aspmc: ------------------------------------------------------------
[INFO] aspmc: X/D-Constrained Tree Decomposition #bags: 203 treewidth: 12 #vertices: 320
[INFO] aspmc: Dtree time:               1.1046326160430908
[INFO] aspmc: Compilation time:         0.38968372344970703
[INFO] aspmc: Preparation time:         0.00038361549377441406
[INFO] aspmc: Counting time:            2.9289612770080566
[INFO] aspmc: ------------------------------------------------------------
[0.5::edge(1,2)., 0.5::edge(1,3)., 0.8121440014439971::edge(2,4)., 0.9318293737581665::edge(3,5)., 0.9615464115892465::edge(4,6)., 0.9624207154646245::edge(5,6)., 0.8785836646800782::edge(6,7)., 0.994983574039669::edge(6,8)., 0.840237422823531::edge(7,9)., 0.877123958103951::edge(8,9)., 0.8281664113721792::edge(9,10)., path(X,X):-node(X)., path(X,Y):-path(X,Z),edge(Z,Y)., transmit(A,B):-path(A,B),node(A),node(B),not not_transmit(A,B)., not_transmit(A,B):-path(A,B),node(A),node(B),not transmit(A,B)., qr:-transmit(1,10)., node(1)., node(2)., node(3)., node(4)., node(5)., node(6)., node(7)., node(8)., node(9)., node(10)., query(qr).]
tracc
nnf_construction_time: 5.574682712554932
Pre simplification
number of sums: 2047
number of prods: 2151
-0.740860168188072*v_36*v_37*v_40*v_41 + 1.11022302462516e-16*v_36*v_37*v_40 + 0.770488205751891*v_36*v_41 + 0.769788256624475*v_37*v_40
Post simplification
symp_time: 1.6024057865142822
number of sums: 3
number of subs: 2
number of prods: 11
opt_time: 0.013979911804199219
     fun: 2.6812566030995697
   maxcv: 6.519423445539019e-09
 message: 'Optimization terminated successfully.'
    nfev: 64
  status: 1
 success: True
       x: array([0.4       , 0.94071536, 0.4       , 0.94054125])

real	0m8.266s
user	0m7.752s
sys	0m0.377s
Instance 5
[INFO] aspmc: Tree Decomposition #bags: 251 unfolded treewidth: 8 #vertices: 320
[INFO] aspmc: Preprocessing disabled
[INFO] aspmc:    Stats Compilation
[INFO] aspmc: ------------------------------------------------------------
[INFO] aspmc: X/D-Constrained Tree Decomposition #bags: 203 treewidth: 12 #vertices: 320
[INFO] aspmc: Dtree time:               1.1040253639221191
[INFO] aspmc: Compilation time:         0.39129066467285156
[INFO] aspmc: Preparation time:         0.00038886070251464844
[INFO] aspmc: Counting time:            2.7927892208099365
[INFO] aspmc: ------------------------------------------------------------
[0.5::edge(1,2)., 0.5::edge(1,3)., 0.8121440014439971::edge(2,4)., 0.9318293737581665::edge(3,5)., 0.9615464115892465::edge(4,6)., 0.9624207154646245::edge(5,6)., 0.8785836646800782::edge(6,7)., 0.994983574039669::edge(6,8)., 0.840237422823531::edge(7,9)., 0.877123958103951::edge(8,9)., 0.8281664113721792::edge(9,10)., path(X,X):-node(X)., path(X,Y):-path(X,Z),edge(Z,Y)., transmit(A,B):-path(A,B),node(A),node(B),not not_transmit(A,B)., not_transmit(A,B):-path(A,B),node(A),node(B),not transmit(A,B)., qr:-transmit(1,10)., node(1)., node(2)., node(3)., node(4)., node(5)., node(6)., node(7)., node(8)., node(9)., node(10)., query(qr).]
tracc
nnf_construction_time: 5.436288833618164
Pre simplification
number of sums: 2047
number of prods: 2151
-0.770488205751891*v_34*v_36*v_37*v_40*v_41 + 0.80057316903141*v_34*v_37*v_40 + 0.770488205751891*v_36*v_41
Post simplification
symp_time: 1.625077724456787
number of sums: 2
number of subs: 1
number of prods: 10
opt_time: 0.01671290397644043
     fun: 3.0969339803252223
   maxcv: 7.2123091943154805e-09
 message: 'Optimization terminated successfully.'
    nfev: 63
  status: 1
 success: True
       x: array([0.4       , 0.94855968, 0.4       , 0.9483743 , 0.4       ])

real	0m8.156s
user	0m7.611s
sys	0m0.413s
Instance 6
[INFO] aspmc: Tree Decomposition #bags: 251 unfolded treewidth: 8 #vertices: 320
[INFO] aspmc: Preprocessing disabled
[INFO] aspmc:    Stats Compilation
[INFO] aspmc: ------------------------------------------------------------
[INFO] aspmc: X/D-Constrained Tree Decomposition #bags: 203 treewidth: 12 #vertices: 320
[INFO] aspmc: Dtree time:               1.1048543453216553
[INFO] aspmc: Compilation time:         0.39035558700561523
[INFO] aspmc: Preparation time:         0.0003962516784667969
[INFO] aspmc: Counting time:            2.899949073791504
[INFO] aspmc: ------------------------------------------------------------
[0.5::edge(1,2)., 0.5::edge(1,3)., 0.8121440014439971::edge(2,4)., 0.9318293737581665::edge(3,5)., 0.9615464115892465::edge(4,6)., 0.9624207154646245::edge(5,6)., 0.8785836646800782::edge(6,7)., 0.994983574039669::edge(6,8)., 0.840237422823531::edge(7,9)., 0.877123958103951::edge(8,9)., 0.8281664113721792::edge(9,10)., path(X,X):-node(X)., path(X,Y):-path(X,Z),edge(Z,Y)., transmit(A,B):-path(A,B),node(A),node(B),not not_transmit(A,B)., not_transmit(A,B):-path(A,B),node(A),node(B),not transmit(A,B)., qr:-transmit(1,10)., node(1)., node(2)., node(3)., node(4)., node(5)., node(6)., node(7)., node(8)., node(9)., node(10)., query(qr).]
tracc
nnf_construction_time: 5.543818950653076
Pre simplification
number of sums: 2047
number of prods: 2151
-0.80057316903141*v_32*v_34*v_36*v_37*v_40*v_41 + 0.80057316903141*v_32*v_36*v_41 + 0.80057316903141*v_34*v_37*v_40
Post simplification
symp_time: 1.6287345886230469
number of sums: 2
number of subs: 1
number of prods: 12
opt_time: 0.037050485610961914
     fun: 4.326363449603702
   maxcv: 5.460807361856723e-10
 message: 'Optimization terminated successfully.'
    nfev: 106
  status: 1
 success: True
       x: array([0.95      , 0.49205253, 0.95      , 0.49210635, 0.95      ,
       0.49220457])

real	0m8.286s
user	0m7.756s
sys	0m0.387s
Instance 7
[INFO] aspmc: Tree Decomposition #bags: 251 unfolded treewidth: 8 #vertices: 320
[INFO] aspmc: Preprocessing disabled
[INFO] aspmc:    Stats Compilation
[INFO] aspmc: ------------------------------------------------------------
[INFO] aspmc: X/D-Constrained Tree Decomposition #bags: 203 treewidth: 12 #vertices: 320
[INFO] aspmc: Dtree time:               1.103257656097412
[INFO] aspmc: Compilation time:         0.39109110832214355
[INFO] aspmc: Preparation time:         0.0003826618194580078
[INFO] aspmc: Counting time:            2.8639535903930664
[INFO] aspmc: ------------------------------------------------------------
[0.5::edge(1,2)., 0.5::edge(1,3)., 0.8121440014439971::edge(2,4)., 0.9318293737581665::edge(3,5)., 0.9615464115892465::edge(4,6)., 0.9624207154646245::edge(5,6)., 0.8785836646800782::edge(6,7)., 0.994983574039669::edge(6,8)., 0.840237422823531::edge(7,9)., 0.877123958103951::edge(8,9)., 0.8281664113721792::edge(9,10)., path(X,X):-node(X)., path(X,Y):-path(X,Z),edge(Z,Y)., transmit(A,B):-path(A,B),node(A),node(B),not not_transmit(A,B)., not_transmit(A,B):-path(A,B),node(A),node(B),not transmit(A,B)., qr:-transmit(1,10)., node(1)., node(2)., node(3)., node(4)., node(5)., node(6)., node(7)., node(8)., node(9)., node(10)., query(qr).]
tracc
nnf_construction_time: 5.505624055862427
Pre simplification
number of sums: 2047
number of prods: 2151
(0.0885658695111775*v_27 + 0.722760643245197)*(v_32*(v_34*(v_36*(v_37*(v_40 - v_41*(v_40 - 1)) - v_41*(v_37 - 1)) - v_37*v_40*(v_36 - 1)) - v_36*v_41*(v_34 - 1)) - v_34*v_37*v_40*(v_32 - 1))
Post simplification
symp_time: 1.7740435600280762
number of sums: 1
number of subs: 10
number of prods: 15
opt_time: 0.0581202507019043
     fun: 5.042989086875405
   maxcv: 4.4575065860641416e-10
 message: 'Optimization terminated successfully.'
    nfev: 138
  status: 1
 success: True
       x: array([0.41442995, 0.95      , 0.414257  , 0.95      , 0.41430214,
       0.95      , 0.95      ])

real	0m8.435s
user	0m7.900s
sys	0m0.396s
Instance 8
[INFO] aspmc: Tree Decomposition #bags: 251 unfolded treewidth: 8 #vertices: 320
[INFO] aspmc: Preprocessing disabled
[INFO] aspmc:    Stats Compilation
[INFO] aspmc: ------------------------------------------------------------
[INFO] aspmc: X/D-Constrained Tree Decomposition #bags: 203 treewidth: 12 #vertices: 320
[INFO] aspmc: Dtree time:               1.103790521621704
[INFO] aspmc: Compilation time:         0.3899567127227783
[INFO] aspmc: Preparation time:         0.00037598609924316406
[INFO] aspmc: Counting time:            2.810570478439331
[INFO] aspmc: ------------------------------------------------------------
[0.5::edge(1,2)., 0.5::edge(1,3)., 0.8121440014439971::edge(2,4)., 0.9318293737581665::edge(3,5)., 0.9615464115892465::edge(4,6)., 0.9624207154646245::edge(5,6)., 0.8785836646800782::edge(6,7)., 0.994983574039669::edge(6,8)., 0.840237422823531::edge(7,9)., 0.877123958103951::edge(8,9)., 0.8281664113721792::edge(9,10)., path(X,X):-node(X)., path(X,Y):-path(X,Z),edge(Z,Y)., transmit(A,B):-path(A,B),node(A),node(B),not not_transmit(A,B)., not_transmit(A,B):-path(A,B),node(A),node(B),not transmit(A,B)., qr:-transmit(1,10)., node(1)., node(2)., node(3)., node(4)., node(5)., node(6)., node(7)., node(8)., node(9)., node(10)., query(qr).]
tracc
nnf_construction_time: 5.459285736083984
Pre simplification
number of sums: 2047
number of prods: 2151
(v_32*(v_34*(v_36*(v_37*(v_40 - v_41*(v_40 - 1)) - v_41*(v_37 - 1)) - v_37*v_40*(v_36 - 1)) - v_36*v_41*(v_34 - 1)) - v_34*v_37*v_40*(v_32 - 1))*(0.116052273192121*v_27*v_29 + 0.695856407669062*v_27 - 0.726404601078184*v_29*(v_27 - 1))
Post simplification
symp_time: 1.8732542991638184
number of sums: 1
number of subs: 12
number of prods: 19
opt_time: 0.0791621208190918
     fun: 6.2347979621028395
   maxcv: 6.289717635610259e-10
 message: 'Optimization terminated successfully.'
    nfev: 165
  status: 1
 success: True
       x: array([0.95      , 0.49484426, 0.95      , 0.49498803, 0.95      ,
       0.49496567, 0.95      , 0.95      ])

real	0m8.480s
user	0m7.942s
sys	0m0.411s
Instance 9
[INFO] aspmc: Tree Decomposition #bags: 251 unfolded treewidth: 8 #vertices: 320
[INFO] aspmc: Preprocessing disabled
[INFO] aspmc:    Stats Compilation
[INFO] aspmc: ------------------------------------------------------------
[INFO] aspmc: X/D-Constrained Tree Decomposition #bags: 203 treewidth: 12 #vertices: 320
[INFO] aspmc: Dtree time:               1.100581169128418
[INFO] aspmc: Compilation time:         0.3830430507659912
[INFO] aspmc: Preparation time:         0.0003814697265625
[INFO] aspmc: Counting time:            2.8307178020477295
[INFO] aspmc: ------------------------------------------------------------
[0.5::edge(1,2)., 0.5::edge(1,3)., 0.8121440014439971::edge(2,4)., 0.9318293737581665::edge(3,5)., 0.9615464115892465::edge(4,6)., 0.9624207154646245::edge(5,6)., 0.8785836646800782::edge(6,7)., 0.994983574039669::edge(6,8)., 0.840237422823531::edge(7,9)., 0.877123958103951::edge(8,9)., 0.8281664113721792::edge(9,10)., path(X,X):-node(X)., path(X,Y):-path(X,Z),edge(Z,Y)., transmit(A,B):-path(A,B),node(A),node(B),not not_transmit(A,B)., not_transmit(A,B):-path(A,B),node(A),node(B),not transmit(A,B)., qr:-transmit(1,10)., node(1)., node(2)., node(3)., node(4)., node(5)., node(6)., node(7)., node(8)., node(9)., node(10)., query(qr).]
tracc
nnf_construction_time: 5.461137056350708
Pre simplification
number of sums: 2047
number of prods: 2151
(v_32*(v_34*(v_36*(v_37*(v_40 - v_41*(v_40 - 1)) - v_41*(v_37 - 1)) - v_37*v_40*(v_36 - 1)) - v_36*v_41*(v_34 - 1)) - v_34*v_37*v_40*(v_32 - 1))*(0.101761808921816*v_26*v_27 + 0.726404601078184*v_26*(v_27 - v_29*(v_27 - 1)) - 0.726404601078184*v_29*(v_26 - 1))
Post simplification
symp_time: 1.9660146236419678
number of sums: 1
number of subs: 14
number of prods: 21
opt_time: 0.06331014633178711
     fun: 6.803161483599715
   maxcv: 0.0
 message: 'Optimization terminated successfully.'
    nfev: 109
  status: 1
 success: True
       x: array([0.4       , 0.95      , 0.4       , 0.95      , 0.4       ,
       0.95      , 0.95      , 0.85316148, 0.95      ])

real	0m8.564s
user	0m7.991s
sys	0m0.410s
Instance 10
[INFO] aspmc: Tree Decomposition #bags: 251 unfolded treewidth: 8 #vertices: 320
[INFO] aspmc: Preprocessing disabled
[INFO] aspmc:    Stats Compilation
[INFO] aspmc: ------------------------------------------------------------
[INFO] aspmc: X/D-Constrained Tree Decomposition #bags: 203 treewidth: 12 #vertices: 320
[INFO] aspmc: Dtree time:               1.1006035804748535
[INFO] aspmc: Compilation time:         0.382704496383667
[INFO] aspmc: Preparation time:         0.0003924369812011719
[INFO] aspmc: Counting time:            2.894404411315918
[INFO] aspmc: ------------------------------------------------------------
[0.5::edge(1,2)., 0.5::edge(1,3)., 0.8121440014439971::edge(2,4)., 0.9318293737581665::edge(3,5)., 0.9615464115892465::edge(4,6)., 0.9624207154646245::edge(5,6)., 0.8785836646800782::edge(6,7)., 0.994983574039669::edge(6,8)., 0.840237422823531::edge(7,9)., 0.877123958103951::edge(8,9)., 0.8281664113721792::edge(9,10)., path(X,X):-node(X)., path(X,Y):-path(X,Z),edge(Z,Y)., transmit(A,B):-path(A,B),node(A),node(B),not not_transmit(A,B)., not_transmit(A,B):-path(A,B),node(A),node(B),not transmit(A,B)., qr:-transmit(1,10)., node(1)., node(2)., node(3)., node(4)., node(5)., node(6)., node(7)., node(8)., node(9)., node(10)., query(qr).]
tracc
nnf_construction_time: 5.523394346237183
Pre simplification
number of sums: 2047
number of prods: 2151
0.82816641*v_23*v_26*v_27*v_29*v_32*v_34*v_36*v_37*v_40*v_41 - 0.82816641*v_23*v_26*v_27*v_29*v_32*v_36*v_41 - 0.82816641*v_23*v_26*v_27*v_29*v_34*v_37*v_40 - 0.82816641*v_23*v_29*v_32*v_34*v_36*v_37*v_40*v_41 + 0.82816641*v_23*v_29*v_32*v_36*v_41 + 0.82816641*v_23*v_29*v_34*v_37*v_40 - 0.82816641*v_26*v_27*v_32*v_34*v_36*v_37*v_40*v_41 + 0.82816641*v_26*v_27*v_32*v_36*v_41 + 0.82816641*v_26*v_27*v_34*v_37*v_40
Post simplification
symp_time: 2.006107807159424
number of sums: 4
number of subs: 4
number of prods: 60
opt_time: 0.09928750991821289
     fun: 7.680119346366698
   maxcv: 6.996374590784171e-10
 message: 'Optimization terminated successfully.'
    nfev: 164
  status: 1
 success: True
       x: array([0.4       , 0.95      , 0.4       , 0.95      , 0.4       ,
       0.95      , 0.95      , 0.86507482, 0.95      , 0.86504453])

real	0m8.674s
user	0m8.137s
sys	0m0.404s
Instance 11
[INFO] aspmc: Tree Decomposition #bags: 251 unfolded treewidth: 8 #vertices: 320
[INFO] aspmc: Preprocessing disabled
[INFO] aspmc:    Stats Compilation
[INFO] aspmc: ------------------------------------------------------------
[INFO] aspmc: X/D-Constrained Tree Decomposition #bags: 203 treewidth: 12 #vertices: 320
[INFO] aspmc: Dtree time:               1.0956614017486572
[INFO] aspmc: Compilation time:         0.36885857582092285
[INFO] aspmc: Preparation time:         0.0003552436828613281
[INFO] aspmc: Counting time:            2.7794251441955566
[INFO] aspmc: ------------------------------------------------------------
[0.5::edge(1,2)., 0.5::edge(1,3)., 0.8121440014439971::edge(2,4)., 0.9318293737581665::edge(3,5)., 0.9615464115892465::edge(4,6)., 0.9624207154646245::edge(5,6)., 0.8785836646800782::edge(6,7)., 0.994983574039669::edge(6,8)., 0.840237422823531::edge(7,9)., 0.877123958103951::edge(8,9)., 0.8281664113721792::edge(9,10)., path(X,X):-node(X)., path(X,Y):-path(X,Z),edge(Z,Y)., transmit(A,B):-path(A,B),node(A),node(B),not not_transmit(A,B)., not_transmit(A,B):-path(A,B),node(A),node(B),not transmit(A,B)., qr:-transmit(1,10)., node(1)., node(2)., node(3)., node(4)., node(5)., node(6)., node(7)., node(8)., node(9)., node(10)., query(qr).]
tracc
nnf_construction_time: 5.383556127548218
Pre simplification
number of sums: 2047
number of prods: 2151
-v_21*(v_23*(v_26*(v_27 - v_29*(v_27 - 1)) - v_29*(v_26 - 1)) - v_26*v_27*(v_23 - 1))*(v_32*(v_34*(-v_36*(v_37*(v_40 - v_41*(v_40 - 1)) - v_41*(v_37 - 1)) + v_37*v_40*(v_36 - 1)) + v_36*v_41*(v_34 - 1)) + v_34*v_37*v_40*(v_32 - 1))
Post simplification
symp_time: 1.9307787418365479
number of sums: 3
number of subs: 15
number of prods: 21
opt_time: 0.11060500144958496
     fun: 7.613130692885741
   maxcv: 6.914283368075758e-09
 message: 'Optimization terminated successfully.'
    nfev: 165
  status: 1
 success: True
       x: array([0.95      , 0.4       , 0.95      , 0.4       , 0.95      ,
       0.4       , 0.4       , 0.90651127, 0.4       , 0.90661942,
       0.95      ])

real	0m8.469s
user	0m7.935s
sys	0m0.386s
Ended at: 
Thu Dec  7 17:51:41 CET 2023
