Started at: 
Thu Dec  7 17:50:16 CET 2023
Instance 2
[INFO] aspmc: Tree Decomposition #bags: 251 unfolded treewidth: 8 #vertices: 320
[INFO] aspmc: Preprocessing disabled
[INFO] aspmc:    Stats Compilation
[INFO] aspmc: ------------------------------------------------------------
[INFO] aspmc: X/D-Constrained Tree Decomposition #bags: 203 treewidth: 12 #vertices: 320
[INFO] aspmc: Dtree time:               1.101597785949707
[INFO] aspmc: Compilation time:         0.38937926292419434
[INFO] aspmc: Preparation time:         0.0003573894500732422
[INFO] aspmc: Counting time:            2.790537118911743
[INFO] aspmc: ------------------------------------------------------------
[0.5::edge(1,2)., 0.5::edge(1,3)., 0.8121440014439971::edge(2,4)., 0.9318293737581665::edge(3,5)., 0.9615464115892465::edge(4,6)., 0.9624207154646245::edge(5,6)., 0.8785836646800782::edge(6,7)., 0.994983574039669::edge(6,8)., 0.840237422823531::edge(7,9)., 0.877123958103951::edge(8,9)., 0.8281664113721792::edge(9,10)., path(X,X):-node(X)., path(X,Y):-path(X,Z),edge(Z,Y)., transmit(A,B):-path(A,B),node(A),node(B),not not_transmit(A,B)., not_transmit(A,B):-path(A,B),node(A),node(B),not transmit(A,B)., qr:-transmit(1,10)., node(1)., node(2)., node(3)., node(4)., node(5)., node(6)., node(7)., node(8)., node(9)., node(10)., query(qr).]
tracc
nnf_construction_time: 5.428950786590576
Pre simplification
number of sums: 2047
number of prods: 2151
-0.560667885347982*v_40*v_41 + 0.625178913888028*v_40 + 0.717963539358215*v_41
Post simplification
symp_time: 1.5315394401550293
number of sums: 2
number of subs: 1
number of prods: 4
opt_time: 0.0835578441619873
     fun: 1.3113464224478832
     jac: array([1., 1.])
 message: 'Optimization terminated successfully'
    nfev: 5
     nit: 5
    njev: 5
  status: 0
 success: True
       x: array([0.4       , 0.91134642])

real	0m8.254s
user	0m7.714s
sys	0m0.417s
Instance 3
[INFO] aspmc: Tree Decomposition #bags: 251 unfolded treewidth: 8 #vertices: 320
[INFO] aspmc: Preprocessing disabled
[INFO] aspmc:    Stats Compilation
[INFO] aspmc: ------------------------------------------------------------
[INFO] aspmc: X/D-Constrained Tree Decomposition #bags: 203 treewidth: 12 #vertices: 320
[INFO] aspmc: Dtree time:               1.1038668155670166
[INFO] aspmc: Compilation time:         0.3888528347015381
[INFO] aspmc: Preparation time:         0.0003910064697265625
[INFO] aspmc: Counting time:            2.9707348346710205
[INFO] aspmc: ------------------------------------------------------------
[0.5::edge(1,2)., 0.5::edge(1,3)., 0.8121440014439971::edge(2,4)., 0.9318293737581665::edge(3,5)., 0.9615464115892465::edge(4,6)., 0.9624207154646245::edge(5,6)., 0.8785836646800782::edge(6,7)., 0.994983574039669::edge(6,8)., 0.840237422823531::edge(7,9)., 0.877123958103951::edge(8,9)., 0.8281664113721792::edge(9,10)., path(X,X):-node(X)., path(X,Y):-path(X,Z),edge(Z,Y)., transmit(A,B):-path(A,B),node(A),node(B),not not_transmit(A,B)., not_transmit(A,B):-path(A,B),node(A),node(B),not transmit(A,B)., qr:-transmit(1,10)., node(1)., node(2)., node(3)., node(4)., node(5)., node(6)., node(7)., node(8)., node(9)., node(10)., query(qr).]
tracc
nnf_construction_time: 5.612291097640991
Pre simplification
number of sums: 2047
number of prods: 2151
-0.690355263780785*v_37*v_40*v_41 + 0.769788256624475*v_37*v_40 - 1.11022302462516e-16*v_37*v_41 + 0.717963539358215*v_41
Post simplification
symp_time: 1.5734102725982666
number of sums: 2
number of subs: 3
number of prods: 8
opt_time: 0.18854284286499023
     fun: 1.7495103208717295
     jac: array([1., 1., 1.])
 message: 'Optimization terminated successfully'
    nfev: 5
     nit: 5
    njev: 5
  status: 0
 success: True
       x: array([0.4       , 0.94951032, 0.4       ])

real	0m8.466s
user	0m7.951s
sys	0m0.373s
Instance 4
[INFO] aspmc: Tree Decomposition #bags: 251 unfolded treewidth: 8 #vertices: 320
[INFO] aspmc: Preprocessing disabled
[INFO] aspmc:    Stats Compilation
[INFO] aspmc: ------------------------------------------------------------
[INFO] aspmc: X/D-Constrained Tree Decomposition #bags: 203 treewidth: 12 #vertices: 320
[INFO] aspmc: Dtree time:               1.104435920715332
[INFO] aspmc: Compilation time:         0.391390323638916
[INFO] aspmc: Preparation time:         0.00038170814514160156
[INFO] aspmc: Counting time:            2.9349024295806885
[INFO] aspmc: ------------------------------------------------------------
[0.5::edge(1,2)., 0.5::edge(1,3)., 0.8121440014439971::edge(2,4)., 0.9318293737581665::edge(3,5)., 0.9615464115892465::edge(4,6)., 0.9624207154646245::edge(5,6)., 0.8785836646800782::edge(6,7)., 0.994983574039669::edge(6,8)., 0.840237422823531::edge(7,9)., 0.877123958103951::edge(8,9)., 0.8281664113721792::edge(9,10)., path(X,X):-node(X)., path(X,Y):-path(X,Z),edge(Z,Y)., transmit(A,B):-path(A,B),node(A),node(B),not not_transmit(A,B)., not_transmit(A,B):-path(A,B),node(A),node(B),not transmit(A,B)., qr:-transmit(1,10)., node(1)., node(2)., node(3)., node(4)., node(5)., node(6)., node(7)., node(8)., node(9)., node(10)., query(qr).]
tracc
nnf_construction_time: 5.581077337265015
Pre simplification
number of sums: 2047
number of prods: 2151
-0.740860168188072*v_36*v_37*v_40*v_41 + 1.11022302462516e-16*v_36*v_37*v_40 + 0.770488205751891*v_36*v_41 + 0.769788256624475*v_37*v_40
Post simplification
symp_time: 1.6087217330932617
number of sums: 3
number of subs: 2
number of prods: 11
opt_time: 0.6827223300933838
     fun: 2.681256605673689
     jac: array([1., 1., 1., 1.])
 message: 'Optimization terminated successfully'
    nfev: 11
     nit: 12
    njev: 11
  status: 0
 success: True
       x: array([0.4      , 0.9406283, 0.4      , 0.9406283])

real	0m8.967s
user	0m8.447s
sys	0m0.386s
Instance 5
[INFO] aspmc: Tree Decomposition #bags: 251 unfolded treewidth: 8 #vertices: 320
[INFO] aspmc: Preprocessing disabled
[INFO] aspmc:    Stats Compilation
[INFO] aspmc: ------------------------------------------------------------
[INFO] aspmc: X/D-Constrained Tree Decomposition #bags: 203 treewidth: 12 #vertices: 320
[INFO] aspmc: Dtree time:               1.1041998863220215
[INFO] aspmc: Compilation time:         0.39009928703308105
[INFO] aspmc: Preparation time:         0.0003845691680908203
[INFO] aspmc: Counting time:            3.1195120811462402
[INFO] aspmc: ------------------------------------------------------------
[0.5::edge(1,2)., 0.5::edge(1,3)., 0.8121440014439971::edge(2,4)., 0.9318293737581665::edge(3,5)., 0.9615464115892465::edge(4,6)., 0.9624207154646245::edge(5,6)., 0.8785836646800782::edge(6,7)., 0.994983574039669::edge(6,8)., 0.840237422823531::edge(7,9)., 0.877123958103951::edge(8,9)., 0.8281664113721792::edge(9,10)., path(X,X):-node(X)., path(X,Y):-path(X,Z),edge(Z,Y)., transmit(A,B):-path(A,B),node(A),node(B),not not_transmit(A,B)., not_transmit(A,B):-path(A,B),node(A),node(B),not transmit(A,B)., qr:-transmit(1,10)., node(1)., node(2)., node(3)., node(4)., node(5)., node(6)., node(7)., node(8)., node(9)., node(10)., query(qr).]
tracc
nnf_construction_time: 5.768112897872925
Pre simplification
number of sums: 2047
number of prods: 2151
-0.770488205751891*v_34*v_36*v_37*v_40*v_41 + 0.80057316903141*v_34*v_37*v_40 + 0.770488205751891*v_36*v_41
Post simplification
symp_time: 1.61356520652771
number of sums: 2
number of subs: 1
number of prods: 10
opt_time: 0.6211655139923096
     fun: 3.0969339818107877
     jac: array([1., 1., 1., 1., 1.])
 message: 'Optimization terminated successfully'
    nfev: 8
     nit: 9
    njev: 8
  status: 0
 success: True
       x: array([0.4       , 0.94846699, 0.4       , 0.94846699, 0.4       ])

real	0m9.071s
user	0m8.538s
sys	0m0.393s
Instance 6
[INFO] aspmc: Tree Decomposition #bags: 251 unfolded treewidth: 8 #vertices: 320
[INFO] aspmc: Preprocessing disabled
[INFO] aspmc:    Stats Compilation
[INFO] aspmc: ------------------------------------------------------------
[INFO] aspmc: X/D-Constrained Tree Decomposition #bags: 203 treewidth: 12 #vertices: 320
[INFO] aspmc: Dtree time:               1.1036038398742676
[INFO] aspmc: Compilation time:         0.39006853103637695
[INFO] aspmc: Preparation time:         0.00039505958557128906
[INFO] aspmc: Counting time:            2.905418634414673
[INFO] aspmc: ------------------------------------------------------------
[0.5::edge(1,2)., 0.5::edge(1,3)., 0.8121440014439971::edge(2,4)., 0.9318293737581665::edge(3,5)., 0.9615464115892465::edge(4,6)., 0.9624207154646245::edge(5,6)., 0.8785836646800782::edge(6,7)., 0.994983574039669::edge(6,8)., 0.840237422823531::edge(7,9)., 0.877123958103951::edge(8,9)., 0.8281664113721792::edge(9,10)., path(X,X):-node(X)., path(X,Y):-path(X,Z),edge(Z,Y)., transmit(A,B):-path(A,B),node(A),node(B),not not_transmit(A,B)., not_transmit(A,B):-path(A,B),node(A),node(B),not transmit(A,B)., qr:-transmit(1,10)., node(1)., node(2)., node(3)., node(4)., node(5)., node(6)., node(7)., node(8)., node(9)., node(10)., query(qr).]
tracc
nnf_construction_time: 5.546658277511597
Pre simplification
number of sums: 2047
number of prods: 2151
-0.80057316903141*v_32*v_34*v_36*v_37*v_40*v_41 + 0.80057316903141*v_32*v_36*v_41 + 0.80057316903141*v_34*v_37*v_40
Post simplification
symp_time: 1.6477808952331543
number of sums: 2
number of subs: 1
number of prods: 12
opt_time: 5.950801134109497
     fun: 4.05
     jac: array([1., 1., 1., 1., 1., 1.])
 message: 'Inequality constraints incompatible'
    nfev: 419
     nit: 56
    njev: 56
  status: 4
 success: False
       x: array([0.4 , 0.95, 0.4 , 0.95, 0.4 , 0.95])

real	0m14.306s
user	0m13.717s
sys	0m0.416s
Instance 7
[INFO] aspmc: Tree Decomposition #bags: 251 unfolded treewidth: 8 #vertices: 320
[INFO] aspmc: Preprocessing disabled
[INFO] aspmc:    Stats Compilation
[INFO] aspmc: ------------------------------------------------------------
[INFO] aspmc: X/D-Constrained Tree Decomposition #bags: 203 treewidth: 12 #vertices: 320
[INFO] aspmc: Dtree time:               1.1040339469909668
[INFO] aspmc: Compilation time:         0.38854026794433594
[INFO] aspmc: Preparation time:         0.00035762786865234375
[INFO] aspmc: Counting time:            2.841485023498535
[INFO] aspmc: ------------------------------------------------------------
[0.5::edge(1,2)., 0.5::edge(1,3)., 0.8121440014439971::edge(2,4)., 0.9318293737581665::edge(3,5)., 0.9615464115892465::edge(4,6)., 0.9624207154646245::edge(5,6)., 0.8785836646800782::edge(6,7)., 0.994983574039669::edge(6,8)., 0.840237422823531::edge(7,9)., 0.877123958103951::edge(8,9)., 0.8281664113721792::edge(9,10)., path(X,X):-node(X)., path(X,Y):-path(X,Z),edge(Z,Y)., transmit(A,B):-path(A,B),node(A),node(B),not not_transmit(A,B)., not_transmit(A,B):-path(A,B),node(A),node(B),not transmit(A,B)., qr:-transmit(1,10)., node(1)., node(2)., node(3)., node(4)., node(5)., node(6)., node(7)., node(8)., node(9)., node(10)., query(qr).]
tracc
nnf_construction_time: 5.494064569473267
Pre simplification
number of sums: 2047
number of prods: 2151
(0.0885658695111775*v_27 + 0.722760643245197)*(v_32*(v_34*(v_36*(v_37*(v_40 - v_41*(v_40 - 1)) - v_41*(v_37 - 1)) - v_37*v_40*(v_36 - 1)) - v_36*v_41*(v_34 - 1)) - v_34*v_37*v_40*(v_32 - 1))
Post simplification
symp_time: 1.781641960144043
number of sums: 1
number of subs: 10
number of prods: 15
opt_time: 4.151911497116089
     fun: 5.042989090016702
     jac: array([1., 1., 1., 1., 1., 1., 1.])
 message: 'Optimization terminated successfully'
    nfev: 27
     nit: 25
    njev: 23
  status: 0
 success: True
       x: array([0.4143297, 0.95     , 0.4143297, 0.95     , 0.4143297, 0.95     ,
       0.95     ])

real	0m12.538s
user	0m11.976s
sys	0m0.422s
Instance 8
[INFO] aspmc: Tree Decomposition #bags: 251 unfolded treewidth: 8 #vertices: 320
[INFO] aspmc: Preprocessing disabled
[INFO] aspmc:    Stats Compilation
[INFO] aspmc: ------------------------------------------------------------
[INFO] aspmc: X/D-Constrained Tree Decomposition #bags: 203 treewidth: 12 #vertices: 320
[INFO] aspmc: Dtree time:               1.0991995334625244
[INFO] aspmc: Compilation time:         0.37932348251342773
[INFO] aspmc: Preparation time:         0.0003485679626464844
[INFO] aspmc: Counting time:            2.7130038738250732
[INFO] aspmc: ------------------------------------------------------------
[0.5::edge(1,2)., 0.5::edge(1,3)., 0.8121440014439971::edge(2,4)., 0.9318293737581665::edge(3,5)., 0.9615464115892465::edge(4,6)., 0.9624207154646245::edge(5,6)., 0.8785836646800782::edge(6,7)., 0.994983574039669::edge(6,8)., 0.840237422823531::edge(7,9)., 0.877123958103951::edge(8,9)., 0.8281664113721792::edge(9,10)., path(X,X):-node(X)., path(X,Y):-path(X,Z),edge(Z,Y)., transmit(A,B):-path(A,B),node(A),node(B),not not_transmit(A,B)., not_transmit(A,B):-path(A,B),node(A),node(B),not transmit(A,B)., qr:-transmit(1,10)., node(1)., node(2)., node(3)., node(4)., node(5)., node(6)., node(7)., node(8)., node(9)., node(10)., query(qr).]
tracc
nnf_construction_time: 5.336034059524536
Pre simplification
number of sums: 2047
number of prods: 2151
(v_32*(v_34*(v_36*(v_37*(v_40 - v_41*(v_40 - 1)) - v_41*(v_37 - 1)) - v_37*v_40*(v_36 - 1)) - v_36*v_41*(v_34 - 1)) - v_34*v_37*v_40*(v_32 - 1))*(0.116052273192121*v_27*v_29 + 0.695856407669062*v_27 - 0.726404601078184*v_29*(v_27 - 1))
Post simplification
symp_time: 1.806835651397705
number of sums: 1
number of subs: 12
number of prods: 19
opt_time: 5.234107732772827
     fun: 6.234797972536285
     jac: array([1., 1., 1., 1., 1., 1., 1., 1.])
 message: 'Optimization terminated successfully'
    nfev: 32
     nit: 26
    njev: 24
  status: 0
 success: True
       x: array([0.49493266, 0.95      , 0.49493266, 0.95      , 0.49493266,
       0.95      , 0.95      , 0.95      ])

real	0m13.461s
user	0m12.930s
sys	0m0.384s
Instance 9
[INFO] aspmc: Tree Decomposition #bags: 251 unfolded treewidth: 8 #vertices: 320
[INFO] aspmc: Preprocessing disabled
[INFO] aspmc:    Stats Compilation
[INFO] aspmc: ------------------------------------------------------------
[INFO] aspmc: X/D-Constrained Tree Decomposition #bags: 203 treewidth: 12 #vertices: 320
[INFO] aspmc: Dtree time:               1.0969500541687012
[INFO] aspmc: Compilation time:         0.3686411380767822
[INFO] aspmc: Preparation time:         0.0003724098205566406
[INFO] aspmc: Counting time:            2.7754464149475098
[INFO] aspmc: ------------------------------------------------------------
[0.5::edge(1,2)., 0.5::edge(1,3)., 0.8121440014439971::edge(2,4)., 0.9318293737581665::edge(3,5)., 0.9615464115892465::edge(4,6)., 0.9624207154646245::edge(5,6)., 0.8785836646800782::edge(6,7)., 0.994983574039669::edge(6,8)., 0.840237422823531::edge(7,9)., 0.877123958103951::edge(8,9)., 0.8281664113721792::edge(9,10)., path(X,X):-node(X)., path(X,Y):-path(X,Z),edge(Z,Y)., transmit(A,B):-path(A,B),node(A),node(B),not not_transmit(A,B)., not_transmit(A,B):-path(A,B),node(A),node(B),not transmit(A,B)., qr:-transmit(1,10)., node(1)., node(2)., node(3)., node(4)., node(5)., node(6)., node(7)., node(8)., node(9)., node(10)., query(qr).]
tracc
nnf_construction_time: 5.392308473587036
Pre simplification
number of sums: 2047
number of prods: 2151
(v_32*(v_34*(v_36*(v_37*(v_40 - v_41*(v_40 - 1)) - v_41*(v_37 - 1)) - v_37*v_40*(v_36 - 1)) - v_36*v_41*(v_34 - 1)) - v_34*v_37*v_40*(v_32 - 1))*(0.101761808921816*v_26*v_27 + 0.726404601078184*v_26*(v_27 - v_29*(v_27 - 1)) - 0.726404601078184*v_29*(v_26 - 1))
Post simplification
symp_time: 1.9130477905273438
number of sums: 1
number of subs: 14
number of prods: 21
opt_time: 4.494117975234985
     fun: 7.491601212743496
     jac: array([1., 1., 1., 1., 1., 1., 1., 1., 1.])
 message: 'Optimization terminated successfully'
    nfev: 24
     nit: 19
    njev: 18
  status: 0
 success: True
       x: array([0.95      , 0.95      , 0.95      , 0.95      , 0.95      ,
       0.95      , 0.42080061, 0.95      , 0.42080061])

real	0m12.874s
user	0m12.336s
sys	0m0.391s
Instance 10
[INFO] aspmc: Tree Decomposition #bags: 251 unfolded treewidth: 8 #vertices: 320
[INFO] aspmc: Preprocessing disabled
[INFO] aspmc:    Stats Compilation
[INFO] aspmc: ------------------------------------------------------------
[INFO] aspmc: X/D-Constrained Tree Decomposition #bags: 203 treewidth: 12 #vertices: 320
[INFO] aspmc: Dtree time:               1.0905284881591797
[INFO] aspmc: Compilation time:         0.34365415573120117
[INFO] aspmc: Preparation time:         0.000316619873046875
[INFO] aspmc: Counting time:            2.549259901046753
[INFO] aspmc: ------------------------------------------------------------
[0.5::edge(1,2)., 0.5::edge(1,3)., 0.8121440014439971::edge(2,4)., 0.9318293737581665::edge(3,5)., 0.9615464115892465::edge(4,6)., 0.9624207154646245::edge(5,6)., 0.8785836646800782::edge(6,7)., 0.994983574039669::edge(6,8)., 0.840237422823531::edge(7,9)., 0.877123958103951::edge(8,9)., 0.8281664113721792::edge(9,10)., path(X,X):-node(X)., path(X,Y):-path(X,Z),edge(Z,Y)., transmit(A,B):-path(A,B),node(A),node(B),not not_transmit(A,B)., not_transmit(A,B):-path(A,B),node(A),node(B),not transmit(A,B)., qr:-transmit(1,10)., node(1)., node(2)., node(3)., node(4)., node(5)., node(6)., node(7)., node(8)., node(9)., node(10)., query(qr).]
tracc
nnf_construction_time: 5.115550518035889
Pre simplification
number of sums: 2047
number of prods: 2151
0.82816641*v_23*v_26*v_27*v_29*v_32*v_34*v_36*v_37*v_40*v_41 - 0.82816641*v_23*v_26*v_27*v_29*v_32*v_36*v_41 - 0.82816641*v_23*v_26*v_27*v_29*v_34*v_37*v_40 - 0.82816641*v_23*v_29*v_32*v_34*v_36*v_37*v_40*v_41 + 0.82816641*v_23*v_29*v_32*v_36*v_41 + 0.82816641*v_23*v_29*v_34*v_37*v_40 - 0.82816641*v_26*v_27*v_32*v_34*v_36*v_37*v_40*v_41 + 0.82816641*v_26*v_27*v_32*v_36*v_41 + 0.82816641*v_26*v_27*v_34*v_37*v_40
Post simplification
symp_time: 1.8422987461090088
number of sums: 4
number of subs: 4
number of prods: 60
opt_time: 9.66037631034851
     fun: 8.752034288548703
     jac: array([1., 1., 1., 1., 1., 1., 1., 1., 1., 1.])
 message: 'Optimization terminated successfully'
    nfev: 19
     nit: 13
    njev: 13
  status: 0
 success: True
       x: array([0.8912017 , 0.89120147, 0.8912017 , 0.89120147, 0.8912017 ,
       0.89120147, 0.85120618, 0.85120621, 0.85120618, 0.85120621])

real	0m17.640s
user	0m17.091s
sys	0m0.391s
Instance 11
[INFO] aspmc: Tree Decomposition #bags: 251 unfolded treewidth: 8 #vertices: 320
[INFO] aspmc: Preprocessing disabled
[INFO] aspmc:    Stats Compilation
[INFO] aspmc: ------------------------------------------------------------
[INFO] aspmc: X/D-Constrained Tree Decomposition #bags: 203 treewidth: 12 #vertices: 320
[INFO] aspmc: Dtree time:               1.0903246402740479
[INFO] aspmc: Compilation time:         0.3424961566925049
[INFO] aspmc: Preparation time:         0.0003273487091064453
[INFO] aspmc: Counting time:            2.649031639099121
[INFO] aspmc: ------------------------------------------------------------
[0.5::edge(1,2)., 0.5::edge(1,3)., 0.8121440014439971::edge(2,4)., 0.9318293737581665::edge(3,5)., 0.9615464115892465::edge(4,6)., 0.9624207154646245::edge(5,6)., 0.8785836646800782::edge(6,7)., 0.994983574039669::edge(6,8)., 0.840237422823531::edge(7,9)., 0.877123958103951::edge(8,9)., 0.8281664113721792::edge(9,10)., path(X,X):-node(X)., path(X,Y):-path(X,Z),edge(Z,Y)., transmit(A,B):-path(A,B),node(A),node(B),not not_transmit(A,B)., not_transmit(A,B):-path(A,B),node(A),node(B),not transmit(A,B)., qr:-transmit(1,10)., node(1)., node(2)., node(3)., node(4)., node(5)., node(6)., node(7)., node(8)., node(9)., node(10)., query(qr).]
tracc
nnf_construction_time: 5.2143330574035645
Pre simplification
number of sums: 2047
number of prods: 2151
-v_21*(v_23*(v_26*(v_27 - v_29*(v_27 - 1)) - v_29*(v_26 - 1)) - v_26*v_27*(v_23 - 1))*(v_32*(v_34*(-v_36*(v_37*(v_40 - v_41*(v_40 - 1)) - v_41*(v_37 - 1)) + v_37*v_40*(v_36 - 1)) + v_36*v_41*(v_34 - 1)) + v_34*v_37*v_40*(v_32 - 1))
Post simplification
symp_time: 1.793045997619629
number of sums: 3
number of subs: 15
number of prods: 21
opt_time: 7.59705376625061
     fun: 7.613130700690196
     jac: array([1., 1., 1., 1., 1., 1., 1., 1., 1., 1., 1.])
 message: 'Optimization terminated successfully'
    nfev: 32
     nit: 26
    njev: 25
  status: 0
 success: True
       x: array([0.4       , 0.95      , 0.4       , 0.95      , 0.4       ,
       0.95      , 0.4       , 0.90656535, 0.4       , 0.90656535,
       0.95      ])

real	0m15.595s
user	0m15.078s
sys	0m0.377s
Ended at: 
Thu Dec  7 17:52:18 CET 2023
