Started at: 
Thu Dec  7 17:50:18 CET 2023
Instance 2
[INFO] aspmc: Tree Decomposition #bags: 355 unfolded treewidth: 10 #vertices: 448
[INFO] aspmc: Preprocessing disabled
[INFO] aspmc:    Stats Compilation
[INFO] aspmc: ------------------------------------------------------------
[INFO] aspmc: X/D-Constrained Tree Decomposition #bags: 281 treewidth: 14 #vertices: 448
[INFO] aspmc: Dtree time:               1.149099588394165
[INFO] aspmc: Compilation time:         1.825657606124878
[INFO] aspmc: Preparation time:         0.0004658699035644531
[INFO] aspmc: Counting time:            7.994980573654175
[INFO] aspmc: ------------------------------------------------------------
[0.5::edge(1,2)., 0.5::edge(1,3)., 0.8121440014439971::edge(2,4)., 0.9318293737581665::edge(3,5)., 0.9615464115892465::edge(4,6)., 0.9624207154646245::edge(5,6)., 0.8785836646800782::edge(6,7)., 0.994983574039669::edge(6,8)., 0.840237422823531::edge(7,9)., 0.877123958103951::edge(8,9)., 0.8281664113721792::edge(9,10)., 0.8945639242705665::edge(9,11)., 0.9448434461234041::edge(10,12)., path(X,X):-node(X)., path(X,Y):-path(X,Z),edge(Z,Y)., transmit(A,B):-path(A,B),node(A),node(B),not not_transmit(A,B)., not_transmit(A,B):-path(A,B),node(A),node(B),not transmit(A,B)., qr:-transmit(1,12)., node(1)., node(2)., node(3)., node(4)., node(5)., node(6)., node(7)., node(8)., node(9)., node(10)., node(11)., node(12)., query(qr).]
tracc
nnf_construction_time: 12.134144067764282
Pre simplification
number of sums: 8191
number of prods: 8508
-0.529743379096392*v_47*v_49 + 0.590696201865217*v_47 + 0.678363147501427*v_49
Post simplification
symp_time: 5.432007312774658
number of sums: 2
number of subs: 1
number of prods: 4
opt_time: 0.06854629516601562
     fun: 1.5853501273104729
     jac: array([1., 1.])
 message: 'Optimization terminated successfully'
    nfev: 4
     nit: 4
    njev: 4
  status: 0
 success: True
       x: array([0.63535013, 0.95      ])

real	0m18.846s
user	0m17.599s
sys	0m1.126s
Instance 3
[INFO] aspmc: Tree Decomposition #bags: 355 unfolded treewidth: 10 #vertices: 448
[INFO] aspmc: Preprocessing disabled
[INFO] aspmc:    Stats Compilation
[INFO] aspmc: ------------------------------------------------------------
[INFO] aspmc: X/D-Constrained Tree Decomposition #bags: 281 treewidth: 14 #vertices: 448
[INFO] aspmc: Dtree time:               1.1523995399475098
[INFO] aspmc: Compilation time:         1.8304228782653809
[INFO] aspmc: Preparation time:         0.0005154609680175781
[INFO] aspmc: Counting time:            7.824471473693848
[INFO] aspmc: ------------------------------------------------------------
[0.5::edge(1,2)., 0.5::edge(1,3)., 0.8121440014439971::edge(2,4)., 0.9318293737581665::edge(3,5)., 0.9615464115892465::edge(4,6)., 0.9624207154646245::edge(5,6)., 0.8785836646800782::edge(6,7)., 0.994983574039669::edge(6,8)., 0.840237422823531::edge(7,9)., 0.877123958103951::edge(8,9)., 0.8281664113721792::edge(9,10)., 0.8945639242705665::edge(9,11)., 0.9448434461234041::edge(10,12)., path(X,X):-node(X)., path(X,Y):-path(X,Z),edge(Z,Y)., transmit(A,B):-path(A,B),node(A),node(B),not not_transmit(A,B)., not_transmit(A,B):-path(A,B),node(A),node(B),not transmit(A,B)., qr:-transmit(1,12)., node(1)., node(2)., node(3)., node(4)., node(5)., node(6)., node(7)., node(8)., node(9)., node(10)., node(11)., node(12)., query(qr).]
tracc
nnf_construction_time: 11.971573114395142
Pre simplification
number of sums: 8191
number of prods: 8508
-0.652277649156297*v_46*v_47*v_49 + 0.727329392158554*v_46*v_47 - 1.11022302462516e-16*v_46*v_49 + 0.678363147501427*v_49
Post simplification
symp_time: 5.599237442016602
number of sums: 2
number of subs: 3
number of prods: 8
opt_time: 0.22683143615722656
     fun: 2.3866569441511594
     jac: array([1., 1., 1.])
 message: 'Optimization terminated successfully'
    nfev: 6
     nit: 7
    njev: 6
  status: 0
 success: True
       x: array([0.71832847, 0.95      , 0.71832847])

real	0m18.923s
user	0m17.639s
sys	0m1.149s
Instance 4
[INFO] aspmc: Tree Decomposition #bags: 355 unfolded treewidth: 10 #vertices: 448
[INFO] aspmc: Preprocessing disabled
[INFO] aspmc:    Stats Compilation
[INFO] aspmc: ------------------------------------------------------------
[INFO] aspmc: X/D-Constrained Tree Decomposition #bags: 281 treewidth: 14 #vertices: 448
[INFO] aspmc: Dtree time:               1.1519546508789062
[INFO] aspmc: Compilation time:         1.826657772064209
[INFO] aspmc: Preparation time:         0.00045180320739746094
[INFO] aspmc: Counting time:            7.789455413818359
[INFO] aspmc: ------------------------------------------------------------
[0.5::edge(1,2)., 0.5::edge(1,3)., 0.8121440014439971::edge(2,4)., 0.9318293737581665::edge(3,5)., 0.9615464115892465::edge(4,6)., 0.9624207154646245::edge(5,6)., 0.8785836646800782::edge(6,7)., 0.994983574039669::edge(6,8)., 0.840237422823531::edge(7,9)., 0.877123958103951::edge(8,9)., 0.8281664113721792::edge(9,10)., 0.8945639242705665::edge(9,11)., 0.9448434461234041::edge(10,12)., path(X,X):-node(X)., path(X,Y):-path(X,Z),edge(Z,Y)., transmit(A,B):-path(A,B),node(A),node(B),not not_transmit(A,B)., not_transmit(A,B):-path(A,B),node(A),node(B),not transmit(A,B)., qr:-transmit(1,12)., node(1)., node(2)., node(3)., node(4)., node(5)., node(6)., node(7)., node(8)., node(9)., node(10)., node(11)., node(12)., query(qr).]
tracc
nnf_construction_time: 11.936484813690186
Pre simplification
number of sums: 8191
number of prods: 8508
-0.699996877278398*v_43*v_46*v_47*v_49 + 0.727990734506927*v_43*v_49 + 0.727329392158555*v_46*v_47
Post simplification
symp_time: 5.685945987701416
number of sums: 2
number of subs: 1
number of prods: 8
opt_time: 0.5056991577148438
     fun: 3.241272159231494
     jac: array([1., 1., 1., 1.])
 message: 'Optimization terminated successfully'
    nfev: 21
     nit: 11
    njev: 10
  status: 0
 success: True
       x: array([0.67063608, 0.95      , 0.67063608, 0.95      ])

real	0m19.263s
user	0m17.954s
sys	0m1.161s
Instance 5
[INFO] aspmc: Tree Decomposition #bags: 355 unfolded treewidth: 10 #vertices: 448
[INFO] aspmc: Preprocessing disabled
[INFO] aspmc:    Stats Compilation
[INFO] aspmc: ------------------------------------------------------------
[INFO] aspmc: X/D-Constrained Tree Decomposition #bags: 281 treewidth: 14 #vertices: 448
[INFO] aspmc: Dtree time:               1.1526203155517578
[INFO] aspmc: Compilation time:         1.8292582035064697
[INFO] aspmc: Preparation time:         0.0004596710205078125
[INFO] aspmc: Counting time:            7.618108749389648
[INFO] aspmc: ------------------------------------------------------------
[0.5::edge(1,2)., 0.5::edge(1,3)., 0.8121440014439971::edge(2,4)., 0.9318293737581665::edge(3,5)., 0.9615464115892465::edge(4,6)., 0.9624207154646245::edge(5,6)., 0.8785836646800782::edge(6,7)., 0.994983574039669::edge(6,8)., 0.840237422823531::edge(7,9)., 0.877123958103951::edge(8,9)., 0.8281664113721792::edge(9,10)., 0.8945639242705665::edge(9,11)., 0.9448434461234041::edge(10,12)., path(X,X):-node(X)., path(X,Y):-path(X,Z),edge(Z,Y)., transmit(A,B):-path(A,B),node(A),node(B),not not_transmit(A,B)., not_transmit(A,B):-path(A,B),node(A),node(B),not transmit(A,B)., qr:-transmit(1,12)., node(1)., node(2)., node(3)., node(4)., node(5)., node(6)., node(7)., node(8)., node(9)., node(10)., node(11)., node(12)., query(qr).]
tracc
nnf_construction_time: 11.765880584716797
Pre simplification
number of sums: 8191
number of prods: 8508
-0.727990734506927*v_41*v_43*v_46*v_47*v_49 + 0.75641631500507*v_41*v_46*v_47 + 0.727990734506927*v_43*v_49
Post simplification
symp_time: 5.707773447036743
number of sums: 2
number of subs: 1
number of prods: 10
opt_time: 0.5605745315551758
     fun: 4.168659307253593
     jac: array([1., 1., 1., 1., 1.])
 message: 'Optimization terminated successfully'
    nfev: 12
     nit: 8
    njev: 7
  status: 0
 success: True
       x: array([0.75621977, 0.95      , 0.75621977, 0.95      , 0.75621977])

real	0m19.208s
user	0m17.920s
sys	0m1.119s
Instance 6
[INFO] aspmc: Tree Decomposition #bags: 355 unfolded treewidth: 10 #vertices: 448
[INFO] aspmc: Preprocessing disabled
[INFO] aspmc:    Stats Compilation
[INFO] aspmc: ------------------------------------------------------------
[INFO] aspmc: X/D-Constrained Tree Decomposition #bags: 281 treewidth: 14 #vertices: 448
[INFO] aspmc: Dtree time:               1.1529655456542969
[INFO] aspmc: Compilation time:         1.8287856578826904
[INFO] aspmc: Preparation time:         0.000518798828125
[INFO] aspmc: Counting time:            7.760019779205322
[INFO] aspmc: ------------------------------------------------------------
[0.5::edge(1,2)., 0.5::edge(1,3)., 0.8121440014439971::edge(2,4)., 0.9318293737581665::edge(3,5)., 0.9615464115892465::edge(4,6)., 0.9624207154646245::edge(5,6)., 0.8785836646800782::edge(6,7)., 0.994983574039669::edge(6,8)., 0.840237422823531::edge(7,9)., 0.877123958103951::edge(8,9)., 0.8281664113721792::edge(9,10)., 0.8945639242705665::edge(9,11)., 0.9448434461234041::edge(10,12)., path(X,X):-node(X)., path(X,Y):-path(X,Z),edge(Z,Y)., transmit(A,B):-path(A,B),node(A),node(B),not not_transmit(A,B)., not_transmit(A,B):-path(A,B),node(A),node(B),not transmit(A,B)., qr:-transmit(1,12)., node(1)., node(2)., node(3)., node(4)., node(5)., node(6)., node(7)., node(8)., node(9)., node(10)., node(11)., node(12)., query(qr).]
tracc
nnf_construction_time: 11.905370950698853
Pre simplification
number of sums: 8191
number of prods: 8508
-0.75641631500507*v_40*v_41*v_43*v_46*v_47*v_49 + 0.75641631500507*v_40*v_43*v_49 + 0.75641631500507*v_41*v_46*v_47
Post simplification
symp_time: 5.759734869003296
number of sums: 2
number of subs: 1
number of prods: 12
opt_time: 1.1917529106140137
     fun: 5.394809495178749
     jac: array([1., 1., 1., 1., 1., 1.])
 message: 'Optimization terminated successfully'
    nfev: 14
     nit: 11
    njev: 11
  status: 0
 success: True
       x: array([0.89913492, 0.89913491, 0.89913492, 0.89913491, 0.89913492,
       0.89913491])

real	0m20.016s
user	0m18.712s
sys	0m1.138s
Instance 7
[INFO] aspmc: Tree Decomposition #bags: 355 unfolded treewidth: 10 #vertices: 448
[INFO] aspmc: Preprocessing disabled
[INFO] aspmc:    Stats Compilation
[INFO] aspmc: ------------------------------------------------------------
[INFO] aspmc: X/D-Constrained Tree Decomposition #bags: 281 treewidth: 14 #vertices: 448
[INFO] aspmc: Dtree time:               1.153552532196045
[INFO] aspmc: Compilation time:         1.819286823272705
[INFO] aspmc: Preparation time:         0.0005028247833251953
[INFO] aspmc: Counting time:            7.539109945297241
[INFO] aspmc: ------------------------------------------------------------
[0.5::edge(1,2)., 0.5::edge(1,3)., 0.8121440014439971::edge(2,4)., 0.9318293737581665::edge(3,5)., 0.9615464115892465::edge(4,6)., 0.9624207154646245::edge(5,6)., 0.8785836646800782::edge(6,7)., 0.994983574039669::edge(6,8)., 0.840237422823531::edge(7,9)., 0.877123958103951::edge(8,9)., 0.8281664113721792::edge(9,10)., 0.8945639242705665::edge(9,11)., 0.9448434461234041::edge(10,12)., path(X,X):-node(X)., path(X,Y):-path(X,Z),edge(Z,Y)., transmit(A,B):-path(A,B),node(A),node(B),not not_transmit(A,B)., not_transmit(A,B):-path(A,B),node(A),node(B),not transmit(A,B)., qr:-transmit(1,12)., node(1)., node(2)., node(3)., node(4)., node(5)., node(6)., node(7)., node(8)., node(9)., node(10)., node(11)., node(12)., query(qr).]
tracc
nnf_construction_time: 11.678731441497803
Pre simplification
number of sums: 8191
number of prods: 8508
(0.0836808817011908*v_36 + 0.682895659688011)*(v_40*(v_41*(v_43*(v_46*(v_47 - v_49*(v_47 - 1)) - v_49*(v_46 - 1)) - v_46*v_47*(v_43 - 1)) - v_43*v_49*(v_41 - 1)) - v_41*v_46*v_47*(v_40 - 1))
Post simplification
symp_time: 5.789862155914307
number of sums: 1
number of subs: 10
number of prods: 15
opt_time: 3.969724416732788
     fun: 6.08039105931378
     jac: array([1., 1., 1., 1., 1., 1., 1.])
 message: 'Optimization terminated successfully'
    nfev: 46
     nit: 23
    njev: 22
  status: 0
 success: True
       x: array([0.95      , 0.94346369, 0.95      , 0.94346369, 0.95      ,
       0.94346369, 0.4       ])

real	0m22.596s
user	0m21.350s
sys	0m1.095s
Instance 8
[INFO] aspmc: Tree Decomposition #bags: 355 unfolded treewidth: 10 #vertices: 448
[INFO] aspmc: Preprocessing disabled
[INFO] aspmc:    Stats Compilation
[INFO] aspmc: ------------------------------------------------------------
[INFO] aspmc: X/D-Constrained Tree Decomposition #bags: 281 treewidth: 14 #vertices: 448
[INFO] aspmc: Dtree time:               1.1469197273254395
[INFO] aspmc: Compilation time:         1.833665132522583
[INFO] aspmc: Preparation time:         0.0004782676696777344
[INFO] aspmc: Counting time:            7.890949726104736
[INFO] aspmc: ------------------------------------------------------------
[0.5::edge(1,2)., 0.5::edge(1,3)., 0.8121440014439971::edge(2,4)., 0.9318293737581665::edge(3,5)., 0.9615464115892465::edge(4,6)., 0.9624207154646245::edge(5,6)., 0.8785836646800782::edge(6,7)., 0.994983574039669::edge(6,8)., 0.840237422823531::edge(7,9)., 0.877123958103951::edge(8,9)., 0.8281664113721792::edge(9,10)., 0.8945639242705665::edge(9,11)., 0.9448434461234041::edge(10,12)., path(X,X):-node(X)., path(X,Y):-path(X,Z),edge(Z,Y)., transmit(A,B):-path(A,B),node(A),node(B),not not_transmit(A,B)., not_transmit(A,B):-path(A,B),node(A),node(B),not transmit(A,B)., qr:-transmit(1,12)., node(1)., node(2)., node(3)., node(4)., node(5)., node(6)., node(7)., node(8)., node(9)., node(10)., node(11)., node(12)., query(qr).]
tracc
nnf_construction_time: 12.038678407669067
Pre simplification
number of sums: 8191
number of prods: 8508
0.576687399195398*v_36*v_37*v_40*v_41*v_43*v_46*v_47*v_49 - 0.576687399195398*v_36*v_37*v_40*v_43*v_49 - 0.576687399195398*v_36*v_37*v_41*v_46*v_47 - 0.657475368926643*v_36*v_40*v_41*v_43*v_46*v_47*v_49 + 0.657475368926643*v_36*v_40*v_43*v_49 + 0.657475368926643*v_36*v_41*v_46*v_47 - 0.686338629378585*v_37*v_40*v_41*v_43*v_46*v_47*v_49 + 0.686338629378585*v_37*v_40*v_43*v_49 + 0.686338629378585*v_37*v_41*v_46*v_47
Post simplification
symp_time: 5.866781711578369
number of sums: 4
number of subs: 4
number of prods: 48
opt_time: 11.484798908233643
     fun: 7.097678203020417
     jac: array([1., 1., 1., 1., 1., 1., 1., 1.])
 message: 'Optimization terminated successfully'
    nfev: 25
     nit: 22
    njev: 20
  status: 0
 success: True
       x: array([0.95     , 0.7825594, 0.95     , 0.7825594, 0.95     , 0.7825594,
       0.95     , 0.95     ])

real	0m30.584s
user	0m29.338s
sys	0m1.111s
Instance 9
[INFO] aspmc: Tree Decomposition #bags: 355 unfolded treewidth: 10 #vertices: 448
[INFO] aspmc: Preprocessing disabled
[INFO] aspmc:    Stats Compilation
[INFO] aspmc: ------------------------------------------------------------
[INFO] aspmc: X/D-Constrained Tree Decomposition #bags: 281 treewidth: 14 #vertices: 448
[INFO] aspmc: Dtree time:               1.1456708908081055
[INFO] aspmc: Compilation time:         1.7128009796142578
[INFO] aspmc: Preparation time:         0.0005133152008056641
[INFO] aspmc: Counting time:            7.289129257202148
[INFO] aspmc: ------------------------------------------------------------
[0.5::edge(1,2)., 0.5::edge(1,3)., 0.8121440014439971::edge(2,4)., 0.9318293737581665::edge(3,5)., 0.9615464115892465::edge(4,6)., 0.9624207154646245::edge(5,6)., 0.8785836646800782::edge(6,7)., 0.994983574039669::edge(6,8)., 0.840237422823531::edge(7,9)., 0.877123958103951::edge(8,9)., 0.8281664113721792::edge(9,10)., 0.8945639242705665::edge(9,11)., 0.9448434461234041::edge(10,12)., path(X,X):-node(X)., path(X,Y):-path(X,Z),edge(Z,Y)., transmit(A,B):-path(A,B),node(A),node(B),not not_transmit(A,B)., not_transmit(A,B):-path(A,B),node(A),node(B),not transmit(A,B)., qr:-transmit(1,12)., node(1)., node(2)., node(3)., node(4)., node(5)., node(6)., node(7)., node(8)., node(9)., node(10)., node(11)., node(12)., query(qr).]
tracc
nnf_construction_time: 11.312971353530884
Pre simplification
number of sums: 8191
number of prods: 8508
0.686338629378585*v_33*v_36*v_37*v_40*v_41*v_43*v_46*v_47*v_49 - 0.686338629378585*v_33*v_36*v_37*v_40*v_43*v_49 - 0.686338629378585*v_33*v_36*v_37*v_41*v_46*v_47 - 0.782487607998515*v_33*v_36*v_40*v_41*v_43*v_46*v_47*v_49 + 0.782487607998515*v_33*v_36*v_40*v_43*v_49 + 0.782487607998515*v_33*v_36*v_41*v_46*v_47 - 0.686338629378585*v_37*v_40*v_41*v_43*v_46*v_47*v_49 + 0.686338629378585*v_37*v_40*v_43*v_49 + 0.686338629378585*v_37*v_41*v_46*v_47
Post simplification
symp_time: 5.652967929840088
number of sums: 4
number of subs: 4
number of prods: 54
opt_time: 11.809151887893677
     fun: 7.7941469646288235
     jac: array([1., 1., 1., 1., 1., 1., 1., 1., 1.])
 message: 'Optimization terminated successfully'
    nfev: 23
     nit: 18
    njev: 17
  status: 0
 success: True
       x: array([0.88138232, 0.95      , 0.88138232, 0.95      , 0.88138232,
       0.95      , 0.95      , 0.4       , 0.95      ])

real	0m29.965s
user	0m28.715s
sys	0m1.080s
Instance 10
[INFO] aspmc: Tree Decomposition #bags: 355 unfolded treewidth: 10 #vertices: 448
[INFO] aspmc: Preprocessing disabled
[INFO] aspmc:    Stats Compilation
[INFO] aspmc: ------------------------------------------------------------
[INFO] aspmc: X/D-Constrained Tree Decomposition #bags: 281 treewidth: 14 #vertices: 448
[INFO] aspmc: Dtree time:               1.143021583557129
[INFO] aspmc: Compilation time:         1.7074737548828125
[INFO] aspmc: Preparation time:         0.0005252361297607422
[INFO] aspmc: Counting time:            7.237824440002441
[INFO] aspmc: ------------------------------------------------------------
[0.5::edge(1,2)., 0.5::edge(1,3)., 0.8121440014439971::edge(2,4)., 0.9318293737581665::edge(3,5)., 0.9615464115892465::edge(4,6)., 0.9624207154646245::edge(5,6)., 0.8785836646800782::edge(6,7)., 0.994983574039669::edge(6,8)., 0.840237422823531::edge(7,9)., 0.877123958103951::edge(8,9)., 0.8281664113721792::edge(9,10)., 0.8945639242705665::edge(9,11)., 0.9448434461234041::edge(10,12)., path(X,X):-node(X)., path(X,Y):-path(X,Z),edge(Z,Y)., transmit(A,B):-path(A,B),node(A),node(B),not not_transmit(A,B)., not_transmit(A,B):-path(A,B),node(A),node(B),not transmit(A,B)., qr:-transmit(1,12)., node(1)., node(2)., node(3)., node(4)., node(5)., node(6)., node(7)., node(8)., node(9)., node(10)., node(11)., node(12)., query(qr).]
tracc
nnf_construction_time: 11.249018907546997
Pre simplification
number of sums: 8191
number of prods: 8508
0.782487607998515*v_31*v_33*v_36*v_37*v_40*v_41*v_43*v_46*v_47*v_49 - 0.782487607998515*v_31*v_33*v_36*v_37*v_40*v_43*v_49 - 0.782487607998515*v_31*v_33*v_36*v_37*v_41*v_46*v_47 - 0.782487607998515*v_31*v_37*v_40*v_41*v_43*v_46*v_47*v_49 + 0.782487607998515*v_31*v_37*v_40*v_43*v_49 + 0.782487607998515*v_31*v_37*v_41*v_46*v_47 - 0.782487607998515*v_33*v_36*v_40*v_41*v_43*v_46*v_47*v_49 + 0.782487607998515*v_33*v_36*v_40*v_43*v_49 + 0.782487607998515*v_33*v_36*v_41*v_46*v_47
Post simplification
symp_time: 5.782437562942505
number of sums: 4
number of subs: 4
number of prods: 60
opt_time: 16.293608903884888
     fun: 8.704270560246497
     jac: array([1., 1., 1., 1., 1., 1., 1., 1., 1., 1.])
 message: 'Optimization terminated successfully'
    nfev: 38
     nit: 22
    njev: 21
  status: 0
 success: True
       x: array([0.68475685, 0.95      , 0.68475685, 0.95      , 0.68475685,
       0.95      , 0.95      , 0.95      , 0.95      , 0.95      ])

real	0m34.470s
user	0m33.244s
sys	0m1.070s
Instance 11
[INFO] aspmc: Tree Decomposition #bags: 355 unfolded treewidth: 10 #vertices: 448
[INFO] aspmc: Preprocessing disabled
[INFO] aspmc:    Stats Compilation
[INFO] aspmc: ------------------------------------------------------------
[INFO] aspmc: X/D-Constrained Tree Decomposition #bags: 281 treewidth: 14 #vertices: 448
[INFO] aspmc: Dtree time:               1.1387922763824463
[INFO] aspmc: Compilation time:         1.6501471996307373
[INFO] aspmc: Preparation time:         0.0005249977111816406
[INFO] aspmc: Counting time:            7.556989431381226
[INFO] aspmc: ------------------------------------------------------------
[0.5::edge(1,2)., 0.5::edge(1,3)., 0.8121440014439971::edge(2,4)., 0.9318293737581665::edge(3,5)., 0.9615464115892465::edge(4,6)., 0.9624207154646245::edge(5,6)., 0.8785836646800782::edge(6,7)., 0.994983574039669::edge(6,8)., 0.840237422823531::edge(7,9)., 0.877123958103951::edge(8,9)., 0.8281664113721792::edge(9,10)., 0.8945639242705665::edge(9,11)., 0.9448434461234041::edge(10,12)., path(X,X):-node(X)., path(X,Y):-path(X,Z),edge(Z,Y)., transmit(A,B):-path(A,B),node(A),node(B),not not_transmit(A,B)., not_transmit(A,B):-path(A,B),node(A),node(B),not transmit(A,B)., qr:-transmit(1,12)., node(1)., node(2)., node(3)., node(4)., node(5)., node(6)., node(7)., node(8)., node(9)., node(10)., node(11)., node(12)., query(qr).]
tracc
nnf_construction_time: 11.499500274658203
Pre simplification
number of sums: 8191
number of prods: 8508
0.94484345*v_28*(v_31*v_33*v_36*v_37*v_40*v_41*v_43*v_46*v_47*v_49 - v_31*v_33*v_36*v_37*v_40*v_43*v_49 - v_31*v_33*v_36*v_37*v_41*v_46*v_47 - v_31*v_37*v_40*v_41*v_43*v_46*v_47*v_49 + v_31*v_37*v_40*v_43*v_49 + v_31*v_37*v_41*v_46*v_47 - v_33*v_36*v_40*v_41*v_43*v_46*v_47*v_49 + v_33*v_36*v_40*v_43*v_49 + v_33*v_36*v_41*v_46*v_47)
Post simplification
symp_time: 5.232090711593628
number of sums: 4
number of subs: 4
number of prods: 53
opt_time: 18.1544291973114
     fun: 7.677186522304494
     jac: array([1., 1., 1., 1., 1., 1., 1., 1., 1., 1., 1.])
 message: 'Optimization terminated successfully'
    nfev: 31
     nit: 25
    njev: 24
  status: 0
 success: True
       x: array([0.95      , 0.4       , 0.95      , 0.4       , 0.95      ,
       0.4       , 0.4       , 0.93859326, 0.4       , 0.93859326,
       0.95      ])

real	0m36.037s
user	0m34.811s
sys	0m1.054s
Instance 12
[INFO] aspmc: Tree Decomposition #bags: 355 unfolded treewidth: 10 #vertices: 448
[INFO] aspmc: Preprocessing disabled
[INFO] aspmc:    Stats Compilation
[INFO] aspmc: ------------------------------------------------------------
[INFO] aspmc: X/D-Constrained Tree Decomposition #bags: 281 treewidth: 14 #vertices: 448
[INFO] aspmc: Dtree time:               1.1253137588500977
[INFO] aspmc: Compilation time:         1.5067532062530518
[INFO] aspmc: Preparation time:         0.0004439353942871094
[INFO] aspmc: Counting time:            6.415588617324829
[INFO] aspmc: ------------------------------------------------------------
[0.5::edge(1,2)., 0.5::edge(1,3)., 0.8121440014439971::edge(2,4)., 0.9318293737581665::edge(3,5)., 0.9615464115892465::edge(4,6)., 0.9624207154646245::edge(5,6)., 0.8785836646800782::edge(6,7)., 0.994983574039669::edge(6,8)., 0.840237422823531::edge(7,9)., 0.877123958103951::edge(8,9)., 0.8281664113721792::edge(9,10)., 0.8945639242705665::edge(9,11)., 0.9448434461234041::edge(10,12)., path(X,X):-node(X)., path(X,Y):-path(X,Z),edge(Z,Y)., transmit(A,B):-path(A,B),node(A),node(B),not not_transmit(A,B)., not_transmit(A,B):-path(A,B),node(A),node(B),not transmit(A,B)., qr:-transmit(1,12)., node(1)., node(2)., node(3)., node(4)., node(5)., node(6)., node(7)., node(8)., node(9)., node(10)., node(11)., node(12)., query(qr).]
tracc
nnf_construction_time: 10.193373918533325
Pre simplification
number of sums: 8191
number of prods: 8508
0.94484345*v_28*(v_31*v_33*v_36*v_37*v_40*v_41*v_43*v_46*v_47*v_49 - v_31*v_33*v_36*v_37*v_40*v_43*v_49 - v_31*v_33*v_36*v_37*v_41*v_46*v_47 - v_31*v_37*v_40*v_41*v_43*v_46*v_47*v_49 + v_31*v_37*v_40*v_43*v_49 + v_31*v_37*v_41*v_46*v_47 - v_33*v_36*v_40*v_41*v_43*v_46*v_47*v_49 + v_33*v_36*v_40*v_43*v_49 + v_33*v_36*v_41*v_46*v_47)
Post simplification
symp_time: 6.016534090042114
number of sums: 4
number of subs: 4
number of prods: 53
opt_time: 22.42876672744751
     fun: 8.077186522307267
     jac: array([1., 1., 1., 1., 1., 1., 1., 1., 1., 1., 1., 1.])
 message: 'Optimization terminated successfully'
    nfev: 31
     nit: 25
    njev: 24
  status: 0
 success: True
       x: array([0.95      , 0.4       , 0.95      , 0.4       , 0.95      ,
       0.4       , 0.4       , 0.93859326, 0.4       , 0.93859326,
       0.95      , 0.4       ])

real	0m39.985s
user	0m38.537s
sys	0m1.079s
Instance 13
[INFO] aspmc: Tree Decomposition #bags: 355 unfolded treewidth: 10 #vertices: 448
[INFO] aspmc: Preprocessing disabled
[INFO] aspmc:    Stats Compilation
[INFO] aspmc: ------------------------------------------------------------
[INFO] aspmc: X/D-Constrained Tree Decomposition #bags: 281 treewidth: 14 #vertices: 448
[INFO] aspmc: Dtree time:               1.1564598083496094
[INFO] aspmc: Compilation time:         1.83723783493042
[INFO] aspmc: Preparation time:         0.0005137920379638672
[INFO] aspmc: Counting time:            7.618841171264648
[INFO] aspmc: ------------------------------------------------------------
[0.5::edge(1,2)., 0.5::edge(1,3)., 0.8121440014439971::edge(2,4)., 0.9318293737581665::edge(3,5)., 0.9615464115892465::edge(4,6)., 0.9624207154646245::edge(5,6)., 0.8785836646800782::edge(6,7)., 0.994983574039669::edge(6,8)., 0.840237422823531::edge(7,9)., 0.877123958103951::edge(8,9)., 0.8281664113721792::edge(9,10)., 0.8945639242705665::edge(9,11)., 0.9448434461234041::edge(10,12)., path(X,X):-node(X)., path(X,Y):-path(X,Z),edge(Z,Y)., transmit(A,B):-path(A,B),node(A),node(B),not not_transmit(A,B)., not_transmit(A,B):-path(A,B),node(A),node(B),not transmit(A,B)., qr:-transmit(1,12)., node(1)., node(2)., node(3)., node(4)., node(5)., node(6)., node(7)., node(8)., node(9)., node(10)., node(11)., node(12)., query(qr).]
tracc
nnf_construction_time: 11.782260656356812
Pre simplification
number of sums: 8191
number of prods: 8508
v_25*v_28*(v_31*v_33*v_36*v_37*v_40*v_41*v_43*v_46*v_47*v_49 - v_31*v_33*v_36*v_37*v_40*v_43*v_49 - v_31*v_33*v_36*v_37*v_41*v_46*v_47 - v_31*v_37*v_40*v_41*v_43*v_46*v_47*v_49 + v_31*v_37*v_40*v_43*v_49 + v_31*v_37*v_41*v_46*v_47 - v_33*v_36*v_40*v_41*v_43*v_46*v_47*v_49 + v_33*v_36*v_40*v_43*v_49 + v_33*v_36*v_41*v_46*v_47)
Post simplification
symp_time: 6.262402296066284
number of sums: 4
number of subs: 4
number of prods: 53
opt_time: 10.065067052841187
     fun: 10.744785905375037
     jac: array([1., 1., 1., 1., 1., 1., 1., 1., 1., 1., 1., 1., 1.])
 message: 'Optimization terminated successfully'
    nfev: 20
     nit: 13
    njev: 13
  status: 0
 success: True
       x: array([0.86278144, 0.86278145, 0.86278144, 0.86278145, 0.86278144,
       0.86278145, 0.81702431, 0.81702431, 0.81702431, 0.81702431,
       0.95      , 0.4       , 0.95      ])

real	0m29.282s
user	0m27.928s
sys	0m1.187s
Ended at: 
Thu Dec  7 17:55:37 CET 2023
