Started at: 
Thu Dec  7 17:44:59 CET 2023
Instance 2
[INFO] aspmc: Tree Decomposition #bags: 83 unfolded treewidth: 3 #vertices: 111
[INFO] aspmc: Preprocessing disabled
[INFO] aspmc:    Stats Compilation
[INFO] aspmc: ------------------------------------------------------------
[INFO] aspmc: X/D-Constrained Tree Decomposition #bags: 70 treewidth: 7 #vertices: 111
[INFO] aspmc: Dtree time:               2.0383148193359375
[INFO] aspmc: Compilation time:         0.021633148193359375
[INFO] aspmc: Preparation time:         0.0001544952392578125
[INFO] aspmc: Counting time:            0.1219489574432373
[INFO] aspmc: ------------------------------------------------------------
[0.5::edge(1,2)., 0.5::edge(1,3)., 0.816343623039356::edge(2,4)., 0.8285621451275564::edge(3,5)., 0.8780109837190632::edge(4,6)., 0.9710507923144887::edge(5,6)., path(X,X):-node(X)., path(X,Y):-path(X,Z),edge(Z,Y)., transmit(A,B):-path(A,B),node(A),node(B),not not_transmit(A,B)., not_transmit(A,B):-path(A,B),node(A),node(B),not transmit(A,B)., qr:-transmit(1,6)., node(1)., node(2)., node(3)., node(4)., node(5)., node(6)., query(qr).]
tracc
nnf_construction_time: 3.3064682483673096
Pre simplification
number of sums: 63
number of prods: 77
-0.576686767144216*v_22*v_23 + 0.716758661812948*v_22 + 0.804575930321599*v_23
Post simplification
symp_time: 0.3143024444580078
number of sums: 2
number of subs: 1
number of prods: 4
opt_time: 0.0026450157165527344
     fun: 1.1800088463932372
   maxcv: 0.0
 message: 'Optimization terminated successfully.'
    nfev: 14
  status: 1
 success: True
       x: array([0.56000442, 0.62000442])

real	0m4.864s
user	0m4.137s
sys	0m0.578s
Instance 3
[INFO] aspmc: Tree Decomposition #bags: 83 unfolded treewidth: 3 #vertices: 111
[INFO] aspmc: Preprocessing disabled
[INFO] aspmc:    Stats Compilation
[INFO] aspmc: ------------------------------------------------------------
[INFO] aspmc: X/D-Constrained Tree Decomposition #bags: 70 treewidth: 7 #vertices: 111
[INFO] aspmc: Dtree time:               2.0380964279174805
[INFO] aspmc: Compilation time:         0.02151775360107422
[INFO] aspmc: Preparation time:         0.0001518726348876953
[INFO] aspmc: Counting time:            0.12024354934692383
[INFO] aspmc: ------------------------------------------------------------
[0.5::edge(1,2)., 0.5::edge(1,3)., 0.816343623039356::edge(2,4)., 0.8285621451275564::edge(3,5)., 0.8780109837190632::edge(4,6)., 0.9710507923144887::edge(5,6)., path(X,X):-node(X)., path(X,Y):-path(X,Z),edge(Z,Y)., transmit(A,B):-path(A,B),node(A),node(B),not not_transmit(A,B)., not_transmit(A,B):-path(A,B),node(A),node(B),not transmit(A,B)., qr:-transmit(1,6)., node(1)., node(2)., node(3)., node(4)., node(5)., node(6)., query(qr).]
tracc
nnf_construction_time: 3.2991716861724854
Pre simplification
number of sums: 63
number of prods: 77
-0.706426501066079*v_19*v_22*v_23 + 0.87801098*v_19*v_22 + 0.804575930321599*v_23
Post simplification
symp_time: 0.3575599193572998
number of sums: 2
number of subs: 1
number of prods: 6
opt_time: 0.0065305233001708984
     fun: 1.9201169648281546
   maxcv: 5.551115123125783e-17
 message: 'Optimization terminated successfully.'
    nfev: 20
  status: 1
 success: True
       x: array([0.62003899, 0.68003899, 0.62003899])

real	0m4.714s
user	0m4.067s
sys	0m0.525s
Instance 4
[INFO] aspmc: Tree Decomposition #bags: 83 unfolded treewidth: 3 #vertices: 111
[INFO] aspmc: Preprocessing disabled
[INFO] aspmc:    Stats Compilation
[INFO] aspmc: ------------------------------------------------------------
[INFO] aspmc: X/D-Constrained Tree Decomposition #bags: 70 treewidth: 7 #vertices: 111
[INFO] aspmc: Dtree time:               2.038344621658325
[INFO] aspmc: Compilation time:         0.021288394927978516
[INFO] aspmc: Preparation time:         0.00015735626220703125
[INFO] aspmc: Counting time:            0.12089300155639648
[INFO] aspmc: ------------------------------------------------------------
[0.5::edge(1,2)., 0.5::edge(1,3)., 0.816343623039356::edge(2,4)., 0.8285621451275564::edge(3,5)., 0.8780109837190632::edge(4,6)., 0.9710507923144887::edge(5,6)., path(X,X):-node(X)., path(X,Y):-path(X,Z),edge(Z,Y)., transmit(A,B):-path(A,B),node(A),node(B),not not_transmit(A,B)., not_transmit(A,B):-path(A,B),node(A),node(B),not transmit(A,B)., qr:-transmit(1,6)., node(1)., node(2)., node(3)., node(4)., node(5)., node(6)., query(qr).]
tracc
nnf_construction_time: 3.2966697216033936
Pre simplification
number of sums: 63
number of prods: 77
-0.852593255757674*v_18*v_19*v_22*v_23 + 0.97105079*v_18*v_23 + 0.87801098*v_19*v_22
Post simplification
symp_time: 0.37915802001953125
number of sums: 2
number of subs: 1
number of prods: 8
opt_time: 0.014579296112060547
     fun: 2.778586889481394
   maxcv: 5.551115123125783e-17
 message: 'Optimization terminated successfully.'
    nfev: 29
  status: 1
 success: True
       x: array([0.66464672, 0.72464672, 0.66464672, 0.72464672])

real	0m4.728s
user	0m4.050s
sys	0m0.552s
Instance 5
[INFO] aspmc: Tree Decomposition #bags: 83 unfolded treewidth: 3 #vertices: 111
[INFO] aspmc: Preprocessing disabled
[INFO] aspmc:    Stats Compilation
[INFO] aspmc: ------------------------------------------------------------
[INFO] aspmc: X/D-Constrained Tree Decomposition #bags: 70 treewidth: 7 #vertices: 111
[INFO] aspmc: Dtree time:               2.038193941116333
[INFO] aspmc: Compilation time:         0.020050764083862305
[INFO] aspmc: Preparation time:         0.00014638900756835938
[INFO] aspmc: Counting time:            0.1089637279510498
[INFO] aspmc: ------------------------------------------------------------
[0.5::edge(1,2)., 0.5::edge(1,3)., 0.816343623039356::edge(2,4)., 0.8285621451275564::edge(3,5)., 0.8780109837190632::edge(4,6)., 0.9710507923144887::edge(5,6)., path(X,X):-node(X)., path(X,Y):-path(X,Z),edge(Z,Y)., transmit(A,B):-path(A,B),node(A),node(B),not not_transmit(A,B)., not_transmit(A,B):-path(A,B),node(A),node(B),not transmit(A,B)., qr:-transmit(1,6)., node(1)., node(2)., node(3)., node(4)., node(5)., node(6)., query(qr).]
tracc
nnf_construction_time: 3.284132480621338
Pre simplification
number of sums: 63
number of prods: 77
-0.97105079*v_16*v_18*v_19*v_22*v_23 + 1.0*v_16*v_19*v_22 + 0.97105079*v_18*v_23
Post simplification
symp_time: 0.36879801750183105
number of sums: 2
number of subs: 1
number of prods: 10
opt_time: 0.025731325149536133
     fun: 3.584516537049334
   maxcv: 5.551115123125783e-17
 message: 'Optimization terminated successfully.'
    nfev: 38
  status: 1
 success: True
       x: array([0.69290331, 0.75290331, 0.69290331, 0.75290331, 0.69290331])

real	0m4.725s
user	0m4.039s
sys	0m0.549s
Instance 6
[INFO] aspmc: Tree Decomposition #bags: 83 unfolded treewidth: 3 #vertices: 111
[INFO] aspmc: Preprocessing disabled
[INFO] aspmc:    Stats Compilation
[INFO] aspmc: ------------------------------------------------------------
[INFO] aspmc: X/D-Constrained Tree Decomposition #bags: 70 treewidth: 7 #vertices: 111
[INFO] aspmc: Dtree time:               2.035102605819702
[INFO] aspmc: Compilation time:         0.02011871337890625
[INFO] aspmc: Preparation time:         0.0001621246337890625
[INFO] aspmc: Counting time:            0.10915708541870117
[INFO] aspmc: ------------------------------------------------------------
[0.5::edge(1,2)., 0.5::edge(1,3)., 0.816343623039356::edge(2,4)., 0.8285621451275564::edge(3,5)., 0.8780109837190632::edge(4,6)., 0.9710507923144887::edge(5,6)., path(X,X):-node(X)., path(X,Y):-path(X,Z),edge(Z,Y)., transmit(A,B):-path(A,B),node(A),node(B),not not_transmit(A,B)., not_transmit(A,B):-path(A,B),node(A),node(B),not transmit(A,B)., qr:-transmit(1,6)., node(1)., node(2)., node(3)., node(4)., node(5)., node(6)., query(qr).]
tracc
nnf_construction_time: 3.2728874683380127
Pre simplification
number of sums: 63
number of prods: 77
-v_13*v_16*v_18*v_19*v_22*v_23 + v_13*v_18*v_23 + v_16*v_19*v_22
Post simplification
symp_time: 0.34670042991638184
number of sums: 2
number of subs: 1
number of prods: 9
opt_time: 0.04698514938354492
     fun: 4.589952339908288
   maxcv: 5.551115123125783e-17
 message: 'Optimization terminated successfully.'
    nfev: 48
  status: 1
 success: True
       x: array([0.79499206, 0.73499206, 0.79499206, 0.73499206, 0.79499206,
       0.73499206])

real	0m4.618s
user	0m3.943s
sys	0m0.558s
Ended at: 
Thu Dec  7 17:45:22 CET 2023
