Started at: 
Thu Dec  7 17:50:18 CET 2023
Instance 2
[INFO] aspmc: Tree Decomposition #bags: 201 unfolded treewidth: 7 #vertices: 259
[INFO] aspmc: Preprocessing disabled
[INFO] aspmc:    Stats Compilation
[INFO] aspmc: ------------------------------------------------------------
[INFO] aspmc: X/D-Constrained Tree Decomposition #bags: 166 treewidth: 11 #vertices: 259
[INFO] aspmc: Dtree time:               1.0819010734558105
[INFO] aspmc: Compilation time:         0.18868279457092285
[INFO] aspmc: Preparation time:         0.0002753734588623047
[INFO] aspmc: Counting time:            1.7552971839904785
[INFO] aspmc: ------------------------------------------------------------
[0.5::edge(1,2)., 0.5::edge(1,3)., 0.816343623039356::edge(2,4)., 0.8285621451275564::edge(3,5)., 0.8780109837190632::edge(4,6)., 0.9710507923144887::edge(5,6)., 0.8081620481122697::edge(6,7)., 0.8346009914789065::edge(6,8)., 0.8564691055626658::edge(7,9)., 0.9253908847437081::edge(8,9)., path(X,X):-node(X)., path(X,Y):-path(X,Z),edge(Z,Y)., transmit(A,B):-path(A,B),node(A),node(B),not not_transmit(A,B)., not_transmit(A,B):-path(A,B),node(A),node(B),not transmit(A,B)., qr:-transmit(1,9)., node(1)., node(2)., node(3)., node(4)., node(5)., node(6)., node(7)., node(8)., node(9)., query(qr).]
tracc
nnf_construction_time: 4.163580417633057
Pre simplification
number of sums: 1023
number of prods: 1141
-0.536270283519303*v_35*v_38 + 0.666525387237161*v_35 + 0.748188075136584*v_38
Post simplification
symp_time: 0.9453539848327637
number of sums: 2
number of subs: 1
number of prods: 4
opt_time: 0.13630938529968262
     fun: 1.3114147301370112
     jac: array([1., 1.])
 message: 'Optimization terminated successfully'
    nfev: 5
     nit: 5
    njev: 5
  status: 0
 success: True
       x: array([0.62570737, 0.68570737])

real	0m6.428s
user	0m6.014s
sys	0m0.289s
Instance 3
[INFO] aspmc: Tree Decomposition #bags: 201 unfolded treewidth: 7 #vertices: 259
[INFO] aspmc: Preprocessing disabled
[INFO] aspmc:    Stats Compilation
[INFO] aspmc: ------------------------------------------------------------
[INFO] aspmc: X/D-Constrained Tree Decomposition #bags: 166 treewidth: 11 #vertices: 259
[INFO] aspmc: Dtree time:               1.0832955837249756
[INFO] aspmc: Compilation time:         0.18907380104064941
[INFO] aspmc: Preparation time:         0.0003211498260498047
[INFO] aspmc: Counting time:            1.6781842708587646
[INFO] aspmc: ------------------------------------------------------------
[0.5::edge(1,2)., 0.5::edge(1,3)., 0.816343623039356::edge(2,4)., 0.8285621451275564::edge(3,5)., 0.8780109837190632::edge(4,6)., 0.9710507923144887::edge(5,6)., 0.8081620481122697::edge(6,7)., 0.8346009914789065::edge(6,8)., 0.8564691055626658::edge(7,9)., 0.9253908847437081::edge(8,9)., path(X,X):-node(X)., path(X,Y):-path(X,Z),edge(Z,Y)., transmit(A,B):-path(A,B),node(A),node(B),not not_transmit(A,B)., not_transmit(A,B):-path(A,B),node(A),node(B),not transmit(A,B)., qr:-transmit(1,9)., node(1)., node(2)., node(3)., node(4)., node(5)., node(6)., node(7)., node(8)., node(9)., query(qr).]
tracc
nnf_construction_time: 4.094331502914429
Pre simplification
number of sums: 1023
number of prods: 1141
-0.656917345074985*v_33*v_35*v_38 + 0.81647650683809*v_33*v_35 + 0.748188075136583*v_38
Post simplification
symp_time: 0.9304070472717285
number of sums: 2
number of subs: 1
number of prods: 6
opt_time: 0.44521164894104004
     fun: 2.078556822007298
     jac: array([1., 1., 1.])
 message: 'Optimization terminated successfully'
    nfev: 7
     nit: 7
    njev: 6
  status: 0
 success: True
       x: array([0.67285227, 0.73285227, 0.67285227])

real	0m6.542s
user	0m6.121s
sys	0m0.280s
Instance 4
[INFO] aspmc: Tree Decomposition #bags: 201 unfolded treewidth: 7 #vertices: 259
[INFO] aspmc: Preprocessing disabled
[INFO] aspmc:    Stats Compilation
[INFO] aspmc: ------------------------------------------------------------
[INFO] aspmc: X/D-Constrained Tree Decomposition #bags: 166 treewidth: 11 #vertices: 259
[INFO] aspmc: Dtree time:               1.0836474895477295
[INFO] aspmc: Compilation time:         0.18980789184570312
[INFO] aspmc: Preparation time:         0.0002949237823486328
[INFO] aspmc: Counting time:            1.6337907314300537
[INFO] aspmc: ------------------------------------------------------------
[0.5::edge(1,2)., 0.5::edge(1,3)., 0.816343623039356::edge(2,4)., 0.8285621451275564::edge(3,5)., 0.8780109837190632::edge(4,6)., 0.9710507923144887::edge(5,6)., 0.8081620481122697::edge(6,7)., 0.8346009914789065::edge(6,8)., 0.8564691055626658::edge(7,9)., 0.9253908847437081::edge(8,9)., path(X,X):-node(X)., path(X,Y):-path(X,Z),edge(Z,Y)., transmit(A,B):-path(A,B),node(A),node(B),not not_transmit(A,B)., not_transmit(A,B):-path(A,B),node(A),node(B),not transmit(A,B)., qr:-transmit(1,9)., node(1)., node(2)., node(3)., node(4)., node(5)., node(6)., node(7)., node(8)., node(9)., query(qr).]
tracc
nnf_construction_time: 4.049912691116333
Pre simplification
number of sums: 1023
number of prods: 1141
-0.792840156981568*v_31*v_33*v_35*v_38 + 0.902995719918637*v_31*v_38 + 0.81647650683809*v_33*v_35
Post simplification
symp_time: 1.009042501449585
number of sums: 2
number of subs: 1
number of prods: 8
opt_time: 0.7965455055236816
     fun: 2.928575577947756
     jac: array([1., 1., 1., 1.])
 message: 'Optimization terminated successfully'
    nfev: 5
     nit: 5
    njev: 5
  status: 0
 success: True
       x: array([0.70214389, 0.76214389, 0.70214389, 0.76214389])

real	0m6.926s
user	0m6.428s
sys	0m0.347s
Instance 5
[INFO] aspmc: Tree Decomposition #bags: 201 unfolded treewidth: 7 #vertices: 259
[INFO] aspmc: Preprocessing disabled
[INFO] aspmc:    Stats Compilation
[INFO] aspmc: ------------------------------------------------------------
[INFO] aspmc: X/D-Constrained Tree Decomposition #bags: 166 treewidth: 11 #vertices: 259
[INFO] aspmc: Dtree time:               1.0812711715698242
[INFO] aspmc: Compilation time:         0.19016194343566895
[INFO] aspmc: Preparation time:         0.0002853870391845703
[INFO] aspmc: Counting time:            1.7401387691497803
[INFO] aspmc: ------------------------------------------------------------
[0.5::edge(1,2)., 0.5::edge(1,3)., 0.816343623039356::edge(2,4)., 0.8285621451275564::edge(3,5)., 0.8780109837190632::edge(4,6)., 0.9710507923144887::edge(5,6)., 0.8081620481122697::edge(6,7)., 0.8346009914789065::edge(6,8)., 0.8564691055626658::edge(7,9)., 0.9253908847437081::edge(8,9)., path(X,X):-node(X)., path(X,Y):-path(X,Z),edge(Z,Y)., transmit(A,B):-path(A,B),node(A),node(B),not not_transmit(A,B)., not_transmit(A,B):-path(A,B),node(A),node(B),not transmit(A,B)., qr:-transmit(1,9)., node(1)., node(2)., node(3)., node(4)., node(5)., node(6)., node(7)., node(8)., node(9)., query(qr).]
tracc
nnf_construction_time: 4.1492390632629395
Pre simplification
number of sums: 1023
number of prods: 1141
-0.902995719918637*v_30*v_31*v_33*v_35*v_38 + 0.929916055079505*v_30*v_33*v_35 + 0.902995719918637*v_31*v_38
Post simplification
symp_time: 1.030672311782837
number of sums: 2
number of subs: 1
number of prods: 10
opt_time: 1.4759516716003418
     fun: 3.7492001085334246
     jac: array([1., 1., 1., 1., 1.])
 message: 'Optimization terminated successfully'
    nfev: 5
     nit: 5
    njev: 5
  status: 0
 success: True
       x: array([0.72584002, 0.78584002, 0.72584002, 0.78584002, 0.72584002])

real	0m7.750s
user	0m7.278s
sys	0m0.290s
Instance 6
[INFO] aspmc: Tree Decomposition #bags: 201 unfolded treewidth: 7 #vertices: 259
[INFO] aspmc: Preprocessing disabled
[INFO] aspmc:    Stats Compilation
[INFO] aspmc: ------------------------------------------------------------
[INFO] aspmc: X/D-Constrained Tree Decomposition #bags: 166 treewidth: 11 #vertices: 259
[INFO] aspmc: Dtree time:               1.0822646617889404
[INFO] aspmc: Compilation time:         0.1901566982269287
[INFO] aspmc: Preparation time:         0.0002961158752441406
[INFO] aspmc: Counting time:            1.7392876148223877
[INFO] aspmc: ------------------------------------------------------------
[0.5::edge(1,2)., 0.5::edge(1,3)., 0.816343623039356::edge(2,4)., 0.8285621451275564::edge(3,5)., 0.8780109837190632::edge(4,6)., 0.9710507923144887::edge(5,6)., 0.8081620481122697::edge(6,7)., 0.8346009914789065::edge(6,8)., 0.8564691055626658::edge(7,9)., 0.9253908847437081::edge(8,9)., path(X,X):-node(X)., path(X,Y):-path(X,Z),edge(Z,Y)., transmit(A,B):-path(A,B),node(A),node(B),not not_transmit(A,B)., not_transmit(A,B):-path(A,B),node(A),node(B),not transmit(A,B)., qr:-transmit(1,9)., node(1)., node(2)., node(3)., node(4)., node(5)., node(6)., node(7)., node(8)., node(9)., query(qr).]
tracc
nnf_construction_time: 4.149812459945679
Pre simplification
number of sums: 1023
number of prods: 1141
-0.929916055079505*v_28*v_30*v_31*v_33*v_35*v_38 + 0.929916055079505*v_28*v_31*v_38 + 0.929916055079505*v_30*v_33*v_35
Post simplification
symp_time: 1.0823166370391846
number of sums: 2
number of subs: 1
number of prods: 12
opt_time: 2.910200357437134
     fun: 4.770961419077725
     jac: array([1., 1., 1., 1., 1., 1.])
 message: 'Optimization terminated successfully'
    nfev: 6
     nit: 6
    njev: 6
  status: 0
 success: True
       x: array([0.79516024, 0.79516024, 0.79516024, 0.79516024, 0.79516024,
       0.79516024])

real	0m9.244s
user	0m8.716s
sys	0m0.356s
Instance 7
[INFO] aspmc: Tree Decomposition #bags: 201 unfolded treewidth: 7 #vertices: 259
[INFO] aspmc: Preprocessing disabled
[INFO] aspmc:    Stats Compilation
[INFO] aspmc: ------------------------------------------------------------
[INFO] aspmc: X/D-Constrained Tree Decomposition #bags: 166 treewidth: 11 #vertices: 259
[INFO] aspmc: Dtree time:               1.0837655067443848
[INFO] aspmc: Compilation time:         0.1897296905517578
[INFO] aspmc: Preparation time:         0.0002799034118652344
[INFO] aspmc: Counting time:            1.62923002243042
[INFO] aspmc: ------------------------------------------------------------
[0.5::edge(1,2)., 0.5::edge(1,3)., 0.816343623039356::edge(2,4)., 0.8285621451275564::edge(3,5)., 0.8780109837190632::edge(4,6)., 0.9710507923144887::edge(5,6)., 0.8081620481122697::edge(6,7)., 0.8346009914789065::edge(6,8)., 0.8564691055626658::edge(7,9)., 0.9253908847437081::edge(8,9)., path(X,X):-node(X)., path(X,Y):-path(X,Z),edge(Z,Y)., transmit(A,B):-path(A,B),node(A),node(B),not not_transmit(A,B)., not_transmit(A,B):-path(A,B),node(A),node(B),not transmit(A,B)., qr:-transmit(1,9)., node(1)., node(2)., node(3)., node(4)., node(5)., node(6)., node(7)., node(8)., node(9)., query(qr).]
tracc
nnf_construction_time: 4.039810657501221
Pre simplification
number of sums: 1023
number of prods: 1141
(0.194990485502918*v_23 + 0.772332144584971)*(-v_28*v_31*v_38*(v_33 - 1) + v_33*(-v_28*v_31*v_38*(v_35 - 1) + v_35*(-v_30*(v_38 - 1) + v_38*(v_28*(v_30 - v_31*(v_30 - 1)) - v_30*(v_28 - 1)))))
Post simplification
symp_time: 1.2451224327087402
number of sums: 4
number of subs: 10
number of prods: 15
opt_time: 4.708850145339966
     fun: 5.546242786315748
     jac: array([1., 1., 1., 1., 1., 1., 1.])
 message: 'Optimization terminated successfully'
    nfev: 6
     nit: 6
    njev: 6
  status: 0
 success: True
       x: array([0.80089183, 0.80089183, 0.80089183, 0.80089183, 0.80089183,
       0.80089183, 0.74089183])

real	0m11.085s
user	0m10.616s
sys	0m0.334s
Instance 8
[INFO] aspmc: Tree Decomposition #bags: 201 unfolded treewidth: 7 #vertices: 259
[INFO] aspmc: Preprocessing disabled
[INFO] aspmc:    Stats Compilation
[INFO] aspmc: ------------------------------------------------------------
[INFO] aspmc: X/D-Constrained Tree Decomposition #bags: 166 treewidth: 11 #vertices: 259
[INFO] aspmc: Dtree time:               1.0836677551269531
[INFO] aspmc: Compilation time:         0.18868327140808105
[INFO] aspmc: Preparation time:         0.0003058910369873047
[INFO] aspmc: Counting time:            1.606987476348877
[INFO] aspmc: ------------------------------------------------------------
[0.5::edge(1,2)., 0.5::edge(1,3)., 0.816343623039356::edge(2,4)., 0.8285621451275564::edge(3,5)., 0.8780109837190632::edge(4,6)., 0.9710507923144887::edge(5,6)., 0.8081620481122697::edge(6,7)., 0.8346009914789065::edge(6,8)., 0.8564691055626658::edge(7,9)., 0.9253908847437081::edge(8,9)., path(X,X):-node(X)., path(X,Y):-path(X,Z),edge(Z,Y)., transmit(A,B):-path(A,B),node(A),node(B),not not_transmit(A,B)., not_transmit(A,B):-path(A,B),node(A),node(B),not transmit(A,B)., qr:-transmit(1,9)., node(1)., node(2)., node(3)., node(4)., node(5)., node(6)., node(7)., node(8)., node(9)., query(qr).]
tracc
nnf_construction_time: 4.050957918167114
Pre simplification
number of sums: 1023
number of prods: 1141
(-v_28*v_31*v_38*(v_33 - 1) + v_33*(-v_28*v_31*v_38*(v_35 - 1) + v_35*(-v_30*(v_38 - 1) + v_38*(v_28*(v_30 - v_31*(v_30 - 1)) - v_30*(v_28 - 1)))))*(0.132822176604283*v_23*v_26 + 0.85646911*v_23 - 0.92539088*v_26*(v_23 - 1))
Post simplification
symp_time: 1.2943761348724365
number of sums: 4
number of subs: 12
number of prods: 19
opt_time: 10.44266963005066
     fun: 6.378822446394105
     jac: array([1., 1., 1., 1., 1., 1., 1., 1.])
 message: 'Optimization terminated successfully'
    nfev: 12
     nit: 9
    njev: 9
  status: 0
 success: True
       x: array([0.81235281, 0.81235281, 0.81235281, 0.81235281, 0.81235281,
       0.81235281, 0.75235281, 0.75235281])

real	0m16.901s
user	0m16.421s
sys	0m0.311s
Instance 9
[INFO] aspmc: Tree Decomposition #bags: 201 unfolded treewidth: 7 #vertices: 259
[INFO] aspmc: Preprocessing disabled
[INFO] aspmc:    Stats Compilation
[INFO] aspmc: ------------------------------------------------------------
[INFO] aspmc: X/D-Constrained Tree Decomposition #bags: 166 treewidth: 11 #vertices: 259
[INFO] aspmc: Dtree time:               1.2990522384643555
[INFO] aspmc: Compilation time:         0.18422842025756836
[INFO] aspmc: Preparation time:         0.0002741813659667969
[INFO] aspmc: Counting time:            1.6342782974243164
[INFO] aspmc: ------------------------------------------------------------
[0.5::edge(1,2)., 0.5::edge(1,3)., 0.816343623039356::edge(2,4)., 0.8285621451275564::edge(3,5)., 0.8780109837190632::edge(4,6)., 0.9710507923144887::edge(5,6)., 0.8081620481122697::edge(6,7)., 0.8346009914789065::edge(6,8)., 0.8564691055626658::edge(7,9)., 0.9253908847437081::edge(8,9)., path(X,X):-node(X)., path(X,Y):-path(X,Z),edge(Z,Y)., transmit(A,B):-path(A,B),node(A),node(B),not not_transmit(A,B)., not_transmit(A,B):-path(A,B),node(A),node(B),not transmit(A,B)., qr:-transmit(1,9)., node(1)., node(2)., node(3)., node(4)., node(5)., node(6)., node(7)., node(8)., node(9)., query(qr).]
tracc
nnf_construction_time: 4.255373477935791
Pre simplification
number of sums: 1023
number of prods: 1141
(-v_28*v_31*v_38*(v_33 - 1) + v_33*(-v_28*v_31*v_38*(v_35 - 1) + v_35*(-v_30*(v_38 - 1) + v_38*(v_28*(v_30 - v_31*(v_30 - 1)) - v_30*(v_28 - 1)))))*(0.07460912*v_22*v_23 + 0.92539088*v_22*(v_23 - v_26*(v_23 - 1)) - 0.92539088*v_26*(v_22 - 1))
Post simplification
symp_time: 1.4611773490905762
number of sums: 4
number of subs: 14
number of prods: 21
opt_time: 21.301210165023804
     fun: 7.190233900183278
     jac: array([1., 1., 1., 1., 1., 1., 1., 1., 1.])
 message: 'Optimization terminated successfully'
    nfev: 18
     nit: 14
    njev: 14
  status: 0
 success: True
       x: array([0.81224821, 0.81224821, 0.81224821, 0.81224821, 0.81224821,
       0.81224821, 0.75224821, 0.81224821, 0.75224821])

real	0m28.113s
user	0m27.416s
sys	0m0.314s
Instance 10
[INFO] aspmc: Tree Decomposition #bags: 201 unfolded treewidth: 7 #vertices: 259
[INFO] aspmc: Preprocessing disabled
[INFO] aspmc:    Stats Compilation
[INFO] aspmc: ------------------------------------------------------------
[INFO] aspmc: X/D-Constrained Tree Decomposition #bags: 166 treewidth: 11 #vertices: 259
[INFO] aspmc: Dtree time:               1.0717253684997559
[INFO] aspmc: Compilation time:         0.1666698455810547
[INFO] aspmc: Preparation time:         0.0002655982971191406
[INFO] aspmc: Counting time:            1.5730068683624268
[INFO] aspmc: ------------------------------------------------------------
[0.5::edge(1,2)., 0.5::edge(1,3)., 0.816343623039356::edge(2,4)., 0.8285621451275564::edge(3,5)., 0.8780109837190632::edge(4,6)., 0.9710507923144887::edge(5,6)., 0.8081620481122697::edge(6,7)., 0.8346009914789065::edge(6,8)., 0.8564691055626658::edge(7,9)., 0.9253908847437081::edge(8,9)., path(X,X):-node(X)., path(X,Y):-path(X,Z),edge(Z,Y)., transmit(A,B):-path(A,B),node(A),node(B),not not_transmit(A,B)., not_transmit(A,B):-path(A,B),node(A),node(B),not transmit(A,B)., qr:-transmit(1,9)., node(1)., node(2)., node(3)., node(4)., node(5)., node(6)., node(7)., node(8)., node(9)., query(qr).]
tracc
nnf_construction_time: 3.9368810653686523
Pre simplification
number of sums: 1023
number of prods: 1141
(v_19*(v_22*(v_23 - v_26*(v_23 - 1)) - v_26*(v_22 - 1)) - v_22*v_23*(v_19 - 1))*(-v_28*v_31*v_38*(v_33 - 1) + v_33*(-v_28*v_31*v_38*(v_35 - 1) + v_35*(-v_30*(v_38 - 1) + v_38*(v_28*(v_30 - v_31*(v_30 - 1)) - v_30*(v_28 - 1)))))
Post simplification
symp_time: 1.2969911098480225
number of sums: 3
number of subs: 16
number of prods: 20
opt_time: 22.719987154006958
     fun: 8.134491384798183
     jac: array([1., 1., 1., 1., 1., 1., 1., 1., 1., 1.])
 message: 'Optimization terminated successfully'
    nfev: 16
     nit: 12
    njev: 12
  status: 0
 success: True
       x: array([0.83342133, 0.83342133, 0.83342133, 0.83342133, 0.83342133,
       0.83342133, 0.78349085, 0.78349085, 0.78349085, 0.78349085])

real	0m28.943s
user	0m28.447s
sys	0m0.326s
Ended at: 
Thu Dec  7 17:52:20 CET 2023
