Started at: 
Thu Dec  7 17:45:00 CET 2023
Instance 2
[INFO] aspmc: Tree Decomposition #bags: 118 unfolded treewidth: 4 #vertices: 154
[INFO] aspmc: Preprocessing disabled
[INFO] aspmc:    Stats Compilation
[INFO] aspmc: ------------------------------------------------------------
[INFO] aspmc: X/D-Constrained Tree Decomposition #bags: 94 treewidth: 8 #vertices: 154
[INFO] aspmc: Dtree time:               1.0477919578552246
[INFO] aspmc: Compilation time:         0.0313410758972168
[INFO] aspmc: Preparation time:         0.00018906593322753906
[INFO] aspmc: Counting time:            0.28072309494018555
[INFO] aspmc: ------------------------------------------------------------
[0.5::edge(1,2)., 0.5::edge(1,3)., 0.816343623039356::edge(2,4)., 0.8285621451275564::edge(3,5)., 0.8780109837190632::edge(4,6)., 0.9710507923144887::edge(5,6)., 0.8081620481122697::edge(6,7)., path(X,X):-node(X)., path(X,Y):-path(X,Z),edge(Z,Y)., transmit(A,B):-path(A,B),node(A),node(B),not not_transmit(A,B)., not_transmit(A,B):-path(A,B),node(A),node(B),not transmit(A,B)., qr:-transmit(1,7)., node(1)., node(2)., node(3)., node(4)., node(5)., node(6)., node(7)., query(qr).]
tracc
nnf_construction_time: 2.4846856594085693
Pre simplification
number of sums: 127
number of prods: 156
-0.466056359943142*v_25*v_27 + 0.579257149486008*v_25 + 0.65022773322936*v_27
Post simplification
symp_time: 0.34311842918395996
number of sums: 2
number of subs: 1
number of prods: 4
opt_time: 0.1332080364227295
     fun: 1.6514604467230942
     jac: array([1., 1.])
 message: 'Optimization terminated successfully'
    nfev: 5
     nit: 5
    njev: 5
  status: 0
 success: True
       x: array([0.79573022, 0.85573022])

real	0m4.135s
user	0m3.720s
sys	0m0.295s
Instance 3
[INFO] aspmc: Tree Decomposition #bags: 118 unfolded treewidth: 4 #vertices: 154
[INFO] aspmc: Preprocessing disabled
[INFO] aspmc:    Stats Compilation
[INFO] aspmc: ------------------------------------------------------------
[INFO] aspmc: X/D-Constrained Tree Decomposition #bags: 94 treewidth: 8 #vertices: 154
[INFO] aspmc: Dtree time:               1.0482399463653564
[INFO] aspmc: Compilation time:         0.031456708908081055
[INFO] aspmc: Preparation time:         0.00020122528076171875
[INFO] aspmc: Counting time:            0.26415061950683594
[INFO] aspmc: ------------------------------------------------------------
[0.5::edge(1,2)., 0.5::edge(1,3)., 0.816343623039356::edge(2,4)., 0.8285621451275564::edge(3,5)., 0.8780109837190632::edge(4,6)., 0.9710507923144887::edge(5,6)., 0.8081620481122697::edge(6,7)., path(X,X):-node(X)., path(X,Y):-path(X,Z),edge(Z,Y)., transmit(A,B):-path(A,B),node(A),node(B),not not_transmit(A,B)., not_transmit(A,B):-path(A,B),node(A),node(B),not transmit(A,B)., qr:-transmit(1,7)., node(1)., node(2)., node(3)., node(4)., node(5)., node(6)., node(7)., query(qr).]
tracc
nnf_construction_time: 2.4750075340270996
Pre simplification
number of sums: 127
number of prods: 156
-0.570907089275889*v_24*v_25*v_27 + 0.709575153519309*v_24*v_25 + 0.65022773322936*v_27
Post simplification
symp_time: 0.39392852783203125
number of sums: 2
number of subs: 1
number of prods: 6
opt_time: 0.3815798759460449
     fun: 2.4642770000647003
     jac: array([1., 1., 1.])
 message: 'Optimization terminated successfully'
    nfev: 5
     nit: 5
    njev: 5
  status: 0
 success: True
       x: array([0.80142567, 0.86142567, 0.80142567])

real	0m4.326s
user	0m3.911s
sys	0m0.295s
Instance 4
[INFO] aspmc: Tree Decomposition #bags: 118 unfolded treewidth: 4 #vertices: 154
[INFO] aspmc: Preprocessing disabled
[INFO] aspmc:    Stats Compilation
[INFO] aspmc: ------------------------------------------------------------
[INFO] aspmc: X/D-Constrained Tree Decomposition #bags: 94 treewidth: 8 #vertices: 154
[INFO] aspmc: Dtree time:               1.0480372905731201
[INFO] aspmc: Compilation time:         0.031241416931152344
[INFO] aspmc: Preparation time:         0.0001933574676513672
[INFO] aspmc: Counting time:            0.27482032775878906
[INFO] aspmc: ------------------------------------------------------------
[0.5::edge(1,2)., 0.5::edge(1,3)., 0.816343623039356::edge(2,4)., 0.8285621451275564::edge(3,5)., 0.8780109837190632::edge(4,6)., 0.9710507923144887::edge(5,6)., 0.8081620481122697::edge(6,7)., path(X,X):-node(X)., path(X,Y):-path(X,Z),edge(Z,Y)., transmit(A,B):-path(A,B),node(A),node(B),not not_transmit(A,B)., not_transmit(A,B):-path(A,B),node(A),node(B),not transmit(A,B)., qr:-transmit(1,7)., node(1)., node(2)., node(3)., node(4)., node(5)., node(6)., node(7)., query(qr).]
tracc
nnf_construction_time: 2.480332374572754
Pre simplification
number of sums: 127
number of prods: 156
-0.689033513389296*v_22*v_24*v_25*v_27 + 0.78476639710052*v_22*v_27 + 0.709575153519309*v_24*v_25
Post simplification
symp_time: 0.42632365226745605
number of sums: 2
number of subs: 1
number of prods: 8
opt_time: 0.6437451839447021
     fun: 3.2836481525727965
     jac: array([1., 1., 1., 1.])
 message: 'Optimization terminated successfully'
    nfev: 4
     nit: 4
    njev: 4
  status: 0
 success: True
       x: array([0.79091204, 0.85091204, 0.79091204, 0.85091204])

real	0m4.649s
user	0m4.238s
sys	0m0.295s
Instance 5
[INFO] aspmc: Tree Decomposition #bags: 118 unfolded treewidth: 4 #vertices: 154
[INFO] aspmc: Preprocessing disabled
[INFO] aspmc:    Stats Compilation
[INFO] aspmc: ------------------------------------------------------------
[INFO] aspmc: X/D-Constrained Tree Decomposition #bags: 94 treewidth: 8 #vertices: 154
[INFO] aspmc: Dtree time:               1.0499706268310547
[INFO] aspmc: Compilation time:         0.03161311149597168
[INFO] aspmc: Preparation time:         0.0002079010009765625
[INFO] aspmc: Counting time:            0.2671012878417969
[INFO] aspmc: ------------------------------------------------------------
[0.5::edge(1,2)., 0.5::edge(1,3)., 0.816343623039356::edge(2,4)., 0.8285621451275564::edge(3,5)., 0.8780109837190632::edge(4,6)., 0.9710507923144887::edge(5,6)., 0.8081620481122697::edge(6,7)., path(X,X):-node(X)., path(X,Y):-path(X,Z),edge(Z,Y)., transmit(A,B):-path(A,B),node(A),node(B),not not_transmit(A,B)., not_transmit(A,B):-path(A,B),node(A),node(B),not transmit(A,B)., qr:-transmit(1,7)., node(1)., node(2)., node(3)., node(4)., node(5)., node(6)., node(7)., query(qr).]
tracc
nnf_construction_time: 2.4768667221069336
Pre simplification
number of sums: 127
number of prods: 156
-0.78476639710052*v_19*v_22*v_24*v_25*v_27 + 0.80816205*v_19*v_24*v_25 + 0.78476639710052*v_22*v_27
Post simplification
symp_time: 0.45108962059020996
number of sums: 2
number of subs: 1
number of prods: 10
opt_time: 1.532212734222412
     fun: 4.133649223851607
     jac: array([1., 1., 1., 1., 1.])
 message: 'Optimization terminated successfully'
    nfev: 6
     nit: 5
    njev: 5
  status: 0
 success: True
       x: array([0.80272984, 0.86272984, 0.80272984, 0.86272984, 0.80272984])

real	0m5.530s
user	0m5.117s
sys	0m0.279s
Instance 6
[INFO] aspmc: Tree Decomposition #bags: 118 unfolded treewidth: 4 #vertices: 154
[INFO] aspmc: Preprocessing disabled
[INFO] aspmc:    Stats Compilation
[INFO] aspmc: ------------------------------------------------------------
[INFO] aspmc: X/D-Constrained Tree Decomposition #bags: 94 treewidth: 8 #vertices: 154
[INFO] aspmc: Dtree time:               1.0488808155059814
[INFO] aspmc: Compilation time:         0.031258583068847656
[INFO] aspmc: Preparation time:         0.00019407272338867188
[INFO] aspmc: Counting time:            0.2688560485839844
[INFO] aspmc: ------------------------------------------------------------
[0.5::edge(1,2)., 0.5::edge(1,3)., 0.816343623039356::edge(2,4)., 0.8285621451275564::edge(3,5)., 0.8780109837190632::edge(4,6)., 0.9710507923144887::edge(5,6)., 0.8081620481122697::edge(6,7)., path(X,X):-node(X)., path(X,Y):-path(X,Z),edge(Z,Y)., transmit(A,B):-path(A,B),node(A),node(B),not not_transmit(A,B)., not_transmit(A,B):-path(A,B),node(A),node(B),not transmit(A,B)., qr:-transmit(1,7)., node(1)., node(2)., node(3)., node(4)., node(5)., node(6)., node(7)., query(qr).]
tracc
nnf_construction_time: 2.4719958305358887
Pre simplification
number of sums: 127
number of prods: 156
-0.80816205*v_17*v_19*v_22*v_24*v_25*v_27 + 0.80816205*v_17*v_22*v_27 + 0.80816205*v_19*v_24*v_25
Post simplification
symp_time: 0.48394131660461426
number of sums: 2
number of subs: 1
number of prods: 12
opt_time: 4.7551844120025635
     fun: 5.154874557061903
     jac: array([1., 1., 1., 1., 1., 1.])
 message: 'Optimization terminated successfully'
    nfev: 13
     nit: 10
    njev: 10
  status: 0
 success: True
       x: array([0.85914576, 0.85914576, 0.85914576, 0.85914576, 0.85914576,
       0.85914576])

real	0m8.779s
user	0m8.313s
sys	0m0.325s
Instance 7
[INFO] aspmc: Tree Decomposition #bags: 118 unfolded treewidth: 4 #vertices: 154
[INFO] aspmc: Preprocessing disabled
[INFO] aspmc:    Stats Compilation
[INFO] aspmc: ------------------------------------------------------------
[INFO] aspmc: X/D-Constrained Tree Decomposition #bags: 94 treewidth: 8 #vertices: 154
[INFO] aspmc: Dtree time:               1.0453410148620605
[INFO] aspmc: Compilation time:         0.03054213523864746
[INFO] aspmc: Preparation time:         0.00019621849060058594
[INFO] aspmc: Counting time:            0.24497628211975098
[INFO] aspmc: ------------------------------------------------------------
[0.5::edge(1,2)., 0.5::edge(1,3)., 0.816343623039356::edge(2,4)., 0.8285621451275564::edge(3,5)., 0.8780109837190632::edge(4,6)., 0.9710507923144887::edge(5,6)., 0.8081620481122697::edge(6,7)., path(X,X):-node(X)., path(X,Y):-path(X,Z),edge(Z,Y)., transmit(A,B):-path(A,B),node(A),node(B),not not_transmit(A,B)., not_transmit(A,B):-path(A,B),node(A),node(B),not transmit(A,B)., qr:-transmit(1,7)., node(1)., node(2)., node(3)., node(4)., node(5)., node(6)., node(7)., query(qr).]
tracc
nnf_construction_time: 2.448201894760132
Pre simplification
number of sums: 127
number of prods: 156
v_15*(-v_17*v_19*v_22*v_24*v_25*v_27 + v_17*v_22*v_27 + v_19*v_24*v_25)
Post simplification
symp_time: 0.3764200210571289
number of sums: 2
number of subs: 1
number of prods: 10
opt_time: 7.050394058227539
     fun: 5.791564051621752
     jac: array([1., 1., 1., 1., 1., 1., 1.])
 message: 'Optimization terminated successfully'
    nfev: 18
     nit: 13
    njev: 12
  status: 0
 success: True
       x: array([0.81879486, 0.81879486, 0.81879486, 0.81879486, 0.81879486,
       0.81879486, 0.87879486])

real	0m10.962s
user	0m10.439s
sys	0m0.316s
Ended at: 
Thu Dec  7 17:45:38 CET 2023
