Started at: 
Thu Dec  7 17:50:17 CET 2023
Instance 2
[INFO] aspmc: Tree Decomposition #bags: 355 unfolded treewidth: 10 #vertices: 448
[INFO] aspmc: Preprocessing disabled
[INFO] aspmc:    Stats Compilation
[INFO] aspmc: ------------------------------------------------------------
[INFO] aspmc: X/D-Constrained Tree Decomposition #bags: 281 treewidth: 14 #vertices: 448
[INFO] aspmc: Dtree time:               1.1479506492614746
[INFO] aspmc: Compilation time:         1.828216552734375
[INFO] aspmc: Preparation time:         0.0004718303680419922
[INFO] aspmc: Counting time:            7.718364715576172
[INFO] aspmc: ------------------------------------------------------------
[0.5::edge(1,2)., 0.5::edge(1,3)., 0.8121440014439971::edge(2,4)., 0.9318293737581665::edge(3,5)., 0.9615464115892465::edge(4,6)., 0.9624207154646245::edge(5,6)., 0.8785836646800782::edge(6,7)., 0.994983574039669::edge(6,8)., 0.840237422823531::edge(7,9)., 0.877123958103951::edge(8,9)., 0.8281664113721792::edge(9,10)., 0.8945639242705665::edge(9,11)., 0.9448434461234041::edge(10,12)., path(X,X):-node(X)., path(X,Y):-path(X,Z),edge(Z,Y)., transmit(A,B):-path(A,B),node(A),node(B),not not_transmit(A,B)., not_transmit(A,B):-path(A,B),node(A),node(B),not transmit(A,B)., qr:-transmit(1,12)., node(1)., node(2)., node(3)., node(4)., node(5)., node(6)., node(7)., node(8)., node(9)., node(10)., node(11)., node(12)., query(qr).]
tracc
nnf_construction_time: 11.861737251281738
Pre simplification
number of sums: 8191
number of prods: 8508
-0.529743379096392*v_47*v_49 + 0.590696201865217*v_47 + 0.678363147501427*v_49
Post simplification
symp_time: 5.521512508392334
number of sums: 2
number of subs: 1
number of prods: 4
opt_time: 0.0027027130126953125
     fun: 1.7051008002174535
   maxcv: 0.0
 message: 'Optimization terminated successfully.'
    nfev: 15
  status: 1
 success: True
       x: array([0.8225504, 0.8825504])

real	0m18.646s
user	0m17.345s
sys	0m1.115s
Instance 3
[INFO] aspmc: Tree Decomposition #bags: 355 unfolded treewidth: 10 #vertices: 448
[INFO] aspmc: Preprocessing disabled
[INFO] aspmc:    Stats Compilation
[INFO] aspmc: ------------------------------------------------------------
[INFO] aspmc: X/D-Constrained Tree Decomposition #bags: 281 treewidth: 14 #vertices: 448
[INFO] aspmc: Dtree time:               1.1486797332763672
[INFO] aspmc: Compilation time:         1.8360190391540527
[INFO] aspmc: Preparation time:         0.0004775524139404297
[INFO] aspmc: Counting time:            7.479873895645142
[INFO] aspmc: ------------------------------------------------------------
[0.5::edge(1,2)., 0.5::edge(1,3)., 0.8121440014439971::edge(2,4)., 0.9318293737581665::edge(3,5)., 0.9615464115892465::edge(4,6)., 0.9624207154646245::edge(5,6)., 0.8785836646800782::edge(6,7)., 0.994983574039669::edge(6,8)., 0.840237422823531::edge(7,9)., 0.877123958103951::edge(8,9)., 0.8281664113721792::edge(9,10)., 0.8945639242705665::edge(9,11)., 0.9448434461234041::edge(10,12)., path(X,X):-node(X)., path(X,Y):-path(X,Z),edge(Z,Y)., transmit(A,B):-path(A,B),node(A),node(B),not not_transmit(A,B)., not_transmit(A,B):-path(A,B),node(A),node(B),not transmit(A,B)., qr:-transmit(1,12)., node(1)., node(2)., node(3)., node(4)., node(5)., node(6)., node(7)., node(8)., node(9)., node(10)., node(11)., node(12)., query(qr).]
tracc
nnf_construction_time: 11.63051176071167
Pre simplification
number of sums: 8191
number of prods: 8508
-0.652277649156297*v_46*v_47*v_49 + 0.727329392158554*v_46*v_47 - 1.11022302462516e-16*v_46*v_49 + 0.678363147501427*v_49
Post simplification
symp_time: 5.543506622314453
number of sums: 2
number of subs: 3
number of prods: 8
opt_time: 0.006535530090332031
     fun: 2.519690539296686
   maxcv: 1.6653345369377348e-16
 message: 'Optimization terminated successfully.'
    nfev: 21
  status: 1
 success: True
       x: array([0.81989685, 0.87989685, 0.81989685])

real	0m18.314s
user	0m17.091s
sys	0m1.072s
Instance 4
[INFO] aspmc: Tree Decomposition #bags: 355 unfolded treewidth: 10 #vertices: 448
[INFO] aspmc: Preprocessing disabled
[INFO] aspmc:    Stats Compilation
[INFO] aspmc: ------------------------------------------------------------
[INFO] aspmc: X/D-Constrained Tree Decomposition #bags: 281 treewidth: 14 #vertices: 448
[INFO] aspmc: Dtree time:               1.1503067016601562
[INFO] aspmc: Compilation time:         1.840824842453003
[INFO] aspmc: Preparation time:         0.00046706199645996094
[INFO] aspmc: Counting time:            8.044023275375366
[INFO] aspmc: ------------------------------------------------------------
[0.5::edge(1,2)., 0.5::edge(1,3)., 0.8121440014439971::edge(2,4)., 0.9318293737581665::edge(3,5)., 0.9615464115892465::edge(4,6)., 0.9624207154646245::edge(5,6)., 0.8785836646800782::edge(6,7)., 0.994983574039669::edge(6,8)., 0.840237422823531::edge(7,9)., 0.877123958103951::edge(8,9)., 0.8281664113721792::edge(9,10)., 0.8945639242705665::edge(9,11)., 0.9448434461234041::edge(10,12)., path(X,X):-node(X)., path(X,Y):-path(X,Z),edge(Z,Y)., transmit(A,B):-path(A,B),node(A),node(B),not not_transmit(A,B)., not_transmit(A,B):-path(A,B),node(A),node(B),not transmit(A,B)., qr:-transmit(1,12)., node(1)., node(2)., node(3)., node(4)., node(5)., node(6)., node(7)., node(8)., node(9)., node(10)., node(11)., node(12)., query(qr).]
tracc
nnf_construction_time: 12.203188180923462
Pre simplification
number of sums: 8191
number of prods: 8508
-0.699996877278398*v_43*v_46*v_47*v_49 + 0.727990734506927*v_43*v_49 + 0.727329392158555*v_46*v_47
Post simplification
symp_time: 5.6184468269348145
number of sums: 2
number of subs: 1
number of prods: 8
opt_time: 0.01420736312866211
     fun: 3.4639282717956053
   maxcv: 9.031446035479007e-08
 message: 'Optimization terminated successfully.'
    nfev: 28
  status: 1
 success: True
       x: array([0.83598207, 0.89598207, 0.83598207, 0.89598207])

real	0m18.946s
user	0m17.688s
sys	0m1.124s
Instance 5
[INFO] aspmc: Tree Decomposition #bags: 355 unfolded treewidth: 10 #vertices: 448
[INFO] aspmc: Preprocessing disabled
[INFO] aspmc:    Stats Compilation
[INFO] aspmc: ------------------------------------------------------------
[INFO] aspmc: X/D-Constrained Tree Decomposition #bags: 281 treewidth: 14 #vertices: 448
[INFO] aspmc: Dtree time:               1.149482011795044
[INFO] aspmc: Compilation time:         1.8384435176849365
[INFO] aspmc: Preparation time:         0.00047278404235839844
[INFO] aspmc: Counting time:            8.070040941238403
[INFO] aspmc: ------------------------------------------------------------
[0.5::edge(1,2)., 0.5::edge(1,3)., 0.8121440014439971::edge(2,4)., 0.9318293737581665::edge(3,5)., 0.9615464115892465::edge(4,6)., 0.9624207154646245::edge(5,6)., 0.8785836646800782::edge(6,7)., 0.994983574039669::edge(6,8)., 0.840237422823531::edge(7,9)., 0.877123958103951::edge(8,9)., 0.8281664113721792::edge(9,10)., 0.8945639242705665::edge(9,11)., 0.9448434461234041::edge(10,12)., path(X,X):-node(X)., path(X,Y):-path(X,Z),edge(Z,Y)., transmit(A,B):-path(A,B),node(A),node(B),not not_transmit(A,B)., not_transmit(A,B):-path(A,B),node(A),node(B),not transmit(A,B)., qr:-transmit(1,12)., node(1)., node(2)., node(3)., node(4)., node(5)., node(6)., node(7)., node(8)., node(9)., node(10)., node(11)., node(12)., query(qr).]
tracc
nnf_construction_time: 12.223090648651123
Pre simplification
number of sums: 8191
number of prods: 8508
-0.727990734506927*v_41*v_43*v_46*v_47*v_49 + 0.75641631500507*v_41*v_46*v_47 + 0.727990734506927*v_43*v_49
Post simplification
symp_time: 5.6265997886657715
number of sums: 2
number of subs: 1
number of prods: 10
opt_time: 0.02759408950805664
     fun: 4.387253752582126
   maxcv: 5.551115123125783e-17
 message: 'Optimization terminated successfully.'
    nfev: 36
  status: 1
 success: True
       x: array([0.85345075, 0.91345075, 0.85345075, 0.91345075, 0.85345075])

real	0m19.030s
user	0m17.727s
sys	0m1.131s
Instance 6
[INFO] aspmc: Tree Decomposition #bags: 355 unfolded treewidth: 10 #vertices: 448
[INFO] aspmc: Preprocessing disabled
[INFO] aspmc:    Stats Compilation
[INFO] aspmc: ------------------------------------------------------------
[INFO] aspmc: X/D-Constrained Tree Decomposition #bags: 281 treewidth: 14 #vertices: 448
[INFO] aspmc: Dtree time:               1.1526074409484863
[INFO] aspmc: Compilation time:         1.8366620540618896
[INFO] aspmc: Preparation time:         0.00046181678771972656
[INFO] aspmc: Counting time:            7.702928304672241
[INFO] aspmc: ------------------------------------------------------------
[0.5::edge(1,2)., 0.5::edge(1,3)., 0.8121440014439971::edge(2,4)., 0.9318293737581665::edge(3,5)., 0.9615464115892465::edge(4,6)., 0.9624207154646245::edge(5,6)., 0.8785836646800782::edge(6,7)., 0.994983574039669::edge(6,8)., 0.840237422823531::edge(7,9)., 0.877123958103951::edge(8,9)., 0.8281664113721792::edge(9,10)., 0.8945639242705665::edge(9,11)., 0.9448434461234041::edge(10,12)., path(X,X):-node(X)., path(X,Y):-path(X,Z),edge(Z,Y)., transmit(A,B):-path(A,B),node(A),node(B),not not_transmit(A,B)., not_transmit(A,B):-path(A,B),node(A),node(B),not transmit(A,B)., qr:-transmit(1,12)., node(1)., node(2)., node(3)., node(4)., node(5)., node(6)., node(7)., node(8)., node(9)., node(10)., node(11)., node(12)., query(qr).]
tracc
nnf_construction_time: 11.858946323394775
Pre simplification
number of sums: 8191
number of prods: 8508
-0.75641631500507*v_40*v_41*v_43*v_46*v_47*v_49 + 0.75641631500507*v_40*v_43*v_49 + 0.75641631500507*v_41*v_46*v_47
Post simplification
symp_time: 5.7347190380096436
number of sums: 2
number of subs: 1
number of prods: 12
opt_time: 0.05221152305603027
     fun: 5.365469915840098
   maxcv: 2.1301630726111576e-05
 message: 'Optimization terminated successfully.'
    nfev: 48
  status: 1
 success: True
       x: array([0.86424499, 0.92424499, 0.86424499, 0.92424499, 0.86424499,
       0.92424499])

real	0m18.803s
user	0m17.529s
sys	0m1.118s
Instance 7
[INFO] aspmc: Tree Decomposition #bags: 355 unfolded treewidth: 10 #vertices: 448
[INFO] aspmc: Preprocessing disabled
[INFO] aspmc:    Stats Compilation
[INFO] aspmc: ------------------------------------------------------------
[INFO] aspmc: X/D-Constrained Tree Decomposition #bags: 281 treewidth: 14 #vertices: 448
[INFO] aspmc: Dtree time:               1.149911880493164
[INFO] aspmc: Compilation time:         1.8381211757659912
[INFO] aspmc: Preparation time:         0.000457763671875
[INFO] aspmc: Counting time:            7.768893718719482
[INFO] aspmc: ------------------------------------------------------------
[0.5::edge(1,2)., 0.5::edge(1,3)., 0.8121440014439971::edge(2,4)., 0.9318293737581665::edge(3,5)., 0.9615464115892465::edge(4,6)., 0.9624207154646245::edge(5,6)., 0.8785836646800782::edge(6,7)., 0.994983574039669::edge(6,8)., 0.840237422823531::edge(7,9)., 0.877123958103951::edge(8,9)., 0.8281664113721792::edge(9,10)., 0.8945639242705665::edge(9,11)., 0.9448434461234041::edge(10,12)., path(X,X):-node(X)., path(X,Y):-path(X,Z),edge(Z,Y)., transmit(A,B):-path(A,B),node(A),node(B),not not_transmit(A,B)., not_transmit(A,B):-path(A,B),node(A),node(B),not transmit(A,B)., qr:-transmit(1,12)., node(1)., node(2)., node(3)., node(4)., node(5)., node(6)., node(7)., node(8)., node(9)., node(10)., node(11)., node(12)., query(qr).]
tracc
nnf_construction_time: 11.923670530319214
Pre simplification
number of sums: 8191
number of prods: 8508
(0.0836808817011908*v_36 + 0.682895659688011)*(v_40*(v_41*(v_43*(v_46*(v_47 - v_49*(v_47 - 1)) - v_49*(v_46 - 1)) - v_46*v_47*(v_43 - 1)) - v_43*v_49*(v_41 - 1)) - v_41*v_46*v_47*(v_40 - 1))
Post simplification
symp_time: 5.843596458435059
number of sums: 1
number of subs: 10
number of prods: 15
opt_time: 0.07842588424682617
     fun: 6.23686031384538
   maxcv: 5.551115123125783e-17
 message: 'Optimization terminated successfully.'
    nfev: 52
  status: 1
 success: True
       x: array([0.92526576, 0.86526576, 0.92526576, 0.86526576, 0.92526576,
       0.86526576, 0.86526576])

real	0m18.995s
user	0m17.747s
sys	0m1.095s
Instance 8
[INFO] aspmc: Tree Decomposition #bags: 355 unfolded treewidth: 10 #vertices: 448
[INFO] aspmc: Preprocessing disabled
[INFO] aspmc:    Stats Compilation
[INFO] aspmc: ------------------------------------------------------------
[INFO] aspmc: X/D-Constrained Tree Decomposition #bags: 281 treewidth: 14 #vertices: 448
[INFO] aspmc: Dtree time:               1.1503736972808838
[INFO] aspmc: Compilation time:         1.8341965675354004
[INFO] aspmc: Preparation time:         0.0004749298095703125
[INFO] aspmc: Counting time:            7.719984769821167
[INFO] aspmc: ------------------------------------------------------------
[0.5::edge(1,2)., 0.5::edge(1,3)., 0.8121440014439971::edge(2,4)., 0.9318293737581665::edge(3,5)., 0.9615464115892465::edge(4,6)., 0.9624207154646245::edge(5,6)., 0.8785836646800782::edge(6,7)., 0.994983574039669::edge(6,8)., 0.840237422823531::edge(7,9)., 0.877123958103951::edge(8,9)., 0.8281664113721792::edge(9,10)., 0.8945639242705665::edge(9,11)., 0.9448434461234041::edge(10,12)., path(X,X):-node(X)., path(X,Y):-path(X,Z),edge(Z,Y)., transmit(A,B):-path(A,B),node(A),node(B),not not_transmit(A,B)., not_transmit(A,B):-path(A,B),node(A),node(B),not transmit(A,B)., qr:-transmit(1,12)., node(1)., node(2)., node(3)., node(4)., node(5)., node(6)., node(7)., node(8)., node(9)., node(10)., node(11)., node(12)., query(qr).]
tracc
nnf_construction_time: 11.871353149414062
Pre simplification
number of sums: 8191
number of prods: 8508
0.576687399195398*v_36*v_37*v_40*v_41*v_43*v_46*v_47*v_49 - 0.576687399195398*v_36*v_37*v_40*v_43*v_49 - 0.576687399195398*v_36*v_37*v_41*v_46*v_47 - 0.657475368926643*v_36*v_40*v_41*v_43*v_46*v_47*v_49 + 0.657475368926643*v_36*v_40*v_43*v_49 + 0.657475368926643*v_36*v_41*v_46*v_47 - 0.686338629378585*v_37*v_40*v_41*v_43*v_46*v_47*v_49 + 0.686338629378585*v_37*v_40*v_43*v_49 + 0.686338629378585*v_37*v_41*v_46*v_47
Post simplification
symp_time: 5.914629220962524
number of sums: 4
number of subs: 4
number of prods: 48
opt_time: 0.12404608726501465
     fun: 7.238068655225838
   maxcv: 5.551115123125783e-17
 message: 'Optimization terminated successfully.'
    nfev: 63
  status: 1
 success: True
       x: array([0.93475858, 0.87475858, 0.93475858, 0.87475858, 0.93475858,
       0.87475858, 0.87475858, 0.93475858])

real	0m19.057s
user	0m17.785s
sys	0m1.123s
Instance 9
[INFO] aspmc: Tree Decomposition #bags: 355 unfolded treewidth: 10 #vertices: 448
[INFO] aspmc: Preprocessing disabled
[INFO] aspmc:    Stats Compilation
[INFO] aspmc: ------------------------------------------------------------
[INFO] aspmc: X/D-Constrained Tree Decomposition #bags: 281 treewidth: 14 #vertices: 448
[INFO] aspmc: Dtree time:               1.1512765884399414
[INFO] aspmc: Compilation time:         1.842712640762329
[INFO] aspmc: Preparation time:         0.0004792213439941406
[INFO] aspmc: Counting time:            7.7246387004852295
[INFO] aspmc: ------------------------------------------------------------
[0.5::edge(1,2)., 0.5::edge(1,3)., 0.8121440014439971::edge(2,4)., 0.9318293737581665::edge(3,5)., 0.9615464115892465::edge(4,6)., 0.9624207154646245::edge(5,6)., 0.8785836646800782::edge(6,7)., 0.994983574039669::edge(6,8)., 0.840237422823531::edge(7,9)., 0.877123958103951::edge(8,9)., 0.8281664113721792::edge(9,10)., 0.8945639242705665::edge(9,11)., 0.9448434461234041::edge(10,12)., path(X,X):-node(X)., path(X,Y):-path(X,Z),edge(Z,Y)., transmit(A,B):-path(A,B),node(A),node(B),not not_transmit(A,B)., not_transmit(A,B):-path(A,B),node(A),node(B),not transmit(A,B)., qr:-transmit(1,12)., node(1)., node(2)., node(3)., node(4)., node(5)., node(6)., node(7)., node(8)., node(9)., node(10)., node(11)., node(12)., query(qr).]
tracc
nnf_construction_time: 11.885591983795166
Pre simplification
number of sums: 8191
number of prods: 8508
0.686338629378585*v_33*v_36*v_37*v_40*v_41*v_43*v_46*v_47*v_49 - 0.686338629378585*v_33*v_36*v_37*v_40*v_43*v_49 - 0.686338629378585*v_33*v_36*v_37*v_41*v_46*v_47 - 0.782487607998515*v_33*v_36*v_40*v_41*v_43*v_46*v_47*v_49 + 0.782487607998515*v_33*v_36*v_40*v_43*v_49 + 0.782487607998515*v_33*v_36*v_41*v_46*v_47 - 0.686338629378585*v_37*v_40*v_41*v_43*v_46*v_47*v_49 + 0.686338629378585*v_37*v_40*v_43*v_49 + 0.686338629378585*v_37*v_41*v_46*v_47
Post simplification
symp_time: 5.8112616539001465
number of sums: 4
number of subs: 4
number of prods: 54
opt_time: 0.1885221004486084
     fun: 8.085767820986716
   maxcv: 1.3976301651563716e-06
 message: 'Optimization terminated successfully.'
    nfev: 70
  status: 1
 success: True
       x: array([0.87841865, 0.93841865, 0.87841865, 0.93841865, 0.87841865,
       0.93841865, 0.87841865, 0.87841865, 0.87841865])

real	0m19.016s
user	0m17.772s
sys	0m1.092s
Instance 10
[INFO] aspmc: Tree Decomposition #bags: 355 unfolded treewidth: 10 #vertices: 448
[INFO] aspmc: Preprocessing disabled
[INFO] aspmc:    Stats Compilation
[INFO] aspmc: ------------------------------------------------------------
[INFO] aspmc: X/D-Constrained Tree Decomposition #bags: 281 treewidth: 14 #vertices: 448
[INFO] aspmc: Dtree time:               1.1433508396148682
[INFO] aspmc: Compilation time:         1.7232272624969482
[INFO] aspmc: Preparation time:         0.0005183219909667969
[INFO] aspmc: Counting time:            7.812220335006714
[INFO] aspmc: ------------------------------------------------------------
[0.5::edge(1,2)., 0.5::edge(1,3)., 0.8121440014439971::edge(2,4)., 0.9318293737581665::edge(3,5)., 0.9615464115892465::edge(4,6)., 0.9624207154646245::edge(5,6)., 0.8785836646800782::edge(6,7)., 0.994983574039669::edge(6,8)., 0.840237422823531::edge(7,9)., 0.877123958103951::edge(8,9)., 0.8281664113721792::edge(9,10)., 0.8945639242705665::edge(9,11)., 0.9448434461234041::edge(10,12)., path(X,X):-node(X)., path(X,Y):-path(X,Z),edge(Z,Y)., transmit(A,B):-path(A,B),node(A),node(B),not not_transmit(A,B)., not_transmit(A,B):-path(A,B),node(A),node(B),not transmit(A,B)., qr:-transmit(1,12)., node(1)., node(2)., node(3)., node(4)., node(5)., node(6)., node(7)., node(8)., node(9)., node(10)., node(11)., node(12)., query(qr).]
tracc
nnf_construction_time: 11.84162163734436
Pre simplification
number of sums: 8191
number of prods: 8508
0.782487607998515*v_31*v_33*v_36*v_37*v_40*v_41*v_43*v_46*v_47*v_49 - 0.782487607998515*v_31*v_33*v_36*v_37*v_40*v_43*v_49 - 0.782487607998515*v_31*v_33*v_36*v_37*v_41*v_46*v_47 - 0.782487607998515*v_31*v_37*v_40*v_41*v_43*v_46*v_47*v_49 + 0.782487607998515*v_31*v_37*v_40*v_43*v_49 + 0.782487607998515*v_31*v_37*v_41*v_46*v_47 - 0.782487607998515*v_33*v_36*v_40*v_41*v_43*v_46*v_47*v_49 + 0.782487607998515*v_33*v_36*v_40*v_43*v_49 + 0.782487607998515*v_33*v_36*v_41*v_46*v_47
Post simplification
symp_time: 5.790687322616577
number of sums: 4
number of subs: 4
number of prods: 60
opt_time: 0.29160642623901367
     fun: 8.962868990573666
   maxcv: 8.682581627228458e-06
 message: 'Optimization terminated successfully.'
    nfev: 86
  status: 1
 success: True
       x: array([0.93829179, 0.87828312, 0.93829179, 0.87828312, 0.93829179,
       0.87828312, 0.87828606, 0.87828607, 0.87828606, 0.87828606])

real	0m19.055s
user	0m17.841s
sys	0m1.043s
Instance 11
[INFO] aspmc: Tree Decomposition #bags: 355 unfolded treewidth: 10 #vertices: 448
[INFO] aspmc: Preprocessing disabled
[INFO] aspmc:    Stats Compilation
[INFO] aspmc: ------------------------------------------------------------
[INFO] aspmc: X/D-Constrained Tree Decomposition #bags: 281 treewidth: 14 #vertices: 448
[INFO] aspmc: Dtree time:               1.1425855159759521
[INFO] aspmc: Compilation time:         1.7183125019073486
[INFO] aspmc: Preparation time:         0.0005242824554443359
[INFO] aspmc: Counting time:            7.581268548965454
[INFO] aspmc: ------------------------------------------------------------
[0.5::edge(1,2)., 0.5::edge(1,3)., 0.8121440014439971::edge(2,4)., 0.9318293737581665::edge(3,5)., 0.9615464115892465::edge(4,6)., 0.9624207154646245::edge(5,6)., 0.8785836646800782::edge(6,7)., 0.994983574039669::edge(6,8)., 0.840237422823531::edge(7,9)., 0.877123958103951::edge(8,9)., 0.8281664113721792::edge(9,10)., 0.8945639242705665::edge(9,11)., 0.9448434461234041::edge(10,12)., path(X,X):-node(X)., path(X,Y):-path(X,Z),edge(Z,Y)., transmit(A,B):-path(A,B),node(A),node(B),not not_transmit(A,B)., not_transmit(A,B):-path(A,B),node(A),node(B),not transmit(A,B)., qr:-transmit(1,12)., node(1)., node(2)., node(3)., node(4)., node(5)., node(6)., node(7)., node(8)., node(9)., node(10)., node(11)., node(12)., query(qr).]
tracc
nnf_construction_time: 11.59713888168335
Pre simplification
number of sums: 8191
number of prods: 8508
0.94484345*v_28*(v_31*v_33*v_36*v_37*v_40*v_41*v_43*v_46*v_47*v_49 - v_31*v_33*v_36*v_37*v_40*v_43*v_49 - v_31*v_33*v_36*v_37*v_41*v_46*v_47 - v_31*v_37*v_40*v_41*v_43*v_46*v_47*v_49 + v_31*v_37*v_40*v_43*v_49 + v_31*v_37*v_41*v_46*v_47 - v_33*v_36*v_40*v_41*v_43*v_46*v_47*v_49 + v_33*v_36*v_40*v_43*v_49 + v_33*v_36*v_41*v_46*v_47)
Post simplification
symp_time: 5.9222588539123535
number of sums: 4
number of subs: 4
number of prods: 53
opt_time: 0.2786521911621094
     fun: 9.50808417580007
   maxcv: 1.6653345369377348e-16
 message: 'Optimization terminated successfully.'
    nfev: 72
  status: 1
 success: True
       x: array([0.85891674, 0.85891674, 0.85891674, 0.85891674, 0.85891674,
       0.85891674, 0.85891674, 0.85891674, 0.85891674, 0.85891674,
       0.91891674])

real	0m19.041s
user	0m17.670s
sys	0m1.084s
Instance 12
[INFO] aspmc: Tree Decomposition #bags: 355 unfolded treewidth: 10 #vertices: 448
[INFO] aspmc: Preprocessing disabled
[INFO] aspmc:    Stats Compilation
[INFO] aspmc: ------------------------------------------------------------
[INFO] aspmc: X/D-Constrained Tree Decomposition #bags: 281 treewidth: 14 #vertices: 448
[INFO] aspmc: Dtree time:               1.141402006149292
[INFO] aspmc: Compilation time:         1.71589994430542
[INFO] aspmc: Preparation time:         0.0005161762237548828
[INFO] aspmc: Counting time:            7.45426344871521
[INFO] aspmc: ------------------------------------------------------------
[0.5::edge(1,2)., 0.5::edge(1,3)., 0.8121440014439971::edge(2,4)., 0.9318293737581665::edge(3,5)., 0.9615464115892465::edge(4,6)., 0.9624207154646245::edge(5,6)., 0.8785836646800782::edge(6,7)., 0.994983574039669::edge(6,8)., 0.840237422823531::edge(7,9)., 0.877123958103951::edge(8,9)., 0.8281664113721792::edge(9,10)., 0.8945639242705665::edge(9,11)., 0.9448434461234041::edge(10,12)., path(X,X):-node(X)., path(X,Y):-path(X,Z),edge(Z,Y)., transmit(A,B):-path(A,B),node(A),node(B),not not_transmit(A,B)., not_transmit(A,B):-path(A,B),node(A),node(B),not transmit(A,B)., qr:-transmit(1,12)., node(1)., node(2)., node(3)., node(4)., node(5)., node(6)., node(7)., node(8)., node(9)., node(10)., node(11)., node(12)., query(qr).]
tracc
nnf_construction_time: 11.469561576843262
Pre simplification
number of sums: 8191
number of prods: 8508
0.94484345*v_28*(v_31*v_33*v_36*v_37*v_40*v_41*v_43*v_46*v_47*v_49 - v_31*v_33*v_36*v_37*v_40*v_43*v_49 - v_31*v_33*v_36*v_37*v_41*v_46*v_47 - v_31*v_37*v_40*v_41*v_43*v_46*v_47*v_49 + v_31*v_37*v_40*v_43*v_49 + v_31*v_37*v_41*v_46*v_47 - v_33*v_36*v_40*v_41*v_43*v_46*v_47*v_49 + v_33*v_36*v_40*v_43*v_49 + v_33*v_36*v_41*v_46*v_47)
Post simplification
symp_time: 5.92126989364624
number of sums: 4
number of subs: 4
number of prods: 53
opt_time: 0.38129544258117676
     fun: 10.359895640566398
   maxcv: 5.666957347827406e-07
 message: 'Optimization terminated successfully.'
    nfev: 84
  status: 1
 success: True
       x: array([0.90332464, 0.84332464, 0.90332464, 0.84332464, 0.90332464,
       0.84332464, 0.84332464, 0.84332464, 0.84332464, 0.84332464,
       0.90332464, 0.84332464])

real	0m18.876s
user	0m17.688s
sys	0m1.028s
Instance 13
[INFO] aspmc: Tree Decomposition #bags: 355 unfolded treewidth: 10 #vertices: 448
[INFO] aspmc: Preprocessing disabled
[INFO] aspmc:    Stats Compilation
[INFO] aspmc: ------------------------------------------------------------
[INFO] aspmc: X/D-Constrained Tree Decomposition #bags: 281 treewidth: 14 #vertices: 448
[INFO] aspmc: Dtree time:               1.1390411853790283
[INFO] aspmc: Compilation time:         1.662968397140503
[INFO] aspmc: Preparation time:         0.0005333423614501953
[INFO] aspmc: Counting time:            6.992806434631348
[INFO] aspmc: ------------------------------------------------------------
[0.5::edge(1,2)., 0.5::edge(1,3)., 0.8121440014439971::edge(2,4)., 0.9318293737581665::edge(3,5)., 0.9615464115892465::edge(4,6)., 0.9624207154646245::edge(5,6)., 0.8785836646800782::edge(6,7)., 0.994983574039669::edge(6,8)., 0.840237422823531::edge(7,9)., 0.877123958103951::edge(8,9)., 0.8281664113721792::edge(9,10)., 0.8945639242705665::edge(9,11)., 0.9448434461234041::edge(10,12)., path(X,X):-node(X)., path(X,Y):-path(X,Z),edge(Z,Y)., transmit(A,B):-path(A,B),node(A),node(B),not not_transmit(A,B)., not_transmit(A,B):-path(A,B),node(A),node(B),not transmit(A,B)., qr:-transmit(1,12)., node(1)., node(2)., node(3)., node(4)., node(5)., node(6)., node(7)., node(8)., node(9)., node(10)., node(11)., node(12)., query(qr).]
tracc
nnf_construction_time: 10.948502779006958
Pre simplification
number of sums: 8191
number of prods: 8508
v_25*v_28*(v_31*v_33*v_36*v_37*v_40*v_41*v_43*v_46*v_47*v_49 - v_31*v_33*v_36*v_37*v_40*v_43*v_49 - v_31*v_33*v_36*v_37*v_41*v_46*v_47 - v_31*v_37*v_40*v_41*v_43*v_46*v_47*v_49 + v_31*v_37*v_40*v_43*v_49 + v_31*v_37*v_41*v_46*v_47 - v_33*v_36*v_40*v_41*v_43*v_46*v_47*v_49 + v_33*v_36*v_40*v_43*v_49 + v_33*v_36*v_41*v_46*v_47)
Post simplification
symp_time: 5.759591102600098
number of sums: 4
number of subs: 4
number of prods: 53
opt_time: 0.4368407726287842
     fun: 11.358774609787329
   maxcv: 0.0
 message: 'Optimization terminated successfully.'
    nfev: 86
  status: 1
 success: True
       x: array([0.86452112, 0.86452112, 0.86452112, 0.86452112, 0.86452112,
       0.86452112, 0.86452112, 0.86452112, 0.86452112, 0.86452112,
       0.92452112, 0.86452112, 0.92452112])

real	0m18.231s
user	0m16.950s
sys	0m1.111s
Ended at: 
Thu Dec  7 17:54:03 CET 2023
