Started at: 
Thu Dec  7 17:44:58 CET 2023
Instance 2
[INFO] aspmc: Tree Decomposition #bags: 190 unfolded treewidth: 6 #vertices: 246
[INFO] aspmc: Preprocessing disabled
[INFO] aspmc:    Stats Compilation
[INFO] aspmc: ------------------------------------------------------------
[INFO] aspmc: X/D-Constrained Tree Decomposition #bags: 152 treewidth: 10 #vertices: 246
[INFO] aspmc: Dtree time:               1.070906162261963
[INFO] aspmc: Compilation time:         0.0964813232421875
[INFO] aspmc: Preparation time:         0.0002818107604980469
[INFO] aspmc: Counting time:            0.9479823112487793
[INFO] aspmc: ------------------------------------------------------------
[0.5::edge(1,2)., 0.5::edge(1,3)., 0.816343623039356::edge(2,4)., 0.8285621451275564::edge(3,5)., 0.8780109837190632::edge(4,6)., 0.9710507923144887::edge(5,6)., 0.8081620481122697::edge(6,7)., 0.8346009914789065::edge(6,8)., 0.8564691055626658::edge(7,9)., path(X,X):-node(X)., path(X,Y):-path(X,Z),edge(Z,Y)., transmit(A,B):-path(A,B),node(A),node(B),not not_transmit(A,B)., not_transmit(A,B):-path(A,B),node(A),node(B),not transmit(A,B)., qr:-transmit(1,9)., node(1)., node(2)., node(3)., node(4)., node(5)., node(6)., node(7)., node(8)., node(9)., query(qr).]
tracc
nnf_construction_time: 3.2551562786102295
Pre simplification
number of sums: 511
number of prods: 545
-0.399162875810343*v_34*v_36 + 0.496115855281419*v_34 + 0.556899967976268*v_36
Post simplification
symp_time: 0.5558249950408936
number of sums: 2
number of subs: 1
number of prods: 4
opt_time: 0.6216621398925781
     fun: 1.9
     jac: array([1., 1.])
 message: 'Positive directional derivative for linesearch'
    nfev: 174
     nit: 28
    njev: 24
  status: 8
 success: False
       x: array([0.95, 0.95])

real	0m5.704s
user	0m5.220s
sys	0m0.298s
Instance 3
[INFO] aspmc: Tree Decomposition #bags: 190 unfolded treewidth: 6 #vertices: 246
[INFO] aspmc: Preprocessing disabled
[INFO] aspmc:    Stats Compilation
[INFO] aspmc: ------------------------------------------------------------
[INFO] aspmc: X/D-Constrained Tree Decomposition #bags: 152 treewidth: 10 #vertices: 246
[INFO] aspmc: Dtree time:               1.0707170963287354
[INFO] aspmc: Compilation time:         0.09547948837280273
[INFO] aspmc: Preparation time:         0.0002753734588623047
[INFO] aspmc: Counting time:            0.9635794162750244
[INFO] aspmc: ------------------------------------------------------------
[0.5::edge(1,2)., 0.5::edge(1,3)., 0.816343623039356::edge(2,4)., 0.8285621451275564::edge(3,5)., 0.8780109837190632::edge(4,6)., 0.9710507923144887::edge(5,6)., 0.8081620481122697::edge(6,7)., 0.8346009914789065::edge(6,8)., 0.8564691055626658::edge(7,9)., path(X,X):-node(X)., path(X,Y):-path(X,Z),edge(Z,Y)., transmit(A,B):-path(A,B),node(A),node(B),not not_transmit(A,B)., not_transmit(A,B):-path(A,B),node(A),node(B),not transmit(A,B)., qr:-transmit(1,9)., node(1)., node(2)., node(3)., node(4)., node(5)., node(6)., node(7)., node(8)., node(9)., query(qr).]
tracc
nnf_construction_time: 3.260316848754883
Pre simplification
number of sums: 511
number of prods: 545
-0.488964286644811*v_31*v_34*v_36 + 0.607729200212796*v_31*v_34 + 0.556899967976268*v_36
Post simplification
symp_time: 0.6080780029296875
number of sums: 2
number of subs: 1
number of prods: 6
opt_time: 0.5765805244445801
     fun: 2.8499999999999925
     jac: array([1., 1., 1.])
 message: 'Positive directional derivative for linesearch'
    nfev: 42
     nit: 12
    njev: 8
  status: 8
 success: False
       x: array([0.95, 0.95, 0.95])

real	0m5.430s
user	0m5.064s
sys	0m0.245s
Instance 4
[INFO] aspmc: Tree Decomposition #bags: 190 unfolded treewidth: 6 #vertices: 246
[INFO] aspmc: Preprocessing disabled
[INFO] aspmc:    Stats Compilation
[INFO] aspmc: ------------------------------------------------------------
[INFO] aspmc: X/D-Constrained Tree Decomposition #bags: 152 treewidth: 10 #vertices: 246
[INFO] aspmc: Dtree time:               1.0712084770202637
[INFO] aspmc: Compilation time:         0.09644627571105957
[INFO] aspmc: Preparation time:         0.0003032684326171875
[INFO] aspmc: Counting time:            0.9478147029876709
[INFO] aspmc: ------------------------------------------------------------
[0.5::edge(1,2)., 0.5::edge(1,3)., 0.816343623039356::edge(2,4)., 0.8285621451275564::edge(3,5)., 0.8780109837190632::edge(4,6)., 0.9710507923144887::edge(5,6)., 0.8081620481122697::edge(6,7)., 0.8346009914789065::edge(6,8)., 0.8564691055626658::edge(7,9)., path(X,X):-node(X)., path(X,Y):-path(X,Z),edge(Z,Y)., transmit(A,B):-path(A,B),node(A),node(B),not not_transmit(A,B)., not_transmit(A,B):-path(A,B),node(A),node(B),not transmit(A,B)., qr:-transmit(1,9)., node(1)., node(2)., node(3)., node(4)., node(5)., node(6)., node(7)., node(8)., node(9)., query(qr).]
tracc
nnf_construction_time: 3.2453951835632324
Pre simplification
number of sums: 511
number of prods: 545
-0.590135919972704*v_30*v_31*v_34*v_36 + 0.672128177682589*v_30*v_36 + 0.607729200212796*v_31*v_34
Post simplification
symp_time: 0.6385509967803955
number of sums: 2
number of subs: 1
number of prods: 8
opt_time: 0.9043948650360107
     fun: 3.7999999997634113
     jac: array([1., 1., 1., 1.])
 message: 'Inequality constraints incompatible'
    nfev: 36
     nit: 6
    njev: 6
  status: 4
 success: False
       x: array([0.95, 0.95, 0.95, 0.95])

real	0m5.815s
user	0m5.414s
sys	0m0.241s
Instance 5
[INFO] aspmc: Tree Decomposition #bags: 190 unfolded treewidth: 6 #vertices: 246
[INFO] aspmc: Preprocessing disabled
[INFO] aspmc:    Stats Compilation
[INFO] aspmc: ------------------------------------------------------------
[INFO] aspmc: X/D-Constrained Tree Decomposition #bags: 152 treewidth: 10 #vertices: 246
[INFO] aspmc: Dtree time:               1.0709402561187744
[INFO] aspmc: Compilation time:         0.09626221656799316
[INFO] aspmc: Preparation time:         0.0002868175506591797
[INFO] aspmc: Counting time:            0.9313883781433105
[INFO] aspmc: ------------------------------------------------------------
[0.5::edge(1,2)., 0.5::edge(1,3)., 0.816343623039356::edge(2,4)., 0.8285621451275564::edge(3,5)., 0.8780109837190632::edge(4,6)., 0.9710507923144887::edge(5,6)., 0.8081620481122697::edge(6,7)., 0.8346009914789065::edge(6,8)., 0.8564691055626658::edge(7,9)., path(X,X):-node(X)., path(X,Y):-path(X,Z),edge(Z,Y)., transmit(A,B):-path(A,B),node(A),node(B),not not_transmit(A,B)., not_transmit(A,B):-path(A,B),node(A),node(B),not transmit(A,B)., qr:-transmit(1,9)., node(1)., node(2)., node(3)., node(4)., node(5)., node(6)., node(7)., node(8)., node(9)., query(qr).]
tracc
nnf_construction_time: 3.228487968444824
Pre simplification
number of sums: 511
number of prods: 545
-0.672128177682589*v_28*v_30*v_31*v_34*v_36 + 1.11022302462516e-16*v_28*v_31*v_34*v_36 + 0.692165831699275*v_28*v_31*v_34 + 0.672128177682589*v_30*v_36
Post simplification
symp_time: 0.6645143032073975
number of sums: 3
number of subs: 2
number of prods: 14
opt_time: 18.353643894195557
     fun: 4.75
     jac: array([1., 1., 1., 1., 1.])
 message: 'Positive directional derivative for linesearch'
    nfev: 608
     nit: 67
    njev: 63
  status: 8
 success: False
       x: array([0.95, 0.95, 0.95, 0.95, 0.95])

real	0m23.288s
user	0m22.839s
sys	0m0.274s
Instance 6
[INFO] aspmc: Tree Decomposition #bags: 190 unfolded treewidth: 6 #vertices: 246
[INFO] aspmc: Preprocessing disabled
[INFO] aspmc:    Stats Compilation
[INFO] aspmc: ------------------------------------------------------------
[INFO] aspmc: X/D-Constrained Tree Decomposition #bags: 152 treewidth: 10 #vertices: 246
[INFO] aspmc: Dtree time:               1.0657999515533447
[INFO] aspmc: Compilation time:         0.08992838859558105
[INFO] aspmc: Preparation time:         0.00023818016052246094
[INFO] aspmc: Counting time:            0.9514458179473877
[INFO] aspmc: ------------------------------------------------------------
[0.5::edge(1,2)., 0.5::edge(1,3)., 0.816343623039356::edge(2,4)., 0.8285621451275564::edge(3,5)., 0.8780109837190632::edge(4,6)., 0.9710507923144887::edge(5,6)., 0.8081620481122697::edge(6,7)., 0.8346009914789065::edge(6,8)., 0.8564691055626658::edge(7,9)., path(X,X):-node(X)., path(X,Y):-path(X,Z),edge(Z,Y)., transmit(A,B):-path(A,B),node(A),node(B),not not_transmit(A,B)., not_transmit(A,B):-path(A,B),node(A),node(B),not transmit(A,B)., qr:-transmit(1,9)., node(1)., node(2)., node(3)., node(4)., node(5)., node(6)., node(7)., node(8)., node(9)., query(qr).]
tracc
nnf_construction_time: 3.3273513317108154
Pre simplification
number of sums: 511
number of prods: 545
-0.692165831699275*v_26*v_28*v_30*v_31*v_34*v_36 + 0.692165831699275*v_26*v_30*v_36 + 0.692165831699275*v_28*v_31*v_34
Post simplification
symp_time: 0.6346406936645508
number of sums: 2
number of subs: 1
number of prods: 12
opt_time: 7.692621946334839
     fun: 5.69999999998991
     jac: array([1., 1., 1., 1., 1., 1.])
 message: 'Positive directional derivative for linesearch'
    nfev: 138
     nit: 22
    njev: 18
  status: 8
 success: False
       x: array([0.95, 0.95, 0.95, 0.95, 0.95, 0.95])

real	0m12.679s
user	0m12.113s
sys	0m0.279s
Instance 7
[INFO] aspmc: Tree Decomposition #bags: 190 unfolded treewidth: 6 #vertices: 246
[INFO] aspmc: Preprocessing disabled
[INFO] aspmc:    Stats Compilation
[INFO] aspmc: ------------------------------------------------------------
[INFO] aspmc: X/D-Constrained Tree Decomposition #bags: 152 treewidth: 10 #vertices: 246
[INFO] aspmc: Dtree time:               1.0614943504333496
[INFO] aspmc: Compilation time:         0.0820150375366211
[INFO] aspmc: Preparation time:         0.000457763671875
[INFO] aspmc: Counting time:            0.8234329223632812
[INFO] aspmc: ------------------------------------------------------------
[0.5::edge(1,2)., 0.5::edge(1,3)., 0.816343623039356::edge(2,4)., 0.8285621451275564::edge(3,5)., 0.8780109837190632::edge(4,6)., 0.9710507923144887::edge(5,6)., 0.8081620481122697::edge(6,7)., 0.8346009914789065::edge(6,8)., 0.8564691055626658::edge(7,9)., path(X,X):-node(X)., path(X,Y):-path(X,Z),edge(Z,Y)., transmit(A,B):-path(A,B),node(A),node(B),not not_transmit(A,B)., not_transmit(A,B):-path(A,B),node(A),node(B),not transmit(A,B)., qr:-transmit(1,9)., node(1)., node(2)., node(3)., node(4)., node(5)., node(6)., node(7)., node(8)., node(9)., query(qr).]
tracc
nnf_construction_time: 3.0805249214172363
Pre simplification
number of sums: 511
number of prods: 545
0.85646911*v_21*(-v_26*v_28*v_30*v_31*v_34*v_36 + v_26*v_30*v_36 + v_28*v_31*v_34)
Post simplification
symp_time: 0.5935626029968262
number of sums: 2
number of subs: 1
number of prods: 11
opt_time: 7.254196882247925
     fun: 6.13727148031867
     jac: array([1., 1., 1., 1., 1., 1., 1.])
 message: 'Optimization terminated successfully'
    nfev: 19
     nit: 12
    njev: 12
  status: 0
 success: True
       x: array([0.86818164, 0.86818164, 0.86818164, 0.86818164, 0.86818164,
       0.86818164, 0.92818164])

real	0m11.904s
user	0m11.479s
sys	0m0.245s
Instance 8
[INFO] aspmc: Tree Decomposition #bags: 190 unfolded treewidth: 6 #vertices: 246
[INFO] aspmc: Preprocessing disabled
[INFO] aspmc:    Stats Compilation
[INFO] aspmc: ------------------------------------------------------------
[INFO] aspmc: X/D-Constrained Tree Decomposition #bags: 152 treewidth: 10 #vertices: 246
[INFO] aspmc: Dtree time:               1.0607969760894775
[INFO] aspmc: Compilation time:         0.0839543342590332
[INFO] aspmc: Preparation time:         0.00023603439331054688
[INFO] aspmc: Counting time:            0.8339354991912842
[INFO] aspmc: ------------------------------------------------------------
[0.5::edge(1,2)., 0.5::edge(1,3)., 0.816343623039356::edge(2,4)., 0.8285621451275564::edge(3,5)., 0.8780109837190632::edge(4,6)., 0.9710507923144887::edge(5,6)., 0.8081620481122697::edge(6,7)., 0.8346009914789065::edge(6,8)., 0.8564691055626658::edge(7,9)., path(X,X):-node(X)., path(X,Y):-path(X,Z),edge(Z,Y)., transmit(A,B):-path(A,B),node(A),node(B),not not_transmit(A,B)., not_transmit(A,B):-path(A,B),node(A),node(B),not transmit(A,B)., qr:-transmit(1,9)., node(1)., node(2)., node(3)., node(4)., node(5)., node(6)., node(7)., node(8)., node(9)., query(qr).]
tracc
nnf_construction_time: 3.0922961235046387
Pre simplification
number of sums: 511
number of prods: 545
0.85646911*v_21*(-v_26*v_28*v_30*v_31*v_34*v_36 + v_26*v_30*v_36 + v_28*v_31*v_34)
Post simplification
symp_time: 0.6340384483337402
number of sums: 2
number of subs: 1
number of prods: 11
opt_time: 10.298022508621216
     fun: 7.005453120351442
     jac: array([1., 1., 1., 1., 1., 1., 1., 1.])
 message: 'Optimization terminated successfully'
    nfev: 19
     nit: 12
    njev: 12
  status: 0
 success: True
       x: array([0.86818164, 0.86818164, 0.86818164, 0.86818164, 0.86818164,
       0.86818164, 0.92818164, 0.86818164])

real	0m15.195s
user	0m14.537s
sys	0m0.296s
Instance 9
[INFO] aspmc: Tree Decomposition #bags: 190 unfolded treewidth: 6 #vertices: 246
[INFO] aspmc: Preprocessing disabled
[INFO] aspmc:    Stats Compilation
[INFO] aspmc: ------------------------------------------------------------
[INFO] aspmc: X/D-Constrained Tree Decomposition #bags: 152 treewidth: 10 #vertices: 246
[INFO] aspmc: Dtree time:               1.0600004196166992
[INFO] aspmc: Compilation time:         0.08223557472229004
[INFO] aspmc: Preparation time:         0.00022339820861816406
[INFO] aspmc: Counting time:            0.8547320365905762
[INFO] aspmc: ------------------------------------------------------------
[0.5::edge(1,2)., 0.5::edge(1,3)., 0.816343623039356::edge(2,4)., 0.8285621451275564::edge(3,5)., 0.8780109837190632::edge(4,6)., 0.9710507923144887::edge(5,6)., 0.8081620481122697::edge(6,7)., 0.8346009914789065::edge(6,8)., 0.8564691055626658::edge(7,9)., path(X,X):-node(X)., path(X,Y):-path(X,Z),edge(Z,Y)., transmit(A,B):-path(A,B),node(A),node(B),not not_transmit(A,B)., not_transmit(A,B):-path(A,B),node(A),node(B),not transmit(A,B)., qr:-transmit(1,9)., node(1)., node(2)., node(3)., node(4)., node(5)., node(6)., node(7)., node(8)., node(9)., query(qr).]
tracc
nnf_construction_time: 3.109113931655884
Pre simplification
number of sums: 511
number of prods: 545
v_19*v_21*(-v_26*v_28*v_30*v_31*v_34*v_36 + v_26*v_30*v_36 + v_28*v_31*v_34)
Post simplification
symp_time: 0.6075236797332764
number of sums: 2
number of subs: 1
number of prods: 11
opt_time: 16.267192602157593
     fun: 7.755274922797131
     jac: array([1., 1., 1., 1., 1., 1., 1., 1., 1.])
 message: 'Optimization terminated successfully'
    nfev: 26
     nit: 15
    njev: 14
  status: 0
 success: True
       x: array([0.84836388, 0.84836388, 0.84836388, 0.84836388, 0.84836388,
       0.84836388, 0.90836388, 0.84836388, 0.90836388])

real	0m20.944s
user	0m20.493s
sys	0m0.262s
Ended at: 
Thu Dec  7 17:46:39 CET 2023
