Started at: 
Thu Dec  7 17:44:58 CET 2023
Instance 2
[INFO] aspmc: Tree Decomposition #bags: 190 unfolded treewidth: 6 #vertices: 246
[INFO] aspmc: Preprocessing disabled
[INFO] aspmc:    Stats Compilation
[INFO] aspmc: ------------------------------------------------------------
[INFO] aspmc: X/D-Constrained Tree Decomposition #bags: 152 treewidth: 10 #vertices: 246
[INFO] aspmc: Dtree time:               1.0701003074645996
[INFO] aspmc: Compilation time:         0.09462165832519531
[INFO] aspmc: Preparation time:         0.00029158592224121094
[INFO] aspmc: Counting time:            0.9548892974853516
[INFO] aspmc: ------------------------------------------------------------
[0.5::edge(1,2)., 0.5::edge(1,3)., 0.816343623039356::edge(2,4)., 0.8285621451275564::edge(3,5)., 0.8780109837190632::edge(4,6)., 0.9710507923144887::edge(5,6)., 0.8081620481122697::edge(6,7)., 0.8346009914789065::edge(6,8)., 0.8564691055626658::edge(7,9)., path(X,X):-node(X)., path(X,Y):-path(X,Z),edge(Z,Y)., transmit(A,B):-path(A,B),node(A),node(B),not not_transmit(A,B)., not_transmit(A,B):-path(A,B),node(A),node(B),not transmit(A,B)., qr:-transmit(1,9)., node(1)., node(2)., node(3)., node(4)., node(5)., node(6)., node(7)., node(8)., node(9)., query(qr).]
tracc
nnf_construction_time: 3.26743221282959
Pre simplification
number of sums: 511
number of prods: 545
-0.399162875810343*v_34*v_36 + 0.496115855281419*v_34 + 0.556899967976268*v_36
Post simplification
symp_time: 0.5091149806976318
number of sums: 2
number of subs: 1
number of prods: 4
opt_time: 0.0019741058349609375
     fun: 1.993839539341761
   maxcv: 0.04693534382090736
 message: 'Did not converge to a solution satisfying the constraints. See `maxcv` for magnitude of violation.'
    nfev: 15
  status: 4
 success: False
       x: array([0.99691977, 0.99691977])

real	0m5.278s
user	0m4.646s
sys	0m0.307s
Instance 3
[INFO] aspmc: Tree Decomposition #bags: 190 unfolded treewidth: 6 #vertices: 246
[INFO] aspmc: Preprocessing disabled
[INFO] aspmc:    Stats Compilation
[INFO] aspmc: ------------------------------------------------------------
[INFO] aspmc: X/D-Constrained Tree Decomposition #bags: 152 treewidth: 10 #vertices: 246
[INFO] aspmc: Dtree time:               1.0713140964508057
[INFO] aspmc: Compilation time:         0.09533357620239258
[INFO] aspmc: Preparation time:         0.00028204917907714844
[INFO] aspmc: Counting time:            0.9162795543670654
[INFO] aspmc: ------------------------------------------------------------
[0.5::edge(1,2)., 0.5::edge(1,3)., 0.816343623039356::edge(2,4)., 0.8285621451275564::edge(3,5)., 0.8780109837190632::edge(4,6)., 0.9710507923144887::edge(5,6)., 0.8081620481122697::edge(6,7)., 0.8346009914789065::edge(6,8)., 0.8564691055626658::edge(7,9)., path(X,X):-node(X)., path(X,Y):-path(X,Z),edge(Z,Y)., transmit(A,B):-path(A,B),node(A),node(B),not not_transmit(A,B)., not_transmit(A,B):-path(A,B),node(A),node(B),not transmit(A,B)., qr:-transmit(1,9)., node(1)., node(2)., node(3)., node(4)., node(5)., node(6)., node(7)., node(8)., node(9)., query(qr).]
tracc
nnf_construction_time: 3.216623306274414
Pre simplification
number of sums: 511
number of prods: 545
-0.488964286644811*v_31*v_34*v_36 + 0.607729200212796*v_31*v_34 + 0.556899967976268*v_36
Post simplification
symp_time: 0.6075229644775391
number of sums: 2
number of subs: 1
number of prods: 6
opt_time: 0.0035865306854248047
     fun: 2.9417516903830245
   maxcv: 0.0305863811472471
 message: 'Did not converge to a solution satisfying the constraints. See `maxcv` for magnitude of violation.'
    nfev: 21
  status: 4
 success: False
       x: array([0.9805839, 0.9805839, 0.9805839])

real	0m4.840s
user	0m4.452s
sys	0m0.261s
Instance 4
[INFO] aspmc: Tree Decomposition #bags: 190 unfolded treewidth: 6 #vertices: 246
[INFO] aspmc: Preprocessing disabled
[INFO] aspmc:    Stats Compilation
[INFO] aspmc: ------------------------------------------------------------
[INFO] aspmc: X/D-Constrained Tree Decomposition #bags: 152 treewidth: 10 #vertices: 246
[INFO] aspmc: Dtree time:               1.0710694789886475
[INFO] aspmc: Compilation time:         0.09560203552246094
[INFO] aspmc: Preparation time:         0.00027060508728027344
[INFO] aspmc: Counting time:            0.9740960597991943
[INFO] aspmc: ------------------------------------------------------------
[0.5::edge(1,2)., 0.5::edge(1,3)., 0.816343623039356::edge(2,4)., 0.8285621451275564::edge(3,5)., 0.8780109837190632::edge(4,6)., 0.9710507923144887::edge(5,6)., 0.8081620481122697::edge(6,7)., 0.8346009914789065::edge(6,8)., 0.8564691055626658::edge(7,9)., path(X,X):-node(X)., path(X,Y):-path(X,Z),edge(Z,Y)., transmit(A,B):-path(A,B),node(A),node(B),not not_transmit(A,B)., not_transmit(A,B):-path(A,B),node(A),node(B),not transmit(A,B)., qr:-transmit(1,9)., node(1)., node(2)., node(3)., node(4)., node(5)., node(6)., node(7)., node(8)., node(9)., query(qr).]
tracc
nnf_construction_time: 3.271092414855957
Pre simplification
number of sums: 511
number of prods: 545
-0.590135919972704*v_30*v_31*v_34*v_36 + 0.672128177682589*v_30*v_36 + 0.607729200212796*v_31*v_34
Post simplification
symp_time: 0.6342062950134277
number of sums: 2
number of subs: 1
number of prods: 8
opt_time: 0.005927324295043945
     fun: 3.874667466546447
   maxcv: 0.018666880369392902
 message: 'Did not converge to a solution satisfying the constraints. See `maxcv` for magnitude of violation.'
    nfev: 28
  status: 4
 success: False
       x: array([0.96866687, 0.96866687, 0.96866687, 0.96866687])

real	0m4.916s
user	0m4.523s
sys	0m0.260s
Instance 5
[INFO] aspmc: Tree Decomposition #bags: 190 unfolded treewidth: 6 #vertices: 246
[INFO] aspmc: Preprocessing disabled
[INFO] aspmc:    Stats Compilation
[INFO] aspmc: ------------------------------------------------------------
[INFO] aspmc: X/D-Constrained Tree Decomposition #bags: 152 treewidth: 10 #vertices: 246
[INFO] aspmc: Dtree time:               1.0699872970581055
[INFO] aspmc: Compilation time:         0.09496712684631348
[INFO] aspmc: Preparation time:         0.00026535987854003906
[INFO] aspmc: Counting time:            0.9338192939758301
[INFO] aspmc: ------------------------------------------------------------
[0.5::edge(1,2)., 0.5::edge(1,3)., 0.816343623039356::edge(2,4)., 0.8285621451275564::edge(3,5)., 0.8780109837190632::edge(4,6)., 0.9710507923144887::edge(5,6)., 0.8081620481122697::edge(6,7)., 0.8346009914789065::edge(6,8)., 0.8564691055626658::edge(7,9)., path(X,X):-node(X)., path(X,Y):-path(X,Z),edge(Z,Y)., transmit(A,B):-path(A,B),node(A),node(B),not not_transmit(A,B)., not_transmit(A,B):-path(A,B),node(A),node(B),not transmit(A,B)., qr:-transmit(1,9)., node(1)., node(2)., node(3)., node(4)., node(5)., node(6)., node(7)., node(8)., node(9)., query(qr).]
tracc
nnf_construction_time: 3.229233741760254
Pre simplification
number of sums: 511
number of prods: 545
-0.672128177682589*v_28*v_30*v_31*v_34*v_36 + 1.11022302462516e-16*v_28*v_31*v_34*v_36 + 0.692165831699275*v_28*v_31*v_34 + 0.672128177682589*v_30*v_36
Post simplification
symp_time: 0.6661145687103271
number of sums: 3
number of subs: 2
number of prods: 14
opt_time: 0.009535074234008789
     fun: 4.823296869561164
   maxcv: 0.014659373912232931
 message: 'Did not converge to a solution satisfying the constraints. See `maxcv` for magnitude of violation.'
    nfev: 34
  status: 4
 success: False
       x: array([0.96465937, 0.96465937, 0.96465937, 0.96465937, 0.96465937])

real	0m4.902s
user	0m4.500s
sys	0m0.269s
Instance 6
[INFO] aspmc: Tree Decomposition #bags: 190 unfolded treewidth: 6 #vertices: 246
[INFO] aspmc: Preprocessing disabled
[INFO] aspmc:    Stats Compilation
[INFO] aspmc: ------------------------------------------------------------
[INFO] aspmc: X/D-Constrained Tree Decomposition #bags: 152 treewidth: 10 #vertices: 246
[INFO] aspmc: Dtree time:               1.0699262619018555
[INFO] aspmc: Compilation time:         0.09709286689758301
[INFO] aspmc: Preparation time:         0.0002694129943847656
[INFO] aspmc: Counting time:            0.980872392654419
[INFO] aspmc: ------------------------------------------------------------
[0.5::edge(1,2)., 0.5::edge(1,3)., 0.816343623039356::edge(2,4)., 0.8285621451275564::edge(3,5)., 0.8780109837190632::edge(4,6)., 0.9710507923144887::edge(5,6)., 0.8081620481122697::edge(6,7)., 0.8346009914789065::edge(6,8)., 0.8564691055626658::edge(7,9)., path(X,X):-node(X)., path(X,Y):-path(X,Z),edge(Z,Y)., transmit(A,B):-path(A,B),node(A),node(B),not not_transmit(A,B)., not_transmit(A,B):-path(A,B),node(A),node(B),not transmit(A,B)., qr:-transmit(1,9)., node(1)., node(2)., node(3)., node(4)., node(5)., node(6)., node(7)., node(8)., node(9)., query(qr).]
tracc
nnf_construction_time: 3.280885934829712
Pre simplification
number of sums: 511
number of prods: 545
-0.692165831699275*v_26*v_28*v_30*v_31*v_34*v_36 + 0.692165831699275*v_26*v_30*v_36 + 0.692165831699275*v_28*v_31*v_34
Post simplification
symp_time: 0.6948521137237549
number of sums: 2
number of subs: 1
number of prods: 12
opt_time: 0.018194913864135742
     fun: 5.789769368721779
   maxcv: 0.014961561453630035
 message: 'Did not converge to a solution satisfying the constraints. See `maxcv` for magnitude of violation.'
    nfev: 50
  status: 4
 success: False
       x: array([0.96496156, 0.96496156, 0.96496156, 0.96496156, 0.96496156,
       0.96496156])

real	0m5.015s
user	0m4.611s
sys	0m0.260s
Instance 7
[INFO] aspmc: Tree Decomposition #bags: 190 unfolded treewidth: 6 #vertices: 246
[INFO] aspmc: Preprocessing disabled
[INFO] aspmc:    Stats Compilation
[INFO] aspmc: ------------------------------------------------------------
[INFO] aspmc: X/D-Constrained Tree Decomposition #bags: 152 treewidth: 10 #vertices: 246
[INFO] aspmc: Dtree time:               1.0711956024169922
[INFO] aspmc: Compilation time:         0.096954345703125
[INFO] aspmc: Preparation time:         0.0002796649932861328
[INFO] aspmc: Counting time:            0.9328689575195312
[INFO] aspmc: ------------------------------------------------------------
[0.5::edge(1,2)., 0.5::edge(1,3)., 0.816343623039356::edge(2,4)., 0.8285621451275564::edge(3,5)., 0.8780109837190632::edge(4,6)., 0.9710507923144887::edge(5,6)., 0.8081620481122697::edge(6,7)., 0.8346009914789065::edge(6,8)., 0.8564691055626658::edge(7,9)., path(X,X):-node(X)., path(X,Y):-path(X,Z),edge(Z,Y)., transmit(A,B):-path(A,B),node(A),node(B),not not_transmit(A,B)., not_transmit(A,B):-path(A,B),node(A),node(B),not transmit(A,B)., qr:-transmit(1,9)., node(1)., node(2)., node(3)., node(4)., node(5)., node(6)., node(7)., node(8)., node(9)., query(qr).]
tracc
nnf_construction_time: 3.2338616847991943
Pre simplification
number of sums: 511
number of prods: 545
0.85646911*v_21*(-v_26*v_28*v_30*v_31*v_34*v_36 + v_26*v_30*v_36 + v_28*v_31*v_34)
Post simplification
symp_time: 0.6935968399047852
number of sums: 2
number of subs: 1
number of prods: 11
opt_time: 0.04058527946472168
     fun: 4.992668095027422
   maxcv: 7.788963585220188e-09
 message: 'Optimization terminated successfully.'
    nfev: 112
  status: 1
 success: True
       x: array([0.4       , 0.94748905, 0.4       , 0.94763085, 0.4       ,
       0.9475482 , 0.95      ])

real	0m4.993s
user	0m4.600s
sys	0m0.239s
Instance 8
[INFO] aspmc: Tree Decomposition #bags: 190 unfolded treewidth: 6 #vertices: 246
[INFO] aspmc: Preprocessing disabled
[INFO] aspmc:    Stats Compilation
[INFO] aspmc: ------------------------------------------------------------
[INFO] aspmc: X/D-Constrained Tree Decomposition #bags: 152 treewidth: 10 #vertices: 246
[INFO] aspmc: Dtree time:               1.0702459812164307
[INFO] aspmc: Compilation time:         0.09513664245605469
[INFO] aspmc: Preparation time:         0.0003123283386230469
[INFO] aspmc: Counting time:            0.9279139041900635
[INFO] aspmc: ------------------------------------------------------------
[0.5::edge(1,2)., 0.5::edge(1,3)., 0.816343623039356::edge(2,4)., 0.8285621451275564::edge(3,5)., 0.8780109837190632::edge(4,6)., 0.9710507923144887::edge(5,6)., 0.8081620481122697::edge(6,7)., 0.8346009914789065::edge(6,8)., 0.8564691055626658::edge(7,9)., path(X,X):-node(X)., path(X,Y):-path(X,Z),edge(Z,Y)., transmit(A,B):-path(A,B),node(A),node(B),not not_transmit(A,B)., not_transmit(A,B):-path(A,B),node(A),node(B),not transmit(A,B)., qr:-transmit(1,9)., node(1)., node(2)., node(3)., node(4)., node(5)., node(6)., node(7)., node(8)., node(9)., query(qr).]
tracc
nnf_construction_time: 3.2259581089019775
Pre simplification
number of sums: 511
number of prods: 545
0.85646911*v_21*(-v_26*v_28*v_30*v_31*v_34*v_36 + v_26*v_30*v_36 + v_28*v_31*v_34)
Post simplification
symp_time: 0.7275018692016602
number of sums: 2
number of subs: 1
number of prods: 11
opt_time: 0.05027413368225098
     fun: 5.392668090340076
   maxcv: 8.663923578566823e-09
 message: 'Optimization terminated successfully.'
    nfev: 123
  status: 1
 success: True
       x: array([0.4       , 0.94755552, 0.4       , 0.94759922, 0.4       ,
       0.94751335, 0.95      , 0.4       ])

real	0m5.021s
user	0m4.583s
sys	0m0.284s
Instance 9
[INFO] aspmc: Tree Decomposition #bags: 190 unfolded treewidth: 6 #vertices: 246
[INFO] aspmc: Preprocessing disabled
[INFO] aspmc:    Stats Compilation
[INFO] aspmc: ------------------------------------------------------------
[INFO] aspmc: X/D-Constrained Tree Decomposition #bags: 152 treewidth: 10 #vertices: 246
[INFO] aspmc: Dtree time:               1.069589376449585
[INFO] aspmc: Compilation time:         0.09529447555541992
[INFO] aspmc: Preparation time:         0.0002834796905517578
[INFO] aspmc: Counting time:            0.9381060600280762
[INFO] aspmc: ------------------------------------------------------------
[0.5::edge(1,2)., 0.5::edge(1,3)., 0.816343623039356::edge(2,4)., 0.8285621451275564::edge(3,5)., 0.8780109837190632::edge(4,6)., 0.9710507923144887::edge(5,6)., 0.8081620481122697::edge(6,7)., 0.8346009914789065::edge(6,8)., 0.8564691055626658::edge(7,9)., path(X,X):-node(X)., path(X,Y):-path(X,Z),edge(Z,Y)., transmit(A,B):-path(A,B),node(A),node(B),not not_transmit(A,B)., not_transmit(A,B):-path(A,B),node(A),node(B),not transmit(A,B)., qr:-transmit(1,9)., node(1)., node(2)., node(3)., node(4)., node(5)., node(6)., node(7)., node(8)., node(9)., query(qr).]
tracc
nnf_construction_time: 3.2364370822906494
Pre simplification
number of sums: 511
number of prods: 545
v_19*v_21*(-v_26*v_28*v_30*v_31*v_34*v_36 + v_26*v_30*v_36 + v_28*v_31*v_34)
Post simplification
symp_time: 0.7143099308013916
number of sums: 2
number of subs: 1
number of prods: 11
opt_time: 0.06476569175720215
     fun: 6.238079269248056
   maxcv: 1.5473414327615842e-08
 message: 'Optimization terminated successfully.'
    nfev: 135
  status: 1
 success: True
       x: array([0.4       , 0.91268435, 0.4       , 0.91258946, 0.4       ,
       0.91280545, 0.95      , 0.4       , 0.95      ])

real	0m5.058s
user	0m4.645s
sys	0m0.249s
Ended at: 
Thu Dec  7 17:45:38 CET 2023
