Started at: 
Thu Dec  7 17:50:18 CET 2023
Instance 2
[INFO] aspmc: Tree Decomposition #bags: 355 unfolded treewidth: 10 #vertices: 448
[INFO] aspmc: Preprocessing disabled
[INFO] aspmc:    Stats Compilation
[INFO] aspmc: ------------------------------------------------------------
[INFO] aspmc: X/D-Constrained Tree Decomposition #bags: 281 treewidth: 14 #vertices: 448
[INFO] aspmc: Dtree time:               1.1482210159301758
[INFO] aspmc: Compilation time:         1.8383519649505615
[INFO] aspmc: Preparation time:         0.0004756450653076172
[INFO] aspmc: Counting time:            7.769189119338989
[INFO] aspmc: ------------------------------------------------------------
[0.5::edge(1,2)., 0.5::edge(1,3)., 0.8121440014439971::edge(2,4)., 0.9318293737581665::edge(3,5)., 0.9615464115892465::edge(4,6)., 0.9624207154646245::edge(5,6)., 0.8785836646800782::edge(6,7)., 0.994983574039669::edge(6,8)., 0.840237422823531::edge(7,9)., 0.877123958103951::edge(8,9)., 0.8281664113721792::edge(9,10)., 0.8945639242705665::edge(9,11)., 0.9448434461234041::edge(10,12)., path(X,X):-node(X)., path(X,Y):-path(X,Z),edge(Z,Y)., transmit(A,B):-path(A,B),node(A),node(B),not not_transmit(A,B)., not_transmit(A,B):-path(A,B),node(A),node(B),not transmit(A,B)., qr:-transmit(1,12)., node(1)., node(2)., node(3)., node(4)., node(5)., node(6)., node(7)., node(8)., node(9)., node(10)., node(11)., node(12)., query(qr).]
tracc
nnf_construction_time: 11.918163061141968
Pre simplification
number of sums: 8191
number of prods: 8508
-0.529743379096392*v_47*v_49 + 0.590696201865217*v_47 + 0.678363147501427*v_49
Post simplification
symp_time: 5.456892490386963
number of sums: 2
number of subs: 1
number of prods: 4
opt_time: 0.002004384994506836
     fun: 1.5853501273104742
   maxcv: 0.0
 message: 'Optimization terminated successfully.'
    nfev: 15
  status: 1
 success: True
       x: array([0.63535013, 0.95      ])

real	0m18.593s
user	0m17.300s
sys	0m1.161s
Instance 3
[INFO] aspmc: Tree Decomposition #bags: 355 unfolded treewidth: 10 #vertices: 448
[INFO] aspmc: Preprocessing disabled
[INFO] aspmc:    Stats Compilation
[INFO] aspmc: ------------------------------------------------------------
[INFO] aspmc: X/D-Constrained Tree Decomposition #bags: 281 treewidth: 14 #vertices: 448
[INFO] aspmc: Dtree time:               1.1518220901489258
[INFO] aspmc: Compilation time:         1.8345084190368652
[INFO] aspmc: Preparation time:         0.0004932880401611328
[INFO] aspmc: Counting time:            7.647076606750488
[INFO] aspmc: ------------------------------------------------------------
[0.5::edge(1,2)., 0.5::edge(1,3)., 0.8121440014439971::edge(2,4)., 0.9318293737581665::edge(3,5)., 0.9615464115892465::edge(4,6)., 0.9624207154646245::edge(5,6)., 0.8785836646800782::edge(6,7)., 0.994983574039669::edge(6,8)., 0.840237422823531::edge(7,9)., 0.877123958103951::edge(8,9)., 0.8281664113721792::edge(9,10)., 0.8945639242705665::edge(9,11)., 0.9448434461234041::edge(10,12)., path(X,X):-node(X)., path(X,Y):-path(X,Z),edge(Z,Y)., transmit(A,B):-path(A,B),node(A),node(B),not not_transmit(A,B)., not_transmit(A,B):-path(A,B),node(A),node(B),not transmit(A,B)., qr:-transmit(1,12)., node(1)., node(2)., node(3)., node(4)., node(5)., node(6)., node(7)., node(8)., node(9)., node(10)., node(11)., node(12)., query(qr).]
tracc
nnf_construction_time: 11.801069974899292
Pre simplification
number of sums: 8191
number of prods: 8508
-0.652277649156297*v_46*v_47*v_49 + 0.727329392158554*v_46*v_47 - 1.11022302462516e-16*v_46*v_49 + 0.678363147501427*v_49
Post simplification
symp_time: 5.618670463562012
number of sums: 2
number of subs: 3
number of prods: 8
opt_time: 0.009385824203491211
     fun: 2.386656933670373
   maxcv: 1.0764887869996187e-09
 message: 'Optimization terminated successfully.'
    nfev: 57
  status: 1
 success: True
       x: array([0.71837816, 0.95      , 0.71827877])

real	0m18.561s
user	0m17.314s
sys	0m1.102s
Instance 4
[INFO] aspmc: Tree Decomposition #bags: 355 unfolded treewidth: 10 #vertices: 448
[INFO] aspmc: Preprocessing disabled
[INFO] aspmc:    Stats Compilation
[INFO] aspmc: ------------------------------------------------------------
[INFO] aspmc: X/D-Constrained Tree Decomposition #bags: 281 treewidth: 14 #vertices: 448
[INFO] aspmc: Dtree time:               1.1494405269622803
[INFO] aspmc: Compilation time:         1.834702491760254
[INFO] aspmc: Preparation time:         0.0004756450653076172
[INFO] aspmc: Counting time:            7.989295721054077
[INFO] aspmc: ------------------------------------------------------------
[0.5::edge(1,2)., 0.5::edge(1,3)., 0.8121440014439971::edge(2,4)., 0.9318293737581665::edge(3,5)., 0.9615464115892465::edge(4,6)., 0.9624207154646245::edge(5,6)., 0.8785836646800782::edge(6,7)., 0.994983574039669::edge(6,8)., 0.840237422823531::edge(7,9)., 0.877123958103951::edge(8,9)., 0.8281664113721792::edge(9,10)., 0.8945639242705665::edge(9,11)., 0.9448434461234041::edge(10,12)., path(X,X):-node(X)., path(X,Y):-path(X,Z),edge(Z,Y)., transmit(A,B):-path(A,B),node(A),node(B),not not_transmit(A,B)., not_transmit(A,B):-path(A,B),node(A),node(B),not transmit(A,B)., qr:-transmit(1,12)., node(1)., node(2)., node(3)., node(4)., node(5)., node(6)., node(7)., node(8)., node(9)., node(10)., node(11)., node(12)., query(qr).]
tracc
nnf_construction_time: 12.14434814453125
Pre simplification
number of sums: 8191
number of prods: 8508
-0.699996877278398*v_43*v_46*v_47*v_49 + 0.727990734506927*v_43*v_49 + 0.727329392158555*v_46*v_47
Post simplification
symp_time: 5.658930778503418
number of sums: 2
number of subs: 1
number of prods: 8
opt_time: 0.015106201171875
     fun: 3.241272144766592
   maxcv: 9.603730033447277e-10
 message: 'Optimization terminated successfully.'
    nfev: 70
  status: 1
 success: True
       x: array([0.67065476, 0.95      , 0.67061739, 0.95      ])

real	0m18.958s
user	0m17.689s
sys	0m1.130s
Instance 5
[INFO] aspmc: Tree Decomposition #bags: 355 unfolded treewidth: 10 #vertices: 448
[INFO] aspmc: Preprocessing disabled
[INFO] aspmc:    Stats Compilation
[INFO] aspmc: ------------------------------------------------------------
[INFO] aspmc: X/D-Constrained Tree Decomposition #bags: 281 treewidth: 14 #vertices: 448
[INFO] aspmc: Dtree time:               1.1576716899871826
[INFO] aspmc: Compilation time:         1.8360896110534668
[INFO] aspmc: Preparation time:         0.0005235671997070312
[INFO] aspmc: Counting time:            7.522499322891235
[INFO] aspmc: ------------------------------------------------------------
[0.5::edge(1,2)., 0.5::edge(1,3)., 0.8121440014439971::edge(2,4)., 0.9318293737581665::edge(3,5)., 0.9615464115892465::edge(4,6)., 0.9624207154646245::edge(5,6)., 0.8785836646800782::edge(6,7)., 0.994983574039669::edge(6,8)., 0.840237422823531::edge(7,9)., 0.877123958103951::edge(8,9)., 0.8281664113721792::edge(9,10)., 0.8945639242705665::edge(9,11)., 0.9448434461234041::edge(10,12)., path(X,X):-node(X)., path(X,Y):-path(X,Z),edge(Z,Y)., transmit(A,B):-path(A,B),node(A),node(B),not not_transmit(A,B)., not_transmit(A,B):-path(A,B),node(A),node(B),not transmit(A,B)., qr:-transmit(1,12)., node(1)., node(2)., node(3)., node(4)., node(5)., node(6)., node(7)., node(8)., node(9)., node(10)., node(11)., node(12)., query(qr).]
tracc
nnf_construction_time: 11.68204951286316
Pre simplification
number of sums: 8191
number of prods: 8508
-0.727990734506927*v_41*v_43*v_46*v_47*v_49 + 0.75641631500507*v_41*v_46*v_47 + 0.727990734506927*v_43*v_49
Post simplification
symp_time: 5.635268449783325
number of sums: 2
number of subs: 1
number of prods: 10
opt_time: 0.025325536727905273
     fun: 4.168659295570712
   maxcv: 7.381213418256038e-10
 message: 'Optimization terminated successfully.'
    nfev: 99
  status: 1
 success: True
       x: array([0.75618445, 0.95      , 0.7562445 , 0.95      , 0.75623034])

real	0m18.516s
user	0m17.161s
sys	0m1.168s
Instance 6
[INFO] aspmc: Tree Decomposition #bags: 355 unfolded treewidth: 10 #vertices: 448
[INFO] aspmc: Preprocessing disabled
[INFO] aspmc:    Stats Compilation
[INFO] aspmc: ------------------------------------------------------------
[INFO] aspmc: X/D-Constrained Tree Decomposition #bags: 281 treewidth: 14 #vertices: 448
[INFO] aspmc: Dtree time:               1.150968074798584
[INFO] aspmc: Compilation time:         1.831770658493042
[INFO] aspmc: Preparation time:         0.00044608116149902344
[INFO] aspmc: Counting time:            8.134921550750732
[INFO] aspmc: ------------------------------------------------------------
[0.5::edge(1,2)., 0.5::edge(1,3)., 0.8121440014439971::edge(2,4)., 0.9318293737581665::edge(3,5)., 0.9615464115892465::edge(4,6)., 0.9624207154646245::edge(5,6)., 0.8785836646800782::edge(6,7)., 0.994983574039669::edge(6,8)., 0.840237422823531::edge(7,9)., 0.877123958103951::edge(8,9)., 0.8281664113721792::edge(9,10)., 0.8945639242705665::edge(9,11)., 0.9448434461234041::edge(10,12)., path(X,X):-node(X)., path(X,Y):-path(X,Z),edge(Z,Y)., transmit(A,B):-path(A,B),node(A),node(B),not not_transmit(A,B)., not_transmit(A,B):-path(A,B),node(A),node(B),not transmit(A,B)., qr:-transmit(1,12)., node(1)., node(2)., node(3)., node(4)., node(5)., node(6)., node(7)., node(8)., node(9)., node(10)., node(11)., node(12)., query(qr).]
tracc
nnf_construction_time: 12.286146402359009
Pre simplification
number of sums: 8191
number of prods: 8508
-0.75641631500507*v_40*v_41*v_43*v_46*v_47*v_49 + 0.75641631500507*v_40*v_43*v_49 + 0.75641631500507*v_41*v_46*v_47
Post simplification
symp_time: 5.733896017074585
number of sums: 2
number of subs: 1
number of prods: 12
opt_time: 0.03883957862854004
     fun: 5.194122320576775
   maxcv: 9.396449174303712e-10
 message: 'Optimization terminated successfully.'
    nfev: 114
  status: 1
 success: True
       x: array([0.95      , 0.78135415, 0.95      , 0.78145335, 0.95      ,
       0.78131482])

real	0m19.226s
user	0m17.922s
sys	0m1.147s
Instance 7
[INFO] aspmc: Tree Decomposition #bags: 355 unfolded treewidth: 10 #vertices: 448
[INFO] aspmc: Preprocessing disabled
[INFO] aspmc:    Stats Compilation
[INFO] aspmc: ------------------------------------------------------------
[INFO] aspmc: X/D-Constrained Tree Decomposition #bags: 281 treewidth: 14 #vertices: 448
[INFO] aspmc: Dtree time:               1.1528091430664062
[INFO] aspmc: Compilation time:         1.8390917778015137
[INFO] aspmc: Preparation time:         0.00046944618225097656
[INFO] aspmc: Counting time:            7.556751489639282
[INFO] aspmc: ------------------------------------------------------------
[0.5::edge(1,2)., 0.5::edge(1,3)., 0.8121440014439971::edge(2,4)., 0.9318293737581665::edge(3,5)., 0.9615464115892465::edge(4,6)., 0.9624207154646245::edge(5,6)., 0.8785836646800782::edge(6,7)., 0.994983574039669::edge(6,8)., 0.840237422823531::edge(7,9)., 0.877123958103951::edge(8,9)., 0.8281664113721792::edge(9,10)., 0.8945639242705665::edge(9,11)., 0.9448434461234041::edge(10,12)., path(X,X):-node(X)., path(X,Y):-path(X,Z),edge(Z,Y)., transmit(A,B):-path(A,B),node(A),node(B),not not_transmit(A,B)., not_transmit(A,B):-path(A,B),node(A),node(B),not transmit(A,B)., qr:-transmit(1,12)., node(1)., node(2)., node(3)., node(4)., node(5)., node(6)., node(7)., node(8)., node(9)., node(10)., node(11)., node(12)., query(qr).]
tracc
nnf_construction_time: 11.717960834503174
Pre simplification
number of sums: 8191
number of prods: 8508
(0.0836808817011908*v_36 + 0.682895659688011)*(v_40*(v_41*(v_43*(v_46*(v_47 - v_49*(v_47 - 1)) - v_49*(v_46 - 1)) - v_46*v_47*(v_43 - 1)) - v_43*v_49*(v_41 - 1)) - v_41*v_46*v_47*(v_40 - 1))
Post simplification
symp_time: 5.873666048049927
number of sums: 1
number of subs: 10
number of prods: 15
opt_time: 0.044059038162231445
     fun: 6.080391042468137
   maxcv: 2.026615764094686e-09
 message: 'Optimization terminated successfully.'
    nfev: 110
  status: 1
 success: True
       x: array([0.95      , 0.94339037, 0.95      , 0.94346717, 0.95      ,
       0.9435335 , 0.4       ])

real	0m18.770s
user	0m17.488s
sys	0m1.138s
Instance 8
[INFO] aspmc: Tree Decomposition #bags: 355 unfolded treewidth: 10 #vertices: 448
[INFO] aspmc: Preprocessing disabled
[INFO] aspmc:    Stats Compilation
[INFO] aspmc: ------------------------------------------------------------
[INFO] aspmc: X/D-Constrained Tree Decomposition #bags: 281 treewidth: 14 #vertices: 448
[INFO] aspmc: Dtree time:               1.150343418121338
[INFO] aspmc: Compilation time:         1.8313963413238525
[INFO] aspmc: Preparation time:         0.0005125999450683594
[INFO] aspmc: Counting time:            7.997052192687988
[INFO] aspmc: ------------------------------------------------------------
[0.5::edge(1,2)., 0.5::edge(1,3)., 0.8121440014439971::edge(2,4)., 0.9318293737581665::edge(3,5)., 0.9615464115892465::edge(4,6)., 0.9624207154646245::edge(5,6)., 0.8785836646800782::edge(6,7)., 0.994983574039669::edge(6,8)., 0.840237422823531::edge(7,9)., 0.877123958103951::edge(8,9)., 0.8281664113721792::edge(9,10)., 0.8945639242705665::edge(9,11)., 0.9448434461234041::edge(10,12)., path(X,X):-node(X)., path(X,Y):-path(X,Z),edge(Z,Y)., transmit(A,B):-path(A,B),node(A),node(B),not not_transmit(A,B)., not_transmit(A,B):-path(A,B),node(A),node(B),not transmit(A,B)., qr:-transmit(1,12)., node(1)., node(2)., node(3)., node(4)., node(5)., node(6)., node(7)., node(8)., node(9)., node(10)., node(11)., node(12)., query(qr).]
tracc
nnf_construction_time: 12.142083883285522
Pre simplification
number of sums: 8191
number of prods: 8508
0.576687399195398*v_36*v_37*v_40*v_41*v_43*v_46*v_47*v_49 - 0.576687399195398*v_36*v_37*v_40*v_43*v_49 - 0.576687399195398*v_36*v_37*v_41*v_46*v_47 - 0.657475368926643*v_36*v_40*v_41*v_43*v_46*v_47*v_49 + 0.657475368926643*v_36*v_40*v_43*v_49 + 0.657475368926643*v_36*v_41*v_46*v_47 - 0.686338629378585*v_37*v_40*v_41*v_43*v_46*v_47*v_49 + 0.686338629378585*v_37*v_40*v_43*v_49 + 0.686338629378585*v_37*v_41*v_46*v_47
Post simplification
symp_time: 5.943084716796875
number of sums: 4
number of subs: 4
number of prods: 48
opt_time: 0.07225561141967773
     fun: 7.097678196681441
   maxcv: 8.034635179399174e-10
 message: 'Optimization terminated successfully.'
    nfev: 152
  status: 1
 success: True
       x: array([0.78249554, 0.95      , 0.78263009, 0.95      , 0.78255257,
       0.95      , 0.95      , 0.95      ])

real	0m19.294s
user	0m18.056s
sys	0m1.081s
Instance 9
[INFO] aspmc: Tree Decomposition #bags: 355 unfolded treewidth: 10 #vertices: 448
[INFO] aspmc: Preprocessing disabled
[INFO] aspmc:    Stats Compilation
[INFO] aspmc: ------------------------------------------------------------
[INFO] aspmc: X/D-Constrained Tree Decomposition #bags: 281 treewidth: 14 #vertices: 448
[INFO] aspmc: Dtree time:               1.154287338256836
[INFO] aspmc: Compilation time:         1.8211848735809326
[INFO] aspmc: Preparation time:         0.0005066394805908203
[INFO] aspmc: Counting time:            7.7449891567230225
[INFO] aspmc: ------------------------------------------------------------
[0.5::edge(1,2)., 0.5::edge(1,3)., 0.8121440014439971::edge(2,4)., 0.9318293737581665::edge(3,5)., 0.9615464115892465::edge(4,6)., 0.9624207154646245::edge(5,6)., 0.8785836646800782::edge(6,7)., 0.994983574039669::edge(6,8)., 0.840237422823531::edge(7,9)., 0.877123958103951::edge(8,9)., 0.8281664113721792::edge(9,10)., 0.8945639242705665::edge(9,11)., 0.9448434461234041::edge(10,12)., path(X,X):-node(X)., path(X,Y):-path(X,Z),edge(Z,Y)., transmit(A,B):-path(A,B),node(A),node(B),not not_transmit(A,B)., not_transmit(A,B):-path(A,B),node(A),node(B),not transmit(A,B)., qr:-transmit(1,12)., node(1)., node(2)., node(3)., node(4)., node(5)., node(6)., node(7)., node(8)., node(9)., node(10)., node(11)., node(12)., query(qr).]
tracc
nnf_construction_time: 11.886780261993408
Pre simplification
number of sums: 8191
number of prods: 8508
0.686338629378585*v_33*v_36*v_37*v_40*v_41*v_43*v_46*v_47*v_49 - 0.686338629378585*v_33*v_36*v_37*v_40*v_43*v_49 - 0.686338629378585*v_33*v_36*v_37*v_41*v_46*v_47 - 0.782487607998515*v_33*v_36*v_40*v_41*v_43*v_46*v_47*v_49 + 0.782487607998515*v_33*v_36*v_40*v_43*v_49 + 0.782487607998515*v_33*v_36*v_41*v_46*v_47 - 0.686338629378585*v_37*v_40*v_41*v_43*v_46*v_47*v_49 + 0.686338629378585*v_37*v_40*v_43*v_49 + 0.686338629378585*v_37*v_41*v_46*v_47
Post simplification
symp_time: 5.766940116882324
number of sums: 4
number of subs: 4
number of prods: 54
opt_time: 0.07398295402526855
     fun: 8.034419357441788
   maxcv: 1.2781371516723539e-09
 message: 'Optimization terminated successfully.'
    nfev: 133
  status: 1
 success: True
       x: array([0.95      , 0.95      , 0.95      , 0.95      , 0.95      ,
       0.95      , 0.69226847, 0.95      , 0.69215089])

real	0m18.843s
user	0m17.540s
sys	0m1.144s
Instance 10
[INFO] aspmc: Tree Decomposition #bags: 355 unfolded treewidth: 10 #vertices: 448
[INFO] aspmc: Preprocessing disabled
[INFO] aspmc:    Stats Compilation
[INFO] aspmc: ------------------------------------------------------------
[INFO] aspmc: X/D-Constrained Tree Decomposition #bags: 281 treewidth: 14 #vertices: 448
[INFO] aspmc: Dtree time:               1.143489122390747
[INFO] aspmc: Compilation time:         1.717411994934082
[INFO] aspmc: Preparation time:         0.0005102157592773438
[INFO] aspmc: Counting time:            7.3950018882751465
[INFO] aspmc: ------------------------------------------------------------
[0.5::edge(1,2)., 0.5::edge(1,3)., 0.8121440014439971::edge(2,4)., 0.9318293737581665::edge(3,5)., 0.9615464115892465::edge(4,6)., 0.9624207154646245::edge(5,6)., 0.8785836646800782::edge(6,7)., 0.994983574039669::edge(6,8)., 0.840237422823531::edge(7,9)., 0.877123958103951::edge(8,9)., 0.8281664113721792::edge(9,10)., 0.8945639242705665::edge(9,11)., 0.9448434461234041::edge(10,12)., path(X,X):-node(X)., path(X,Y):-path(X,Z),edge(Z,Y)., transmit(A,B):-path(A,B),node(A),node(B),not not_transmit(A,B)., not_transmit(A,B):-path(A,B),node(A),node(B),not transmit(A,B)., qr:-transmit(1,12)., node(1)., node(2)., node(3)., node(4)., node(5)., node(6)., node(7)., node(8)., node(9)., node(10)., node(11)., node(12)., query(qr).]
tracc
nnf_construction_time: 11.412668228149414
Pre simplification
number of sums: 8191
number of prods: 8508
0.782487607998515*v_31*v_33*v_36*v_37*v_40*v_41*v_43*v_46*v_47*v_49 - 0.782487607998515*v_31*v_33*v_36*v_37*v_40*v_43*v_49 - 0.782487607998515*v_31*v_33*v_36*v_37*v_41*v_46*v_47 - 0.782487607998515*v_31*v_37*v_40*v_41*v_43*v_46*v_47*v_49 + 0.782487607998515*v_31*v_37*v_40*v_43*v_49 + 0.782487607998515*v_31*v_37*v_41*v_46*v_47 - 0.782487607998515*v_33*v_36*v_40*v_41*v_43*v_46*v_47*v_49 + 0.782487607998515*v_33*v_36*v_40*v_43*v_49 + 0.782487607998515*v_33*v_36*v_41*v_46*v_47
Post simplification
symp_time: 5.790043115615845
number of sums: 4
number of subs: 4
number of prods: 60
opt_time: 0.12068653106689453
     fun: 8.704270552479247
   maxcv: 7.571533400252406e-10
 message: 'Optimization terminated successfully.'
    nfev: 192
  status: 1
 success: True
       x: array([0.68479869, 0.95      , 0.68468267, 0.95      , 0.6847892 ,
       0.95      , 0.95      , 0.95      , 0.95      , 0.95      ])

real	0m18.428s
user	0m17.208s
sys	0m1.058s
Instance 11
[INFO] aspmc: Tree Decomposition #bags: 355 unfolded treewidth: 10 #vertices: 448
[INFO] aspmc: Preprocessing disabled
[INFO] aspmc:    Stats Compilation
[INFO] aspmc: ------------------------------------------------------------
[INFO] aspmc: X/D-Constrained Tree Decomposition #bags: 281 treewidth: 14 #vertices: 448
[INFO] aspmc: Dtree time:               1.144254207611084
[INFO] aspmc: Compilation time:         1.7174978256225586
[INFO] aspmc: Preparation time:         0.0005004405975341797
[INFO] aspmc: Counting time:            7.487860918045044
[INFO] aspmc: ------------------------------------------------------------
[0.5::edge(1,2)., 0.5::edge(1,3)., 0.8121440014439971::edge(2,4)., 0.9318293737581665::edge(3,5)., 0.9615464115892465::edge(4,6)., 0.9624207154646245::edge(5,6)., 0.8785836646800782::edge(6,7)., 0.994983574039669::edge(6,8)., 0.840237422823531::edge(7,9)., 0.877123958103951::edge(8,9)., 0.8281664113721792::edge(9,10)., 0.8945639242705665::edge(9,11)., 0.9448434461234041::edge(10,12)., path(X,X):-node(X)., path(X,Y):-path(X,Z),edge(Z,Y)., transmit(A,B):-path(A,B),node(A),node(B),not not_transmit(A,B)., not_transmit(A,B):-path(A,B),node(A),node(B),not transmit(A,B)., qr:-transmit(1,12)., node(1)., node(2)., node(3)., node(4)., node(5)., node(6)., node(7)., node(8)., node(9)., node(10)., node(11)., node(12)., query(qr).]
tracc
nnf_construction_time: 11.510623693466187
Pre simplification
number of sums: 8191
number of prods: 8508
0.94484345*v_28*(v_31*v_33*v_36*v_37*v_40*v_41*v_43*v_46*v_47*v_49 - v_31*v_33*v_36*v_37*v_40*v_43*v_49 - v_31*v_33*v_36*v_37*v_41*v_46*v_47 - v_31*v_37*v_40*v_41*v_43*v_46*v_47*v_49 + v_31*v_37*v_40*v_43*v_49 + v_31*v_37*v_41*v_46*v_47 - v_33*v_36*v_40*v_41*v_43*v_46*v_47*v_49 + v_33*v_36*v_40*v_43*v_49 + v_33*v_36*v_41*v_46*v_47)
Post simplification
symp_time: 5.9019880294799805
number of sums: 4
number of subs: 4
number of prods: 53
opt_time: 0.0964972972869873
     fun: 7.677186511804231
   maxcv: 6.53353959823022e-09
 message: 'Optimization terminated successfully.'
    nfev: 142
  status: 1
 success: True
       x: array([0.95      , 0.4       , 0.95      , 0.4       , 0.95      ,
       0.4       , 0.93860529, 0.4       , 0.93858122, 0.4       ,
       0.95      ])

real	0m18.619s
user	0m17.416s
sys	0m1.043s
Instance 12
[INFO] aspmc: Tree Decomposition #bags: 355 unfolded treewidth: 10 #vertices: 448
[INFO] aspmc: Preprocessing disabled
[INFO] aspmc:    Stats Compilation
[INFO] aspmc: ------------------------------------------------------------
[INFO] aspmc: X/D-Constrained Tree Decomposition #bags: 281 treewidth: 14 #vertices: 448
[INFO] aspmc: Dtree time:               1.1438343524932861
[INFO] aspmc: Compilation time:         1.7194044589996338
[INFO] aspmc: Preparation time:         0.00048470497131347656
[INFO] aspmc: Counting time:            7.226070880889893
[INFO] aspmc: ------------------------------------------------------------
[0.5::edge(1,2)., 0.5::edge(1,3)., 0.8121440014439971::edge(2,4)., 0.9318293737581665::edge(3,5)., 0.9615464115892465::edge(4,6)., 0.9624207154646245::edge(5,6)., 0.8785836646800782::edge(6,7)., 0.994983574039669::edge(6,8)., 0.840237422823531::edge(7,9)., 0.877123958103951::edge(8,9)., 0.8281664113721792::edge(9,10)., 0.8945639242705665::edge(9,11)., 0.9448434461234041::edge(10,12)., path(X,X):-node(X)., path(X,Y):-path(X,Z),edge(Z,Y)., transmit(A,B):-path(A,B),node(A),node(B),not not_transmit(A,B)., not_transmit(A,B):-path(A,B),node(A),node(B),not transmit(A,B)., qr:-transmit(1,12)., node(1)., node(2)., node(3)., node(4)., node(5)., node(6)., node(7)., node(8)., node(9)., node(10)., node(11)., node(12)., query(qr).]
tracc
nnf_construction_time: 11.251380205154419
Pre simplification
number of sums: 8191
number of prods: 8508
0.94484345*v_28*(v_31*v_33*v_36*v_37*v_40*v_41*v_43*v_46*v_47*v_49 - v_31*v_33*v_36*v_37*v_40*v_43*v_49 - v_31*v_33*v_36*v_37*v_41*v_46*v_47 - v_31*v_37*v_40*v_41*v_43*v_46*v_47*v_49 + v_31*v_37*v_40*v_43*v_49 + v_31*v_37*v_41*v_46*v_47 - v_33*v_36*v_40*v_41*v_43*v_46*v_47*v_49 + v_33*v_36*v_40*v_43*v_49 + v_33*v_36*v_41*v_46*v_47)
Post simplification
symp_time: 5.850482225418091
number of sums: 4
number of subs: 4
number of prods: 53
opt_time: 0.12976789474487305
     fun: 8.077186518052352
   maxcv: 6.533132146380183e-09
 message: 'Optimization terminated successfully.'
    nfev: 170
  status: 1
 success: True
       x: array([0.4       , 0.95      , 0.4       , 0.95      , 0.4       ,
       0.95      , 0.93851574, 0.4       , 0.93867077, 0.4       ,
       0.95      , 0.4       ])

real	0m18.540s
user	0m17.106s
sys	0m1.092s
Instance 13
[INFO] aspmc: Tree Decomposition #bags: 355 unfolded treewidth: 10 #vertices: 448
[INFO] aspmc: Preprocessing disabled
[INFO] aspmc:    Stats Compilation
[INFO] aspmc: ------------------------------------------------------------
[INFO] aspmc: X/D-Constrained Tree Decomposition #bags: 281 treewidth: 14 #vertices: 448
[INFO] aspmc: Dtree time:               1.1378378868103027
[INFO] aspmc: Compilation time:         1.66432523727417
[INFO] aspmc: Preparation time:         0.0005450248718261719
[INFO] aspmc: Counting time:            7.1517415046691895
[INFO] aspmc: ------------------------------------------------------------
[0.5::edge(1,2)., 0.5::edge(1,3)., 0.8121440014439971::edge(2,4)., 0.9318293737581665::edge(3,5)., 0.9615464115892465::edge(4,6)., 0.9624207154646245::edge(5,6)., 0.8785836646800782::edge(6,7)., 0.994983574039669::edge(6,8)., 0.840237422823531::edge(7,9)., 0.877123958103951::edge(8,9)., 0.8281664113721792::edge(9,10)., 0.8945639242705665::edge(9,11)., 0.9448434461234041::edge(10,12)., path(X,X):-node(X)., path(X,Y):-path(X,Z),edge(Z,Y)., transmit(A,B):-path(A,B),node(A),node(B),not not_transmit(A,B)., not_transmit(A,B):-path(A,B),node(A),node(B),not transmit(A,B)., qr:-transmit(1,12)., node(1)., node(2)., node(3)., node(4)., node(5)., node(6)., node(7)., node(8)., node(9)., node(10)., node(11)., node(12)., query(qr).]
tracc
nnf_construction_time: 11.114703893661499
Pre simplification
number of sums: 8191
number of prods: 8508
v_25*v_28*(v_31*v_33*v_36*v_37*v_40*v_41*v_43*v_46*v_47*v_49 - v_31*v_33*v_36*v_37*v_40*v_43*v_49 - v_31*v_33*v_36*v_37*v_41*v_46*v_47 - v_31*v_37*v_40*v_41*v_43*v_46*v_47*v_49 + v_31*v_37*v_40*v_43*v_49 + v_31*v_37*v_41*v_46*v_47 - v_33*v_36*v_40*v_41*v_43*v_46*v_47*v_49 + v_33*v_36*v_40*v_43*v_49 + v_33*v_36*v_41*v_46*v_47)
Post simplification
symp_time: 5.939773082733154
number of sums: 4
number of subs: 4
number of prods: 53
opt_time: 0.16618013381958008
     fun: 9.020980083810898
   maxcv: 6.568697807907142e-09
 message: 'Optimization terminated successfully.'
    nfev: 213
  status: 1
 success: True
       x: array([0.4       , 0.95      , 0.4       , 0.95      , 0.4       ,
       0.95      , 0.4       , 0.93554724, 0.4       , 0.93543284,
       0.95      , 0.4       , 0.95      ])

real	0m18.318s
user	0m17.036s
sys	0m1.112s
Ended at: 
Thu Dec  7 17:54:03 CET 2023
