Started at: 
Thu Dec  7 17:50:16 CET 2023
Instance 2
[INFO] aspmc: Tree Decomposition #bags: 301 unfolded treewidth: 9 #vertices: 381
[INFO] aspmc: Preprocessing disabled
[INFO] aspmc:    Stats Compilation
[INFO] aspmc: ------------------------------------------------------------
[INFO] aspmc: X/D-Constrained Tree Decomposition #bags: 235 treewidth: 13 #vertices: 381
[INFO] aspmc: Dtree time:               1.122574806213379
[INFO] aspmc: Compilation time:         0.8712291717529297
[INFO] aspmc: Preparation time:         0.0004143714904785156
[INFO] aspmc: Counting time:            5.030292987823486
[INFO] aspmc: ------------------------------------------------------------
[0.5::edge(1,2)., 0.5::edge(1,3)., 0.8121440014439971::edge(2,4)., 0.9318293737581665::edge(3,5)., 0.9615464115892465::edge(4,6)., 0.9624207154646245::edge(5,6)., 0.8785836646800782::edge(6,7)., 0.994983574039669::edge(6,8)., 0.840237422823531::edge(7,9)., 0.877123958103951::edge(8,9)., 0.8281664113721792::edge(9,10)., 0.8945639242705665::edge(9,11)., path(X,X):-node(X)., path(X,Y):-path(X,Z),edge(Z,Y)., transmit(A,B):-path(A,B),node(A),node(B),not not_transmit(A,B)., not_transmit(A,B):-path(A,B),node(A),node(B),not transmit(A,B)., qr:-transmit(1,11)., node(1)., node(2)., node(3)., node(4)., node(5)., node(6)., node(7)., node(8)., node(9)., node(10)., node(11)., query(qr).]
tracc
nnf_construction_time: 8.170947551727295
Pre simplification
number of sums: 4095
number of prods: 4350
-0.605618937545416*v_43*v_46 + 0.675302080784726*v_43 + 0.775525631600247*v_46
Post simplification
symp_time: 2.7721450328826904
number of sums: 2
number of subs: 1
number of prods: 4
opt_time: 0.003031015396118164
     fun: 1.3283546021804313
   maxcv: 0.0
 message: 'Optimization terminated successfully.'
    nfev: 15
  status: 1
 success: True
       x: array([0.6341773, 0.6941773])

real	0m12.410s
user	0m11.404s
sys	0m0.689s
Instance 3
[INFO] aspmc: Tree Decomposition #bags: 301 unfolded treewidth: 9 #vertices: 381
[INFO] aspmc: Preprocessing disabled
[INFO] aspmc:    Stats Compilation
[INFO] aspmc: ------------------------------------------------------------
[INFO] aspmc: X/D-Constrained Tree Decomposition #bags: 235 treewidth: 13 #vertices: 381
[INFO] aspmc: Dtree time:               1.1243152618408203
[INFO] aspmc: Compilation time:         0.8732893466949463
[INFO] aspmc: Preparation time:         0.00044155120849609375
[INFO] aspmc: Counting time:            4.9604692459106445
[INFO] aspmc: ------------------------------------------------------------
[0.5::edge(1,2)., 0.5::edge(1,3)., 0.8121440014439971::edge(2,4)., 0.9318293737581665::edge(3,5)., 0.9615464115892465::edge(4,6)., 0.9624207154646245::edge(5,6)., 0.8785836646800782::edge(6,7)., 0.994983574039669::edge(6,8)., 0.840237422823531::edge(7,9)., 0.877123958103951::edge(8,9)., 0.8281664113721792::edge(9,10)., 0.8945639242705665::edge(9,11)., path(X,X):-node(X)., path(X,Y):-path(X,Z),edge(Z,Y)., transmit(A,B):-path(A,B),node(A),node(B),not not_transmit(A,B)., not_transmit(A,B):-path(A,B),node(A),node(B),not transmit(A,B)., qr:-transmit(1,11)., node(1)., node(2)., node(3)., node(4)., node(5)., node(6)., node(7)., node(8)., node(9)., node(10)., node(11)., query(qr).]
tracc
nnf_construction_time: 8.11612343788147
Pre simplification
number of sums: 4095
number of prods: 4350
-0.7457038869282*v_42*v_43*v_46 + 0.831505349771378*v_42*v_43 - 1.11022302462516e-16*v_42*v_46 + 0.775525631600247*v_46
Post simplification
symp_time: 2.904790163040161
number of sums: 2
number of subs: 3
number of prods: 8
opt_time: 0.006977081298828125
     fun: 2.0881619813330086
   maxcv: 0.0
 message: 'Optimization terminated successfully.'
    nfev: 21
  status: 1
 success: True
       x: array([0.67605399, 0.73605399, 0.67605399])

real	0m12.120s
user	0m11.377s
sys	0m0.606s
Instance 4
[INFO] aspmc: Tree Decomposition #bags: 301 unfolded treewidth: 9 #vertices: 381
[INFO] aspmc: Preprocessing disabled
[INFO] aspmc:    Stats Compilation
[INFO] aspmc: ------------------------------------------------------------
[INFO] aspmc: X/D-Constrained Tree Decomposition #bags: 235 treewidth: 13 #vertices: 381
[INFO] aspmc: Dtree time:               1.1255474090576172
[INFO] aspmc: Compilation time:         0.8713102340698242
[INFO] aspmc: Preparation time:         0.0004601478576660156
[INFO] aspmc: Counting time:            5.241018772125244
[INFO] aspmc: ------------------------------------------------------------
[0.5::edge(1,2)., 0.5::edge(1,3)., 0.8121440014439971::edge(2,4)., 0.9318293737581665::edge(3,5)., 0.9615464115892465::edge(4,6)., 0.9624207154646245::edge(5,6)., 0.8785836646800782::edge(6,7)., 0.994983574039669::edge(6,8)., 0.840237422823531::edge(7,9)., 0.877123958103951::edge(8,9)., 0.8281664113721792::edge(9,10)., 0.8945639242705665::edge(9,11)., path(X,X):-node(X)., path(X,Y):-path(X,Z),edge(Z,Y)., transmit(A,B):-path(A,B),node(A),node(B),not not_transmit(A,B)., not_transmit(A,B):-path(A,B),node(A),node(B),not transmit(A,B)., qr:-transmit(1,11)., node(1)., node(2)., node(3)., node(4)., node(5)., node(6)., node(7)., node(8)., node(9)., node(10)., node(11)., query(qr).]
tracc
nnf_construction_time: 8.394208192825317
Pre simplification
number of sums: 4095
number of prods: 4350
-0.800257977410822*v_39*v_42*v_43*v_46 + 1.11022302462516e-16*v_39*v_42*v_43 + 0.832261416701479*v_39*v_46 + 0.831505349771378*v_42*v_43
Post simplification
symp_time: 3.001858711242676
number of sums: 3
number of subs: 2
number of prods: 11
opt_time: 0.01703166961669922
     fun: 3.0529479751938404
   maxcv: 6.117242268288692e-10
 message: 'Optimization terminated successfully.'
    nfev: 33
  status: 1
 success: True
       x: array([0.73326658, 0.79326545, 0.73326545, 0.7931505 ])

real	0m12.517s
user	0m11.746s
sys	0m0.633s
Instance 5
[INFO] aspmc: Tree Decomposition #bags: 301 unfolded treewidth: 9 #vertices: 381
[INFO] aspmc: Preprocessing disabled
[INFO] aspmc:    Stats Compilation
[INFO] aspmc: ------------------------------------------------------------
[INFO] aspmc: X/D-Constrained Tree Decomposition #bags: 235 treewidth: 13 #vertices: 381
[INFO] aspmc: Dtree time:               1.1239018440246582
[INFO] aspmc: Compilation time:         0.8709981441497803
[INFO] aspmc: Preparation time:         0.0003998279571533203
[INFO] aspmc: Counting time:            4.792722463607788
[INFO] aspmc: ------------------------------------------------------------
[0.5::edge(1,2)., 0.5::edge(1,3)., 0.8121440014439971::edge(2,4)., 0.9318293737581665::edge(3,5)., 0.9615464115892465::edge(4,6)., 0.9624207154646245::edge(5,6)., 0.8785836646800782::edge(6,7)., 0.994983574039669::edge(6,8)., 0.840237422823531::edge(7,9)., 0.877123958103951::edge(8,9)., 0.8281664113721792::edge(9,10)., 0.8945639242705665::edge(9,11)., path(X,X):-node(X)., path(X,Y):-path(X,Z),edge(Z,Y)., transmit(A,B):-path(A,B),node(A),node(B),not not_transmit(A,B)., not_transmit(A,B):-path(A,B),node(A),node(B),not transmit(A,B)., qr:-transmit(1,11)., node(1)., node(2)., node(3)., node(4)., node(5)., node(6)., node(7)., node(8)., node(9)., node(10)., node(11)., query(qr).]
tracc
nnf_construction_time: 7.948879718780518
Pre simplification
number of sums: 4095
number of prods: 4350
-0.832261416701479*v_37*v_39*v_42*v_43*v_46 + 0.864758415323269*v_37*v_42*v_43 + 0.832261416701479*v_39*v_46
Post simplification
symp_time: 3.0515036582946777
number of sums: 2
number of subs: 1
number of prods: 10
opt_time: 0.027975797653198242
     fun: 3.9450310828883874
   maxcv: 0.0
 message: 'Optimization terminated successfully.'
    nfev: 38
  status: 1
 success: True
       x: array([0.76500563, 0.82493756, 0.76507663, 0.82500563, 0.76500563])

real	0m12.161s
user	0m11.404s
sys	0m0.595s
Instance 6
[INFO] aspmc: Tree Decomposition #bags: 301 unfolded treewidth: 9 #vertices: 381
[INFO] aspmc: Preprocessing disabled
[INFO] aspmc:    Stats Compilation
[INFO] aspmc: ------------------------------------------------------------
[INFO] aspmc: X/D-Constrained Tree Decomposition #bags: 235 treewidth: 13 #vertices: 381
[INFO] aspmc: Dtree time:               1.1257271766662598
[INFO] aspmc: Compilation time:         0.8748946189880371
[INFO] aspmc: Preparation time:         0.0004513263702392578
[INFO] aspmc: Counting time:            4.6991868019104
[INFO] aspmc: ------------------------------------------------------------
[0.5::edge(1,2)., 0.5::edge(1,3)., 0.8121440014439971::edge(2,4)., 0.9318293737581665::edge(3,5)., 0.9615464115892465::edge(4,6)., 0.9624207154646245::edge(5,6)., 0.8785836646800782::edge(6,7)., 0.994983574039669::edge(6,8)., 0.840237422823531::edge(7,9)., 0.877123958103951::edge(8,9)., 0.8281664113721792::edge(9,10)., 0.8945639242705665::edge(9,11)., path(X,X):-node(X)., path(X,Y):-path(X,Z),edge(Z,Y)., transmit(A,B):-path(A,B),node(A),node(B),not not_transmit(A,B)., not_transmit(A,B):-path(A,B),node(A),node(B),not transmit(A,B)., qr:-transmit(1,11)., node(1)., node(2)., node(3)., node(4)., node(5)., node(6)., node(7)., node(8)., node(9)., node(10)., node(11)., query(qr).]
tracc
nnf_construction_time: 7.855093717575073
Pre simplification
number of sums: 4095
number of prods: 4350
-0.864758415323269*v_35*v_37*v_39*v_42*v_43*v_46 + 0.864758415323269*v_35*v_39*v_46 + 0.864758415323269*v_37*v_42*v_43
Post simplification
symp_time: 3.0737698078155518
number of sums: 2
number of subs: 1
number of prods: 12
opt_time: 0.06638860702514648
     fun: 4.93684455148387
   maxcv: 5.551115123125783e-17
 message: 'Optimization terminated successfully.'
    nfev: 63
  status: 1
 success: True
       x: array([0.79280794, 0.85280794, 0.79280794, 0.85280484, 0.79280794,
       0.85280794])

real	0m12.094s
user	0m11.346s
sys	0m0.602s
Instance 7
[INFO] aspmc: Tree Decomposition #bags: 301 unfolded treewidth: 9 #vertices: 381
[INFO] aspmc: Preprocessing disabled
[INFO] aspmc:    Stats Compilation
[INFO] aspmc: ------------------------------------------------------------
[INFO] aspmc: X/D-Constrained Tree Decomposition #bags: 235 treewidth: 13 #vertices: 381
[INFO] aspmc: Dtree time:               1.1230933666229248
[INFO] aspmc: Compilation time:         0.8717248439788818
[INFO] aspmc: Preparation time:         0.00041985511779785156
[INFO] aspmc: Counting time:            5.00934100151062
[INFO] aspmc: ------------------------------------------------------------
[0.5::edge(1,2)., 0.5::edge(1,3)., 0.8121440014439971::edge(2,4)., 0.9318293737581665::edge(3,5)., 0.9615464115892465::edge(4,6)., 0.9624207154646245::edge(5,6)., 0.8785836646800782::edge(6,7)., 0.994983574039669::edge(6,8)., 0.840237422823531::edge(7,9)., 0.877123958103951::edge(8,9)., 0.8281664113721792::edge(9,10)., 0.8945639242705665::edge(9,11)., path(X,X):-node(X)., path(X,Y):-path(X,Z),edge(Z,Y)., transmit(A,B):-path(A,B),node(A),node(B),not not_transmit(A,B)., not_transmit(A,B):-path(A,B),node(A),node(B),not transmit(A,B)., qr:-transmit(1,11)., node(1)., node(2)., node(3)., node(4)., node(5)., node(6)., node(7)., node(8)., node(9)., node(10)., node(11)., query(qr).]
tracc
nnf_construction_time: 8.15985369682312
Pre simplification
number of sums: 4095
number of prods: 4350
-0.0956665598259745*v_32*v_35*v_37*v_39*v_42*v_43*v_46 + 0.0956665598259745*v_32*v_35*v_39*v_46 + 0.0956665598259745*v_32*v_37*v_42*v_43 - 0.780707339051755*v_35*v_37*v_39*v_42*v_43*v_46 + 0.780707339051755*v_35*v_39*v_46 + 0.780707339051755*v_37*v_42*v_43
Post simplification
symp_time: 3.1581804752349854
number of sums: 4
number of subs: 2
number of prods: 27
opt_time: 0.07426285743713379
     fun: 5.760104820497888
   maxcv: 5.551115123125783e-17
 message: 'Optimization terminated successfully.'
    nfev: 50
  status: 1
 success: True
       x: array([0.83144355, 0.83144355, 0.83144355, 0.83144355, 0.83144355,
       0.83144355, 0.77144355])

real	0m12.731s
user	0m11.737s
sys	0m0.654s
Instance 8
[INFO] aspmc: Tree Decomposition #bags: 301 unfolded treewidth: 9 #vertices: 381
[INFO] aspmc: Preprocessing disabled
[INFO] aspmc:    Stats Compilation
[INFO] aspmc: ------------------------------------------------------------
[INFO] aspmc: X/D-Constrained Tree Decomposition #bags: 235 treewidth: 13 #vertices: 381
[INFO] aspmc: Dtree time:               1.1242728233337402
[INFO] aspmc: Compilation time:         0.8716616630554199
[INFO] aspmc: Preparation time:         0.0004189014434814453
[INFO] aspmc: Counting time:            4.9534759521484375
[INFO] aspmc: ------------------------------------------------------------
[0.5::edge(1,2)., 0.5::edge(1,3)., 0.8121440014439971::edge(2,4)., 0.9318293737581665::edge(3,5)., 0.9615464115892465::edge(4,6)., 0.9624207154646245::edge(5,6)., 0.8785836646800782::edge(6,7)., 0.994983574039669::edge(6,8)., 0.840237422823531::edge(7,9)., 0.877123958103951::edge(8,9)., 0.8281664113721792::edge(9,10)., 0.8945639242705665::edge(9,11)., path(X,X):-node(X)., path(X,Y):-path(X,Z),edge(Z,Y)., transmit(A,B):-path(A,B),node(A),node(B),not not_transmit(A,B)., not_transmit(A,B):-path(A,B),node(A),node(B),not transmit(A,B)., qr:-transmit(1,11)., node(1)., node(2)., node(3)., node(4)., node(5)., node(6)., node(7)., node(8)., node(9)., node(10)., node(11)., query(qr).]
tracc
nnf_construction_time: 8.108970403671265
Pre simplification
number of sums: 4095
number of prods: 4350
(v_32*(0.125356661629944*v_34 + 0.751646080165886) - 0.784643447983523*v_34*(v_32 - 1))*(v_35*(v_37*(v_39*(v_42*(v_43 - v_46*(v_43 - 1)) - v_46*(v_42 - 1)) - v_42*v_43*(v_39 - 1)) - v_39*v_46*(v_37 - 1)) - v_37*v_42*v_43*(v_35 - 1))
Post simplification
symp_time: 3.26698637008667
number of sums: 1
number of subs: 12
number of prods: 18
opt_time: 0.12303447723388672
     fun: 6.740980154931801
   maxcv: 3.3777058152661965e-06
 message: 'Optimization terminated successfully.'
    nfev: 63
  status: 1
 success: True
       x: array([0.88012252, 0.82012252, 0.88012252, 0.82012252, 0.88012252,
       0.82012252, 0.82012252, 0.82012252])

real	0m12.623s
user	0m11.791s
sys	0m0.675s
Instance 9
[INFO] aspmc: Tree Decomposition #bags: 301 unfolded treewidth: 9 #vertices: 381
[INFO] aspmc: Preprocessing disabled
[INFO] aspmc:    Stats Compilation
[INFO] aspmc: ------------------------------------------------------------
[INFO] aspmc: X/D-Constrained Tree Decomposition #bags: 235 treewidth: 13 #vertices: 381
[INFO] aspmc: Dtree time:               1.124526023864746
[INFO] aspmc: Compilation time:         0.8729002475738525
[INFO] aspmc: Preparation time:         0.0004401206970214844
[INFO] aspmc: Counting time:            4.683201789855957
[INFO] aspmc: ------------------------------------------------------------
[0.5::edge(1,2)., 0.5::edge(1,3)., 0.8121440014439971::edge(2,4)., 0.9318293737581665::edge(3,5)., 0.9615464115892465::edge(4,6)., 0.9624207154646245::edge(5,6)., 0.8785836646800782::edge(6,7)., 0.994983574039669::edge(6,8)., 0.840237422823531::edge(7,9)., 0.877123958103951::edge(8,9)., 0.8281664113721792::edge(9,10)., 0.8945639242705665::edge(9,11)., path(X,X):-node(X)., path(X,Y):-path(X,Z),edge(Z,Y)., transmit(A,B):-path(A,B),node(A),node(B),not not_transmit(A,B)., not_transmit(A,B):-path(A,B),node(A),node(B),not transmit(A,B)., qr:-transmit(1,11)., node(1)., node(2)., node(3)., node(4)., node(5)., node(6)., node(7)., node(8)., node(9)., node(10)., node(11)., query(qr).]
tracc
nnf_construction_time: 7.834046125411987
Pre simplification
number of sums: 4095
number of prods: 4350
0.784643447983523*v_29*v_32*v_34*v_35*v_37*v_39*v_42*v_43*v_46 - 0.784643447983523*v_29*v_32*v_34*v_35*v_39*v_46 - 0.784643447983523*v_29*v_32*v_34*v_37*v_42*v_43 - 0.89456392*v_29*v_32*v_35*v_37*v_39*v_42*v_43*v_46 + 0.89456392*v_29*v_32*v_35*v_39*v_46 + 0.89456392*v_29*v_32*v_37*v_42*v_43 - 0.784643447983523*v_34*v_35*v_37*v_39*v_42*v_43*v_46 + 0.784643447983523*v_34*v_35*v_39*v_46 + 0.784643447983523*v_34*v_37*v_42*v_43
Post simplification
symp_time: 3.351304054260254
number of sums: 4
number of subs: 4
number of prods: 54
opt_time: 0.24302339553833008
     fun: 7.575629147802365
   maxcv: 5.551115123125783e-17
 message: 'Optimization terminated successfully.'
    nfev: 96
  status: 1
 success: True
       x: array([0.81506991, 0.87506991, 0.81506991, 0.87506991, 0.81506991,
       0.87506991, 0.81506991, 0.87506991, 0.81506991])

real	0m12.512s
user	0m11.781s
sys	0m0.581s
Instance 10
[INFO] aspmc: Tree Decomposition #bags: 301 unfolded treewidth: 9 #vertices: 381
[INFO] aspmc: Preprocessing disabled
[INFO] aspmc:    Stats Compilation
[INFO] aspmc: ------------------------------------------------------------
[INFO] aspmc: X/D-Constrained Tree Decomposition #bags: 235 treewidth: 13 #vertices: 381
[INFO] aspmc: Dtree time:               1.2876925468444824
[INFO] aspmc: Compilation time:         0.8721582889556885
[INFO] aspmc: Preparation time:         0.0004582405090332031
[INFO] aspmc: Counting time:            4.717202425003052
[INFO] aspmc: ------------------------------------------------------------
[0.5::edge(1,2)., 0.5::edge(1,3)., 0.8121440014439971::edge(2,4)., 0.9318293737581665::edge(3,5)., 0.9615464115892465::edge(4,6)., 0.9624207154646245::edge(5,6)., 0.8785836646800782::edge(6,7)., 0.994983574039669::edge(6,8)., 0.840237422823531::edge(7,9)., 0.877123958103951::edge(8,9)., 0.8281664113721792::edge(9,10)., 0.8945639242705665::edge(9,11)., path(X,X):-node(X)., path(X,Y):-path(X,Z),edge(Z,Y)., transmit(A,B):-path(A,B),node(A),node(B),not not_transmit(A,B)., not_transmit(A,B):-path(A,B),node(A),node(B),not transmit(A,B)., qr:-transmit(1,11)., node(1)., node(2)., node(3)., node(4)., node(5)., node(6)., node(7)., node(8)., node(9)., node(10)., node(11)., query(qr).]
tracc
nnf_construction_time: 8.031687498092651
Pre simplification
number of sums: 4095
number of prods: 4350
0.89456392*v_28*v_29*v_32*v_34*v_35*v_37*v_39*v_42*v_43*v_46 - 0.89456392*v_28*v_29*v_32*v_34*v_35*v_39*v_46 - 0.89456392*v_28*v_29*v_32*v_34*v_37*v_42*v_43 - 0.89456392*v_28*v_34*v_35*v_37*v_39*v_42*v_43*v_46 + 0.89456392*v_28*v_34*v_35*v_39*v_46 + 0.89456392*v_28*v_34*v_37*v_42*v_43 - 0.89456392*v_29*v_32*v_35*v_37*v_39*v_42*v_43*v_46 + 0.89456392*v_29*v_32*v_35*v_39*v_46 + 0.89456392*v_29*v_32*v_37*v_42*v_43
Post simplification
symp_time: 3.523350477218628
number of sums: 4
number of subs: 4
number of prods: 60
opt_time: 0.24317526817321777
     fun: 8.452387665219936
   maxcv: 5.551115123125783e-17
 message: 'Optimization terminated successfully.'
    nfev: 76
  status: 1
 success: True
       x: array([0.88723877, 0.82723877, 0.88723877, 0.82723877, 0.88723877,
       0.82723877, 0.82723877, 0.82723877, 0.82723877, 0.82723877])

real	0m12.880s
user	0m11.957s
sys	0m0.615s
Instance 11
[INFO] aspmc: Tree Decomposition #bags: 301 unfolded treewidth: 9 #vertices: 381
[INFO] aspmc: Preprocessing disabled
[INFO] aspmc:    Stats Compilation
[INFO] aspmc: ------------------------------------------------------------
[INFO] aspmc: X/D-Constrained Tree Decomposition #bags: 235 treewidth: 13 #vertices: 381
[INFO] aspmc: Dtree time:               1.125831127166748
[INFO] aspmc: Compilation time:         0.8727385997772217
[INFO] aspmc: Preparation time:         0.0004482269287109375
[INFO] aspmc: Counting time:            4.720654249191284
[INFO] aspmc: ------------------------------------------------------------
[0.5::edge(1,2)., 0.5::edge(1,3)., 0.8121440014439971::edge(2,4)., 0.9318293737581665::edge(3,5)., 0.9615464115892465::edge(4,6)., 0.9624207154646245::edge(5,6)., 0.8785836646800782::edge(6,7)., 0.994983574039669::edge(6,8)., 0.840237422823531::edge(7,9)., 0.877123958103951::edge(8,9)., 0.8281664113721792::edge(9,10)., 0.8945639242705665::edge(9,11)., path(X,X):-node(X)., path(X,Y):-path(X,Z),edge(Z,Y)., transmit(A,B):-path(A,B),node(A),node(B),not not_transmit(A,B)., not_transmit(A,B):-path(A,B),node(A),node(B),not transmit(A,B)., qr:-transmit(1,11)., node(1)., node(2)., node(3)., node(4)., node(5)., node(6)., node(7)., node(8)., node(9)., node(10)., node(11)., query(qr).]
tracc
nnf_construction_time: 7.87625789642334
Pre simplification
number of sums: 4095
number of prods: 4350
0.89456392*(v_35*(v_37*(v_39*(v_42*(v_43 - v_46*(v_43 - 1)) - v_46*(v_42 - 1)) - v_42*v_43*(v_39 - 1)) - v_39*v_46*(v_37 - 1)) - v_37*v_42*v_43*(v_35 - 1))*(-v_28*v_34*(v_32 - 1) + v_32*(-v_29*(v_34 - 1) + v_34*(v_28 - v_29*(v_28 - 1))))
Post simplification
symp_time: 3.995293140411377
number of sums: 2
number of subs: 16
number of prods: 21
opt_time: 0.30254483222961426
     fun: 9.262718491688991
   maxcv: 4.419271022682025e-06
 message: 'Optimization terminated successfully.'
    nfev: 72
  status: 1
 success: True
       x: array([0.85842895, 0.85842895, 0.85842895, 0.85842895, 0.85842895,
       0.85842895, 0.85842895, 0.79842895, 0.85842895, 0.79842895,
       0.79842895])

real	0m13.259s
user	0m12.521s
sys	0m0.602s
Instance 12
[INFO] aspmc: Tree Decomposition #bags: 301 unfolded treewidth: 9 #vertices: 381
[INFO] aspmc: Preprocessing disabled
[INFO] aspmc:    Stats Compilation
[INFO] aspmc: ------------------------------------------------------------
[INFO] aspmc: X/D-Constrained Tree Decomposition #bags: 235 treewidth: 13 #vertices: 381
[INFO] aspmc: Dtree time:               1.1238420009613037
[INFO] aspmc: Compilation time:         0.8702735900878906
[INFO] aspmc: Preparation time:         0.0004429817199707031
[INFO] aspmc: Counting time:            4.733403921127319
[INFO] aspmc: ------------------------------------------------------------
[0.5::edge(1,2)., 0.5::edge(1,3)., 0.8121440014439971::edge(2,4)., 0.9318293737581665::edge(3,5)., 0.9615464115892465::edge(4,6)., 0.9624207154646245::edge(5,6)., 0.8785836646800782::edge(6,7)., 0.994983574039669::edge(6,8)., 0.840237422823531::edge(7,9)., 0.877123958103951::edge(8,9)., 0.8281664113721792::edge(9,10)., 0.8945639242705665::edge(9,11)., path(X,X):-node(X)., path(X,Y):-path(X,Z),edge(Z,Y)., transmit(A,B):-path(A,B),node(A),node(B),not not_transmit(A,B)., not_transmit(A,B):-path(A,B),node(A),node(B),not transmit(A,B)., qr:-transmit(1,11)., node(1)., node(2)., node(3)., node(4)., node(5)., node(6)., node(7)., node(8)., node(9)., node(10)., node(11)., query(qr).]
tracc
nnf_construction_time: 7.882819414138794
Pre simplification
number of sums: 4095
number of prods: 4350
v_26*(v_35*(v_37*(v_39*(v_42*(v_43 - v_46*(v_43 - 1)) - v_46*(v_42 - 1)) - v_42*v_43*(v_39 - 1)) - v_39*v_46*(v_37 - 1)) - v_37*v_42*v_43*(v_35 - 1))*(-v_28*v_34*(v_32 - 1) + v_32*(-v_29*(v_34 - 1) + v_34*(v_28 - v_29*(v_28 - 1))))
Post simplification
symp_time: 3.7205426692962646
number of sums: 2
number of subs: 16
number of prods: 21
opt_time: 0.4417891502380371
     fun: 10.190461692580627
   maxcv: 5.551115123125783e-17
 message: 'Optimization terminated successfully.'
    nfev: 93
  status: 1
 success: True
       x: array([0.82920514, 0.88920514, 0.82920514, 0.88920514, 0.82920514,
       0.88920514, 0.82920514, 0.82920514, 0.82920514, 0.82920514,
       0.82920514, 0.88920514])

real	0m13.144s
user	0m12.361s
sys	0m0.629s
Ended at: 
Thu Dec  7 17:52:34 CET 2023
