Started at: 
Thu Dec  7 17:44:59 CET 2023
Instance 2
[INFO] aspmc: Tree Decomposition #bags: 83 unfolded treewidth: 3 #vertices: 111
[INFO] aspmc: Preprocessing disabled
[INFO] aspmc:    Stats Compilation
[INFO] aspmc: ------------------------------------------------------------
[INFO] aspmc: X/D-Constrained Tree Decomposition #bags: 70 treewidth: 7 #vertices: 111
[INFO] aspmc: Dtree time:               2.0373549461364746
[INFO] aspmc: Compilation time:         0.02170419692993164
[INFO] aspmc: Preparation time:         0.0001583099365234375
[INFO] aspmc: Counting time:            0.13082551956176758
[INFO] aspmc: ------------------------------------------------------------
[0.5::edge(1,2)., 0.5::edge(1,3)., 0.816343623039356::edge(2,4)., 0.8285621451275564::edge(3,5)., 0.8780109837190632::edge(4,6)., 0.9710507923144887::edge(5,6)., path(X,X):-node(X)., path(X,Y):-path(X,Z),edge(Z,Y)., transmit(A,B):-path(A,B),node(A),node(B),not not_transmit(A,B)., not_transmit(A,B):-path(A,B),node(A),node(B),not transmit(A,B)., qr:-transmit(1,6)., node(1)., node(2)., node(3)., node(4)., node(5)., node(6)., query(qr).]
tracc
nnf_construction_time: 3.309628963470459
Pre simplification
number of sums: 63
number of prods: 77
-0.576686767144216*v_22*v_23 + 0.716758661812948*v_22 + 0.804575930321599*v_23
Post simplification
symp_time: 0.3186511993408203
number of sums: 2
number of subs: 1
number of prods: 4
opt_time: 0.0021326541900634766
     fun: 1.1201553843150216
   maxcv: 0.0
 message: 'Optimization terminated successfully.'
    nfev: 15
  status: 1
 success: True
       x: array([0.4       , 0.72015538])

real	0m4.813s
user	0m4.127s
sys	0m0.560s
Instance 3
[INFO] aspmc: Tree Decomposition #bags: 83 unfolded treewidth: 3 #vertices: 111
[INFO] aspmc: Preprocessing disabled
[INFO] aspmc:    Stats Compilation
[INFO] aspmc: ------------------------------------------------------------
[INFO] aspmc: X/D-Constrained Tree Decomposition #bags: 70 treewidth: 7 #vertices: 111
[INFO] aspmc: Dtree time:               2.037569761276245
[INFO] aspmc: Compilation time:         0.021466732025146484
[INFO] aspmc: Preparation time:         0.00016427040100097656
[INFO] aspmc: Counting time:            0.12767577171325684
[INFO] aspmc: ------------------------------------------------------------
[0.5::edge(1,2)., 0.5::edge(1,3)., 0.816343623039356::edge(2,4)., 0.8285621451275564::edge(3,5)., 0.8780109837190632::edge(4,6)., 0.9710507923144887::edge(5,6)., path(X,X):-node(X)., path(X,Y):-path(X,Z),edge(Z,Y)., transmit(A,B):-path(A,B),node(A),node(B),not not_transmit(A,B)., not_transmit(A,B):-path(A,B),node(A),node(B),not transmit(A,B)., qr:-transmit(1,6)., node(1)., node(2)., node(3)., node(4)., node(5)., node(6)., query(qr).]
tracc
nnf_construction_time: 3.3109538555145264
Pre simplification
number of sums: 63
number of prods: 77
-0.706426501066079*v_19*v_22*v_23 + 0.87801098*v_19*v_22 + 0.804575930321599*v_23
Post simplification
symp_time: 0.3565707206726074
number of sums: 2
number of subs: 1
number of prods: 6
opt_time: 0.003912925720214844
     fun: 1.6090889415583551
   maxcv: 0.0
 message: 'Optimization terminated successfully.'
    nfev: 20
  status: 1
 success: True
       x: array([0.4       , 0.80908894, 0.4       ])

real	0m4.718s
user	0m4.027s
sys	0m0.569s
Instance 4
[INFO] aspmc: Tree Decomposition #bags: 83 unfolded treewidth: 3 #vertices: 111
[INFO] aspmc: Preprocessing disabled
[INFO] aspmc:    Stats Compilation
[INFO] aspmc: ------------------------------------------------------------
[INFO] aspmc: X/D-Constrained Tree Decomposition #bags: 70 treewidth: 7 #vertices: 111
[INFO] aspmc: Dtree time:               2.0395779609680176
[INFO] aspmc: Compilation time:         0.02108907699584961
[INFO] aspmc: Preparation time:         0.000156402587890625
[INFO] aspmc: Counting time:            0.12333941459655762
[INFO] aspmc: ------------------------------------------------------------
[0.5::edge(1,2)., 0.5::edge(1,3)., 0.816343623039356::edge(2,4)., 0.8285621451275564::edge(3,5)., 0.8780109837190632::edge(4,6)., 0.9710507923144887::edge(5,6)., path(X,X):-node(X)., path(X,Y):-path(X,Z),edge(Z,Y)., transmit(A,B):-path(A,B),node(A),node(B),not not_transmit(A,B)., not_transmit(A,B):-path(A,B),node(A),node(B),not transmit(A,B)., qr:-transmit(1,6)., node(1)., node(2)., node(3)., node(4)., node(5)., node(6)., query(qr).]
tracc
nnf_construction_time: 3.300708532333374
Pre simplification
number of sums: 63
number of prods: 77
-0.852593255757674*v_18*v_19*v_22*v_23 + 0.97105079*v_18*v_23 + 0.87801098*v_19*v_22
Post simplification
symp_time: 0.3815603256225586
number of sums: 2
number of subs: 1
number of prods: 8
opt_time: 0.014094352722167969
     fun: 2.437527478963198
   maxcv: 8.34615643263703e-09
 message: 'Optimization terminated successfully.'
    nfev: 66
  status: 1
 success: True
       x: array([0.4       , 0.81881545, 0.4       , 0.81871203])

real	0m4.735s
user	0m4.061s
sys	0m0.552s
Instance 5
[INFO] aspmc: Tree Decomposition #bags: 83 unfolded treewidth: 3 #vertices: 111
[INFO] aspmc: Preprocessing disabled
[INFO] aspmc:    Stats Compilation
[INFO] aspmc: ------------------------------------------------------------
[INFO] aspmc: X/D-Constrained Tree Decomposition #bags: 70 treewidth: 7 #vertices: 111
[INFO] aspmc: Dtree time:               2.035879135131836
[INFO] aspmc: Compilation time:         0.019567251205444336
[INFO] aspmc: Preparation time:         0.0001709461212158203
[INFO] aspmc: Counting time:            0.11928987503051758
[INFO] aspmc: ------------------------------------------------------------
[0.5::edge(1,2)., 0.5::edge(1,3)., 0.816343623039356::edge(2,4)., 0.8285621451275564::edge(3,5)., 0.8780109837190632::edge(4,6)., 0.9710507923144887::edge(5,6)., path(X,X):-node(X)., path(X,Y):-path(X,Z),edge(Z,Y)., transmit(A,B):-path(A,B),node(A),node(B),not not_transmit(A,B)., not_transmit(A,B):-path(A,B),node(A),node(B),not transmit(A,B)., qr:-transmit(1,6)., node(1)., node(2)., node(3)., node(4)., node(5)., node(6)., query(qr).]
tracc
nnf_construction_time: 3.3034255504608154
Pre simplification
number of sums: 63
number of prods: 77
-0.97105079*v_16*v_18*v_19*v_22*v_23 + 1.0*v_16*v_19*v_22 + 0.97105079*v_18*v_23
Post simplification
symp_time: 0.37076354026794434
number of sums: 2
number of subs: 1
number of prods: 10
opt_time: 0.020101070404052734
     fun: 2.8730143043755842
   maxcv: 9.089016095309432e-09
 message: 'Optimization terminated successfully.'
    nfev: 81
  status: 1
 success: True
       x: array([0.4       , 0.83644593, 0.4       , 0.83656837, 0.4       ])

real	0m4.741s
user	0m4.025s
sys	0m0.579s
Instance 6
[INFO] aspmc: Tree Decomposition #bags: 83 unfolded treewidth: 3 #vertices: 111
[INFO] aspmc: Preprocessing disabled
[INFO] aspmc:    Stats Compilation
[INFO] aspmc: ------------------------------------------------------------
[INFO] aspmc: X/D-Constrained Tree Decomposition #bags: 70 treewidth: 7 #vertices: 111
[INFO] aspmc: Dtree time:               2.034623622894287
[INFO] aspmc: Compilation time:         0.019975900650024414
[INFO] aspmc: Preparation time:         0.00015306472778320312
[INFO] aspmc: Counting time:            0.10872268676757812
[INFO] aspmc: ------------------------------------------------------------
[0.5::edge(1,2)., 0.5::edge(1,3)., 0.816343623039356::edge(2,4)., 0.8285621451275564::edge(3,5)., 0.8780109837190632::edge(4,6)., 0.9710507923144887::edge(5,6)., path(X,X):-node(X)., path(X,Y):-path(X,Z),edge(Z,Y)., transmit(A,B):-path(A,B),node(A),node(B),not not_transmit(A,B)., not_transmit(A,B):-path(A,B),node(A),node(B),not transmit(A,B)., qr:-transmit(1,6)., node(1)., node(2)., node(3)., node(4)., node(5)., node(6)., query(qr).]
tracc
nnf_construction_time: 3.271315574645996
Pre simplification
number of sums: 63
number of prods: 77
-v_13*v_16*v_18*v_19*v_22*v_23 + v_13*v_18*v_23 + v_16*v_19*v_22
Post simplification
symp_time: 0.3479340076446533
number of sums: 2
number of subs: 1
number of prods: 9
opt_time: 0.03195691108703613
     fun: 3.8374344627884165
   maxcv: 1.1898486862449431e-08
 message: 'Optimization terminated successfully.'
    nfev: 108
  status: 1
 success: True
       x: array([0.87901445, 0.4       , 0.87922013, 0.4       , 0.87919988,
       0.4       ])

real	0m4.604s
user	0m3.895s
sys	0m0.583s
Ended at: 
Thu Dec  7 17:45:22 CET 2023
