Started at: 
Thu Dec  7 17:50:18 CET 2023
Instance 2
[INFO] aspmc: Tree Decomposition #bags: 251 unfolded treewidth: 8 #vertices: 320
[INFO] aspmc: Preprocessing disabled
[INFO] aspmc:    Stats Compilation
[INFO] aspmc: ------------------------------------------------------------
[INFO] aspmc: X/D-Constrained Tree Decomposition #bags: 203 treewidth: 12 #vertices: 320
[INFO] aspmc: Dtree time:               1.1018507480621338
[INFO] aspmc: Compilation time:         0.38988184928894043
[INFO] aspmc: Preparation time:         0.0003533363342285156
[INFO] aspmc: Counting time:            2.8316850662231445
[INFO] aspmc: ------------------------------------------------------------
[0.5::edge(1,2)., 0.5::edge(1,3)., 0.8121440014439971::edge(2,4)., 0.9318293737581665::edge(3,5)., 0.9615464115892465::edge(4,6)., 0.9624207154646245::edge(5,6)., 0.8785836646800782::edge(6,7)., 0.994983574039669::edge(6,8)., 0.840237422823531::edge(7,9)., 0.877123958103951::edge(8,9)., 0.8281664113721792::edge(9,10)., path(X,X):-node(X)., path(X,Y):-path(X,Z),edge(Z,Y)., transmit(A,B):-path(A,B),node(A),node(B),not not_transmit(A,B)., not_transmit(A,B):-path(A,B),node(A),node(B),not transmit(A,B)., qr:-transmit(1,10)., node(1)., node(2)., node(3)., node(4)., node(5)., node(6)., node(7)., node(8)., node(9)., node(10)., query(qr).]
tracc
nnf_construction_time: 5.4682793617248535
Pre simplification
number of sums: 2047
number of prods: 2151
-0.560667885347982*v_40*v_41 + 0.625178913888028*v_40 + 0.717963539358215*v_41
Post simplification
symp_time: 1.524860143661499
number of sums: 2
number of subs: 1
number of prods: 4
opt_time: 0.13221335411071777
     fun: 1.5190446412081076
     jac: array([1., 1.])
 message: 'Optimization terminated successfully'
    nfev: 5
     nit: 5
    njev: 5
  status: 0
 success: True
       x: array([0.72952232, 0.78952232])

real	0m8.271s
user	0m7.678s
sys	0m0.445s
Instance 3
[INFO] aspmc: Tree Decomposition #bags: 251 unfolded treewidth: 8 #vertices: 320
[INFO] aspmc: Preprocessing disabled
[INFO] aspmc:    Stats Compilation
[INFO] aspmc: ------------------------------------------------------------
[INFO] aspmc: X/D-Constrained Tree Decomposition #bags: 203 treewidth: 12 #vertices: 320
[INFO] aspmc: Dtree time:               1.1064565181732178
[INFO] aspmc: Compilation time:         0.39012813568115234
[INFO] aspmc: Preparation time:         0.0003802776336669922
[INFO] aspmc: Counting time:            2.8728296756744385
[INFO] aspmc: ------------------------------------------------------------
[0.5::edge(1,2)., 0.5::edge(1,3)., 0.8121440014439971::edge(2,4)., 0.9318293737581665::edge(3,5)., 0.9615464115892465::edge(4,6)., 0.9624207154646245::edge(5,6)., 0.8785836646800782::edge(6,7)., 0.994983574039669::edge(6,8)., 0.840237422823531::edge(7,9)., 0.877123958103951::edge(8,9)., 0.8281664113721792::edge(9,10)., path(X,X):-node(X)., path(X,Y):-path(X,Z),edge(Z,Y)., transmit(A,B):-path(A,B),node(A),node(B),not not_transmit(A,B)., not_transmit(A,B):-path(A,B),node(A),node(B),not transmit(A,B)., qr:-transmit(1,10)., node(1)., node(2)., node(3)., node(4)., node(5)., node(6)., node(7)., node(8)., node(9)., node(10)., query(qr).]
tracc
nnf_construction_time: 5.5157790184021
Pre simplification
number of sums: 2047
number of prods: 2151
-0.690355263780785*v_37*v_40*v_41 + 0.769788256624475*v_37*v_40 - 1.11022302462516e-16*v_37*v_41 + 0.717963539358215*v_41
Post simplification
symp_time: 1.578094482421875
number of sums: 2
number of subs: 3
number of prods: 8
opt_time: 0.39823055267333984
     fun: 2.3099384522184163
     jac: array([1., 1., 1.])
 message: 'Optimization terminated successfully'
    nfev: 5
     nit: 5
    njev: 5
  status: 0
 success: True
       x: array([0.74997948, 0.80997948, 0.74997948])

real	0m8.585s
user	0m8.031s
sys	0m0.381s
Instance 4
[INFO] aspmc: Tree Decomposition #bags: 251 unfolded treewidth: 8 #vertices: 320
[INFO] aspmc: Preprocessing disabled
[INFO] aspmc:    Stats Compilation
[INFO] aspmc: ------------------------------------------------------------
[INFO] aspmc: X/D-Constrained Tree Decomposition #bags: 203 treewidth: 12 #vertices: 320
[INFO] aspmc: Dtree time:               1.102423906326294
[INFO] aspmc: Compilation time:         0.38975977897644043
[INFO] aspmc: Preparation time:         0.0003898143768310547
[INFO] aspmc: Counting time:            2.871089458465576
[INFO] aspmc: ------------------------------------------------------------
[0.5::edge(1,2)., 0.5::edge(1,3)., 0.8121440014439971::edge(2,4)., 0.9318293737581665::edge(3,5)., 0.9615464115892465::edge(4,6)., 0.9624207154646245::edge(5,6)., 0.8785836646800782::edge(6,7)., 0.994983574039669::edge(6,8)., 0.840237422823531::edge(7,9)., 0.877123958103951::edge(8,9)., 0.8281664113721792::edge(9,10)., path(X,X):-node(X)., path(X,Y):-path(X,Z),edge(Z,Y)., transmit(A,B):-path(A,B),node(A),node(B),not not_transmit(A,B)., not_transmit(A,B):-path(A,B),node(A),node(B),not transmit(A,B)., qr:-transmit(1,10)., node(1)., node(2)., node(3)., node(4)., node(5)., node(6)., node(7)., node(8)., node(9)., node(10)., query(qr).]
tracc
nnf_construction_time: 5.510564565658569
Pre simplification
number of sums: 2047
number of prods: 2151
-0.740860168188072*v_36*v_37*v_40*v_41 + 1.11022302462516e-16*v_36*v_37*v_40 + 0.770488205751891*v_36*v_41 + 0.769788256624475*v_37*v_40
Post simplification
symp_time: 1.612907886505127
number of sums: 3
number of subs: 2
number of prods: 11
opt_time: 1.1607379913330078
     fun: 3.2664784187000517
     jac: array([1., 1., 1., 1.])
 message: 'Optimization terminated successfully'
    nfev: 7
     nit: 7
    njev: 7
  status: 0
 success: True
       x: array([0.7866196, 0.8466196, 0.7866196, 0.8466196])

real	0m9.352s
user	0m8.797s
sys	0m0.410s
Instance 5
[INFO] aspmc: Tree Decomposition #bags: 251 unfolded treewidth: 8 #vertices: 320
[INFO] aspmc: Preprocessing disabled
[INFO] aspmc:    Stats Compilation
[INFO] aspmc: ------------------------------------------------------------
[INFO] aspmc: X/D-Constrained Tree Decomposition #bags: 203 treewidth: 12 #vertices: 320
[INFO] aspmc: Dtree time:               1.1029210090637207
[INFO] aspmc: Compilation time:         0.390256404876709
[INFO] aspmc: Preparation time:         0.00038933753967285156
[INFO] aspmc: Counting time:            2.9940345287323
[INFO] aspmc: ------------------------------------------------------------
[0.5::edge(1,2)., 0.5::edge(1,3)., 0.8121440014439971::edge(2,4)., 0.9318293737581665::edge(3,5)., 0.9615464115892465::edge(4,6)., 0.9624207154646245::edge(5,6)., 0.8785836646800782::edge(6,7)., 0.994983574039669::edge(6,8)., 0.840237422823531::edge(7,9)., 0.877123958103951::edge(8,9)., 0.8281664113721792::edge(9,10)., path(X,X):-node(X)., path(X,Y):-path(X,Z),edge(Z,Y)., transmit(A,B):-path(A,B),node(A),node(B),not not_transmit(A,B)., not_transmit(A,B):-path(A,B),node(A),node(B),not transmit(A,B)., qr:-transmit(1,10)., node(1)., node(2)., node(3)., node(4)., node(5)., node(6)., node(7)., node(8)., node(9)., node(10)., query(qr).]
tracc
nnf_construction_time: 5.632927656173706
Pre simplification
number of sums: 2047
number of prods: 2151
-0.770488205751891*v_34*v_36*v_37*v_40*v_41 + 0.80057316903141*v_34*v_37*v_40 + 0.770488205751891*v_36*v_41
Post simplification
symp_time: 1.6259255409240723
number of sums: 2
number of subs: 1
number of prods: 10
opt_time: 1.4723005294799805
     fun: 4.176106606238092
     jac: array([1., 1., 1., 1., 1.])
 message: 'Optimization terminated successfully'
    nfev: 6
     nit: 5
    njev: 5
  status: 0
 success: True
       x: array([0.81122132, 0.87122132, 0.81122132, 0.87122132, 0.81122132])

real	0m9.808s
user	0m9.232s
sys	0m0.430s
Instance 6
[INFO] aspmc: Tree Decomposition #bags: 251 unfolded treewidth: 8 #vertices: 320
[INFO] aspmc: Preprocessing disabled
[INFO] aspmc:    Stats Compilation
[INFO] aspmc: ------------------------------------------------------------
[INFO] aspmc: X/D-Constrained Tree Decomposition #bags: 203 treewidth: 12 #vertices: 320
[INFO] aspmc: Dtree time:               1.1037402153015137
[INFO] aspmc: Compilation time:         0.3903210163116455
[INFO] aspmc: Preparation time:         0.0003833770751953125
[INFO] aspmc: Counting time:            2.7818310260772705
[INFO] aspmc: ------------------------------------------------------------
[0.5::edge(1,2)., 0.5::edge(1,3)., 0.8121440014439971::edge(2,4)., 0.9318293737581665::edge(3,5)., 0.9615464115892465::edge(4,6)., 0.9624207154646245::edge(5,6)., 0.8785836646800782::edge(6,7)., 0.994983574039669::edge(6,8)., 0.840237422823531::edge(7,9)., 0.877123958103951::edge(8,9)., 0.8281664113721792::edge(9,10)., path(X,X):-node(X)., path(X,Y):-path(X,Z),edge(Z,Y)., transmit(A,B):-path(A,B),node(A),node(B),not not_transmit(A,B)., not_transmit(A,B):-path(A,B),node(A),node(B),not transmit(A,B)., qr:-transmit(1,10)., node(1)., node(2)., node(3)., node(4)., node(5)., node(6)., node(7)., node(8)., node(9)., node(10)., query(qr).]
tracc
nnf_construction_time: 5.4215874671936035
Pre simplification
number of sums: 2047
number of prods: 2151
-0.80057316903141*v_32*v_34*v_36*v_37*v_40*v_41 + 0.80057316903141*v_32*v_36*v_41 + 0.80057316903141*v_34*v_37*v_40
Post simplification
symp_time: 1.6392269134521484
number of sums: 2
number of subs: 1
number of prods: 12
opt_time: 9.529501676559448
     fun: 5.162618689028369
     jac: array([1., 1., 1., 1., 1., 1.])
 message: 'Optimization terminated successfully'
    nfev: 23
     nit: 21
    njev: 20
  status: 0
 success: True
       x: array([0.89043645, 0.83043645, 0.89043645, 0.83043645, 0.89043645,
       0.83043645])

real	0m17.683s
user	0m17.148s
sys	0m0.401s
Instance 7
[INFO] aspmc: Tree Decomposition #bags: 251 unfolded treewidth: 8 #vertices: 320
[INFO] aspmc: Preprocessing disabled
[INFO] aspmc:    Stats Compilation
[INFO] aspmc: ------------------------------------------------------------
[INFO] aspmc: X/D-Constrained Tree Decomposition #bags: 203 treewidth: 12 #vertices: 320
[INFO] aspmc: Dtree time:               1.1047964096069336
[INFO] aspmc: Compilation time:         0.38446950912475586
[INFO] aspmc: Preparation time:         0.000392913818359375
[INFO] aspmc: Counting time:            2.9497151374816895
[INFO] aspmc: ------------------------------------------------------------
[0.5::edge(1,2)., 0.5::edge(1,3)., 0.8121440014439971::edge(2,4)., 0.9318293737581665::edge(3,5)., 0.9615464115892465::edge(4,6)., 0.9624207154646245::edge(5,6)., 0.8785836646800782::edge(6,7)., 0.994983574039669::edge(6,8)., 0.840237422823531::edge(7,9)., 0.877123958103951::edge(8,9)., 0.8281664113721792::edge(9,10)., path(X,X):-node(X)., path(X,Y):-path(X,Z),edge(Z,Y)., transmit(A,B):-path(A,B),node(A),node(B),not not_transmit(A,B)., not_transmit(A,B):-path(A,B),node(A),node(B),not transmit(A,B)., qr:-transmit(1,10)., node(1)., node(2)., node(3)., node(4)., node(5)., node(6)., node(7)., node(8)., node(9)., node(10)., query(qr).]
tracc
nnf_construction_time: 5.6024603843688965
Pre simplification
number of sums: 2047
number of prods: 2151
(0.0885658695111775*v_27 + 0.722760643245197)*(v_32*(v_34*(v_36*(v_37*(v_40 - v_41*(v_40 - 1)) - v_41*(v_37 - 1)) - v_37*v_40*(v_36 - 1)) - v_36*v_41*(v_34 - 1)) - v_34*v_37*v_40*(v_32 - 1))
Post simplification
symp_time: 1.732131004333496
number of sums: 1
number of subs: 10
number of prods: 15
opt_time: 7.618312358856201
     fun: 6.020174294019182
     jac: array([1., 1., 1., 1., 1., 1., 1.])
 message: 'Optimization terminated successfully'
    nfev: 13
     nit: 10
    njev: 10
  status: 0
 success: True
       x: array([0.86859633, 0.86859633, 0.86859633, 0.86859633, 0.86859633,
       0.86859633, 0.80859633])

real	0m16.054s
user	0m15.464s
sys	0m0.424s
Instance 8
[INFO] aspmc: Tree Decomposition #bags: 251 unfolded treewidth: 8 #vertices: 320
[INFO] aspmc: Preprocessing disabled
[INFO] aspmc:    Stats Compilation
[INFO] aspmc: ------------------------------------------------------------
[INFO] aspmc: X/D-Constrained Tree Decomposition #bags: 203 treewidth: 12 #vertices: 320
[INFO] aspmc: Dtree time:               1.101768970489502
[INFO] aspmc: Compilation time:         0.38439178466796875
[INFO] aspmc: Preparation time:         0.0003368854522705078
[INFO] aspmc: Counting time:            2.7394826412200928
[INFO] aspmc: ------------------------------------------------------------
[0.5::edge(1,2)., 0.5::edge(1,3)., 0.8121440014439971::edge(2,4)., 0.9318293737581665::edge(3,5)., 0.9615464115892465::edge(4,6)., 0.9624207154646245::edge(5,6)., 0.8785836646800782::edge(6,7)., 0.994983574039669::edge(6,8)., 0.840237422823531::edge(7,9)., 0.877123958103951::edge(8,9)., 0.8281664113721792::edge(9,10)., path(X,X):-node(X)., path(X,Y):-path(X,Z),edge(Z,Y)., transmit(A,B):-path(A,B),node(A),node(B),not not_transmit(A,B)., not_transmit(A,B):-path(A,B),node(A),node(B),not transmit(A,B)., qr:-transmit(1,10)., node(1)., node(2)., node(3)., node(4)., node(5)., node(6)., node(7)., node(8)., node(9)., node(10)., query(qr).]
tracc
nnf_construction_time: 5.3693835735321045
Pre simplification
number of sums: 2047
number of prods: 2151
(v_32*(v_34*(v_36*(v_37*(v_40 - v_41*(v_40 - 1)) - v_41*(v_37 - 1)) - v_37*v_40*(v_36 - 1)) - v_36*v_41*(v_34 - 1)) - v_34*v_37*v_40*(v_32 - 1))*(0.116052273192121*v_27*v_29 + 0.695856407669062*v_27 - 0.726404601078184*v_29*(v_27 - 1))
Post simplification
symp_time: 1.7457733154296875
number of sums: 1
number of subs: 12
number of prods: 19
opt_time: 16.168900728225708
     fun: 7.027197285399292
     jac: array([1., 1., 1., 1., 1., 1., 1., 1.])
 message: 'Optimization terminated successfully'
    nfev: 22
     nit: 15
    njev: 15
  status: 0
 success: True
       x: array([0.88589966, 0.88589966, 0.88589966, 0.88589966, 0.88589966,
       0.88589966, 0.82589966, 0.88589966])

real	0m24.364s
user	0m23.761s
sys	0m0.440s
Instance 9
[INFO] aspmc: Tree Decomposition #bags: 251 unfolded treewidth: 8 #vertices: 320
[INFO] aspmc: Preprocessing disabled
[INFO] aspmc:    Stats Compilation
[INFO] aspmc: ------------------------------------------------------------
[INFO] aspmc: X/D-Constrained Tree Decomposition #bags: 203 treewidth: 12 #vertices: 320
[INFO] aspmc: Dtree time:               1.0899271965026855
[INFO] aspmc: Compilation time:         0.3491246700286865
[INFO] aspmc: Preparation time:         0.00034689903259277344
[INFO] aspmc: Counting time:            2.5006799697875977
[INFO] aspmc: ------------------------------------------------------------
[0.5::edge(1,2)., 0.5::edge(1,3)., 0.8121440014439971::edge(2,4)., 0.9318293737581665::edge(3,5)., 0.9615464115892465::edge(4,6)., 0.9624207154646245::edge(5,6)., 0.8785836646800782::edge(6,7)., 0.994983574039669::edge(6,8)., 0.840237422823531::edge(7,9)., 0.877123958103951::edge(8,9)., 0.8281664113721792::edge(9,10)., path(X,X):-node(X)., path(X,Y):-path(X,Z),edge(Z,Y)., transmit(A,B):-path(A,B),node(A),node(B),not not_transmit(A,B)., not_transmit(A,B):-path(A,B),node(A),node(B),not transmit(A,B)., qr:-transmit(1,10)., node(1)., node(2)., node(3)., node(4)., node(5)., node(6)., node(7)., node(8)., node(9)., node(10)., query(qr).]
tracc
nnf_construction_time: 5.069552659988403
Pre simplification
number of sums: 2047
number of prods: 2151
(v_32*(v_34*(v_36*(v_37*(v_40 - v_41*(v_40 - 1)) - v_41*(v_37 - 1)) - v_37*v_40*(v_36 - 1)) - v_36*v_41*(v_34 - 1)) - v_34*v_37*v_40*(v_32 - 1))*(0.101761808921816*v_26*v_27 + 0.726404601078184*v_26*(v_27 - v_29*(v_27 - 1)) - 0.726404601078184*v_29*(v_26 - 1))
Post simplification
symp_time: 1.7689049243927002
number of sums: 1
number of subs: 14
number of prods: 21
opt_time: 20.29101324081421
     fun: 7.864350112317306
     jac: array([1., 1., 1., 1., 1., 1., 1., 1., 1.])
 message: 'Optimization terminated successfully'
    nfev: 20
     nit: 14
    njev: 14
  status: 0
 success: True
       x: array([0.88715001, 0.88715001, 0.88715001, 0.88715001, 0.88715001,
       0.88715001, 0.82715001, 0.88715001, 0.82715001])

real	0m28.106s
user	0m27.574s
sys	0m0.383s
Instance 10
[INFO] aspmc: Tree Decomposition #bags: 251 unfolded treewidth: 8 #vertices: 320
[INFO] aspmc: Preprocessing disabled
[INFO] aspmc:    Stats Compilation
[INFO] aspmc: ------------------------------------------------------------
[INFO] aspmc: X/D-Constrained Tree Decomposition #bags: 203 treewidth: 12 #vertices: 320
[INFO] aspmc: Dtree time:               1.083371639251709
[INFO] aspmc: Compilation time:         0.3203113079071045
[INFO] aspmc: Preparation time:         0.0002903938293457031
[INFO] aspmc: Counting time:            2.4165165424346924
[INFO] aspmc: ------------------------------------------------------------
[0.5::edge(1,2)., 0.5::edge(1,3)., 0.8121440014439971::edge(2,4)., 0.9318293737581665::edge(3,5)., 0.9615464115892465::edge(4,6)., 0.9624207154646245::edge(5,6)., 0.8785836646800782::edge(6,7)., 0.994983574039669::edge(6,8)., 0.840237422823531::edge(7,9)., 0.877123958103951::edge(8,9)., 0.8281664113721792::edge(9,10)., path(X,X):-node(X)., path(X,Y):-path(X,Z),edge(Z,Y)., transmit(A,B):-path(A,B),node(A),node(B),not not_transmit(A,B)., not_transmit(A,B):-path(A,B),node(A),node(B),not transmit(A,B)., qr:-transmit(1,10)., node(1)., node(2)., node(3)., node(4)., node(5)., node(6)., node(7)., node(8)., node(9)., node(10)., query(qr).]
tracc
nnf_construction_time: 4.9495158195495605
Pre simplification
number of sums: 2047
number of prods: 2151
0.82816641*v_23*v_26*v_27*v_29*v_32*v_34*v_36*v_37*v_40*v_41 - 0.82816641*v_23*v_26*v_27*v_29*v_32*v_36*v_41 - 0.82816641*v_23*v_26*v_27*v_29*v_34*v_37*v_40 - 0.82816641*v_23*v_29*v_32*v_34*v_36*v_37*v_40*v_41 + 0.82816641*v_23*v_29*v_32*v_36*v_41 + 0.82816641*v_23*v_29*v_34*v_37*v_40 - 0.82816641*v_26*v_27*v_32*v_34*v_36*v_37*v_40*v_41 + 0.82816641*v_26*v_27*v_32*v_36*v_41 + 0.82816641*v_26*v_27*v_34*v_37*v_40
Post simplification
symp_time: 1.7023937702178955
number of sums: 4
number of subs: 4
number of prods: 60
opt_time: 28.68415141105652
     fun: 8.752034288548806
     jac: array([1., 1., 1., 1., 1., 1., 1., 1., 1., 1.])
 message: 'Optimization terminated successfully'
    nfev: 21
     nit: 13
    njev: 13
  status: 0
 success: True
       x: array([0.89120158, 0.89120158, 0.89120158, 0.89120158, 0.89120158,
       0.89120158, 0.8512062 , 0.8512062 , 0.8512062 , 0.8512062 ])

real	0m36.300s
user	0m35.755s
sys	0m0.366s
Instance 11
[INFO] aspmc: Tree Decomposition #bags: 251 unfolded treewidth: 8 #vertices: 320
[INFO] aspmc: Preprocessing disabled
[INFO] aspmc:    Stats Compilation
[INFO] aspmc: ------------------------------------------------------------
[INFO] aspmc: X/D-Constrained Tree Decomposition #bags: 203 treewidth: 12 #vertices: 320
[INFO] aspmc: Dtree time:               1.0827834606170654
[INFO] aspmc: Compilation time:         0.31986141204833984
[INFO] aspmc: Preparation time:         0.0002818107604980469
[INFO] aspmc: Counting time:            2.3716540336608887
[INFO] aspmc: ------------------------------------------------------------
[0.5::edge(1,2)., 0.5::edge(1,3)., 0.8121440014439971::edge(2,4)., 0.9318293737581665::edge(3,5)., 0.9615464115892465::edge(4,6)., 0.9624207154646245::edge(5,6)., 0.8785836646800782::edge(6,7)., 0.994983574039669::edge(6,8)., 0.840237422823531::edge(7,9)., 0.877123958103951::edge(8,9)., 0.8281664113721792::edge(9,10)., path(X,X):-node(X)., path(X,Y):-path(X,Z),edge(Z,Y)., transmit(A,B):-path(A,B),node(A),node(B),not not_transmit(A,B)., not_transmit(A,B):-path(A,B),node(A),node(B),not transmit(A,B)., qr:-transmit(1,10)., node(1)., node(2)., node(3)., node(4)., node(5)., node(6)., node(7)., node(8)., node(9)., node(10)., query(qr).]
tracc
nnf_construction_time: 4.896227121353149
Pre simplification
number of sums: 2047
number of prods: 2151
-v_21*(v_23*(v_26*(v_27 - v_29*(v_27 - 1)) - v_29*(v_26 - 1)) - v_26*v_27*(v_23 - 1))*(v_32*(v_34*(-v_36*(v_37*(v_40 - v_41*(v_40 - 1)) - v_41*(v_37 - 1)) + v_37*v_40*(v_36 - 1)) + v_36*v_41*(v_34 - 1)) + v_34*v_37*v_40*(v_32 - 1))
Post simplification
symp_time: 1.6625211238861084
number of sums: 3
number of subs: 15
number of prods: 21
opt_time: 30.011457681655884
     fun: 9.354066659905996
     jac: array([1., 1., 1., 1., 1., 1., 1., 1., 1., 1., 1.])
 message: 'Optimization terminated successfully'
    nfev: 21
     nit: 14
    njev: 13
  status: 0
 success: True
       x: array([0.84491515, 0.84491515, 0.84491515, 0.84491515, 0.84491515,
       0.84491515, 0.84491515, 0.84491515, 0.84491515, 0.84491515,
       0.90491515])

real	0m37.525s
user	0m36.985s
sys	0m0.373s
Ended at: 
Thu Dec  7 17:53:34 CET 2023
