Started at: 
Thu Dec  7 17:44:59 CET 2023
Instance 2
[INFO] aspmc: Tree Decomposition #bags: 83 unfolded treewidth: 3 #vertices: 111
[INFO] aspmc: Preprocessing disabled
[INFO] aspmc:    Stats Compilation
[INFO] aspmc: ------------------------------------------------------------
[INFO] aspmc: X/D-Constrained Tree Decomposition #bags: 70 treewidth: 7 #vertices: 111
[INFO] aspmc: Dtree time:               2.0377628803253174
[INFO] aspmc: Compilation time:         0.021286964416503906
[INFO] aspmc: Preparation time:         0.0001556873321533203
[INFO] aspmc: Counting time:            0.12120819091796875
[INFO] aspmc: ------------------------------------------------------------
[0.5::edge(1,2)., 0.5::edge(1,3)., 0.816343623039356::edge(2,4)., 0.8285621451275564::edge(3,5)., 0.8780109837190632::edge(4,6)., 0.9710507923144887::edge(5,6)., path(X,X):-node(X)., path(X,Y):-path(X,Z),edge(Z,Y)., transmit(A,B):-path(A,B),node(A),node(B),not not_transmit(A,B)., not_transmit(A,B):-path(A,B),node(A),node(B),not transmit(A,B)., qr:-transmit(1,6)., node(1)., node(2)., node(3)., node(4)., node(5)., node(6)., query(qr).]
tracc
nnf_construction_time: 3.3002026081085205
Pre simplification
number of sums: 63
number of prods: 77
-0.576686767144216*v_22*v_23 + 0.716758661812948*v_22 + 0.804575930321599*v_23
Post simplification
symp_time: 0.3180563449859619
number of sums: 2
number of subs: 1
number of prods: 4
opt_time: 0.06851387023925781
     fun: 1.1201527342637119
     jac: array([1., 1.])
 message: 'Optimization terminated successfully'
    nfev: 4
     nit: 4
    njev: 4
  status: 0
 success: True
       x: array([0.4       , 0.72015273])

real	0m4.871s
user	0m4.172s
sys	0m0.567s
Instance 3
[INFO] aspmc: Tree Decomposition #bags: 83 unfolded treewidth: 3 #vertices: 111
[INFO] aspmc: Preprocessing disabled
[INFO] aspmc:    Stats Compilation
[INFO] aspmc: ------------------------------------------------------------
[INFO] aspmc: X/D-Constrained Tree Decomposition #bags: 70 treewidth: 7 #vertices: 111
[INFO] aspmc: Dtree time:               2.037794828414917
[INFO] aspmc: Compilation time:         0.021486282348632812
[INFO] aspmc: Preparation time:         0.00015997886657714844
[INFO] aspmc: Counting time:            0.11899042129516602
[INFO] aspmc: ------------------------------------------------------------
[0.5::edge(1,2)., 0.5::edge(1,3)., 0.816343623039356::edge(2,4)., 0.8285621451275564::edge(3,5)., 0.8780109837190632::edge(4,6)., 0.9710507923144887::edge(5,6)., path(X,X):-node(X)., path(X,Y):-path(X,Z),edge(Z,Y)., transmit(A,B):-path(A,B),node(A),node(B),not not_transmit(A,B)., not_transmit(A,B):-path(A,B),node(A),node(B),not transmit(A,B)., qr:-transmit(1,6)., node(1)., node(2)., node(3)., node(4)., node(5)., node(6)., query(qr).]
tracc
nnf_construction_time: 3.2970378398895264
Pre simplification
number of sums: 63
number of prods: 77
-0.706426501066079*v_19*v_22*v_23 + 0.87801098*v_19*v_22 + 0.804575930321599*v_23
Post simplification
symp_time: 0.3547790050506592
number of sums: 2
number of subs: 1
number of prods: 6
opt_time: 0.10524964332580566
     fun: 1.6090812118507798
     jac: array([1., 1., 1.])
 message: 'Optimization terminated successfully'
    nfev: 3
     nit: 3
    njev: 3
  status: 0
 success: True
       x: array([0.4       , 0.80908121, 0.4       ])

real	0m4.803s
user	0m4.153s
sys	0m0.519s
Instance 4
[INFO] aspmc: Tree Decomposition #bags: 83 unfolded treewidth: 3 #vertices: 111
[INFO] aspmc: Preprocessing disabled
[INFO] aspmc:    Stats Compilation
[INFO] aspmc: ------------------------------------------------------------
[INFO] aspmc: X/D-Constrained Tree Decomposition #bags: 70 treewidth: 7 #vertices: 111
[INFO] aspmc: Dtree time:               2.037937879562378
[INFO] aspmc: Compilation time:         0.021203041076660156
[INFO] aspmc: Preparation time:         0.0001537799835205078
[INFO] aspmc: Counting time:            0.12033987045288086
[INFO] aspmc: ------------------------------------------------------------
[0.5::edge(1,2)., 0.5::edge(1,3)., 0.816343623039356::edge(2,4)., 0.8285621451275564::edge(3,5)., 0.8780109837190632::edge(4,6)., 0.9710507923144887::edge(5,6)., path(X,X):-node(X)., path(X,Y):-path(X,Z),edge(Z,Y)., transmit(A,B):-path(A,B),node(A),node(B),not not_transmit(A,B)., not_transmit(A,B):-path(A,B),node(A),node(B),not transmit(A,B)., qr:-transmit(1,6)., node(1)., node(2)., node(3)., node(4)., node(5)., node(6)., query(qr).]
tracc
nnf_construction_time: 3.3031604290008545
Pre simplification
number of sums: 63
number of prods: 77
-0.852593255757674*v_18*v_19*v_22*v_23 + 0.97105079*v_18*v_23 + 0.87801098*v_19*v_22
Post simplification
symp_time: 0.384080171585083
number of sums: 2
number of subs: 1
number of prods: 8
opt_time: 0.31273794174194336
     fun: 2.437527487970573
     jac: array([1., 1., 1., 1.])
 message: 'Optimization terminated successfully'
    nfev: 6
     nit: 7
    njev: 6
  status: 0
 success: True
       x: array([0.4       , 0.81876374, 0.4       , 0.81876374])

real	0m5.061s
user	0m4.412s
sys	0m0.525s
Instance 5
[INFO] aspmc: Tree Decomposition #bags: 83 unfolded treewidth: 3 #vertices: 111
[INFO] aspmc: Preprocessing disabled
[INFO] aspmc:    Stats Compilation
[INFO] aspmc: ------------------------------------------------------------
[INFO] aspmc: X/D-Constrained Tree Decomposition #bags: 70 treewidth: 7 #vertices: 111
[INFO] aspmc: Dtree time:               2.037620782852173
[INFO] aspmc: Compilation time:         0.01969003677368164
[INFO] aspmc: Preparation time:         0.00015735626220703125
[INFO] aspmc: Counting time:            0.10789608955383301
[INFO] aspmc: ------------------------------------------------------------
[0.5::edge(1,2)., 0.5::edge(1,3)., 0.816343623039356::edge(2,4)., 0.8285621451275564::edge(3,5)., 0.8780109837190632::edge(4,6)., 0.9710507923144887::edge(5,6)., path(X,X):-node(X)., path(X,Y):-path(X,Z),edge(Z,Y)., transmit(A,B):-path(A,B),node(A),node(B),not not_transmit(A,B)., not_transmit(A,B):-path(A,B),node(A),node(B),not transmit(A,B)., qr:-transmit(1,6)., node(1)., node(2)., node(3)., node(4)., node(5)., node(6)., query(qr).]
tracc
nnf_construction_time: 3.2763824462890625
Pre simplification
number of sums: 63
number of prods: 77
-0.97105079*v_16*v_18*v_19*v_22*v_23 + 1.0*v_16*v_19*v_22 + 0.97105079*v_18*v_23
Post simplification
symp_time: 0.3604753017425537
number of sums: 2
number of subs: 1
number of prods: 10
opt_time: 0.3717210292816162
     fun: 2.8730143119630207
     jac: array([1., 1., 1., 1., 1.])
 message: 'Optimization terminated successfully'
    nfev: 5
     nit: 6
    njev: 5
  status: 0
 success: True
       x: array([0.4       , 0.83650716, 0.4       , 0.83650716, 0.4       ])

real	0m5.071s
user	0m4.320s
sys	0m0.575s
Instance 6
[INFO] aspmc: Tree Decomposition #bags: 83 unfolded treewidth: 3 #vertices: 111
[INFO] aspmc: Preprocessing disabled
[INFO] aspmc:    Stats Compilation
[INFO] aspmc: ------------------------------------------------------------
[INFO] aspmc: X/D-Constrained Tree Decomposition #bags: 70 treewidth: 7 #vertices: 111
[INFO] aspmc: Dtree time:               2.033975839614868
[INFO] aspmc: Compilation time:         0.018487930297851562
[INFO] aspmc: Preparation time:         0.00015854835510253906
[INFO] aspmc: Counting time:            0.1031644344329834
[INFO] aspmc: ------------------------------------------------------------
[0.5::edge(1,2)., 0.5::edge(1,3)., 0.816343623039356::edge(2,4)., 0.8285621451275564::edge(3,5)., 0.8780109837190632::edge(4,6)., 0.9710507923144887::edge(5,6)., path(X,X):-node(X)., path(X,Y):-path(X,Z),edge(Z,Y)., transmit(A,B):-path(A,B),node(A),node(B),not not_transmit(A,B)., not_transmit(A,B):-path(A,B),node(A),node(B),not transmit(A,B)., qr:-transmit(1,6)., node(1)., node(2)., node(3)., node(4)., node(5)., node(6)., query(qr).]
tracc
nnf_construction_time: 3.2605345249176025
Pre simplification
number of sums: 63
number of prods: 77
-v_13*v_16*v_18*v_19*v_22*v_23 + v_13*v_18*v_23 + v_16*v_19*v_22
Post simplification
symp_time: 0.3250162601470947
number of sums: 2
number of subs: 1
number of prods: 9
opt_time: 0.3826329708099365
     fun: 4.60560010427129
     jac: array([1., 1., 1., 1., 1., 1.])
 message: 'Optimization terminated successfully'
    nfev: 6
     nit: 5
    njev: 5
  status: 0
 success: True
       x: array([0.76760002, 0.76760002, 0.76760002, 0.76760002, 0.76760002,
       0.76760002])

real	0m4.923s
user	0m4.248s
sys	0m0.545s
Ended at: 
Thu Dec  7 17:45:24 CET 2023
