Started at: 
Tue Dec  5 08:54:30 CET 2023
Instance 2
[INFO] aspmc: Tree Decomposition #bags: 1127 unfolded treewidth: 22 #vertices: 1393
[INFO] aspmc: Preprocessing disabled
[INFO] aspmc:    Stats Compilation
[INFO] aspmc: ------------------------------------------------------------
[INFO] aspmc: X/D-Constrained Tree Decomposition #bags: 926 treewidth: 26 #vertices: 1393
[INFO] aspmc: Dtree time:               1.8781132698059082
[0.5::edge(1,2)., 0.5::edge(1,3)., 0.9687707636588313::edge(2,4)., 0.9646874930197632::edge(3,5)., 0.9283384312307381::edge(4,6)., 0.8460249356543822::edge(5,6)., 0.8065217025904283::edge(6,7)., 0.8837985114784814::edge(6,8)., 0.8217266426425255::edge(7,9)., 0.9160468311002403::edge(8,9)., 0.8609342770498432::edge(9,10)., 0.8742617737437751::edge(9,11)., 0.9370828208588458::edge(10,12)., 0.9123828894001469::edge(11,13)., 0.9080626965083987::edge(12,13)., 0.9100555085932374::edge(13,14)., 0.8241009923708472::edge(14,17)., 0.8388971286185476::edge(13,15)., 0.8029509808048862::edge(15,16)., 0.8184958217141587::edge(16,17)., 0.8896559188178497::edge(17,18)., 0.9357395828838182::edge(17,19)., 0.9072627295729219::edge(18,20)., 0.957101767551221::edge(19,21)., 0.8105176098419311::edge(20,21)., path(X,X):-node(X)., path(X,Y):-path(X,Z),edge(Z,Y)., transmit(A,B):-path(A,B),node(A),node(B),not not_transmit(A,B)., not_transmit(A,B):-path(A,B),node(A),node(B),not transmit(A,B)., qr:-transmit(1,21)., node(1)., node(2)., node(3)., node(4)., node(5)., node(6)., node(7)., node(8)., node(9)., node(10)., node(11)., node(12)., node(13)., node(14)., node(15)., node(16)., node(17)., node(18)., node(19)., node(20)., node(21)., query(qr).]
Traceback (most recent call last):
  File "/home/dazzolin/test/2023aspmc/aspmc/experiments/graphs/runner_without_pair_constr.py", line 26, in <module>
    res = compute_optimal_probability(
  File "/home/dazzolin/test/2023aspmc/aspmc/experiments/graphs/a.py", line 162, in compute_optimal_probability
    lq, uq, symb_vars = get_eq(current_prog,query,optimizable_facts)
  File "/home/dazzolin/test/2023aspmc/aspmc/experiments/graphs/a.py", line 98, in get_eq
    results = cnf.evaluate(strategy = strategy, preprocessing = preprocessing)
  File "/home/dazzolin/test/2023aspmc/aspmc/aspmc/compile/cnf.py", line 904, in evaluate
    return self.solve_compilation(preprocessing = preprocessing)
  File "/home/dazzolin/test/2023aspmc/aspmc/aspmc/compile/cnf.py", line 934, in solve_compilation
    results = self.solve_compilation_two()
  File "/home/dazzolin/test/2023aspmc/aspmc/aspmc/compile/cnf.py", line 811, in solve_compilation_two
    CNF.compile_two(cnf_tmp, knowledge_compiler = config.config["knowledge_compiler"])
  File "/home/dazzolin/test/2023aspmc/aspmc/aspmc/compile/cnf.py", line 759, in compile_two
    logger.error(f"Knowledge compilation failed with exit code {p.exitcode}.")
AttributeError: 'Popen' object has no attribute 'exitcode'

real	64m6.739s
user	43m10.323s
sys	20m52.055s
Instance 3
[INFO] aspmc: Tree Decomposition #bags: 1127 unfolded treewidth: 22 #vertices: 1393
[INFO] aspmc: Preprocessing disabled
[INFO] aspmc:    Stats Compilation
[INFO] aspmc: ------------------------------------------------------------
[INFO] aspmc: X/D-Constrained Tree Decomposition #bags: 926 treewidth: 26 #vertices: 1393
[INFO] aspmc: Dtree time:               1.880791187286377
slurmstepd: error: *** JOB 2096389 ON node02 CANCELLED AT 2023-12-05T10:55:57 ***
[0.5::edge(1,2)., 0.5::edge(1,3)., 0.9687707636588313::edge(2,4)., 0.9646874930197632::edge(3,5)., 0.9283384312307381::edge(4,6)., 0.8460249356543822::edge(5,6)., 0.8065217025904283::edge(6,7)., 0.8837985114784814::edge(6,8)., 0.8217266426425255::edge(7,9)., 0.9160468311002403::edge(8,9)., 0.8609342770498432::edge(9,10)., 0.8742617737437751::edge(9,11)., 0.9370828208588458::edge(10,12)., 0.9123828894001469::edge(11,13)., 0.9080626965083987::edge(12,13)., 0.9100555085932374::edge(13,14)., 0.8241009923708472::edge(14,17)., 0.8388971286185476::edge(13,15)., 0.8029509808048862::edge(15,16)., 0.8184958217141587::edge(16,17)., 0.8896559188178497::edge(17,18)., 0.9357395828838182::edge(17,19)., 0.9072627295729219::edge(18,20)., 0.957101767551221::edge(19,21)., 0.8105176098419311::edge(20,21)., path(X,X):-node(X)., path(X,Y):-path(X,Z),edge(Z,Y)., transmit(A,B):-path(A,B),node(A),node(B),not not_transmit(A,B)., not_transmit(A,B):-path(A,B),node(A),node(B),not transmit(A,B)., qr:-transmit(1,21)., node(1)., node(2)., node(3)., node(4)., node(5)., node(6)., node(7)., node(8)., node(9)., node(10)., node(11)., node(12)., node(13)., node(14)., node(15)., node(16)., node(17)., node(18)., node(19)., node(20)., node(21)., query(qr).]
Traceback (most recent call last):
  File "/home/dazzolin/test/2023aspmc/aspmc/experiments/graphs/runner_without_pair_constr.py", line 26, in <module>
    res = compute_optimal_probability(
  File "/home/dazzolin/test/2023aspmc/aspmc/experiments/graphs/a.py", line 162, in compute_optimal_probability
    lq, uq, symb_vars = get_eq(current_prog,query,optimizable_facts)
  File "/home/dazzolin/test/2023aspmc/aspmc/experiments/graphs/a.py", line 98, in get_eq
    results = cnf.evaluate(strategy = strategy, preprocessing = preprocessing)
  File "/home/dazzolin/test/2023aspmc/aspmc/aspmc/compile/cnf.py", line 904, in evaluate
    return self.solve_compilation(preprocessing = preprocessing)
  File "/home/dazzolin/test/2023aspmc/aspmc/aspmc/compile/cnf.py", line 934, in solve_compilation
    results = self.solve_compilation_two()
  File "/home/dazzolin/test/2023aspmc/aspmc/aspmc/compile/cnf.py", line 811, in solve_compilation_two
    CNF.compile_two(cnf_tmp, knowledge_compiler = config.config["knowledge_compiler"])
  File "/home/dazzolin/test/2023aspmc/aspmc/aspmc/compile/cnf.py", line 750, in compile_two
    for line in iter(p.stdout.readline, b''):
  File "/home/dazzolin/test/2023aspmc/aspmc/aspmc/signal_handling.py", line 9, in handler
    os.remove(name)
FileNotFoundError: [Errno 2] No such file or directory: '/tmp/tmppcspad9c.nnf'
