Started at: 
Thu Dec  7 17:45:00 CET 2023
Instance 2
[INFO] aspmc: Tree Decomposition #bags: 118 unfolded treewidth: 4 #vertices: 154
[INFO] aspmc: Preprocessing disabled
[INFO] aspmc:    Stats Compilation
[INFO] aspmc: ------------------------------------------------------------
[INFO] aspmc: X/D-Constrained Tree Decomposition #bags: 94 treewidth: 8 #vertices: 154
[INFO] aspmc: Dtree time:               1.0479836463928223
[INFO] aspmc: Compilation time:         0.031416893005371094
[INFO] aspmc: Preparation time:         0.00018930435180664062
[INFO] aspmc: Counting time:            0.2787044048309326
[INFO] aspmc: ------------------------------------------------------------
[0.5::edge(1,2)., 0.5::edge(1,3)., 0.816343623039356::edge(2,4)., 0.8285621451275564::edge(3,5)., 0.8780109837190632::edge(4,6)., 0.9710507923144887::edge(5,6)., 0.8081620481122697::edge(6,7)., path(X,X):-node(X)., path(X,Y):-path(X,Z),edge(Z,Y)., transmit(A,B):-path(A,B),node(A),node(B),not not_transmit(A,B)., not_transmit(A,B):-path(A,B),node(A),node(B),not transmit(A,B)., qr:-transmit(1,7)., node(1)., node(2)., node(3)., node(4)., node(5)., node(6)., node(7)., query(qr).]
tracc
nnf_construction_time: 2.4818170070648193
Pre simplification
number of sums: 127
number of prods: 156
-0.466056359943142*v_25*v_27 + 0.579257149486008*v_25 + 0.65022773322936*v_27
Post simplification
symp_time: 0.354114294052124
number of sums: 2
number of subs: 1
number of prods: 4
opt_time: 0.06700682640075684
     fun: 1.552794716674284
     jac: array([1., 1.])
 message: 'Optimization terminated successfully'
    nfev: 4
     nit: 4
    njev: 4
  status: 0
 success: True
       x: array([0.60279472, 0.95      ])

real	0m4.066s
user	0m3.638s
sys	0m0.309s
Instance 3
[INFO] aspmc: Tree Decomposition #bags: 118 unfolded treewidth: 4 #vertices: 154
[INFO] aspmc: Preprocessing disabled
[INFO] aspmc:    Stats Compilation
[INFO] aspmc: ------------------------------------------------------------
[INFO] aspmc: X/D-Constrained Tree Decomposition #bags: 94 treewidth: 8 #vertices: 154
[INFO] aspmc: Dtree time:               1.0476658344268799
[INFO] aspmc: Compilation time:         0.03119349479675293
[INFO] aspmc: Preparation time:         0.00019168853759765625
[INFO] aspmc: Counting time:            0.2745230197906494
[INFO] aspmc: ------------------------------------------------------------
[0.5::edge(1,2)., 0.5::edge(1,3)., 0.816343623039356::edge(2,4)., 0.8285621451275564::edge(3,5)., 0.8780109837190632::edge(4,6)., 0.9710507923144887::edge(5,6)., 0.8081620481122697::edge(6,7)., path(X,X):-node(X)., path(X,Y):-path(X,Z),edge(Z,Y)., transmit(A,B):-path(A,B),node(A),node(B),not not_transmit(A,B)., not_transmit(A,B):-path(A,B),node(A),node(B),not transmit(A,B)., qr:-transmit(1,7)., node(1)., node(2)., node(3)., node(4)., node(5)., node(6)., node(7)., query(qr).]
tracc
nnf_construction_time: 2.4767236709594727
Pre simplification
number of sums: 127
number of prods: 156
-0.570907089275889*v_24*v_25*v_27 + 0.709575153519309*v_24*v_25 + 0.65022773322936*v_27
Post simplification
symp_time: 0.3975234031677246
number of sums: 2
number of subs: 1
number of prods: 6
opt_time: 0.41346096992492676
     fun: 2.352979146143689
     jac: array([1., 1., 1.])
 message: 'Optimization terminated successfully'
    nfev: 30
     nit: 15
    njev: 13
  status: 0
 success: True
       x: array([0.70148957, 0.95      , 0.70148957])

real	0m4.367s
user	0m3.965s
sys	0m0.282s
Instance 4
[INFO] aspmc: Tree Decomposition #bags: 118 unfolded treewidth: 4 #vertices: 154
[INFO] aspmc: Preprocessing disabled
[INFO] aspmc:    Stats Compilation
[INFO] aspmc: ------------------------------------------------------------
[INFO] aspmc: X/D-Constrained Tree Decomposition #bags: 94 treewidth: 8 #vertices: 154
[INFO] aspmc: Dtree time:               1.0473759174346924
[INFO] aspmc: Compilation time:         0.03155326843261719
[INFO] aspmc: Preparation time:         0.00021076202392578125
[INFO] aspmc: Counting time:            0.27518558502197266
[INFO] aspmc: ------------------------------------------------------------
[0.5::edge(1,2)., 0.5::edge(1,3)., 0.816343623039356::edge(2,4)., 0.8285621451275564::edge(3,5)., 0.8780109837190632::edge(4,6)., 0.9710507923144887::edge(5,6)., 0.8081620481122697::edge(6,7)., path(X,X):-node(X)., path(X,Y):-path(X,Z),edge(Z,Y)., transmit(A,B):-path(A,B),node(A),node(B),not not_transmit(A,B)., not_transmit(A,B):-path(A,B),node(A),node(B),not transmit(A,B)., qr:-transmit(1,7)., node(1)., node(2)., node(3)., node(4)., node(5)., node(6)., node(7)., query(qr).]
tracc
nnf_construction_time: 2.4769716262817383
Pre simplification
number of sums: 127
number of prods: 156
-0.689033513389296*v_22*v_24*v_25*v_27 + 0.78476639710052*v_22*v_27 + 0.709575153519309*v_24*v_25
Post simplification
symp_time: 0.4280257225036621
number of sums: 2
number of subs: 1
number of prods: 8
opt_time: 0.41709303855895996
     fun: 2.664895057101334
     jac: array([1., 1., 1., 1.])
 message: 'Optimization terminated successfully'
    nfev: 8
     nit: 9
    njev: 8
  status: 0
 success: True
       x: array([0.4       , 0.93244753, 0.4       , 0.93244753])

real	0m4.432s
user	0m3.998s
sys	0m0.311s
Instance 5
[INFO] aspmc: Tree Decomposition #bags: 118 unfolded treewidth: 4 #vertices: 154
[INFO] aspmc: Preprocessing disabled
[INFO] aspmc:    Stats Compilation
[INFO] aspmc: ------------------------------------------------------------
[INFO] aspmc: X/D-Constrained Tree Decomposition #bags: 94 treewidth: 8 #vertices: 154
[INFO] aspmc: Dtree time:               1.048128366470337
[INFO] aspmc: Compilation time:         0.03135108947753906
[INFO] aspmc: Preparation time:         0.00019168853759765625
[INFO] aspmc: Counting time:            0.27042222023010254
[INFO] aspmc: ------------------------------------------------------------
[0.5::edge(1,2)., 0.5::edge(1,3)., 0.816343623039356::edge(2,4)., 0.8285621451275564::edge(3,5)., 0.8780109837190632::edge(4,6)., 0.9710507923144887::edge(5,6)., 0.8081620481122697::edge(6,7)., path(X,X):-node(X)., path(X,Y):-path(X,Z),edge(Z,Y)., transmit(A,B):-path(A,B),node(A),node(B),not not_transmit(A,B)., not_transmit(A,B):-path(A,B),node(A),node(B),not transmit(A,B)., qr:-transmit(1,7)., node(1)., node(2)., node(3)., node(4)., node(5)., node(6)., node(7)., query(qr).]
tracc
nnf_construction_time: 2.4817850589752197
Pre simplification
number of sums: 127
number of prods: 156
-0.78476639710052*v_19*v_22*v_24*v_25*v_27 + 0.80816205*v_19*v_24*v_25 + 0.78476639710052*v_22*v_27
Post simplification
symp_time: 0.4525783061981201
number of sums: 2
number of subs: 1
number of prods: 10
opt_time: 0.5645432472229004
     fun: 3.078894475489228
     jac: array([1., 1., 1., 1., 1.])
 message: 'Optimization terminated successfully'
    nfev: 7
     nit: 8
    njev: 7
  status: 0
 success: True
       x: array([0.4       , 0.93944724, 0.4       , 0.93944724, 0.4       ])

real	0m4.602s
user	0m4.151s
sys	0m0.297s
Instance 6
[INFO] aspmc: Tree Decomposition #bags: 118 unfolded treewidth: 4 #vertices: 154
[INFO] aspmc: Preprocessing disabled
[INFO] aspmc:    Stats Compilation
[INFO] aspmc: ------------------------------------------------------------
[INFO] aspmc: X/D-Constrained Tree Decomposition #bags: 94 treewidth: 8 #vertices: 154
[INFO] aspmc: Dtree time:               1.048269271850586
[INFO] aspmc: Compilation time:         0.031087160110473633
[INFO] aspmc: Preparation time:         0.00021195411682128906
[INFO] aspmc: Counting time:            0.2727632522583008
[INFO] aspmc: ------------------------------------------------------------
[0.5::edge(1,2)., 0.5::edge(1,3)., 0.816343623039356::edge(2,4)., 0.8285621451275564::edge(3,5)., 0.8780109837190632::edge(4,6)., 0.9710507923144887::edge(5,6)., 0.8081620481122697::edge(6,7)., path(X,X):-node(X)., path(X,Y):-path(X,Z),edge(Z,Y)., transmit(A,B):-path(A,B),node(A),node(B),not not_transmit(A,B)., not_transmit(A,B):-path(A,B),node(A),node(B),not transmit(A,B)., qr:-transmit(1,7)., node(1)., node(2)., node(3)., node(4)., node(5)., node(6)., node(7)., query(qr).]
tracc
nnf_construction_time: 2.476468086242676
Pre simplification
number of sums: 127
number of prods: 156
-0.80816205*v_17*v_19*v_22*v_24*v_25*v_27 + 0.80816205*v_17*v_22*v_27 + 0.80816205*v_19*v_24*v_25
Post simplification
symp_time: 0.4669208526611328
number of sums: 2
number of subs: 1
number of prods: 12
opt_time: 1.1515789031982422
     fun: 5.154874557061903
     jac: array([1., 1., 1., 1., 1., 1.])
 message: 'Optimization terminated successfully'
    nfev: 13
     nit: 10
    njev: 10
  status: 0
 success: True
       x: array([0.85914576, 0.85914576, 0.85914576, 0.85914576, 0.85914576,
       0.85914576])

real	0m5.142s
user	0m4.732s
sys	0m0.300s
Instance 7
[INFO] aspmc: Tree Decomposition #bags: 118 unfolded treewidth: 4 #vertices: 154
[INFO] aspmc: Preprocessing disabled
[INFO] aspmc:    Stats Compilation
[INFO] aspmc: ------------------------------------------------------------
[INFO] aspmc: X/D-Constrained Tree Decomposition #bags: 94 treewidth: 8 #vertices: 154
[INFO] aspmc: Dtree time:               1.0468814373016357
[INFO] aspmc: Compilation time:         0.030617713928222656
[INFO] aspmc: Preparation time:         0.0001990795135498047
[INFO] aspmc: Counting time:            0.2650609016418457
[INFO] aspmc: ------------------------------------------------------------
[0.5::edge(1,2)., 0.5::edge(1,3)., 0.816343623039356::edge(2,4)., 0.8285621451275564::edge(3,5)., 0.8780109837190632::edge(4,6)., 0.9710507923144887::edge(5,6)., 0.8081620481122697::edge(6,7)., path(X,X):-node(X)., path(X,Y):-path(X,Z),edge(Z,Y)., transmit(A,B):-path(A,B),node(A),node(B),not not_transmit(A,B)., not_transmit(A,B):-path(A,B),node(A),node(B),not transmit(A,B)., qr:-transmit(1,7)., node(1)., node(2)., node(3)., node(4)., node(5)., node(6)., node(7)., query(qr).]
tracc
nnf_construction_time: 2.466783285140991
Pre simplification
number of sums: 127
number of prods: 156
v_15*(-v_17*v_19*v_22*v_24*v_25*v_27 + v_17*v_22*v_27 + v_19*v_24*v_25)
Post simplification
symp_time: 0.44054603576660156
number of sums: 2
number of subs: 1
number of prods: 10
opt_time: 1.3828816413879395
     fun: 5.670602748627653
     jac: array([1., 1., 1., 1., 1., 1., 1.])
 message: 'Optimization terminated successfully'
    nfev: 19
     nit: 12
    njev: 12
  status: 0
 success: True
       x: array([0.78676711, 0.78676714, 0.78676711, 0.78676714, 0.78676711,
       0.78676714, 0.95      ])

real	0m5.384s
user	0m4.894s
sys	0m0.312s
Ended at: 
Thu Dec  7 17:45:28 CET 2023
