Started at: 
Thu Dec  7 17:45:00 CET 2023
Instance 2
[INFO] aspmc: Tree Decomposition #bags: 71 unfolded treewidth: 3 #vertices: 97
[INFO] aspmc: Preprocessing disabled
[INFO] aspmc:    Stats Compilation
[INFO] aspmc: ------------------------------------------------------------
[INFO] aspmc: X/D-Constrained Tree Decomposition #bags: 60 treewidth: 5 #vertices: 97
[INFO] aspmc: Dtree time:               1.0311486721038818
[INFO] aspmc: Compilation time:         0.018118619918823242
[INFO] aspmc: Preparation time:         0.00014209747314453125
[INFO] aspmc: Counting time:            0.07331252098083496
[INFO] aspmc: ------------------------------------------------------------
[0.5::edge(1,2)., 0.5::edge(1,3)., 0.816343623039356::edge(2,4)., 0.8285621451275564::edge(3,5)., 0.8780109837190632::edge(4,6)., path(X,X):-node(X)., path(X,Y):-path(X,Z),edge(Z,Y)., transmit(A,B):-path(A,B),node(A),node(B),not not_transmit(A,B)., not_transmit(A,B):-path(A,B),node(A),node(B),not transmit(A,B)., qr:-transmit(1,6)., node(1)., node(2)., node(3)., node(4)., node(5)., node(6)., query(qr).]
tracc
nnf_construction_time: 2.236729621887207
Pre simplification
number of sums: 31
number of prods: 38
0.716758661812948*v_20
Post simplification
symp_time: 0.25916504859924316
number of sums: 0
number of subs: 0
number of prods: 1
opt_time: 0.0026268959045410156
     fun: 1.8511135430402028
   maxcv: 0.011113543040203011
 message: 'Did not converge to a solution satisfying the constraints. See `maxcv` for magnitude of violation.'
    nfev: 15
  status: 4
 success: False
       x: array([0.96111354, 0.89      ])

real	0m3.670s
user	0m3.110s
sys	0m0.419s
Instance 3
[INFO] aspmc: Tree Decomposition #bags: 71 unfolded treewidth: 3 #vertices: 97
[INFO] aspmc: Preprocessing disabled
[INFO] aspmc:    Stats Compilation
[INFO] aspmc: ------------------------------------------------------------
[INFO] aspmc: X/D-Constrained Tree Decomposition #bags: 60 treewidth: 5 #vertices: 97
[INFO] aspmc: Dtree time:               1.031662940979004
[INFO] aspmc: Compilation time:         0.018140792846679688
[INFO] aspmc: Preparation time:         0.0001430511474609375
[INFO] aspmc: Counting time:            0.07071948051452637
[INFO] aspmc: ------------------------------------------------------------
[0.5::edge(1,2)., 0.5::edge(1,3)., 0.816343623039356::edge(2,4)., 0.8285621451275564::edge(3,5)., 0.8780109837190632::edge(4,6)., path(X,X):-node(X)., path(X,Y):-path(X,Z),edge(Z,Y)., transmit(A,B):-path(A,B),node(A),node(B),not not_transmit(A,B)., not_transmit(A,B):-path(A,B),node(A),node(B),not transmit(A,B)., qr:-transmit(1,6)., node(1)., node(2)., node(3)., node(4)., node(5)., node(6)., query(qr).]
tracc
nnf_construction_time: 2.2389049530029297
Pre simplification
number of sums: 31
number of prods: 38
0.87801098*v_18*v_20
Post simplification
symp_time: 0.25414013862609863
number of sums: 0
number of subs: 0
number of prods: 2
opt_time: 0.006964445114135742
     fun: 2.618695466618844
   maxcv: 5.551115123125783e-17
 message: 'Optimization terminated successfully.'
    nfev: 22
  status: 1
 success: True
       x: array([0.89289849, 0.83289849, 0.89289849])

real	0m3.569s
user	0m3.068s
sys	0m0.373s
Instance 4
[INFO] aspmc: Tree Decomposition #bags: 71 unfolded treewidth: 3 #vertices: 97
[INFO] aspmc: Preprocessing disabled
[INFO] aspmc:    Stats Compilation
[INFO] aspmc: ------------------------------------------------------------
[INFO] aspmc: X/D-Constrained Tree Decomposition #bags: 60 treewidth: 5 #vertices: 97
[INFO] aspmc: Dtree time:               1.0332062244415283
[INFO] aspmc: Compilation time:         0.018156766891479492
[INFO] aspmc: Preparation time:         0.00014734268188476562
[INFO] aspmc: Counting time:            0.06904983520507812
[INFO] aspmc: ------------------------------------------------------------
[0.5::edge(1,2)., 0.5::edge(1,3)., 0.816343623039356::edge(2,4)., 0.8285621451275564::edge(3,5)., 0.8780109837190632::edge(4,6)., path(X,X):-node(X)., path(X,Y):-path(X,Z),edge(Z,Y)., transmit(A,B):-path(A,B),node(A),node(B),not not_transmit(A,B)., not_transmit(A,B):-path(A,B),node(A),node(B),not transmit(A,B)., qr:-transmit(1,6)., node(1)., node(2)., node(3)., node(4)., node(5)., node(6)., query(qr).]
tracc
nnf_construction_time: 2.237804412841797
Pre simplification
number of sums: 31
number of prods: 38
0.87801098*v_18*v_20
Post simplification
symp_time: 0.2708709239959717
number of sums: 0
number of subs: 0
number of prods: 2
opt_time: 0.017203569412231445
     fun: 3.451568956495799
   maxcv: 4.596323321948148e-14
 message: 'Optimization terminated successfully.'
    nfev: 35
  status: 1
 success: True
       x: array([0.89289224, 0.83289224, 0.89289223, 0.83289225])

real	0m3.601s
user	0m3.073s
sys	0m0.388s
Instance 5
[INFO] aspmc: Tree Decomposition #bags: 71 unfolded treewidth: 3 #vertices: 97
[INFO] aspmc: Preprocessing disabled
[INFO] aspmc:    Stats Compilation
[INFO] aspmc: ------------------------------------------------------------
[INFO] aspmc: X/D-Constrained Tree Decomposition #bags: 60 treewidth: 5 #vertices: 97
[INFO] aspmc: Dtree time:               1.0321629047393799
[INFO] aspmc: Compilation time:         0.018243789672851562
[INFO] aspmc: Preparation time:         0.0001468658447265625
[INFO] aspmc: Counting time:            0.06915283203125
[INFO] aspmc: ------------------------------------------------------------
[0.5::edge(1,2)., 0.5::edge(1,3)., 0.816343623039356::edge(2,4)., 0.8285621451275564::edge(3,5)., 0.8780109837190632::edge(4,6)., path(X,X):-node(X)., path(X,Y):-path(X,Z),edge(Z,Y)., transmit(A,B):-path(A,B),node(A),node(B),not not_transmit(A,B)., not_transmit(A,B):-path(A,B),node(A),node(B),not transmit(A,B)., qr:-transmit(1,6)., node(1)., node(2)., node(3)., node(4)., node(5)., node(6)., query(qr).]
tracc
nnf_construction_time: 2.242582082748413
Pre simplification
number of sums: 31
number of prods: 38
v_13*v_18*v_20
Post simplification
symp_time: 0.27475976943969727
number of sums: 0
number of subs: 0
number of prods: 2
opt_time: 0.02931356430053711
     fun: 4.319525305772749
   maxcv: 0.0
 message: 'Optimization terminated successfully.'
    nfev: 40
  status: 1
 success: True
       x: array([0.88790506, 0.82790506, 0.88790506, 0.82790506, 0.88790506])

real	0m3.621s
user	0m3.106s
sys	0m0.372s
Ended at: 
Thu Dec  7 17:45:14 CET 2023
