Started at: 
Thu Dec  7 17:44:58 CET 2023
Instance 2
[INFO] aspmc: Tree Decomposition #bags: 71 unfolded treewidth: 3 #vertices: 97
[INFO] aspmc: Preprocessing disabled
[INFO] aspmc:    Stats Compilation
[INFO] aspmc: ------------------------------------------------------------
[INFO] aspmc: X/D-Constrained Tree Decomposition #bags: 60 treewidth: 5 #vertices: 97
[INFO] aspmc: Dtree time:               1.0326149463653564
[INFO] aspmc: Compilation time:         0.01899266242980957
[INFO] aspmc: Preparation time:         0.00013780593872070312
[INFO] aspmc: Counting time:            0.07137012481689453
[INFO] aspmc: ------------------------------------------------------------
[0.5::edge(1,2)., 0.5::edge(1,3)., 0.816343623039356::edge(2,4)., 0.8285621451275564::edge(3,5)., 0.8780109837190632::edge(4,6)., path(X,X):-node(X)., path(X,Y):-path(X,Z),edge(Z,Y)., transmit(A,B):-path(A,B),node(A),node(B),not not_transmit(A,B)., not_transmit(A,B):-path(A,B),node(A),node(B),not transmit(A,B)., qr:-transmit(1,6)., node(1)., node(2)., node(3)., node(4)., node(5)., node(6)., query(qr).]
tracc
nnf_construction_time: 2.246204137802124
Pre simplification
number of sums: 31
number of prods: 38
0.716758661812948*v_20
Post simplification
symp_time: 0.26041603088378906
number of sums: 0
number of subs: 0
number of prods: 1
opt_time: 0.14502525329589844
     fun: 1.8399999999996455
     jac: array([1., 1.])
 message: 'Positive directional derivative for linesearch'
    nfev: 56
     nit: 11
    njev: 7
  status: 8
 success: False
       x: array([0.95, 0.89])

real	0m4.080s
user	0m3.297s
sys	0m0.441s
Instance 3
[INFO] aspmc: Tree Decomposition #bags: 71 unfolded treewidth: 3 #vertices: 97
[INFO] aspmc: Preprocessing disabled
[INFO] aspmc:    Stats Compilation
[INFO] aspmc: ------------------------------------------------------------
[INFO] aspmc: X/D-Constrained Tree Decomposition #bags: 60 treewidth: 5 #vertices: 97
[INFO] aspmc: Dtree time:               1.0322139263153076
[INFO] aspmc: Compilation time:         0.017990589141845703
[INFO] aspmc: Preparation time:         0.00013947486877441406
[INFO] aspmc: Counting time:            0.07000923156738281
[INFO] aspmc: ------------------------------------------------------------
[0.5::edge(1,2)., 0.5::edge(1,3)., 0.816343623039356::edge(2,4)., 0.8285621451275564::edge(3,5)., 0.8780109837190632::edge(4,6)., path(X,X):-node(X)., path(X,Y):-path(X,Z),edge(Z,Y)., transmit(A,B):-path(A,B),node(A),node(B),not not_transmit(A,B)., not_transmit(A,B):-path(A,B),node(A),node(B),not transmit(A,B)., qr:-transmit(1,6)., node(1)., node(2)., node(3)., node(4)., node(5)., node(6)., query(qr).]
tracc
nnf_construction_time: 2.2413666248321533
Pre simplification
number of sums: 31
number of prods: 38
0.87801098*v_18*v_20
Post simplification
symp_time: 0.25272488594055176
number of sums: 0
number of subs: 0
number of prods: 2
opt_time: 0.46918416023254395
     fun: 2.618676707076549
     jac: array([1., 1., 1.])
 message: 'Optimization terminated successfully'
    nfev: 16
     nit: 9
    njev: 8
  status: 0
 success: True
       x: array([0.89289224, 0.83289224, 0.89289224])

real	0m4.049s
user	0m3.546s
sys	0m0.356s
Instance 4
[INFO] aspmc: Tree Decomposition #bags: 71 unfolded treewidth: 3 #vertices: 97
[INFO] aspmc: Preprocessing disabled
[INFO] aspmc:    Stats Compilation
[INFO] aspmc: ------------------------------------------------------------
[INFO] aspmc: X/D-Constrained Tree Decomposition #bags: 60 treewidth: 5 #vertices: 97
[INFO] aspmc: Dtree time:               1.0321712493896484
[INFO] aspmc: Compilation time:         0.01833820343017578
[INFO] aspmc: Preparation time:         0.00015497207641601562
[INFO] aspmc: Counting time:            0.06812047958374023
[INFO] aspmc: ------------------------------------------------------------
[0.5::edge(1,2)., 0.5::edge(1,3)., 0.816343623039356::edge(2,4)., 0.8285621451275564::edge(3,5)., 0.8780109837190632::edge(4,6)., path(X,X):-node(X)., path(X,Y):-path(X,Z),edge(Z,Y)., transmit(A,B):-path(A,B),node(A),node(B),not not_transmit(A,B)., not_transmit(A,B):-path(A,B),node(A),node(B),not transmit(A,B)., qr:-transmit(1,6)., node(1)., node(2)., node(3)., node(4)., node(5)., node(6)., query(qr).]
tracc
nnf_construction_time: 2.2345175743103027
Pre simplification
number of sums: 31
number of prods: 38
0.87801098*v_18*v_20
Post simplification
symp_time: 0.275592565536499
number of sums: 0
number of subs: 0
number of prods: 2
opt_time: 0.8948662281036377
     fun: 3.4515689427707423
     jac: array([1., 1., 1., 1.])
 message: 'Optimization terminated successfully'
    nfev: 10
     nit: 8
    njev: 7
  status: 0
 success: True
       x: array([0.89289224, 0.83289224, 0.89289224, 0.83289224])

real	0m4.492s
user	0m3.984s
sys	0m0.374s
Instance 5
[INFO] aspmc: Tree Decomposition #bags: 71 unfolded treewidth: 3 #vertices: 97
[INFO] aspmc: Preprocessing disabled
[INFO] aspmc:    Stats Compilation
[INFO] aspmc: ------------------------------------------------------------
[INFO] aspmc: X/D-Constrained Tree Decomposition #bags: 60 treewidth: 5 #vertices: 97
[INFO] aspmc: Dtree time:               1.0330111980438232
[INFO] aspmc: Compilation time:         0.018357038497924805
[INFO] aspmc: Preparation time:         0.00014281272888183594
[INFO] aspmc: Counting time:            0.06969499588012695
[INFO] aspmc: ------------------------------------------------------------
[0.5::edge(1,2)., 0.5::edge(1,3)., 0.816343623039356::edge(2,4)., 0.8285621451275564::edge(3,5)., 0.8780109837190632::edge(4,6)., path(X,X):-node(X)., path(X,Y):-path(X,Z),edge(Z,Y)., transmit(A,B):-path(A,B),node(A),node(B),not not_transmit(A,B)., not_transmit(A,B):-path(A,B),node(A),node(B),not transmit(A,B)., qr:-transmit(1,6)., node(1)., node(2)., node(3)., node(4)., node(5)., node(6)., query(qr).]
tracc
nnf_construction_time: 2.234485626220703
Pre simplification
number of sums: 31
number of prods: 38
v_13*v_18*v_20
Post simplification
symp_time: 0.30269575119018555
number of sums: 0
number of subs: 0
number of prods: 2
opt_time: 1.4002068042755127
     fun: 4.319520008713006
     jac: array([1., 1., 1., 1., 1.])
 message: 'Optimization terminated successfully'
    nfev: 10
     nit: 7
    njev: 6
  status: 0
 success: True
       x: array([0.887904, 0.827904, 0.887904, 0.827904, 0.887904])

real	0m5.006s
user	0m4.437s
sys	0m0.393s
Ended at: 
Thu Dec  7 17:45:16 CET 2023
