Started at: 
Thu Dec  7 17:36:16 CET 2023
Instance 12
[INFO] aspmc: Tree Decomposition #bags: 129 unfolded treewidth: 6 #vertices: 142
[INFO] aspmc: Preprocessing disabled
[INFO] aspmc:    Stats Compilation
[INFO] aspmc: ------------------------------------------------------------
[INFO] aspmc: X/D-Constrained Tree Decomposition #bags: 131 treewidth: 15 #vertices: 149
[INFO] aspmc: Dtree time:               32.04857420921326
[INFO] aspmc: Compilation time:         0.5309269428253174
[INFO] aspmc: Preparation time:         0.0002105236053466797
[INFO] aspmc: Counting time:            2.261610984802246
[INFO] aspmc: ------------------------------------------------------------
[red(X):-node(X),not green(X),not blue(X)., green(X):-node(X),not red(X),not blue(X)., blue(X):-node(X),not red(X),not green(X)., e(X,Y):-edge(X,Y)., e(Y,X):-edge(Y,X)., :-e(X,Y),red(X),red(Y)., :-e(X,Y),green(X),green(Y)., :-e(X,Y),blue(X),blue(Y)., 0.6::edge(1,2)., 0.1::edge(1,3)., 0.4::edge(2,5)., 0.3::edge(2,6)., 0.3::edge(3,4)., 0.8::edge(4,5)., 0.2::edge(5,6)., 0.3::edge(2,12)., 0.3::edge(9,10)., 0.3::edge(3,10)., 0.3::edge(4,8)., 0.3::edge(7,12)., 0.3::edge(5,8)., 0.3::edge(1,4)., qr:-blue(1)., qr:-blue(3)., qr:-blue(5)., qr:-blue(7)., qr:-blue(9)., qr:-blue(11)., red(1)., green(4)., green(6)., node(1)., node(2)., node(3)., node(4)., node(5)., node(6)., node(7)., node(8)., node(9)., node(10)., node(11)., node(12)., query(qr).]
tracc
nnf_construction_time: 35.95962858200073
Pre simplification
number of sums: 16383
number of prods: 22526
v_62*v_69
Post simplification
symp_time: 4.962936639785767
number of sums: 0
number of sub: 0
number of prods: 1
opt_time: 0.6207804679870605
     fun: 2.9840521854302327
   maxcv: 5.551115123125783e-17
 message: 'Optimization terminated successfully.'
    nfev: 99
  status: 1
 success: True
       x: array([0.20457516, 0.26457516, 0.20457516, 0.20457516, 0.26457516,
       0.20457516, 0.20457516, 0.20457516, 0.20457516, 0.20457516,
       0.20457516, 0.20457516, 0.20457516, 0.20457516])

real	0m42.685s
user	0m41.785s
sys	0m0.759s
Ended at: 
Thu Dec  7 17:36:59 CET 2023
