Started at: 
Thu Dec  7 17:36:15 CET 2023
Instance 10
[INFO] aspmc: Tree Decomposition #bags: 130 unfolded treewidth: 10 #vertices: 148
[INFO] aspmc: Preprocessing disabled
[INFO] aspmc:    Stats Compilation
[INFO] aspmc: ------------------------------------------------------------
[INFO] aspmc: X/D-Constrained Tree Decomposition #bags: 132 treewidth: 17 #vertices: 152
[INFO] aspmc: Dtree time:               23.8656108379364
[INFO] aspmc: Compilation time:         0.8185160160064697
[INFO] aspmc: Preparation time:         0.00020360946655273438
[INFO] aspmc: Counting time:            4.45878267288208
[INFO] aspmc: ------------------------------------------------------------
/home/dazzolin/anaconda3/lib/python3.9/site-packages/scipy/optimize/optimize.py:282: RuntimeWarning: Values in x were outside bounds during a minimize step, clipping to bounds
  warnings.warn("Values in x were outside bounds during a "
[red(X):-node(X),not green(X),not blue(X)., green(X):-node(X),not red(X),not blue(X)., blue(X):-node(X),not red(X),not green(X)., e(X,Y):-edge(X,Y)., e(Y,X):-edge(Y,X)., :-e(X,Y),red(X),red(Y)., :-e(X,Y),green(X),green(Y)., :-e(X,Y),blue(X),blue(Y)., 0.6::edge(1,2)., 0.1::edge(1,3)., 0.4::edge(2,5)., 0.3::edge(2,6)., 0.3::edge(3,4)., 0.8::edge(4,5)., 0.2::edge(5,6)., 0.3::edge(2,9)., 0.3::edge(5,7)., 0.3::edge(5,10)., 0.3::edge(5,9)., 0.3::edge(4,7)., qr:-blue(3)., qr:-blue(1)., qr:-blue(3)., qr:-blue(5)., qr:-blue(7)., qr:-blue(9)., node(1)., node(2)., node(3)., node(4)., node(5)., node(6)., node(7)., node(8)., node(9)., node(10)., query(qr).]
tracc
nnf_construction_time: 30.26556634902954
Pre simplification
number of sums: 4095
number of prods: 8190
0
Post simplification
symp_time: 1.0428521633148193
number of sums: 0
number of sub: 0
number of prods: 0
opt_time: 0.262073278427124
     fun: 0.6000000000036032
     jac: array([1., 1., 1., 1., 1., 1., 1., 1., 1., 1., 1., 1.])
 message: 'Positive directional derivative for linesearch'
    nfev: 24
     nit: 8
    njev: 4
  status: 8
 success: False
       x: array([0.05, 0.05, 0.05, 0.05, 0.05, 0.05, 0.05, 0.05, 0.05, 0.05, 0.05,
       0.05])

real	0m32.828s
user	0m31.025s
sys	0m1.656s
Ended at: 
Thu Dec  7 17:36:48 CET 2023
