Started at: 
Thu Dec  7 17:38:22 CET 2023
Instance 16
[INFO] aspmc: Tree Decomposition #bags: 175 unfolded treewidth: 6 #vertices: 195
[INFO] aspmc: Preprocessing disabled
[INFO] aspmc:    Stats Compilation
[INFO] aspmc: ------------------------------------------------------------
[INFO] aspmc: X/D-Constrained Tree Decomposition #bags: 176 treewidth: 18 #vertices: 200
[INFO] aspmc: Dtree time:               32.061931133270264
[INFO] aspmc: Compilation time:         6.4007439613342285
[INFO] aspmc: Preparation time:         0.00025963783264160156
[INFO] aspmc: Counting time:            36.556992530822754
[INFO] aspmc: ------------------------------------------------------------
[red(X):-node(X),not green(X),not blue(X)., green(X):-node(X),not red(X),not blue(X)., blue(X):-node(X),not red(X),not green(X)., e(X,Y):-edge(X,Y)., e(Y,X):-edge(Y,X)., :-e(X,Y),red(X),red(Y)., :-e(X,Y),green(X),green(Y)., :-e(X,Y),blue(X),blue(Y)., 0.6::edge(1,2)., 0.1::edge(1,3)., 0.4::edge(2,5)., 0.3::edge(2,6)., 0.3::edge(3,4)., 0.8::edge(4,5)., 0.2::edge(5,6)., 0.3::edge(7,11)., 0.3::edge(12,14)., 0.3::edge(5,12)., 0.3::edge(4,6)., 0.3::edge(2,15)., 0.3::edge(11,16)., 0.3::edge(6,12)., 0.3::edge(7,12)., 0.3::edge(1,9)., 0.3::edge(9,10)., 0.3::edge(9,12)., qr:-blue(1)., qr:-blue(3)., qr:-blue(5)., qr:-blue(7)., qr:-blue(9)., qr:-blue(11)., qr:-blue(13)., qr:-blue(15)., red(1)., green(4)., green(6)., node(1)., node(2)., node(3)., node(4)., node(5)., node(6)., node(7)., node(8)., node(9)., node(10)., node(11)., node(12)., node(13)., node(14)., node(15)., node(16)., query(qr).]
tracc
nnf_construction_time: 76.14205384254456
Pre simplification
number of sums: 131071
number of prods: 229375
v_86*v_93*(1 - v_75)
Post simplification
symp_time: 89.1569390296936
number of sums: 0
number of sub: 1
number of prods: 2
opt_time: 0.8073821067810059
     fun: 1.342896714030655
     jac: array([1., 1., 1., 1., 1., 1., 1., 1., 1., 1., 1., 1., 1., 1., 1., 1., 1.,
       1.])
 message: 'Optimization terminated successfully'
    nfev: 7
     nit: 8
    njev: 7
  status: 0
 success: True
       x: array([0.05      , 0.27144836, 0.05      , 0.05      , 0.27144836,
       0.05      , 0.05      , 0.05      , 0.05      , 0.05      ,
       0.05      , 0.05      , 0.05      , 0.05      , 0.05      ,
       0.05      , 0.05      , 0.05      ])

real	2m48.033s
user	2m38.817s
sys	0m8.996s
Ended at: 
Thu Dec  7 17:41:10 CET 2023
