Started at: 
Thu Dec  7 17:38:22 CET 2023
Instance 13
[INFO] aspmc: Tree Decomposition #bags: 142 unfolded treewidth: 6 #vertices: 157
[INFO] aspmc: Preprocessing disabled
[INFO] aspmc:    Stats Compilation
[INFO] aspmc: ------------------------------------------------------------
[INFO] aspmc: X/D-Constrained Tree Decomposition #bags: 150 treewidth: 16 #vertices: 165
[INFO] aspmc: Dtree time:               32.05321264266968
[INFO] aspmc: Compilation time:         1.3074326515197754
[INFO] aspmc: Preparation time:         0.0002205371856689453
[INFO] aspmc: Counting time:            10.17013430595398
[INFO] aspmc: ------------------------------------------------------------
/home/dazzolin/anaconda3/lib/python3.9/site-packages/scipy/optimize/optimize.py:282: RuntimeWarning: Values in x were outside bounds during a minimize step, clipping to bounds
  warnings.warn("Values in x were outside bounds during a "
[red(X):-node(X),not green(X),not blue(X)., green(X):-node(X),not red(X),not blue(X)., blue(X):-node(X),not red(X),not green(X)., e(X,Y):-edge(X,Y)., e(Y,X):-edge(Y,X)., :-e(X,Y),red(X),red(Y)., :-e(X,Y),green(X),green(Y)., :-e(X,Y),blue(X),blue(Y)., 0.6::edge(1,2)., 0.1::edge(1,3)., 0.4::edge(2,5)., 0.3::edge(2,6)., 0.3::edge(3,4)., 0.8::edge(4,5)., 0.2::edge(5,6)., 0.3::edge(2,8)., 0.3::edge(6,7)., 0.3::edge(8,13)., 0.3::edge(1,10)., 0.3::edge(8,9)., 0.3::edge(8,12)., 0.3::edge(2,10)., 0.3::edge(11,12)., qr:-blue(1)., qr:-blue(3)., qr:-blue(5)., qr:-blue(7)., qr:-blue(9)., qr:-blue(11)., qr:-blue(13)., red(1)., green(4)., green(6)., node(1)., node(2)., node(3)., node(4)., node(5)., node(6)., node(7)., node(8)., node(9)., node(10)., node(11)., node(12)., node(13)., query(qr).]
tracc
nnf_construction_time: 44.65592408180237
Pre simplification
number of sums: 32767
number of prods: 57342
v_69*v_75
Post simplification
symp_time: 34.81055307388306
number of sums: 0
number of sub: 0
number of prods: 1
opt_time: 0.5506761074066162
     fun: 1.1791502591719956
     jac: array([1., 1., 1., 1., 1., 1., 1., 1., 1., 1., 1., 1., 1., 1., 1.])
 message: 'Optimization terminated successfully'
    nfev: 9
     nit: 7
    njev: 6
  status: 0
 success: True
       x: array([0.05      , 0.26457513, 0.05      , 0.05      , 0.26457513,
       0.05      , 0.05      , 0.05      , 0.05      , 0.05      ,
       0.05      , 0.05      , 0.05      , 0.05      , 0.05      ])

real	1m21.735s
user	1m18.235s
sys	0m3.070s
Ended at: 
Thu Dec  7 17:39:43 CET 2023
