Started at: 
Thu Dec  7 17:38:23 CET 2023
Instance 15
[INFO] aspmc: Tree Decomposition #bags: 101 unfolded treewidth: 10 #vertices: 184
[INFO] aspmc: Preprocessing disabled
[INFO] aspmc:    Stats Compilation
[INFO] aspmc: ------------------------------------------------------------
[INFO] aspmc: X/D-Constrained Tree Decomposition #bags: 165 treewidth: 17 #vertices: 192
[INFO] aspmc: Dtree time:               32.06026101112366
[INFO] aspmc: Compilation time:         4.105091094970703
[INFO] aspmc: Preparation time:         0.000293731689453125
[INFO] aspmc: Counting time:            40.21228837966919
[INFO] aspmc: ------------------------------------------------------------
slurmstepd: error: Job 2096956 exceeded memory limit (22639408 > 16777216), being killed
slurmstepd: error: Exceeded job memory limit
slurmstepd: error: *** JOB 2096956 ON node01 CANCELLED AT 2023-12-07T17:39:52 ***
[red(X):-node(X),not green(X),not blue(X)., green(X):-node(X),not red(X),not blue(X)., blue(X):-node(X),not red(X),not green(X)., e(X,Y):-edge(X,Y)., e(Y,X):-edge(Y,X)., :-e(X,Y),red(X),red(Y)., :-e(X,Y),green(X),green(Y)., :-e(X,Y),blue(X),blue(Y)., 0.6::edge(1,2)., 0.1::edge(1,3)., 0.4::edge(2,5)., 0.3::edge(2,6)., 0.3::edge(3,4)., 0.8::edge(4,5)., 0.2::edge(5,6)., 0.3::edge(3,9)., 0.3::edge(5,14)., 0.3::edge(6,12)., 0.3::edge(11,13)., 0.3::edge(7,14)., 0.3::edge(5,9)., 0.3::edge(4,13)., 0.3::edge(3,15)., 0.3::edge(7,9)., 0.3::edge(14,15)., qr:-blue(1)., qr:-blue(3)., qr:-blue(5)., qr:-blue(7)., qr:-blue(9)., qr:-blue(11)., qr:-blue(13)., qr:-blue(15)., red(1)., green(4)., green(6)., node(1)., node(2)., node(3)., node(4)., node(5)., node(6)., node(7)., node(8)., node(9)., node(10)., node(11)., node(12)., node(13)., node(14)., node(15)., query(qr).]
tracc
nnf_construction_time: 77.49775218963623
Pre simplification
number of sums: 131071
number of prods: 223230
Traceback (most recent call last):
  File "/home/dazzolin/test/2023aspmc/aspmc/experiments/graph_coloring/runner_without_pair_constr.py", line 26, in <module>
    res = compute_optimal_probability(
  File "/home/dazzolin/test/2023aspmc/aspmc/experiments/graph_coloring/a.py", line 172, in compute_optimal_probability
    lq, uq, symb_vars = get_eq(current_prog,query,optimizable_facts)
  File "/home/dazzolin/test/2023aspmc/aspmc/experiments/graph_coloring/a.py", line 139, in get_eq
    slp = str(simplify(sympify(eq_lp)))
  File "/home/dazzolin/anaconda3/lib/python3.9/site-packages/sympy/core/sympify.py", line 472, in sympify
    expr = parse_expr(a, local_dict=locals, transformations=transformations, evaluate=evaluate)
  File "/home/dazzolin/anaconda3/lib/python3.9/site-packages/sympy/parsing/sympy_parser.py", line 1011, in parse_expr
    code = stringify_expr(s, local_dict, global_dict, transformations)
  File "/home/dazzolin/anaconda3/lib/python3.9/site-packages/sympy/parsing/sympy_parser.py", line 896, in stringify_expr
    for toknum, tokval, _, _, _ in generate_tokens(input_code.readline):
  File "/home/dazzolin/anaconda3/lib/python3.9/tokenize.py", line 525, in _tokenize
    pseudomatch = _compile(PseudoToken).match(line, pos)
  File "/home/dazzolin/test/2023aspmc/aspmc/aspmc/signal_handling.py", line 17, in handler
    raise KeyboardInterrupt("Received Control+C, cleaning up and shutting down.")
KeyboardInterrupt: Received Control+C, cleaning up and shutting down.
