Started at: 
Thu Dec  7 17:38:23 CET 2023
Instance 13
[INFO] aspmc: Tree Decomposition #bags: 142 unfolded treewidth: 6 #vertices: 157
[INFO] aspmc: Preprocessing disabled
[INFO] aspmc:    Stats Compilation
[INFO] aspmc: ------------------------------------------------------------
[INFO] aspmc: X/D-Constrained Tree Decomposition #bags: 150 treewidth: 16 #vertices: 165
[INFO] aspmc: Dtree time:               32.05420231819153
[INFO] aspmc: Compilation time:         1.3119583129882812
[INFO] aspmc: Preparation time:         0.0002655982971191406
[INFO] aspmc: Counting time:            9.66680359840393
[INFO] aspmc: ------------------------------------------------------------
[red(X):-node(X),not green(X),not blue(X)., green(X):-node(X),not red(X),not blue(X)., blue(X):-node(X),not red(X),not green(X)., e(X,Y):-edge(X,Y)., e(Y,X):-edge(Y,X)., :-e(X,Y),red(X),red(Y)., :-e(X,Y),green(X),green(Y)., :-e(X,Y),blue(X),blue(Y)., 0.6::edge(1,2)., 0.1::edge(1,3)., 0.4::edge(2,5)., 0.3::edge(2,6)., 0.3::edge(3,4)., 0.8::edge(4,5)., 0.2::edge(5,6)., 0.3::edge(2,8)., 0.3::edge(6,7)., 0.3::edge(8,13)., 0.3::edge(1,10)., 0.3::edge(8,9)., 0.3::edge(8,12)., 0.3::edge(2,10)., 0.3::edge(11,12)., qr:-blue(1)., qr:-blue(3)., qr:-blue(5)., qr:-blue(7)., qr:-blue(9)., qr:-blue(11)., qr:-blue(13)., red(1)., green(4)., green(6)., node(1)., node(2)., node(3)., node(4)., node(5)., node(6)., node(7)., node(8)., node(9)., node(10)., node(11)., node(12)., node(13)., query(qr).]
tracc
nnf_construction_time: 44.155133962631226
Pre simplification
number of sums: 32767
number of prods: 57342
v_69*v_75
Post simplification
symp_time: 34.77419328689575
number of sums: 0
number of sub: 0
number of prods: 1
opt_time: 0.19905471801757812
     fun: 1.1791502490778087
   maxcv: 9.99993828021406e-09
 message: 'Optimization terminated successfully.'
    nfev: 208
  status: 1
 success: True
       x: array([0.05      , 0.26449435, 0.05      , 0.05      , 0.2646559 ,
       0.05      , 0.05      , 0.05      , 0.05      , 0.05      ,
       0.05      , 0.05      , 0.05      , 0.05      , 0.05      ])

real	1m20.565s
user	1m17.425s
sys	0m2.891s
Ended at: 
Thu Dec  7 17:39:44 CET 2023
