Started at: 
Thu Dec  7 17:38:22 CET 2023
Instance 14
[INFO] aspmc: Tree Decomposition #bags: 148 unfolded treewidth: 6 #vertices: 161
[INFO] aspmc: Preprocessing disabled
[INFO] aspmc:    Stats Compilation
[INFO] aspmc: ------------------------------------------------------------
[INFO] aspmc: X/D-Constrained Tree Decomposition #bags: 148 treewidth: 17 #vertices: 168
[INFO] aspmc: Dtree time:               32.053102016448975
[INFO] aspmc: Compilation time:         3.049375057220459
[INFO] aspmc: Preparation time:         0.000244140625
[INFO] aspmc: Counting time:            13.162081003189087
[INFO] aspmc: ------------------------------------------------------------
[red(X):-node(X),not green(X),not blue(X)., green(X):-node(X),not red(X),not blue(X)., blue(X):-node(X),not red(X),not green(X)., e(X,Y):-edge(X,Y)., e(Y,X):-edge(Y,X)., :-e(X,Y),red(X),red(Y)., :-e(X,Y),green(X),green(Y)., :-e(X,Y),blue(X),blue(Y)., 0.6::edge(1,2)., 0.1::edge(1,3)., 0.4::edge(2,5)., 0.3::edge(2,6)., 0.3::edge(3,4)., 0.8::edge(4,5)., 0.2::edge(5,6)., 0.3::edge(1,5)., 0.3::edge(5,10)., 0.3::edge(9,10)., 0.3::edge(7,13)., 0.3::edge(10,11)., 0.3::edge(3,5)., 0.3::edge(1,10)., 0.3::edge(5,8)., 0.3::edge(6,7)., qr:-blue(1)., qr:-blue(3)., qr:-blue(5)., qr:-blue(7)., qr:-blue(9)., qr:-blue(11)., qr:-blue(13)., red(1)., green(4)., green(6)., node(1)., node(2)., node(3)., node(4)., node(5)., node(6)., node(7)., node(8)., node(9)., node(10)., node(11)., node(12)., node(13)., query(qr).]
tracc
nnf_construction_time: 49.39020347595215
Pre simplification
number of sums: 59775
number of prods: 88190
v_65*(v_70 - 1)*(v_54*(v_67*(v_72*(v_74*(v_79 - 1) + v_74 - 1) + v_72 - 1) - (v_67 - 1)*(v_69*(v_72*(v_74*(v_79 - 1) + v_74 - 1) + v_72 - 1) + v_76*(v_69 - 1))) - (v_54 - 1)*(v_67*(v_72*(v_74*(v_79 - 1) + v_74 - 1) + v_72 - 1) - v_69*(v_67 - 1)*(v_72*(v_74*(v_79 - 1) + v_74 - 1) + v_72 - 1))) - v_70*(v_54*(v_65*(v_67*(v_76 - 1)*(v_72*(-v_74*(v_79 - 1) - v_74 + 1) - v_72 + 1) - (v_67 - 1)*(v_69*(v_76 - 1)*(v_72*(-v_74*(v_79 - 1) - v_74 + 1) - v_72 + 1) + v_76*(v_69 - 1))) + (v_65 - 1)*(v_67 - (v_67 - 1)*(v_69 - v_76*(v_69 - 1)))) + (v_54 - 1)*(v_65*(-v_67*(v_72*(v_74*(v_79 - 1) + v_74 - 1) + v_72 - 1) - (v_67 - 1)*(-v_69*(v_72*(v_74*(v_79 - 1) + v_74 - 1) + v_72 - 1) - v_76*(v_69 - 1))) - v_76*(v_65 - 1)))
Post simplification
symp_time: 76.38872790336609
number of sums: 20
number of sub: 54
number of prods: 46
opt_time: 0.25006604194641113
     fun: 1.1776035866226138
   maxcv: 9.428394842636578e-09
 message: 'Optimization terminated successfully.'
    nfev: 212
  status: 1
 success: True
       x: array([0.05      , 0.05      , 0.05      , 0.05      , 0.05      ,
       0.21251984, 0.05      , 0.26508374, 0.05      , 0.05      ,
       0.05      , 0.05      , 0.05      , 0.05      , 0.05      ,
       0.05      ])

real	2m7.457s
user	2m3.902s
sys	0m3.226s
Ended at: 
Thu Dec  7 17:40:29 CET 2023
