Started at: 
Thu Dec  7 17:36:16 CET 2023
Instance 6
[INFO] aspmc: Tree Decomposition #bags: 57 unfolded treewidth: 5 #vertices: 64
[INFO] aspmc: Preprocessing disabled
[INFO] aspmc:    Stats Compilation
[INFO] aspmc: ------------------------------------------------------------
[INFO] aspmc: X/D-Constrained Tree Decomposition #bags: 56 treewidth: 9 #vertices: 64
[INFO] aspmc: Dtree time:               1.0626120567321777
[INFO] aspmc: Compilation time:         0.0196382999420166
[INFO] aspmc: Preparation time:         0.00011682510375976562
[INFO] aspmc: Counting time:            0.08366703987121582
[INFO] aspmc: ------------------------------------------------------------
/home/dazzolin/anaconda3/lib/python3.9/site-packages/scipy/optimize/optimize.py:282: RuntimeWarning: Values in x were outside bounds during a minimize step, clipping to bounds
  warnings.warn("Values in x were outside bounds during a "
[red(X):-node(X),not green(X),not blue(X)., green(X):-node(X),not red(X),not blue(X)., blue(X):-node(X),not red(X),not green(X)., e(X,Y):-edge(X,Y)., e(Y,X):-edge(Y,X)., :-e(X,Y),red(X),red(Y)., :-e(X,Y),green(X),green(Y)., :-e(X,Y),blue(X),blue(Y)., 0.6::edge(1,2)., 0.1::edge(1,3)., 0.4::edge(2,5)., 0.3::edge(2,6)., 0.3::edge(3,4)., 0.8::edge(4,5)., 0.2::edge(5,6)., 0.3::edge(1,5)., qr:-blue(1)., qr:-blue(3)., qr:-blue(5)., red(1)., green(4)., green(6)., node(1)., node(2)., node(3)., node(4)., node(5)., node(6)., query(qr).]
tracc
nnf_construction_time: 2.2756965160369873
Pre simplification
number of sums: 243
number of prods: 374
v_21*v_22*v_24*v_27*v_32 + v_21*v_22*v_24*v_29*v_30*v_35 - v_21*v_22*v_24 - v_21*v_22*v_27*v_32 - v_21*v_22*v_29*v_30*v_35 + v_21*v_22 - v_21*v_24*v_27*v_32 - v_21*v_24*v_29*v_30*v_35 + v_21*v_24 + v_27*v_32
Post simplification
symp_time: 0.6145975589752197
number of sums: 4
number of sub: 5
number of prods: 28
opt_time: 1.635498046875
     fun: 0.7883934160327525
     jac: array([1., 1., 1., 1., 1., 1., 1., 1.])
 message: 'Optimization terminated successfully'
    nfev: 10
     nit: 10
    njev: 9
  status: 0
 success: True
       x: array([0.05      , 0.05      , 0.05      , 0.05      , 0.05      ,
       0.12976094, 0.12976094, 0.27887155])

real	0m5.675s
user	0m5.147s
sys	0m0.386s
Ended at: 
Thu Dec  7 17:36:22 CET 2023
