Started at: 
Thu Dec  7 17:36:15 CET 2023
Instance 6
[INFO] aspmc: Tree Decomposition #bags: 57 unfolded treewidth: 5 #vertices: 64
[INFO] aspmc: Preprocessing disabled
[INFO] aspmc:    Stats Compilation
[INFO] aspmc: ------------------------------------------------------------
[INFO] aspmc: X/D-Constrained Tree Decomposition #bags: 56 treewidth: 9 #vertices: 64
[INFO] aspmc: Dtree time:               1.061976671218872
[INFO] aspmc: Compilation time:         0.02026081085205078
[INFO] aspmc: Preparation time:         0.00011396408081054688
[INFO] aspmc: Counting time:            0.08602380752563477
[INFO] aspmc: ------------------------------------------------------------
[red(X):-node(X),not green(X),not blue(X)., green(X):-node(X),not red(X),not blue(X)., blue(X):-node(X),not red(X),not green(X)., e(X,Y):-edge(X,Y)., e(Y,X):-edge(Y,X)., :-e(X,Y),red(X),red(Y)., :-e(X,Y),green(X),green(Y)., :-e(X,Y),blue(X),blue(Y)., 0.6::edge(1,2)., 0.1::edge(1,3)., 0.4::edge(2,5)., 0.3::edge(2,6)., 0.3::edge(3,4)., 0.8::edge(4,5)., 0.2::edge(5,6)., 0.3::edge(1,5)., qr:-blue(1)., qr:-blue(3)., qr:-blue(5)., red(1)., green(4)., green(6)., node(1)., node(2)., node(3)., node(4)., node(5)., node(6)., query(qr).]
tracc
nnf_construction_time: 2.276463031768799
Pre simplification
number of sums: 243
number of prods: 374
v_21*v_22*v_24*v_27*v_32 + v_21*v_22*v_24*v_29*v_30*v_35 - v_21*v_22*v_24 - v_21*v_22*v_27*v_32 - v_21*v_22*v_29*v_30*v_35 + v_21*v_22 - v_21*v_24*v_27*v_32 - v_21*v_24*v_29*v_30*v_35 + v_21*v_24 + v_27*v_32
Post simplification
symp_time: 0.6229939460754395
number of sums: 4
number of sub: 5
number of prods: 28
opt_time: 0.1260838508605957
     fun: 1.0862961095293562
   maxcv: 1.443258319938634e-06
 message: 'Optimization terminated successfully.'
    nfev: 62
  status: 1
 success: True
       x: array([0.09828701, 0.15828701, 0.09828701, 0.09828701, 0.15828701,
       0.15828701, 0.15828701, 0.15828701])

real	0m4.156s
user	0m3.651s
sys	0m0.380s
Ended at: 
Thu Dec  7 17:36:19 CET 2023
