Started at: 
Thu Dec  7 17:36:16 CET 2023
Instance 7
[INFO] aspmc: Tree Decomposition #bags: 68 unfolded treewidth: 5 #vertices: 77
[INFO] aspmc: Preprocessing disabled
[INFO] aspmc:    Stats Compilation
[INFO] aspmc: ------------------------------------------------------------
[INFO] aspmc: X/D-Constrained Tree Decomposition #bags: 72 treewidth: 9 #vertices: 81
[INFO] aspmc: Dtree time:               2.059910535812378
[INFO] aspmc: Compilation time:         0.022634267807006836
[INFO] aspmc: Preparation time:         0.00015044212341308594
[INFO] aspmc: Counting time:            0.09092521667480469
[INFO] aspmc: ------------------------------------------------------------
[red(X):-node(X),not green(X),not blue(X)., green(X):-node(X),not red(X),not blue(X)., blue(X):-node(X),not red(X),not green(X)., e(X,Y):-edge(X,Y)., e(Y,X):-edge(Y,X)., :-e(X,Y),red(X),red(Y)., :-e(X,Y),green(X),green(Y)., :-e(X,Y),blue(X),blue(Y)., 0.6::edge(1,2)., 0.1::edge(1,3)., 0.4::edge(2,5)., 0.3::edge(2,6)., 0.3::edge(3,4)., 0.8::edge(4,5)., 0.2::edge(5,6)., 0.3::edge(3,7)., 0.3::edge(1,4)., qr:-blue(1)., qr:-blue(3)., qr:-blue(5)., qr:-blue(7)., red(1)., green(4)., green(6)., node(1)., node(2)., node(3)., node(4)., node(5)., node(6)., node(7)., query(qr).]
tracc
nnf_construction_time: 3.2890560626983643
Pre simplification
number of sums: 511
number of prods: 702
v_32*v_38
Post simplification
symp_time: 0.380906343460083
number of sums: 0
number of sub: 0
number of prods: 1
opt_time: 0.1712512969970703
     fun: 1.9611734050280125
   maxcv: 1.631504605165146e-07
 message: 'Optimization terminated successfully.'
    nfev: 69
  status: 1
 success: True
       x: array([0.20457482, 0.26457482, 0.20457482, 0.20457482, 0.26457482,
       0.20457482, 0.20457482, 0.20457482, 0.20457482])

real	0m4.970s
user	0m4.318s
sys	0m0.538s
Ended at: 
Thu Dec  7 17:36:20 CET 2023
