Started at: 
Thu Dec  7 17:36:13 CET 2023
Instance 7
[INFO] aspmc: Tree Decomposition #bags: 68 unfolded treewidth: 5 #vertices: 77
[INFO] aspmc: Preprocessing disabled
[INFO] aspmc:    Stats Compilation
[INFO] aspmc: ------------------------------------------------------------
[INFO] aspmc: X/D-Constrained Tree Decomposition #bags: 72 treewidth: 9 #vertices: 81
[INFO] aspmc: Dtree time:               2.058399200439453
[INFO] aspmc: Compilation time:         0.0231935977935791
[INFO] aspmc: Preparation time:         0.00012755393981933594
[INFO] aspmc: Counting time:            0.09449648857116699
[INFO] aspmc: ------------------------------------------------------------
[red(X):-node(X),not green(X),not blue(X)., green(X):-node(X),not red(X),not blue(X)., blue(X):-node(X),not red(X),not green(X)., e(X,Y):-edge(X,Y)., e(Y,X):-edge(Y,X)., :-e(X,Y),red(X),red(Y)., :-e(X,Y),green(X),green(Y)., :-e(X,Y),blue(X),blue(Y)., 0.6::edge(1,2)., 0.1::edge(1,3)., 0.4::edge(2,5)., 0.3::edge(2,6)., 0.3::edge(3,4)., 0.8::edge(4,5)., 0.2::edge(5,6)., 0.3::edge(3,7)., 0.3::edge(1,4)., qr:-blue(1)., qr:-blue(3)., qr:-blue(5)., qr:-blue(7)., red(1)., green(4)., green(6)., node(1)., node(2)., node(3)., node(4)., node(5)., node(6)., node(7)., query(qr).]
tracc
nnf_construction_time: 3.3006961345672607
Pre simplification
number of sums: 511
number of prods: 702
v_32*v_38
Post simplification
symp_time: 0.3861527442932129
number of sums: 0
number of sub: 0
number of prods: 1
opt_time: 0.05984663963317871
     fun: 0.8791502491782708
   maxcv: 9.999236480484619e-09
 message: 'Optimization terminated successfully.'
    nfev: 127
  status: 1
 success: True
       x: array([0.05      , 0.26465606, 0.05      , 0.05      , 0.26449419,
       0.05      , 0.05      , 0.05      , 0.05      ])

real	0m5.183s
user	0m4.331s
sys	0m0.551s
Ended at: 
Thu Dec  7 17:36:19 CET 2023
