Started at: 
Thu Dec  7 17:36:15 CET 2023
Instance 8
[INFO] aspmc: Tree Decomposition #bags: 80 unfolded treewidth: 7 #vertices: 86
[INFO] aspmc: Preprocessing disabled
[INFO] aspmc:    Stats Compilation
[INFO] aspmc: ------------------------------------------------------------
[INFO] aspmc: X/D-Constrained Tree Decomposition #bags: 89 treewidth: 11 #vertices: 99
[INFO] aspmc: Dtree time:               2.8007102012634277
[INFO] aspmc: Compilation time:         0.07301616668701172
[INFO] aspmc: Preparation time:         0.00015044212341308594
[INFO] aspmc: Counting time:            0.46860313415527344
[INFO] aspmc: ------------------------------------------------------------
[red(X):-node(X),not green(X),not blue(X)., green(X):-node(X),not red(X),not blue(X)., blue(X):-node(X),not red(X),not green(X)., e(X,Y):-edge(X,Y)., e(Y,X):-edge(Y,X)., :-e(X,Y),red(X),red(Y)., :-e(X,Y),green(X),green(Y)., :-e(X,Y),blue(X),blue(Y)., 0.6::edge(1,2)., 0.1::edge(1,3)., 0.4::edge(2,5)., 0.3::edge(2,6)., 0.3::edge(3,4)., 0.8::edge(4,5)., 0.2::edge(5,6)., 0.3::edge(5,7)., 0.3::edge(3,7)., 0.3::edge(3,5)., qr:-blue(1)., qr:-blue(3)., qr:-blue(5)., qr:-blue(7)., red(1)., green(4)., green(6)., node(1)., node(2)., node(3)., node(4)., node(5)., node(6)., node(7)., query(qr).]
tracc
nnf_construction_time: 4.4817304611206055
Pre simplification
number of sums: 1023
number of prods: 1598
-v_24*(v_40 - 1)*(v_26*(v_31*(v_28 - v_35*(v_28 - 1)) + (v_31 - 1)*(v_28*(v_33 - 1) - v_33*(v_28 - v_35*(v_28 - 1)))) - v_35*(v_26 - 1)*(v_31 - v_33*(v_31 - 1))) + v_40*(v_26*(v_24*(v_28 - v_35*(v_28 - 1)) - (v_24 - 1)*(v_31*(v_28 - v_35*(v_28 - 1)) - (v_31 - 1)*(v_33*(v_28 - v_35*(v_28 - 1)) - v_35*(v_33 - 1)))) - v_35*(v_26 - 1))
Post simplification
symp_time: 1.6917774677276611
number of sums: 2
number of sub: 27
number of prods: 24
opt_time: 0.11282849311828613
     fun: 0.9249458763901501
   maxcv: 9.949073939696795e-09
 message: 'Optimization terminated successfully.'
    nfev: 146
  status: 1
 success: True
       x: array([0.05      , 0.26006978, 0.05      , 0.05      , 0.26487609,
       0.05      , 0.05      , 0.05      , 0.05      , 0.05      ])

real	0m7.569s
user	0m6.792s
sys	0m0.551s
Ended at: 
Thu Dec  7 17:36:23 CET 2023
