Started at: 
Thu Dec  7 17:36:16 CET 2023
Instance 9
[INFO] aspmc: Tree Decomposition #bags: 97 unfolded treewidth: 6 #vertices: 105
[INFO] aspmc: Preprocessing disabled
[INFO] aspmc:    Stats Compilation
[INFO] aspmc: ------------------------------------------------------------
[INFO] aspmc: X/D-Constrained Tree Decomposition #bags: 100 treewidth: 12 #vertices: 114
[INFO] aspmc: Dtree time:               7.610556602478027
[INFO] aspmc: Compilation time:         0.08223986625671387
[INFO] aspmc: Preparation time:         0.00017976760864257812
[INFO] aspmc: Counting time:            0.48673295974731445
[INFO] aspmc: ------------------------------------------------------------
/home/dazzolin/anaconda3/lib/python3.9/site-packages/scipy/optimize/optimize.py:282: RuntimeWarning: Values in x were outside bounds during a minimize step, clipping to bounds
  warnings.warn("Values in x were outside bounds during a "
[red(X):-node(X),not green(X),not blue(X)., green(X):-node(X),not red(X),not blue(X)., blue(X):-node(X),not red(X),not green(X)., e(X,Y):-edge(X,Y)., e(Y,X):-edge(Y,X)., :-e(X,Y),red(X),red(Y)., :-e(X,Y),green(X),green(Y)., :-e(X,Y),blue(X),blue(Y)., 0.6::edge(1,2)., 0.1::edge(1,3)., 0.4::edge(2,5)., 0.3::edge(2,6)., 0.3::edge(3,4)., 0.8::edge(4,5)., 0.2::edge(5,6)., 0.3::edge(3,7)., 0.3::edge(4,9)., 0.3::edge(3,5)., 0.3::edge(7,9)., qr:-blue(1)., qr:-blue(3)., qr:-blue(5)., qr:-blue(7)., qr:-blue(9)., red(1)., green(4)., green(6)., node(1)., node(2)., node(3)., node(4)., node(5)., node(6)., node(7)., node(8)., node(9)., query(qr).]
tracc
nnf_construction_time: 9.296612977981567
Pre simplification
number of sums: 2047
number of prods: 3302
(v_32*(v_37*(v_38 - v_45*(v_38 - 1)) - v_45*(v_37 - 1)) - v_45*(v_32 - 1))*(v_35*(v_40 - (v_40 - 1)*(v_43 - v_51*(v_43 - 1))) - v_51*(v_35 - 1))
Post simplification
symp_time: 1.8855805397033691
number of sums: 0
number of sub: 12
number of prods: 10
opt_time: 1.355466365814209
     fun: 0.9754540592088871
     jac: array([1., 1., 1., 1., 1., 1., 1., 1., 1., 1., 1.])
 message: 'Optimization terminated successfully'
    nfev: 8
     nit: 8
    njev: 8
  status: 0
 success: True
       x: array([0.05      , 0.26034035, 0.05      , 0.05      , 0.26511371,
       0.05      , 0.05      , 0.05      , 0.05      , 0.05      ,
       0.05      ])

real	0m13.665s
user	0m13.106s
sys	0m0.444s
Ended at: 
Thu Dec  7 17:36:29 CET 2023
