Started at: 
Thu Dec  7 17:36:15 CET 2023
Instance 9
[INFO] aspmc: Tree Decomposition #bags: 97 unfolded treewidth: 6 #vertices: 105
[INFO] aspmc: Preprocessing disabled
[INFO] aspmc:    Stats Compilation
[INFO] aspmc: ------------------------------------------------------------
[INFO] aspmc: X/D-Constrained Tree Decomposition #bags: 100 treewidth: 12 #vertices: 114
[INFO] aspmc: Dtree time:               7.612291097640991
[INFO] aspmc: Compilation time:         0.07786798477172852
[INFO] aspmc: Preparation time:         0.00016999244689941406
[INFO] aspmc: Counting time:            0.5115342140197754
[INFO] aspmc: ------------------------------------------------------------
[red(X):-node(X),not green(X),not blue(X)., green(X):-node(X),not red(X),not blue(X)., blue(X):-node(X),not red(X),not green(X)., e(X,Y):-edge(X,Y)., e(Y,X):-edge(Y,X)., :-e(X,Y),red(X),red(Y)., :-e(X,Y),green(X),green(Y)., :-e(X,Y),blue(X),blue(Y)., 0.6::edge(1,2)., 0.1::edge(1,3)., 0.4::edge(2,5)., 0.3::edge(2,6)., 0.3::edge(3,4)., 0.8::edge(4,5)., 0.2::edge(5,6)., 0.3::edge(3,7)., 0.3::edge(4,9)., 0.3::edge(3,5)., 0.3::edge(7,9)., qr:-blue(1)., qr:-blue(3)., qr:-blue(5)., qr:-blue(7)., qr:-blue(9)., red(1)., green(4)., green(6)., node(1)., node(2)., node(3)., node(4)., node(5)., node(6)., node(7)., node(8)., node(9)., query(qr).]
tracc
nnf_construction_time: 9.318774700164795
Pre simplification
number of sums: 2047
number of prods: 3302
(v_32*(v_37*(v_38 - v_45*(v_38 - 1)) - v_45*(v_37 - 1)) - v_45*(v_32 - 1))*(v_35*(v_40 - (v_40 - 1)*(v_43 - v_51*(v_43 - 1))) - v_51*(v_35 - 1))
Post simplification
symp_time: 1.8992078304290771
number of sums: 0
number of sub: 12
number of prods: 10
opt_time: 0.08164405822753906
     fun: 0.9754540403561244
   maxcv: 9.951274720920722e-09
 message: 'Optimization terminated successfully.'
    nfev: 135
  status: 1
 success: True
       x: array([0.05      , 0.26041064, 0.05      , 0.05      , 0.2650434 ,
       0.05      , 0.05      , 0.05      , 0.05      , 0.05      ,
       0.05      ])

real	0m12.412s
user	0m11.870s
sys	0m0.427s
Ended at: 
Thu Dec  7 17:36:27 CET 2023
