Started at: 
Mon Dec 11 08:18:06 CET 2023
instance 2
Computing answer sets
Answer set generation time: 0.10529470443725586 s
number of sums: 1022
number of prods: 9207
Starting optimization
     fun: 0.5
     jac: array([1., 1.])
 message: 'Positive directional derivative for linesearch'
    nfev: 126
     nit: 20
    njev: 16
  status: 8
 success: False
       x: array([0.25, 0.25])
Optimization time: 28.189483642578125 s
Target equation: 0.5591443603162874
[93mWarning: Unable to solve the optimization problem.[0m

real	0m29.657s
user	0m29.268s
sys	0m0.235s
instance 3
Computing answer sets
Answer set generation time: 0.10441303253173828 s
number of sums: 1022
number of prods: 9207
Starting optimization
     fun: 0.75
     jac: array([1., 1., 1.])
 message: 'Positive directional derivative for linesearch'
    nfev: 41
     nit: 10
    njev: 6
  status: 8
 success: False
       x: array([0.25, 0.25, 0.25])
Optimization time: 23.368929862976074 s
Target equation: 0.6591322373579768
[93mWarning: Unable to solve the optimization problem.[0m

real	0m24.750s
user	0m24.385s
sys	0m0.218s
instance 4
Computing answer sets
Answer set generation time: 0.10594558715820312 s
number of sums: 1022
number of prods: 9207
Starting optimization
     fun: 0.9012773713838542
     jac: array([1., 1., 1., 1.])
 message: 'Optimization terminated successfully'
    nfev: 4
     nit: 4
    njev: 4
  status: 0
 success: True
       x: array([0.22531934, 0.22531934, 0.22531934, 0.22531934])
Optimization time: 24.704370498657227 s
Target equation: 0.6999999999731082
Sum of optimizable facts = 0.9012773713838542
Optimal probabilities
[0.22531934 0.22531934 0.22531934 0.22531934]

real	0m26.018s
user	0m25.683s
sys	0m0.215s
instance 5
Computing answer sets
Answer set generation time: 0.10381579399108887 s
number of sums: 1022
number of prods: 9207
Starting optimization
     fun: 0.9484377031098175
     jac: array([1., 1., 1., 1., 1.])
 message: 'Optimization terminated successfully'
    nfev: 5
     nit: 4
    njev: 4
  status: 0
 success: True
       x: array([0.18968754, 0.18968754, 0.18968754, 0.18968754, 0.18968754])
Optimization time: 47.5269455909729 s
Target equation: 0.6999999999998611
Sum of optimizable facts = 0.9484377031098175
Optimal probabilities
[0.18968754 0.18968754 0.18968754 0.18968754 0.18968754]

real	0m48.916s
user	0m48.496s
sys	0m0.225s
instance 6
Computing answer sets
Answer set generation time: 0.10268235206604004 s
number of sums: 1022
number of prods: 9207
Starting optimization
     fun: 0.9901625261901214
     jac: array([1., 1., 1., 1., 1., 1.])
 message: 'Optimization terminated successfully'
    nfev: 5
     nit: 5
    njev: 5
  status: 0
 success: True
       x: array([0.16502709, 0.16502709, 0.16502709, 0.16502709, 0.16502709,
       0.16502709])
Optimization time: 98.8617811203003 s
Target equation: 0.6999999987105003
Sum of optimizable facts = 0.9901625261901214
Optimal probabilities
[0.16502709 0.16502709 0.16502709 0.16502709 0.16502709 0.16502709]

real	1m40.409s
user	1m39.884s
sys	0m0.242s
instance 7
Computing answer sets
Answer set generation time: 0.1101841926574707 s
number of sums: 1022
number of prods: 9207
Starting optimization
     fun: 1.0286801688404092
     jac: array([1., 1., 1., 1., 1., 1., 1.])
 message: 'Optimization terminated successfully'
    nfev: 6
     nit: 5
    njev: 5
  status: 0
 success: True
       x: array([0.14695431, 0.14695431, 0.14695431, 0.14695431, 0.14695431,
       0.14695431, 0.14695431])
Optimization time: 186.89047384262085 s
Target equation: 0.6999999999995343
Sum of optimizable facts = 1.0286801688404092
Optimal probabilities
[0.14695431 0.14695431 0.14695431 0.14695431 0.14695431 0.14695431
 0.14695431]

real	3m8.481s
user	3m7.815s
sys	0m0.341s
instance 8
/home/dazzolin/anaconda3/lib/python3.9/site-packages/scipy/optimize/optimize.py:282: RuntimeWarning: Values in x were outside bounds during a minimize step, clipping to bounds
  warnings.warn("Values in x were outside bounds during a "
