Started at: 
Mon Dec 11 08:18:05 CET 2023
instance 2
Computing answer sets
Answer set generation time: 4.268034219741821 s
number of sums: 32766
number of prods: 458738
Starting optimization
     fun: 0.5
     jac: array([1., 1.])
 message: 'Positive directional derivative for linesearch'
    nfev: 1
     nit: 5
    njev: 1
  status: 8
 success: False
       x: array([0.25, 0.25])
Optimization time: 53.441837310791016 s
Target equation: 0.6214222617816292
[93mWarning: Unable to solve the optimization problem.[0m

real	1m23.954s
user	1m11.144s
sys	0m12.571s
instance 3
Computing answer sets
Answer set generation time: 4.44254732131958 s
number of sums: 32766
number of prods: 458738
Starting optimization
     fun: 0.731486309764845
     jac: array([1., 1., 1.])
 message: 'Optimization terminated successfully'
    nfev: 3
     nit: 3
    njev: 3
  status: 0
 success: True
       x: array([0.24382877, 0.24382877, 0.24382877])
Optimization time: 93.97030639648438 s
Target equation: 0.6999999959192518
Sum of optimizable facts = 0.731486309764845
Optimal probabilities
[0.24382877 0.24382877 0.24382877]

real	2m5.485s
user	1m52.270s
sys	0m12.907s
instance 4
Computing answer sets
Answer set generation time: 4.3124330043792725 s
number of sums: 32766
number of prods: 458738
Starting optimization
     fun: 0.7810217584862743
     jac: array([1., 1., 1., 1.])
 message: 'Optimization terminated successfully'
    nfev: 4
     nit: 4
    njev: 4
  status: 0
 success: True
       x: array([0.19525544, 0.19525544, 0.19525544, 0.19525544])
Optimization time: 115.04730558395386 s
Target equation: 0.6999999852648005
Sum of optimizable facts = 0.7810217584862743
Optimal probabilities
[0.19525544 0.19525544 0.19525544 0.19525544]

real	2m26.018s
user	2m13.422s
sys	0m12.264s
instance 5
Computing answer sets
Answer set generation time: 4.256123304367065 s
number of sums: 32766
number of prods: 458738
Starting optimization
     fun: 0.8231316525984433
     jac: array([1., 1., 1., 1., 1.])
 message: 'Optimization terminated successfully'
    nfev: 5
     nit: 5
    njev: 5
  status: 0
 success: True
       x: array([0.16462633, 0.16462633, 0.16462633, 0.16462633, 0.16462633])
Optimization time: 241.76380109786987 s
Target equation: 0.6999999999664859
Sum of optimizable facts = 0.8231316525984433
Optimal probabilities
[0.16462633 0.16462633 0.16462633 0.16462633 0.16462633]

real	4m32.404s
user	4m19.919s
sys	0m12.083s
instance 6
