Started at: 
Mon Dec 11 08:18:04 CET 2023
instance 2
Computing answer sets
Answer set generation time: 0.10535454750061035 s
number of sums: 1022
number of prods: 9207
Starting optimization
     fun: 0.632631377376426
   maxcv: 0.06634064220740077
 message: 'Did not converge to a solution satisfying the constraints. See `maxcv` for magnitude of violation.'
    nfev: 15
  status: 4
 success: False
       x: array([0.31631569, 0.31631569])
Optimization time: 2.9123592376708984 s
Target equation: 0.6336593577926136
[93mWarning: Unable to solve the optimization problem.[0m

real	0m4.497s
user	0m3.985s
sys	0m0.160s
instance 3
Computing answer sets
Answer set generation time: 0.10428690910339355 s
number of sums: 1022
number of prods: 9207
Starting optimization
     fun: 0.802577049497349
   maxcv: 0.017526037690814178
 message: 'Did not converge to a solution satisfying the constraints. See `maxcv` for magnitude of violation.'
    nfev: 24
  status: 4
 success: False
       x: array([0.26752568, 0.26752568, 0.26752568])
Optimization time: 5.427694082260132 s
Target equation: 0.682473962309185
[93mWarning: Unable to solve the optimization problem.[0m

real	0m6.727s
user	0m6.417s
sys	0m0.162s
instance 4
Computing answer sets
Answer set generation time: 0.10451292991638184 s
number of sums: 1022
number of prods: 9207
Starting optimization
     fun: 0.8962970037716912
   maxcv: 0.0
 message: 'Optimization terminated successfully.'
    nfev: 31
  status: 1
 success: True
       x: array([0.146297, 0.25    , 0.25    , 0.25    ])
Optimization time: 8.604891538619995 s
Target equation: 0.7000001749637629
Sum of optimizable facts = 0.8962970037716912
Optimal probabilities
[0.146297 0.25     0.25     0.25    ]

real	0m9.988s
user	0m9.649s
sys	0m0.177s
instance 5
Computing answer sets
Answer set generation time: 0.1040186882019043 s
number of sums: 1022
number of prods: 9207
Starting optimization
     fun: 0.9283176561213026
   maxcv: 2.1147602030646695e-06
 message: 'Optimization terminated successfully.'
    nfev: 43
  status: 1
 success: True
       x: array([0.12831766, 0.05      , 0.25      , 0.25      , 0.25      ])
Optimization time: 14.338687896728516 s
Target equation: 0.6999978852397976
Sum of optimizable facts = 0.9283176561213026
Optimal probabilities
[0.12831766 0.05       0.25       0.25       0.25      ]

real	0m15.711s
user	0m15.347s
sys	0m0.189s
instance 6
Computing answer sets
Answer set generation time: 0.1079869270324707 s
number of sums: 1022
number of prods: 9207
Starting optimization
     fun: 0.9599234020030059
   maxcv: 1.6624499348250055e-05
 message: 'Optimization terminated successfully.'
    nfev: 44
  status: 1
 success: True
       x: array([0.05     , 0.25     , 0.25     , 0.25     , 0.1099234, 0.05     ])
Optimization time: 19.113702058792114 s
Target equation: 0.6999833755006516
Sum of optimizable facts = 0.9599234020030059
Optimal probabilities
[0.05      0.25      0.25      0.25      0.1099234 0.05     ]

real	0m20.413s
user	0m20.045s
sys	0m0.204s
instance 7
Computing answer sets
Answer set generation time: 0.10893988609313965 s
number of sums: 1022
number of prods: 9207
Starting optimization
     fun: 0.9912353065018525
   maxcv: 3.3306690738754696e-16
 message: 'Optimization terminated successfully.'
    nfev: 76
  status: 1
 success: True
       x: array([0.25      , 0.25      , 0.25      , 0.05      , 0.09123531,
       0.05      , 0.05      ])
Optimization time: 41.009005308151245 s
Target equation: 0.6999999999999978
Sum of optimizable facts = 0.9912353065018525
Optimal probabilities
[0.25       0.25       0.25       0.05       0.09123531 0.05
 0.05      ]

real	0m42.352s
user	0m41.862s
sys	0m0.273s
instance 8
Computing answer sets
Answer set generation time: 0.10863876342773438 s
number of sums: 1022
number of prods: 9207
Starting optimization
     fun: 1.02210341881726
   maxcv: 0.0
 message: 'Optimization terminated successfully.'
    nfev: 78
  status: 1
 success: True
       x: array([0.05      , 0.05      , 0.25      , 0.25      , 0.07210342,
       0.05      , 0.05      , 0.25      ])
Optimization time: 55.178895473480225 s
Target equation: 0.7000000001938532
Sum of optimizable facts = 1.02210341881726
Optimal probabilities
[0.05       0.05       0.25       0.25       0.07210342 0.05
 0.05       0.25      ]

real	0m56.510s
user	0m56.000s
sys	0m0.263s
instance 9
Computing answer sets
Answer set generation time: 0.10639262199401855 s
number of sums: 1022
number of prods: 9207
Starting optimization
     fun: 1.0525697926613868
   maxcv: 0.0
 message: 'Optimization terminated successfully.'
    nfev: 88
  status: 1
 success: True
       x: array([0.25      , 0.05      , 0.05      , 0.05      , 0.05      ,
       0.05      , 0.05256979, 0.25      , 0.25      ])
Optimization time: 93.83633661270142 s
Target equation: 0.700000329097232
Sum of optimizable facts = 1.0525697926613868
Optimal probabilities
[0.25       0.05       0.05       0.05       0.05       0.05
 0.05256979 0.25       0.25      ]

real	1m35.086s
user	1m34.445s
sys	0m0.325s
Ended at: 
Mon Dec 11 08:22:16 CET 2023
