Started at: 
Mon Dec 11 08:18:06 CET 2023
instance 2
Computing answer sets
Answer set generation time: 4.87565016746521 s
number of sums: 32766
number of prods: 458738
Starting optimization
     fun: 0.5
     jac: array([1., 1.])
 message: 'Positive directional derivative for linesearch'
    nfev: 1
     nit: 5
    njev: 1
  status: 8
 success: False
       x: array([0.25, 0.25])
Optimization time: 53.69898200035095 s
Target equation: 0.6214222617816292
[93mWarning: Unable to solve the optimization problem.[0m

real	1m24.627s
user	1m11.879s
sys	0m12.474s
instance 3
Computing answer sets
Answer set generation time: 4.268974542617798 s
number of sums: 32766
number of prods: 458738
Starting optimization
     fun: 0.731486309764845
     jac: array([1., 1., 1.])
 message: 'Optimization terminated successfully'
    nfev: 3
     nit: 3
    njev: 3
  status: 0
 success: True
       x: array([0.24382877, 0.24382877, 0.24382877])
Optimization time: 88.6761155128479 s
Target equation: 0.6999999959192518
Sum of optimizable facts = 0.731486309764845
Optimal probabilities
[0.24382877 0.24382877 0.24382877]

real	1m59.874s
user	1m46.622s
sys	0m12.861s
instance 4
Computing answer sets
Answer set generation time: 4.36675763130188 s
number of sums: 32766
number of prods: 458738
Starting optimization
     fun: 0.7810217584862743
     jac: array([1., 1., 1., 1.])
 message: 'Optimization terminated successfully'
    nfev: 4
     nit: 4
    njev: 4
  status: 0
 success: True
       x: array([0.19525544, 0.19525544, 0.19525544, 0.19525544])
Optimization time: 114.47212672233582 s
Target equation: 0.6999999852648005
Sum of optimizable facts = 0.7810217584862743
Optimal probabilities
[0.19525544 0.19525544 0.19525544 0.19525544]

real	2m25.341s
user	2m12.680s
sys	0m12.358s
instance 5
Computing answer sets
Answer set generation time: 4.139998435974121 s
number of sums: 32766
number of prods: 458738
Starting optimization
     fun: 0.8231316525984433
     jac: array([1., 1., 1., 1., 1.])
 message: 'Optimization terminated successfully'
    nfev: 5
     nit: 5
    njev: 5
  status: 0
 success: True
       x: array([0.16462633, 0.16462633, 0.16462633, 0.16462633, 0.16462633])
Optimization time: 245.13001251220703 s
Target equation: 0.6999999999664859
Sum of optimizable facts = 0.8231316525984433
Optimal probabilities
[0.16462633 0.16462633 0.16462633 0.16462633 0.16462633]

real	4m35.555s
user	4m23.484s
sys	0m11.667s
instance 6
