Started at: 
Mon Dec 11 10:25:30 CET 2023
instance 2
Computing answer sets
Answer set generation time: 6743.594807624817 s
number of sums: 12286
number of prods: 294888
Starting optimization
     fun: 1.0133477214201287
     jac: array([1., 1.])
 message: 'Optimization terminated successfully'
    nfev: 5
     nit: 5
    njev: 5
  status: 0
 success: True
       x: array([0.47667386, 0.53667386])
Optimization time: 29.407156705856323 s
Target equation: 0.6999999992772306
Sum of optimizable facts = 1.0133477214201287
Optimal probabilities
[0.47667386 0.53667386]

real	113m11.801s
user	112m42.134s
sys	0m23.480s
instance 3
Computing answer sets
Answer set generation time: 6717.089196443558 s
number of sums: 12286
number of prods: 294888
Starting optimization
     fun: 1.7954566143446113
     jac: array([1., 1., 1.])
 message: 'Optimization terminated successfully'
    nfev: 4
     nit: 4
    njev: 4
  status: 0
 success: True
       x: array([0.57848554, 0.63848554, 0.57848554])
Optimization time: 40.7056450843811 s
Target equation: 0.6999999998907035
Sum of optimizable facts = 1.7954566143446113
Optimal probabilities
[0.57848554 0.63848554 0.57848554]

real	112m57.421s
user	112m27.457s
sys	0m26.733s
instance 4
Computing answer sets
Answer set generation time: 6797.74395942688 s
number of sums: 12286
number of prods: 294888
Starting optimization
     fun: 2.827971609573637
     jac: array([1., 1., 1., 1.])
 message: 'Optimization terminated successfully'
    nfev: 5
     nit: 4
    njev: 4
  status: 0
 success: True
       x: array([0.6769929, 0.7369929, 0.6769929, 0.7369929])
Optimization time: 57.24327516555786 s
Target equation: 0.6999999999998943
Sum of optimizable facts = 2.827971609573637
Optimal probabilities
[0.6769929 0.7369929 0.6769929 0.7369929]

real	114m34.531s
user	114m8.610s
sys	0m22.193s
instance 5
