Started at: 
Mon Dec 11 10:25:30 CET 2023
instance 2
Computing answer sets
Answer set generation time: 7020.045635461807 s
number of sums: 12286
number of prods: 294888
Starting optimization
     fun: 0.9977686627250508
   maxcv: 1.1102230246251565e-16
 message: 'Optimization terminated successfully.'
    nfev: 13
  status: 1
 success: True
       x: array([0.4       , 0.59776866])
Optimization time: 26.0857937335968 s
Target equation: 0.6999999999999299
Sum of optimizable facts = 0.9977686627250508
Optimal probabilities
[0.4        0.59776866]

real	117m45.297s
user	117m14.109s
sys	0m24.533s
instance 3
Computing answer sets
Answer set generation time: 6891.5451629161835 s
number of sums: 12286
number of prods: 294888
Starting optimization
     fun: 1.5258014750528162
   maxcv: 0.0
 message: 'Optimization terminated successfully.'
    nfev: 21
  status: 1
 success: True
       x: array([0.4       , 0.72580148, 0.4       ])
Optimization time: 33.659414291381836 s
Target equation: 0.7000000000000065
Sum of optimizable facts = 1.5258014750528162
Optimal probabilities
[0.4        0.72580148 0.4       ]

real	115m44.272s
user	115m8.919s
sys	0m29.022s
instance 4
Computing answer sets
Answer set generation time: 6641.548778533936 s
number of sums: 12286
number of prods: 294888
Starting optimization
     fun: 2.495338851633183
   maxcv: 7.748192643042273e-09
 message: 'Optimization terminated successfully.'
    nfev: 61
  status: 1
 success: True
       x: array([0.4       , 0.84759758, 0.4       , 0.84774127])
Optimization time: 44.21855092048645 s
Target equation: 0.6999999922518504
Sum of optimizable facts = 2.495338851633183
Optimal probabilities
[0.4        0.84759758 0.4        0.84774127]

real	111m45.288s
user	111m18.530s
sys	0m21.099s
instance 5
Computing answer sets
Answer set generation time: 6674.366495847702 s
number of sums: 12286
number of prods: 294888
Starting optimization
     fun: 2.9362368154335226
   maxcv: 8.519988825561597e-09
 message: 'Optimization terminated successfully.'
    nfev: 80
  status: 1
 success: True
       x: array([0.4       , 0.86822023, 0.4       , 0.86801659, 0.4       ])
Optimization time: 55.10334777832031 s
Target equation: 0.6999999914799645
Sum of optimizable facts = 2.9362368154335226
Optimal probabilities
[0.4        0.86822023 0.4        0.86801659 0.4       ]

real	112m29.007s
user	112m2.369s
sys	0m22.975s
instance 6
slurmstepd: error: *** JOB 2097299 ON node03 CANCELLED AT 2023-12-11T18:25:49 DUE TO TIME LIMIT ***
