Started at: 
Mon Dec 11 10:25:30 CET 2023
instance 2
Computing answer sets
Answer set generation time: 0.10562300682067871 s
number of sums: 62
number of prods: 567
Starting optimization
     fun: 0.9338288575320363
   maxcv: 2.8238399493174526e-06
 message: 'Optimization terminated successfully.'
    nfev: 14
  status: 1
 success: True
       x: array([0.4       , 0.53382886])
Optimization time: 0.22408556938171387 s
Target equation: 0.699997176160051
Sum of optimizable facts = 0.9338288575320363
Optimal probabilities
[0.4        0.53382886]

real	0m1.693s
user	0m1.360s
sys	0m0.172s
instance 3
Computing answer sets
Answer set generation time: 0.11231732368469238 s
number of sums: 62
number of prods: 567
Starting optimization
     fun: 1.4713059809886613
   maxcv: 1.3674704662403059e-05
 message: 'Optimization terminated successfully.'
    nfev: 19
  status: 1
 success: True
       x: array([0.40000237, 0.67130124, 0.40000237])
Optimization time: 0.25582194328308105 s
Target equation: 0.6999863252953371
Sum of optimizable facts = 1.4713059809886613
Optimal probabilities
[0.40000237 0.67130124 0.40000237]

real	0m1.622s
user	0m1.328s
sys	0m0.132s
instance 4
Computing answer sets
Answer set generation time: 0.10693883895874023 s
number of sums: 62
number of prods: 567
Starting optimization
     fun: 2.4304670527911014
   maxcv: 8.196620715494873e-09
 message: 'Optimization terminated successfully.'
    nfev: 66
  status: 1
 success: True
       x: array([0.8151586 , 0.4       , 0.81530846, 0.4       ])
Optimization time: 0.29034924507141113 s
Target equation: 0.699999991803379
Sum of optimizable facts = 2.4304670527911014
Optimal probabilities
[0.8151586  0.4        0.81530846 0.4       ]

real	0m1.636s
user	0m1.341s
sys	0m0.144s
instance 5
Computing answer sets
Answer set generation time: 0.10430717468261719 s
number of sums: 62
number of prods: 567
Starting optimization
     fun: 2.874198592646002
   maxcv: 9.094683450783236e-09
 message: 'Optimization terminated successfully.'
    nfev: 83
  status: 1
 success: True
       x: array([0.4       , 0.83713169, 0.4       , 0.8370669 , 0.4       ])
Optimization time: 0.33743858337402344 s
Target equation: 0.6999999909053171
Sum of optimizable facts = 2.874198592646002
Optimal probabilities
[0.4        0.83713169 0.4        0.8370669  0.4       ]

real	0m1.680s
user	0m1.383s
sys	0m0.153s
instance 6
Computing answer sets
Answer set generation time: 0.10537958145141602 s
number of sums: 62
number of prods: 567
Starting optimization
     fun: 3.855732355887762
   maxcv: 9.341040385635324e-09
 message: 'Optimization terminated successfully.'
    nfev: 103
  status: 1
 success: True
       x: array([0.88532549, 0.4       , 0.88520184, 0.4       , 0.88520503,
       0.4       ])
Optimization time: 0.37473082542419434 s
Target equation: 0.6999999906589599
Sum of optimizable facts = 3.855732355887762
Optimal probabilities
[0.88532549 0.4        0.88520184 0.4        0.88520503 0.4       ]

real	0m1.736s
user	0m1.409s
sys	0m0.157s
instance 7
Computing answer sets
Answer set generation time: 0.1038351058959961 s
number of sums: 62
number of prods: 567
Starting optimization
     fun: 4.2716206875662
   maxcv: 1.5302896172464386e-08
 message: 'Optimization terminated successfully.'
    nfev: 138
  status: 1
 success: True
       x: array([0.4       , 0.89052052, 0.4       , 0.89060314, 0.4       ,
       0.89049703, 0.4       ])
Optimization time: 0.4597623348236084 s
Target equation: 0.699999984697104
Sum of optimizable facts = 4.2716206875662
Optimal probabilities
[0.4        0.89052052 0.4        0.89060314 0.4        0.89049703
 0.4       ]

real	0m1.823s
user	0m1.499s
sys	0m0.154s
instance 8
Computing answer sets
Answer set generation time: 0.1058206558227539 s
number of sums: 62
number of prods: 567
Starting optimization
     fun: 5.25770729569876
   maxcv: 6.919665396232233e-09
 message: 'Optimization terminated successfully.'
    nfev: 148
  status: 1
 success: True
       x: array([0.91445856, 0.4       , 0.9143608 , 0.4       , 0.91444101,
       0.4       , 0.91444692, 0.4       ])
Optimization time: 0.5240180492401123 s
Target equation: 0.6999999930803346
Sum of optimizable facts = 5.25770729569876
Optimal probabilities
[0.91445856 0.4        0.9143608  0.4        0.91444101 0.4
 0.91444692 0.4       ]

real	0m1.888s
user	0m1.564s
sys	0m0.144s
instance 9
Computing answer sets
Answer set generation time: 0.10530829429626465 s
number of sums: 62
number of prods: 567
Starting optimization
     fun: 5.663896686080621
   maxcv: 5.259759294773403e-09
 message: 'Optimization terminated successfully.'
    nfev: 162
  status: 1
 success: True
       x: array([0.4       , 0.91592178, 0.4       , 0.91602601, 0.4       ,
       0.91596582, 0.4       , 0.91598309, 0.4       ])
Optimization time: 0.6410448551177979 s
Target equation: 0.6999999947402408
Sum of optimizable facts = 5.663896686080621
Optimal probabilities
[0.4        0.91592178 0.4        0.91602601 0.4        0.91596582
 0.4        0.91598309 0.4       ]

real	0m2.049s
user	0m1.718s
sys	0m0.130s
Ended at: 
Mon Dec 11 10:25:44 CET 2023
