Started at: 
Mon Dec 11 10:25:30 CET 2023
instance 2
Computing answer sets
Answer set generation time: 0.09877157211303711 s
number of sums: 62
number of prods: 567
Starting optimization
     fun: 0.9416600481082302
     jac: array([1., 1.])
 message: 'Optimization terminated successfully'
    nfev: 4
     nit: 3
    njev: 3
  status: 0
 success: True
       x: array([0.47083002, 0.47083002])
Optimization time: 0.3178389072418213 s
Target equation: 0.6999999999997288
Sum of optimizable facts = 0.9416600481082302
Optimal probabilities
[0.47083002 0.47083002]

real	0m1.628s
user	0m1.330s
sys	0m0.158s
instance 3
Computing answer sets
Answer set generation time: 0.09864664077758789 s
number of sums: 62
number of prods: 567
Starting optimization
     fun: 1.690021731412938
     jac: array([1., 1., 1.])
 message: 'Optimization terminated successfully'
    nfev: 4
     nit: 4
    njev: 4
  status: 0
 success: True
       x: array([0.54334058, 0.60334058, 0.54334058])
Optimization time: 0.645843505859375 s
Target equation: 0.6999999999900488
Sum of optimizable facts = 1.690021731412938
Optimal probabilities
[0.54334058 0.60334058 0.54334058]

real	0m1.808s
user	0m1.523s
sys	0m0.136s
instance 4
Computing answer sets
Answer set generation time: 0.09775567054748535 s
number of sums: 62
number of prods: 567
Starting optimization
     fun: 2.7309243088477757
     jac: array([1., 1., 1., 1.])
 message: 'Optimization terminated successfully'
    nfev: 4
     nit: 4
    njev: 4
  status: 0
 success: True
       x: array([0.68273108, 0.68273108, 0.68273108, 0.68273108])
Optimization time: 1.207646131515503 s
Target equation: 0.6999999999757159
Sum of optimizable facts = 2.7309243088477757
Optimal probabilities
[0.68273108 0.68273108 0.68273108 0.68273108]

real	0m2.419s
user	0m2.118s
sys	0m0.139s
instance 5
Computing answer sets
Answer set generation time: 0.10075759887695312 s
number of sums: 62
number of prods: 567
Starting optimization
     fun: 3.594578486026701
     jac: array([1., 1., 1., 1., 1.])
 message: 'Optimization terminated successfully'
    nfev: 4
     nit: 4
    njev: 4
  status: 0
 success: True
       x: array([0.6949157, 0.7549157, 0.6949157, 0.7549157, 0.6949157])
Optimization time: 2.5624895095825195 s
Target equation: 0.6999999330628651
Sum of optimizable facts = 3.594578486026701
Optimal probabilities
[0.6949157 0.7549157 0.6949157 0.7549157 0.6949157]

real	0m3.755s
user	0m3.469s
sys	0m0.119s
instance 6
Computing answer sets
Answer set generation time: 0.09654664993286133 s
number of sums: 62
number of prods: 567
Starting optimization
     fun: 4.6365622656804275
     jac: array([1., 1., 1., 1., 1., 1.])
 message: 'Optimization terminated successfully'
    nfev: 5
     nit: 5
    njev: 5
  status: 0
 success: True
       x: array([0.77276038, 0.77276038, 0.77276038, 0.77276038, 0.77276038,
       0.77276038])
Optimization time: 5.50934100151062 s
Target equation: 0.6999999995596256
Sum of optimizable facts = 4.6365622656804275
Optimal probabilities
[0.77276038 0.77276038 0.77276038 0.77276038 0.77276038 0.77276038]

real	0m6.693s
user	0m6.388s
sys	0m0.140s
instance 7
Computing answer sets
Answer set generation time: 0.09466338157653809 s
number of sums: 62
number of prods: 567
Starting optimization
     fun: 5.5257423966903545
     jac: array([1., 1., 1., 1., 1., 1., 1.])
 message: 'Optimization terminated successfully'
    nfev: 6
     nit: 5
    njev: 5
  status: 0
 success: True
       x: array([0.76367749, 0.82367749, 0.76367749, 0.82367749, 0.76367749,
       0.82367749, 0.76367749])
Optimization time: 10.80295205116272 s
Target equation: 0.6999999991048291
Sum of optimizable facts = 5.5257423966903545
Optimal probabilities
[0.76367749 0.82367749 0.76367749 0.82367749 0.76367749 0.82367749
 0.76367749]

real	0m11.989s
user	0m11.646s
sys	0m0.151s
instance 8
Computing answer sets
Answer set generation time: 0.10529232025146484 s
number of sums: 62
number of prods: 567
Starting optimization
     fun: 6.549774435802785
     jac: array([1., 1., 1., 1., 1., 1., 1., 1.])
 message: 'Optimization terminated successfully'
    nfev: 18
     nit: 15
    njev: 15
  status: 0
 success: True
       x: array([0.8487218, 0.7887218, 0.8487218, 0.7887218, 0.8487218, 0.7887218,
       0.8487218, 0.7887218])
Optimization time: 70.49729895591736 s
Target equation: 0.7000000008043499
Sum of optimizable facts = 6.549774435802785
Optimal probabilities
[0.8487218 0.7887218 0.8487218 0.7887218 0.8487218 0.7887218 0.8487218
 0.7887218]

real	1m11.731s
user	1m11.278s
sys	0m0.196s
instance 9
Computing answer sets
Answer set generation time: 0.09456706047058105 s
number of sums: 62
number of prods: 567
Starting optimization
     fun: 7.468145992080738
     jac: array([1., 1., 1., 1., 1., 1., 1., 1., 1.])
 message: 'Optimization terminated successfully'
    nfev: 13
     nit: 10
    njev: 10
  status: 0
 success: True
       x: array([0.80312733, 0.86312733, 0.80312733, 0.86312733, 0.80312733,
       0.86312733, 0.80312733, 0.86312733, 0.80312733])
Optimization time: 93.42311263084412 s
Target equation: 0.7000000173005377
Sum of optimizable facts = 7.468145992080738
Optimal probabilities
[0.80312733 0.86312733 0.80312733 0.86312733 0.80312733 0.86312733
 0.80312733 0.86312733 0.80312733]

real	1m34.624s
user	1m34.079s
sys	0m0.241s
Ended at: 
Mon Dec 11 10:28:45 CET 2023
