Started at: 
Mon Dec 11 10:25:29 CET 2023
instance 2
Computing answer sets
Answer set generation time: 0.11245846748352051 s
number of sums: 62
number of prods: 567
Starting optimization
     fun: 0.9416600481082302
     jac: array([1., 1.])
 message: 'Optimization terminated successfully'
    nfev: 4
     nit: 3
    njev: 3
  status: 0
 success: True
       x: array([0.47083002, 0.47083002])
Optimization time: 0.3095884323120117 s
Target equation: 0.6999999999997288
Sum of optimizable facts = 0.9416600481082302
Optimal probabilities
[0.47083002 0.47083002]

real	0m1.836s
user	0m1.324s
sys	0m0.193s
instance 3
Computing answer sets
Answer set generation time: 0.09794259071350098 s
number of sums: 62
number of prods: 567
Starting optimization
     fun: 1.4713188959037304
     jac: array([1., 1., 1.])
 message: 'Optimization terminated successfully'
    nfev: 3
     nit: 3
    njev: 3
  status: 0
 success: True
       x: array([0.4      , 0.6713189, 0.4      ])
Optimization time: 0.42905259132385254 s
Target equation: 0.7000000000000004
Sum of optimizable facts = 1.4713188959037304
Optimal probabilities
[0.4       0.6713189 0.4      ]

real	0m1.601s
user	0m1.315s
sys	0m0.127s
instance 4
Computing answer sets
Answer set generation time: 0.1037752628326416 s
number of sums: 62
number of prods: 567
Starting optimization
     fun: 2.7309243088477757
     jac: array([1., 1., 1., 1.])
 message: 'Optimization terminated successfully'
    nfev: 4
     nit: 4
    njev: 4
  status: 0
 success: True
       x: array([0.68273108, 0.68273108, 0.68273108, 0.68273108])
Optimization time: 0.8023519515991211 s
Target equation: 0.6999999999757159
Sum of optimizable facts = 2.7309243088477757
Optimal probabilities
[0.68273108 0.68273108 0.68273108 0.68273108]

real	0m1.967s
user	0m1.705s
sys	0m0.114s
instance 5
Computing answer sets
Answer set generation time: 0.09857010841369629 s
number of sums: 62
number of prods: 567
Starting optimization
     fun: 2.8741986099220496
     jac: array([1., 1., 1., 1., 1.])
 message: 'Optimization terminated successfully'
    nfev: 5
     nit: 6
    njev: 5
  status: 0
 success: True
       x: array([0.4      , 0.8370993, 0.4      , 0.8370993, 0.4      ])
Optimization time: 2.1237006187438965 s
Target equation: 0.7000000050008299
Sum of optimizable facts = 2.8741986099220496
Optimal probabilities
[0.4       0.8370993 0.4       0.8370993 0.4      ]

real	0m3.315s
user	0m3.014s
sys	0m0.136s
instance 6
Computing answer sets
Answer set generation time: 0.09654498100280762 s
number of sums: 62
number of prods: 567
Starting optimization
     fun: 4.6365622656804275
     jac: array([1., 1., 1., 1., 1., 1.])
 message: 'Optimization terminated successfully'
    nfev: 5
     nit: 5
    njev: 5
  status: 0
 success: True
       x: array([0.77276038, 0.77276038, 0.77276038, 0.77276038, 0.77276038,
       0.77276038])
Optimization time: 3.784078359603882 s
Target equation: 0.6999999995596256
Sum of optimizable facts = 4.6365622656804275
Optimal probabilities
[0.77276038 0.77276038 0.77276038 0.77276038 0.77276038 0.77276038]

real	0m4.981s
user	0m4.675s
sys	0m0.135s
instance 7
Computing answer sets
Answer set generation time: 0.09550786018371582 s
number of sums: 62
number of prods: 567
Starting optimization
     fun: 4.271620706037995
     jac: array([1., 1., 1., 1., 1., 1., 1.])
 message: 'Optimization terminated successfully'
    nfev: 9
     nit: 8
    njev: 8
  status: 0
 success: True
       x: array([0.4       , 0.89054024, 0.4       , 0.89054024, 0.4       ,
       0.89054024, 0.4       ])
Optimization time: 12.23792815208435 s
Target equation: 0.7000000013332004
Sum of optimizable facts = 4.271620706037995
Optimal probabilities
[0.4        0.89054024 0.4        0.89054024 0.4        0.89054024
 0.4       ]

real	0m13.395s
user	0m13.065s
sys	0m0.159s
instance 8
Computing answer sets
Answer set generation time: 0.09713983535766602 s
number of sums: 62
number of prods: 567
Starting optimization
     fun: 5.257707237634346
     jac: array([1., 1., 1., 1., 1., 1., 1., 1.])
 message: 'Optimization terminated successfully'
    nfev: 30
     nit: 16
    njev: 16
  status: 0
 success: True
       x: array([0.91442681, 0.4       , 0.91442681, 0.4       , 0.91442681,
       0.4       , 0.91442681, 0.4       ])
Optimization time: 60.059608936309814 s
Target equation: 0.6999999526498178
Sum of optimizable facts = 5.257707237634346
Optimal probabilities
[0.91442681 0.4        0.91442681 0.4        0.91442681 0.4
 0.91442681 0.4       ]

real	1m1.302s
user	1m0.826s
sys	0m0.203s
instance 9
Computing answer sets
Answer set generation time: 0.09430289268493652 s
number of sums: 62
number of prods: 567
Starting optimization
     fun: 5.663896690261376
     jac: array([1., 1., 1., 1., 1., 1., 1., 1., 1.])
 message: 'Optimization terminated successfully'
    nfev: 9
     nit: 9
    njev: 9
  status: 0
 success: True
       x: array([0.4       , 0.91597417, 0.4       , 0.91597417, 0.4       ,
       0.91597417, 0.4       , 0.91597417, 0.4       ])
Optimization time: 74.25359272956848 s
Target equation: 0.7000000001826742
Sum of optimizable facts = 5.663896690261376
Optimal probabilities
[0.4        0.91597417 0.4        0.91597417 0.4        0.91597417
 0.4        0.91597417 0.4       ]

real	1m15.482s
user	1m15.037s
sys	0m0.198s
Ended at: 
Mon Dec 11 10:28:13 CET 2023
