Started at: 
Mon Dec 11 10:25:30 CET 2023
instance 2
Computing answer sets
Answer set generation time: 5.033792972564697 s
number of sums: 382
number of prods: 5362
Starting optimization
     fun: 0.9635061101561875
   maxcv: 1.869355051420385e-06
 message: 'Optimization terminated successfully.'
    nfev: 13
  status: 1
 success: True
       x: array([0.45175306, 0.51175306])
Optimization time: 1.600226640701294 s
Target equation: 0.6999981306449491
Sum of optimizable facts = 0.9635061101561875
Optimal probabilities
[0.45175306 0.51175306]

real	0m8.080s
user	0m7.652s
sys	0m0.263s
instance 3
Computing answer sets
Answer set generation time: 4.867494583129883 s
number of sums: 382
number of prods: 5362
Starting optimization
     fun: 1.7220322467131477
   maxcv: 5.551115123125783e-17
 message: 'Optimization terminated successfully.'
    nfev: 20
  status: 1
 success: True
       x: array([0.55401075, 0.61401075, 0.55401075])
Optimization time: 2.3713228702545166 s
Target equation: 0.70000000056397
Sum of optimizable facts = 1.7220322467131477
Optimal probabilities
[0.55401075 0.61401075 0.55401075]

real	0m8.547s
user	0m8.176s
sys	0m0.241s
instance 4
Computing answer sets
Answer set generation time: 5.12836480140686 s
number of sums: 382
number of prods: 5362
Starting optimization
     fun: 2.757428495601731
   maxcv: 3.5118107354348282e-06
 message: 'Optimization terminated successfully.'
    nfev: 27
  status: 1
 success: True
       x: array([0.65935712, 0.71935712, 0.65935712, 0.71935712])
Optimization time: 3.1334404945373535 s
Target equation: 0.6999964881892659
Sum of optimizable facts = 2.757428495601731
Optimal probabilities
[0.65935712 0.71935712 0.65935712 0.71935712]

real	0m9.554s
user	0m9.128s
sys	0m0.243s
instance 5
Computing answer sets
Answer set generation time: 4.9793381690979 s
number of sums: 382
number of prods: 5362
Starting optimization
     fun: 3.6315157494593686
   maxcv: 2.985109426312249e-08
 message: 'Optimization terminated successfully.'
    nfev: 53
  status: 1
 success: True
       x: array([0.70230315, 0.76230315, 0.70230315, 0.76230315, 0.70230315])
Optimization time: 5.680835723876953 s
Target equation: 0.6999999701489037
Sum of optimizable facts = 3.6315157494593686
Optimal probabilities
[0.70230315 0.76230315 0.70230315 0.76230315 0.70230315]

real	0m11.953s
user	0m11.524s
sys	0m0.239s
instance 6
Computing answer sets
Answer set generation time: 5.076168775558472 s
number of sums: 382
number of prods: 5362
Starting optimization
     fun: 4.658511811971708
   maxcv: 3.105204093856173e-09
 message: 'Optimization terminated successfully.'
    nfev: 73
  status: 1
 success: True
       x: array([0.74651898, 0.80631632, 0.74641913, 0.80641913, 0.74641913,
       0.80641913])
Optimization time: 8.149163246154785 s
Target equation: 0.6999999968947973
Sum of optimizable facts = 4.658511811971708
Optimal probabilities
[0.74651898 0.80631632 0.74641913 0.80641913 0.74641913 0.80641913]

real	0m14.532s
user	0m14.077s
sys	0m0.269s
instance 7
Computing answer sets
Answer set generation time: 5.185231924057007 s
number of sums: 382
number of prods: 5362
Starting optimization
     fun: 5.565175945003619
   maxcv: 1.6653345369377348e-16
 message: 'Optimization terminated successfully.'
    nfev: 50
  status: 1
 success: True
       x: array([0.76931085, 0.82931085, 0.76931085, 0.82931085, 0.76931085,
       0.82931085, 0.76931085])
Optimization time: 8.527684211730957 s
Target equation: 0.7000116386695505
Sum of optimizable facts = 5.565175945003619
Optimal probabilities
[0.76931085 0.82931085 0.76931085 0.82931085 0.76931085 0.82931085
 0.76931085]

real	0m15.025s
user	0m14.567s
sys	0m0.243s
instance 8
Computing answer sets
Answer set generation time: 4.929788589477539 s
number of sums: 382
number of prods: 5362
Starting optimization
     fun: 6.593499627645553
   maxcv: 1.0986020330117086e-06
 message: 'Optimization terminated successfully.'
    nfev: 59
  status: 1
 success: True
       x: array([0.85418745, 0.79418745, 0.85418745, 0.79418745, 0.85418745,
       0.79418745, 0.85418745, 0.79418745])
Optimization time: 10.889477014541626 s
Target equation: 0.6999989013979667
Sum of optimizable facts = 6.593499627645553
Optimal probabilities
[0.85418745 0.79418745 0.85418745 0.79418745 0.85418745 0.79418745
 0.85418745 0.79418745]

real	0m17.130s
user	0m16.701s
sys	0m0.247s
instance 9
Computing answer sets
Answer set generation time: 4.9243247509002686 s
number of sums: 382
number of prods: 5362
Starting optimization
     fun: 7.508909081483776
   maxcv: 5.551115123125783e-17
 message: 'Optimization terminated successfully.'
    nfev: 68
  status: 1
 success: True
       x: array([0.80765656, 0.86765656, 0.80765656, 0.86765656, 0.80765656,
       0.86765656, 0.80765656, 0.86765656, 0.80765656])
Optimization time: 15.008751392364502 s
Target equation: 0.7000000003067776
Sum of optimizable facts = 7.508909081483776
Optimal probabilities
[0.80765656 0.86765656 0.80765656 0.86765656 0.80765656 0.86765656
 0.80765656 0.86765656 0.80765656]

real	0m21.244s
user	0m20.764s
sys	0m0.267s
instance 10
Computing answer sets
Answer set generation time: 5.162137031555176 s
number of sums: 382
number of prods: 5362
Starting optimization
     fun: 8.536263043851976
   maxcv: 1.1413491128875464e-06
 message: 'Optimization terminated successfully.'
    nfev: 70
  status: 1
 success: True
       x: array([0.8836263, 0.8236263, 0.8836263, 0.8236263, 0.8836263, 0.8236263,
       0.8836263, 0.8236263, 0.8836263, 0.8236263])
Optimization time: 17.120145797729492 s
Target equation: 0.6999988586508888
Sum of optimizable facts = 8.536263043851976
Optimal probabilities
[0.8836263 0.8236263 0.8836263 0.8236263 0.8836263 0.8236263 0.8836263
 0.8236263 0.8836263 0.8236263]

real	0m23.593s
user	0m23.124s
sys	0m0.247s
instance 11
Computing answer sets
Answer set generation time: 4.852311372756958 s
number of sums: 382
number of prods: 5362
Starting optimization
     fun: 8.897774555892756
   maxcv: 0.08416258844909402
 message: 'Did not converge to a solution satisfying the constraints. See `maxcv` for magnitude of violation.'
    nfev: 87
  status: 4
 success: False
       x: array([0.74336015, 0.88752274, 0.74336015, 0.88752274, 0.74336015,
       0.88752274, 0.74336015, 0.88752274, 0.74336015, 0.88752274,
       0.74336015])
Optimization time: 25.023606061935425 s
Target equation: 0.6158374211532275
[93mWarning: Unable to solve the optimization problem.[0m

real	0m31.372s
user	0m30.707s
sys	0m0.286s
instance 12
Computing answer sets
Answer set generation time: 5.121534824371338 s
number of sums: 382
number of prods: 5362
Starting optimization
     fun: 10.477083642593321
   maxcv: 5.551115123125783e-17
 message: 'Optimization terminated successfully.'
    nfev: 87
  status: 1
 success: True
       x: array([0.8430903, 0.9030903, 0.8430903, 0.9030903, 0.8430903, 0.9030903,
       0.8430903, 0.9030903, 0.8430903, 0.9030903, 0.8430903, 0.9030903])
Optimization time: 29.906934022903442 s
Target equation: 0.7000040535802348
Sum of optimizable facts = 10.477083642593321
Optimal probabilities
[0.8430903 0.9030903 0.8430903 0.9030903 0.8430903 0.9030903 0.8430903
 0.9030903 0.8430903 0.9030903 0.8430903 0.9030903]

real	0m36.349s
user	0m35.745s
sys	0m0.339s
instance 13
Computing answer sets
Answer set generation time: 4.900388956069946 s
number of sums: 382
number of prods: 5362
Starting optimization
     fun: 11.405968171608633
   maxcv: 8.020731754321275e-07
 message: 'Optimization terminated successfully.'
    nfev: 98
  status: 1
 success: True
       x: array([0.84968986, 0.90968986, 0.84968986, 0.90968986, 0.84968986,
       0.90968986, 0.84968986, 0.90968986, 0.84968986, 0.90968986,
       0.84968986, 0.90968986, 0.84968986])
Optimization time: 41.305086612701416 s
Target equation: 0.6999991979268264
Sum of optimizable facts = 11.405968171608633
Optimal probabilities
[0.84968986 0.90968986 0.84968986 0.90968986 0.84968986 0.90968986
 0.84968986 0.90968986 0.84968986 0.90968986 0.84968986 0.90968986
 0.84968986]

real	0m47.647s
user	0m46.960s
sys	0m0.318s
instance 14
Computing answer sets
Answer set generation time: 5.1096789836883545 s
number of sums: 382
number of prods: 5362
Starting optimization
     fun: 12.431868009743502
   maxcv: 9.39415417011702e-07
 message: 'Optimization terminated successfully.'
    nfev: 106
  status: 1
 success: True
       x: array([0.91799057, 0.85799057, 0.91799057, 0.85799057, 0.91799057,
       0.85799057, 0.91799057, 0.85799057, 0.91799057, 0.85799057,
       0.91799057, 0.85799057, 0.91799057, 0.85799057])
Optimization time: 45.73398160934448 s
Target equation: 0.699999060584581
Sum of optimizable facts = 12.431868009743502
Optimal probabilities
[0.91799057 0.85799057 0.91799057 0.85799057 0.91799057 0.85799057
 0.91799057 0.85799057 0.91799057 0.85799057 0.91799057 0.85799057
 0.91799057 0.85799057]

real	0m52.147s
user	0m51.547s
sys	0m0.302s
Ended at: 
Mon Dec 11 10:30:28 CET 2023
