Started at: 
Mon Dec 11 10:25:30 CET 2023
instance 2
Computing answer sets
Answer set generation time: 4.022862672805786 s
number of sums: 382
number of prods: 5362
Starting optimization
     fun: 0.9540870212235351
   maxcv: 1.1331923264190635e-06
 message: 'Optimization terminated successfully.'
    nfev: 15
  status: 1
 success: True
       x: array([0.4       , 0.55408702])
Optimization time: 1.4178547859191895 s
Target equation: 0.6999988668076749
Sum of optimizable facts = 0.9540870212235351
Optimal probabilities
[0.4        0.55408702]

real	0m6.704s
user	0m6.361s
sys	0m0.187s
instance 3
Computing answer sets
Answer set generation time: 4.012701511383057 s
number of sums: 382
number of prods: 5362
Starting optimization
     fun: 1.4870015987084355
   maxcv: 1.4803900152793315e-05
 message: 'Optimization terminated successfully.'
    nfev: 20
  status: 1
 success: True
       x: array([0.40002017, 0.68699623, 0.3999852 ])
Optimization time: 2.032498836517334 s
Target equation: 0.6999999633133023
Sum of optimizable facts = 1.4870015987084355
Optimal probabilities
[0.40002017 0.68699623 0.3999852 ]

real	0m7.142s
user	0m6.831s
sys	0m0.148s
instance 4
Computing answer sets
Answer set generation time: 3.993227005004883 s
number of sums: 382
number of prods: 5362
Starting optimization
     fun: 2.4493964928678738
   maxcv: 8.077532864803061e-09
 message: 'Optimization terminated successfully.'
    nfev: 61
  status: 1
 success: True
       x: array([0.4       , 0.82478429, 0.4       , 0.82461221])
Optimization time: 4.009925603866577 s
Target equation: 0.6999999919224669
Sum of optimizable facts = 2.4493964928678738
Optimal probabilities
[0.4        0.82478429 0.4        0.82461221]

real	0m9.126s
user	0m8.781s
sys	0m0.147s
instance 5
Computing answer sets
Answer set generation time: 3.966006278991699 s
number of sums: 382
number of prods: 5362
Starting optimization
     fun: 2.8918991581193936
   maxcv: 8.9310957518407e-09
 message: 'Optimization terminated successfully.'
    nfev: 80
  status: 1
 success: True
       x: array([0.4       , 0.84584579, 0.4       , 0.84605337, 0.4       ])
Optimization time: 6.254183769226074 s
Target equation: 0.6999999910689044
Sum of optimizable facts = 2.8918991581193936
Optimal probabilities
[0.4        0.84584579 0.4        0.84605337 0.4       ]

real	0m11.332s
user	0m10.975s
sys	0m0.170s
instance 6
Computing answer sets
Answer set generation time: 3.9742355346679688 s
number of sums: 382
number of prods: 5362
Starting optimization
     fun: 3.8744180956091983
   maxcv: 1.778144120834213e-08
 message: 'Optimization terminated successfully.'
    nfev: 115
  status: 1
 success: True
       x: array([0.4       , 0.89139006, 0.4       , 0.89152001, 0.4       ,
       0.89150803])
Optimization time: 9.703899145126343 s
Target equation: 0.6999999822185597
Sum of optimizable facts = 3.8744180956091983
Optimal probabilities
[0.4        0.89139006 0.4        0.89152001 0.4        0.89150803]

real	0m14.792s
user	0m14.444s
sys	0m0.153s
instance 7
Computing answer sets
Answer set generation time: 4.532496690750122 s
number of sums: 382
number of prods: 5362
Starting optimization
     fun: 4.289888876821141
   maxcv: 8.636523163296772e-09
 message: 'Optimization terminated successfully.'
    nfev: 130
  status: 1
 success: True
       x: array([0.4       , 0.89671484, 0.4       , 0.89658311, 0.4       ,
       0.89659093, 0.4       ])
Optimization time: 14.133185148239136 s
Target equation: 0.6999999913634766
Sum of optimizable facts = 4.289888876821141
Optimal probabilities
[0.4        0.89671484 0.4        0.89658311 0.4        0.89659093
 0.4       ]

real	0m19.791s
user	0m19.411s
sys	0m0.166s
instance 8
Computing answer sets
Answer set generation time: 4.341946840286255 s
number of sums: 382
number of prods: 5362
Starting optimization
     fun: 5.276449454298517
   maxcv: 3.0889622193441824e-08
 message: 'Optimization terminated successfully.'
    nfev: 160
  status: 1
 success: True
       x: array([0.4       , 0.91919089, 0.4       , 0.91908616, 0.4       ,
       0.91909635, 0.4       , 0.91907605])
Optimization time: 19.69543957710266 s
Target equation: 0.6999999691103759
Sum of optimizable facts = 5.276449454298517
Optimal probabilities
[0.4        0.91919089 0.4        0.91908616 0.4        0.91909635
 0.4        0.91907605]

real	0m25.343s
user	0m24.792s
sys	0m0.187s
instance 9
Computing answer sets
Answer set generation time: 4.015354633331299 s
number of sums: 382
number of prods: 5362
Starting optimization
     fun: 5.682477706284373
   maxcv: 8.201964663001604e-09
 message: 'Optimization terminated successfully.'
    nfev: 178
  status: 1
 success: True
       x: array([0.4       , 0.9206545 , 0.4       , 0.92060174, 0.4       ,
       0.92059672, 0.4       , 0.92062474, 0.4       ])
Optimization time: 27.15434980392456 s
Target equation: 0.6999999917980355
Sum of optimizable facts = 5.682477706284373
Optimal probabilities
[0.4        0.9206545  0.4        0.92060174 0.4        0.92059672
 0.4        0.92062474 0.4       ]

real	0m32.276s
user	0m31.904s
sys	0m0.162s
instance 10
Computing answer sets
Answer set generation time: 3.96586275100708 s
number of sums: 382
number of prods: 5362
Starting optimization
     fun: 6.670476070453124
   maxcv: 1.141283167971352e-08
 message: 'Optimization terminated successfully.'
    nfev: 187
  status: 1
 success: True
       x: array([0.4       , 0.93415432, 0.4       , 0.93407032, 0.4       ,
       0.93410025, 0.4       , 0.93401979, 0.4       , 0.93413139])
Optimization time: 32.28432607650757 s
Target equation: 0.6999999885871693
Sum of optimizable facts = 6.670476070453124
Optimal probabilities
[0.4        0.93415432 0.4        0.93407032 0.4        0.93410025
 0.4        0.93401979 0.4        0.93413139]

real	0m37.353s
user	0m36.965s
sys	0m0.169s
instance 11
Computing answer sets
Answer set generation time: 3.8978559970855713 s
number of sums: 382
number of prods: 5362
Starting optimization
     fun: 7.0728878946733476
   maxcv: 1.5339953529647232e-08
 message: 'Optimization terminated successfully.'
    nfev: 205
  status: 1
 success: True
       x: array([0.4       , 0.93445935, 0.4       , 0.93469369, 0.4       ,
       0.93462266, 0.4       , 0.93448489, 0.4       , 0.93462731,
       0.4       ])
Optimization time: 40.98302936553955 s
Target equation: 0.6999999846600476
Sum of optimizable facts = 7.0728878946733476
Optimal probabilities
[0.4        0.93445935 0.4        0.93469369 0.4        0.93462266
 0.4        0.93448489 0.4        0.93462731 0.4       ]

real	0m46.153s
user	0m45.574s
sys	0m0.194s
instance 12
Computing answer sets
Answer set generation time: 3.64034104347229 s
number of sums: 382
number of prods: 5362
Starting optimization
     fun: 8.061566076841435
   maxcv: 1.2695349327351835e-08
 message: 'Optimization terminated successfully.'
    nfev: 246
  status: 1
 success: True
       x: array([0.4       , 0.94367578, 0.4       , 0.94360554, 0.4       ,
       0.94355549, 0.4       , 0.94356573, 0.4       , 0.94365165,
       0.4       , 0.94351187])
Optimization time: 56.20659136772156 s
Target equation: 0.6999999873046497
Sum of optimizable facts = 8.061566076841435
Optimal probabilities
[0.4        0.94367578 0.4        0.94360554 0.4        0.94355549
 0.4        0.94356573 0.4        0.94365165 0.4        0.94351187]

real	1m0.876s
user	1m0.486s
sys	0m0.155s
instance 13
Computing answer sets
Answer set generation time: 3.6501054763793945 s
number of sums: 382
number of prods: 5362
Starting optimization
     fun: 8.462540327562689
   maxcv: 1.9164569931007236e-08
 message: 'Optimization terminated successfully.'
    nfev: 266
  status: 1
 success: True
       x: array([0.4       , 0.94374418, 0.4       , 0.94364019, 0.4       ,
       0.94384395, 0.4       , 0.94373647, 0.4       , 0.94385011,
       0.4       , 0.94372543, 0.4       ])
Optimization time: 76.68692803382874 s
Target equation: 0.6999999808354306
Sum of optimizable facts = 8.462540327562689
Optimal probabilities
[0.4        0.94374418 0.4        0.94364019 0.4        0.94384395
 0.4        0.94373647 0.4        0.94385011 0.4        0.94372543
 0.4       ]

real	1m21.564s
user	1m20.957s
sys	0m0.198s
instance 14
Computing answer sets
Answer set generation time: 3.7215065956115723 s
number of sums: 382
number of prods: 5362
Starting optimization
     fun: 9.451597718940896
   maxcv: 6.297988686121414e-09
 message: 'Optimization terminated successfully.'
    nfev: 316
  status: 1
 success: True
       x: array([0.4       , 0.95025023, 0.4       , 0.95034062, 0.4       ,
       0.95016349, 0.4       , 0.95021393, 0.4       , 0.95021395,
       0.4       , 0.95010816, 0.4       , 0.95030734])
Optimization time: 95.6947238445282 s
Target equation: 0.6999999937020108
Sum of optimizable facts = 9.451597718940896
Optimal probabilities
[0.4        0.95025023 0.4        0.95034062 0.4        0.95016349
 0.4        0.95021393 0.4        0.95021395 0.4        0.95010816
 0.4        0.95030734]

real	1m40.654s
user	1m39.997s
sys	0m0.219s
Ended at: 
Mon Dec 11 10:33:03 CET 2023
