Started at: 
Mon Dec 11 10:25:30 CET 2023
instance 2
Computing answer sets
Answer set generation time: 167.48515558242798 s
number of sums: 2046
number of prods: 38893
Starting optimization
     fun: 0.9771601009532002
   maxcv: 6.612948543205377e-06
 message: 'Optimization terminated successfully.'
    nfev: 14
  status: 1
 success: True
       x: array([0.4      , 0.5771601])
Optimization time: 4.52178955078125 s
Target equation: 0.6999933870514468
Sum of optimizable facts = 0.9771601009532002
Optimal probabilities
[0.4       0.5771601]

real	2m53.744s
user	2m53.033s
sys	0m0.522s
instance 3
Computing answer sets
Answer set generation time: 165.7159059047699 s
number of sums: 2046
number of prods: 38893
Starting optimization
     fun: 1.5093860498264706
   maxcv: 0.0
 message: 'Optimization terminated successfully.'
    nfev: 21
  status: 1
 success: True
       x: array([0.4       , 0.70938605, 0.4       ])
Optimization time: 6.325810670852661 s
Target equation: 0.6999999999999764
Sum of optimizable facts = 1.5093860498264706
Optimal probabilities
[0.4        0.70938605 0.4       ]

real	2m53.675s
user	2m52.920s
sys	0m0.529s
instance 4
Computing answer sets
Answer set generation time: 166.69835329055786 s
number of sums: 2046
number of prods: 38893
Starting optimization
     fun: 2.4760574988163904
   maxcv: 7.865031070863893e-09
 message: 'Optimization terminated successfully.'
    nfev: 70
  status: 1
 success: True
       x: array([0.83810295, 0.4       , 0.83795454, 0.4       ])
Optimization time: 12.052401542663574 s
Target equation: 0.6999999921349771
Sum of optimizable facts = 2.4760574988163904
Optimal probabilities
[0.83810295 0.4        0.83795454 0.4       ]

real	3m0.621s
user	2m59.669s
sys	0m0.544s
instance 5
Computing answer sets
Answer set generation time: 161.95482659339905 s
number of sums: 2046
number of prods: 38893
Starting optimization
     fun: 2.918117737348827
   maxcv: 8.676589002831747e-09
 message: 'Optimization terminated successfully.'
    nfev: 77
  status: 1
 success: True
       x: array([0.4       , 0.85910631, 0.4       , 0.85901142, 0.4       ])
Optimization time: 13.976580381393433 s
Target equation: 0.6999999913234215
Sum of optimizable facts = 2.918117737348827
Optimal probabilities
[0.4        0.85910631 0.4        0.85901142 0.4       ]

real	2m57.595s
user	2m56.797s
sys	0m0.559s
instance 6
Computing answer sets
Answer set generation time: 167.0270504951477 s
number of sums: 2046
number of prods: 38893
Starting optimization
     fun: 3.901976729466503
   maxcv: 8.080952018651999e-09
 message: 'Optimization terminated successfully.'
    nfev: 120
  status: 1
 success: True
       x: array([0.4       , 0.90068479, 0.4       , 0.90072785, 0.4       ,
       0.90056409])
Optimization time: 23.249134302139282 s
Target equation: 0.6999999919190545
Sum of optimizable facts = 3.901976729466503
Optimal probabilities
[0.4        0.90068479 0.4        0.90072785 0.4        0.90056409]

real	3m11.939s
user	3m11.176s
sys	0m0.506s
instance 7
Computing answer sets
Answer set generation time: 165.04464626312256 s
number of sums: 2046
number of prods: 38893
Starting optimization
     fun: 4.317261188435755
   maxcv: 2.7668685786963465e-08
 message: 'Optimization terminated successfully.'
    nfev: 108
  status: 1
 success: True
       x: array([0.4       , 0.90592897, 0.4       , 0.9057709 , 0.4       ,
       0.90556132, 0.4       ])
Optimization time: 27.51109552383423 s
Target equation: 0.6999999723313113
Sum of optimizable facts = 4.317261188435755
Optimal probabilities
[0.4        0.90592897 0.4        0.9057709  0.4        0.90556132
 0.4       ]

real	3m14.445s
user	3m13.445s
sys	0m0.567s
instance 8
Computing answer sets
Answer set generation time: 165.06679391860962 s
number of sums: 2046
number of prods: 38893
Starting optimization
     fun: 5.30447260957037
   maxcv: 9.66577462513385e-09
 message: 'Optimization terminated successfully.'
    nfev: 160
  status: 1
 success: True
       x: array([0.92601037, 0.4       , 0.92622343, 0.4       , 0.92612358,
       0.4       , 0.92611523, 0.4       ])
Optimization time: 43.83495306968689 s
Target equation: 0.6999999903342251
Sum of optimizable facts = 5.30447260957037
Optimal probabilities
[0.92601037 0.4        0.92622343 0.4        0.92612358 0.4
 0.92611523 0.4       ]

real	3m30.558s
user	3m29.770s
sys	0m0.552s
instance 9
Computing answer sets
Answer set generation time: 168.78853940963745 s
number of sums: 2046
number of prods: 38893
Starting optimization
     fun: 5.710420701161187
   maxcv: 1.2824494466379122e-08
 message: 'Optimization terminated successfully.'
    nfev: 157
  status: 1
 success: True
       x: array([0.4       , 0.92764302, 0.4       , 0.9275902 , 0.4       ,
       0.92765467, 0.4       , 0.9275328 , 0.4       ])
Optimization time: 54.300682067871094 s
Target equation: 0.6999999871755037
Sum of optimizable facts = 5.710420701161187
Optimal probabilities
[0.4        0.92764302 0.4        0.9275902  0.4        0.92765467
 0.4        0.9275328  0.4       ]

real	3m44.742s
user	3m43.924s
sys	0m0.529s
instance 10
Computing answer sets
Answer set generation time: 165.605482339859 s
number of sums: 2046
number of prods: 38893
Starting optimization
     fun: 6.698806595958286
   maxcv: 4.2719858650563935e-08
 message: 'Optimization terminated successfully.'
    nfev: 195
  status: 1
 success: True
       x: array([0.4       , 0.939739  , 0.4       , 0.93975325, 0.4       ,
       0.93982698, 0.4       , 0.93972324, 0.4       , 0.93976412])
Optimization time: 81.89390420913696 s
Target equation: 0.6999999572801389
Sum of optimizable facts = 6.698806595958286
Optimal probabilities
[0.4        0.939739   0.4        0.93975325 0.4        0.93982698
 0.4        0.93972324 0.4        0.93976412]

real	4m9.230s
user	4m8.351s
sys	0m0.606s
instance 11
Computing answer sets
Answer set generation time: 163.20216512680054 s
number of sums: 2046
number of prods: 38893
Starting optimization
     fun: 7.1011839801777805
   maxcv: 1.024864049181673e-08
 message: 'Optimization terminated successfully.'
    nfev: 230
  status: 1
 success: True
       x: array([0.4       , 0.94014475, 0.4       , 0.94020821, 0.4       ,
       0.9403079 , 0.4       , 0.94025964, 0.4       , 0.94026348,
       0.4       ])
Optimization time: 117.32908916473389 s
Target equation: 0.6999999897513579
Sum of optimizable facts = 7.1011839801777805
Optimal probabilities
[0.4        0.94014475 0.4        0.94020821 0.4        0.9403079
 0.4        0.94025964 0.4        0.94026348 0.4       ]

real	4m42.496s
user	4m41.228s
sys	0m0.791s
instance 12
Computing answer sets
Answer set generation time: 165.30489301681519 s
number of sums: 2046
number of prods: 38893
Starting optimization
     fun: 8.090120787229127
   maxcv: 8.039870325049492e-09
 message: 'Optimization terminated successfully.'
    nfev: 258
  status: 1
 success: True
       x: array([0.94836403, 0.4       , 0.94828548, 0.4       , 0.94841379,
       0.4       , 0.94832488, 0.4       , 0.94836005, 0.4       ,
       0.94837256, 0.4       ])
Optimization time: 158.02199959754944 s
Target equation: 0.6999999919601295
Sum of optimizable facts = 8.090120787229127
Optimal probabilities
[0.94836403 0.4        0.94828548 0.4        0.94841379 0.4
 0.94832488 0.4        0.94836005 0.4        0.94837256 0.4       ]

real	5m25.222s
user	5m23.959s
sys	0m0.759s
instance 13
Computing answer sets
Answer set generation time: 166.7426359653473 s
number of sums: 2046
number of prods: 38893
Starting optimization
     fun: 8.491080323134227
   maxcv: 2.3106730528965613e-08
 message: 'Optimization terminated successfully.'
    nfev: 270
  status: 1
 success: True
       x: array([0.4       , 0.94846371, 0.4       , 0.94850215, 0.4       ,
       0.9484279 , 0.4       , 0.94858356, 0.4       , 0.94861082,
       0.4       , 0.94849218, 0.4       ])
Optimization time: 206.62826490402222 s
Target equation: 0.6999999768932743
Sum of optimizable facts = 8.491080323134227
Optimal probabilities
[0.4        0.94846371 0.4        0.94850215 0.4        0.9484279
 0.4        0.94858356 0.4        0.94861082 0.4        0.94849218
 0.4       ]

real	6m15.131s
user	6m14.106s
sys	0m0.675s
instance 14
Computing answer sets
Answer set generation time: 169.0548815727234 s
number of sums: 2046
number of prods: 38893
Starting optimization
     fun: 9.48032307873513
   maxcv: 2.3369484458690692e-08
 message: 'Optimization terminated successfully.'
    nfev: 294
  status: 1
 success: True
       x: array([0.95419219, 0.4       , 0.95435605, 0.4       , 0.95432711,
       0.4       , 0.95442252, 0.4       , 0.9544086 , 0.4       ,
       0.95434248, 0.4       , 0.95427413, 0.4       ])
Optimization time: 265.30836248397827 s
Target equation: 0.6999999766305152
Sum of optimizable facts = 9.48032307873513
Optimal probabilities
[0.95419219 0.4        0.95435605 0.4        0.95432711 0.4
 0.95442252 0.4        0.9544086  0.4        0.95434248 0.4
 0.95427413 0.4       ]

real	7m16.108s
user	7m14.639s
sys	0m1.113s
instance 15
Computing answer sets
Answer set generation time: 165.85748600959778 s
number of sums: 2046
number of prods: 38893
Starting optimization
     fun: 9.880711638330789
   maxcv: 1.603871724320527e-08
 message: 'Optimization terminated successfully.'
    nfev: 304
  status: 1
 success: True
       x: array([0.4       , 0.95433261, 0.4       , 0.95444246, 0.4       ,
       0.95438044, 0.4       , 0.95432161, 0.4       , 0.95448283,
       0.4       , 0.95434367, 0.4       , 0.95440804, 0.4       ])
Optimization time: 348.19826579093933 s
Target equation: 0.6999999839612799
Sum of optimizable facts = 9.880711638330789
Optimal probabilities
[0.4        0.95433261 0.4        0.95444246 0.4        0.95438044
 0.4        0.95432161 0.4        0.95448283 0.4        0.95434367
 0.4        0.95440804 0.4       ]

real	8m36.016s
user	8m34.091s
sys	0m1.318s
instance 16
Computing answer sets
Answer set generation time: 164.85989618301392 s
number of sums: 2046
number of prods: 38893
Starting optimization
     fun: 10.870143459922268
   maxcv: 2.136249888096131e-08
 message: 'Optimization terminated successfully.'
    nfev: 379
  status: 1
 success: True
       x: array([0.4       , 0.95873236, 0.4       , 0.95885355, 0.4       ,
       0.95871798, 0.4       , 0.95864367, 0.4       , 0.95883143,
       0.4       , 0.95879246, 0.4       , 0.95877739, 0.4       ,
       0.95879462])
Optimization time: 523.1806247234344 s
Target equation: 0.6999999786374969
Sum of optimizable facts = 10.870143459922268
Optimal probabilities
[0.4        0.95873236 0.4        0.95885355 0.4        0.95871798
 0.4        0.95864367 0.4        0.95883143 0.4        0.95879246
 0.4        0.95877739 0.4        0.95879462]

real	11m29.969s
user	11m27.105s
sys	0m2.134s
instance 17
Computing answer sets
Answer set generation time: 158.2949869632721 s
number of sums: 2046
number of prods: 38893
Starting optimization
     fun: 11.270300951283573
   maxcv: 8.66290950085613e-09
 message: 'Optimization terminated successfully.'
    nfev: 364
  status: 1
 success: True
       x: array([0.4       , 0.95885372, 0.4       , 0.95882437, 0.4       ,
       0.95880027, 0.4       , 0.95879689, 0.4       , 0.95889152,
       0.4       , 0.95861313, 0.4       , 0.9587751 , 0.4       ,
       0.95874595, 0.4       ])
Optimization time: 567.059492111206 s
Target equation: 0.6999999913370911
Sum of optimizable facts = 11.270300951283573
Optimal probabilities
[0.4        0.95885372 0.4        0.95882437 0.4        0.95880027
 0.4        0.95879689 0.4        0.95889152 0.4        0.95861313
 0.4        0.9587751  0.4        0.95874595 0.4       ]

real	12m6.977s
user	12m4.337s
sys	0m2.072s
instance 18
Computing answer sets
Answer set generation time: 153.08509707450867 s
number of sums: 2046
number of prods: 38893
Starting optimization
     fun: 12.259858374802262
   maxcv: 2.1271353567442475e-08
 message: 'Optimization terminated successfully.'
    nfev: 346
  status: 1
 success: True
       x: array([0.9621725 , 0.4       , 0.96230088, 0.4       , 0.96226479,
       0.4       , 0.96225859, 0.4       , 0.96220131, 0.4       ,
       0.96209467, 0.4       , 0.96215642, 0.4       , 0.9621736 ,
       0.4       , 0.96223561, 0.4       ])
Optimization time: 654.3388974666595 s
Target equation: 0.6999999787286447
Sum of optimizable facts = 12.259858374802262
Optimal probabilities
[0.9621725  0.4        0.96230088 0.4        0.96226479 0.4
 0.96225859 0.4        0.96220131 0.4        0.96209467 0.4
 0.96215642 0.4        0.9621736  0.4        0.96223561 0.4       ]

real	13m29.133s
user	13m26.151s
sys	0m2.192s
instance 19
Computing answer sets
Answer set generation time: 145.62950086593628 s
number of sums: 2046
number of prods: 38893
Starting optimization
     fun: 12.659922192568517
   maxcv: 8.73232941511759e-09
 message: 'Optimization terminated successfully.'
    nfev: 400
  status: 1
 success: True
       x: array([0.4       , 0.96214841, 0.4       , 0.96219589, 0.4       ,
       0.96215342, 0.4       , 0.96227624, 0.4       , 0.96219395,
       0.4       , 0.96226345, 0.4       , 0.96221488, 0.4       ,
       0.96220641, 0.4       , 0.96226955, 0.4       ])
Optimization time: 876.8750402927399 s
Target equation: 0.6999999912676675
Sum of optimizable facts = 12.659922192568517
Optimal probabilities
[0.4        0.96214841 0.4        0.96219589 0.4        0.96215342
 0.4        0.96227624 0.4        0.96219395 0.4        0.96226345
 0.4        0.96221488 0.4        0.96220641 0.4        0.96226955
 0.4       ]

real	17m4.307s
user	17m0.497s
sys	0m2.909s
Ended at: 
Mon Dec 11 12:21:32 CET 2023
