Started at: 
Mon Dec 11 10:25:30 CET 2023
instance 2
Computing answer sets
Answer set generation time: 165.11975860595703 s
number of sums: 2046
number of prods: 38893
Starting optimization
     fun: 0.988693579349778
   maxcv: 1.1102230246251565e-16
 message: 'Optimization terminated successfully.'
    nfev: 15
  status: 1
 success: True
       x: array([0.46434679, 0.52434679])
Optimization time: 4.484232664108276 s
Target equation: 0.7000022710002971
Sum of optimizable facts = 0.988693579349778
Optimal probabilities
[0.46434679 0.52434679]

real	2m51.340s
user	2m50.611s
sys	0m0.537s
instance 3
Computing answer sets
Answer set generation time: 172.26368522644043 s
number of sums: 2046
number of prods: 38893
Starting optimization
     fun: 1.7623425482243413
   maxcv: 2.809425958538725e-08
 message: 'Optimization terminated successfully.'
    nfev: 19
  status: 1
 success: True
       x: array([0.56744752, 0.62744752, 0.56744752])
Optimization time: 6.192823886871338 s
Target equation: 0.6999999719057423
Sum of optimizable facts = 1.7623425482243413
Optimal probabilities
[0.56744752 0.62744752 0.56744752]

real	3m0.077s
user	2m59.334s
sys	0m0.531s
instance 4
Computing answer sets
Answer set generation time: 162.7809031009674 s
number of sums: 2046
number of prods: 38893
Starting optimization
     fun: 2.7936248904221825
   maxcv: 1.8128665235650487e-09
 message: 'Optimization terminated successfully.'
    nfev: 39
  status: 1
 success: True
       x: array([0.72836781, 0.66849204, 0.72838252, 0.66838252])
Optimization time: 9.430047512054443 s
Target equation: 0.6999999981871431
Sum of optimizable facts = 2.7936248904221825
Optimal probabilities
[0.72836781 0.66849204 0.72838252 0.66838252]

real	2m53.860s
user	2m53.084s
sys	0m0.546s
instance 5
Computing answer sets
Answer set generation time: 170.57990288734436 s
number of sums: 2046
number of prods: 38893
Starting optimization
     fun: 3.6757894398962714
   maxcv: 5.551115123125783e-17
 message: 'Optimization terminated successfully.'
    nfev: 45
  status: 1
 success: True
       x: array([0.71115727, 0.77115727, 0.71122727, 0.77109035, 0.71115727])
Optimization time: 11.07678771018982 s
Target equation: 0.7000000004507463
Sum of optimizable facts = 3.6757894398962714
Optimal probabilities
[0.71115727 0.77115727 0.71122727 0.77109035 0.71115727]

real	3m3.525s
user	3m2.551s
sys	0m0.554s
instance 6
Computing answer sets
Answer set generation time: 174.43870615959167 s
number of sums: 2046
number of prods: 38893
Starting optimization
     fun: 4.699569039671733
   maxcv: 6.927078086693683e-06
 message: 'Optimization terminated successfully.'
    nfev: 46
  status: 1
 success: True
       x: array([0.81326151, 0.75326151, 0.81326151, 0.75326151, 0.81326151,
       0.75326151])
Optimization time: 13.900789499282837 s
Target equation: 0.6999930729219083
Sum of optimizable facts = 4.699569039671733
Optimal probabilities
[0.81326151 0.75326151 0.81326151 0.75326151 0.81326151 0.75326151]

real	3m9.991s
user	3m9.196s
sys	0m0.547s
instance 7
Computing answer sets
Answer set generation time: 166.01107954978943 s
number of sums: 2046
number of prods: 38893
Starting optimization
     fun: 5.611794451064134
   maxcv: 5.551115123125783e-17
 message: 'Optimization terminated successfully.'
    nfev: 48
  status: 1
 success: True
       x: array([0.77597064, 0.83597064, 0.77597064, 0.83597064, 0.77597064,
       0.83597064, 0.77597064])
Optimization time: 17.798638105392456 s
Target equation: 0.7000000005572223
Sum of optimizable facts = 5.611794451064134
Optimal probabilities
[0.77597064 0.83597064 0.77597064 0.83597064 0.77597064 0.83597064
 0.77597064]

real	3m5.479s
user	3m4.688s
sys	0m0.554s
instance 8
Computing answer sets
Answer set generation time: 165.41215133666992 s
number of sums: 2046
number of prods: 38893
Starting optimization
     fun: 6.633294889314965
   maxcv: 5.551115123125783e-17
 message: 'Optimization terminated successfully.'
    nfev: 64
  status: 1
 success: True
       x: array([0.85916186, 0.79916186, 0.85916186, 0.79916186, 0.85916186,
       0.79916186, 0.85916186, 0.79916186])
Optimization time: 24.466780424118042 s
Target equation: 0.7000116184263074
Sum of optimizable facts = 6.633294889314965
Optimal probabilities
[0.85916186 0.79916186 0.85916186 0.79916186 0.85916186 0.79916186
 0.85916186 0.79916186]

real	3m11.892s
user	3m10.940s
sys	0m0.534s
instance 9
Computing answer sets
Answer set generation time: 164.84682822227478 s
number of sums: 2046
number of prods: 38893
Starting optimization
     fun: 7.557304604305846
   maxcv: 3.806587711707721e-08
 message: 'Optimization terminated successfully.'
    nfev: 63
  status: 1
 success: True
       x: array([0.81304407, 0.87303257, 0.81303257, 0.87303257, 0.81303257,
       0.87303257, 0.81303257, 0.87303257, 0.81303257])
Optimization time: 30.801262378692627 s
Target equation: 0.699999961934127
Sum of optimizable facts = 7.557304604305846
Optimal probabilities
[0.81304407 0.87303257 0.81303257 0.87303257 0.81303257 0.87303257
 0.81303257 0.87303257 0.81303257]

real	3m17.539s
user	3m16.542s
sys	0m0.560s
instance 10
Computing answer sets
Answer set generation time: 170.9252848625183 s
number of sums: 2046
number of prods: 38893
Starting optimization
     fun: 8.577049603782537
   maxcv: 5.551115123125783e-17
 message: 'Optimization terminated successfully.'
    nfev: 80
  status: 1
 success: True
       x: array([0.88770443, 0.82770443, 0.88770443, 0.82770443, 0.88770443,
       0.82770443, 0.88770443, 0.82770976, 0.88770443, 0.82770443])
Optimization time: 43.42132925987244 s
Target equation: 0.7000000000027277
Sum of optimizable facts = 8.577049603782537
Optimal probabilities
[0.88770443 0.82770443 0.88770443 0.82770443 0.88770443 0.82770443
 0.88770443 0.82770976 0.88770443 0.82770443]

real	3m35.992s
user	3m35.182s
sys	0m0.550s
instance 11
Computing answer sets
Answer set generation time: 167.53380227088928 s
number of sums: 2046
number of prods: 38893
Starting optimization
     fun: 9.506517334356163
   maxcv: 0.0
 message: 'Optimization terminated successfully.'
    nfev: 79
  status: 1
 success: True
       x: array([0.83695736, 0.89695736, 0.83695736, 0.89695736, 0.83695736,
       0.89694375, 0.83695736, 0.89695736, 0.83695736, 0.89695736,
       0.83695736])
Optimization time: 53.718329668045044 s
Target equation: 0.7000000750763373
Sum of optimizable facts = 9.506517334356163
Optimal probabilities
[0.83695736 0.89695736 0.83695736 0.89695736 0.83695736 0.89694375
 0.83695736 0.89695736 0.83695736 0.89695736 0.83695736]

real	3m43.153s
user	3m42.093s
sys	0m0.613s
instance 12
Computing answer sets
Answer set generation time: 166.04962515830994 s
number of sums: 2046
number of prods: 38893
Starting optimization
     fun: 10.5247198379136
   maxcv: 1.6653345369377348e-16
 message: 'Optimization terminated successfully.'
    nfev: 93
  status: 1
 success: True
       x: array([0.84705999, 0.90705999, 0.84705999, 0.90705999, 0.84705999,
       0.90705999, 0.84705999, 0.90705999, 0.84705999, 0.90705999,
       0.84705999, 0.90705999])
Optimization time: 74.94057250022888 s
Target equation: 0.7000004452813675
Sum of optimizable facts = 10.5247198379136
Optimal probabilities
[0.84705999 0.90705999 0.84705999 0.90705999 0.84705999 0.90705999
 0.84705999 0.90705999 0.84705999 0.90705999 0.84705999 0.90705999]

real	4m2.932s
user	4m1.807s
sys	0m0.667s
instance 13
Computing answer sets
Answer set generation time: 164.34754276275635 s
number of sums: 2046
number of prods: 38893
Starting optimization
     fun: 11.405997556694135
   maxcv: 0.007771586175113365
 message: 'Did not converge to a solution satisfying the constraints. See `maxcv` for magnitude of violation.'
    nfev: 110
  status: 4
 success: False
       x: array([0.84610523, 0.91387682, 0.84610523, 0.91387682, 0.84610523,
       0.91387682, 0.84610523, 0.91387682, 0.84610523, 0.91387682,
       0.84610523, 0.91387682, 0.84610523])
Optimization time: 101.9586889743805 s
Target equation: 0.692245116703461
[93mWarning: Unable to solve the optimization problem.[0m

real	4m28.074s
user	4m27.124s
sys	0m0.647s
instance 14
Computing answer sets
Answer set generation time: 166.99621152877808 s
number of sums: 2046
number of prods: 38893
Starting optimization
     fun: 12.473601928510893
   maxcv: 5.551115123125783e-17
 message: 'Optimization terminated successfully.'
    nfev: 111
  status: 1
 success: True
       x: array([0.92097372, 0.86097372, 0.92097372, 0.86097372, 0.92097372,
       0.86103365, 0.92088367, 0.86097372, 0.92097372, 0.86097372,
       0.92097372, 0.86097372, 0.92097372, 0.86097372])
Optimization time: 122.6274106502533 s
Target equation: 0.7000009652374486
Sum of optimizable facts = 12.473601928510893
Optimal probabilities
[0.92097372 0.86097372 0.92097372 0.86097372 0.92097372 0.86103365
 0.92088367 0.86097372 0.92097372 0.86097372 0.92097372 0.86097372
 0.92097372 0.86097372]

real	4m51.612s
user	4m50.339s
sys	0m0.795s
instance 15
Computing answer sets
Answer set generation time: 163.34469389915466 s
number of sums: 2046
number of prods: 38893
Starting optimization
     fun: 13.406828304328485
   maxcv: 1.813058523536526e-06
 message: 'Optimization terminated successfully.'
    nfev: 106
  status: 1
 success: True
       x: array([0.86578855, 0.92578855, 0.86578855, 0.92578855, 0.86578855,
       0.92578855, 0.86578855, 0.92578855, 0.86578855, 0.92578855,
       0.86578855, 0.92578855, 0.86578855, 0.92578855, 0.86578855])
Optimization time: 153.54399013519287 s
Target equation: 0.6999981869414849
Sum of optimizable facts = 13.406828304328485
Optimal probabilities
[0.86578855 0.92578855 0.86578855 0.92578855 0.86578855 0.92578855
 0.86578855 0.92578855 0.86578855 0.92578855 0.86578855 0.92578855
 0.86578855 0.92578855 0.86578855]

real	5m18.874s
user	5m17.456s
sys	0m0.919s
instance 16
Computing answer sets
Answer set generation time: 167.86352467536926 s
number of sums: 2046
number of prods: 38893
Starting optimization
     fun: 14.422119362669562
   maxcv: 2.0807538354428168e-05
 message: 'Optimization terminated successfully.'
    nfev: 133
  status: 1
 success: True
       x: array([0.93138246, 0.87138246, 0.93138246, 0.87138246, 0.93138246,
       0.87138246, 0.93138246, 0.87138246, 0.93138246, 0.87138246,
       0.93138246, 0.87138246, 0.93138246, 0.87138246, 0.93138246,
       0.87138246])
Optimization time: 220.10500502586365 s
Target equation: 0.6999791924616484
Sum of optimizable facts = 14.422119362669562
Optimal probabilities
[0.93138246 0.87138246 0.93138246 0.87138246 0.93138246 0.87138246
 0.93138246 0.87138246 0.93138246 0.87138246 0.93138246 0.87138246
 0.93138246 0.87138246 0.93138246 0.87138246]

real	6m29.870s
user	6m28.124s
sys	0m1.188s
instance 17
Computing answer sets
Answer set generation time: 165.24563241004944 s
number of sums: 2046
number of prods: 38893
Starting optimization
     fun: 15.355948961229032
   maxcv: 2.955693958472949e-07
 message: 'Optimization terminated successfully.'
    nfev: 121
  status: 1
 success: True
       x: array([0.87505582, 0.93505582, 0.87505582, 0.93505582, 0.87505582,
       0.93505582, 0.87505582, 0.93505582, 0.87505582, 0.93505582,
       0.87505582, 0.93505582, 0.87505582, 0.93505582, 0.87505582,
       0.93505582, 0.87505582])
Optimization time: 244.77135229110718 s
Target equation: 0.699999704430624
Sum of optimizable facts = 15.355948961229032
Optimal probabilities
[0.87505582 0.93505582 0.87505582 0.93505582 0.87505582 0.93505582
 0.87505582 0.93505582 0.87505582 0.93505582 0.87505582 0.93505582
 0.87505582 0.93505582 0.87505582 0.93505582 0.87505582]

real	6m51.997s
user	6m50.197s
sys	0m1.238s
instance 18
Computing answer sets
Answer set generation time: 161.32767033576965 s
number of sums: 2046
number of prods: 38893
Starting optimization
     fun: 16.369979610447704
   maxcv: 5.551115123125783e-17
 message: 'Optimization terminated successfully.'
    nfev: 149
  status: 1
 success: True
       x: array([0.93944331, 0.87944331, 0.93944331, 0.87944331, 0.93944331,
       0.87944331, 0.93944331, 0.87944331, 0.93944331, 0.87944331,
       0.93944331, 0.87944331, 0.93944331, 0.87944331, 0.93944331,
       0.87944331, 0.93944331, 0.87944331])
Optimization time: 363.82602977752686 s
Target equation: 0.7000000236312345
Sum of optimizable facts = 16.369979610447704
Optimal probabilities
[0.93944331 0.87944331 0.93944331 0.87944331 0.93944331 0.87944331
 0.93944331 0.87944331 0.93944331 0.87944331 0.93944331 0.87944331
 0.93944331 0.87944331 0.93944331 0.87944331 0.93944331 0.87944331]

real	8m47.084s
user	8m44.867s
sys	0m1.600s
instance 19
Computing answer sets
Answer set generation time: 160.44038653373718 s
number of sums: 2046
number of prods: 38893
Starting optimization
     fun: 17.39997935666365
   maxcv: 5.551115123125783e-17
 message: 'Optimization terminated successfully.'
    nfev: 227
  status: 1
 success: True
       x: array([0.94162153, 0.93079182, 0.94162153, 0.88162153, 0.94162153,
       0.88162153, 0.94162153, 0.88162153, 0.94162153, 0.88162153,
       0.94162153, 0.88162153, 0.94162153, 0.88162153, 0.94162153,
       0.88162153, 0.94162153, 0.88162153, 0.94162153])
Optimization time: 558.3127372264862 s
Target equation: 0.7000000004978238
Sum of optimizable facts = 17.39997935666365
Optimal probabilities
[0.94162153 0.93079182 0.94162153 0.88162153 0.94162153 0.88162153
 0.94162153 0.88162153 0.94162153 0.88162153 0.94162153 0.88162153
 0.94162153 0.88162153 0.94162153 0.88162153 0.94162153 0.88162153
 0.94162153]

real	12m0.636s
user	11m57.862s
sys	0m2.013s
Ended at: 
Mon Dec 11 11:50:14 CET 2023
