Started at: 
Mon Dec 11 10:25:29 CET 2023
instance 2
Computing answer sets
Answer set generation time: 4.406522035598755 s
number of sums: 382
number of prods: 5362
Starting optimization
     fun: 0.9635097468063258
     jac: array([1., 1.])
 message: 'Optimization terminated successfully'
    nfev: 5
     nit: 5
    njev: 5
  status: 0
 success: True
       x: array([0.45175487, 0.51175487])
Optimization time: 3.236464500427246 s
Target equation: 0.6999999999686305
Sum of optimizable facts = 0.9635097468063258
Optimal probabilities
[0.45175487 0.51175487]

real	0m9.119s
user	0m8.632s
sys	0m0.208s
instance 3
Computing answer sets
Answer set generation time: 4.22517204284668 s
number of sums: 382
number of prods: 5362
Starting optimization
     fun: 1.7220322451220669
     jac: array([1., 1., 1.])
 message: 'Optimization terminated successfully'
    nfev: 4
     nit: 4
    njev: 4
  status: 0
 success: True
       x: array([0.55401075, 0.61401075, 0.55401075])
Optimization time: 5.9428770542144775 s
Target equation: 0.6999999999754979
Sum of optimizable facts = 1.7220322451220669
Optimal probabilities
[0.55401075 0.61401075 0.55401075]

real	0m11.299s
user	0m11.033s
sys	0m0.163s
instance 4
Computing answer sets
Answer set generation time: 4.196756362915039 s
number of sums: 382
number of prods: 5362
Starting optimization
     fun: 2.757438259138634
     jac: array([1., 1., 1., 1.])
 message: 'Optimization terminated successfully'
    nfev: 5
     nit: 4
    njev: 4
  status: 0
 success: True
       x: array([0.65935956, 0.71935956, 0.65935956, 0.71935956])
Optimization time: 10.486738920211792 s
Target equation: 0.6999999999998964
Sum of optimizable facts = 2.757438259138634
Optimal probabilities
[0.65935956 0.71935956 0.65935956 0.71935956]

real	0m15.864s
user	0m15.539s
sys	0m0.188s
instance 5
Computing answer sets
Answer set generation time: 4.180621147155762 s
number of sums: 382
number of prods: 5362
Starting optimization
     fun: 3.63151553989652
     jac: array([1., 1., 1., 1., 1.])
 message: 'Optimization terminated successfully'
    nfev: 4
     nit: 4
    njev: 4
  status: 0
 success: True
       x: array([0.70230311, 0.76230311, 0.70230311, 0.76230311, 0.70230311])
Optimization time: 18.669981718063354 s
Target equation: 0.6999999030135472
Sum of optimizable facts = 3.63151553989652
Optimal probabilities
[0.70230311 0.76230311 0.70230311 0.76230311 0.70230311]

real	0m24.073s
user	0m23.697s
sys	0m0.212s
instance 6
Computing answer sets
Answer set generation time: 4.032886266708374 s
number of sums: 382
number of prods: 5362
Starting optimization
     fun: 4.65847553972346
     jac: array([1., 1., 1., 1., 1., 1.])
 message: 'Optimization terminated successfully'
    nfev: 5
     nit: 5
    njev: 5
  status: 0
 success: True
       x: array([0.74641259, 0.80641259, 0.74641259, 0.80641259, 0.74641259,
       0.80641259])
Optimization time: 37.679368019104004 s
Target equation: 0.6999999996105619
Sum of optimizable facts = 4.65847553972346
Optimal probabilities
[0.74641259 0.80641259 0.74641259 0.80641259 0.74641259 0.80641259]

real	0m43.159s
user	0m42.578s
sys	0m0.249s
instance 7
Computing answer sets
Answer set generation time: 4.397271156311035 s
number of sums: 382
number of prods: 5362
Starting optimization
     fun: 5.565137244398921
     jac: array([1., 1., 1., 1., 1., 1., 1.])
 message: 'Optimization terminated successfully'
    nfev: 6
     nit: 5
    njev: 5
  status: 0
 success: True
       x: array([0.76930532, 0.82930532, 0.76930532, 0.82930532, 0.76930532,
       0.82930532, 0.76930532])
Optimization time: 62.315547466278076 s
Target equation: 0.6999999950489418
Sum of optimizable facts = 5.565137244398921
Optimal probabilities
[0.76930532 0.82930532 0.76930532 0.82930532 0.76930532 0.82930532
 0.76930532]

real	1m8.005s
user	1m7.562s
sys	0m0.229s
instance 8
Computing answer sets
Answer set generation time: 4.109258413314819 s
number of sums: 382
number of prods: 5362
Starting optimization
     fun: 6.593502818144574
     jac: array([1., 1., 1., 1., 1., 1., 1., 1.])
 message: 'Optimization terminated successfully'
    nfev: 13
     nit: 10
    njev: 10
  status: 0
 success: True
       x: array([0.85418785, 0.79418785, 0.85418785, 0.79418785, 0.85418785,
       0.79418785, 0.85418785, 0.79418785])
Optimization time: 185.11520957946777 s
Target equation: 0.6999998666410293
Sum of optimizable facts = 6.593502818144574
Optimal probabilities
[0.85418785 0.79418785 0.85418785 0.79418785 0.85418785 0.79418785
 0.85418785 0.79418785]

real	3m10.525s
user	3m9.925s
sys	0m0.282s
instance 9
Computing answer sets
Answer set generation time: 4.06966495513916 s
number of sums: 382
number of prods: 5362
Starting optimization
     fun: 7.5089090800594445
     jac: array([1., 1., 1., 1., 1., 1., 1., 1., 1.])
 message: 'Optimization terminated successfully'
    nfev: 7
     nit: 7
    njev: 7
  status: 0
 success: True
       x: array([0.80765656, 0.86765656, 0.80765656, 0.86765656, 0.80765656,
       0.86765656, 0.80765656, 0.86765656, 0.80765656])
Optimization time: 200.50187230110168 s
Target equation: 0.6999999998923104
Sum of optimizable facts = 7.5089090800594445
Optimal probabilities
[0.80765656 0.86765656 0.80765656 0.86765656 0.80765656 0.86765656
 0.80765656 0.86765656 0.80765656]

real	3m25.878s
user	3m25.201s
sys	0m0.324s
instance 10
Computing answer sets
Answer set generation time: 4.072744369506836 s
number of sums: 382
number of prods: 5362
Starting optimization
     fun: 8.536267129159992
     jac: array([1., 1., 1., 1., 1., 1., 1., 1., 1., 1.])
 message: 'Optimization terminated successfully'
    nfev: 15
     nit: 10
    njev: 10
  status: 0
 success: True
       x: array([0.88362671, 0.82362671, 0.88362671, 0.82362671, 0.88362671,
       0.82362671, 0.88362671, 0.82362671, 0.88362671, 0.82362671])
Optimization time: 389.92051434516907 s
Target equation: 0.7000000578317812
Sum of optimizable facts = 8.536267129159992
Optimal probabilities
[0.88362671 0.82362671 0.88362671 0.82362671 0.88362671 0.82362671
 0.88362671 0.82362671 0.88362671 0.82362671]

real	6m35.285s
user	6m34.405s
sys	0m0.344s
instance 11
Computing answer sets
Answer set generation time: 4.414643287658691 s
number of sums: 382
number of prods: 5362
Starting optimization
     fun: 9.456780142241067
     jac: array([1., 1., 1., 1., 1., 1., 1., 1., 1., 1., 1.])
 message: 'Optimization terminated successfully'
    nfev: 15
     nit: 10
    njev: 10
  status: 0
 success: True
       x: array([0.83243456, 0.89243456, 0.83243456, 0.89243456, 0.83243456,
       0.89243456, 0.83243456, 0.89243456, 0.83243456, 0.89243456,
       0.83243456])
Optimization time: 556.7052426338196 s
Target equation: 0.7000001039874374
Sum of optimizable facts = 9.456780142241067
Optimal probabilities
[0.83243456 0.89243456 0.83243456 0.89243456 0.83243456 0.89243456
 0.83243456 0.89243456 0.83243456 0.89243456 0.83243456]

real	9m22.622s
user	9m21.351s
sys	0m0.345s
instance 12
Computing answer sets
Answer set generation time: 4.029505252838135 s
number of sums: 382
number of prods: 5362
Starting optimization
     fun: 10.477070106250071
     jac: array([1., 1., 1., 1., 1., 1., 1., 1., 1., 1., 1., 1.])
 message: 'Optimization terminated successfully'
    nfev: 15
     nit: 10
    njev: 10
  status: 0
 success: True
       x: array([0.84308918, 0.90308918, 0.84308918, 0.90308918, 0.84308918,
       0.90308918, 0.84308918, 0.90308918, 0.84308918, 0.90308918,
       0.84308918, 0.90308918])
Optimization time: 805.5088446140289 s
Target equation: 0.7000001372216674
Sum of optimizable facts = 10.477070106250071
Optimal probabilities
[0.84308918 0.90308918 0.84308918 0.90308918 0.84308918 0.90308918
 0.84308918 0.90308918 0.84308918 0.90308918 0.84308918 0.90308918]

real	13m31.068s
user	13m29.412s
sys	0m0.489s
instance 13
Computing answer sets
Answer set generation time: 4.645705699920654 s
number of sums: 382
number of prods: 5362
Starting optimization
     fun: 11.405971286796758
     jac: array([1., 1., 1., 1., 1., 1., 1., 1., 1., 1., 1., 1., 1.])
 message: 'Optimization terminated successfully'
    nfev: 15
     nit: 10
    njev: 10
  status: 0
 success: True
       x: array([0.8496901, 0.9096901, 0.8496901, 0.9096901, 0.8496901, 0.9096901,
       0.8496901, 0.9096901, 0.8496901, 0.9096901, 0.8496901, 0.9096901,
       0.8496901])
Optimization time: 1185.0159785747528 s
Target equation: 0.7000000782794203
Sum of optimizable facts = 11.405971286796758
Optimal probabilities
[0.8496901 0.9096901 0.8496901 0.9096901 0.8496901 0.9096901 0.8496901
 0.9096901 0.8496901 0.9096901 0.8496901 0.9096901 0.8496901]

real	19m51.183s
user	19m49.032s
sys	0m0.584s
instance 14
Computing answer sets
Answer set generation time: 4.065165281295776 s
number of sums: 382
number of prods: 5362
Starting optimization
     fun: 12.424649222069828
     jac: array([1., 1., 1., 1., 1., 1., 1., 1., 1., 1., 1., 1., 1., 1.])
 message: 'Optimization terminated successfully'
    nfev: 15
     nit: 10
    njev: 10
  status: 0
 success: True
       x: array([0.85747494, 0.91747494, 0.85747494, 0.91747494, 0.85747494,
       0.91747494, 0.85747494, 0.91747494, 0.85747494, 0.91747494,
       0.85747494, 0.91747494, 0.85747494, 0.91747494])
Optimization time: 1387.0720701217651 s
Target equation: 0.7000000453232968
Sum of optimizable facts = 12.424649222069828
Optimal probabilities
[0.85747494 0.91747494 0.85747494 0.91747494 0.85747494 0.91747494
 0.85747494 0.91747494 0.85747494 0.91747494 0.85747494 0.91747494
 0.85747494 0.91747494]

real	23m12.661s
user	23m10.381s
sys	0m0.551s
Ended at: 
Mon Dec 11 11:47:30 CET 2023
